do run
loading script "jan_unknown120_60.py"
loading script "jan_pump_ms.py"
loading script "jan_co2.py"
loading script "jan_pump_extraction_line.py"
testing...
no interpolation path defined
executed snippet estimated_duration=213.652928, duration=0.000185966491699
script duration name:unknown120_60 seconds:214.0
loading script "jan_unknown120_60.py"
loading script "jan_pump_ms.py"
loading script "jan_co2.py"
loading script "jan_pump_extraction_line.py"
testing...
no interpolation path defined
executed snippet estimated_duration=0, duration=1.90734863281e-05
loading script "jan_unknown120_60.py"
loading script "jan_pump_ms.py"
loading script "jan_co2.py"
loading script "jan_pump_extraction_line.py"
testing...
no interpolation path defined
calculate duration
testing...
no interpolation path defined
executed snippet estimated_duration=0, duration=4.79221343994e-05
calculate duration
testing...
no interpolation path defined
executed snippet estimated_duration=0, duration=0.000102043151855
executed snippet estimated_duration=0.0, duration=0.00216197967529
script duration name:co2 seconds:0.0
loading script "jan_unknown120_60.py"
loading script "jan_pump_ms.py"
loading script "jan_co2.py"
loading script "jan_pump_extraction_line.py"
testing...
no interpolation path defined
calculate duration
testing...
no interpolation path defined
executed snippet estimated_duration=4.0, duration=0.000112056732178
executed snippet estimated_duration=4.0, duration=0.000958919525146
Script duration 214.0
Run total estimated duration= 215.000
run duration: 0:03:35
doing event level: 2
10:25:02 -- Setting default integration. t=1.048576
setting integration time = 1.048576
SetIntegrationTime 1.048576 ===>> OK
----------------- start -----------------
**************** Experiment Type: Ar/Ar, Ar/Ar
$$$$$ Clearing conditionals
adding conditionals 
Add queue conditionals
add default conditionals
adding default conditionals from /Users/jan/PychronDev/setupfiles/spectrometer/default_conditionals.yaml
Start automated run 65552-25
loading script "jan_unknown120_60.py"
loading script "jan_pump_ms.py"
loading script "jan_co2.py"
loading script "jan_pump_extraction_line.py"
%%%%%%%%%%%%%%%%%% setting automated run 65552-25
No value "sensitivity_multiplier" in metadata
$$$$$$$$$$$$$$$ auto_save_detector_ic=False
============================= Pre Extraction Check =============================
loading queue conditionals pre_run_terminations
loading system conditionals pre_run_terminations
loading conditionals from /Users/jan/PychronDev/setupfiles/spectrometer/default_conditionals.yaml
10:25:02 -- ******* Pre Extraction Check *******
Get a measurement from the spectrometer
GetData ===>> H2,-0.254720230508222,H1,-0.0164984569188007,AX,-0.042599937661721,L1,0.0143494058852915,L2,-0.01...
Pre Extraction Termination data. keys=H2,H1,AX,L1,L2,CDD, signals=-0.25472,-0.01650,-0.04260,0.01435,-0.01422,0.00372
10:25:02 -- testing system defined conditionals
Checking default pre extraction terminations n=2
testing CDD
evaluate ot="CDD.inactive" t="CDD", ctx="{'CDD': False}"
GetDeflection CDD ===>> 50
testing CDD==2000
evaluate ot="CDD.deflection==2000" t="CDD==2000", ctx="{'CDD': 50.0}"
10:25:02 -- ******* Pre Extraction Check Passed *******
=================================================================================
10:25:02 -- stopping status monitor
stop 4984189200
Alive clients [4991693744]
10:25:02 -- starting status monitor
start 4984189200
Monitor already running
start extraction
do extraction
Analysis started at 10:25:02.617421
Extraction Started jan_co2.py
10:25:02 -- ******* Extraction Started jan_co2.py *******
state changed from not run to extraction
DO EXTRACTION <pychron.extraction_line.pyscript_runner.RemotePyScriptRunner object at 0x12c301530>
testing...
no interpolation path defined
calculate duration
testing...
no interpolation path defined
executed snippet estimated_duration=0, duration=4.81605529785e-05
calculate duration
testing...
no interpolation path defined
executed snippet estimated_duration=0, duration=9.70363616943e-05
executed snippet estimated_duration=100.0, duration=0.00290083885193
Jan CO2 laser analysis
doing GOSUB
testing...
no interpolation path defined
executed snippet estimated_duration=0, duration=4.41074371338e-05
Waiting for CO2 access
wait ('FelixCO2Flag', 0) {}
waiting for FelixCO2Flag = 0
Read FelixCO2Flag ===>> 0
finished waiting
CO2 free
wait ('CO2PumpTimeFlag', 0) {}
waiting for CO2PumpTimeFlag = 0
Read CO2PumpTimeFlag ===>> 0
finished waiting
acquire ('JanCO2Flag',) {'clear': True}
acquire JanCO2Flag
Set JanCO2Flag 1 ===>> OK
JanCO2Flag acquired
set extraction state False (0.75, 'red', 1.5)
CO2 acquired
executed snippet estimated_duration=0, duration=0.0174551010132
WaitForCO2Access.py completed successfully
gosub finished
doing GOSUB
testing...
no interpolation path defined
executed snippet estimated_duration=0, duration=0.000101089477539
Prepare for CO2 analysis
close () {'description': 'Jan Inlet'}
closing name=--- desc=Jan Inlet
checking ownership. requestor=129.138.12.150
check software interlocks R
interlocks []
actuate state mode=None-script, software_lock=False
doing actuation None-script close_channel False
Close R ===>> OK
GetIndicatorState R ===>> False
change switch state (True, True)
update switch state R False args=() kw={} ncanvase=2
10:25:03 -- CLOSE  VALVE-R (Jan Inlet)
---------------------------------------- close None (Jan Inlet) result=[(True, True)]
action=close, ok=True, locked=[False]
open () {'description': 'Jan Ion Pump'}
opening name=--- desc=Jan Ion Pump
checking ownership. requestor=129.138.12.150
check software interlocks O
interlocks []
actuate state mode=None-script, software_lock=False
doing actuation None-script open_channel False
Open O ===>> OK
GetIndicatorState O ===>> OK
change switch state (True, True)
update switch state O True args=() kw={} ncanvase=2
10:25:03 -- OPEN   VALVE-O (Jan Ion Pump)
---------------------------------------- open None (Jan Ion Pump) result=[(True, True)], time=0.09 sec
action=open, ok=True, locked=[False]
close () {'description': 'Microbone to Minibone'}
closing name=--- desc=Microbone to Minibone
checking ownership. requestor=129.138.12.150
check software interlocks L
interlocks []
actuate state mode=None-script, software_lock=False
doing actuation None-script close_channel False
Close L ===>> OK
GetIndicatorState L ===>> False
change switch state (True, True)
update switch state L False args=() kw={} ncanvase=2
10:25:04 -- CLOSE  VALVE-L (Microbone to Minibone)
---------------------------------------- close None (Microbone to Minibone) result=[(True, True)]
action=close, ok=True, locked=[False]
open () {'description': 'Microbone to Turbo'}
opening name=--- desc=Microbone to Turbo
checking ownership. requestor=129.138.12.150
check software interlocks U
interlocks []
actuate state mode=None-script, software_lock=False
doing actuation None-script open_channel False
Open U ===>> OK
GetIndicatorState U ===>> OK
change switch state (True, True)
update switch state U True args=() kw={} ncanvase=2
10:25:04 -- OPEN   VALVE-U (Microbone to Turbo)
---------------------------------------- open None (Microbone to Turbo) result=[(True, True)], time=0.12 sec
action=open, ok=True, locked=[False]
open () {'description': 'Microbone to Inlet Pipette'}
opening name=--- desc=Microbone to Inlet Pipette
checking ownership. requestor=129.138.12.150
check software interlocks S
interlocks []
actuate state mode=None-script, software_lock=False
doing actuation None-script open_channel False
Open S ===>> OK
GetIndicatorState S ===>> OK
change switch state (True, True)
update switch state S True args=() kw={} ncanvase=2
10:25:05 -- OPEN   VALVE-S (Microbone to Inlet Pipette)
---------------------------------------- open None (Microbone to Inlet Pipette) result=[(True, True)], time=0.39 sec
action=open, ok=True, locked=[False]
open () {'description': 'Microbone to Getter D-50'}
opening name=--- desc=Microbone to Getter D-50
checking ownership. requestor=129.138.12.150
check software interlocks K
interlocks []
actuate state mode=None-script, software_lock=False
doing actuation None-script open_channel False
Open K ===>> OK
GetIndicatorState K ===>> OK
change switch state (True, True)
update switch state K True args=() kw={} ncanvase=2
10:25:05 -- OPEN   VALVE-K (Microbone to Getter D-50)
---------------------------------------- open None (Microbone to Getter D-50) result=[(True, True)], time=0.40 sec
action=open, ok=True, locked=[False]
open () {'description': 'Microbone to Getter NP-10'}
opening name=--- desc=Microbone to Getter NP-10
checking ownership. requestor=129.138.12.150
check software interlocks M
interlocks []
actuate state mode=None-script, software_lock=False
doing actuation None-script open_channel False
Open M ===>> OK
GetIndicatorState M ===>> OK
change switch state (True, True)
update switch state M True args=() kw={} ncanvase=2
10:25:06 -- OPEN   VALVE-M (Microbone to Getter NP-10)
---------------------------------------- open None (Microbone to Getter NP-10) result=[(True, True)], time=0.13 sec
action=open, ok=True, locked=[False]
close () {'description': 'CO2 Laser to Felix'}
closing name=--- desc=CO2 Laser to Felix
checking ownership. requestor=129.138.12.150
check software interlocks F
interlocks []
actuate state mode=None-script, software_lock=True
VALVE-F(CO2 Laser to Felix) software locked
change switch state (True, False)
---------------------------------------- close None (CO2 Laser to Felix) result=[(True, False)]
action=close, ok=True, locked=[True]
open () {'description': 'CO2 Laser to Jan'}
opening name=--- desc=CO2 Laser to Jan
checking ownership. requestor=129.138.12.150
check software interlocks A
interlocks []
actuate state mode=None-script, software_lock=False
doing actuation None-script open_channel False
Open A ===>> OK
GetIndicatorState A ===>> OK
change switch state (True, True)
update switch state A True args=() kw={} ncanvase=2
10:25:06 -- OPEN   VALVE-A (CO2 Laser to Jan)
---------------------------------------- open None (CO2 Laser to Jan) result=[(True, True)], time=0.12 sec
action=open, ok=True, locked=[False]
open () {'description': 'Microbone to CO2 Laser'}
opening name=--- desc=Microbone to CO2 Laser
checking ownership. requestor=129.138.12.150
check software interlocks T
interlocks []
actuate state mode=None-script, software_lock=False
doing actuation None-script open_channel False
Open T ===>> OK
GetIndicatorState T ===>> OK
change switch state (True, True)
update switch state T True args=() kw={} ncanvase=2
10:25:07 -- OPEN   VALVE-T (Microbone to CO2 Laser)
---------------------------------------- open None (Microbone to CO2 Laser) result=[(True, True)], time=0.40 sec
action=open, ok=True, locked=[False]
executed snippet estimated_duration=0, duration=4.74523711205
PrepareForCO2Analysis.py completed successfully
gosub finished
set_motor ('beam', '1.25') {}
setting motor "beam" to 1.25
set motor beam to 1.25
SetMotor beam,1.25 ===>> OK
GetMotorMoving beam ===>> False
GetMotorMoving beam ===>> False
Block completed
move_to_position ('167',) {'autocenter': True}
FusionsCO2 move to position 167
sending GoToHole 167,True
GoToHole 167,True ===>> OK
GetDriveMoving ===>> OK
GetDriveMoving ===>> OK
GetDriveMoving ===>> OK
GetDriveMoving ===>> OK
GetDriveMoving ===>> OK
GetDriveMoving ===>> OK
GetDriveMoving ===>> False
GetDriveMoving ===>> OK
GetDriveMoving ===>> OK
GetDriveMoving ===>> OK
GetDriveMoving ===>> OK
GetDriveMoving ===>> OK
GetDriveMoving ===>> OK
GetDriveMoving ===>> OK
GetDriveMoving ===>> False
Block completed
GetAutoCorrecting ===>> False
GetAutoCorrecting ===>> False
Block completed
update position
GetPosition ===>> 11.96340,-5.98170,1.00000
got position (11.9634, -5.9817, 1.0)
move to position succeeded
sleep (5,) {}
SLEEP 5.0
block started
WaitControl setup for 5.0  
Join finished
block finished. duration 5.01132082939
close () {'description': 'Microbone to Turbo'}
closing name=--- desc=Microbone to Turbo
checking ownership. requestor=129.138.12.150
check software interlocks U
interlocks []
actuate state mode=None-script, software_lock=False
doing actuation None-script close_channel True
Close U ===>> OK
GetIndicatorState U ===>> False
change switch state (True, True)
update switch state U False args=() kw={} ncanvase=2
10:25:19 -- CLOSE  VALVE-U (Microbone to Turbo)
---------------------------------------- close None (Microbone to Turbo) result=[(True, True)]
action=close, ok=True, locked=[False]
enable laser
enable () {}
set extraction state FusionsCO2 Enabled (False, 'red', 1.5)
enabling laser
Enable ===>> OK
begin interval
BEGIN INTERVAL Interval 1 waiting for 30.0
block started
set extract to 5.0
WaitControl setup for 30.0  
extract (5.0,) {}
GetPosition ===>> 11.96340,-5.98170,1.00000
set extraction state FusionsCO2 ON! 5.0(watts) (0.75, 'red', 1.5)
extract sample to 5.0 (watts)
set laser output
SetLaserOutput 5.0,watts ===>> OK
executing pattern triangle.lp
execute_pattern ('triangle.lp',) {}
executing pattern triangle.lp
IsPatterning ===>> OK
IsPatterning ===>> OK
IsPatterning ===>> OK
IsPatterning ===>> OK
IsPatterning ===>> OK
IsPatterning ===>> OK
IsPatterning ===>> OK
IsPatterning ===>> OK
IsPatterning ===>> OK
IsPatterning ===>> OK
IsPatterning ===>> OK
IsPatterning ===>> OK
IsPatterning ===>> OK
IsPatterning ===>> OK
IsPatterning ===>> OK
IsPatterning ===>> OK
IsPatterning ===>> OK
IsPatterning ===>> OK
IsPatterning ===>> OK
IsPatterning ===>> OK
IsPatterning ===>> OK
IsPatterning ===>> OK
IsPatterning ===>> OK
IsPatterning ===>> OK
IsPatterning ===>> OK
IsPatterning ===>> OK
IsPatterning ===>> OK
IsPatterning ===>> OK
IsPatterning ===>> False
Join finished
block finished. duration 30.0727901459
Interval 1 finished
IsPatterning ===>> False
Block completed
COMPLETE INTERVAL waiting for Interval 1 to complete
end_extract () {}
ending extraction. set laser power to 0
set laser power 0
SetLaserPower 0 ===>> OK
disable () {}
%%%%%%%%%%%%%%%%%%%%%%%%%%%%%%%%%%% disable
set extraction state False (0.75, 'red', 1.5)
disabling laser
Disable ===>> OK
sleep (30.0,) {}
SLEEP 30.0
block started
WaitControl setup for 30.0  
Join finished
block finished. duration 30.0512230396
executed snippet estimated_duration=165.0, duration=78.0329380035
jan_co2.py completed successfully
GetAchievedOutput ===>> No Response
Requested Output= 0.000
Achieved Output=  0.000
GetResponseBlob ===>> No Response
GetOutputBlob ===>> No Response
persistence save...
persistence save - db
AutomatedRunPersister post_extraction_save deprecated
persistence save - dvc
no extraction position for 167
create new session 4991427888
close session 4991427888
Extraction Finished
10:26:20 -- ******* Extraction Finished *******
no overlap. not waiting for min ms pumptime
10:26:20 -- Sending spectrometer configuration
======== Sending configuration ========
SetDeflection CDD,50.0 ===>> OK
SetDeflection H2,0.0 ===>> OK
SetDeflection H1,0.0 ===>> OK
SetDeflection L2,825.0 ===>> OK
SetDeflection L1,400.0 ===>> OK
SetDeflection AX,190.0 ===>> OK
SetZFocus 74.64 ===>> OK
SetZSymmetry -50.72 ===>> OK
SetExtractionLens 26.13 ===>> OK
SetIonRepeller -3.81 ===>> OK
SetElectronEnergy 75.08 ===>> OK
SetYSymmetry -2.81 ===>> OK
SetIonCounterVoltage 1590.0 ===>> OK
send trap current 200.0
GetParameter Trap Current Readback ===>> 198.035158395898
SetParameter Trap Current Set,200.0 ===>> OK
updating mftable name mftable
Using mftable located at /Users/jan/PychronDev/setupfiles/spectrometer/mftables/mftable.csv
============ MFtable ===========
Isotope  H2     H1     AX     L1     L2     CDD    
Ar40     5.7968 5.8796 5.9930 6.1368 6.2313 6.3650
Ar39     5.6961 5.7719 5.8855 6.0228 6.1164 6.2515
Ar36     5.3736 5.4409 5.5488 5.6817 5.7714 5.9026
================================
get initial guess parabolic
get initial guess parabolic
get initial guess parabolic
get initial guess parabolic
get initial guess parabolic
get initial guess parabolic
======== Configuration Finished ========
GetYSymmetry ===>> -2.81
GetZSymmetry ===>> -50.72
GetParameter Trap Current Readback ===>> 198.035158395898
GetHighVoltage ===>> 4500
start measurement
do measurement
L#=65552 analysis type=unknown
Measurement Started jan_unknown120_60.py
10:26:20 -- ******* Measurement Started jan_unknown120_60.py *******
state changed from extraction to measurement
setting spec, defl, and gains
GetExtractionLens ===>> 26.13
GetYSymmetry ===>> -2.81
GetZSymmetry ===>> -50.72
GetZFocus ===>> 74.64
GetDeflection H2 ===>> 0
GetDeflection H1 ===>> 0
GetDeflection AX ===>> 190
GetDeflection L1 ===>> 400
GetDeflection L2 ===>> 825
GetDeflection CDD ===>> 50
GetGain H2 ===>> 0.0113
GetGain H1 ===>> 0.1
GetGain AX ===>> 0.097049
GetGain L1 ===>> 0.010355
GetGain L2 ===>> 0.095649
GetGain CDD ===>> 0
pre measurement save
New frame /Users/jan/PychronDev/data/isotopes/27/9014ec-29cd-4a5b-a9f1-2e78dab84943.h5
flush and close file /Users/jan/PychronDev/data/isotopes/27/9014ec-29cd-4a5b-a9f1-2e78dab84943.h5
testing...
no interpolation path defined
executed snippet estimated_duration=226.132928, duration=0.0001540184021
unknown measurement script
activate_detectors ('H2', 'H1', 'AX', 'L1', 'L2', 'CDD') {}
activate detectors
*************** Set Analysis View Ar/Ar
create graphs
clearing graphs
clear isotope group
setting isotope det=H2, iso=PM41
setting isotope det=H1, iso=Ar40
setting isotope det=AX, iso=Ar39
setting isotope det=L1, iso=Ar38
setting isotope det=L2, iso=Ar37
setting isotope det=CDD, iso=Ar36
setting previous blanks
 - setting Ar40 blank 0.182+/-0.007
 - setting Ar36 blank 0.00492+/-0.00017
 - setting Ar37 blank 0.053+/-0.005
 - setting Ar38 blank 0.0165+/-0.0021
 - setting PM41 blank 0.02+/-0.06
 - setting Ar39 blank 0.042+/-0.010
load analysis view
position_magnet ('Ar40',) {'detector': 'H1'}
detector Detector(H1)
POSITION Ar40 H1
setting detector H2 to PM41 (40.9624)
setting detector H1 to Ar40 (39.9624)
setting detector AX to Ar39 (38.9624)
setting detector L1 to Ar38 (37.9624)
setting detector L2 to Ar37 (36.9624)
setting detector CDD to Ar36 (35.9624)
Mapping mass to dac mass func: "parabolic"
H1 map mass coeffs = [-0.00063987  0.15840543  0.57120999]
H1 map mass to dac 39.9624 >> 5.8796
GetDeflection H1 ===>> 0
GetHighVoltage ===>> 4500
positioning Ar40 (5.8796) on H1
setting magnet DAC
current  : 5.879600
requested: 5.879600
Delta Dac: 0.000000
Checking detector protection. dv=0.00000
Checking detector "CDD". Protection Threshold: 0.1 (V)
SetMagnetDAC 5.8796 ===>> OK
equilibrate () {'delay': 3, 'inlet': 'R', 'outlet': 'O', 'eqtime': 12.0}
Equilibration Started
10:26:21 -- ******* Equilibration Started *******
checking ownership. requestor=129.138.12.150
check software interlocks O
interlocks []
actuate state mode=None-script, software_lock=False
doing actuation None-script close_channel True
Close O ===>> OK
update labels <pychron.experiment.plot_panel.PlotPanel object at 0x1c4474d70>
update labels "<pychron.graph.stacked_regression_graph.StackedRegressionGraph object at 0x1b956a2f0>"
setting label 0 H2 PM41
setting label 1 H1 Ar40
setting label 2 AX Ar39
setting label 3 L1 Ar38
setting label 4 L2 Ar37
setting label 5 CDD Ar36
update labels "<pychron.graph.stacked_graph.StackedGraph object at 0x1c1fe9230>"
setting label 0 H2 PM41
setting label 1 H1 Ar40
setting label 2 AX Ar39
setting label 3 L1 Ar38
setting label 4 L2 Ar37
setting label 5 CDD Ar36
GetIndicatorState O ===>> False
change switch state (True, True)
update switch state O False args=() kw={} ncanvase=2
10:26:21 -- CLOSE  VALVE-O (Jan Ion Pump)
waiting 3s before opening inlet value ('R',)
checking ownership. requestor=129.138.12.150
check software interlocks R
interlocks []
actuate state mode=None-script, software_lock=False
doing actuation None-script open_channel True
Open R ===>> OK
GetIndicatorState R ===>> OK
change switch state (True, True)
update switch state R True args=() kw={} ncanvase=2
10:26:25 -- OPEN   VALVE-R (Jan Inlet)
equilibrating for 12.0sec
set_time_zero () {}
sniff (12.0,) {}
py_sniff
build tables- sniff [Detector(H2), Detector(H1), Detector(AX), Detector(L1), Detector(L2), Detector(CDD)]
add group /sniff/PM41 (Group) '' table H2
add group /sniff/Ar40 (Group) '' table H1
add group /sniff/Ar39 (Group) '' table AX
add group /sniff/Ar38 (Group) '' table L1
add group /sniff/Ar37 (Group) '' table L2
add group /sniff/Ar36 (Group) '' table CDD
flush and close file /Users/jan/PychronDev/data/isotopes/27/9014ec-29cd-4a5b-a9f1-2e78dab84943.h5
measuring sniff. ncounts=12.0
"sniff" increment series count="1" fit count="0" regressing="False"
starting measurement
GetData ===>> H2,0.273576832251045,H1,115.443998389357,AX,24.9661285185075,L1,0.0783930954213992,L2,0.326956663...
GetData ===>> H2,1.08051101846933,H1,619.005407709364,AX,128.908860299569,L1,0.76698973614197,L2,0.823431269611...
GetData ===>> H2,0.437286375244161,H1,843.44854534451,AX,170.122995805002,L1,1.49410987717625,L2,0.893695944769...
GetData ===>> H2,0.186213273033469,H1,916.587196233132,AX,182.251559247092,L1,1.90147179453365,L2,0.73510106958...
GetData ===>> H2,0.0455716468870258,H1,943.857922819238,AX,186.194280639751,L1,2.11866387962188,L2,0.7288883867...
GetData ===>> H2,-0.118520533771709,H1,955.302543901832,AX,187.838006482265,L1,2.20314167192149,L2,0.8645148147...
GetData ===>> H2,-0.0779044587326723,H1,959.847018429896,AX,188.728759769137,L1,2.25046056262522,L2,0.703698532...
GetData ===>> H2,0.000504605725636932,H1,962.207881678511,AX,188.978336575731,L1,2.34914180436641,L2,0.84262047...
GetData ===>> H2,-0.0171884533095681,H1,963.529223409919,AX,188.950444691376,L1,2.38450191242318,L2,0.846602975...
GetData ===>> H2,0.0263600007219232,H1,963.45696271061,AX,188.972460653066,L1,2.40217509092701,L2,0.83079983815...
GetData ===>> H2,-0.050954545094309,H1,963.609681499006,AX,189.257031553206,L1,2.40182594227006,L2,0.8455844473...
Equilibration Finished
10:26:37 -- ******* Equilibration Finished *******
checking ownership. requestor=129.138.12.150
check software interlocks R
interlocks []
actuate state mode=None-script, software_lock=False
doing actuation None-script close_channel True
GetData ===>> H2,-0.0905191619348764,H1,963.72139287234,AX,189.275995883396,L1,2.42751956000618,L2,0.7924872738...
Close R ===>> OK
State checksums do not match. Local:791095252 Remote:1466587775
State checksum failed
GetIndicatorState R ===>> False
change switch state (True, True)
update switch state R False args=() kw={} ncanvase=2
10:26:37 -- CLOSE  VALVE-R (Jan Inlet)
Post Equilibration Started jan_pump_extraction_line.py
10:26:37 -- ******* Post Equilibration Started jan_pump_extraction_line.py *******
testing...
no interpolation path defined
calculate duration
testing...
no interpolation path defined
executed snippet estimated_duration=4.0, duration=0.000149965286255
executed snippet estimated_duration=4.0, duration=0.0174281597137
Pump after analysis
doing GOSUB
testing...
no interpolation path defined
executed snippet estimated_duration=4.0, duration=0.000126123428345
Pump Microbone
close () {'description': 'Jan Inlet'}
closing name=--- desc=Jan Inlet
checking ownership. requestor=129.138.12.150
check software interlocks R
interlocks []
actuate state mode=None-script, software_lock=False
doing actuation None-script close_channel False
Close R ===>> OK
measurement finished
estimated time: 12.583 actual time: :12.651
flush and close file /Users/jan/PychronDev/data/isotopes/27/9014ec-29cd-4a5b-a9f1-2e78dab84943.h5
set_fits () {}
using default fits file=/Users/jan/PychronDev/scripts/measurement/fits/nominal_linear.yaml
GetIndicatorState R ===>> False
change switch state (True, True)
set "Ar40" to "('Linear', 'SEM')"
update switch state R False args=() kw={} ncanvase=2
No fit for "PM41". defaulting to linear. check the measurement script "jan_unknown120_60.py"
set "PM41" to "linear"
set "Ar36" to "('Linear', 'SEM')"
set "Ar37" to "('linear', 'SEM')"
set "Ar38" to "('linear', 'SEM')"
set "Ar39" to "('Linear', 'SEM')"
set_baseline_fits () {}
10:26:38 -- CLOSE  VALVE-R (Jan Inlet)
using default fits file=/Users/jan/PychronDev/scripts/measurement/fits/nominal_linear.yaml
---------------------------------------- close None (Jan Inlet) result=[(True, True)]
set "H1" to "('average', 'SEM')"
set "H2" to "('average', 'SEM')"
set "CDD" to "('average', 'SEM')"
set "L2" to "('average', 'SEM')"
set "L1" to "('average', 'SEM')"
set "AX" to "('average', 'SEM')"
multicollect () {'integration_time': 1, 'ncounts': 120}
build tables- signal [Detector(H2), Detector(H1), Detector(AX), Detector(L1), Detector(L2), Detector(CDD)]
add group /signal/PM41 (Group) '' table H2
add group /signal/Ar40 (Group) '' table H1
add group /signal/Ar39 (Group) '' table AX
add group /signal/Ar38 (Group) '' table L1
add group /signal/Ar37 (Group) '' table L2
add group /signal/Ar36 (Group) '' table CDD
flush and close file /Users/jan/PychronDev/data/isotopes/27/9014ec-29cd-4a5b-a9f1-2e78dab84943.h5
measuring signal. ncounts=120
"signal" increment series count="2" fit count="1" regressing="True"
action=close, ok=True, locked=[False]
is_closed ('F',) {}
is F () closed?
is closed True
open () {'description': 'CO2 Laser to Jan'}
opening name=--- desc=CO2 Laser to Jan
checking ownership. requestor=129.138.12.150
check software interlocks A
interlocks []
actuate state mode=None-script, software_lock=False
doing actuation None-script open_channel False
Open A ===>> OK
GetIndicatorState A ===>> OK
change switch state (True, True)
update switch state A True args=() kw={} ncanvase=2
10:26:38 -- OPEN   VALVE-A (CO2 Laser to Jan)
---------------------------------------- open None (CO2 Laser to Jan) result=[(True, True)], time=0.11 sec
starting measurement
GetData ===>> H2,-0.0389328242390598,H1,963.650747156489,AX,189.373088737778,L1,2.40401770066926,L2,0.761672547...
action=open, ok=True, locked=[False]
sleep (1,) {}
SLEEP 1.0
GetData ===>> H2,-0.129481926372734,H1,963.178027829886,AX,188.732369336153,L1,2.46706115126098,L2,0.7118198800...
GetData ===>> H2,-0.107591060420894,H1,962.001581971572,AX,188.801832469412,L1,2.45709698044782,L2,0.7961394512...
close () {'description': 'CO2 Laser to Roughing'}
closing name=--- desc=CO2 Laser to Roughing
checking ownership. requestor=129.138.12.150
check software interlocks G
interlocks []
actuate state mode=None-script, software_lock=True
VALVE-G(CO2 Laser to Roughing) software locked
change switch state (True, False)
---------------------------------------- close None (CO2 Laser to Roughing) result=[(True, False)]
action=close, ok=True, locked=[True]
open () {'description': 'Microbone to Turbo'}
opening name=--- desc=Microbone to Turbo
checking ownership. requestor=129.138.12.150
check software interlocks U
interlocks []
actuate state mode=None-script, software_lock=False
doing actuation None-script open_channel True
Open U ===>> OK
GetIndicatorState U ===>> OK
change switch state (True, True)
update switch state U True args=() kw={} ncanvase=2
10:26:43 -- OPEN   VALVE-U (Microbone to Turbo)
---------------------------------------- open None (Microbone to Turbo) result=[(True, True)], time=0.16 sec
action=open, ok=True, locked=[False]
open () {'description': 'Microbone to Getter NP-10'}
opening name=--- desc=Microbone to Getter NP-10
checking ownership. requestor=129.138.12.150
check software interlocks M
interlocks []
actuate state mode=None-script, software_lock=False
doing actuation None-script open_channel False
Open M ===>> OK
GetIndicatorState M ===>> OK
change switch state (True, True)
update switch state M True args=() kw={} ncanvase=2
10:26:43 -- OPEN   VALVE-M (Microbone to Getter NP-10)
---------------------------------------- open None (Microbone to Getter NP-10) result=[(True, True)], time=0.12 sec
GetData ===>> H2,-0.207212943179109,H1,962.165623823346,AX,188.885577454029,L1,2.42704353066063,L2,0.8543166745...
action=open, ok=True, locked=[False]
open () {'description': 'Microbone to Getter D-50'}
opening name=--- desc=Microbone to Getter D-50
checking ownership. requestor=129.138.12.150
check software interlocks K
interlocks []
actuate state mode=None-script, software_lock=False
doing actuation None-script open_channel False
Open K ===>> OK
GetIndicatorState K ===>> OK
change switch state (True, True)
update switch state K True args=() kw={} ncanvase=2
10:26:44 -- OPEN   VALVE-K (Microbone to Getter D-50)
---------------------------------------- open None (Microbone to Getter D-50) result=[(True, True)], time=0.46 sec
action=open, ok=True, locked=[False]
open () {'description': 'Microbone to CO2 Laser'}
opening name=--- desc=Microbone to CO2 Laser
checking ownership. requestor=129.138.12.150
check software interlocks T
interlocks []
actuate state mode=None-script, software_lock=False
doing actuation None-script open_channel False
GetData ===>> H2,-0.184285981088251,H1,961.596476909873,AX,188.881258321954,L1,2.40634691100928,L2,0.7575181235...
Open T ===>> OK
set states for children of V. state=True
handle state [('V', True)]
update switch state V True args=() kw={'refresh': False} ncanvase=2
refresh_canvas_needed fired
GetIndicatorState T ===>> OK
change switch state (True, True)
update switch state T True args=() kw={} ncanvase=2
10:26:45 -- OPEN   VALVE-T (Microbone to CO2 Laser)
---------------------------------------- open None (Microbone to CO2 Laser) result=[(True, True)], time=0.40 sec
action=open, ok=True, locked=[False]
open () {'description': 'Microbone to Inlet Pipette'}
opening name=--- desc=Microbone to Inlet Pipette
checking ownership. requestor=129.138.12.150
check software interlocks S
interlocks []
actuate state mode=None-script, software_lock=False
doing actuation None-script open_channel False
Open S ===>> OK
GetIndicatorState S ===>> OK
change switch state (True, True)
update switch state S True args=() kw={} ncanvase=2
10:26:45 -- OPEN   VALVE-S (Microbone to Inlet Pipette)
---------------------------------------- open None (Microbone to Inlet Pipette) result=[(True, True)], time=0.40 sec
GetData ===>> H2,-0.176389325048137,H1,961.031271787464,AX,188.633156073035,L1,2.39294607149948,L2,0.6964242193...
action=open, ok=True, locked=[False]
sleep (1,) {}
SLEEP 1.0
set_resource () {'name': 'CO2PumpTimeFlag', 'value': 30}
GetData ===>> H2,-0.0948271275378627,H1,960.365127032472,AX,188.500314043346,L1,2.40900446414903,L2,0.879476335...
Set CO2PumpTimeFlag 30 ===>> OK
release ('JanCO2Flag',) {}
release JanCO2Flag
Set JanCO2Flag 0 ===>> OK
executed snippet estimated_duration=6.0, duration=9.27205491066
PumpMicrobone.py completed successfully
gosub finished
get_resource_value () {'name': 'JanMiniboneFlag'}
Read JanMiniboneFlag ===>> 0
Get Resource Value JanMiniboneFlag=0.0
get resource value 0.0
get_resource_value () {'name': 'JanMiniboneFlag'}
Read JanMiniboneFlag ===>> 0
Get Resource Value JanMiniboneFlag=0.0
executed snippet estimated_duration=4.0, duration=9.29600691795
jan_pump_extraction_line.py completed successfully
Post Equilibration Finished
10:26:47 -- ******* Post Equilibration Finished *******
GetData ===>> H2,-0.112395612591034,H1,960.218389098142,AX,188.613830363784,L1,2.38587080556305,L2,0.8164293648...
GetData ===>> H2,-0.0565200505250793,H1,960.049511333214,AX,188.33338749059,L1,2.37039590668329,L2,0.7910791045...
GetData ===>> H2,-0.119513526105259,H1,959.108560359726,AX,188.250340372359,L1,2.38079868265489,L2,0.7232138011...
GetData ===>> H2,-0.196666726744541,H1,959.186637456316,AX,188.31987847897,L1,2.38992612127077,L2,0.79575018439...
GetData ===>> H2,-0.112227760028303,H1,959.489974592448,AX,188.118552319157,L1,2.38698214705694,L2,0.8540076568...
GetData ===>> H2,-0.218025786025578,H1,959.326977835012,AX,188.108171077956,L1,2.40061340613344,L2,0.8324132181...
GetData ===>> H2,-0.177811993417726,H1,958.699710459846,AX,188.071921005857,L1,2.37868999601265,L2,0.8388555659...
GetData ===>> H2,-0.228731759846237,H1,958.005939381326,AX,187.946752510561,L1,2.39915531284566,L2,0.7564881288...
GetData ===>> H2,-0.239568292377796,H1,957.412617071651,AX,187.769317327909,L1,2.39932313165609,L2,0.7885833756...
GetData ===>> H2,-0.0905991044652154,H1,956.979104138669,AX,187.543414284006,L1,2.40715835220381,L2,0.852565587...
GetData ===>> H2,-0.16596949737747,H1,956.397942205985,AX,187.712784606197,L1,2.38949514947786,L2,0.88450218852...
GetData ===>> H2,-0.0640092429316881,H1,955.639286126192,AX,187.703828256054,L1,2.37972282753295,L2,0.836235091...
GetData ===>> H2,-0.0659163487226182,H1,955.790469181862,AX,187.803043491316,L1,2.3742036310923,L2,0.8467746386...
GetData ===>> H2,-0.205296670571828,H1,955.345172156491,AX,187.569920476087,L1,2.40599628975644,L2,0.7236828569...
GetData ===>> H2,-0.157413789809507,H1,954.697325538889,AX,187.376671590633,L1,2.373162349462,L2,0.756900125440...
GetData ===>> H2,-0.178675765564112,H1,954.701029000893,AX,187.461989303565,L1,2.38467771193641,L2,0.8305252229...
GetData ===>> H2,-0.137129871943808,H1,954.083910546812,AX,187.484898671389,L1,2.35993599317394,L2,0.7752243146...
10:27:06 -- collecting point 25
GetData ===>> H2,-0.0998456090794984,H1,953.744684803228,AX,187.170786632205,L1,2.36076964065893,L2,0.819117944...
GetData ===>> H2,-0.0964022431213992,H1,953.464763619652,AX,187.036079806128,L1,2.35581557256051,L2,0.754130627...
GetData ===>> H2,-0.123333166465494,H1,953.331312817766,AX,187.34458821695,L1,2.36838522879584,L2,0.76714338550...
GetData ===>> H2,-0.175903363212891,H1,953.086898055539,AX,187.207366823727,L1,2.3639908881212,L2,0.78118815596...
GetData ===>> H2,-0.217163371765895,H1,952.480043082466,AX,187.019592087955,L1,2.34662803983603,L2,0.7719277628...
GetData ===>> H2,-0.223337615375687,H1,951.979931558919,AX,186.849686162909,L1,2.31291094359971,L2,0.6870004565...
GetData ===>> H2,-0.0257312642932711,H1,951.499082141459,AX,186.972839576485,L1,2.31328696860793,L2,0.829403885...
GetData ===>> H2,-0.00411835023762512,H1,951.351608155862,AX,186.927307210455,L1,2.33137184986677,L2,0.84173931...
GetData ===>> H2,-0.125049151569784,H1,950.618025588488,AX,186.677767226058,L1,2.36895928831233,L2,0.8750116742...
GetData ===>> H2,-0.0601303397786899,H1,950.317657260089,AX,186.663248411746,L1,2.38644928002419,L2,0.746600742...
GetData ===>> H2,-0.108198509212757,H1,950.125239348151,AX,186.470748806724,L1,2.36625556287442,L2,0.8339007556...
GetData ===>> H2,-0.213400205555011,H1,949.990400160676,AX,186.66174887889,L1,2.36910817301542,L2,0.80954236826...
GetData ===>> H2,-0.210656566401421,H1,949.483285189472,AX,186.487735424463,L1,2.3339741553658,L2,0.73793867174...
GetData ===>> H2,-0.114760174955604,H1,949.109646543417,AX,186.192873401486,L1,2.32188383203117,L2,0.7321949026...
GetData ===>> H2,-0.115505850660626,H1,948.64938355012,AX,186.213052376907,L1,2.30856682780697,L2,0.69953517906...
GetData ===>> H2,-0.0652007132222758,H1,948.238254727138,AX,186.054429847898,L1,2.36915914300595,L2,0.788217035...
GetData ===>> H2,-0.0487571717905581,H1,948.345787642285,AX,186.296255888579,L1,2.36921681985258,L2,0.796128002...
GetData ===>> H2,-0.0574640984606105,H1,947.815077353691,AX,186.111362120994,L1,2.34699247406147,L2,0.756270686...
GetData ===>> H2,-0.0467480839944509,H1,947.047363292018,AX,185.873941873676,L1,2.3278195977448,L2,0.8142213537...
GetData ===>> H2,-0.139701038673348,H1,946.287172411162,AX,185.852350450243,L1,2.32840866100682,L2,0.8766601402...
GetData ===>> H2,-0.225012957369975,H1,945.819574377647,AX,185.811238264576,L1,2.33175485855382,L2,0.7897510939...
GetData ===>> H2,-0.0848503573017394,H1,945.798811019082,AX,185.761906299144,L1,2.30665685876472,L2,0.883654987...
GetData ===>> H2,-0.114745288009238,H1,945.610692234602,AX,185.619783472987,L1,2.36168779658669,L2,0.8440738411...
GetData ===>> H2,-0.195362427324228,H1,945.036160855618,AX,185.777026456474,L1,2.36990091662273,L2,0.8415676604...
GetData ===>> H2,-0.218587667417405,H1,944.938196129592,AX,185.763946430141,L1,2.36343048834377,L2,0.7579072355...
10:27:32 -- collecting point 50
GetData ===>> H2,-0.13616181590786,H1,944.2724872943,AX,185.558718947309,L1,2.37989318676856,L2,0.7632748527445...
GetData ===>> H2,-0.190640326875991,H1,944.227266990378,AX,185.559647796904,L1,2.32259836693751,L2,0.7866372099...
GetData ===>> H2,-0.172093338670018,H1,943.994779659,AX,185.360305789605,L1,2.33774191337955,L2,0.8388784525368...
GetData ===>> H2,-0.133190882464155,H1,943.90231076269,AX,185.375974833867,L1,2.34890192731358,L2,0.79529222534...
GetData ===>> H2,-0.153842950740923,H1,943.466419185352,AX,185.430169799078,L1,2.36311276211216,L2,0.7605051705...
GetData ===>> H2,-0.131666574164399,H1,942.687110577141,AX,185.381205683979,L1,2.35502374308123,L2,0.6598208285...
GetData ===>> H2,-0.212262154258712,H1,941.941040067787,AX,185.272733339059,L1,2.3134649492487,L2,0.80414267058...
GetData ===>> H2,-0.218312793679308,H1,942.075351610208,AX,185.261457567207,L1,2.33973147391329,L2,0.7998146666...
GetData ===>> H2,-0.136298376302847,H1,941.670753872269,AX,185.230011209668,L1,2.29575035419796,L2,0.8459506584...
GetData ===>> H2,-0.159539816454463,H1,941.477987468315,AX,185.04627226749,L1,2.31262324613702,L2,0.68690896827...
GetData ===>> H2,-0.124575895533267,H1,941.018113023313,AX,184.815790639844,L1,2.36184462779207,L2,0.7697301245...
GetData ===>> H2,-0.145515781697547,H1,940.411921561476,AX,184.80717627993,L1,2.3582353830292,L2,0.879980053351...
GetData ===>> H2,-0.140306570438976,H1,940.174519762784,AX,184.74329383573,L1,2.33554413391007,L2,0.76911204780...
GetData ===>> H2,-0.0852661366623925,H1,939.829476903849,AX,184.778957524518,L1,2.33542758359732,L2,0.745685294...
GetData ===>> H2,-0.0738829217788701,H1,939.38184975114,AX,184.602830107706,L1,2.32990020019011,L2,0.7709662899...
GetData ===>> H2,-0.12358199362506,H1,939.045689607643,AX,184.427277303825,L1,2.32988279329468,L2,0.73035285032...
GetData ===>> H2,-0.14427551728852,H1,938.631235345681,AX,184.333165732269,L1,2.31926425957868,L2,0.71820305483...
GetData ===>> H2,-0.192867279484958,H1,938.529157710997,AX,184.050421518385,L1,2.35674270309695,L2,0.7441977116...
GetData ===>> H2,-0.243530773015721,H1,938.408883855159,AX,184.264471739483,L1,2.33364196959143,L2,0.8438449634...
GetData ===>> H2,-0.297753595518095,H1,938.058375758654,AX,184.305658047534,L1,2.32606999422648,L2,0.6865201439...
GetData ===>> H2,-0.183271544834218,H1,937.285027327642,AX,184.264245962029,L1,2.32136736132129,L2,0.7711608729...
GetData ===>> H2,-0.173906651166387,H1,936.481139007902,AX,184.091919930977,L1,2.30541983236549,L2,0.7827335495...
GetData ===>> H2,-0.146849117289685,H1,936.380920832724,AX,184.022590868459,L1,2.31917730774362,L2,0.8378142336...
GetData ===>> H2,-0.0753794737174519,H1,936.015461388484,AX,183.852928232951,L1,2.35064282725071,L2,0.770874721...
GetData ===>> H2,-0.0669452423184702,H1,935.619611627894,AX,183.792201624634,L1,2.32703512054085,L2,0.807609064...
10:27:58 -- collecting point 75
GetData ===>> H2,-0.02983963256603,H1,935.382377850899,AX,183.756501129513,L1,2.31968163775897,L2,0.74932424941...
GetData ===>> H2,-0.120083037013146,H1,935.522809254711,AX,183.710165933448,L1,2.33044250544048,L2,0.7898999217...
GetData ===>> H2,-0.179007760453464,H1,935.201125972033,AX,183.767235377581,L1,2.32623865109847,L2,0.7353642307...
GetData ===>> H2,-0.244248016422796,H1,934.571926934515,AX,183.590222609735,L1,2.32718772785523,L2,0.7677385582...
GetData ===>> H2,-0.263601304130329,H1,933.58752378397,AX,183.716478577154,L1,2.32273351816494,L2,0.81101811168...
GetData ===>> H2,-0.24572273025362,H1,933.348642894811,AX,183.830503137356,L1,2.30523930477868,L2,0.85276015128...
GetData ===>> H2,-0.185184328789681,H1,932.713970001025,AX,183.54624923154,L1,2.31674159225052,L2,0.72692054888...
GetData ===>> H2,-0.140339008728474,H1,932.442707033234,AX,183.337759564413,L1,2.29264161741521,L2,0.7997917676...
GetData ===>> H2,-0.115136402211982,H1,932.290330836939,AX,183.274689950426,L1,2.27505290151924,L2,0.6724663451...
GetData ===>> H2,-0.0810873367439534,H1,932.264277932442,AX,183.016440002753,L1,2.26680221627889,L2,0.746841048...
GetData ===>> H2,-0.123258787723049,H1,931.95558604274,AX,183.142913973552,L1,2.26362802893616,L2,0.78106223609...
GetData ===>> H2,-0.234614446350291,H1,931.290203875159,AX,183.127292500094,L1,2.30078854673113,L2,0.8265548329...
GetData ===>> H2,-0.180766091401647,H1,931.221809981646,AX,183.048626628984,L1,2.25698890409506,L2,0.7401355826...
GetData ===>> H2,-0.0393562812221811,H1,930.992849034044,AX,182.936129399496,L1,2.26365071758014,L2,0.861607490...
GetData ===>> H2,-0.0825951327216181,H1,930.686729977492,AX,182.962230319011,L1,2.28969680050555,L2,0.718637766...
GetData ===>> H2,-0.188861955019927,H1,930.029858065654,AX,182.701649651476,L1,2.31081828006373,L2,0.7853436040...
GetData ===>> H2,-0.0421952080810736,H1,929.642484337478,AX,182.891411955342,L1,2.34033269574411,L2,0.742950448...
GetData ===>> H2,-0.125553485569656,H1,929.196956473543,AX,182.658292464646,L1,2.30310395062912,L2,0.7728091215...
GetData ===>> H2,-0.0393657816791138,H1,928.784648633624,AX,182.620273173529,L1,2.35737512499024,L2,0.692306927...
GetData ===>> H2,-0.0830827867473294,H1,928.280184338774,AX,182.582463831836,L1,2.33082548244855,L2,0.675633701...
GetData ===>> H2,-0.187436628938859,H1,927.995438640515,AX,182.319106058844,L1,2.29184351303375,L2,0.8578303896...
GetData ===>> H2,-0.244468697535903,H1,927.593601182724,AX,182.480468799241,L1,2.30732156601842,L2,0.8236944230...
GetData ===>> H2,-0.210307671102501,H1,927.362747587858,AX,182.474423008566,L1,2.32997116704293,L2,0.7960249608...
GetData ===>> H2,-0.213190112398788,H1,926.99285410273,AX,182.176072931025,L1,2.31979401145797,L2,0.76823072306...
GetData ===>> H2,-0.053747135305341,H1,926.855280237897,AX,182.343731735205,L1,2.34406259640266,L2,0.7317944535...
10:28:24 -- collecting point 100
GetData ===>> H2,-0.0942772077487365,H1,926.605558452859,AX,182.129741178428,L1,2.32293156448531,L2,0.858585797...
GetData ===>> H2,-0.0387984547916141,H1,925.855341619531,AX,181.778910130516,L1,2.30170155022207,L2,0.762256241...
GetData ===>> H2,-0.0765763024572522,H1,925.715087594714,AX,181.890875356869,L1,2.32191862106747,L2,0.811921872...
GetData ===>> H2,-0.238722854999672,H1,925.124626054567,AX,181.783217876102,L1,2.2904493061325,L2,0.73488367610...
GetData ===>> H2,-0.152209149894373,H1,924.274831954868,AX,181.820017220811,L1,2.30786325798217,L2,0.7172192403...
GetData ===>> H2,-0.0933290076933594,H1,924.064213056174,AX,181.795580755924,L1,2.3087286818579,L2,0.7678301235...
GetData ===>> H2,-0.0806334686222909,H1,923.99915559914,AX,181.653759326179,L1,2.29399598477757,L2,0.7261425776...
GetData ===>> H2,-0.211930818387723,H1,923.493273884263,AX,181.504529811681,L1,2.27528937358614,L2,0.8040281706...
GetData ===>> H2,-0.11644903998463,H1,923.345682068613,AX,181.559138839421,L1,2.26024660021423,L2,0.84331854689...
GetData ===>> H2,-0.0464616243671207,H1,922.902453717348,AX,181.59297479884,L1,2.25247810314505,L2,0.8184658139...
GetData ===>> H2,-0.0805562414968799,H1,922.936390315166,AX,181.534567298614,L1,2.24846873149062,L2,0.668144272...
GetData ===>> H2,-0.136229420269245,H1,923.065651730674,AX,181.266656508989,L1,2.26277923974356,L2,0.7737820593...
GetData ===>> H2,-0.188910496550957,H1,922.484296770447,AX,181.378733994628,L1,2.27963037942024,L2,0.7809019746...
GetData ===>> H2,-0.0718953482898167,H1,921.736852433623,AX,181.323836822569,L1,2.26064954248454,L2,0.725124360...
GetData ===>> H2,-0.0981463984334148,H1,921.432374666409,AX,181.214565239266,L1,2.28517213868253,L2,0.824598303...
GetData ===>> H2,-0.0475761968989819,H1,920.789323616058,AX,180.924973372338,L1,2.32390846567359,L2,0.715446111...
GetData ===>> H2,-0.161861241348045,H1,920.633482826271,AX,181.097507794013,L1,2.32740191705633,L2,0.7888008906...
GetData ===>> H2,-0.149215503206731,H1,919.694189833699,AX,181.152455470758,L1,2.28940944489359,L2,0.7079421370...
GetData ===>> H2,-0.120610586948767,H1,919.564069467905,AX,180.851905163497,L1,2.25767985136448,L2,0.7396550040...
GetData ===>> H2,0.0508990674614947,H1,919.428535438127,AX,180.706756647009,L1,2.27452119159099,L2,0.7331674290...
GetData ===>> H2,-0.032096974397694,H1,918.94325845459,AX,180.598809295049,L1,2.28670866198637,L2,0.82658915834...
measurement finished
estimated time: 125.829 actual time: :128.029
flush and close file /Users/jan/PychronDev/data/isotopes/27/9014ec-29cd-4a5b-a9f1-2e78dab84943.h5
baselines () {'settling_time': 15.0, 'detector': 'H1', 'mass': 34.2, 'ncounts': 60}
%%%%%%%%%%%%%%%%%%%%%%%%%%%%%%%% Baseline
build tables- baseline [Detector(H2), Detector(H1), Detector(AX), Detector(L1), Detector(L2), Detector(CDD)]
add group baseline table H2
add group baseline table H1
add group baseline table AX
add group baseline table L1
add group baseline table L2
add group baseline table CDD
flush and close file /Users/jan/PychronDev/data/isotopes/27/9014ec-29cd-4a5b-a9f1-2e78dab84943.h5
detector Detector(H1)
POSITION 34.2 H1
Mapping mass to dac mass func: "parabolic"
H1 map mass coeffs = [-0.00063987  0.15840543  0.57120999]
H1 map mass to dac 34.2 >> 5.24025599104
GetDeflection H1 ===>> 0
GetHighVoltage ===>> 4500
positioning 34.2 (5.24025599104) on H1
setting magnet DAC
current  : 5.879600
requested: 5.240256
Delta Dac: 0.639344
Checking detector protection. dv=0.63934
Checking detector "CDD". Protection Threshold: 0.1 (V)
ProtectDetector CDD,On ===>> OK
GetDeflection CDD ===>> 2000
Protected = 2000
SetMagnetDAC 5.24025599104 ===>> OK
Magnet settling time: 0.500
GetMagnetMoving ===>> True
GetMagnetMoving ===>> True
GetMagnetMoving ===>> True
GetMagnetMoving ===>> True
GetMagnetMoving ===>> True
GetMagnetMoving ===>> True
GetMagnetMoving ===>> True
GetMagnetMoving ===>> True
GetMagnetMoving ===>> False
ProtectDetector CDD,Off ===>> OK
GetDeflection CDD ===>> 50
Delaying 15.0s for detectors to settle
Join finished
measuring baseline. ncounts=60
"baseline" increment series count="2" fit count="1" regressing="True"
starting measurement
GetData ===>> H2,-0.0704566490801909,H1,-0.0763640942222697,AX,-0.0220617790232138,L1,-0.0518855686420987,L2,-0...
GetData ===>> H2,-0.13091448859931,H1,-0.0564208085467087,AX,-0.11414231611231,L1,-0.0548907836577484,L2,0.0049...
GetData ===>> H2,-0.113039926808666,H1,-0.0287224932047135,AX,-0.119935734159107,L1,-0.0274329021325146,L2,0.00...
GetData ===>> H2,-0.26379492590671,H1,-0.0118946767480253,AX,-0.229169092029023,L1,-0.0198546675426682,L2,-0.05...
GetData ===>> H2,-0.158726732647897,H1,0.0601832750204647,AX,-0.0614875063633329,L1,-0.0150468465954515,L2,-0.0...
GetData ===>> H2,-0.241416456538552,H1,0.023988669229147,AX,0.0422480124217179,L1,-0.0250424735537087,L2,0.0152...
GetData ===>> H2,-0.268172042500771,H1,-0.0216267709977068,AX,-0.0511108121861847,L1,-0.046966251290973,L2,0.00...
GetData ===>> H2,-0.151173611255852,H1,-0.00974776385700411,AX,-0.0618237159358895,L1,-0.0843161424218136,L2,0....
GetData ===>> H2,-0.0900842105212919,H1,-0.0310359476651144,AX,-0.104582421996116,L1,-0.044118384366908,L2,-0.0...
GetData ===>> H2,-0.0614808524258521,H1,-0.0128846266244985,AX,-0.0330562053793036,L1,-0.026359376424647,L2,0.0...
GetData ===>> H2,-0.208096852615834,H1,-0.0127534290108809,AX,-0.103690117279433,L1,-0.0338022070525083,L2,-0.1...
GetData ===>> H2,-0.149823228102093,H1,-0.0418989284988623,AX,-0.218742486174342,L1,-0.0229475357155121,L2,0.00...
GetData ===>> H2,-0.0721733040754038,H1,-0.0947899213913804,AX,-0.121777968797569,L1,-0.0295005539267062,L2,0.0...
GetData ===>> H2,-0.132123752898537,H1,-0.0302608271275816,AX,-0.165989896486383,L1,-0.0361930212242446,L2,-0.0...
GetData ===>> H2,-0.232748091743095,H1,0.0220796566859029,AX,-0.0556558244806,L1,-0.0172069925046081,L2,0.00430...
GetData ===>> H2,-0.27795391778459,H1,0.0578677650810768,AX,-0.104072534588664,L1,-0.0290405801001661,L2,-0.069...
GetData ===>> H2,-0.230931228366922,H1,-0.0220203284313268,AX,-0.0682810330041572,L1,-0.0551816864472066,L2,-0....
GetData ===>> H2,-0.125685987836306,H1,-0.128632788638305,AX,-0.054902201918822,L1,-0.0319988983601243,L2,-0.12...
GetData ===>> H2,-0.176070752421593,H1,-0.0550736292082686,AX,0.0276141783927133,L1,-0.0348425592430891,L2,-0.0...
GetData ===>> H2,-0.157534014152296,H1,0.0147780196112947,AX,-0.0303772982111644,L1,-0.0259771448540491,L2,-0.0...
GetData ===>> H2,-0.10376974681993,H1,-0.088759590822529,AX,-0.118974050645757,L1,-0.0573530155467946,L2,-0.020...
GetData ===>> H2,-0.292943481307712,H1,-0.0169874470356877,AX,-0.0799888992566601,L1,-0.0370449052453994,L2,-0....
GetData ===>> H2,-0.194192189236462,H1,0.0642653868667466,AX,0.0452075404620093,L1,0.00138748367508711,L2,-0.02...
GetData ===>> H2,-0.180594723495009,H1,0.0537143041049461,AX,-0.127107507767873,L1,-0.0153515260244924,L2,-0.06...
10:29:30 -- collecting point 25
GetData ===>> H2,-0.148457827217957,H1,-0.0286032415255598,AX,-0.0968411163889295,L1,-0.0275071820384781,L2,-0....
GetData ===>> H2,-0.288798747800848,H1,0.0617468712976301,AX,-0.0390979720641313,L1,-0.0323114471416053,L2,-0.0...
GetData ===>> H2,-0.297355067553721,H1,0.0017270735655607,AX,0.000441235466287193,L1,-0.0107261126425396,L2,-0....
GetData ===>> H2,-0.208497014505093,H1,-0.00083758324576062,AX,-0.0127132201862297,L1,-0.00585027744984679,L2,-...
GetData ===>> H2,-0.236337892912567,H1,0.0597535887173485,AX,0.0536774691445261,L1,-0.0309114882001808,L2,0.069...
GetData ===>> H2,-0.261738869423207,H1,0.0224733875431539,AX,-0.121013271862032,L1,0.0138439265360896,L2,-0.001...
GetData ===>> H2,-0.308407385888602,H1,-0.00721911850589656,AX,-0.123052450332136,L1,0.0360152633889061,L2,-0.1...
GetData ===>> H2,-0.356403905903237,H1,0.00914705540606704,AX,-0.00662341541841058,L1,0.0359431377015696,L2,-0....
GetData ===>> H2,-0.240833637711586,H1,-0.00205428117052693,AX,-0.0507281866679568,L1,0.00657551272711158,L2,-0...
GetData ===>> H2,-0.1929926336434,H1,0.00167935842039237,AX,-0.163972863130729,L1,-0.00508858968438129,L2,0.060...
GetData ===>> H2,-0.136562027860529,H1,0.00931407097277694,AX,-0.0302961180549291,L1,0.0101478541627647,L2,-0.0...
GetData ===>> H2,-0.0826574452347094,H1,0.0210177842148386,AX,-0.00231972361638202,L1,-0.0256476232194276,L2,-0...
GetData ===>> H2,-0.0106274070170905,H1,0.0289761362816111,AX,0.0199906018684998,L1,-0.0729275663761066,L2,0.01...
GetData ===>> H2,-0.0149873630360151,H1,0.0253488628749523,AX,-0.0383790098933639,L1,-0.0721053733412265,L2,0.0...
GetData ===>> H2,-0.202614421788616,H1,-0.00928259332775276,AX,-0.222727898646789,L1,-0.034737102933784,L2,0.01...
GetData ===>> H2,-0.123012658227847,H1,-0.0344821801456117,AX,-0.156368039375002,L1,0.0189082699288125,L2,-0.01...
GetData ===>> H2,-0.225672790782179,H1,0.00395778199042698,AX,-0.0103701404003361,L1,0.0100794433882969,L2,-0.0...
GetData ===>> H2,-0.160548661611589,H1,0.066998823789022,AX,0.00850414827814467,L1,-0.0311234705543798,L2,0.012...
GetData ===>> H2,-0.0881721239170135,H1,-0.0272795383444933,AX,-0.113528193574854,L1,-0.0413080330295967,L2,0.0...
GetData ===>> H2,-0.147078753997316,H1,0.0226046315064068,AX,-0.0651625617450284,L1,-0.00835804202803848,L2,-0....
GetData ===>> H2,-0.279965398127463,H1,-0.0419823936003592,AX,-0.098162280996886,L1,0.00973859662772108,L2,0.03...
GetData ===>> H2,-0.189619718512875,H1,-0.0606410582797199,AX,0.0350062526188329,L1,0.0090221359266617,L2,0.003...
GetData ===>> H2,-0.18006306167321,H1,0.0688251354541204,AX,-0.0914867392910436,L1,-0.0573398501368227,L2,-0.01...
GetData ===>> H2,-0.150379605443459,H1,-0.00407015008374574,AX,-0.18467444665765,L1,-0.0433844400140285,L2,-0.0...
GetData ===>> H2,-0.201970048186899,H1,0.0104593280794376,AX,-0.0957864896586639,L1,0.00941816318219409,L2,-0.0...
10:29:56 -- collecting point 50
GetData ===>> H2,-0.270046853824669,H1,0.00457809477099076,AX,-0.0480845510734848,L1,-0.011675582447082,L2,0.06...
GetData ===>> H2,-0.231469588719075,H1,0.0119505679077704,AX,0.00640424623569982,L1,0.0152907936753803,L2,0.089...
GetData ===>> H2,-0.277996890408701,H1,0.0177725808553354,AX,-0.0405474764209184,L1,0.0168771830084712,L2,-0.02...
GetData ===>> H2,-0.156310097772043,H1,-0.00399858146835614,AX,-0.108812066778435,L1,-0.00702208451795685,L2,-0...
GetData ===>> H2,-0.114542282247454,H1,-0.0328008151094348,AX,-0.0694866605318749,L1,-0.00715520852475606,L2,-0...
GetData ===>> H2,-0.176217890892446,H1,-0.00495282546710814,AX,-0.0912897111361479,L1,-0.0281517168964724,L2,-0...
GetData ===>> H2,-0.209463003543781,H1,0.0545616916361126,AX,-0.166013080534643,L1,-0.0298994204454477,L2,-0.13...
GetData ===>> H2,-0.218583625204978,H1,0.011008101752963,AX,0.170021588141556,L1,-0.0155374479153669,L2,-0.0412...
GetData ===>> H2,-0.28824277836901,H1,-0.0448797818308975,AX,-0.0301221603493217,L1,-0.0246086606943042,L2,0.05...
GetData ===>> H2,-0.207596967199086,H1,0.0242988872057872,AX,0.0147925236663226,L1,-0.0262096008943658,L2,0.040...
GetData ===>> H2,-0.238795554331427,H1,0.0105666966049302,AX,0.016382085084129,L1,-0.00941445020706057,L2,0.080...
measurement finished
estimated time: 62.915 actual time: :63.095
flush and close file /Users/jan/PychronDev/data/isotopes/27/9014ec-29cd-4a5b-a9f1-2e78dab84943.h5
activate_detectors ('H1', 'AX', 'CDD') {'peak_center': True}
peak_center () {'detector': 'H1', 'integration_time': 0.262144, 'isotope': 'Ar40'}
peak center: mean=920.777203524 threshold=3
peak center started
setup peak center. detector=['H1', 'AX', 'CDD'], isotope=Ar40
VersionedUnpickler [<apptools.sweet_pickle.versioned_unpickler.VersionedUnpickler object at 0x1ce02ffb0>] using Updater [<apptools.sweet_pickle.updater.Updater object at 0x1373f1ad0>]
VersionedUnpickler [<apptools.sweet_pickle.versioned_unpickler.VersionedUnpickler object at 0x1ce02ffb0>] using Updater [<apptools.sweet_pickle.updater.Updater object at 0x1373f1ad0>]
VersionedUnpickler [<apptools.sweet_pickle.versioned_unpickler.VersionedUnpickler object at 0x1c4cd5bf0>] using Updater [<apptools.sweet_pickle.updater.Updater object at 0x1373f1ad0>]
setting integration time = 0.524288
SetIntegrationTime 0.524288 ===>> OK
Mapping mass to dac mass func: "parabolic"
H1 map mass coeffs = [-0.00063987  0.15840543  0.57120999]
H1 map mass to dac 39.9624 >> 5.8796
GetDeflection H1 ===>> 0
GetHighVoltage ===>> 4500
do peak center. <pychron.spectrometer.jobs.peak_center.PeakCenter object at 0x1376ecfb0>
doing pc
starting peak center. center dac= 5.8796 step_width=0.001
width = 0.001
get scan parameters. half-width=0.015,window=0.015, i=0, scalar=1
Scan parameters center=5.87960 width=0.03000 (5.86460 - 5.89460)
GetData ===>> H2,-0.114117311769165,H1,-0.00653923598188373,AX,-0.108870005841178,L1,0.0305267702716264,L2,-0.0...
Moving to starting dac 5.8646
setting magnet DAC
current  : 5.240256
requested: 5.864600
Delta Dac: 0.624344
Checking detector protection. dv=0.62434
Checking detector "CDD". Protection Threshold: 0.1 (V)
ProtectDetector CDD,On ===>> OK
GetDeflection CDD ===>> 2000
Protected = 2000
SetMagnetDAC 5.8646 ===>> OK
Magnet settling time: 0.500
GetMagnetMoving ===>> True
GetMagnetMoving ===>> True
GetMagnetMoving ===>> True
GetMagnetMoving ===>> True
GetMagnetMoving ===>> True
GetMagnetMoving ===>> True
GetMagnetMoving ===>> True
GetMagnetMoving ===>> True
GetMagnetMoving ===>> True
GetMagnetMoving ===>> False
ProtectDetector CDD,Off ===>> OK
GetDeflection CDD ===>> 50
Wait until signal near baseline. tol= -0.00490442698641. timeout= 10
GetData ===>> H2,43.2286103342239,H1,18.4804643626324,AX,0.963858809716688,L1,0.0450608206444267,L2,-0.09555569...
GetData ===>> H2,60.6486726741994,H1,34.7233203941973,AX,4.98829794678001,L1,0.0264030522024811,L2,-0.088297908...
GetData ===>> H2,34.375582855852,H1,16.6768753245024,AX,2.12706730225083,L1,0.00646772674671095,L2,-0.052888380...
GetData ===>> H2,14.7250690165619,H1,8.39784447305092,AX,0.951091798278553,L1,-0.0307550687992647,L2,0.00177635...
GetData ===>> H2,5.27957492479484,H1,4.57779095243007,AX,0.402769042595476,L1,-0.0163628761088903,L2,-0.1145413...
GetData ===>> H2,1.68837212589652,H1,2.6692460995575,AX,0.215688554758136,L1,0.0281205626577913,L2,-0.145644232...
GetData ===>> H2,0.527773191453871,H1,1.67870993790802,AX,0.255430253325862,L1,0.00962768135364312,L2,-0.080766...
GetData ===>> H2,0.234487768128712,H1,1.28053917944289,AX,0.244657537761965,L1,-0.00545804543537352,L2,-0.11155...
GetData ===>> H2,0.234487768128712,H1,1.28053917944289,AX,0.244657537761965,L1,-0.00545804543537352,L2,-0.11155...
GetData ===>> H2,0.237913845421555,H1,0.941420418425598,AX,0.12567970234046,L1,-0.011619240148009,L2,-0.1246822...
GetData ===>> H2,0.203922375676201,H1,0.922888513211917,AX,0.00875938807812249,L1,-0.0365788341837944,L2,-0.052...
GetData ===>> H2,0.198720010473577,H1,0.809912706582305,AX,0.0833949844083357,L1,-0.0327314883839452,L2,0.08703...
GetData ===>> H2,0.127630719045713,H1,0.811565912758083,AX,0.0400197212643558,L1,-0.047033278367785,L2,0.016603...
GetData ===>> H2,0.0695086069175022,H1,0.774531030627324,AX,0.125749264697969,L1,-0.0530112521739965,L2,-0.0308...
GetData ===>> H2,0.0333143834329699,H1,0.858460460525756,AX,0.0417141463530534,L1,0.00703587007996891,L2,0.0148...
GetData ===>> H2,0.0706367969998525,H1,0.871165697468635,AX,0.076743303769986,L1,0.0135466343490088,L2,-0.08438...
GetData ===>> H2,0.0400492824468498,H1,0.846641964202877,AX,-0.0146734762770886,L1,0.0101864107334712,L2,0.0022...
GetData ===>> H2,0.115824577642303,H1,0.795059030380041,AX,0.210211413855581,L1,0.022404668334397,L2,0.03498660...
GetData ===>> H2,0.0716860590539292,H1,0.731021705173318,AX,0.216291987412867,L1,-0.0071036381724591,L2,0.00869...
GetData ===>> H2,-0.0473718496155895,H1,0.896269840344188,AX,-0.0276171349122597,L1,-0.0178437555860253,L2,0.00...
GetData ===>> H2,-0.0661720176309119,H1,0.887629861655826,AX,0.0308285592851666,L1,-0.00451518670196879,L2,0.03...
Peak center failed to move to a baseline position
_do_sweep sm= 5.8646, em= 5.8946, stm= 0.001
calculated step values: start=5.8646, end=5.8946, width=0.001, nsteps=31.0
setting magnet DAC
current  : 5.864600
requested: 5.864600
Delta Dac: 0.000000
Checking detector protection. dv=0.00000
Checking detector "CDD". Protection Threshold: 0.1 (V)
SetMagnetDAC 5.8646 ===>> OK
GetData ===>> H2,-0.0661720176309119,H1,0.887629861655826,AX,0.0308285592851666,L1,-0.00451518670196879,L2,0.03...
setting magnet DAC
current  : 5.864600
requested: 5.865634
Delta Dac: 0.001034
Checking detector protection. dv=0.00103
Checking detector "CDD". Protection Threshold: 0.1 (V)
SetMagnetDAC 5.86563448276 ===>> OK
Magnet settling time: 1.049
GetData ===>> H2,0.0300735728791972,H1,1.52060718760747,AX,0.258564779967539,L1,0.00415941646830281,L2,-0.05184...
setting magnet DAC
current  : 5.865634
requested: 5.866669
Delta Dac: 0.001034
Checking detector protection. dv=0.00103
Checking detector "CDD". Protection Threshold: 0.1 (V)
SetMagnetDAC 5.86666896552 ===>> OK
Magnet settling time: 1.049
GetData ===>> H2,-0.0711577156247794,H1,5.22428248887807,AX,0.683849730276585,L1,-0.0222683215262311,L2,0.01582...
setting magnet DAC
current  : 5.866669
requested: 5.867703
Delta Dac: 0.001034
Checking detector protection. dv=0.00103
Checking detector "CDD". Protection Threshold: 0.1 (V)
SetMagnetDAC 5.86770344828 ===>> OK
Magnet settling time: 1.049
GetData ===>> H2,-0.220187076676861,H1,18.9154404934861,AX,2.4442895449152,L1,0.00113661878899873,L2,-0.0063763...
setting magnet DAC
current  : 5.867703
requested: 5.868738
Delta Dac: 0.001034
Checking detector protection. dv=0.00103
Checking detector "CDD". Protection Threshold: 0.1 (V)
SetMagnetDAC 5.86873793103 ===>> OK
Magnet settling time: 1.049
GetData ===>> H2,-0.134518236352769,H1,61.6450211927241,AX,8.05702576899746,L1,0.00431070023662327,L2,-0.012342...
setting magnet DAC
current  : 5.868738
requested: 5.869772
Delta Dac: 0.001034
Checking detector protection. dv=0.00103
Checking detector "CDD". Protection Threshold: 0.1 (V)
SetMagnetDAC 5.86977241379 ===>> OK
Magnet settling time: 1.049
GetData ===>> H2,-0.236751406651928,H1,156.929670324435,AX,21.1930518533765,L1,0.0824034529293513,L2,0.03740151...
setting magnet DAC
current  : 5.869772
requested: 5.870807
Delta Dac: 0.001034
Checking detector protection. dv=0.00103
Checking detector "CDD". Protection Threshold: 0.1 (V)
SetMagnetDAC 5.87080689655 ===>> OK
Magnet settling time: 1.049
GetData ===>> H2,-0.10237032824655,H1,458.293800287543,AX,70.6273130521764,L1,0.439591113298597,L2,-0.061878545...
setting magnet DAC
current  : 5.870807
requested: 5.871841
Delta Dac: 0.001034
Checking detector protection. dv=0.00103
Checking detector "CDD". Protection Threshold: 0.1 (V)
SetMagnetDAC 5.87184137931 ===>> OK
Magnet settling time: 1.049
GetData ===>> H2,-0.141330655406421,H1,669.252473744823,AX,113.961888261215,L1,0.844419225293363,L2,0.217780802...
setting magnet DAC
current  : 5.871841
requested: 5.872876
Delta Dac: 0.001034
Checking detector protection. dv=0.00103
Checking detector "CDD". Protection Threshold: 0.1 (V)
SetMagnetDAC 5.87287586207 ===>> OK
Magnet settling time: 1.049
GetData ===>> H2,0.0143597718967329,H1,797.996680647984,AX,146.470193497631,L1,1.26669725671807,L2,0.4790552557...
setting magnet DAC
current  : 5.872876
requested: 5.873910
Delta Dac: 0.001034
Checking detector protection. dv=0.00103
Checking detector "CDD". Protection Threshold: 0.1 (V)
SetMagnetDAC 5.87391034483 ===>> OK
Magnet settling time: 1.049
GetData ===>> H2,-0.0769842526721548,H1,854.088063520475,AX,163.570748568643,L1,1.61553604558149,L2,0.577313055...
setting magnet DAC
current  : 5.873910
requested: 5.874945
Delta Dac: 0.001034
Checking detector protection. dv=0.00103
Checking detector "CDD". Protection Threshold: 0.1 (V)
SetMagnetDAC 5.87494482759 ===>> OK
Magnet settling time: 1.049
GetData ===>> H2,-0.0627495194446826,H1,872.383037754365,AX,170.080952007786,L1,1.8356920225424,L2,0.8393934014...
setting magnet DAC
current  : 5.874945
requested: 5.875979
Delta Dac: 0.001034
Checking detector protection. dv=0.00103
Checking detector "CDD". Protection Threshold: 0.1 (V)
SetMagnetDAC 5.87597931034 ===>> OK
Magnet settling time: 1.049
GetData ===>> H2,-0.0715292498197379,H1,877.578283635223,AX,171.929300261216,L1,1.98571452114447,L2,0.657959099...
setting magnet DAC
current  : 5.875979
requested: 5.877014
Delta Dac: 0.001034
Checking detector protection. dv=0.00103
Checking detector "CDD". Protection Threshold: 0.1 (V)
SetMagnetDAC 5.8770137931 ===>> OK
Magnet settling time: 1.049
GetData ===>> H2,-0.0885444373770432,H1,879.332429900426,AX,172.426975412167,L1,2.05112792180674,L2,0.704959633...
setting magnet DAC
current  : 5.877014
requested: 5.878048
Delta Dac: 0.001034
Checking detector protection. dv=0.00103
Checking detector "CDD". Protection Threshold: 0.1 (V)
SetMagnetDAC 5.87804827586 ===>> OK
Magnet settling time: 1.049
GetData ===>> H2,-0.145412904485099,H1,879.427793455877,AX,172.606963426903,L1,2.08125381811399,L2,0.6195360765...
setting magnet DAC
current  : 5.878048
requested: 5.879083
Delta Dac: 0.001034
Checking detector protection. dv=0.00103
Checking detector "CDD". Protection Threshold: 0.1 (V)
SetMagnetDAC 5.87908275862 ===>> OK
Magnet settling time: 1.049
GetData ===>> H2,-0.3457653878475,H1,878.721650418325,AX,172.4816216584,L1,2.15244036002378,L2,0.67792637377912...
setting magnet DAC
current  : 5.879083
requested: 5.880117
Delta Dac: 0.001034
Checking detector protection. dv=0.00103
Checking detector "CDD". Protection Threshold: 0.1 (V)
SetMagnetDAC 5.88011724138 ===>> OK
Magnet settling time: 1.049
GetData ===>> H2,-0.257118353034222,H1,879.034087017539,AX,172.353891256316,L1,2.21744571148887,L2,0.8257310261...
setting magnet DAC
current  : 5.880117
requested: 5.881152
Delta Dac: 0.001034
Checking detector protection. dv=0.00103
Checking detector "CDD". Protection Threshold: 0.1 (V)
SetMagnetDAC 5.88115172414 ===>> OK
Magnet settling time: 1.049
GetData ===>> H2,-0.149024145766142,H1,878.417144548953,AX,172.520745936132,L1,2.2568083730119,L2,0.68957967719...
setting magnet DAC
current  : 5.881152
requested: 5.882186
Delta Dac: 0.001034
Checking detector protection. dv=0.00103
Checking detector "CDD". Protection Threshold: 0.1 (V)
SetMagnetDAC 5.8821862069 ===>> OK
Magnet settling time: 1.049
GetData ===>> H2,-0.189403810866284,H1,877.358205426936,AX,172.020158415364,L1,2.24505956047144,L2,0.6839127960...
setting magnet DAC
current  : 5.882186
requested: 5.883221
Delta Dac: 0.001034
Checking detector protection. dv=0.00103
Checking detector "CDD". Protection Threshold: 0.1 (V)
SetMagnetDAC 5.88322068966 ===>> OK
Magnet settling time: 1.049
GetData ===>> H2,-0.0240991899564358,H1,876.51973784754,AX,171.914059722187,L1,2.20373395859174,L2,0.7099420790...
setting magnet DAC
current  : 5.883221
requested: 5.884255
Delta Dac: 0.001034
Checking detector protection. dv=0.00103
Checking detector "CDD". Protection Threshold: 0.1 (V)
SetMagnetDAC 5.88425517241 ===>> OK
Magnet settling time: 1.049
GetData ===>> H2,-0.100820522373182,H1,869.69784716433,AX,169.052978329317,L1,2.13906432535332,L2,0.62315082789...
setting magnet DAC
current  : 5.884255
requested: 5.885290
Delta Dac: 0.001034
Checking detector protection. dv=0.00103
Checking detector "CDD". Protection Threshold: 0.1 (V)
SetMagnetDAC 5.88528965517 ===>> OK
Magnet settling time: 1.049
GetData ===>> H2,-0.0525515618957972,H1,846.687672313671,AX,161.053218412855,L1,2.06929335756174,L2,0.643020629...
setting magnet DAC
current  : 5.885290
requested: 5.886324
Delta Dac: 0.001034
Checking detector protection. dv=0.00103
Checking detector "CDD". Protection Threshold: 0.1 (V)
SetMagnetDAC 5.88632413793 ===>> OK
Magnet settling time: 1.049
GetData ===>> H2,-0.176532335415546,H1,774.753521279369,AX,138.066418197617,L1,1.84719044132758,L2,0.4527194385...
setting magnet DAC
current  : 5.886324
requested: 5.887359
Delta Dac: 0.001034
Checking detector protection. dv=0.00103
Checking detector "CDD". Protection Threshold: 0.1 (V)
SetMagnetDAC 5.88735862069 ===>> OK
Magnet settling time: 1.049
GetData ===>> H2,-0.209088473655119,H1,622.613828839091,AX,99.1238947651417,L1,1.42837532719685,L2,0.3273523872...
setting magnet DAC
current  : 5.887359
requested: 5.888393
Delta Dac: 0.001034
Checking detector protection. dv=0.00103
Checking detector "CDD". Protection Threshold: 0.1 (V)
SetMagnetDAC 5.88839310345 ===>> OK
Magnet settling time: 1.049
GetData ===>> H2,-0.304089235054272,H1,409.760930934275,AX,56.845298818408,L1,0.98817337033797,L2,0.00152584145...
setting magnet DAC
current  : 5.888393
requested: 5.889428
Delta Dac: 0.001034
Checking detector protection. dv=0.00103
Checking detector "CDD". Protection Threshold: 0.1 (V)
SetMagnetDAC 5.88942758621 ===>> OK
Magnet settling time: 1.049
GetData ===>> H2,-0.264927537481248,H1,211.383755887729,AX,24.8121592857926,L1,0.629361675383959,L2,0.083250844...
setting magnet DAC
current  : 5.889428
requested: 5.890462
Delta Dac: 0.001034
Checking detector protection. dv=0.00103
Checking detector "CDD". Protection Threshold: 0.1 (V)
SetMagnetDAC 5.89046206897 ===>> OK
Magnet settling time: 1.049
GetData ===>> H2,-0.260069602453738,H1,82.0625620350903,AX,7.88665880063175,L1,0.387355309724973,L2,-0.08543104...
setting magnet DAC
current  : 5.890462
requested: 5.891497
Delta Dac: 0.001034
Checking detector protection. dv=0.00103
Checking detector "CDD". Protection Threshold: 0.1 (V)
SetMagnetDAC 5.89149655172 ===>> OK
Magnet settling time: 1.049
GetData ===>> H2,-0.212356435049143,H1,24.9764191519974,AX,1.6841482756584,L1,0.25296322035226,L2,-0.0428730242...
setting magnet DAC
current  : 5.891497
requested: 5.892531
Delta Dac: 0.001034
Checking detector protection. dv=0.00103
Checking detector "CDD". Protection Threshold: 0.1 (V)
SetMagnetDAC 5.89253103448 ===>> OK
Magnet settling time: 1.049
GetData ===>> H2,-0.182300026738866,H1,2.94982275606752,AX,0.100408666818707,L1,0.0894921322514532,L2,-0.074804...
setting magnet DAC
current  : 5.892531
requested: 5.893566
Delta Dac: 0.001034
Checking detector protection. dv=0.00103
Checking detector "CDD". Protection Threshold: 0.1 (V)
SetMagnetDAC 5.89356551724 ===>> OK
Magnet settling time: 1.049
GetData ===>> H2,-0.0743709494788767,H1,0.614642512069241,AX,-0.0830837136308241,L1,0.08451457147756,L2,-0.1178...
setting magnet DAC
current  : 5.893566
requested: 5.894600
Delta Dac: 0.001034
Checking detector protection. dv=0.00103
Checking detector "CDD". Protection Threshold: 0.1 (V)
SetMagnetDAC 5.8946 ===>> OK
Magnet settling time: 1.049
GetData ===>> H2,-0.175402181679608,H1,0.0106979249591578,AX,-0.215546796147865,L1,0.0437669711220748,L2,-0.036...
result of _do_sweep=True
result of _calculate_peak_center=([5.8717242484969931, 5.8794496993987968, 5.8871751503006005], [645.36637143955295, 879.42397126928574, 649.59651978294892], 5.8780068136272536, 879.42397126928574)
Failed to find a valid peak. No peak greater than 1.0. max = 0.0481740692648
new center pos Detector(H1) (Ar40) @ 5.8794496994
GetHighVoltage ===>> 4500
GetDeflection H1 ===>> 0
dac uncorrected for HV and deflection 5.8794496994
update mftable H1 Ar40 5.8794496994 message=automated run peakcenter
get initial guess parabolic
get initial guess parabolic
get initial guess parabolic
get initial guess parabolic
get initial guess parabolic
get initial guess parabolic
dump mftable to /Users/jan/PychronDev/setupfiles/spectrometer/mftables/mftable.csv
add to repo msg=modified - automated run peakcenter
sweep finished
locally archiving mftable
setting magnet DAC
current  : 5.894600
requested: 5.879450
Delta Dac: 0.015150
Checking detector protection. dv=0.01515
Checking detector "CDD". Protection Threshold: 0.1 (V)
SetMagnetDAC 5.8794496994 ===>> OK
Magnet settling time: 0.500
setting integration time = 1.048576
SetIntegrationTime 1.048576 ===>> OK
Failed to find a valid peak. No peak greater than 1.0. max = 0.0481740692648
flush and close file /Users/jan/PychronDev/data/isotopes/27/9014ec-29cd-4a5b-a9f1-2e78dab84943.h5
finished measure script
executed snippet estimated_duration=226.132928, duration=273.914202929
jan_unknown120_60.py completed successfully
Measurement Finished
10:30:54 -- ******* Measurement Finished *******
Post Measurement Started jan_pump_ms.py
10:30:54 -- ******* Post Measurement Started jan_pump_ms.py *******
testing...
no interpolation path defined
executed snippet estimated_duration=0, duration=2.90870666504e-05
Pumping spectrometer
open () {'name': 'O'}
opening name=O desc=---
checking ownership. requestor=129.138.12.150
check software interlocks O
interlocks []
actuate state mode=None-script, software_lock=False
doing actuation None-script open_channel True
Open O ===>> OK
GetIndicatorState O ===>> OK
change switch state (True, True)
update switch state O True args=() kw={} ncanvase=2
10:30:55 -- OPEN   VALVE-O (Jan Ion Pump)
---------------------------------------- open O () result=[(True, True)], time=0.09 sec
action=open, ok=True, locked=[False]
executed snippet estimated_duration=0, duration=0.340456962585
jan_pump_ms.py completed successfully
setting _ms_pumptime
Post Measurement Finished
10:30:55 -- ******* Post Measurement Finished *******
$$$$$$$$$$$$$$$$$$$$ state at run end measurement
state changed from measurement to success
post measurement save measured=True aborted=False
Set filtering
setting fod for Ar40= {'filter_outliers': True, 'std_devs': 2, 'iterations': 1}
setting fod for H1= {'filter_outliers': True, 'std_devs': 2, 'iterations': 1}
setting fod for PM41= {'filter_outliers': False, 'std_devs': 2, 'iterations': 1}
setting fod for H2= {'filter_outliers': True, 'std_devs': 2, 'iterations': 1}
setting fod for Ar36= {'filter_outliers': True, 'std_devs': 2, 'iterations': 1}
setting fod for CDD= {'filter_outliers': True, 'std_devs': 10, 'iterations': 1}
setting fod for Ar37= {'filter_outliers': True, 'std_devs': 2, 'iterations': 1}
setting fod for L2= {'filter_outliers': True, 'std_devs': 2, 'iterations': 1}
setting fod for Ar38= {'filter_outliers': True, 'std_devs': 2, 'iterations': 1}
setting fod for L1= {'filter_outliers': True, 'std_devs': 2, 'iterations': 1}
setting fod for Ar39= {'filter_outliers': True, 'std_devs': 2, 'iterations': 1}
setting fod for AX= {'filter_outliers': True, 'std_devs': 2, 'iterations': 1}
persistence save...
persistence save - db
post measurement save
7289471152 connecting to database sqlite:////Users/jan/PychronDev/.appdata/local_lab.db
connected to db sqlite:////Users/jan/PychronDev/.appdata/local_lab.db
create new session 7289471152
close session 7289471152
No database instance. Not saving post measurement to isotopedb database
$$$$$$$$$$$$$$$ auto_save_detector_ic=False
massspec enabled True
create new session 4985911824
MassSpec Database Version: 16.0
close session 4985911824
saving post measurement to secondary database
saving to massspec database 129.138.12.160/massspecdata
setting labnumber to 65552
setting aliquot to 25
setting step to 
setting uuid to 279014ec-29cd-4a5b-a9f1-2e78dab84943
setting irradpos to 65552
setting extract_device to Fusions CO2
setting tray to 
setting position to 167
setting power_requested to 5.0
setting extract_value to 5.0
setting duration to 30.0
setting duration_at_request to 30.0
setting first_stage_delay to 30.0
setting cleanup to 30.0
setting comment to N:9 with inclusions
setting irradiation to NM-289
setting level to N
setting irradiation_level to N
setting sample to Bw-2014-4 W
setting material to Sanidine
setting project to Bustos Wells
setting mass_spectrometer to Jan
no attribute chron_dosages
no attribute production_ratios
no attribute interference_corrections
no attribute production_name
no attribute j
Reference Isotope=Ar40
Reference Detector=H1
%%%%%%%%%%%%%%%%%%%% Comment: N:9 with inclusions %%%%%%%%%%%%%%%%%%%
adding isotope PM41 H2
add baseline dbdet= PM41. original det= H2
get baseline data PM41 H2
Get data baseline <pychron.processing.isotope.Baseline object at 0x1cd884ad0> len t=60
baseline PM41. v=-0.189910570029, e=0.00881082101171
get signal data PM41 H2
Get data signal PM41 0.04+/-0.07 len t=120
adding isotope Ar40 H1
add baseline dbdet= Ar40. original det= H1
get baseline data Ar40 H1
Get data baseline <pychron.processing.isotope.Baseline object at 0x1cd884bd0> len t=60
baseline Ar40. v=0.00201522235374, e=0.00464804986543
get signal data Ar40 H1
Get data signal Ar40 968.27+/-0.06 len t=120
adding isotope Ar39 AX
add baseline dbdet= Ar39. original det= AX
get baseline data Ar39 AX
Get data baseline <pychron.processing.isotope.Baseline object at 0x1cd884d90> len t=60
baseline Ar39. v=-0.0604228835017, e=0.00807680391327
get signal data Ar39 AX
Get data signal Ar39 190.043+/-0.024 len t=120
adding isotope Ar38 L1
add baseline dbdet= Ar38. original det= L1
get baseline data Ar38 L1
Get data baseline <pychron.processing.isotope.Baseline object at 0x1cd884f50> len t=60
baseline Ar38. v=-0.0214789593316, e=0.00288296909009
get signal data Ar38 L1
Get data signal Ar38 2.435+/-0.005 len t=120
adding isotope Ar37 L2
add baseline dbdet= Ar37. original det= L2
get baseline data Ar37 L2
Get data baseline <pychron.processing.isotope.Baseline object at 0x1cd897150> len t=60
baseline Ar37. v=-0.0119267133409, e=0.00643770501347
get signal data Ar37 L2
Get data signal Ar37 0.818+/-0.011 len t=120
adding isotope Ar36 CDD
add baseline dbdet= Ar36. original det= CDD
get baseline data Ar36 CDD
Get data baseline <pychron.processing.isotope.Baseline object at 0x1cd897310> len t=60
baseline Ar36. v=0.000267957744375, e=2.39463827114e-05
get signal data Ar36 CDD
Get data signal Ar36 0.0387+/-0.0005 len t=120
65552-25 added analysis time 0.51370382309s
analysis added to mass spec database
mass spec save time= 0.521
persistence save - dvc
================= post measurement started
create new session 4991427888
close session 4991427888
---------------- Experiment Queue saving disabled
DVC saving peakcenter
Failed to find a valid peak. No peak greater than 1.0. max = 0.0481740692648
Smart pull ahead: 0 behind: 0
Up-to-date with origin
add to repo msg=modified - ad8224ebc6dbfeb9f5997218dfa5fe690569839d.json
add to repo msg=modified - 52-25.json
add to repo msg=modified - 52-25.dat.json
add to repo msg=modified - 52-25.blan.json
add to repo msg=modified - 52-25.inte.json
add to repo msg=modified - 52-25.icfa.json
add to repo msg=modified - 52-25.base.json
not at valid file /Users/jan/PychronDev/data/.dvc/repositories/Load1786/655/tags/52-25.tags.json
add to repo msg=modified - 52-25.peak.json
add to repo msg=modified - 52-25.extr.json
not at valid file /Users/jan/PychronDev/data/.dvc/repositories/Load1786/655/monitor/52-25.moni.json
commit message=<COLLECTION>
add to repo msg=modified - 52-25.inte.json
add to repo msg=modified - 52-25.base.json
commit message=<ISOEVO> default collection fits
add to repo msg=modified - 52-25.blan.json
commit message=<BLANKS> preceding bc-02-J-324
add to repo msg=modified - 52-25.icfa.json
commit message=<ICFactor> default
push repository <pychron.git_archive.repo_manager.GitRepoManager object at 0x1b5d60b90>
pushing to remote=origin, url=https://github.com
no changes to meta repo
create new session 4991427888
add association Load1786
get identifier "65552"
setting analysis irradiation position=<pychron.dvc.dvc_orm.IrradiationPositionTbl object at 0x1a8377f50>
close session 4991427888
================= post measurement finished
10:31:08 -- ******* Post Run Check *******
loading queue conditionals post_run_actions
loading system conditionals post_run_actions
loading conditionals from /Users/jan/PychronDev/setupfiles/spectrometer/default_conditionals.yaml
loading queue conditionals post_run_terminations
loading system conditionals post_run_terminations
loading conditionals from /Users/jan/PychronDev/setupfiles/spectrometer/default_conditionals.yaml
Checking default post run terminations n=1
GetDeflection CDD ===>> 50
testing CDD==2000
evaluate ot="CDD.deflection==2000" t="CDD==2000", ctx="{'CDD': 50.0}"
10:31:08 -- ******* Post Run Check Passed *******
10:31:08 -- Automated run 65552-25 success duration: 365.702 s
----------------- finish -----------------
----------------- stop -----------------
retroactive repository identifiers disabled
finish run. runs completed=160
update duration runid=65552-25, duration=365.701908827, md5=301e91d8
loading script "jan_unknown120_60.py"
loading script "jan_pump_ms.py"
loading script "jan_co2.py"
loading script "jan_pump_extraction_line.py"
testing...
no interpolation path defined
executed snippet estimated_duration=213.652928, duration=0.000214815139771
script duration name:unknown120_60 seconds:214.0
loading script "jan_unknown120_60.py"
loading script "jan_pump_ms.py"
loading script "jan_co2.py"
loading script "jan_pump_extraction_line.py"
testing...
no interpolation path defined
executed snippet estimated_duration=0, duration=2.40802764893e-05
loading script "jan_unknown120_60.py"
loading script "jan_pump_ms.py"
loading script "jan_co2.py"
loading script "jan_pump_extraction_line.py"
testing...
no interpolation path defined
calculate duration
testing...
no interpolation path defined
executed snippet estimated_duration=0, duration=5.50746917725e-05
calculate duration
testing...
no interpolation path defined
executed snippet estimated_duration=0, duration=9.51290130615e-05
executed snippet estimated_duration=0.0, duration=0.00322103500366
script duration name:co2 seconds:0.0
loading script "jan_unknown120_60.py"
loading script "jan_pump_ms.py"
loading script "jan_co2.py"
loading script "jan_pump_extraction_line.py"
testing...
no interpolation path defined
calculate duration
testing...
no interpolation path defined
executed snippet estimated_duration=4.0, duration=0.0001540184021
executed snippet estimated_duration=4.0, duration=0.00269889831543
Script duration 214.0
Run total estimated duration= 215.000
unknown120_60 in script context. using previous estimated duration
script duration name:unknown120_60 seconds:214.0
pump_ms in script context. using previous estimated duration
co2 in script context. using previous estimated duration
script duration name:co2 seconds:0.0
pump_extraction_line in script context. using previous estimated duration
Script duration 214.0
Run total estimated duration= 215.000
script duration name:unknown120_60 seconds:214.0
script duration name:co2 seconds:0.0
Script duration 214.0
Run total estimated duration= 215.000
loading script "jan_unknown400_120.py"
loading script "jan_pump_ms.py"
loading script "jan_co2.py"
loading script "jan_pump_extraction_line.py"
testing...
no interpolation path defined
executed snippet estimated_duration=556.052928, duration=0.000318050384521
script duration name:unknown400_120 seconds:556.0
script duration name:co2 seconds:0.0
Script duration 556.0
Run total estimated duration= 557.000
script duration name:unknown120_60 seconds:214.0
script duration name:co2 seconds:0.0
Script duration 214.0
Run total estimated duration= 215.000
script duration name:unknown120_60 seconds:214.0
script duration name:co2 seconds:0.0
Script duration 214.0
Run total estimated duration= 215.000
script duration name:unknown120_60 seconds:214.0
script duration name:co2 seconds:0.0
Script duration 214.0
Run total estimated duration= 215.000
script duration name:unknown120_60 seconds:214.0
script duration name:co2 seconds:0.0
Script duration 214.0
Run total estimated duration= 215.000
script duration name:unknown120_60 seconds:214.0
script duration name:co2 seconds:0.0
Script duration 214.0
Run total estimated duration= 215.000
unknown400_120 in script context. using previous estimated duration
script duration name:unknown400_120 seconds:556.0
loading script "jan_unknown400_120.py"
loading script "jan_pump_ms.py"
loading script "jan_sniffair_x2.py"
loading script "jan_pump_extraction_line.py"
testing...
no interpolation path defined
calculate duration
testing...
no interpolation path defined
executed snippet estimated_duration=0, duration=4.98294830322e-05
calculate duration
testing...
no interpolation path defined
executed snippet estimated_duration=0, duration=0.000153064727783
calculate duration
testing...
no interpolation path defined
executed snippet estimated_duration=32.0, duration=0.0001060962677
calculate duration
testing...
no interpolation path defined
executed snippet estimated_duration=34.0, duration=9.79900360107e-05
calculate duration
testing...
no interpolation path defined
executed snippet estimated_duration=4.0, duration=8.29696655273e-05
calculate duration
testing...
no interpolation path defined
executed snippet estimated_duration=36.0, duration=0.000106811523438
calculate duration
testing...
no interpolation path defined
executed snippet estimated_duration=34.0, duration=0.000102043151855
calculate duration
testing...
no interpolation path defined
executed snippet estimated_duration=4.0, duration=0.000218152999878
calculate duration
testing...
no interpolation path defined
executed snippet estimated_duration=36.0, duration=0.000121831893921
calculate duration
testing...
no interpolation path defined
executed snippet estimated_duration=70.0, duration=0.000105142593384
executed snippet estimated_duration=250.0, duration=0.0243051052094
script duration name:sniffair_x2 seconds:250.0
Script duration 806.0
Run total estimated duration= 807.000
script duration name:unknown120_60 seconds:214.0
script duration name:co2 seconds:0.0
Script duration 214.0
Run total estimated duration= 215.000
script duration name:unknown400_120 seconds:556.0
loading script "jan_unknown400_120.py"
loading script "jan_pump_ms.py"
loading script "jan_cocktail_x1.py"
loading script "jan_pump_extraction_line.py"
testing...
no interpolation path defined
calculate duration
testing...
no interpolation path defined
executed snippet estimated_duration=0, duration=4.57763671875e-05
calculate duration
testing...
no interpolation path defined
executed snippet estimated_duration=0, duration=9.79900360107e-05
calculate duration
testing...
no interpolation path defined
executed snippet estimated_duration=32.0, duration=9.91821289062e-05
calculate duration
testing...
no interpolation path defined
executed snippet estimated_duration=34.0, duration=0.000103950500488
calculate duration
testing...
no interpolation path defined
executed snippet estimated_duration=4.0, duration=6.50882720947e-05
calculate duration
testing...
no interpolation path defined
executed snippet estimated_duration=38.0, duration=0.000130891799927
executed snippet estimated_duration=108.0, duration=0.0142939090729
script duration name:cocktail_x1 seconds:108.0
Script duration 664.0
Run total estimated duration= 665.000
script duration name:unknown400_120 seconds:556.0
cocktail_x1 in script context. using previous estimated duration
script duration name:cocktail_x1 seconds:108.0
Script duration 664.0
Run total estimated duration= 665.000
script duration name:unknown400_120 seconds:556.0
sniffair_x2 in script context. using previous estimated duration
script duration name:sniffair_x2 seconds:250.0
Script duration 806.0
Run total estimated duration= 807.000
script duration name:unknown120_60 seconds:214.0
script duration name:co2 seconds:0.0
Script duration 214.0
Run total estimated duration= 215.000
script duration name:unknown120_60 seconds:214.0
script duration name:co2 seconds:0.0
Script duration 214.0
Run total estimated duration= 215.000
script duration name:unknown120_60 seconds:214.0
script duration name:co2 seconds:0.0
Script duration 214.0
Run total estimated duration= 215.000
script duration name:unknown120_60 seconds:214.0
script duration name:co2 seconds:0.0
Script duration 214.0
Run total estimated duration= 215.000
loading script "jan_ic_peak_hop3.py"
loading script "jan_pump_ms.py"
loading script "jan_air_x1.py"
loading script "jan_pump_extraction_line.py"
testing...
no interpolation path defined
executed snippet estimated_duration=133.8, duration=0.00780606269836
script duration name:ic_peak_hop3 seconds:134.0
loading script "jan_ic_peak_hop3.py"
loading script "jan_pump_ms.py"
loading script "jan_air_x1.py"
loading script "jan_pump_extraction_line.py"
testing...
no interpolation path defined
calculate duration
testing...
no interpolation path defined
executed snippet estimated_duration=0, duration=5.79357147217e-05
calculate duration
testing...
no interpolation path defined
executed snippet estimated_duration=0, duration=0.000101089477539
calculate duration
testing...
no interpolation path defined
executed snippet estimated_duration=32.0, duration=9.58442687988e-05
calculate duration
testing...
no interpolation path defined
executed snippet estimated_duration=34.0, duration=0.000257968902588
calculate duration
testing...
no interpolation path defined
executed snippet estimated_duration=4.0, duration=7.5101852417e-05
calculate duration
testing...
no interpolation path defined
executed snippet estimated_duration=36.0, duration=0.000101089477539
executed snippet estimated_duration=106.0, duration=0.00920820236206
script duration name:air_x1 seconds:106.0
Script duration 240.0
Run total estimated duration= 241.000
script duration name:unknown120_60 seconds:214.0
script duration name:co2 seconds:0.0
Script duration 214.0
Run total estimated duration= 215.000
script duration name:unknown120_60 seconds:214.0
script duration name:co2 seconds:0.0
Script duration 214.0
Run total estimated duration= 215.000
script duration name:unknown120_60 seconds:214.0
script duration name:co2 seconds:0.0
Script duration 214.0
Run total estimated duration= 215.000
script duration name:unknown120_60 seconds:214.0
script duration name:co2 seconds:0.0
Script duration 214.0
Run total estimated duration= 215.000
script duration name:unknown120_60 seconds:214.0
script duration name:co2 seconds:0.0
Script duration 214.0
Run total estimated duration= 215.000
script duration name:unknown120_60 seconds:214.0
script duration name:co2 seconds:0.0
Script duration 214.0
Run total estimated duration= 215.000
script duration name:unknown120_60 seconds:214.0
script duration name:co2 seconds:0.0
Script duration 214.0
Run total estimated duration= 215.000
script duration name:unknown120_60 seconds:214.0
script duration name:co2 seconds:0.0
Script duration 214.0
Run total estimated duration= 215.000
script duration name:unknown400_120 seconds:556.0
script duration name:co2 seconds:0.0
Script duration 556.0
Run total estimated duration= 557.000
script duration name:unknown400_120 seconds:556.0
script duration name:cocktail_x1 seconds:108.0
Script duration 664.0
Run total estimated duration= 665.000
script duration name:unknown400_120 seconds:556.0
script duration name:cocktail_x1 seconds:108.0
Script duration 664.0
Run total estimated duration= 665.000
script duration name:unknown120_60 seconds:214.0
script duration name:co2 seconds:0.0
Script duration 214.0
Run total estimated duration= 215.000
script duration name:unknown120_60 seconds:214.0
script duration name:co2 seconds:0.0
Script duration 214.0
Run total estimated duration= 215.000
script duration name:unknown120_60 seconds:214.0
script duration name:co2 seconds:0.0
Script duration 214.0
Run total estimated duration= 215.000
script duration name:unknown120_60 seconds:214.0
script duration name:co2 seconds:0.0
Script duration 214.0
Run total estimated duration= 215.000
script duration name:unknown120_60 seconds:214.0
script duration name:co2 seconds:0.0
Script duration 214.0
Run total estimated duration= 215.000
script duration name:unknown120_60 seconds:214.0
script duration name:co2 seconds:0.0
Script duration 214.0
Run total estimated duration= 215.000
script duration name:unknown120_60 seconds:214.0
script duration name:co2 seconds:0.0
Script duration 214.0
Run total estimated duration= 215.000
script duration name:unknown120_60 seconds:214.0
script duration name:co2 seconds:0.0
Script duration 214.0
Run total estimated duration= 215.000
script duration name:unknown120_60 seconds:214.0
script duration name:co2 seconds:0.0
Script duration 214.0
Run total estimated duration= 215.000
script duration name:unknown120_60 seconds:214.0
script duration name:co2 seconds:0.0
Script duration 214.0
Run total estimated duration= 215.000
script duration name:unknown120_60 seconds:214.0
script duration name:co2 seconds:0.0
Script duration 214.0
Run total estimated duration= 215.000
script duration name:unknown120_60 seconds:214.0
script duration name:co2 seconds:0.0
Script duration 214.0
Run total estimated duration= 215.000
script duration name:unknown400_120 seconds:556.0
script duration name:cocktail_x1 seconds:108.0
Script duration 664.0
Run total estimated duration= 665.000
script duration name:unknown400_120 seconds:556.0
script duration name:sniffair_x2 seconds:250.0
Script duration 806.0
Run total estimated duration= 807.000
script duration name:unknown400_120 seconds:556.0
script duration name:cocktail_x1 seconds:108.0
Script duration 664.0
Run total estimated duration= 665.000
script duration name:unknown400_120 seconds:556.0
script duration name:sniffair_x2 seconds:250.0
Script duration 806.0
Run total estimated duration= 807.000
ic_peak_hop3 in script context. using previous estimated duration
script duration name:ic_peak_hop3 seconds:134.0
air_x1 in script context. using previous estimated duration
script duration name:air_x1 seconds:106.0
Script duration 240.0
Run total estimated duration= 241.000
script duration name:unknown120_60 seconds:214.0
script duration name:co2 seconds:0.0
Script duration 214.0
Run total estimated duration= 215.000
script duration name:unknown120_60 seconds:214.0
script duration name:co2 seconds:0.0
Script duration 214.0
Run total estimated duration= 215.000
script duration name:unknown120_60 seconds:214.0
script duration name:co2 seconds:0.0
Script duration 214.0
Run total estimated duration= 215.000
script duration name:unknown120_60 seconds:214.0
script duration name:co2 seconds:0.0
Script duration 214.0
Run total estimated duration= 215.000
script duration name:unknown120_60 seconds:214.0
script duration name:co2 seconds:0.0
Script duration 214.0
Run total estimated duration= 215.000
script duration name:unknown120_60 seconds:214.0
script duration name:co2 seconds:0.0
Script duration 214.0
Run total estimated duration= 215.000
script duration name:unknown400_120 seconds:556.0
script duration name:co2 seconds:0.0
Script duration 556.0
Run total estimated duration= 557.000
script duration name:unknown120_60 seconds:214.0
script duration name:co2 seconds:0.0
Script duration 214.0
Run total estimated duration= 215.000
script duration name:unknown120_60 seconds:214.0
script duration name:co2 seconds:0.0
Script duration 214.0
Run total estimated duration= 215.000
script duration name:unknown120_60 seconds:214.0
script duration name:co2 seconds:0.0
Script duration 214.0
Run total estimated duration= 215.000
script duration name:unknown120_60 seconds:214.0
script duration name:co2 seconds:0.0
Script duration 214.0
Run total estimated duration= 215.000
script duration name:unknown120_60 seconds:214.0
script duration name:co2 seconds:0.0
Script duration 214.0
Run total estimated duration= 215.000
script duration name:unknown120_60 seconds:214.0
script duration name:co2 seconds:0.0
Script duration 214.0
Run total estimated duration= 215.000
script duration name:unknown400_120 seconds:556.0
script duration name:cocktail_x1 seconds:108.0
Script duration 664.0
Run total estimated duration= 665.000
script duration name:unknown400_120 seconds:556.0
script duration name:cocktail_x1 seconds:108.0
Script duration 664.0
Run total estimated duration= 665.000
script duration name:unknown120_60 seconds:214.0
script duration name:co2 seconds:0.0
Script duration 214.0
Run total estimated duration= 215.000
script duration name:unknown120_60 seconds:214.0
script duration name:co2 seconds:0.0
Script duration 214.0
Run total estimated duration= 215.000
script duration name:unknown120_60 seconds:214.0
script duration name:co2 seconds:0.0
Script duration 214.0
Run total estimated duration= 215.000
script duration name:unknown120_60 seconds:214.0
script duration name:co2 seconds:0.0
Script duration 214.0
Run total estimated duration= 215.000
script duration name:unknown120_60 seconds:214.0
script duration name:co2 seconds:0.0
Script duration 214.0
Run total estimated duration= 215.000
script duration name:unknown120_60 seconds:214.0
script duration name:co2 seconds:0.0
Script duration 214.0
Run total estimated duration= 215.000
script duration name:unknown120_60 seconds:214.0
script duration name:co2 seconds:0.0
Script duration 214.0
Run total estimated duration= 215.000
script duration name:unknown120_60 seconds:214.0
script duration name:co2 seconds:0.0
Script duration 214.0
Run total estimated duration= 215.000
script duration name:ic_peak_hop3 seconds:134.0
script duration name:air_x1 seconds:106.0
Script duration 240.0
Run total estimated duration= 241.000
script duration name:unknown120_60 seconds:214.0
script duration name:co2 seconds:0.0
Script duration 214.0
Run total estimated duration= 215.000
script duration name:unknown120_60 seconds:214.0
script duration name:co2 seconds:0.0
Script duration 214.0
Run total estimated duration= 215.000
script duration name:unknown120_60 seconds:214.0
script duration name:co2 seconds:0.0
Script duration 214.0
Run total estimated duration= 215.000
script duration name:unknown400_120 seconds:556.0
script duration name:sniffair_x2 seconds:250.0
Script duration 806.0
Run total estimated duration= 807.000
script duration name:unknown120_60 seconds:214.0
script duration name:co2 seconds:0.0
Script duration 214.0
Run total estimated duration= 215.000
script duration name:unknown400_120 seconds:556.0
script duration name:co2 seconds:0.0
Script duration 556.0
Run total estimated duration= 557.000
script duration name:unknown400_120 seconds:556.0
script duration name:cocktail_x1 seconds:108.0
Script duration 664.0
Run total estimated duration= 665.000
script duration name:unknown400_120 seconds:556.0
script duration name:cocktail_x1 seconds:108.0
Script duration 664.0
Run total estimated duration= 665.000
script duration name:unknown120_60 seconds:214.0
script duration name:co2 seconds:0.0
Script duration 214.0
Run total estimated duration= 215.000
script duration name:unknown400_120 seconds:556.0
script duration name:sniffair_x2 seconds:250.0
Script duration 806.0
Run total estimated duration= 807.000
script duration name:unknown120_60 seconds:214.0
script duration name:co2 seconds:0.0
Script duration 214.0
Run total estimated duration= 215.000
script duration name:unknown120_60 seconds:214.0
script duration name:co2 seconds:0.0
Script duration 214.0
Run total estimated duration= 215.000
script duration name:unknown120_60 seconds:214.0
script duration name:co2 seconds:0.0
Script duration 214.0
Run total estimated duration= 215.000
script duration name:unknown120_60 seconds:214.0
script duration name:co2 seconds:0.0
Script duration 214.0
Run total estimated duration= 215.000
script duration name:unknown120_60 seconds:214.0
script duration name:co2 seconds:0.0
Script duration 214.0
Run total estimated duration= 215.000
script duration name:unknown120_60 seconds:214.0
script duration name:co2 seconds:0.0
Script duration 214.0
Run total estimated duration= 215.000
script duration name:unknown120_60 seconds:214.0
script duration name:co2 seconds:0.0
Script duration 214.0
Run total estimated duration= 215.000
script duration name:unknown120_60 seconds:214.0
script duration name:co2 seconds:0.0
Script duration 214.0
Run total estimated duration= 215.000
script duration name:unknown120_60 seconds:214.0
script duration name:co2 seconds:0.0
Script duration 214.0
Run total estimated duration= 215.000
script duration name:unknown120_60 seconds:214.0
script duration name:co2 seconds:0.0
Script duration 214.0
Run total estimated duration= 215.000
script duration name:unknown120_60 seconds:214.0
script duration name:co2 seconds:0.0
Script duration 214.0
Run total estimated duration= 215.000
script duration name:unknown400_120 seconds:556.0
script duration name:cocktail_x1 seconds:108.0
Script duration 664.0
Run total estimated duration= 665.000
script duration name:unknown400_120 seconds:556.0
script duration name:cocktail_x1 seconds:108.0
Script duration 664.0
Run total estimated duration= 665.000
script duration name:unknown120_60 seconds:214.0
script duration name:co2 seconds:0.0
Script duration 214.0
Run total estimated duration= 215.000
script duration name:unknown120_60 seconds:214.0
script duration name:co2 seconds:0.0
Script duration 214.0
Run total estimated duration= 215.000
script duration name:unknown120_60 seconds:214.0
script duration name:co2 seconds:0.0
Script duration 214.0
Run total estimated duration= 215.000
script duration name:unknown120_60 seconds:214.0
script duration name:co2 seconds:0.0
Script duration 214.0
Run total estimated duration= 215.000
script duration name:ic_peak_hop3 seconds:134.0
script duration name:air_x1 seconds:106.0
Script duration 240.0
Run total estimated duration= 241.000
script duration name:unknown120_60 seconds:214.0
script duration name:co2 seconds:0.0
Script duration 214.0
Run total estimated duration= 215.000
nruns=100 before=5.0, run_dur=31924.0, btw=2970.0
write rem/ex queues
/Users/jan/PychronDev/experiments/rem/Load1786.rem.txt
/Users/jan/PychronDev/experiments/rem/Load1786.ex.txt
doing event level: 3
