do run
loading script "jan_unknown120_60.py"
loading script "jan_pump_ms.py"
loading script "jan_co2.py"
loading script "jan_pump_extraction_line.py"
testing...
no interpolation path defined
executed snippet estimated_duration=213.652928, duration=0.000334978103638
script duration name:unknown120_60 seconds:214.0
loading script "jan_unknown120_60.py"
loading script "jan_pump_ms.py"
loading script "jan_co2.py"
loading script "jan_pump_extraction_line.py"
testing...
no interpolation path defined
executed snippet estimated_duration=0, duration=4.10079956055e-05
loading script "jan_unknown120_60.py"
loading script "jan_pump_ms.py"
loading script "jan_co2.py"
loading script "jan_pump_extraction_line.py"
testing...
no interpolation path defined
calculate duration
testing...
no interpolation path defined
executed snippet estimated_duration=0, duration=5.31673431396e-05
calculate duration
testing...
no interpolation path defined
executed snippet estimated_duration=0, duration=0.000123023986816
executed snippet estimated_duration=0.0, duration=0.00294017791748
script duration name:co2 seconds:0.0
loading script "jan_unknown120_60.py"
loading script "jan_pump_ms.py"
loading script "jan_co2.py"
loading script "jan_pump_extraction_line.py"
testing...
no interpolation path defined
calculate duration
testing...
no interpolation path defined
executed snippet estimated_duration=4.0, duration=0.000241994857788
executed snippet estimated_duration=4.0, duration=0.00161099433899
Script duration 214.0
Run total estimated duration= 215.000
run duration: 0:03:35
doing event level: 2
10:39:26 -- Setting default integration. t=1.048576
setting integration time = 1.048576
SetIntegrationTime 1.048576 ===>> OK
----------------- start -----------------
**************** Experiment Type: Ar/Ar, Ar/Ar
$$$$$ Clearing conditionals
adding conditionals 
Add queue conditionals
add default conditionals
adding default conditionals from /Users/jan/PychronDev/setupfiles/spectrometer/default_conditionals.yaml
Start automated run 65552-27
loading script "jan_unknown120_60.py"
loading script "jan_pump_ms.py"
loading script "jan_co2.py"
loading script "jan_pump_extraction_line.py"
%%%%%%%%%%%%%%%%%% setting automated run 65552-27
No value "sensitivity_multiplier" in metadata
$$$$$$$$$$$$$$$ auto_save_detector_ic=False
============================= Pre Extraction Check =============================
loading queue conditionals pre_run_terminations
loading system conditionals pre_run_terminations
loading conditionals from /Users/jan/PychronDev/setupfiles/spectrometer/default_conditionals.yaml
10:39:26 -- ******* Pre Extraction Check *******
Get a measurement from the spectrometer
GetData ===>> H2,-0.187994914273599,H1,0.0115449484750175,AX,-0.0694171055036393,L1,-0.015166800227599,L2,0.064...
Pre Extraction Termination data. keys=H2,H1,AX,L1,L2,CDD, signals=-0.18799,0.01154,-0.06942,-0.01517,0.06475,0.00372
10:39:26 -- testing system defined conditionals
Checking default pre extraction terminations n=2
testing CDD
evaluate ot="CDD.inactive" t="CDD", ctx="{'CDD': False}"
GetDeflection CDD ===>> 50
testing CDD==2000
evaluate ot="CDD.deflection==2000" t="CDD==2000", ctx="{'CDD': 50.0}"
10:39:26 -- ******* Pre Extraction Check Passed *******
=================================================================================
10:39:26 -- stopping status monitor
stop 4984189200
Alive clients [4991693744]
10:39:26 -- starting status monitor
start 4984189200
Monitor already running
start extraction
do extraction
Analysis started at 10:39:26.104579
Extraction Started jan_co2.py
10:39:26 -- ******* Extraction Started jan_co2.py *******
state changed from not run to extraction
DO EXTRACTION <pychron.extraction_line.pyscript_runner.RemotePyScriptRunner object at 0x12c301530>
testing...
no interpolation path defined
calculate duration
testing...
no interpolation path defined
executed snippet estimated_duration=0, duration=5.22136688232e-05
calculate duration
testing...
no interpolation path defined
executed snippet estimated_duration=0, duration=0.000114917755127
executed snippet estimated_duration=100.0, duration=0.00280690193176
Jan CO2 laser analysis
doing GOSUB
testing...
no interpolation path defined
executed snippet estimated_duration=0, duration=5.31673431396e-05
Waiting for CO2 access
wait ('FelixCO2Flag', 0) {}
waiting for FelixCO2Flag = 0
Read FelixCO2Flag ===>> 0
finished waiting
CO2 free
wait ('CO2PumpTimeFlag', 0) {}
waiting for CO2PumpTimeFlag = 0
Read CO2PumpTimeFlag ===>> 0
finished waiting
acquire ('JanCO2Flag',) {'clear': True}
acquire JanCO2Flag
Set JanCO2Flag 1 ===>> OK
JanCO2Flag acquired
set extraction state False (0.75, 'red', 1.5)
CO2 acquired
executed snippet estimated_duration=0, duration=0.0176029205322
WaitForCO2Access.py completed successfully
gosub finished
doing GOSUB
testing...
no interpolation path defined
executed snippet estimated_duration=0, duration=9.98973846436e-05
Prepare for CO2 analysis
close () {'description': 'Jan Inlet'}
closing name=--- desc=Jan Inlet
checking ownership. requestor=129.138.12.150
check software interlocks R
interlocks []
actuate state mode=None-script, software_lock=False
doing actuation None-script close_channel False
Close R ===>> OK
GetIndicatorState R ===>> False
change switch state (True, True)
update switch state R False args=() kw={} ncanvase=2
10:39:26 -- CLOSE  VALVE-R (Jan Inlet)
---------------------------------------- close None (Jan Inlet) result=[(True, True)]
action=close, ok=True, locked=[False]
open () {'description': 'Jan Ion Pump'}
opening name=--- desc=Jan Ion Pump
checking ownership. requestor=129.138.12.150
check software interlocks O
interlocks []
actuate state mode=None-script, software_lock=False
doing actuation None-script open_channel False
Open O ===>> OK
GetIndicatorState O ===>> OK
change switch state (True, True)
update switch state O True args=() kw={} ncanvase=2
10:39:26 -- OPEN   VALVE-O (Jan Ion Pump)
---------------------------------------- open None (Jan Ion Pump) result=[(True, True)], time=0.09 sec
action=open, ok=True, locked=[False]
close () {'description': 'Microbone to Minibone'}
closing name=--- desc=Microbone to Minibone
checking ownership. requestor=129.138.12.150
check software interlocks L
interlocks []
actuate state mode=None-script, software_lock=False
doing actuation None-script close_channel False
Close L ===>> OK
GetIndicatorState L ===>> False
change switch state (True, True)
update switch state L False args=() kw={} ncanvase=2
10:39:27 -- CLOSE  VALVE-L (Microbone to Minibone)
---------------------------------------- close None (Microbone to Minibone) result=[(True, True)]
action=close, ok=True, locked=[False]
open () {'description': 'Microbone to Turbo'}
opening name=--- desc=Microbone to Turbo
checking ownership. requestor=129.138.12.150
check software interlocks U
interlocks []
actuate state mode=None-script, software_lock=False
doing actuation None-script open_channel False
Open U ===>> OK
GetIndicatorState U ===>> OK
change switch state (True, True)
update switch state U True args=() kw={} ncanvase=2
10:39:27 -- OPEN   VALVE-U (Microbone to Turbo)
---------------------------------------- open None (Microbone to Turbo) result=[(True, True)], time=0.12 sec
action=open, ok=True, locked=[False]
open () {'description': 'Microbone to Inlet Pipette'}
opening name=--- desc=Microbone to Inlet Pipette
checking ownership. requestor=129.138.12.150
check software interlocks S
interlocks []
actuate state mode=None-script, software_lock=False
doing actuation None-script open_channel False
Open S ===>> OK
GetIndicatorState S ===>> OK
change switch state (True, True)
update switch state S True args=() kw={} ncanvase=2
10:39:28 -- OPEN   VALVE-S (Microbone to Inlet Pipette)
---------------------------------------- open None (Microbone to Inlet Pipette) result=[(True, True)], time=0.40 sec
action=open, ok=True, locked=[False]
open () {'description': 'Microbone to Getter D-50'}
opening name=--- desc=Microbone to Getter D-50
checking ownership. requestor=129.138.12.150
check software interlocks K
interlocks []
actuate state mode=None-script, software_lock=False
doing actuation None-script open_channel False
Open K ===>> OK
GetIndicatorState K ===>> OK
change switch state (True, True)
update switch state K True args=() kw={} ncanvase=2
10:39:29 -- OPEN   VALVE-K (Microbone to Getter D-50)
---------------------------------------- open None (Microbone to Getter D-50) result=[(True, True)], time=0.40 sec
action=open, ok=True, locked=[False]
open () {'description': 'Microbone to Getter NP-10'}
opening name=--- desc=Microbone to Getter NP-10
checking ownership. requestor=129.138.12.150
check software interlocks M
interlocks []
actuate state mode=None-script, software_lock=False
doing actuation None-script open_channel False
Open M ===>> OK
GetIndicatorState M ===>> OK
change switch state (True, True)
update switch state M True args=() kw={} ncanvase=2
10:39:29 -- OPEN   VALVE-M (Microbone to Getter NP-10)
---------------------------------------- open None (Microbone to Getter NP-10) result=[(True, True)], time=0.13 sec
action=open, ok=True, locked=[False]
close () {'description': 'CO2 Laser to Felix'}
closing name=--- desc=CO2 Laser to Felix
checking ownership. requestor=129.138.12.150
check software interlocks F
interlocks []
actuate state mode=None-script, software_lock=True
VALVE-F(CO2 Laser to Felix) software locked
change switch state (True, False)
---------------------------------------- close None (CO2 Laser to Felix) result=[(True, False)]
action=close, ok=True, locked=[True]
open () {'description': 'CO2 Laser to Jan'}
opening name=--- desc=CO2 Laser to Jan
checking ownership. requestor=129.138.12.150
check software interlocks A
interlocks []
actuate state mode=None-script, software_lock=False
doing actuation None-script open_channel False
Open A ===>> OK
GetIndicatorState A ===>> OK
change switch state (True, True)
update switch state A True args=() kw={} ncanvase=2
10:39:30 -- OPEN   VALVE-A (CO2 Laser to Jan)
---------------------------------------- open None (CO2 Laser to Jan) result=[(True, True)], time=0.12 sec
action=open, ok=True, locked=[False]
open () {'description': 'Microbone to CO2 Laser'}
opening name=--- desc=Microbone to CO2 Laser
checking ownership. requestor=129.138.12.150
check software interlocks T
interlocks []
actuate state mode=None-script, software_lock=False
doing actuation None-script open_channel False
Open T ===>> OK
GetIndicatorState T ===>> OK
change switch state (True, True)
update switch state T True args=() kw={} ncanvase=2
10:39:30 -- OPEN   VALVE-T (Microbone to CO2 Laser)
---------------------------------------- open None (Microbone to CO2 Laser) result=[(True, True)], time=0.39 sec
action=open, ok=True, locked=[False]
executed snippet estimated_duration=0, duration=4.77732086182
PrepareForCO2Analysis.py completed successfully
gosub finished
set_motor ('beam', '1.25') {}
setting motor "beam" to 1.25
set motor beam to 1.25
SetMotor beam,1.25 ===>> OK
GetMotorMoving beam ===>> False
GetMotorMoving beam ===>> False
Block completed
move_to_position ('169',) {'autocenter': True}
FusionsCO2 move to position 169
sending GoToHole 169,True
GoToHole 169,True ===>> OK
GetDriveMoving ===>> OK
GetDriveMoving ===>> OK
GetDriveMoving ===>> OK
GetDriveMoving ===>> OK
GetDriveMoving ===>> OK
GetDriveMoving ===>> OK
GetDriveMoving ===>> OK
GetDriveMoving ===>> OK
GetDriveMoving ===>> OK
GetDriveMoving ===>> OK
GetDriveMoving ===>> OK
GetDriveMoving ===>> OK
GetDriveMoving ===>> OK
GetDriveMoving ===>> OK
GetDriveMoving ===>> OK
GetDriveMoving ===>> OK
GetDriveMoving ===>> OK
GetDriveMoving ===>> OK
GetDriveMoving ===>> OK
GetDriveMoving ===>> OK
GetDriveMoving ===>> OK
GetDriveMoving ===>> OK
GetDriveMoving ===>> OK
GetDriveMoving ===>> OK
GetDriveMoving ===>> OK
GetDriveMoving ===>> OK
GetDriveMoving ===>> OK
GetDriveMoving ===>> OK
GetDriveMoving ===>> OK
GetDriveMoving ===>> OK
GetDriveMoving ===>> OK
GetDriveMoving ===>> OK
GetDriveMoving ===>> OK
GetDriveMoving ===>> OK
GetDriveMoving ===>> OK
GetDriveMoving ===>> OK
GetDriveMoving ===>> OK
GetDriveMoving ===>> OK
GetDriveMoving ===>> OK
GetDriveMoving ===>> OK
GetDriveMoving ===>> OK
GetDriveMoving ===>> OK
GetDriveMoving ===>> OK
GetDriveMoving ===>> OK
GetDriveMoving ===>> OK
GetDriveMoving ===>> OK
GetDriveMoving ===>> False
GetDriveMoving ===>> False
Block completed
GetAutoCorrecting ===>> OK
GetAutoCorrecting ===>> OK
GetAutoCorrecting ===>> OK
GetAutoCorrecting ===>> OK
GetAutoCorrecting ===>> False
GetAutoCorrecting ===>> False
Block completed
update position
GetPosition ===>> -13.95730,-7.97560,1.00000
got position (-13.9573, -7.9756, 1.0)
move to position succeeded
sleep (5,) {}
SLEEP 5.0
block started
WaitControl setup for 5.0  
Join finished
block finished. duration 5.01253008842
close () {'description': 'Microbone to Turbo'}
closing name=--- desc=Microbone to Turbo
checking ownership. requestor=129.138.12.150
check software interlocks U
interlocks []
actuate state mode=None-script, software_lock=False
doing actuation None-script close_channel True
Close U ===>> OK
GetIndicatorState U ===>> False
change switch state (True, True)
update switch state U False args=() kw={} ncanvase=2
10:39:53 -- CLOSE  VALVE-U (Microbone to Turbo)
---------------------------------------- close None (Microbone to Turbo) result=[(True, True)]
action=close, ok=True, locked=[False]
enable laser
enable () {}
set extraction state FusionsCO2 Enabled (False, 'red', 1.5)
enabling laser
Enable ===>> OK
begin interval
BEGIN INTERVAL Interval 1 waiting for 30.0
block started
WaitControl setup for 30.0  
set extract to 5.0
extract (5.0,) {}
GetPosition ===>> -13.95730,-7.97560,1.00000
set extraction state FusionsCO2 ON! 5.0(watts) (0.75, 'red', 1.5)
extract sample to 5.0 (watts)
set laser output
SetLaserOutput 5.0,watts ===>> OK
executing pattern triangle.lp
execute_pattern ('triangle.lp',) {}
executing pattern triangle.lp
IsPatterning ===>> OK
IsPatterning ===>> OK
IsPatterning ===>> OK
IsPatterning ===>> OK
IsPatterning ===>> OK
IsPatterning ===>> OK
IsPatterning ===>> OK
IsPatterning ===>> OK
IsPatterning ===>> OK
IsPatterning ===>> OK
IsPatterning ===>> OK
IsPatterning ===>> OK
IsPatterning ===>> OK
IsPatterning ===>> OK
IsPatterning ===>> OK
IsPatterning ===>> OK
IsPatterning ===>> OK
IsPatterning ===>> OK
IsPatterning ===>> OK
IsPatterning ===>> OK
IsPatterning ===>> OK
IsPatterning ===>> OK
IsPatterning ===>> OK
IsPatterning ===>> OK
IsPatterning ===>> OK
IsPatterning ===>> OK
IsPatterning ===>> False
IsPatterning ===>> False
Block completed
COMPLETE INTERVAL waiting for Interval 1 to complete
Join finished
block finished. duration 30.0346128941
Interval 1 finished
end_extract () {}
ending extraction. set laser power to 0
set laser power 0
SetLaserPower 0 ===>> OK
disable () {}
%%%%%%%%%%%%%%%%%%%%%%%%%%%%%%%%%%% disable
set extraction state False (0.75, 'red', 1.5)
disabling laser
Disable ===>> OK
sleep (30.0,) {}
SLEEP 30.0
block started
WaitControl setup for 30.0  
Join finished
block finished. duration 30.0402281284
executed snippet estimated_duration=166.5, duration=87.9289298058
jan_co2.py completed successfully
GetAchievedOutput ===>> No Response
Requested Output= 0.000
Achieved Output=  0.000
GetResponseBlob ===>> No Response
GetOutputBlob ===>> No Response
persistence save...
persistence save - db
AutomatedRunPersister post_extraction_save deprecated
persistence save - dvc
no extraction position for 169
create new session 4991427888
close session 4991427888
Extraction Finished
10:40:54 -- ******* Extraction Finished *******
no overlap. not waiting for min ms pumptime
10:40:54 -- Sending spectrometer configuration
======== Sending configuration ========
SetDeflection CDD,50.0 ===>> OK
SetDeflection H2,0.0 ===>> OK
SetDeflection H1,0.0 ===>> OK
SetDeflection L2,825.0 ===>> OK
SetDeflection L1,400.0 ===>> OK
SetDeflection AX,190.0 ===>> OK
SetZFocus 74.64 ===>> OK
SetZSymmetry -50.72 ===>> OK
SetExtractionLens 26.13 ===>> OK
SetIonRepeller -3.81 ===>> OK
SetElectronEnergy 75.08 ===>> OK
SetYSymmetry -2.81 ===>> OK
SetIonCounterVoltage 1590.0 ===>> OK
send trap current 200.0
GetParameter Trap Current Readback ===>> 198.482695477019
SetParameter Trap Current Set,200.0 ===>> OK
updating mftable name mftable
Using mftable located at /Users/jan/PychronDev/setupfiles/spectrometer/mftables/mftable.csv
============ MFtable ===========
Isotope  H2     H1     AX     L1     L2     CDD    
Ar40     5.7970 5.8797 5.9932 6.1369 6.2314 6.3651
Ar39     5.6962 5.7720 5.8856 6.0230 6.1166 6.2516
Ar36     5.3737 5.4410 5.5490 5.6818 5.7715 5.9027
================================
get initial guess parabolic
get initial guess parabolic
get initial guess parabolic
get initial guess parabolic
get initial guess parabolic
get initial guess parabolic
======== Configuration Finished ========
GetYSymmetry ===>> -2.81
GetZSymmetry ===>> -50.72
GetParameter Trap Current Readback ===>> 197.811389855338
GetHighVoltage ===>> 4500
start measurement
do measurement
L#=65552 analysis type=unknown
Measurement Started jan_unknown120_60.py
10:40:54 -- ******* Measurement Started jan_unknown120_60.py *******
state changed from extraction to measurement
setting spec, defl, and gains
GetExtractionLens ===>> 26.13
GetYSymmetry ===>> -2.81
GetZSymmetry ===>> -50.72
GetZFocus ===>> 74.64
GetDeflection H2 ===>> 0
GetDeflection H1 ===>> 0
GetDeflection AX ===>> 190
GetDeflection L1 ===>> 400
GetDeflection L2 ===>> 825
GetDeflection CDD ===>> 50
GetGain H2 ===>> 0.0113
GetGain H1 ===>> 0.1
GetGain AX ===>> 0.097049
GetGain L1 ===>> 0.010355
GetGain L2 ===>> 0.095649
GetGain CDD ===>> 0
pre measurement save
New frame /Users/jan/PychronDev/data/isotopes/cf/e099d1-91f7-4d0e-8f7a-809c15258cc6.h5
flush and close file /Users/jan/PychronDev/data/isotopes/cf/e099d1-91f7-4d0e-8f7a-809c15258cc6.h5
testing...
no interpolation path defined
executed snippet estimated_duration=226.132928, duration=0.000150203704834
unknown measurement script
activate_detectors ('H2', 'H1', 'AX', 'L1', 'L2', 'CDD') {}
activate detectors
*************** Set Analysis View Ar/Ar
create graphs
clearing graphs
clear isotope group
setting isotope det=H2, iso=PM41
setting isotope det=H1, iso=Ar40
setting isotope det=AX, iso=Ar39
setting isotope det=L1, iso=Ar38
setting isotope det=L2, iso=Ar37
setting isotope det=CDD, iso=Ar36
setting previous blanks
 - setting Ar40 blank 0.182+/-0.007
 - setting Ar36 blank 0.00492+/-0.00017
 - setting Ar37 blank 0.053+/-0.005
 - setting Ar38 blank 0.0165+/-0.0021
 - setting PM41 blank 0.02+/-0.06
 - setting Ar39 blank 0.042+/-0.010
load analysis view
position_magnet ('Ar40',) {'detector': 'H1'}
detector Detector(H1)
POSITION Ar40 H1
setting detector H2 to PM41 (40.9624)
setting detector H1 to Ar40 (39.9624)
setting detector AX to Ar39 (38.9624)
setting detector L1 to Ar38 (37.9624)
setting detector L2 to Ar37 (36.9624)
setting detector CDD to Ar36 (35.9624)
Mapping mass to dac mass func: "parabolic"
H1 map mass coeffs = [-0.00063987  0.15840543  0.57135999]
H1 map mass to dac 39.9624 >> 5.87975
GetDeflection H1 ===>> 0
GetHighVoltage ===>> 4500
positioning Ar40 (5.87975) on H1
setting magnet DAC
current  : 5.879751
requested: 5.879750
Delta Dac: 0.000001
Checking detector protection. dv=0.00000
Checking detector "CDD". Protection Threshold: 0.1 (V)
SetMagnetDAC 5.87975 ===>> OK
Magnet settling time: 0.500
update labels <pychron.experiment.plot_panel.PlotPanel object at 0x1c472c2f0>
update labels "<pychron.graph.stacked_regression_graph.StackedRegressionGraph object at 0x1b8cba170>"
setting label 0 H2 PM41
setting label 1 H1 Ar40
setting label 2 AX Ar39
setting label 3 L1 Ar38
setting label 4 L2 Ar37
setting label 5 CDD Ar36
update labels "<pychron.graph.stacked_graph.StackedGraph object at 0x1b51b6c50>"
setting label 0 H2 PM41
setting label 1 H1 Ar40
setting label 2 AX Ar39
setting label 3 L1 Ar38
setting label 4 L2 Ar37
setting label 5 CDD Ar36
equilibrate () {'delay': 3, 'inlet': 'R', 'outlet': 'O', 'eqtime': 12.0}
Equilibration Started
10:40:55 -- ******* Equilibration Started *******
checking ownership. requestor=129.138.12.150
check software interlocks O
interlocks []
actuate state mode=None-script, software_lock=False
doing actuation None-script close_channel True
Close O ===>> OK
GetIndicatorState O ===>> False
change switch state (True, True)
update switch state O False args=() kw={} ncanvase=2
10:40:55 -- CLOSE  VALVE-O (Jan Ion Pump)
waiting 3s before opening inlet value ('R',)
checking ownership. requestor=129.138.12.150
check software interlocks R
interlocks []
actuate state mode=None-script, software_lock=False
doing actuation None-script open_channel True
Open R ===>> OK
GetIndicatorState R ===>> OK
change switch state (True, True)
update switch state R True args=() kw={} ncanvase=2
10:40:59 -- OPEN   VALVE-R (Jan Inlet)
equilibrating for 12.0sec
set_time_zero () {}
sniff (12.0,) {}
py_sniff
build tables- sniff [Detector(H2), Detector(H1), Detector(AX), Detector(L1), Detector(L2), Detector(CDD)]
add group /sniff/PM41 (Group) '' table H2
add group /sniff/Ar40 (Group) '' table H1
add group /sniff/Ar39 (Group) '' table AX
add group /sniff/Ar38 (Group) '' table L1
add group /sniff/Ar37 (Group) '' table L2
add group /sniff/Ar36 (Group) '' table CDD
flush and close file /Users/jan/PychronDev/data/isotopes/cf/e099d1-91f7-4d0e-8f7a-809c15258cc6.h5
measuring sniff. ncounts=12.0
"sniff" increment series count="1" fit count="0" regressing="False"
starting measurement
GetData ===>> H2,-0.226418760114727,H1,0.0710454023401087,AX,-0.0378571791848209,L1,0.0381876903201715,L2,0.088...
GetData ===>> H2,0.280499089965656,H1,154.353075858791,AX,32.677609777469,L1,0.121680268825279,L2,0.63794093187...
GetData ===>> H2,0.943197221771619,H1,645.861628179898,AX,130.508522068245,L1,0.877625186215613,L2,1.8611172786...
GetData ===>> H2,0.413189436372534,H1,843.380934885315,AX,165.481458289854,L1,1.53333210991922,L2,2.27635558847...
GetData ===>> H2,0.0464680059058025,H1,908.727802212599,AX,175.427100340705,L1,1.89007616209479,L2,2.1701920637...
GetData ===>> H2,0.0522251769667367,H1,933.385461060832,AX,179.204301381989,L1,2.08644571742098,L2,2.1904912332...
GetData ===>> H2,0.0545533957154742,H1,944.118464782348,AX,180.868959937362,L1,2.17648165726753,L2,2.2076007121...
GetData ===>> H2,0.0479543730312429,H1,948.494475734115,AX,181.361254788339,L1,2.27028978676816,L2,2.2807938347...
GetData ===>> H2,-0.0688292488087542,H1,950.104065384801,AX,181.437794357662,L1,2.34159550019249,L2,2.277831138...
GetData ===>> H2,0.0128314237714046,H1,951.481648417067,AX,181.80583515794,L1,2.39491504765085,L2,2.22490926747...
GetData ===>> H2,0.0128314237714046,H1,951.481648417067,AX,181.80583515794,L1,2.39491504765085,L2,2.22490926747...
Equilibration Finished
10:41:11 -- ******* Equilibration Finished *******
checking ownership. requestor=129.138.12.150
check software interlocks R
interlocks []
actuate state mode=None-script, software_lock=False
doing actuation None-script close_channel True
GetData ===>> H2,-0.0881680581882692,H1,951.217162054468,AX,181.699055204239,L1,2.35242153068448,L2,2.203334588...
Close R ===>> OK
set states for children of R. state=False
handle state [('R', False)]
update switch state R False args=() kw={'refresh': False} ncanvase=2
refresh_canvas_needed fired
GetIndicatorState R ===>> False
change switch state (True, True)
update switch state R False args=() kw={} ncanvase=2
10:41:11 -- CLOSE  VALVE-R (Jan Inlet)
Post Equilibration Started jan_pump_extraction_line.py
10:41:11 -- ******* Post Equilibration Started jan_pump_extraction_line.py *******
testing...
no interpolation path defined
calculate duration
testing...
no interpolation path defined
executed snippet estimated_duration=4.0, duration=0.000133991241455
executed snippet estimated_duration=4.0, duration=0.00147700309753
Pump after analysis
doing GOSUB
testing...
no interpolation path defined
executed snippet estimated_duration=4.0, duration=0.000136852264404
Pump Microbone
close () {'description': 'Jan Inlet'}
closing name=--- desc=Jan Inlet
checking ownership. requestor=129.138.12.150
check software interlocks R
interlocks []
actuate state mode=None-script, software_lock=False
doing actuation None-script close_channel False
Close R ===>> OK
measurement finished
estimated time: 12.583 actual time: :12.671
flush and close file /Users/jan/PychronDev/data/isotopes/cf/e099d1-91f7-4d0e-8f7a-809c15258cc6.h5
set_fits () {}
using default fits file=/Users/jan/PychronDev/scripts/measurement/fits/nominal_linear.yaml
set "Ar40" to "('Linear', 'SEM')"
No fit for "PM41". defaulting to linear. check the measurement script "jan_unknown120_60.py"
set "PM41" to "linear"
set "Ar36" to "('Linear', 'SEM')"
set "Ar37" to "('linear', 'SEM')"
set "Ar38" to "('linear', 'SEM')"
set "Ar39" to "('Linear', 'SEM')"
set_baseline_fits () {}
using default fits file=/Users/jan/PychronDev/scripts/measurement/fits/nominal_linear.yaml
GetIndicatorState R ===>> False
change switch state (True, True)
update switch state R False args=() kw={} ncanvase=2
set "H1" to "('average', 'SEM')"
set "H2" to "('average', 'SEM')"
set "CDD" to "('average', 'SEM')"
set "L2" to "('average', 'SEM')"
set "L1" to "('average', 'SEM')"
10:41:12 -- CLOSE  VALVE-R (Jan Inlet)
set "AX" to "('average', 'SEM')"
---------------------------------------- close None (Jan Inlet) result=[(True, True)]
multicollect () {'integration_time': 1, 'ncounts': 120}
build tables- signal [Detector(H2), Detector(H1), Detector(AX), Detector(L1), Detector(L2), Detector(CDD)]
add group /signal/PM41 (Group) '' table H2
add group /signal/Ar40 (Group) '' table H1
add group /signal/Ar39 (Group) '' table AX
add group /signal/Ar38 (Group) '' table L1
add group /signal/Ar37 (Group) '' table L2
add group /signal/Ar36 (Group) '' table CDD
flush and close file /Users/jan/PychronDev/data/isotopes/cf/e099d1-91f7-4d0e-8f7a-809c15258cc6.h5
measuring signal. ncounts=120
"signal" increment series count="2" fit count="1" regressing="True"
action=close, ok=True, locked=[False]
is_closed ('F',) {}
is F () closed?
is closed True
open () {'description': 'CO2 Laser to Jan'}
opening name=--- desc=CO2 Laser to Jan
checking ownership. requestor=129.138.12.150
check software interlocks A
interlocks []
actuate state mode=None-script, software_lock=False
doing actuation None-script open_channel False
Open A ===>> OK
GetIndicatorState A ===>> OK
change switch state (True, True)
update switch state A True args=() kw={} ncanvase=2
10:41:12 -- OPEN   VALVE-A (CO2 Laser to Jan)
---------------------------------------- open None (CO2 Laser to Jan) result=[(True, True)], time=0.12 sec
starting measurement
GetData ===>> H2,-0.012176958833714,H1,951.235073948281,AX,181.879185399739,L1,2.38045659787315,L2,2.2823155661...
action=open, ok=True, locked=[False]
sleep (1,) {}
SLEEP 1.0
GetData ===>> H2,0.11913851129007,H1,951.002763477873,AX,181.847641843642,L1,2.43086308894769,L2,2.224251924004...
close () {'description': 'CO2 Laser to Roughing'}
closing name=--- desc=CO2 Laser to Roughing
checking ownership. requestor=129.138.12.150
check software interlocks G
interlocks []
actuate state mode=None-script, software_lock=True
VALVE-G(CO2 Laser to Roughing) software locked
change switch state (True, False)
---------------------------------------- close None (CO2 Laser to Roughing) result=[(True, False)]
action=close, ok=True, locked=[True]
open () {'description': 'Microbone to Turbo'}
opening name=--- desc=Microbone to Turbo
checking ownership. requestor=129.138.12.150
check software interlocks U
interlocks []
actuate state mode=None-script, software_lock=False
doing actuation None-script open_channel True
Open U ===>> OK
GetIndicatorState U ===>> OK
change switch state (True, True)
update switch state U True args=() kw={} ncanvase=2
10:41:14 -- OPEN   VALVE-U (Microbone to Turbo)
---------------------------------------- open None (Microbone to Turbo) result=[(True, True)], time=0.19 sec
action=open, ok=True, locked=[False]
open () {'description': 'Microbone to Getter NP-10'}
opening name=--- desc=Microbone to Getter NP-10
checking ownership. requestor=129.138.12.150
check software interlocks M
interlocks []
actuate state mode=None-script, software_lock=False
doing actuation None-script open_channel False
Open M ===>> OK
GetIndicatorState M ===>> OK
change switch state (True, True)
update switch state M True args=() kw={} ncanvase=2
10:41:14 -- OPEN   VALVE-M (Microbone to Getter NP-10)
---------------------------------------- open None (Microbone to Getter NP-10) result=[(True, True)], time=0.14 sec
action=open, ok=True, locked=[False]
open () {'description': 'Microbone to Getter D-50'}
opening name=--- desc=Microbone to Getter D-50
checking ownership. requestor=129.138.12.150
check software interlocks K
interlocks []
actuate state mode=None-script, software_lock=False
doing actuation None-script open_channel False
GetData ===>> H2,-0.0581870017825292,H1,951.022112581264,AX,181.826869955385,L1,2.41759433704099,L2,2.320366625...
Open K ===>> OK
GetIndicatorState K ===>> OK
change switch state (True, True)
update switch state K True args=() kw={} ncanvase=2
10:41:15 -- OPEN   VALVE-K (Microbone to Getter D-50)
---------------------------------------- open None (Microbone to Getter D-50) result=[(True, True)], time=0.40 sec
action=open, ok=True, locked=[False]
open () {'description': 'Microbone to CO2 Laser'}
opening name=--- desc=Microbone to CO2 Laser
checking ownership. requestor=129.138.12.150
check software interlocks T
interlocks []
actuate state mode=None-script, software_lock=False
doing actuation None-script open_channel False
Open T ===>> OK
GetIndicatorState T ===>> OK
change switch state (True, True)
update switch state T True args=() kw={} ncanvase=2
10:41:15 -- OPEN   VALVE-T (Microbone to CO2 Laser)
---------------------------------------- open None (Microbone to CO2 Laser) result=[(True, True)], time=0.40 sec
GetData ===>> H2,-0.177678372779411,H1,950.135933802286,AX,181.705401982729,L1,2.4116035066417,L2,2.10544992738...
action=open, ok=True, locked=[False]
open () {'description': 'Microbone to Inlet Pipette'}
opening name=--- desc=Microbone to Inlet Pipette
checking ownership. requestor=129.138.12.150
check software interlocks S
interlocks []
actuate state mode=None-script, software_lock=False
doing actuation None-script open_channel False
Open S ===>> OK
GetIndicatorState S ===>> OK
change switch state (True, True)
update switch state S True args=() kw={} ncanvase=2
10:41:16 -- OPEN   VALVE-S (Microbone to Inlet Pipette)
---------------------------------------- open None (Microbone to Inlet Pipette) result=[(True, True)], time=0.40 sec
action=open, ok=True, locked=[False]
sleep (1,) {}
SLEEP 1.0
GetData ===>> H2,-0.0724824371679584,H1,949.814765555461,AX,181.747367872572,L1,2.41399074560935,L2,2.182225810...
set_resource () {'name': 'CO2PumpTimeFlag', 'value': 30}
Set CO2PumpTimeFlag 30 ===>> OK
release ('JanCO2Flag',) {}
release JanCO2Flag
Set JanCO2Flag 0 ===>> OK
executed snippet estimated_duration=6.0, duration=5.93714618683
PumpMicrobone.py completed successfully
gosub finished
get_resource_value () {'name': 'JanMiniboneFlag'}
Read JanMiniboneFlag ===>> 0
Get Resource Value JanMiniboneFlag=0.0
get resource value 0.0
get_resource_value () {'name': 'JanMiniboneFlag'}
Read JanMiniboneFlag ===>> 0
Get Resource Value JanMiniboneFlag=0.0
executed snippet estimated_duration=4.0, duration=5.95016694069
jan_pump_extraction_line.py completed successfully
Post Equilibration Finished
10:41:17 -- ******* Post Equilibration Finished *******
GetData ===>> H2,-0.00771531130842853,H1,949.957017839854,AX,181.48045845261,L1,2.38093149484127,L2,2.221391955...
GetData ===>> H2,-0.0412155054275823,H1,949.237755058619,AX,181.447546144746,L1,2.39181399886135,L2,2.253548406...
GetData ===>> H2,-0.054318324243991,H1,949.212682921248,AX,181.302912895697,L1,2.37693708196948,L2,2.2898784644...
GetData ===>> H2,-0.110953894809263,H1,948.463258151959,AX,181.122091198528,L1,2.39219671531728,L2,2.2256588751...
GetData ===>> H2,-0.138087030490178,H1,948.087854843904,AX,180.894522617231,L1,2.34856289193841,L2,2.2329476707...
GetData ===>> H2,-0.232303996567211,H1,947.876408823668,AX,181.012112139963,L1,2.34311962491673,L2,2.1992877100...
GetData ===>> H2,-0.143185107450708,H1,947.295729311536,AX,181.110896171031,L1,2.37892203951836,L2,2.1858569761...
GetData ===>> H2,-0.202604985619947,H1,947.048662511785,AX,181.054565802028,L1,2.33549456638797,L2,2.2738887031...
GetData ===>> H2,-0.135017889035841,H1,946.271318965329,AX,180.941489252578,L1,2.35677485928439,L2,2.1943648125...
GetData ===>> H2,-0.0868613965126922,H1,946.178325468292,AX,180.993396167649,L1,2.38440797487691,L2,2.248784240...
GetData ===>> H2,-0.141636464243624,H1,946.049436322065,AX,180.938624605553,L1,2.35236657030017,L2,2.2432590249...
GetData ===>> H2,-0.176984599878612,H1,945.379354779652,AX,180.713804685842,L1,2.34554552547191,L2,2.1658469119...
GetData ===>> H2,-0.117287966086222,H1,945.054999226405,AX,180.625488389704,L1,2.3672667016085,L2,2.20600954138...
GetData ===>> H2,-0.00496975612058288,H1,944.886189299087,AX,180.467096097816,L1,2.41434564860385,L2,2.17421467...
GetData ===>> H2,-0.0013447202773565,H1,944.892809328768,AX,180.388081560146,L1,2.39993401323012,L2,2.326202444...
GetData ===>> H2,-0.0396385771341623,H1,944.418177726669,AX,180.494708741555,L1,2.37101702256737,L2,2.219800557...
GetData ===>> H2,-0.104939010406214,H1,944.186465508162,AX,180.374964122288,L1,2.35020188099486,L2,2.1892116027...
GetData ===>> H2,-0.017392236478226,H1,943.647309352127,AX,180.118142577535,L1,2.33423535672185,L2,2.2303411712...
GetData ===>> H2,-0.144864592242993,H1,942.710881545466,AX,180.135544093796,L1,2.33715287823743,L2,2.2412635653...
10:41:38 -- collecting point 25
GetData ===>> H2,-0.135746716298237,H1,942.361742001391,AX,179.97874306743,L1,2.38675664861114,L2,2.17275083854...
GetData ===>> H2,-0.0900462700449938,H1,942.137941680811,AX,179.970725028635,L1,2.36123474093963,L2,2.206620640...
GetData ===>> H2,-0.120790489398309,H1,941.979226806025,AX,180.200923421821,L1,2.38148556661816,L2,2.1446310831...
GetData ===>> H2,-0.179880887540119,H1,941.790623824059,AX,179.997292425284,L1,2.33405988232102,L2,2.2515296635...
GetData ===>> H2,-0.0998957014738433,H1,940.983359133242,AX,179.782049657978,L1,2.36149209575535,L2,2.281497056...
GetData ===>> H2,-0.134664952144448,H1,940.36830890185,AX,179.862809530978,L1,2.3690303771591,L2,2.218405223332...
GetData ===>> H2,-0.16649861563167,H1,940.428507810205,AX,179.789799810106,L1,2.3567721795986,L2,2.196267073491...
GetData ===>> H2,-0.105139288855786,H1,940.000439865507,AX,179.766471477487,L1,2.36430863914984,L2,2.2388875225...
GetData ===>> H2,-0.188131110140829,H1,939.32140339451,AX,179.574841038487,L1,2.34190486204593,L2,2.20534079625...
GetData ===>> H2,-0.137724725737266,H1,939.396792535689,AX,179.702587714689,L1,2.32911289989546,L2,2.2584627796...
GetData ===>> H2,-0.0299401494743681,H1,938.590374946993,AX,179.66276901561,L1,2.34272585057748,L2,2.2659271054...
GetData ===>> H2,0.0161020388144617,H1,938.359957661589,AX,179.337587530717,L1,2.31469617079745,L2,2.1292263065...
GetData ===>> H2,-0.0321037647636146,H1,937.869683761652,AX,179.506041002519,L1,2.2926456281334,L2,2.2020547881...
GetData ===>> H2,-0.147825716532468,H1,937.177106411996,AX,179.341488027762,L1,2.34362324757389,L2,2.2062055537...
GetData ===>> H2,-0.0222642868589224,H1,937.452020449844,AX,179.100689705329,L1,2.302840569407,L2,2.17883684518...
GetData ===>> H2,-0.0158107835742745,H1,937.302993538725,AX,179.239544620602,L1,2.31432143690227,L2,2.190906252...
GetData ===>> H2,-0.176817224176859,H1,936.577887953468,AX,179.220747302843,L1,2.32205108799975,L2,2.2793297674...
GetData ===>> H2,-0.117550456038212,H1,935.982252635808,AX,179.001749225751,L1,2.30069497809588,L2,2.2703498700...
GetData ===>> H2,-0.091261657357945,H1,936.319682636558,AX,178.914603393022,L1,2.30702464966402,L2,2.1972931570...
GetData ===>> H2,-0.0902468111283662,H1,935.466698510945,AX,178.764030611638,L1,2.27963705619951,L2,2.165443525...
GetData ===>> H2,-0.105186651486418,H1,935.125743715065,AX,178.796211293211,L1,2.30815217105269,L2,2.0997140600...
GetData ===>> H2,-0.0793842216297687,H1,934.498821790485,AX,178.726738226086,L1,2.33618371487284,L2,2.233466672...
GetData ===>> H2,-0.202696650925254,H1,934.381682306043,AX,178.506479051494,L1,2.3026400294746,L2,2.24435481514...
GetData ===>> H2,-0.146599213235559,H1,933.876036951644,AX,178.416594299323,L1,2.28158684588166,L2,2.1388468030...
GetData ===>> H2,-0.108957436331773,H1,933.98185994406,AX,178.800618208298,L1,2.27930856337401,L2,2.25201415801...
10:42:04 -- collecting point 50
GetData ===>> H2,-0.0085854831357581,H1,933.643745794425,AX,178.408790434903,L1,2.30532622510613,L2,2.201559014...
GetData ===>> H2,-0.0934739519662978,H1,932.648880712765,AX,178.212282560667,L1,2.29680989525879,L2,2.293648605...
GetData ===>> H2,-0.0816414377451687,H1,932.321447405036,AX,178.342748576756,L1,2.30455198928263,L2,2.235565774...
GetData ===>> H2,-0.0781185755337376,H1,931.876843577712,AX,178.461200427842,L1,2.31303672992303,L2,2.223110232...
GetData ===>> H2,-0.115435480454267,H1,932.145165727605,AX,178.181487664448,L1,2.31797476602486,L2,2.1378789493...
GetData ===>> H2,-0.0459375610944604,H1,931.651592277163,AX,178.192196423785,L1,2.30966641117285,L2,2.278707257...
GetData ===>> H2,-0.117672227666704,H1,931.027437081315,AX,178.160938344956,L1,2.29110962797026,L2,2.1666767402...
GetData ===>> H2,-0.0612706928124957,H1,930.815268586921,AX,177.883259482152,L1,2.30195688367087,L2,2.166699791...
GetData ===>> H2,-0.0323522893724097,H1,930.39425752095,AX,177.920142677709,L1,2.32140214875782,L2,2.2372266340...
GetData ===>> H2,-0.0999295475612315,H1,930.102284823971,AX,178.081622840414,L1,2.3080625537028,L2,2.1984921897...
GetData ===>> H2,-0.106551963572936,H1,929.872474241828,AX,177.987873401553,L1,2.28454957265855,L2,2.2690703889...
GetData ===>> H2,-0.0254078576331343,H1,929.358788744628,AX,177.837193502074,L1,2.2585482644705,L2,2.1895343908...
GetData ===>> H2,-0.0258807348596824,H1,929.00779224417,AX,177.750939021363,L1,2.29729629222422,L2,2.1223830867...
GetData ===>> H2,-0.0697148546581904,H1,928.016240492565,AX,177.660102817291,L1,2.31311166712596,L2,2.181776246...
GetData ===>> H2,-0.0100333563418821,H1,927.789912653618,AX,177.602135515327,L1,2.31172407183242,L2,2.192324247...
GetData ===>> H2,0.0823699886554983,H1,927.866610759984,AX,177.591666499773,L1,2.29651325691258,L2,2.2234100695...
GetData ===>> H2,-0.0309900906752969,H1,928.059475363397,AX,177.718398898103,L1,2.27810417203147,L2,2.228576634...
GetData ===>> H2,-0.0688753616872849,H1,927.639332002161,AX,177.563127186348,L1,2.26117659150629,L2,2.267110856...
GetData ===>> H2,-0.0729461210575734,H1,927.082663660612,AX,177.382591875986,L1,2.25782258130598,L2,2.148041896...
GetData ===>> H2,-0.134885369957763,H1,926.892290216729,AX,177.336758423353,L1,2.26522702351775,L2,2.1549215042...
GetData ===>> H2,-0.122279647569257,H1,926.127170533271,AX,177.190636918552,L1,2.28878129779978,L2,2.1950104242...
GetData ===>> H2,-0.0756288799000754,H1,925.747497262726,AX,176.860838162526,L1,2.32535925380133,L2,2.204164738...
GetData ===>> H2,-0.1169916428177,H1,925.202398762982,AX,177.10636335157,L1,2.33353615441104,L2,2.1863065584925...
GetData ===>> H2,-0.153655122920442,H1,924.998138869833,AX,177.044827675887,L1,2.27648605835342,L2,2.1609257159...
GetData ===>> H2,-0.12785583037472,H1,924.349025872042,AX,176.925177985115,L1,2.27825905324621,L2,2.21359666329...
10:42:30 -- collecting point 75
GetData ===>> H2,-0.111438549000632,H1,924.127200672022,AX,176.986837589766,L1,2.27037792474056,L2,2.1182589557...
GetData ===>> H2,-0.122912582071845,H1,923.834107684098,AX,176.732324795727,L1,2.27564609512691,L2,2.0913527424...
GetData ===>> H2,-0.0597845502338914,H1,923.488318097053,AX,176.897632676888,L1,2.33298298494164,L2,2.143928194...
GetData ===>> H2,0.0142413618384261,H1,922.972203347524,AX,176.758022075974,L1,2.28992134396865,L2,2.1992185341...
GetData ===>> H2,-0.0421572156426662,H1,922.986730032276,AX,176.512804579666,L1,2.28171372750961,L2,2.167598779...
GetData ===>> H2,-0.0551526698870217,H1,922.425859267543,AX,176.322303039219,L1,2.287561189205,L2,2.12216420382...
GetData ===>> H2,-0.0735846723219752,H1,922.619732789121,AX,176.454960781687,L1,2.3181499893391,L2,2.1772807275...
GetData ===>> H2,-0.0624705842414405,H1,922.29874208173,AX,176.236185163939,L1,2.28277825414947,L2,2.2229026540...
GetData ===>> H2,-0.0321159874120648,H1,921.026874710609,AX,175.971748349694,L1,2.2986674037645,L2,2.1206435575...
GetData ===>> H2,-0.0671771994799626,H1,920.684988000182,AX,176.305415278426,L1,2.28738479894554,L2,2.129122617...
GetData ===>> H2,-0.034561611437087,H1,920.129843110432,AX,176.066100306703,L1,2.28081089580202,L2,2.2552787911...
GetData ===>> H2,-0.116581648557391,H1,920.135318611449,AX,175.892180552802,L1,2.29991972513345,L2,2.1492287956...
GetData ===>> H2,-0.151762327963863,H1,920.28991633576,AX,176.07098379188,L1,2.31332979075998,L2,2.126138733264...
GetData ===>> H2,-0.0900503351020862,H1,920.113416928505,AX,176.165834571897,L1,2.33632961948285,L2,2.201420659...
GetData ===>> H2,-0.013556426535195,H1,919.357126469247,AX,175.941095959048,L1,2.29525022398029,L2,2.2327285375...
GetData ===>> H2,-0.0146204733546596,H1,918.956532078542,AX,175.827608753929,L1,2.27821232161977,L2,2.174629621...
GetData ===>> H2,-0.107264999898756,H1,918.390299674084,AX,175.875505446635,L1,2.26244961725403,L2,2.1106793077...
GetData ===>> H2,-0.056590585548064,H1,918.171981101011,AX,175.615596191217,L1,2.26937239176458,L2,2.1944916288...
GetData ===>> H2,-0.114953703482449,H1,917.385395723984,AX,175.481801981031,L1,2.28733669299267,L2,2.1417043324...
GetData ===>> H2,-0.113345827904119,H1,917.526282330655,AX,175.699286683912,L1,2.2958974555643,L2,2.28818367825...
GetData ===>> H2,-0.0916396610322389,H1,917.424295025636,AX,175.640222693244,L1,2.26202926256444,L2,2.236511538...
GetData ===>> H2,-0.03443262161515,H1,917.068556837408,AX,175.59295858703,L1,2.28916753727266,L2,2.087172354716...
GetData ===>> H2,-0.0465661626015275,H1,916.589459155228,AX,175.412435109256,L1,2.28035683632782,L2,2.174514357...
GetData ===>> H2,-0.0480214523890983,H1,915.959663092203,AX,175.315221256757,L1,2.27166268115942,L2,2.202827278...
GetData ===>> H2,-0.0703956257705367,H1,915.918151748774,AX,175.447016042024,L1,2.28645879560099,L2,2.150830556...
10:42:56 -- collecting point 100
GetData ===>> H2,-0.00867521583047448,H1,915.169082171213,AX,175.307812084987,L1,2.30448914346807,L2,2.16086809...
GetData ===>> H2,-0.0901899011804428,H1,914.841118273536,AX,175.101017723461,L1,2.24604512567499,L2,2.134583710...
GetData ===>> H2,-0.0708973632657332,H1,914.448030072036,AX,175.057984380006,L1,2.23800176948579,L2,2.202804218...
GetData ===>> H2,-0.107769645619591,H1,914.630258390999,AX,175.160946163922,L1,2.28114477479561,L2,2.1532044374...
GetData ===>> H2,-0.103984932834822,H1,914.267747014487,AX,175.08914013686,L1,2.28510667410523,L2,2.18249093842...
GetData ===>> H2,-0.100630815807439,H1,914.076380065409,AX,175.00678929267,L1,2.30884639536086,L2,2.19980653120...
GetData ===>> H2,-0.229983651833543,H1,913.595007959808,AX,174.59336921602,L1,2.27574496378059,L2,2.28361827933...
GetData ===>> H2,-0.106039145073683,H1,913.290818391552,AX,174.708104165809,L1,2.25413297124334,L2,2.0800569308...
GetData ===>> H2,-0.0523509258092955,H1,912.872534837456,AX,174.6844424864,L1,2.24950662740638,L2,2.10743106905...
GetData ===>> H2,-0.130967244428248,H1,912.097634502016,AX,174.663028528594,L1,2.26158757352198,L2,2.1012919655...
GetData ===>> H2,-0.137850452205061,H1,912.043938915981,AX,174.644147571325,L1,2.26594117245311,L2,2.2405023025...
GetData ===>> H2,-0.10168805156216,H1,911.642963147317,AX,174.580229934912,L1,2.26551534732795,L2,2.13797112548...
GetData ===>> H2,-0.191900792738055,H1,911.45291503157,AX,174.691573687377,L1,2.25509530942965,L2,2.09549875994...
GetData ===>> H2,-0.0916911444310459,H1,910.857805912328,AX,174.54675870537,L1,2.25304126467219,L2,2.1622856466...
GetData ===>> H2,-0.069412427332748,H1,910.696361653503,AX,174.463909959233,L1,2.24519958812743,L2,2.1949527801...
GetData ===>> H2,-0.0194719751174497,H1,910.183652261293,AX,174.435275732492,L1,2.25019638781114,L2,2.085928637...
GetData ===>> H2,-0.146774822065086,H1,909.788447752318,AX,174.338899101808,L1,2.24494620603299,L2,2.1320950730...
GetData ===>> H2,-0.276080420727509,H1,909.59488391043,AX,174.145152691725,L1,2.24906104076521,L2,2.10588761798...
GetData ===>> H2,-0.19628233147601,H1,908.94511939079,AX,174.190917117991,L1,2.23279522929405,L2,2.185188370256...
GetData ===>> H2,-0.158451189354017,H1,909.204651568066,AX,174.229106792833,L1,2.22998231309289,L2,2.1038949899...
GetData ===>> H2,-0.115129635644787,H1,908.784088211913,AX,174.213979481946,L1,2.23818435739636,L2,2.1509918861...
measurement finished
estimated time: 125.829 actual time: :126.146
flush and close file /Users/jan/PychronDev/data/isotopes/cf/e099d1-91f7-4d0e-8f7a-809c15258cc6.h5
baselines () {'settling_time': 15.0, 'detector': 'H1', 'mass': 34.2, 'ncounts': 60}
%%%%%%%%%%%%%%%%%%%%%%%%%%%%%%%% Baseline
build tables- baseline [Detector(H2), Detector(H1), Detector(AX), Detector(L1), Detector(L2), Detector(CDD)]
add group baseline table H2
add group baseline table H1
add group baseline table AX
add group baseline table L1
add group baseline table L2
add group baseline table CDD
flush and close file /Users/jan/PychronDev/data/isotopes/cf/e099d1-91f7-4d0e-8f7a-809c15258cc6.h5
detector Detector(H1)
POSITION 34.2 H1
Mapping mass to dac mass func: "parabolic"
H1 map mass coeffs = [-0.00063987  0.15840543  0.57135999]
H1 map mass to dac 34.2 >> 5.24040599104
GetDeflection H1 ===>> 0
GetHighVoltage ===>> 4500
positioning 34.2 (5.24040599104) on H1
setting magnet DAC
current  : 5.879750
requested: 5.240406
Delta Dac: 0.639344
Checking detector protection. dv=0.63934
Checking detector "CDD". Protection Threshold: 0.1 (V)
ProtectDetector CDD,On ===>> OK
GetDeflection CDD ===>> 2000
Protected = 2000
SetMagnetDAC 5.24040599104 ===>> OK
Magnet settling time: 0.500
GetMagnetMoving ===>> True
GetMagnetMoving ===>> True
GetMagnetMoving ===>> True
GetMagnetMoving ===>> True
GetMagnetMoving ===>> True
GetMagnetMoving ===>> True
GetMagnetMoving ===>> True
GetMagnetMoving ===>> True
GetMagnetMoving ===>> False
ProtectDetector CDD,Off ===>> OK
GetDeflection CDD ===>> 50
Delaying 15.0s for detectors to settle
Join finished
measuring baseline. ncounts=60
"baseline" increment series count="2" fit count="1" regressing="True"
starting measurement
GetData ===>> H2,-0.161099639521482,H1,-0.0863402058479011,AX,-0.179064822336343,L1,-0.0502165495117751,L2,-0.0...
GetData ===>> H2,-0.0784383880590921,H1,-0.0667326868194483,AX,-0.0532326173024317,L1,-0.0442464898761791,L2,-0...
GetData ===>> H2,0.0109182147980863,H1,-0.00508403330548008,AX,-0.138547701071098,L1,-0.0525148185580799,L2,0.0...
GetData ===>> H2,-0.0453225027160753,H1,-0.0171186390995224,AX,-0.0873490642472887,L1,-0.0890584480251348,L2,0....
GetData ===>> H2,-0.147227339977172,H1,-0.0537979647990071,AX,-0.0668087560529858,L1,-0.0749994055367213,L2,-0....
GetData ===>> H2,-0.245527637746008,H1,-0.0741708849439025,AX,-0.0377412164251699,L1,-0.0350187167468941,L2,-0....
GetData ===>> H2,-0.167809156738795,H1,-0.0580421684808872,AX,-0.0233491652951826,L1,-0.055474974967736,L2,-0.0...
GetData ===>> H2,-0.118281066220084,H1,-0.0789982657370956,AX,-0.176561249201225,L1,-0.0920937795169576,L2,-0.0...
GetData ===>> H2,-0.225113954777301,H1,-0.0676982533810431,AX,-0.14229290976058,L1,-0.0704536133773866,L2,-0.05...
GetData ===>> H2,-0.17851651252867,H1,-0.0232606205228468,AX,-0.0425883419570943,L1,-0.00739626643528837,L2,-0....
GetData ===>> H2,-0.236012328306111,H1,0.0268403245176298,AX,-0.0219921900909647,L1,-0.0303150392940897,L2,-0.0...
GetData ===>> H2,-0.148135022958697,H1,-0.0635259853385637,AX,-0.125219030620851,L1,-0.0516498888495022,L2,0.06...
GetData ===>> H2,-0.205951635705695,H1,-0.0221038101121394,AX,-0.0867231821126702,L1,-0.0234797008550575,L2,-0....
GetData ===>> H2,-0.193456297173261,H1,-0.0541317850938359,AX,-0.0618469027601612,L1,-0.0207442642568456,L2,0.0...
GetData ===>> H2,-0.177405727798462,H1,-0.0231771398068179,AX,-0.123921405441407,L1,0.0129951144544683,L2,-0.03...
GetData ===>> H2,-0.174169929494357,H1,-0.0542152399935379,AX,0.0492465709498081,L1,0.00460006678971184,L2,-0.0...
GetData ===>> H2,-0.208455247427647,H1,0.0572829282573519,AX,-0.0212615032984749,L1,-0.0288213664204271,L2,-0.0...
GetData ===>> H2,-0.225582570936428,H1,0.0399780784900329,AX,-0.0931672573382603,L1,-0.0562291061201674,L2,0.05...
GetData ===>> H2,-0.272962607650271,H1,-0.038762974960682,AX,-0.154698608226547,L1,-0.0754729819479072,L2,-0.06...
GetData ===>> H2,-0.167120837880656,H1,-0.0805715839703012,AX,-0.0563050946230148,L1,-0.0552666811448017,L2,-0....
GetData ===>> H2,-0.13262284119574,H1,-0.000121871675795426,AX,-0.0788993157112174,L1,-0.0409571329564375,L2,-0...
GetData ===>> H2,-0.199113062861544,H1,-0.0430793570364017,AX,0.000580445561072307,L1,-0.0338093909024273,L2,-0...
GetData ===>> H2,-0.198864947029033,H1,-0.00758887723815143,AX,-0.0623222314398989,L1,-0.0487566781948881,L2,-0...
GetData ===>> H2,-0.156181754513557,H1,0.00142885428122703,AX,-0.0294379236905787,L1,-0.0132770103663757,L2,-0....
10:44:02 -- collecting point 25
GetData ===>> H2,-0.0844332083325022,H1,-0.0544417600848,AX,0.0045596182797451,L1,0.0121715829526916,L2,0.01050...
GetData ===>> H2,-0.118578708742056,H1,0.012535139981318,AX,-0.0152998219717372,L1,-0.00880412120737499,L2,-0.0...
GetData ===>> H2,-0.182877616893489,H1,-0.071143223586234,AX,-0.162338339900102,L1,0.0115557790342938,L2,-0.019...
GetData ===>> H2,-0.122268827869267,H1,-0.0159021242750022,AX,-0.117409846310988,L1,-0.0151919903086793,L2,-0.1...
GetData ===>> H2,-0.178300572632068,H1,0.0486062607607753,AX,-0.0609542060378913,L1,-0.0153947081892958,L2,-0.0...
GetData ===>> H2,-0.159961192421428,H1,-0.0134332693272342,AX,-0.143046572098574,L1,0.0237492155411715,L2,-0.07...
GetData ===>> H2,-0.122567718289162,H1,-0.0347564426846912,AX,-0.073984446797404,L1,0.0594774351255214,L2,-0.03...
GetData ===>> H2,-0.222669564098669,H1,0.00603345907583837,AX,-0.102114078566021,L1,0.0883177899532876,L2,-0.07...
GetData ===>> H2,-0.24025078880334,H1,-0.0375347990785755,AX,-0.0598064410757318,L1,0.0483984701170341,L2,-0.01...
GetData ===>> H2,-0.157750144595281,H1,0.0486659326599305,AX,-0.142153771459607,L1,0.040743024546424,L2,-0.0265...
GetData ===>> H2,-0.257207063038906,H1,-0.00459498503355675,AX,-0.124037265536198,L1,-0.0719882531538244,L2,-0....
GetData ===>> H2,-0.265400245130637,H1,0.0298829751681719,AX,-0.0373121530130155,L1,-0.0505874666185425,L2,-0.0...
GetData ===>> H2,-0.202196526774237,H1,0.00664185534355894,AX,0.0802710847815554,L1,-0.0152471683611722,L2,-0.0...
GetData ===>> H2,-0.108878975628673,H1,-0.0232367688968392,AX,0.0161732361174973,L1,-0.00293995980890269,L2,-0....
GetData ===>> H2,-0.0905598107493666,H1,0.00485246511166007,AX,-0.15050171724869,L1,-0.0293508251731732,L2,-0.0...
GetData ===>> H2,-0.183124497993882,H1,-0.0407065623058365,AX,-0.0575108705374505,L1,-0.0079311305381602,L2,0.0...
GetData ===>> H2,-0.125314166331432,H1,0.0159233392297732,AX,-0.0913128909397741,L1,-0.03866580160769,L2,-0.020...
GetData ===>> H2,-0.145696811127381,H1,0.0246926267912563,AX,-0.0814030214087381,L1,-0.0202347339848126,L2,-0.0...
GetData ===>> H2,-0.264549212386213,H1,-0.0388106708074652,AX,-0.0652205268063721,L1,-0.00639721768228368,L2,0....
GetData ===>> H2,-0.22521225805356,H1,0.0808052179247955,AX,-0.100271471520287,L1,-0.0283409962380562,L2,0.0261...
GetData ===>> H2,-0.17117052112161,H1,-0.00579970939666978,AX,-0.0462061347718493,L1,-0.0288213664204271,L2,-0....
GetData ===>> H2,-0.225807445928545,H1,-0.0229982523237247,AX,-0.0849961901562082,L1,-0.00774285202119794,L2,-0...
GetData ===>> H2,-0.045632072673797,H1,-0.0533210767319268,AX,-0.0226532829384718,L1,-0.00480549103821249,L2,-0...
GetData ===>> H2,-0.175829117207289,H1,-0.04683517339219,AX,-0.0592035692081215,L1,0.0159920886721511,L2,-0.069...
GetData ===>> H2,-0.141133717843998,H1,0.00991055741421678,AX,0.0531092591863269,L1,-0.0195429304050037,L2,0.00...
10:44:28 -- collecting point 50
GetData ===>> H2,-0.3409692574069,H1,0.00504333187907338,AX,-0.0583920050265717,L1,-0.0201388195180128,L2,-0.05...
GetData ===>> H2,-0.35193583188834,H1,-0.00954499748180275,AX,-0.143997337794877,L1,-0.00986288054328025,L2,-0....
GetData ===>> H2,-0.1655051487559,H1,-0.00229284765682611,AX,-0.0541137905306484,L1,0.00312330379711305,L2,-0.0...
GetData ===>> H2,-0.235647738620683,H1,-0.0177388174375402,AX,-0.055493506268125,L1,-0.0167392601006083,L2,-0.0...
GetData ===>> H2,-0.192524907288841,H1,0.109028134925349,AX,-0.037416519963009,L1,0.00523666107137362,L2,0.0294...
GetData ===>> H2,-0.232952638800083,H1,0.0196934421972774,AX,-0.106552416416804,L1,0.053543642193584,L2,-0.0772...
GetData ===>> H2,-0.130699404604553,H1,-0.00396279714143228,AX,-0.220538259107866,L1,0.0125569296937835,L2,-0.0...
GetData ===>> H2,-0.150424168466994,H1,-0.047777086180356,AX,-0.0760709780765845,L1,-0.0391701070252751,L2,0.02...
GetData ===>> H2,-0.0730233998685002,H1,0.00103520618621751,AX,-0.108557134492491,L1,-0.0408601242897845,L2,0.0...
GetData ===>> H2,-0.125311462130416,H1,0.0257784015499365,AX,-0.217236328462467,L1,0.00157833722363712,L2,0.020...
GetData ===>> H2,-0.205783181218211,H1,0.000188271593759737,AX,-0.0429825951395346,L1,0.00217252708945997,L2,-0...
measurement finished
estimated time: 62.915 actual time: :63.066
flush and close file /Users/jan/PychronDev/data/isotopes/cf/e099d1-91f7-4d0e-8f7a-809c15258cc6.h5
activate_detectors ('H1', 'AX', 'CDD') {'peak_center': True}
peak_center () {'detector': 'H1', 'integration_time': 0.262144, 'isotope': 'Ar40'}
peak center: mean=910.115088884 threshold=3
peak center started
setup peak center. detector=['H1', 'AX', 'CDD'], isotope=Ar40
VersionedUnpickler [<apptools.sweet_pickle.versioned_unpickler.VersionedUnpickler object at 0x1a4024e90>] using Updater [<apptools.sweet_pickle.updater.Updater object at 0x1373f1ad0>]
VersionedUnpickler [<apptools.sweet_pickle.versioned_unpickler.VersionedUnpickler object at 0x1a4024e90>] using Updater [<apptools.sweet_pickle.updater.Updater object at 0x1373f1ad0>]
VersionedUnpickler [<apptools.sweet_pickle.versioned_unpickler.VersionedUnpickler object at 0x19464fb30>] using Updater [<apptools.sweet_pickle.updater.Updater object at 0x1373f1ad0>]
setting integration time = 0.524288
SetIntegrationTime 0.524288 ===>> OK
Mapping mass to dac mass func: "parabolic"
H1 map mass coeffs = [-0.00063987  0.15840543  0.57135999]
H1 map mass to dac 39.9624 >> 5.87975
GetDeflection H1 ===>> 0
GetHighVoltage ===>> 4500
do peak center. <pychron.spectrometer.jobs.peak_center.PeakCenter object at 0x1376ecfb0>
doing pc
starting peak center. center dac= 5.87975 step_width=0.001
width = 0.001
get scan parameters. half-width=0.015,window=0.015, i=0, scalar=1
Scan parameters center=5.87975 width=0.03000 (5.86475 - 5.89475)
GetData ===>> H2,-0.353431636161911,H1,-0.0349830068240518,AX,-0.00564901129714164,L1,-0.00115568471988329,L2,-...
Moving to starting dac 5.86475
setting magnet DAC
current  : 5.240406
requested: 5.864750
Delta Dac: 0.624344
Checking detector protection. dv=0.62434
Checking detector "CDD". Protection Threshold: 0.1 (V)
ProtectDetector CDD,On ===>> OK
GetDeflection CDD ===>> 2000
Protected = 2000
SetMagnetDAC 5.86475 ===>> OK
Magnet settling time: 0.500
GetMagnetMoving ===>> True
GetMagnetMoving ===>> True
GetMagnetMoving ===>> True
GetMagnetMoving ===>> True
GetMagnetMoving ===>> True
GetMagnetMoving ===>> True
GetMagnetMoving ===>> True
GetMagnetMoving ===>> True
GetMagnetMoving ===>> True
GetMagnetMoving ===>> False
ProtectDetector CDD,Off ===>> OK
GetDeflection CDD ===>> 50
Wait until signal near baseline. tol= -0.026237255118. timeout= 10
GetData ===>> H2,46.1377498085367,H1,19.6939473786067,AX,1.04233796526272,L1,0.0445778411608529,L2,-0.100128504...
GetData ===>> H2,67.3091418495532,H1,35.9217478959993,AX,4.84360385441934,L1,0.0393287925526401,L2,-0.117595103...
GetData ===>> H2,38.3786352392244,H1,17.1626521866278,AX,2.23424084699505,L1,0.0393360075189411,L2,-0.110051650...
GetData ===>> H2,16.4616455196929,H1,8.71294384618786,AX,1.0833856928688,L1,0.0410942081087678,L2,-0.0112722535...
GetData ===>> H2,5.73392417719246,H1,4.68671963699252,AX,0.46782835347882,L1,0.041986654207756,L2,-0.0228619331...
GetData ===>> H2,1.7194795539485,H1,2.76636001562711,AX,0.310078328961377,L1,0.0172319363361565,L2,-0.081107831...
GetData ===>> H2,0.525140932624458,H1,1.78271761553688,AX,0.139546781034294,L1,0.00262029332198959,L2,-0.028189...
GetData ===>> H2,0.242531120288492,H1,1.41765774306852,AX,0.0488635522469498,L1,0.010651642526961,L2,-0.0371820...
GetData ===>> H2,0.242531120288492,H1,1.41765774306852,AX,0.0488635522469498,L1,0.010651642526961,L2,-0.0371820...
GetData ===>> H2,0.224307687340047,H1,1.33117500841997,AX,-0.0570007363969673,L1,0.00972359835744816,L2,-0.1033...
GetData ===>> H2,0.293554952091436,H1,1.10262912242372,AX,0.00906103597727467,L1,-0.00453917911318833,L2,0.0257...
GetData ===>> H2,0.243585501713163,H1,0.904120658663632,AX,0.102541381608556,L1,0.0200952135705285,L2,-0.007332...
GetData ===>> H2,0.198785779133635,H1,0.996198087278644,AX,0.0867325842012609,L1,-0.00505740124067029,L2,-0.126...
GetData ===>> H2,0.204103322136689,H1,0.961057429005519,AX,0.0218007121106132,L1,-0.00926696741527313,L2,-0.174...
GetData ===>> H2,0.196256696686504,H1,0.87796162452809,AX,0.0253514107310923,L1,0.0272077234769146,L2,-0.090846...
GetData ===>> H2,0.11880707022654,H1,0.975715843111513,AX,-0.0918460248992619,L1,0.0072324503401872,L2,-0.04435...
GetData ===>> H2,0.0351188600873056,H1,0.956291509468676,AX,0.0647853272666149,L1,-0.000646862402819104,L2,0.00...
GetData ===>> H2,0.0141828377802184,H1,0.93457231404519,AX,0.0865935152593836,L1,-0.00913746854805865,L2,-0.014...
GetData ===>> H2,0.0172591598074629,H1,0.868557523505609,AX,0.00750639911785308,L1,-0.0234729420360769,L2,-0.03...
GetData ===>> H2,0.0107644644082342,H1,0.907567553026989,AX,0.0340082318026025,L1,-0.0275192189962495,L2,-0.007...
GetData ===>> H2,0.0474775156023294,H1,0.914006859730266,AX,0.0481485704138909,L1,-0.00970101628223994,L2,0.129...
Peak center failed to move to a baseline position
_do_sweep sm= 5.86475, em= 5.89475, stm= 0.001
calculated step values: start=5.86475, end=5.89475, width=0.001, nsteps=31.0
setting magnet DAC
current  : 5.864750
requested: 5.864750
Delta Dac: 0.000000
Checking detector protection. dv=0.00000
Checking detector "CDD". Protection Threshold: 0.1 (V)
SetMagnetDAC 5.86475 ===>> OK
GetData ===>> H2,0.0474775156023294,H1,0.914006859730266,AX,0.0481485704138909,L1,-0.00970101628223994,L2,0.129...
setting magnet DAC
current  : 5.864750
requested: 5.865784
Delta Dac: 0.001034
Checking detector protection. dv=0.00103
Checking detector "CDD". Protection Threshold: 0.1 (V)
SetMagnetDAC 5.86578448276 ===>> OK
Magnet settling time: 1.049
GetData ===>> H2,-0.109811220388148,H1,1.77920566913714,AX,0.327061933980546,L1,-0.0339468174324724,L2,-0.09596...
setting magnet DAC
current  : 5.865784
requested: 5.866819
Delta Dac: 0.001034
Checking detector protection. dv=0.00103
Checking detector "CDD". Protection Threshold: 0.1 (V)
SetMagnetDAC 5.86681896552 ===>> OK
Magnet settling time: 1.049
GetData ===>> H2,-0.0576584577369027,H1,5.2884281707861,AX,0.880809892115361,L1,-0.0186535942387015,L2,-0.03907...
setting magnet DAC
current  : 5.866819
requested: 5.867853
Delta Dac: 0.001034
Checking detector protection. dv=0.00103
Checking detector "CDD". Protection Threshold: 0.1 (V)
SetMagnetDAC 5.86785344828 ===>> OK
Magnet settling time: 1.049
GetData ===>> H2,-0.0488961771277308,H1,27.7346436478405,AX,3.40366053808202,L1,0.0267729528139279,L2,-0.007036...
setting magnet DAC
current  : 5.867853
requested: 5.868888
Delta Dac: 0.001034
Checking detector protection. dv=0.00103
Checking detector "CDD". Protection Threshold: 0.1 (V)
SetMagnetDAC 5.86888793103 ===>> OK
Magnet settling time: 1.049
GetData ===>> H2,-0.107226640126399,H1,92.9345780514294,AX,11.4822147971777,L1,0.036063347466944,L2,0.045876972...
setting magnet DAC
current  : 5.868888
requested: 5.869922
Delta Dac: 0.001034
Checking detector protection. dv=0.00103
Checking detector "CDD". Protection Threshold: 0.1 (V)
SetMagnetDAC 5.86992241379 ===>> OK
Magnet settling time: 1.049
GetData ===>> H2,-0.111603705760057,H1,246.008142512016,AX,33.4228418035537,L1,0.183916535116218,L2,-0.05987574...
setting magnet DAC
current  : 5.869922
requested: 5.870957
Delta Dac: 0.001034
Checking detector protection. dv=0.00103
Checking detector "CDD". Protection Threshold: 0.1 (V)
SetMagnetDAC 5.87095689655 ===>> OK
Magnet settling time: 1.049
GetData ===>> H2,-0.219040285973749,H1,470.559769381046,AX,71.5848521511147,L1,0.433900964580889,L2,0.139361841...
setting magnet DAC
current  : 5.870957
requested: 5.871991
Delta Dac: 0.001034
Checking detector protection. dv=0.00103
Checking detector "CDD". Protection Threshold: 0.1 (V)
SetMagnetDAC 5.87199137931 ===>> OK
Magnet settling time: 1.049
GetData ===>> H2,-0.0910272462724322,H1,673.105200384693,AX,112.539067333256,L1,0.867792043253903,L2,0.61116318...
setting magnet DAC
current  : 5.871991
requested: 5.873026
Delta Dac: 0.001034
Checking detector protection. dv=0.00103
Checking detector "CDD". Protection Threshold: 0.1 (V)
SetMagnetDAC 5.87302586207 ===>> OK
Magnet settling time: 1.049
GetData ===>> H2,-0.18941458712144,H1,795.559394058861,AX,142.813949499643,L1,1.30593569657262,L2,1.26850449516...
setting magnet DAC
current  : 5.873026
requested: 5.874060
Delta Dac: 0.001034
Checking detector protection. dv=0.00103
Checking detector "CDD". Protection Threshold: 0.1 (V)
SetMagnetDAC 5.87406034483 ===>> OK
Magnet settling time: 1.049
GetData ===>> H2,-0.204161846954397,H1,847.156679467401,AX,158.238486642923,L1,1.58745743919805,L2,1.6888400586...
setting magnet DAC
current  : 5.874060
requested: 5.875095
Delta Dac: 0.001034
Checking detector protection. dv=0.00103
Checking detector "CDD". Protection Threshold: 0.1 (V)
SetMagnetDAC 5.87509482759 ===>> OK
Magnet settling time: 1.049
GetData ===>> H2,-0.199257345109791,H1,863.299056850281,AX,164.0033354219,L1,1.82118141831581,L2,1.848374359912...
setting magnet DAC
current  : 5.875095
requested: 5.876129
Delta Dac: 0.001034
Checking detector protection. dv=0.00103
Checking detector "CDD". Protection Threshold: 0.1 (V)
SetMagnetDAC 5.87612931034 ===>> OK
Magnet settling time: 1.049
GetData ===>> H2,-0.0901717266862996,H1,867.576900410498,AX,165.623855254919,L1,1.96629276252037,L2,2.016258598...
setting magnet DAC
current  : 5.876129
requested: 5.877164
Delta Dac: 0.001034
Checking detector protection. dv=0.00103
Checking detector "CDD". Protection Threshold: 0.1 (V)
SetMagnetDAC 5.8771637931 ===>> OK
Magnet settling time: 1.049
GetData ===>> H2,-0.0641932432728294,H1,868.10720411304,AX,166.085653468955,L1,2.05834706641897,L2,2.0784317804...
setting magnet DAC
current  : 5.877164
requested: 5.878198
Delta Dac: 0.001034
Checking detector protection. dv=0.00103
Checking detector "CDD". Protection Threshold: 0.1 (V)
SetMagnetDAC 5.87819827586 ===>> OK
Magnet settling time: 1.049
GetData ===>> H2,-0.0985238244433508,H1,868.199908074124,AX,165.933382964486,L1,2.08705746753247,L2,1.977979076...
setting magnet DAC
current  : 5.878198
requested: 5.879233
Delta Dac: 0.001034
Checking detector protection. dv=0.00103
Checking detector "CDD". Protection Threshold: 0.1 (V)
SetMagnetDAC 5.87923275862 ===>> OK
Magnet settling time: 1.049
GetData ===>> H2,-0.144106312687789,H1,868.651161426756,AX,166.246484774336,L1,2.11445726838857,L2,2.0088410448...
setting magnet DAC
current  : 5.879233
requested: 5.880267
Delta Dac: 0.001034
Checking detector protection. dv=0.00103
Checking detector "CDD". Protection Threshold: 0.1 (V)
SetMagnetDAC 5.88026724138 ===>> OK
Magnet settling time: 1.049
GetData ===>> H2,-0.101383129050606,H1,868.246648176583,AX,165.972856113731,L1,2.15341460965116,L2,1.9952743836...
setting magnet DAC
current  : 5.880267
requested: 5.881302
Delta Dac: 0.001034
Checking detector protection. dv=0.00103
Checking detector "CDD". Protection Threshold: 0.1 (V)
SetMagnetDAC 5.88130172414 ===>> OK
Magnet settling time: 1.049
GetData ===>> H2,-0.146635673246024,H1,868.127959234001,AX,165.853569498074,L1,2.15452965922183,L2,2.0541615073...
setting magnet DAC
current  : 5.881302
requested: 5.882336
Delta Dac: 0.001034
Checking detector protection. dv=0.00103
Checking detector "CDD". Protection Threshold: 0.1 (V)
SetMagnetDAC 5.8823362069 ===>> OK
Magnet settling time: 1.049
GetData ===>> H2,-0.163859527604384,H1,867.158791070308,AX,165.545890293435,L1,2.20794076280883,L2,2.0077584060...
setting magnet DAC
current  : 5.882336
requested: 5.883371
Delta Dac: 0.001034
Checking detector protection. dv=0.00103
Checking detector "CDD". Protection Threshold: 0.1 (V)
SetMagnetDAC 5.88337068966 ===>> OK
Magnet settling time: 1.049
GetData ===>> H2,-0.0622944240664612,H1,865.41160692843,AX,164.718506941884,L1,2.19463351327777,L2,2.0295056462...
setting magnet DAC
current  : 5.883371
requested: 5.884405
Delta Dac: 0.001034
Checking detector protection. dv=0.00103
Checking detector "CDD". Protection Threshold: 0.1 (V)
SetMagnetDAC 5.88440517241 ===>> OK
Magnet settling time: 1.049
GetData ===>> H2,-0.0794831366434105,H1,859.344048980074,AX,162.203498669485,L1,2.14647460692161,L2,1.985532438...
setting magnet DAC
current  : 5.884405
requested: 5.885440
Delta Dac: 0.001034
Checking detector protection. dv=0.00103
Checking detector "CDD". Protection Threshold: 0.1 (V)
SetMagnetDAC 5.88543965517 ===>> OK
Magnet settling time: 1.049
GetData ===>> H2,-0.328038169795037,H1,834.296569797049,AX,153.559866081299,L1,2.01307985661495,L2,1.7325401499...
setting magnet DAC
current  : 5.885440
requested: 5.886474
Delta Dac: 0.001034
Checking detector protection. dv=0.00103
Checking detector "CDD". Protection Threshold: 0.1 (V)
SetMagnetDAC 5.88647413793 ===>> OK
Magnet settling time: 1.049
GetData ===>> H2,-0.313191397466481,H1,758.112523379544,AX,130.279207037856,L1,1.73577284751146,L2,1.2629289048...
setting magnet DAC
current  : 5.886474
requested: 5.887509
Delta Dac: 0.001034
Checking detector protection. dv=0.00103
Checking detector "CDD". Protection Threshold: 0.1 (V)
SetMagnetDAC 5.88750862069 ===>> OK
Magnet settling time: 1.049
GetData ===>> H2,-0.187868089595779,H1,591.038793961418,AX,90.0360906435936,L1,1.33197458150962,L2,0.8632671727...
setting magnet DAC
current  : 5.887509
requested: 5.888543
Delta Dac: 0.001034
Checking detector protection. dv=0.00103
Checking detector "CDD". Protection Threshold: 0.1 (V)
SetMagnetDAC 5.88854310345 ===>> OK
Magnet settling time: 1.049
GetData ===>> H2,-0.265596414451494,H1,367.055639944204,AX,47.8362956134108,L1,0.9667250243841,L2,0.37015000499...
setting magnet DAC
current  : 5.888543
requested: 5.889578
Delta Dac: 0.001034
Checking detector protection. dv=0.00103
Checking detector "CDD". Protection Threshold: 0.1 (V)
SetMagnetDAC 5.88957758621 ===>> OK
Magnet settling time: 1.049
GetData ===>> H2,-0.137762884281808,H1,175.243024555665,AX,19.2764704870198,L1,0.610674707398621,L2,0.143512762...
setting magnet DAC
current  : 5.889578
requested: 5.890612
Delta Dac: 0.001034
Checking detector protection. dv=0.00103
Checking detector "CDD". Protection Threshold: 0.1 (V)
SetMagnetDAC 5.89061206897 ===>> OK
Magnet settling time: 1.049
GetData ===>> H2,-0.171107108383335,H1,63.0900009811458,AX,5.77914959756101,L1,0.371463985304995,L2,-0.07412201...
setting magnet DAC
current  : 5.890612
requested: 5.891647
Delta Dac: 0.001034
Checking detector protection. dv=0.00103
Checking detector "CDD". Protection Threshold: 0.1 (V)
SetMagnetDAC 5.89164655172 ===>> OK
Magnet settling time: 1.049
GetData ===>> H2,-0.230034993751117,H1,18.3968197780614,AX,1.17924078763961,L1,0.222028130622243,L2,0.001548615...
setting magnet DAC
current  : 5.891647
requested: 5.892681
Delta Dac: 0.001034
Checking detector protection. dv=0.00103
Checking detector "CDD". Protection Threshold: 0.1 (V)
SetMagnetDAC 5.89268103448 ===>> OK
Magnet settling time: 1.049
GetData ===>> H2,-0.289856894023158,H1,4.56080794248874,AX,0.154181240671986,L1,0.12033388202885,L2,-0.04897341...
setting magnet DAC
current  : 5.892681
requested: 5.893716
Delta Dac: 0.001034
Checking detector protection. dv=0.00103
Checking detector "CDD". Protection Threshold: 0.1 (V)
SetMagnetDAC 5.89371551724 ===>> OK
Magnet settling time: 1.049
GetData ===>> H2,-0.235490703250976,H1,0.937852641523551,AX,-0.13237882973398,L1,0.0508384528406699,L2,-0.00056...
setting magnet DAC
current  : 5.893716
requested: 5.894750
Delta Dac: 0.001034
Checking detector protection. dv=0.00103
Checking detector "CDD". Protection Threshold: 0.1 (V)
SetMagnetDAC 5.89475 ===>> OK
Magnet settling time: 1.049
GetData ===>> H2,-0.29070817304232,H1,-0.0464536365754718,AX,-0.154874315969921,L1,0.00596673241949869,L2,-0.00...
result of _do_sweep=True
result of _calculate_peak_center=([5.8718141282565135, 5.8795095190380762, 5.8872049098196388], [638.40052232702783, 868.6487294833679, 640.08949808927218], 5.8792389779559118, 868.6487294833679)
Failed to find a valid peak. No peak greater than 1.0. max = 0.121701255458
new center pos Detector(H1) (Ar40) @ 5.87950951904
GetHighVoltage ===>> 4500
GetDeflection H1 ===>> 0
dac uncorrected for HV and deflection 5.87950951904
update mftable H1 Ar40 5.87950951904 message=automated run peakcenter
get initial guess parabolic
get initial guess parabolic
get initial guess parabolic
get initial guess parabolic
get initial guess parabolic
get initial guess parabolic
dump mftable to /Users/jan/PychronDev/setupfiles/spectrometer/mftables/mftable.csv
add to repo msg=modified - automated run peakcenter
sweep finished
locally archiving mftable
setting magnet DAC
current  : 5.894750
requested: 5.879510
Delta Dac: 0.015240
Checking detector protection. dv=0.01524
Checking detector "CDD". Protection Threshold: 0.1 (V)
SetMagnetDAC 5.87950951904 ===>> OK
Magnet settling time: 0.500
setting integration time = 1.048576
SetIntegrationTime 1.048576 ===>> OK
Failed to find a valid peak. No peak greater than 1.0. max = 0.121701255458
flush and close file /Users/jan/PychronDev/data/isotopes/cf/e099d1-91f7-4d0e-8f7a-809c15258cc6.h5
finished measure script
executed snippet estimated_duration=226.132928, duration=272.293802977
jan_unknown120_60.py completed successfully
Measurement Finished
10:45:26 -- ******* Measurement Finished *******
Post Measurement Started jan_pump_ms.py
10:45:26 -- ******* Post Measurement Started jan_pump_ms.py *******
testing...
no interpolation path defined
executed snippet estimated_duration=0, duration=3.00407409668e-05
Pumping spectrometer
open () {'name': 'O'}
opening name=O desc=---
checking ownership. requestor=129.138.12.150
check software interlocks O
interlocks []
actuate state mode=None-script, software_lock=False
doing actuation None-script open_channel True
Open O ===>> OK
GetIndicatorState O ===>> OK
change switch state (True, True)
update switch state O True args=() kw={} ncanvase=2
10:45:26 -- OPEN   VALVE-O (Jan Ion Pump)
---------------------------------------- open O () result=[(True, True)], time=0.11 sec
action=open, ok=True, locked=[False]
executed snippet estimated_duration=0, duration=0.365556001663
jan_pump_ms.py completed successfully
setting _ms_pumptime
Post Measurement Finished
10:45:27 -- ******* Post Measurement Finished *******
$$$$$$$$$$$$$$$$$$$$ state at run end measurement
state changed from measurement to success
post measurement save measured=True aborted=False
Set filtering
setting fod for Ar40= {'filter_outliers': True, 'std_devs': 2, 'iterations': 1}
setting fod for H1= {'filter_outliers': True, 'std_devs': 2, 'iterations': 1}
setting fod for PM41= {'filter_outliers': False, 'std_devs': 2, 'iterations': 1}
setting fod for H2= {'filter_outliers': True, 'std_devs': 2, 'iterations': 1}
setting fod for Ar36= {'filter_outliers': True, 'std_devs': 2, 'iterations': 1}
setting fod for CDD= {'filter_outliers': True, 'std_devs': 10, 'iterations': 1}
setting fod for Ar37= {'filter_outliers': True, 'std_devs': 2, 'iterations': 1}
setting fod for L2= {'filter_outliers': True, 'std_devs': 2, 'iterations': 1}
setting fod for Ar38= {'filter_outliers': True, 'std_devs': 2, 'iterations': 1}
setting fod for L1= {'filter_outliers': True, 'std_devs': 2, 'iterations': 1}
setting fod for Ar39= {'filter_outliers': True, 'std_devs': 2, 'iterations': 1}
setting fod for AX= {'filter_outliers': True, 'std_devs': 2, 'iterations': 1}
persistence save...
persistence save - db
post measurement save
7390324976 connecting to database sqlite:////Users/jan/PychronDev/.appdata/local_lab.db
connected to db sqlite:////Users/jan/PychronDev/.appdata/local_lab.db
create new session 7390324976
close session 7390324976
No database instance. Not saving post measurement to isotopedb database
$$$$$$$$$$$$$$$ auto_save_detector_ic=False
massspec enabled True
create new session 4985911824
MassSpec Database Version: 16.0
close session 4985911824
saving post measurement to secondary database
saving to massspec database 129.138.12.160/massspecdata
setting labnumber to 65552
setting aliquot to 27
setting step to 
setting uuid to cfe099d1-91f7-4d0e-8f7a-809c15258cc6
setting irradpos to 65552
setting extract_device to Fusions CO2
setting tray to 
setting position to 169
setting power_requested to 5.0
setting extract_value to 5.0
setting duration to 30.0
setting duration_at_request to 30.0
setting first_stage_delay to 30.0
setting cleanup to 30.0
setting comment to N:9 with inclusions
setting irradiation to NM-289
setting level to N
setting irradiation_level to N
setting sample to Bw-2014-4 W
setting material to Sanidine
setting project to Bustos Wells
setting mass_spectrometer to Jan
no attribute chron_dosages
no attribute production_ratios
no attribute interference_corrections
no attribute production_name
no attribute j
Reference Isotope=Ar40
Reference Detector=H1
%%%%%%%%%%%%%%%%%%%% Comment: N:9 with inclusions %%%%%%%%%%%%%%%%%%%
adding isotope PM41 H2
add baseline dbdet= PM41. original det= H2
get baseline data PM41 H2
Get data baseline <pychron.processing.isotope.Baseline object at 0x1c1a98990> len t=60
baseline PM41. v=-0.171800242871, e=0.00727887682448
get signal data PM41 H2
Get data signal PM41 0.09+/-0.06 len t=120
adding isotope Ar40 H1
add baseline dbdet= Ar40. original det= H1
get baseline data Ar40 H1
Get data baseline <pychron.processing.isotope.Baseline object at 0x1b2a43e50> len t=60
baseline Ar40. v=-0.0185920734741, e=0.00469203037643
get signal data Ar40 H1
Get data signal Ar40 956.02+/-0.06 len t=120
adding isotope Ar39 AX
add baseline dbdet= Ar39. original det= AX
get baseline data Ar39 AX
Get data baseline <pychron.processing.isotope.Baseline object at 0x1b2a43410> len t=60
baseline Ar39. v=-0.0786060016556, e=0.00645776247034
get signal data Ar39 AX
Get data signal Ar39 182.689+/-0.026 len t=120
adding isotope Ar38 L1
add baseline dbdet= Ar38. original det= L1
get baseline data Ar38 L1
Get data baseline <pychron.processing.isotope.Baseline object at 0x1b2a43810> len t=60
baseline Ar38. v=-0.0225364933499, e=0.00392041003038
get signal data Ar38 L1
Get data signal Ar38 2.415+/-0.005 len t=120
adding isotope Ar37 L2
add baseline dbdet= Ar37. original det= L2
get baseline data Ar37 L2
Get data baseline <pychron.processing.isotope.Baseline object at 0x1b2a43890> len t=60
baseline Ar37. v=-0.0287226775923, e=0.00485026448553
get signal data Ar37 L2
Get data signal Ar37 2.283+/-0.010 len t=120
adding isotope Ar36 CDD
add baseline dbdet= Ar36. original det= CDD
get baseline data Ar36 CDD
Get data baseline <pychron.processing.isotope.Baseline object at 0x1b2a437d0> len t=60
baseline Ar36. v=0.000250590112642, e=2.38656411766e-05
get signal data Ar36 CDD
Get data signal Ar36 0.1249+/-0.0007 len t=120
65552-27 added analysis time 0.475996017456s
analysis added to mass spec database
mass spec save time= 0.483
persistence save - dvc
================= post measurement started
create new session 4991427888
close session 4991427888
---------------- Experiment Queue saving disabled
DVC saving peakcenter
Failed to find a valid peak. No peak greater than 1.0. max = 0.121701255458
Smart pull ahead: 0 behind: 0
Up-to-date with origin
add to repo msg=modified - ad8224ebc6dbfeb9f5997218dfa5fe690569839d.json
add to repo msg=modified - 52-27.json
add to repo msg=modified - 52-27.dat.json
add to repo msg=modified - 52-27.blan.json
add to repo msg=modified - 52-27.inte.json
add to repo msg=modified - 52-27.icfa.json
add to repo msg=modified - 52-27.base.json
not at valid file /Users/jan/PychronDev/data/.dvc/repositories/Load1786/655/tags/52-27.tags.json
add to repo msg=modified - 52-27.peak.json
add to repo msg=modified - 52-27.extr.json
not at valid file /Users/jan/PychronDev/data/.dvc/repositories/Load1786/655/monitor/52-27.moni.json
commit message=<COLLECTION>
add to repo msg=modified - 52-27.inte.json
add to repo msg=modified - 52-27.base.json
commit message=<ISOEVO> default collection fits
add to repo msg=modified - 52-27.blan.json
commit message=<BLANKS> preceding bc-02-J-324
add to repo msg=modified - 52-27.icfa.json
commit message=<ICFactor> default
push repository <pychron.git_archive.repo_manager.GitRepoManager object at 0x1c4474dd0>
pushing to remote=origin, url=https://github.com
no changes to meta repo
create new session 4991427888
add association Load1786
get identifier "65552"
setting analysis irradiation position=<pychron.dvc.dvc_orm.IrradiationPositionTbl object at 0x15970fcd0>
close session 4991427888
================= post measurement finished
10:45:39 -- ******* Post Run Check *******
loading queue conditionals post_run_actions
loading system conditionals post_run_actions
loading conditionals from /Users/jan/PychronDev/setupfiles/spectrometer/default_conditionals.yaml
loading queue conditionals post_run_terminations
loading system conditionals post_run_terminations
loading conditionals from /Users/jan/PychronDev/setupfiles/spectrometer/default_conditionals.yaml
Checking default post run terminations n=1
GetDeflection CDD ===>> 50
testing CDD==2000
evaluate ot="CDD.deflection==2000" t="CDD==2000", ctx="{'CDD': 50.0}"
10:45:39 -- ******* Post Run Check Passed *******
10:45:39 -- Automated run 65552-27 success duration: 373.426 s
----------------- finish -----------------
----------------- stop -----------------
retroactive repository identifiers disabled
finish run. runs completed=162
update duration runid=65552-27, duration=373.425866127, md5=301e91d8
loading script "jan_unknown120_60.py"
loading script "jan_pump_ms.py"
loading script "jan_co2.py"
loading script "jan_pump_extraction_line.py"
testing...
no interpolation path defined
executed snippet estimated_duration=213.652928, duration=0.000205993652344
script duration name:unknown120_60 seconds:214.0
loading script "jan_unknown120_60.py"
loading script "jan_pump_ms.py"
loading script "jan_co2.py"
loading script "jan_pump_extraction_line.py"
testing...
no interpolation path defined
executed snippet estimated_duration=0, duration=2.90870666504e-05
loading script "jan_unknown120_60.py"
loading script "jan_pump_ms.py"
loading script "jan_co2.py"
loading script "jan_pump_extraction_line.py"
testing...
no interpolation path defined
calculate duration
testing...
no interpolation path defined
executed snippet estimated_duration=0, duration=5.69820404053e-05
calculate duration
testing...
no interpolation path defined
executed snippet estimated_duration=0, duration=0.000106811523438
executed snippet estimated_duration=0.0, duration=0.00449919700623
script duration name:co2 seconds:0.0
loading script "jan_unknown120_60.py"
loading script "jan_pump_ms.py"
loading script "jan_co2.py"
loading script "jan_pump_extraction_line.py"
testing...
no interpolation path defined
calculate duration
testing...
no interpolation path defined
executed snippet estimated_duration=4.0, duration=0.000165939331055
executed snippet estimated_duration=4.0, duration=0.00226283073425
Script duration 214.0
Run total estimated duration= 215.000
loading script "jan_unknown400_120.py"
loading script "jan_pump_ms.py"
loading script "jan_co2.py"
loading script "jan_pump_extraction_line.py"
testing...
no interpolation path defined
executed snippet estimated_duration=556.052928, duration=0.000195980072021
script duration name:unknown400_120 seconds:556.0
pump_ms in script context. using previous estimated duration
co2 in script context. using previous estimated duration
script duration name:co2 seconds:0.0
pump_extraction_line in script context. using previous estimated duration
Script duration 556.0
Run total estimated duration= 557.000
unknown120_60 in script context. using previous estimated duration
script duration name:unknown120_60 seconds:214.0
script duration name:co2 seconds:0.0
Script duration 214.0
Run total estimated duration= 215.000
script duration name:unknown120_60 seconds:214.0
script duration name:co2 seconds:0.0
Script duration 214.0
Run total estimated duration= 215.000
script duration name:unknown120_60 seconds:214.0
script duration name:co2 seconds:0.0
Script duration 214.0
Run total estimated duration= 215.000
script duration name:unknown120_60 seconds:214.0
script duration name:co2 seconds:0.0
Script duration 214.0
Run total estimated duration= 215.000
script duration name:unknown120_60 seconds:214.0
script duration name:co2 seconds:0.0
Script duration 214.0
Run total estimated duration= 215.000
unknown400_120 in script context. using previous estimated duration
script duration name:unknown400_120 seconds:556.0
loading script "jan_unknown400_120.py"
loading script "jan_pump_ms.py"
loading script "jan_sniffair_x2.py"
loading script "jan_pump_extraction_line.py"
testing...
no interpolation path defined
calculate duration
testing...
no interpolation path defined
executed snippet estimated_duration=0, duration=4.6968460083e-05
calculate duration
testing...
no interpolation path defined
executed snippet estimated_duration=0, duration=0.000144958496094
calculate duration
testing...
no interpolation path defined
executed snippet estimated_duration=32.0, duration=0.000155925750732
calculate duration
testing...
no interpolation path defined
executed snippet estimated_duration=34.0, duration=0.000164031982422
calculate duration
testing...
no interpolation path defined
executed snippet estimated_duration=4.0, duration=7.60555267334e-05
calculate duration
testing...
no interpolation path defined
executed snippet estimated_duration=36.0, duration=0.000138998031616
calculate duration
testing...
no interpolation path defined
executed snippet estimated_duration=34.0, duration=0.000123977661133
calculate duration
testing...
no interpolation path defined
executed snippet estimated_duration=4.0, duration=6.29425048828e-05
calculate duration
testing...
no interpolation path defined
executed snippet estimated_duration=36.0, duration=9.01222229004e-05
calculate duration
testing...
no interpolation path defined
executed snippet estimated_duration=70.0, duration=0.00015115737915
executed snippet estimated_duration=250.0, duration=0.0192160606384
script duration name:sniffair_x2 seconds:250.0
Script duration 806.0
Run total estimated duration= 807.000
script duration name:unknown120_60 seconds:214.0
script duration name:co2 seconds:0.0
Script duration 214.0
Run total estimated duration= 215.000
script duration name:unknown400_120 seconds:556.0
loading script "jan_unknown400_120.py"
loading script "jan_pump_ms.py"
loading script "jan_cocktail_x1.py"
loading script "jan_pump_extraction_line.py"
testing...
no interpolation path defined
calculate duration
testing...
no interpolation path defined
executed snippet estimated_duration=0, duration=4.81605529785e-05
calculate duration
testing...
no interpolation path defined
executed snippet estimated_duration=0, duration=0.000113964080811
calculate duration
testing...
no interpolation path defined
executed snippet estimated_duration=32.0, duration=9.29832458496e-05
calculate duration
testing...
no interpolation path defined
executed snippet estimated_duration=34.0, duration=0.000133991241455
calculate duration
testing...
no interpolation path defined
executed snippet estimated_duration=4.0, duration=7.79628753662e-05
calculate duration
testing...
no interpolation path defined
executed snippet estimated_duration=38.0, duration=0.000113010406494
executed snippet estimated_duration=108.0, duration=0.0192658901215
script duration name:cocktail_x1 seconds:108.0
Script duration 664.0
Run total estimated duration= 665.000
script duration name:unknown400_120 seconds:556.0
cocktail_x1 in script context. using previous estimated duration
script duration name:cocktail_x1 seconds:108.0
Script duration 664.0
Run total estimated duration= 665.000
script duration name:unknown400_120 seconds:556.0
sniffair_x2 in script context. using previous estimated duration
script duration name:sniffair_x2 seconds:250.0
Script duration 806.0
Run total estimated duration= 807.000
script duration name:unknown120_60 seconds:214.0
script duration name:co2 seconds:0.0
Script duration 214.0
Run total estimated duration= 215.000
script duration name:unknown120_60 seconds:214.0
script duration name:co2 seconds:0.0
Script duration 214.0
Run total estimated duration= 215.000
script duration name:unknown120_60 seconds:214.0
script duration name:co2 seconds:0.0
Script duration 214.0
Run total estimated duration= 215.000
script duration name:unknown120_60 seconds:214.0
script duration name:co2 seconds:0.0
Script duration 214.0
Run total estimated duration= 215.000
loading script "jan_ic_peak_hop3.py"
loading script "jan_pump_ms.py"
loading script "jan_air_x1.py"
loading script "jan_pump_extraction_line.py"
testing...
no interpolation path defined
executed snippet estimated_duration=133.8, duration=0.00900888442993
script duration name:ic_peak_hop3 seconds:134.0
loading script "jan_ic_peak_hop3.py"
loading script "jan_pump_ms.py"
loading script "jan_air_x1.py"
loading script "jan_pump_extraction_line.py"
testing...
no interpolation path defined
calculate duration
testing...
no interpolation path defined
executed snippet estimated_duration=0, duration=6.29425048828e-05
calculate duration
testing...
no interpolation path defined
executed snippet estimated_duration=0, duration=0.000149965286255
calculate duration
testing...
no interpolation path defined
executed snippet estimated_duration=32.0, duration=0.000142097473145
calculate duration
testing...
no interpolation path defined
executed snippet estimated_duration=34.0, duration=0.000119924545288
calculate duration
testing...
no interpolation path defined
executed snippet estimated_duration=4.0, duration=0.000118017196655
calculate duration
testing...
no interpolation path defined
executed snippet estimated_duration=36.0, duration=0.000108957290649
executed snippet estimated_duration=106.0, duration=0.0206890106201
script duration name:air_x1 seconds:106.0
Script duration 240.0
Run total estimated duration= 241.000
script duration name:unknown120_60 seconds:214.0
script duration name:co2 seconds:0.0
Script duration 214.0
Run total estimated duration= 215.000
script duration name:unknown120_60 seconds:214.0
script duration name:co2 seconds:0.0
Script duration 214.0
Run total estimated duration= 215.000
script duration name:unknown120_60 seconds:214.0
script duration name:co2 seconds:0.0
Script duration 214.0
Run total estimated duration= 215.000
script duration name:unknown120_60 seconds:214.0
script duration name:co2 seconds:0.0
Script duration 214.0
Run total estimated duration= 215.000
script duration name:unknown120_60 seconds:214.0
script duration name:co2 seconds:0.0
Script duration 214.0
Run total estimated duration= 215.000
script duration name:unknown120_60 seconds:214.0
script duration name:co2 seconds:0.0
Script duration 214.0
Run total estimated duration= 215.000
script duration name:unknown120_60 seconds:214.0
script duration name:co2 seconds:0.0
Script duration 214.0
Run total estimated duration= 215.000
script duration name:unknown120_60 seconds:214.0
script duration name:co2 seconds:0.0
Script duration 214.0
Run total estimated duration= 215.000
script duration name:unknown400_120 seconds:556.0
script duration name:co2 seconds:0.0
Script duration 556.0
Run total estimated duration= 557.000
script duration name:unknown400_120 seconds:556.0
script duration name:cocktail_x1 seconds:108.0
Script duration 664.0
Run total estimated duration= 665.000
script duration name:unknown400_120 seconds:556.0
script duration name:cocktail_x1 seconds:108.0
Script duration 664.0
Run total estimated duration= 665.000
script duration name:unknown120_60 seconds:214.0
script duration name:co2 seconds:0.0
Script duration 214.0
Run total estimated duration= 215.000
script duration name:unknown120_60 seconds:214.0
script duration name:co2 seconds:0.0
Script duration 214.0
Run total estimated duration= 215.000
script duration name:unknown120_60 seconds:214.0
script duration name:co2 seconds:0.0
Script duration 214.0
Run total estimated duration= 215.000
script duration name:unknown120_60 seconds:214.0
script duration name:co2 seconds:0.0
Script duration 214.0
Run total estimated duration= 215.000
script duration name:unknown120_60 seconds:214.0
script duration name:co2 seconds:0.0
Script duration 214.0
Run total estimated duration= 215.000
script duration name:unknown120_60 seconds:214.0
script duration name:co2 seconds:0.0
Script duration 214.0
Run total estimated duration= 215.000
script duration name:unknown120_60 seconds:214.0
script duration name:co2 seconds:0.0
Script duration 214.0
Run total estimated duration= 215.000
script duration name:unknown120_60 seconds:214.0
script duration name:co2 seconds:0.0
Script duration 214.0
Run total estimated duration= 215.000
script duration name:unknown120_60 seconds:214.0
script duration name:co2 seconds:0.0
Script duration 214.0
Run total estimated duration= 215.000
script duration name:unknown120_60 seconds:214.0
script duration name:co2 seconds:0.0
Script duration 214.0
Run total estimated duration= 215.000
script duration name:unknown120_60 seconds:214.0
script duration name:co2 seconds:0.0
Script duration 214.0
Run total estimated duration= 215.000
script duration name:unknown120_60 seconds:214.0
script duration name:co2 seconds:0.0
Script duration 214.0
Run total estimated duration= 215.000
script duration name:unknown400_120 seconds:556.0
script duration name:cocktail_x1 seconds:108.0
Script duration 664.0
Run total estimated duration= 665.000
script duration name:unknown400_120 seconds:556.0
script duration name:sniffair_x2 seconds:250.0
Script duration 806.0
Run total estimated duration= 807.000
script duration name:unknown400_120 seconds:556.0
script duration name:cocktail_x1 seconds:108.0
Script duration 664.0
Run total estimated duration= 665.000
script duration name:unknown400_120 seconds:556.0
script duration name:sniffair_x2 seconds:250.0
Script duration 806.0
Run total estimated duration= 807.000
ic_peak_hop3 in script context. using previous estimated duration
script duration name:ic_peak_hop3 seconds:134.0
air_x1 in script context. using previous estimated duration
script duration name:air_x1 seconds:106.0
Script duration 240.0
Run total estimated duration= 241.000
script duration name:unknown120_60 seconds:214.0
script duration name:co2 seconds:0.0
Script duration 214.0
Run total estimated duration= 215.000
script duration name:unknown120_60 seconds:214.0
script duration name:co2 seconds:0.0
Script duration 214.0
Run total estimated duration= 215.000
script duration name:unknown120_60 seconds:214.0
script duration name:co2 seconds:0.0
Script duration 214.0
Run total estimated duration= 215.000
script duration name:unknown120_60 seconds:214.0
script duration name:co2 seconds:0.0
Script duration 214.0
Run total estimated duration= 215.000
script duration name:unknown120_60 seconds:214.0
script duration name:co2 seconds:0.0
Script duration 214.0
Run total estimated duration= 215.000
script duration name:unknown120_60 seconds:214.0
script duration name:co2 seconds:0.0
Script duration 214.0
Run total estimated duration= 215.000
script duration name:unknown400_120 seconds:556.0
script duration name:co2 seconds:0.0
Script duration 556.0
Run total estimated duration= 557.000
script duration name:unknown120_60 seconds:214.0
script duration name:co2 seconds:0.0
Script duration 214.0
Run total estimated duration= 215.000
script duration name:unknown120_60 seconds:214.0
script duration name:co2 seconds:0.0
Script duration 214.0
Run total estimated duration= 215.000
script duration name:unknown120_60 seconds:214.0
script duration name:co2 seconds:0.0
Script duration 214.0
Run total estimated duration= 215.000
script duration name:unknown120_60 seconds:214.0
script duration name:co2 seconds:0.0
Script duration 214.0
Run total estimated duration= 215.000
script duration name:unknown120_60 seconds:214.0
script duration name:co2 seconds:0.0
Script duration 214.0
Run total estimated duration= 215.000
script duration name:unknown120_60 seconds:214.0
script duration name:co2 seconds:0.0
Script duration 214.0
Run total estimated duration= 215.000
script duration name:unknown400_120 seconds:556.0
script duration name:cocktail_x1 seconds:108.0
Script duration 664.0
Run total estimated duration= 665.000
script duration name:unknown400_120 seconds:556.0
script duration name:cocktail_x1 seconds:108.0
Script duration 664.0
Run total estimated duration= 665.000
script duration name:unknown120_60 seconds:214.0
script duration name:co2 seconds:0.0
Script duration 214.0
Run total estimated duration= 215.000
script duration name:unknown120_60 seconds:214.0
script duration name:co2 seconds:0.0
Script duration 214.0
Run total estimated duration= 215.000
script duration name:unknown120_60 seconds:214.0
script duration name:co2 seconds:0.0
Script duration 214.0
Run total estimated duration= 215.000
script duration name:unknown120_60 seconds:214.0
script duration name:co2 seconds:0.0
Script duration 214.0
Run total estimated duration= 215.000
script duration name:unknown120_60 seconds:214.0
script duration name:co2 seconds:0.0
Script duration 214.0
Run total estimated duration= 215.000
script duration name:unknown120_60 seconds:214.0
script duration name:co2 seconds:0.0
Script duration 214.0
Run total estimated duration= 215.000
script duration name:unknown120_60 seconds:214.0
script duration name:co2 seconds:0.0
Script duration 214.0
Run total estimated duration= 215.000
script duration name:unknown120_60 seconds:214.0
script duration name:co2 seconds:0.0
Script duration 214.0
Run total estimated duration= 215.000
script duration name:ic_peak_hop3 seconds:134.0
script duration name:air_x1 seconds:106.0
Script duration 240.0
Run total estimated duration= 241.000
script duration name:unknown120_60 seconds:214.0
script duration name:co2 seconds:0.0
Script duration 214.0
Run total estimated duration= 215.000
script duration name:unknown120_60 seconds:214.0
script duration name:co2 seconds:0.0
Script duration 214.0
Run total estimated duration= 215.000
script duration name:unknown120_60 seconds:214.0
script duration name:co2 seconds:0.0
Script duration 214.0
Run total estimated duration= 215.000
script duration name:unknown400_120 seconds:556.0
script duration name:sniffair_x2 seconds:250.0
Script duration 806.0
Run total estimated duration= 807.000
script duration name:unknown120_60 seconds:214.0
script duration name:co2 seconds:0.0
Script duration 214.0
Run total estimated duration= 215.000
script duration name:unknown400_120 seconds:556.0
script duration name:co2 seconds:0.0
Script duration 556.0
Run total estimated duration= 557.000
script duration name:unknown400_120 seconds:556.0
script duration name:cocktail_x1 seconds:108.0
Script duration 664.0
Run total estimated duration= 665.000
script duration name:unknown400_120 seconds:556.0
script duration name:cocktail_x1 seconds:108.0
Script duration 664.0
Run total estimated duration= 665.000
script duration name:unknown120_60 seconds:214.0
script duration name:co2 seconds:0.0
Script duration 214.0
Run total estimated duration= 215.000
script duration name:unknown400_120 seconds:556.0
script duration name:sniffair_x2 seconds:250.0
Script duration 806.0
Run total estimated duration= 807.000
script duration name:unknown120_60 seconds:214.0
script duration name:co2 seconds:0.0
Script duration 214.0
Run total estimated duration= 215.000
script duration name:unknown120_60 seconds:214.0
script duration name:co2 seconds:0.0
Script duration 214.0
Run total estimated duration= 215.000
script duration name:unknown120_60 seconds:214.0
script duration name:co2 seconds:0.0
Script duration 214.0
Run total estimated duration= 215.000
script duration name:unknown120_60 seconds:214.0
script duration name:co2 seconds:0.0
Script duration 214.0
Run total estimated duration= 215.000
script duration name:unknown120_60 seconds:214.0
script duration name:co2 seconds:0.0
Script duration 214.0
Run total estimated duration= 215.000
script duration name:unknown120_60 seconds:214.0
script duration name:co2 seconds:0.0
Script duration 214.0
Run total estimated duration= 215.000
script duration name:unknown120_60 seconds:214.0
script duration name:co2 seconds:0.0
Script duration 214.0
Run total estimated duration= 215.000
script duration name:unknown120_60 seconds:214.0
script duration name:co2 seconds:0.0
Script duration 214.0
Run total estimated duration= 215.000
script duration name:unknown120_60 seconds:214.0
script duration name:co2 seconds:0.0
Script duration 214.0
Run total estimated duration= 215.000
script duration name:unknown120_60 seconds:214.0
script duration name:co2 seconds:0.0
Script duration 214.0
Run total estimated duration= 215.000
script duration name:unknown120_60 seconds:214.0
script duration name:co2 seconds:0.0
Script duration 214.0
Run total estimated duration= 215.000
script duration name:unknown400_120 seconds:556.0
script duration name:cocktail_x1 seconds:108.0
Script duration 664.0
Run total estimated duration= 665.000
script duration name:unknown400_120 seconds:556.0
script duration name:cocktail_x1 seconds:108.0
Script duration 664.0
Run total estimated duration= 665.000
script duration name:unknown120_60 seconds:214.0
script duration name:co2 seconds:0.0
Script duration 214.0
Run total estimated duration= 215.000
script duration name:unknown120_60 seconds:214.0
script duration name:co2 seconds:0.0
Script duration 214.0
Run total estimated duration= 215.000
script duration name:unknown120_60 seconds:214.0
script duration name:co2 seconds:0.0
Script duration 214.0
Run total estimated duration= 215.000
script duration name:unknown120_60 seconds:214.0
script duration name:co2 seconds:0.0
Script duration 214.0
Run total estimated duration= 215.000
script duration name:ic_peak_hop3 seconds:134.0
script duration name:air_x1 seconds:106.0
Script duration 240.0
Run total estimated duration= 241.000
script duration name:unknown120_60 seconds:214.0
script duration name:co2 seconds:0.0
Script duration 214.0
Run total estimated duration= 215.000
nruns=98 before=5.0, run_dur=31494.0, btw=2910.0
write rem/ex queues
/Users/jan/PychronDev/experiments/rem/Load1786.rem.txt
/Users/jan/PychronDev/experiments/rem/Load1786.ex.txt
doing event level: 3
