do run
loading script "jan_unknown120_60.py"
loading script "jan_pump_ms.py"
loading script "jan_co2.py"
loading script "jan_pump_extraction_line.py"
testing...
no interpolation path defined
executed snippet estimated_duration=213.652928, duration=0.000187158584595
script duration name:unknown120_60 seconds:214.0
loading script "jan_unknown120_60.py"
loading script "jan_pump_ms.py"
loading script "jan_co2.py"
loading script "jan_pump_extraction_line.py"
testing...
no interpolation path defined
executed snippet estimated_duration=0, duration=1.69277191162e-05
loading script "jan_unknown120_60.py"
loading script "jan_pump_ms.py"
loading script "jan_co2.py"
loading script "jan_pump_extraction_line.py"
testing...
no interpolation path defined
calculate duration
testing...
no interpolation path defined
executed snippet estimated_duration=0, duration=4.38690185547e-05
calculate duration
testing...
no interpolation path defined
executed snippet estimated_duration=0, duration=7.20024108887e-05
executed snippet estimated_duration=0.0, duration=0.00192785263062
script duration name:co2 seconds:0.0
loading script "jan_unknown120_60.py"
loading script "jan_pump_ms.py"
loading script "jan_co2.py"
loading script "jan_pump_extraction_line.py"
testing...
no interpolation path defined
calculate duration
testing...
no interpolation path defined
executed snippet estimated_duration=4.0, duration=0.000109910964966
executed snippet estimated_duration=4.0, duration=0.00102519989014
Script duration 214.0
Run total estimated duration= 215.000
run duration: 0:03:35
doing event level: 2
10:17:39 -- Setting default integration. t=1.048576
setting integration time = 1.048576
SetIntegrationTime 1.048576 ===>> OK
----------------- start -----------------
**************** Experiment Type: Ar/Ar, Ar/Ar
$$$$$ Clearing conditionals
adding conditionals 
Add queue conditionals
add default conditionals
adding default conditionals from /Users/jan/PychronDev/setupfiles/spectrometer/default_conditionals.yaml
Start automated run 65552-24
loading script "jan_unknown120_60.py"
loading script "jan_pump_ms.py"
loading script "jan_co2.py"
loading script "jan_pump_extraction_line.py"
%%%%%%%%%%%%%%%%%% setting automated run 65552-24
No value "sensitivity_multiplier" in metadata
$$$$$$$$$$$$$$$ auto_save_detector_ic=False
============================= Pre Extraction Check =============================
loading queue conditionals pre_run_terminations
loading system conditionals pre_run_terminations
loading conditionals from /Users/jan/PychronDev/setupfiles/spectrometer/default_conditionals.yaml
10:17:39 -- ******* Pre Extraction Check *******
Get a measurement from the spectrometer
GetData ===>> H2,-0.142695942828025,H1,-0.0582567582684266,AX,0.0543616447188099,L1,-0.024083746085073,L2,0.049...
Pre Extraction Termination data. keys=H2,H1,AX,L1,L2,CDD, signals=-0.14270,-0.05826,0.05436,-0.02408,0.04955,0.00268
10:17:39 -- testing system defined conditionals
Checking default pre extraction terminations n=2
testing CDD
evaluate ot="CDD.inactive" t="CDD", ctx="{'CDD': False}"
GetDeflection CDD ===>> 50
testing CDD==2000
evaluate ot="CDD.deflection==2000" t="CDD==2000", ctx="{'CDD': 50.0}"
10:17:39 -- ******* Pre Extraction Check Passed *******
=================================================================================
10:17:39 -- stopping status monitor
stop 4984189200
Alive clients [4991693744]
10:17:39 -- starting status monitor
start 4984189200
Monitor already running
start extraction
do extraction
Analysis started at 10:17:39.589067
Extraction Started jan_co2.py
10:17:39 -- ******* Extraction Started jan_co2.py *******
state changed from not run to extraction
DO EXTRACTION <pychron.extraction_line.pyscript_runner.RemotePyScriptRunner object at 0x12c301530>
testing...
no interpolation path defined
calculate duration
testing...
no interpolation path defined
executed snippet estimated_duration=0, duration=4.00543212891e-05
calculate duration
testing...
no interpolation path defined
executed snippet estimated_duration=0, duration=6.98566436768e-05
executed snippet estimated_duration=100.0, duration=0.00175189971924
Jan CO2 laser analysis
doing GOSUB
testing...
no interpolation path defined
executed snippet estimated_duration=0, duration=4.10079956055e-05
Waiting for CO2 access
wait ('FelixCO2Flag', 0) {}
waiting for FelixCO2Flag = 0
Read FelixCO2Flag ===>> 0
finished waiting
CO2 free
wait ('CO2PumpTimeFlag', 0) {}
waiting for CO2PumpTimeFlag = 0
Read CO2PumpTimeFlag ===>> 13.2966389656
Read CO2PumpTimeFlag ===>> 12.2927219868
Read CO2PumpTimeFlag ===>> 2.22679114342
finished waiting
acquire ('JanCO2Flag',) {'clear': True}
acquire JanCO2Flag
Set JanCO2Flag 1 ===>> OK
JanCO2Flag acquired
set extraction state False (0.75, 'red', 1.5)
CO2 acquired
executed snippet estimated_duration=0, duration=14.1079959869
WaitForCO2Access.py completed successfully
gosub finished
doing GOSUB
testing...
no interpolation path defined
executed snippet estimated_duration=0, duration=0.000148057937622
Prepare for CO2 analysis
close () {'description': 'Jan Inlet'}
closing name=--- desc=Jan Inlet
checking ownership. requestor=129.138.12.150
check software interlocks R
interlocks []
actuate state mode=None-script, software_lock=False
doing actuation None-script close_channel False
Close R ===>> OK
GetIndicatorState R ===>> False
change switch state (True, True)
update switch state R False args=() kw={} ncanvase=2
10:17:54 -- CLOSE  VALVE-R (Jan Inlet)
---------------------------------------- close None (Jan Inlet) result=[(True, True)]
action=close, ok=True, locked=[False]
open () {'description': 'Jan Ion Pump'}
opening name=--- desc=Jan Ion Pump
checking ownership. requestor=129.138.12.150
check software interlocks O
interlocks []
actuate state mode=None-script, software_lock=False
doing actuation None-script open_channel False
Open O ===>> OK
GetIndicatorState O ===>> OK
change switch state (True, True)
update switch state O True args=() kw={} ncanvase=2
10:17:54 -- OPEN   VALVE-O (Jan Ion Pump)
---------------------------------------- open None (Jan Ion Pump) result=[(True, True)], time=0.08 sec
action=open, ok=True, locked=[False]
close () {'description': 'Microbone to Minibone'}
closing name=--- desc=Microbone to Minibone
checking ownership. requestor=129.138.12.150
check software interlocks L
interlocks []
actuate state mode=None-script, software_lock=False
doing actuation None-script close_channel False
Close L ===>> OK
GetIndicatorState L ===>> False
change switch state (True, True)
update switch state L False args=() kw={} ncanvase=2
10:17:55 -- CLOSE  VALVE-L (Microbone to Minibone)
---------------------------------------- close None (Microbone to Minibone) result=[(True, True)]
action=close, ok=True, locked=[False]
open () {'description': 'Microbone to Turbo'}
opening name=--- desc=Microbone to Turbo
checking ownership. requestor=129.138.12.150
check software interlocks U
interlocks []
actuate state mode=None-script, software_lock=False
doing actuation None-script open_channel False
Open U ===>> OK
GetIndicatorState U ===>> OK
change switch state (True, True)
update switch state U True args=() kw={} ncanvase=2
10:17:55 -- OPEN   VALVE-U (Microbone to Turbo)
---------------------------------------- open None (Microbone to Turbo) result=[(True, True)], time=0.11 sec
action=open, ok=True, locked=[False]
open () {'description': 'Microbone to Inlet Pipette'}
opening name=--- desc=Microbone to Inlet Pipette
checking ownership. requestor=129.138.12.150
check software interlocks S
interlocks []
actuate state mode=None-script, software_lock=False
doing actuation None-script open_channel False
Open S ===>> OK
GetIndicatorState S ===>> OK
change switch state (True, True)
update switch state S True args=() kw={} ncanvase=2
10:17:56 -- OPEN   VALVE-S (Microbone to Inlet Pipette)
---------------------------------------- open None (Microbone to Inlet Pipette) result=[(True, True)], time=0.41 sec
action=open, ok=True, locked=[False]
open () {'description': 'Microbone to Getter D-50'}
opening name=--- desc=Microbone to Getter D-50
checking ownership. requestor=129.138.12.150
check software interlocks K
interlocks []
actuate state mode=None-script, software_lock=False
doing actuation None-script open_channel False
Open K ===>> OK
GetIndicatorState K ===>> OK
change switch state (True, True)
update switch state K True args=() kw={} ncanvase=2
10:17:56 -- OPEN   VALVE-K (Microbone to Getter D-50)
---------------------------------------- open None (Microbone to Getter D-50) result=[(True, True)], time=0.40 sec
action=open, ok=True, locked=[False]
open () {'description': 'Microbone to Getter NP-10'}
opening name=--- desc=Microbone to Getter NP-10
checking ownership. requestor=129.138.12.150
check software interlocks M
interlocks []
actuate state mode=None-script, software_lock=False
doing actuation None-script open_channel False
Open M ===>> OK
GetIndicatorState M ===>> OK
change switch state (True, True)
update switch state M True args=() kw={} ncanvase=2
10:17:57 -- OPEN   VALVE-M (Microbone to Getter NP-10)
---------------------------------------- open None (Microbone to Getter NP-10) result=[(True, True)], time=0.13 sec
action=open, ok=True, locked=[False]
close () {'description': 'CO2 Laser to Felix'}
closing name=--- desc=CO2 Laser to Felix
checking ownership. requestor=129.138.12.150
check software interlocks F
interlocks []
actuate state mode=None-script, software_lock=True
VALVE-F(CO2 Laser to Felix) software locked
change switch state (True, False)
---------------------------------------- close None (CO2 Laser to Felix) result=[(True, False)]
action=close, ok=True, locked=[True]
open () {'description': 'CO2 Laser to Jan'}
opening name=--- desc=CO2 Laser to Jan
checking ownership. requestor=129.138.12.150
check software interlocks A
interlocks []
actuate state mode=None-script, software_lock=False
doing actuation None-script open_channel False
Open A ===>> OK
GetIndicatorState A ===>> OK
change switch state (True, True)
update switch state A True args=() kw={} ncanvase=2
10:17:57 -- OPEN   VALVE-A (CO2 Laser to Jan)
---------------------------------------- open None (CO2 Laser to Jan) result=[(True, True)], time=0.12 sec
action=open, ok=True, locked=[False]
open () {'description': 'Microbone to CO2 Laser'}
opening name=--- desc=Microbone to CO2 Laser
checking ownership. requestor=129.138.12.150
check software interlocks T
interlocks []
actuate state mode=None-script, software_lock=False
doing actuation None-script open_channel False
Open T ===>> OK
GetIndicatorState T ===>> OK
change switch state (True, True)
update switch state T True args=() kw={} ncanvase=2
10:17:58 -- OPEN   VALVE-T (Microbone to CO2 Laser)
---------------------------------------- open None (Microbone to CO2 Laser) result=[(True, True)], time=0.40 sec
action=open, ok=True, locked=[False]
executed snippet estimated_duration=0, duration=4.75908398628
PrepareForCO2Analysis.py completed successfully
gosub finished
set_motor ('beam', '1.25') {}
setting motor "beam" to 1.25
set motor beam to 1.25
SetMotor beam,1.25 ===>> OK
GetMotorMoving beam ===>> False
GetMotorMoving beam ===>> False
Block completed
move_to_position ('166',) {'autocenter': True}
FusionsCO2 move to position 166
sending GoToHole 166,True
GoToHole 166,True ===>> OK
GetDriveMoving ===>> OK
GetDriveMoving ===>> OK
GetDriveMoving ===>> OK
GetDriveMoving ===>> False
GetDriveMoving ===>> OK
GetDriveMoving ===>> OK
GetDriveMoving ===>> OK
GetDriveMoving ===>> OK
GetDriveMoving ===>> OK
GetDriveMoving ===>> OK
GetDriveMoving ===>> OK
GetDriveMoving ===>> False
Block completed
GetAutoCorrecting ===>> False
GetAutoCorrecting ===>> False
Block completed
update position
GetPosition ===>> 9.96950,-5.98170,1.00000
got position (9.9695, -5.9817, 1.0)
move to position succeeded
sleep (5,) {}
SLEEP 5.0
block started
WaitControl setup for 5.0  
Join finished
block finished. duration 5.02702593803
close () {'description': 'Microbone to Turbo'}
closing name=--- desc=Microbone to Turbo
checking ownership. requestor=129.138.12.150
check software interlocks U
interlocks []
actuate state mode=None-script, software_lock=False
doing actuation None-script close_channel True
Close U ===>> OK
GetIndicatorState U ===>> False
change switch state (True, True)
update switch state U False args=() kw={} ncanvase=2
10:18:09 -- CLOSE  VALVE-U (Microbone to Turbo)
---------------------------------------- close None (Microbone to Turbo) result=[(True, True)]
action=close, ok=True, locked=[False]
enable laser
enable () {}
set extraction state FusionsCO2 Enabled (False, 'red', 1.5)
enabling laser
Enable ===>> OK
begin interval
BEGIN INTERVAL Interval 1 waiting for 30.0
block started
set extract to 5.0
WaitControl setup for 30.0  
extract (5.0,) {}
GetPosition ===>> 9.96950,-5.98170,1.00000
set extraction state FusionsCO2 ON! 5.0(watts) (0.75, 'red', 1.5)
extract sample to 5.0 (watts)
set laser output
SetLaserOutput 5.0,watts ===>> OK
executing pattern triangle.lp
execute_pattern ('triangle.lp',) {}
executing pattern triangle.lp
IsPatterning ===>> OK
IsPatterning ===>> OK
IsPatterning ===>> OK
IsPatterning ===>> OK
IsPatterning ===>> OK
IsPatterning ===>> OK
IsPatterning ===>> OK
IsPatterning ===>> OK
IsPatterning ===>> OK
IsPatterning ===>> OK
IsPatterning ===>> OK
IsPatterning ===>> OK
IsPatterning ===>> OK
IsPatterning ===>> OK
IsPatterning ===>> OK
IsPatterning ===>> OK
IsPatterning ===>> OK
IsPatterning ===>> OK
IsPatterning ===>> OK
IsPatterning ===>> OK
IsPatterning ===>> OK
IsPatterning ===>> OK
IsPatterning ===>> OK
IsPatterning ===>> OK
IsPatterning ===>> OK
IsPatterning ===>> OK
IsPatterning ===>> False
IsPatterning ===>> False
Block completed
COMPLETE INTERVAL waiting for Interval 1 to complete
Join finished
block finished. duration 30.033769846
Interval 1 finished
end_extract () {}
ending extraction. set laser power to 0
set laser power 0
SetLaserPower 0 ===>> OK
disable () {}
%%%%%%%%%%%%%%%%%%%%%%%%%%%%%%%%%%% disable
set extraction state False (0.75, 'red', 1.5)
disabling laser
Disable ===>> OK
sleep (30.0,) {}
SLEEP 30.0
block started
WaitControl setup for 30.0  
Join finished
block finished. duration 30.0350298882
executed snippet estimated_duration=166.5, duration=90.7337150574
jan_co2.py completed successfully
GetAchievedOutput ===>> No Response
Requested Output= 0.000
Achieved Output=  0.000
GetResponseBlob ===>> No Response
GetOutputBlob ===>> No Response
persistence save...
persistence save - db
AutomatedRunPersister post_extraction_save deprecated
persistence save - dvc
no extraction position for 166
create new session 4991427888
close session 4991427888
Extraction Finished
10:19:10 -- ******* Extraction Finished *******
no overlap. not waiting for min ms pumptime
10:19:10 -- Sending spectrometer configuration
======== Sending configuration ========
SetDeflection CDD,50.0 ===>> OK
SetDeflection H2,0.0 ===>> OK
SetDeflection H1,0.0 ===>> OK
SetDeflection L2,825.0 ===>> OK
SetDeflection L1,400.0 ===>> OK
SetDeflection AX,190.0 ===>> OK
SetZFocus 74.64 ===>> OK
SetZSymmetry -50.72 ===>> OK
SetExtractionLens 26.13 ===>> OK
SetIonRepeller -3.81 ===>> OK
SetElectronEnergy 75.08 ===>> OK
SetYSymmetry -2.81 ===>> OK
SetIonCounterVoltage 1590.0 ===>> OK
send trap current 200.0
GetParameter Trap Current Readback ===>> 198.147042666178
SetParameter Trap Current Set,200.0 ===>> OK
updating mftable name mftable
Using mftable located at /Users/jan/PychronDev/setupfiles/spectrometer/mftables/mftable.csv
============ MFtable ===========
Isotope  H2     H1     AX     L1     L2     CDD    
Ar40     5.7969 5.8796 5.9931 6.1368 6.2313 6.3650
Ar39     5.6961 5.7719 5.8855 6.0228 6.1164 6.2515
Ar36     5.3736 5.4409 5.5489 5.6817 5.7714 5.9026
================================
get initial guess parabolic
get initial guess parabolic
get initial guess parabolic
get initial guess parabolic
get initial guess parabolic
get initial guess parabolic
======== Configuration Finished ========
GetYSymmetry ===>> -2.81
GetZSymmetry ===>> -50.72
GetParameter Trap Current Readback ===>> 198.258926936459
GetHighVoltage ===>> 4500
start measurement
do measurement
L#=65552 analysis type=unknown
Measurement Started jan_unknown120_60.py
10:19:10 -- ******* Measurement Started jan_unknown120_60.py *******
state changed from extraction to measurement
setting spec, defl, and gains
GetExtractionLens ===>> 26.13
GetYSymmetry ===>> -2.81
GetZSymmetry ===>> -50.72
GetZFocus ===>> 74.64
GetDeflection H2 ===>> 0
GetDeflection H1 ===>> 0
GetDeflection AX ===>> 190
GetDeflection L1 ===>> 400
GetDeflection L2 ===>> 825
GetDeflection CDD ===>> 50
GetGain H2 ===>> 0.0113
GetGain H1 ===>> 0.1
GetGain AX ===>> 0.097049
GetGain L1 ===>> 0.010355
GetGain L2 ===>> 0.095649
GetGain CDD ===>> 0
pre measurement save
New frame /Users/jan/PychronDev/data/isotopes/58/867bf8-d50e-4ce4-95a8-9e8be7e520fd.h5
flush and close file /Users/jan/PychronDev/data/isotopes/58/867bf8-d50e-4ce4-95a8-9e8be7e520fd.h5
testing...
no interpolation path defined
executed snippet estimated_duration=226.132928, duration=0.0001540184021
unknown measurement script
activate_detectors ('H2', 'H1', 'AX', 'L1', 'L2', 'CDD') {}
activate detectors
*************** Set Analysis View Ar/Ar
create graphs
clearing graphs
clear isotope group
setting isotope det=H2, iso=PM41
setting isotope det=H1, iso=Ar40
setting isotope det=AX, iso=Ar39
setting isotope det=L1, iso=Ar38
setting isotope det=L2, iso=Ar37
setting isotope det=CDD, iso=Ar36
setting previous blanks
 - setting Ar40 blank 0.182+/-0.007
 - setting Ar36 blank 0.00492+/-0.00017
 - setting Ar37 blank 0.053+/-0.005
 - setting Ar38 blank 0.0165+/-0.0021
 - setting PM41 blank 0.02+/-0.06
 - setting Ar39 blank 0.042+/-0.010
load analysis view
position_magnet ('Ar40',) {'detector': 'H1'}
detector Detector(H1)
POSITION Ar40 H1
setting detector H2 to PM41 (40.9624)
setting detector H1 to Ar40 (39.9624)
setting detector AX to Ar39 (38.9624)
setting detector L1 to Ar38 (37.9624)
setting detector L2 to Ar37 (36.9624)
setting detector CDD to Ar36 (35.9624)
Mapping mass to dac mass func: "parabolic"
H1 map mass coeffs = [-0.00063987  0.15840543  0.57123999]
H1 map mass to dac 39.9624 >> 5.87963
GetDeflection H1 ===>> 0
GetHighVoltage ===>> 4500
positioning Ar40 (5.87963) on H1
setting magnet DAC
current  : 5.879630
requested: 5.879630
Delta Dac: 0.000000
Checking detector protection. dv=0.00000
Checking detector "CDD". Protection Threshold: 0.1 (V)
SetMagnetDAC 5.87963 ===>> OK
Magnet settling time: 0.500
update labels <pychron.experiment.plot_panel.PlotPanel object at 0x1a4bf0fb0>
update labels "<pychron.graph.stacked_regression_graph.StackedRegressionGraph object at 0x1b958a470>"
setting label 0 H2 PM41
setting label 1 H1 Ar40
setting label 2 AX Ar39
setting label 3 L1 Ar38
setting label 4 L2 Ar37
setting label 5 CDD Ar36
update labels "<pychron.graph.stacked_graph.StackedGraph object at 0x1b958ad70>"
setting label 0 H2 PM41
setting label 1 H1 Ar40
setting label 2 AX Ar39
setting label 3 L1 Ar38
setting label 4 L2 Ar37
setting label 5 CDD Ar36
equilibrate () {'delay': 3, 'inlet': 'R', 'outlet': 'O', 'eqtime': 12.0}
Equilibration Started
10:19:11 -- ******* Equilibration Started *******
checking ownership. requestor=129.138.12.150
check software interlocks O
interlocks []
actuate state mode=None-script, software_lock=False
doing actuation None-script close_channel True
Close O ===>> OK
GetIndicatorState O ===>> False
change switch state (True, True)
update switch state O False args=() kw={} ncanvase=2
10:19:11 -- CLOSE  VALVE-O (Jan Ion Pump)
waiting 3s before opening inlet value ('R',)
checking ownership. requestor=129.138.12.150
check software interlocks R
interlocks []
actuate state mode=None-script, software_lock=False
doing actuation None-script open_channel True
Open R ===>> OK
set states for children of R. state=True
handle state [('R', True)]
update switch state R True args=() kw={'refresh': False} ncanvase=2
refresh_canvas_needed fired
GetIndicatorState R ===>> OK
change switch state (True, True)
update switch state R True args=() kw={} ncanvase=2
10:19:15 -- OPEN   VALVE-R (Jan Inlet)
equilibrating for 12.0sec
set_time_zero () {}
sniff (12.0,) {}
py_sniff
build tables- sniff [Detector(H2), Detector(H1), Detector(AX), Detector(L1), Detector(L2), Detector(CDD)]
add group /sniff/PM41 (Group) '' table H2
add group /sniff/Ar40 (Group) '' table H1
add group /sniff/Ar39 (Group) '' table AX
add group /sniff/Ar38 (Group) '' table L1
add group /sniff/Ar37 (Group) '' table L2
add group /sniff/Ar36 (Group) '' table CDD
flush and close file /Users/jan/PychronDev/data/isotopes/58/867bf8-d50e-4ce4-95a8-9e8be7e520fd.h5
measuring sniff. ncounts=12.0
"sniff" increment series count="1" fit count="0" regressing="False"
starting measurement
GetData ===>> H2,-0.274381245607335,H1,2.61903446630953,AX,0.602044795587743,L1,-0.0412924643441158,L2,0.032796...
GetData ===>> H2,0.699602945037687,H1,469.542797049828,AX,100.493333463278,L1,0.449679394367923,L2,0.6803449097...
GetData ===>> H2,0.672078634950771,H1,995.895689800947,AX,205.328339483394,L1,1.53400351524697,L2,1.02692165364...
GetData ===>> H2,0.212745043814099,H1,1168.87697749984,AX,235.516949988111,L1,2.23515275787176,L2,0.92213002485...
GetData ===>> H2,0.027952702398824,H1,1228.49582335695,AX,244.511483929482,L1,2.62330458573359,L2,0.96410370015...
GetData ===>> H2,-0.0751463282103451,H1,1252.5304733914,AX,248.271212993409,L1,2.82748478511758,L2,0.9050319235...
GetData ===>> H2,-0.095911989786572,H1,1262.32346211852,AX,250.202525944504,L1,2.95899625021741,L2,0.9296665236...
GetData ===>> H2,-0.155533261091194,H1,1266.94202252551,AX,250.859229464592,L1,3.02387888820985,L2,1.0353985938...
GetData ===>> H2,-0.00539679521197447,H1,1268.86909749002,AX,251.252402411366,L1,3.09179972327101,L2,1.05065896...
GetData ===>> H2,-0.00587549519363322,H1,1269.74478945448,AX,251.394646806295,L1,3.1324857059353,L2,1.041401635...
GetData ===>> H2,-0.0466571236612046,H1,1270.03108067122,AX,251.252030441104,L1,3.15513678619562,L2,1.042444187...
Equilibration Finished
10:19:27 -- ******* Equilibration Finished *******
checking ownership. requestor=129.138.12.150
check software interlocks R
interlocks []
actuate state mode=None-script, software_lock=False
doing actuation None-script close_channel True
GetData ===>> H2,0.0839251659145279,H1,1269.65797046791,AX,251.29728252044,L1,3.17579984088843,L2,0.92257670055...
Close R ===>> OK
GetIndicatorState R ===>> False
change switch state (True, True)
update switch state R False args=() kw={} ncanvase=2
10:19:28 -- CLOSE  VALVE-R (Jan Inlet)
Post Equilibration Started jan_pump_extraction_line.py
10:19:28 -- ******* Post Equilibration Started jan_pump_extraction_line.py *******
testing...
no interpolation path defined
calculate duration
testing...
no interpolation path defined
executed snippet estimated_duration=4.0, duration=0.000149965286255
executed snippet estimated_duration=4.0, duration=0.0221378803253
Pump after analysis
doing GOSUB
testing...
no interpolation path defined
executed snippet estimated_duration=4.0, duration=0.0001220703125
Pump Microbone
close () {'description': 'Jan Inlet'}
closing name=--- desc=Jan Inlet
checking ownership. requestor=129.138.12.150
check software interlocks R
interlocks []
actuate state mode=None-script, software_lock=False
doing actuation None-script close_channel False
Close R ===>> OK
measurement finished
estimated time: 12.583 actual time: :12.652
flush and close file /Users/jan/PychronDev/data/isotopes/58/867bf8-d50e-4ce4-95a8-9e8be7e520fd.h5
set_fits () {}
using default fits file=/Users/jan/PychronDev/scripts/measurement/fits/nominal_linear.yaml
set "Ar40" to "('Linear', 'SEM')"
No fit for "PM41". defaulting to linear. check the measurement script "jan_unknown120_60.py"
set "PM41" to "linear"
set "Ar36" to "('Linear', 'SEM')"
set "Ar37" to "('linear', 'SEM')"
set "Ar38" to "('linear', 'SEM')"
set "Ar39" to "('Linear', 'SEM')"
set_baseline_fits () {}
using default fits file=/Users/jan/PychronDev/scripts/measurement/fits/nominal_linear.yaml
GetIndicatorState R ===>> False
change switch state (True, True)
update switch state R False args=() kw={} ncanvase=2
set "H1" to "('average', 'SEM')"
set "H2" to "('average', 'SEM')"
set "CDD" to "('average', 'SEM')"
10:19:28 -- CLOSE  VALVE-R (Jan Inlet)
set "L2" to "('average', 'SEM')"
---------------------------------------- close None (Jan Inlet) result=[(True, True)]
set "L1" to "('average', 'SEM')"
set "AX" to "('average', 'SEM')"
multicollect () {'integration_time': 1, 'ncounts': 120}
build tables- signal [Detector(H2), Detector(H1), Detector(AX), Detector(L1), Detector(L2), Detector(CDD)]
add group /signal/PM41 (Group) '' table H2
add group /signal/Ar40 (Group) '' table H1
add group /signal/Ar39 (Group) '' table AX
add group /signal/Ar38 (Group) '' table L1
add group /signal/Ar37 (Group) '' table L2
add group /signal/Ar36 (Group) '' table CDD
flush and close file /Users/jan/PychronDev/data/isotopes/58/867bf8-d50e-4ce4-95a8-9e8be7e520fd.h5
measuring signal. ncounts=120
"signal" increment series count="2" fit count="1" regressing="True"
action=close, ok=True, locked=[False]
is_closed ('F',) {}
is F () closed?
is closed True
open () {'description': 'CO2 Laser to Jan'}
opening name=--- desc=CO2 Laser to Jan
checking ownership. requestor=129.138.12.150
check software interlocks A
interlocks []
actuate state mode=None-script, software_lock=False
doing actuation None-script open_channel False
Open A ===>> OK
GetIndicatorState A ===>> OK
change switch state (True, True)
update switch state A True args=() kw={} ncanvase=2
10:19:28 -- OPEN   VALVE-A (CO2 Laser to Jan)
---------------------------------------- open None (CO2 Laser to Jan) result=[(True, True)], time=0.12 sec
starting measurement
GetData ===>> H2,0.000202824809295988,H1,1269.21981020233,AX,251.372820538766,L1,3.20385736407876,L2,1.03923637...
action=open, ok=True, locked=[False]
sleep (1,) {}
SLEEP 1.0
GetData ===>> H2,-0.0483689567745413,H1,1269.10368279519,AX,251.157179808667,L1,3.25755372441041,L2,1.020656071...
close () {'description': 'CO2 Laser to Roughing'}
closing name=--- desc=CO2 Laser to Roughing
checking ownership. requestor=129.138.12.150
check software interlocks G
interlocks []
actuate state mode=None-script, software_lock=True
VALVE-G(CO2 Laser to Roughing) software locked
change switch state (True, False)
---------------------------------------- close None (CO2 Laser to Roughing) result=[(True, False)]
action=close, ok=True, locked=[True]
open () {'description': 'Microbone to Turbo'}
opening name=--- desc=Microbone to Turbo
checking ownership. requestor=129.138.12.150
check software interlocks U
interlocks []
actuate state mode=None-script, software_lock=False
doing actuation None-script open_channel True
Open U ===>> OK
State checksums do not match. Local:1466587775 Remote:603202787
State checksum failed
GetIndicatorState U ===>> OK
change switch state (True, True)
update switch state U True args=() kw={} ncanvase=2
10:19:30 -- OPEN   VALVE-U (Microbone to Turbo)
---------------------------------------- open None (Microbone to Turbo) result=[(True, True)], time=0.19 sec
action=open, ok=True, locked=[False]
open () {'description': 'Microbone to Getter NP-10'}
opening name=--- desc=Microbone to Getter NP-10
checking ownership. requestor=129.138.12.150
check software interlocks M
interlocks []
actuate state mode=None-script, software_lock=False
doing actuation None-script open_channel False
Open M ===>> OK
GetIndicatorState M ===>> OK
change switch state (True, True)
update switch state M True args=() kw={} ncanvase=2
10:19:30 -- OPEN   VALVE-M (Microbone to Getter NP-10)
---------------------------------------- open None (Microbone to Getter NP-10) result=[(True, True)], time=0.13 sec
action=open, ok=True, locked=[False]
open () {'description': 'Microbone to Getter D-50'}
opening name=--- desc=Microbone to Getter D-50
checking ownership. requestor=129.138.12.150
check software interlocks K
interlocks []
actuate state mode=None-script, software_lock=False
doing actuation None-script open_channel False
GetData ===>> H2,-0.243907566977686,H1,1268.4457542399,AX,250.85880457616,L1,3.20689876137212,L2,1.063996595743...
Open K ===>> OK
GetIndicatorState K ===>> OK
change switch state (True, True)
update switch state K True args=() kw={} ncanvase=2
10:19:31 -- OPEN   VALVE-K (Microbone to Getter D-50)
---------------------------------------- open None (Microbone to Getter D-50) result=[(True, True)], time=0.41 sec
action=open, ok=True, locked=[False]
open () {'description': 'Microbone to CO2 Laser'}
opening name=--- desc=Microbone to CO2 Laser
checking ownership. requestor=129.138.12.150
check software interlocks T
interlocks []
actuate state mode=None-script, software_lock=False
doing actuation None-script open_channel False
Open T ===>> OK
GetIndicatorState T ===>> OK
change switch state (True, True)
update switch state T True args=() kw={} ncanvase=2
10:19:32 -- OPEN   VALVE-T (Microbone to CO2 Laser)
---------------------------------------- open None (Microbone to CO2 Laser) result=[(True, True)], time=0.39 sec
GetData ===>> H2,-0.246784243511535,H1,1268.09582852082,AX,250.613534982777,L1,3.19718899986271,L2,0.9391738923...
action=open, ok=True, locked=[False]
open () {'description': 'Microbone to Inlet Pipette'}
opening name=--- desc=Microbone to Inlet Pipette
checking ownership. requestor=129.138.12.150
check software interlocks S
interlocks []
actuate state mode=None-script, software_lock=False
doing actuation None-script open_channel False
Open S ===>> OK
GetIndicatorState S ===>> OK
change switch state (True, True)
update switch state S True args=() kw={} ncanvase=2
10:19:32 -- OPEN   VALVE-S (Microbone to Inlet Pipette)
---------------------------------------- open None (Microbone to Inlet Pipette) result=[(True, True)], time=0.40 sec
action=open, ok=True, locked=[False]
sleep (1,) {}
SLEEP 1.0
GetData ===>> H2,-0.167805107926611,H1,1267.80845506689,AX,250.865815338918,L1,3.20597546282981,L2,1.0501548342...
set_resource () {'name': 'CO2PumpTimeFlag', 'value': 30}
Set CO2PumpTimeFlag 30 ===>> OK
release ('JanCO2Flag',) {}
release JanCO2Flag
Set JanCO2Flag 0 ===>> OK
executed snippet estimated_duration=6.0, duration=5.91456413269
PumpMicrobone.py completed successfully
gosub finished
get_resource_value () {'name': 'JanMiniboneFlag'}
Read JanMiniboneFlag ===>> 0
Get Resource Value JanMiniboneFlag=0.0
get resource value 0.0
get_resource_value () {'name': 'JanMiniboneFlag'}
Read JanMiniboneFlag ===>> 0
Get Resource Value JanMiniboneFlag=0.0
executed snippet estimated_duration=4.0, duration=5.93720912933
jan_pump_extraction_line.py completed successfully
Post Equilibration Finished
10:19:34 -- ******* Post Equilibration Finished *******
GetData ===>> H2,-0.170267868069466,H1,1267.04896659722,AX,250.716273698817,L1,3.25648020251518,L2,0.9778659820...
GetData ===>> H2,-0.155750780728444,H1,1266.24061662884,AX,250.712452185613,L1,3.2220031080439,L2,1.02924701015...
GetData ===>> H2,-0.128061301748277,H1,1265.62233126254,AX,250.442305720777,L1,3.21778222114839,L2,0.9052838493...
GetData ===>> H2,-0.0849817289707277,H1,1265.64321058474,AX,250.396655856097,L1,3.20435687972832,L2,0.919472920...
GetData ===>> H2,-0.0515598001318371,H1,1265.02181369956,AX,250.459788305331,L1,3.19973265509072,L2,1.023050002...
GetData ===>> H2,-0.0385894325013119,H1,1264.37732984156,AX,249.935576557186,L1,3.20807523851029,L2,0.946322220...
GetData ===>> H2,-0.145275305299278,H1,1263.6046583676,AX,250.030981609761,L1,3.19756863545229,L2,0.98445561553...
GetData ===>> H2,-0.142975661092864,H1,1263.14070379407,AX,249.961612940793,L1,3.16364232209537,L2,0.9514317674...
GetData ===>> H2,-0.0621790968257127,H1,1262.78866117037,AX,250.007211526804,L1,3.1873144714272,L2,0.9423699539...
GetData ===>> H2,-0.0184518502591741,H1,1262.69088552938,AX,249.763945382032,L1,3.19851569235134,L2,0.899604227...
GetData ===>> H2,-0.12862092202028,H1,1262.19663885259,AX,249.595484768385,L1,3.2025564974685,L2,0.950389214422...
GetData ===>> H2,-0.166501315151245,H1,1261.44815538499,AX,249.528093173022,L1,3.17945820853882,L2,0.9883981513...
GetData ===>> H2,-0.208385186177139,H1,1261.33470203207,AX,249.699805411877,L1,3.14985137745401,L2,1.0524120054...
GetData ===>> H2,-0.119260551289308,H1,1260.68502980236,AX,249.488200285565,L1,3.16258538732191,L2,1.0059272612...
GetData ===>> H2,-0.139563167548151,H1,1260.17467755701,AX,249.363410309781,L1,3.16612938488161,L2,1.0233134531...
GetData ===>> H2,-0.121754880240569,H1,1259.798537379,AX,249.033338937691,L1,3.18560562547905,L2,0.986117420495...
GetData ===>> H2,0.00252891912845106,H1,1258.97362921761,AX,248.913586301909,L1,3.20337595696866,L2,1.040084142...
GetData ===>> H2,-0.0899974892465448,H1,1258.94101797662,AX,249.366718522229,L1,3.19294153912252,L2,1.020713341...
GetData ===>> H2,-0.102385150642346,H1,1258.34897789396,AX,249.162072526089,L1,3.13683289016749,L2,0.9935595521...
10:19:54 -- collecting point 25
GetData ===>> H2,-0.18066623955092,H1,1257.78518652723,AX,249.133664322507,L1,3.16157159779994,L2,0.91877429687...
GetData ===>> H2,-0.243223945787052,H1,1256.89719514154,AX,249.083813278006,L1,3.15085998515121,L2,0.9515234209...
GetData ===>> H2,-0.151565192287217,H1,1256.17320326232,AX,248.693648680905,L1,3.15321328030292,L2,0.9716091134...
GetData ===>> H2,-0.0135645805280761,H1,1255.71955729766,AX,248.554423285613,L1,3.13978601884614,L2,0.964355780...
GetData ===>> H2,-0.0476725798989527,H1,1255.46288110316,AX,248.087191993568,L1,3.11711041266086,L2,0.972949836...
GetData ===>> H2,-0.167539232759041,H1,1255.41663803004,AX,248.315740281691,L1,3.12600053548692,L2,0.9080092710...
GetData ===>> H2,-0.211932165301165,H1,1254.1043564581,AX,248.439069291516,L1,3.18230177385273,L2,0.95702279402...
GetData ===>> H2,-0.0924322085733087,H1,1253.60895371241,AX,248.099142073525,L1,3.17244954435278,L2,0.945715049...
GetData ===>> H2,-0.0754608024213193,H1,1252.95418282488,AX,248.04895531998,L1,3.16857262540098,L2,0.9352791938...
GetData ===>> H2,-5.15469105108934E-06,H1,1252.56623334128,AX,247.904726501722,L1,3.11726007427582,L2,1.0233707...
GetData ===>> H2,-0.0259160639799336,H1,1252.39455361679,AX,247.947049510311,L1,3.08454288158857,L2,0.991715983...
GetData ===>> H2,-0.119398538251332,H1,1251.54952076007,AX,247.819034868659,L1,3.10070581022489,L2,1.0643289141...
GetData ===>> H2,-0.117369149193772,H1,1250.91820873007,AX,247.953141963732,L1,3.10574264632675,L2,0.9973842108...
GetData ===>> H2,-0.100282894693337,H1,1250.31883644977,AX,247.8685890181,L1,3.17007630584507,L2,1.006854903525...
GetData ===>> H2,-0.0696917999433194,H1,1249.92872860719,AX,247.854346667857,L1,3.1733925860128,L2,1.0476914844...
GetData ===>> H2,-0.12128148683861,H1,1249.74810885196,AX,247.816503395296,L1,3.17246621011162,L2,0.86770839437...
GetData ===>> H2,-0.0593099200294314,H1,1248.88878863386,AX,247.539411570856,L1,3.12804590533148,L2,1.075009552...
GetData ===>> H2,0.0101875787478382,H1,1248.30039919584,AX,247.529008652707,L1,3.12107293769843,L2,0.9698673469...
GetData ===>> H2,-0.00967038567037088,H1,1247.87132413993,AX,247.148059673873,L1,3.09637443674234,L2,0.98086850...
GetData ===>> H2,-0.113680144013899,H1,1247.32420794715,AX,247.138632370931,L1,3.12924058983954,L2,1.0588629948...
GetData ===>> H2,-0.116819798840749,H1,1247.00556939555,AX,246.772654489187,L1,3.12079846957261,L2,0.9910403990...
GetData ===>> H2,-0.134984083295649,H1,1246.57350710445,AX,246.87514026994,L1,3.13019004958204,L2,0.90543271496...
GetData ===>> H2,-0.121262550691921,H1,1246.10126166325,AX,246.932587516826,L1,3.14248180160654,L2,0.9325415443...
GetData ===>> H2,-0.182934278605649,H1,1246.13824404633,AX,247.088526951346,L1,3.12533634241896,L2,1.0089163629...
GetData ===>> H2,-0.195799458563153,H1,1245.41551061529,AX,246.877061076963,L1,3.09808989956538,L2,0.9390707953...
10:20:20 -- collecting point 50
GetData ===>> H2,-0.157809579744578,H1,1244.82803770623,AX,246.718670663076,L1,3.11250094687432,L2,0.9197134307...
GetData ===>> H2,0.0125633374847977,H1,1244.51583857947,AX,246.645555736919,L1,3.10362291956738,L2,0.9443174271...
GetData ===>> H2,-0.0812797171681968,H1,1244.0879121107,AX,246.557158100327,L1,3.0769501566291,L2,1.04569793599...
GetData ===>> H2,-0.137116352176892,H1,1243.30577949419,AX,246.466927073227,L1,3.05165811179327,L2,1.0320420943...
GetData ===>> H2,-0.155545420684169,H1,1242.79031420644,AX,246.271057191603,L1,3.09417198217934,L2,0.9830001271...
GetData ===>> H2,-0.126629683728724,H1,1242.35281691085,AX,246.002303579748,L1,3.13592171896675,L2,0.9109065476...
GetData ===>> H2,-0.203303240840735,H1,1241.3568260597,AX,245.963174551025,L1,3.13136000142042,L2,0.92581802487...
GetData ===>> H2,-0.195849365377695,H1,1241.08362355906,AX,246.093186503653,L1,3.10315884797496,L2,0.8921044345...
GetData ===>> H2,-0.175980308559621,H1,1240.61295797184,AX,245.974754969105,L1,3.11375046219866,L2,0.9925289815...
GetData ===>> H2,-0.222855437169079,H1,1240.17044908942,AX,246.031641778608,L1,3.08797523384749,L2,1.0229354590...
GetData ===>> H2,-0.169039928565658,H1,1239.70368856123,AX,245.786008704875,L1,3.05688956089401,L2,0.9398955743...
GetData ===>> H2,-0.182085672332664,H1,1239.24272376437,AX,245.772779770248,L1,3.07883438290926,L2,1.0019190331...
GetData ===>> H2,-0.154578016748814,H1,1238.59901096872,AX,245.657986862316,L1,3.063279384957,L2,1.054314028348...
GetData ===>> H2,-0.234007612173211,H1,1238.8179489238,AX,245.626522020772,L1,3.11191502307773,L2,0.90717331415...
GetData ===>> H2,-0.255536240831788,H1,1238.86580882991,AX,245.465731401977,L1,3.07793235096652,L2,0.9926320381...
GetData ===>> H2,-0.162555280705013,H1,1237.41064457423,AX,245.239293094117,L1,3.13823931268126,L2,0.9766054080...
GetData ===>> H2,-0.0745607323748658,H1,1236.79303390256,AX,245.106637035239,L1,3.14469938783305,L2,0.951764011...
GetData ===>> H2,-0.000334107992788034,H1,1236.7480684007,AX,244.924345027636,L1,3.13983041165352,L2,0.86156170...
GetData ===>> H2,-0.0570056481773934,H1,1235.97419786935,AX,244.741343554644,L1,3.09580820961942,L2,0.836841570...
GetData ===>> H2,-0.0868397306456229,H1,1234.88714395736,AX,244.588183474335,L1,3.08578182340959,L2,1.005457717...
GetData ===>> H2,-0.113521784978202,H1,1234.31773739488,AX,244.673049766405,L1,3.03700212692367,L2,0.9867248460...
GetData ===>> H2,-0.145271252282573,H1,1234.17942969066,AX,244.873337363754,L1,3.08521701566056,L2,1.0280785973...
GetData ===>> H2,-0.152410516070157,H1,1233.99401264527,AX,244.850863167469,L1,3.13433115421278,L2,1.0252149006...
GetData ===>> H2,-0.155215755990989,H1,1233.42356963353,AX,244.372378321626,L1,3.10094679720855,L2,0.9044135629...
GetData ===>> H2,-0.123119495312574,H1,1232.58500625395,AX,244.498920782665,L1,3.04906537064503,L2,0.9597955139...
10:20:46 -- collecting point 75
GetData ===>> H2,-0.0726953002474039,H1,1231.94136030542,AX,244.493136742122,L1,3.08794341450747,L2,0.940582895...
GetData ===>> H2,-0.0485671381214735,H1,1232.06293849196,AX,244.297967944811,L1,3.07097024840659,L2,0.999834820...
GetData ===>> H2,-0.0703996940013596,H1,1231.79407929193,AX,244.1984497198,L1,3.07377865140472,L2,0.97501252443...
GetData ===>> H2,-0.0200139217769541,H1,1231.50666700996,AX,244.162327500131,L1,3.06820813972879,L2,0.975321931...
GetData ===>> H2,-0.0671337926514616,H1,1230.64970469473,AX,243.915889993108,L1,3.04874494422527,L2,0.979596433...
GetData ===>> H2,-0.128276231638436,H1,1230.22681134798,AX,243.633997536577,L1,3.01585257358191,L2,0.9622016579...
GetData ===>> H2,-0.125623793087451,H1,1229.4709042672,AX,243.643663826641,L1,3.03435937404144,L2,0.96277455827...
GetData ===>> H2,-0.0978200667484799,H1,1229.08919969031,AX,243.787500856574,L1,3.03632136021898,L2,1.005514978...
GetData ===>> H2,-0.092138227300121,H1,1228.73662222875,AX,243.704600337551,L1,3.07764598431696,L2,0.9471928861...
GetData ===>> H2,-0.156261462602996,H1,1228.12995871547,AX,243.435450556273,L1,3.10242329783227,L2,0.9140558605...
GetData ===>> H2,-0.144884858038712,H1,1227.62263366377,AX,243.234123160766,L1,3.09106212422681,L2,0.9874010412...
GetData ===>> H2,-0.163077807579701,H1,1226.99854590917,AX,243.284053890122,L1,3.06175557206203,L2,0.9301934133...
GetData ===>> H2,-0.0407581915522185,H1,1226.61462883133,AX,243.196987532708,L1,3.07475504520865,L2,0.898974451...
GetData ===>> H2,-0.0252923530310628,H1,1226.30502216457,AX,243.023524284581,L1,3.05883572041872,L2,0.898482083...
GetData ===>> H2,-0.107504472647232,H1,1225.57364544143,AX,242.905599088097,L1,3.09003952686252,L2,0.9718726729...
GetData ===>> H2,-0.194763618195663,H1,1225.15704557416,AX,243.095269402957,L1,3.10815777874179,L2,0.9367568696...
GetData ===>> H2,-0.0669276079549124,H1,1224.70440519277,AX,243.185010483073,L1,3.12863907441715,L2,0.882189576...
GetData ===>> H2,-0.113980614062812,H1,1223.98326894596,AX,243.044080118254,L1,3.07921624576637,L2,1.0795021923...
GetData ===>> H2,-0.165302665200842,H1,1223.3599141959,AX,242.642765762033,L1,3.07303742143579,L2,0.98839815131...
GetData ===>> H2,-0.10052522219839,H1,1223.03504644778,AX,242.6078200363,L1,3.05626486868916,L2,0.9869655251337...
GetData ===>> H2,-0.0342221614027548,H1,1222.67851805104,AX,242.382708099351,L1,3.0313404144236,L2,0.9728237850...
GetData ===>> H2,-0.00731691362042432,H1,1221.59543989627,AX,242.578403244506,L1,3.05318888857548,L2,0.95670198...
GetData ===>> H2,0.0334621671032002,H1,1221.97789107702,AX,242.408048015393,L1,3.08850095730084,L2,0.9518900360...
GetData ===>> H2,-0.0551065450578443,H1,1221.55103873467,AX,242.174893186345,L1,3.03288223561894,L2,1.008870552...
GetData ===>> H2,-0.124915289720764,H1,1220.56951553898,AX,242.437480382837,L1,3.04897697626546,L2,1.0230041851...
10:21:13 -- collecting point 100
GetData ===>> H2,-0.0125738277192348,H1,1219.95660154198,AX,242.265306548821,L1,3.05686744732118,L2,0.977109635...
GetData ===>> H2,-0.0827522679690407,H1,1220.37183953074,AX,241.65515973873,L1,3.08937398749828,L2,0.9930213639...
GetData ===>> H2,-0.207656253955961,H1,1219.70130184042,AX,241.639716896487,L1,3.1242630650843,L2,0.93078903142...
GetData ===>> H2,-0.071720436045987,H1,1219.49213740466,AX,241.731818170974,L1,3.0908199583936,L2,0.89750880657...
GetData ===>> H2,-0.150395810199557,H1,1218.6568584618,AX,241.794636790966,L1,3.07358089325711,L2,0.98235834405...
GetData ===>> H2,-0.195451453575244,H1,1218.00216032183,AX,241.552122400779,L1,3.03115270445704,L2,0.8589406129...
GetData ===>> H2,-0.145386087194886,H1,1217.79419857283,AX,241.525424377497,L1,3.05605756676448,L2,0.9440081199...
GetData ===>> H2,-0.0975979933555837,H1,1217.45872460065,AX,241.418918487854,L1,3.0607683808929,L2,0.9289678263...
GetData ===>> H2,-0.0740076419604246,H1,1216.3858031476,AX,241.243326515364,L1,3.08620267841561,L2,0.9656047359...
GetData ===>> H2,-0.0964482879283088,H1,1215.87291631218,AX,241.382973308257,L1,3.08055978340098,L2,0.961330856...
GetData ===>> H2,-0.0610876474069739,H1,1215.76709602593,AX,241.373773542293,L1,3.05888686679822,L2,0.964882860...
GetData ===>> H2,-0.114600477603558,H1,1215.28347154378,AX,241.023265516733,L1,3.03248882396402,L2,0.9157279012...
GetData ===>> H2,-0.138596670947365,H1,1214.63233942339,AX,241.074476632434,L1,3.02586148271152,L2,0.9607808799...
GetData ===>> H2,-0.121396455622603,H1,1214.12713049443,AX,240.892660809551,L1,3.07516443588668,L2,0.9249017383...
GetData ===>> H2,-0.168096618705655,H1,1213.45257335203,AX,240.877712850834,L1,3.08593548909472,L2,0.8637135749...
GetData ===>> H2,-0.206316836418546,H1,1213.18594831467,AX,240.810247131183,L1,3.02286701221798,L2,0.8861050217...
GetData ===>> H2,-0.170549870545203,H1,1212.27909594472,AX,240.600965380232,L1,2.99556838749244,L2,0.9228630322...
GetData ===>> H2,-0.0963101529479194,H1,1211.91213002818,AX,240.516004169122,L1,3.01982915451529,L2,0.949575801...
GetData ===>> H2,-0.0785210500035209,H1,1211.38547670036,AX,240.497249636125,L1,3.03762493230378,L2,0.981991612...
GetData ===>> H2,-0.125736013800044,H1,1211.45428892558,AX,240.41903418506,L1,3.05757648474549,L2,0.86663240946...
GetData ===>> H2,-0.119203732641016,H1,1210.93589144228,AX,240.373559746109,L1,3.04782652963175,L2,0.8722871883...
measurement finished
estimated time: 125.829 actual time: :126.152
flush and close file /Users/jan/PychronDev/data/isotopes/58/867bf8-d50e-4ce4-95a8-9e8be7e520fd.h5
baselines () {'settling_time': 15.0, 'detector': 'H1', 'mass': 34.2, 'ncounts': 60}
%%%%%%%%%%%%%%%%%%%%%%%%%%%%%%%% Baseline
build tables- baseline [Detector(H2), Detector(H1), Detector(AX), Detector(L1), Detector(L2), Detector(CDD)]
add group baseline table H2
add group baseline table H1
add group baseline table AX
add group baseline table L1
add group baseline table L2
add group baseline table CDD
flush and close file /Users/jan/PychronDev/data/isotopes/58/867bf8-d50e-4ce4-95a8-9e8be7e520fd.h5
detector Detector(H1)
POSITION 34.2 H1
Mapping mass to dac mass func: "parabolic"
H1 map mass coeffs = [-0.00063987  0.15840543  0.57123999]
H1 map mass to dac 34.2 >> 5.24028599104
GetDeflection H1 ===>> 0
GetHighVoltage ===>> 4500
positioning 34.2 (5.24028599104) on H1
setting magnet DAC
current  : 5.879630
requested: 5.240286
Delta Dac: 0.639344
Checking detector protection. dv=0.63934
Checking detector "CDD". Protection Threshold: 0.1 (V)
ProtectDetector CDD,On ===>> OK
GetDeflection CDD ===>> 2000
Protected = 2000
SetMagnetDAC 5.24028599104 ===>> OK
Magnet settling time: 0.500
GetMagnetMoving ===>> True
GetMagnetMoving ===>> True
GetMagnetMoving ===>> True
GetMagnetMoving ===>> True
GetMagnetMoving ===>> True
GetMagnetMoving ===>> True
GetMagnetMoving ===>> True
GetMagnetMoving ===>> True
GetMagnetMoving ===>> False
ProtectDetector CDD,Off ===>> OK
GetDeflection CDD ===>> 50
Delaying 15.0s for detectors to settle
Join finished
measuring baseline. ncounts=60
"baseline" increment series count="2" fit count="1" regressing="True"
starting measurement
GetData ===>> H2,-0.111809471477221,H1,-0.101618295662065,AX,0.031872965812109,L1,-0.0467352438320195,L2,0.0431...
GetData ===>> H2,-0.163443697068271,H1,-0.089295899767383,AX,-0.0823187124950466,L1,-0.0781776793330314,L2,-0.0...
GetData ===>> H2,-0.125815784475279,H1,-0.0715008261554793,AX,-0.210805931182533,L1,-0.0535889982334562,L2,0.07...
GetData ===>> H2,-0.19092748278374,H1,-0.0629537750135299,AX,-0.10603095118755,L1,-0.0353758156844853,L2,-0.000...
GetData ===>> H2,-0.272175294050853,H1,-0.060867563826039,AX,-0.0814725678696124,L1,-0.0537564546468809,L2,-0.0...
GetData ===>> H2,-0.19819743449064,H1,-0.00616947337224156,AX,-0.193111454051434,L1,-0.0531882876244248,L2,0.08...
GetData ===>> H2,-0.111901523354266,H1,-0.0562777461148077,AX,0.0577709980610379,L1,-0.0498324563959579,L2,-0.0...
GetData ===>> H2,-0.0567506441715624,H1,-0.102059204335547,AX,-0.119483859957418,L1,-0.0629383793447975,L2,-0.0...
GetData ===>> H2,-0.183553491690771,H1,-0.0473597841401439,AX,-0.030493269745437,L1,-0.061774419934157,L2,0.000...
GetData ===>> H2,-0.0769191984689422,H1,0.0263988495563307,AX,-0.117664755399469,L1,-0.0805039487476565,L2,-0.0...
GetData ===>> H2,-0.0624136431004111,H1,-0.0177507439064193,AX,-0.0885196848399083,L1,-0.0767321559325365,L2,-0...
GetData ===>> H2,-0.181479871552889,H1,-0.00422521524170421,AX,-0.139382558841301,L1,-0.0380452675830723,L2,-0....
GetData ===>> H2,-0.0544607778284377,H1,-0.106063042810622,AX,-0.181278576370526,L1,-0.0171434301468457,L2,-0.0...
GetData ===>> H2,-0.126675649719431,H1,-0.0521884584644859,AX,-0.183782028068882,L1,-0.0184673631254835,L2,0.06...
GetData ===>> H2,-0.200288842159859,H1,-0.0884735582098671,AX,-0.0366279669021177,L1,-0.0078339936538683,L2,-0....
GetData ===>> H2,-0.181616145823401,H1,0.0590971270925557,AX,-0.1182672651352,L1,-0.036516529987945,L2,-0.00072...
GetData ===>> H2,-0.134003673010521,H1,-0.0154489090894881,AX,-0.142408858192681,L1,-0.071603420055655,L2,-0.08...
GetData ===>> H2,-0.255970436442161,H1,-0.0556339626404111,AX,-0.18111631338841,L1,-0.0483126916501561,L2,-0.01...
GetData ===>> H2,-0.264054427659175,H1,-0.0283170369157702,AX,-0.0769983109499381,L1,-0.0217356762579916,L2,-0....
GetData ===>> H2,-0.243787801688651,H1,-0.00199463946006768,AX,-0.0905479545038525,L1,-0.0704751286412003,L2,-0...
GetData ===>> H2,-0.165083978896933,H1,-0.0232844721432144,AX,-0.037416519963009,L1,-0.022112075538334,L2,0.005...
GetData ===>> H2,-0.159384497643144,H1,0.0289761362816111,AX,-0.0334620939722064,L1,4.68094358023535E-05,L2,-0....
GetData ===>> H2,-0.287637089629823,H1,0.0077274343397661,AX,-0.0717239874194594,L1,-0.000487250104980386,L2,0....
GetData ===>> H2,-0.181625590514047,H1,0.00756042142027193,AX,-0.112045013723212,L1,-0.0132362586241475,L2,-0.0...
10:22:18 -- collecting point 25
GetData ===>> H2,-0.10252997945412,H1,-0.0239523152057995,AX,-0.090559544494707,L1,-0.03506065855473,L2,-0.0042...
GetData ===>> H2,-0.0990386849474612,H1,-0.0238211320987556,AX,-0.123342102897654,L1,-0.00841080511232823,L2,-0...
GetData ===>> H2,-0.188915890041559,H1,0.0219126198203192,AX,-0.113029940365679,L1,-0.039501904627115,L2,0.0354...
GetData ===>> H2,-0.118260772127623,H1,0.00732183201856991,AX,-0.173895336583703,L1,-0.0360228754003013,L2,0.03...
GetData ===>> H2,-0.106074325974189,H1,-0.00967619930090073,AX,-0.0859582095916104,L1,-0.0261137433843864,L2,0....
GetData ===>> H2,-0.0936608867106758,H1,0.00331361509446921,AX,-0.0159145647527308,L1,-0.0274257137254044,L2,-0...
GetData ===>> H2,-0.107720940843843,H1,0.0576051848601324,AX,-0.0455336065408584,L1,-0.0255110183580636,L2,-0.0...
GetData ===>> H2,-0.126609404556003,H1,0.0416248940388055,AX,0.0789255726231072,L1,-0.0768170518150506,L2,0.031...
GetData ===>> H2,-0.164727592172492,H1,0.0630956418995467,AX,-0.195185825898219,L1,-0.0547339560243833,L2,0.032...
GetData ===>> H2,-0.191697240376483,H1,-0.035805788069365,AX,-0.161364568322443,L1,-0.0573889211226354,L2,-0.02...
GetData ===>> H2,-0.123047819911044,H1,-0.0154250556018585,AX,-0.114536279472485,L1,-0.0413822833516153,L2,0.01...
GetData ===>> H2,-0.143636417423144,H1,0.117654053460359,AX,0.0753298985987226,L1,-0.039858844329432,L2,0.04088...
GetData ===>> H2,-0.218300666742794,H1,0.0237261778458954,AX,-0.0994950165908481,L1,-0.0351613181795882,L2,-0.1...
GetData ===>> H2,-0.149172285973608,H1,-0.0428289642676603,AX,-0.138512915175179,L1,-0.043013256879943,L2,-0.12...
GetData ===>> H2,-0.064757484578842,H1,-0.0194800668459781,AX,0.018157319391057,L1,-0.0428911226572652,L2,0.005...
GetData ===>> H2,-0.132877110803034,H1,0.00937371945701777,AX,0.0125300540029082,L1,0.00446078558539845,L2,-0.0...
GetData ===>> H2,-0.196634357120213,H1,-0.0131470213357908,AX,-0.0541833564982958,L1,0.00909773992771832,L2,-0....
GetData ===>> H2,-0.23989675734461,H1,0.0522701813165273,AX,-0.0852164123122528,L1,-0.0025176179406537,L2,-0.04...
GetData ===>> H2,-0.239848295901109,H1,0.0167942681269075,AX,-0.0306440325333645,L1,0.0346653964313252,L2,-0.00...
GetData ===>> H2,-0.207548459621372,H1,0.00985090861009859,AX,-0.11260120881743,L1,0.0282562944874304,L2,-0.068...
GetData ===>> H2,-0.186736710598712,H1,-0.00194692606612075,AX,-0.159150360946907,L1,-0.0121107261743195,L2,-0....
GetData ===>> H2,-0.176636347653516,H1,0.00184636152809077,AX,-0.0934917678243445,L1,0.00328057475708167,L2,0.0...
GetData ===>> H2,-0.181181681536924,H1,-0.0332658763496195,AX,-0.0235579290320289,L1,0.00445118005609011,L2,-0....
GetData ===>> H2,-0.282516308868833,H1,-0.0356388474940904,AX,0.0275909702523109,L1,-0.0295844010548484,L2,-0.0...
GetData ===>> H2,-0.26259952728302,H1,0.0380329616832099,AX,-0.0596325361126273,L1,-0.0385639791538678,L2,-0.04...
10:22:44 -- collecting point 50
GetData ===>> H2,-0.225585264076581,H1,-0.0665300358643648,AX,-0.117201283832744,L1,-0.0332717852851034,L2,-0.0...
GetData ===>> H2,-0.175058279917231,H1,0.0617110634761221,AX,-0.0510064599213294,L1,-0.0293065050344956,L2,-0.0...
GetData ===>> H2,-0.218559371900041,H1,0.0163766985320503,AX,-0.0193593722707003,L1,-0.0295544557321999,L2,-0.0...
GetData ===>> H2,-0.276628400465712,H1,-0.00204235283123286,AX,-0.0273387947725626,L1,-0.034787434492133,L2,-0....
GetData ===>> H2,-0.161369716948319,H1,-0.0446651633571048,AX,-0.0610817346425104,L1,-0.00671745178884333,L2,-0...
GetData ===>> H2,-0.218167269582496,H1,-0.0811794502986405,AX,-0.0292523671573476,L1,-0.0405044178337598,L2,0.0...
GetData ===>> H2,-0.312806404182337,H1,0.0118789878884364,AX,-0.204039071959351,L1,-0.0136365774107807,L2,-0.04...
GetData ===>> H2,-0.232466833492129,H1,0.0485465888971472,AX,-0.200690229423499,L1,-0.0412553389198721,L2,-0.00...
GetData ===>> H2,-0.231164072367633,H1,0.00751270349439466,AX,-0.195116294597729,L1,-0.0132518401921316,L2,-0.0...
GetData ===>> H2,-0.197249364147486,H1,-0.0138149320424439,AX,-0.121036444584761,L1,0.00693784905651694,L2,0.10...
GetData ===>> H2,-0.242400315682008,H1,-0.0326338695217253,AX,-0.00818940160645465,L1,-0.0215366824122763,L2,0....
measurement finished
estimated time: 62.915 actual time: :63.112
flush and close file /Users/jan/PychronDev/data/isotopes/58/867bf8-d50e-4ce4-95a8-9e8be7e520fd.h5
activate_detectors ('H1', 'AX', 'CDD') {'peak_center': True}
peak_center () {'detector': 'H1', 'integration_time': 0.262144, 'isotope': 'Ar40'}
peak center: mean=1212.86483462 threshold=3
peak center started
setup peak center. detector=['H1', 'AX', 'CDD'], isotope=Ar40
VersionedUnpickler [<apptools.sweet_pickle.versioned_unpickler.VersionedUnpickler object at 0x1c4cd5bf0>] using Updater [<apptools.sweet_pickle.updater.Updater object at 0x1373f1ad0>]
VersionedUnpickler [<apptools.sweet_pickle.versioned_unpickler.VersionedUnpickler object at 0x1c4cd5bf0>] using Updater [<apptools.sweet_pickle.updater.Updater object at 0x1373f1ad0>]
VersionedUnpickler [<apptools.sweet_pickle.versioned_unpickler.VersionedUnpickler object at 0x1c919ae30>] using Updater [<apptools.sweet_pickle.updater.Updater object at 0x1373f1ad0>]
setting integration time = 0.524288
SetIntegrationTime 0.524288 ===>> OK
Mapping mass to dac mass func: "parabolic"
H1 map mass coeffs = [-0.00063987  0.15840543  0.57123999]
H1 map mass to dac 39.9624 >> 5.87963
GetDeflection H1 ===>> 0
GetHighVoltage ===>> 4500
do peak center. <pychron.spectrometer.jobs.peak_center.PeakCenter object at 0x1376ecfb0>
doing pc
starting peak center. center dac= 5.87963 step_width=0.001
width = 0.001
get scan parameters. half-width=0.015,window=0.015, i=0, scalar=1
Scan parameters center=5.87963 width=0.03000 (5.86463 - 5.89463)
GetData ===>> H2,-0.178598838530023,H1,-0.00328289249933429,AX,-0.0891107849361315,L1,-0.0234101853859882,L2,-0...
Moving to starting dac 5.86463
setting magnet DAC
current  : 5.240286
requested: 5.864630
Delta Dac: 0.624344
Checking detector protection. dv=0.62434
Checking detector "CDD". Protection Threshold: 0.1 (V)
ProtectDetector CDD,On ===>> OK
GetDeflection CDD ===>> 2000
Protected = 2000
SetMagnetDAC 5.86463 ===>> OK
Magnet settling time: 0.500
GetMagnetMoving ===>> True
GetMagnetMoving ===>> True
GetMagnetMoving ===>> True
GetMagnetMoving ===>> True
GetMagnetMoving ===>> True
GetMagnetMoving ===>> True
GetMagnetMoving ===>> True
GetMagnetMoving ===>> True
GetMagnetMoving ===>> True
GetMagnetMoving ===>> False
ProtectDetector CDD,Off ===>> OK
GetDeflection CDD ===>> 50
Wait until signal near baseline. tol= -0.0024621693745. timeout= 10
GetData ===>> H2,58.2544373675694,H1,24.5706547623937,AX,1.26045013746547,L1,0.100681325325631,L2,0.01145579241...
GetData ===>> H2,79.9461265808786,H1,45.9515012955342,AX,6.69209859767123,L1,0.0641503947138856,L2,-0.151931941...
GetData ===>> H2,45.0381235176619,H1,21.8536030446672,AX,2.85706163692708,L1,0.0302660600383646,L2,-0.032947682...
GetData ===>> H2,19.1828114125367,H1,10.9842602922248,AX,1.25307952904238,L1,0.0133691212713588,L2,-0.092620796...
GetData ===>> H2,6.62214026271279,H1,5.8858660951371,AX,0.555704465487398,L1,0.00507916081052915,L2,-0.04512657...
GetData ===>> H2,1.93745965254456,H1,3.38945557215336,AX,0.276839916278614,L1,-0.012916231853246,L2,0.142349574...
GetData ===>> H2,0.603276328522784,H1,2.31245591045692,AX,0.357667770930412,L1,-0.00409291090588404,L2,-0.00170...
GetData ===>> H2,0.365708584360557,H1,1.64283940510159,AX,0.353437690648191,L1,0.0380494201019048,L2,-0.0317183...
GetData ===>> H2,0.365708584360557,H1,1.64283940510159,AX,0.353437690648191,L1,0.0380494201019048,L2,-0.0317183...
GetData ===>> H2,0.32381344806569,H1,1.41542453279071,AX,0.0579263755967894,L1,0.0431534480696274,L2,-0.0274837...
GetData ===>> H2,0.335265151820915,H1,1.31164685655285,AX,0.116242869702266,L1,0.0182878701513454,L2,0.02671713...
GetData ===>> H2,0.274870840433012,H1,1.21986248763288,AX,0.0948221027418894,L1,0.0129397444595219,L2,0.0351916...
GetData ===>> H2,0.245697300154214,H1,1.12632774272272,AX,0.000244021506113588,L1,-0.00211085717903065,L2,0.087...
GetData ===>> H2,0.246925012184212,H1,1.08524248938953,AX,-0.045058195849537,L1,-0.0208910935146038,L2,0.077780...
GetData ===>> H2,0.258601670158625,H1,1.04729011161864,AX,0.0416445118642724,L1,-0.00614174271934618,L2,0.00981...
GetData ===>> H2,0.223730947864428,H1,0.998066850487001,AX,0.0870339009232806,L1,0.0122321522043036,L2,0.035920...
GetData ===>> H2,0.129987390291259,H1,1.02773212558585,AX,0.133911592881171,L1,0.0123232968932512,L2,0.02566925...
GetData ===>> H2,0.0926150604515363,H1,1.00278683007728,AX,0.0908583864856414,L1,-0.0028043804011812,L2,-0.0869...
GetData ===>> H2,0.0825467983668661,H1,1.03918842579291,AX,-0.0252280228064417,L1,-0.00745143310561519,L2,-0.15...
GetData ===>> H2,0.0145829850003819,H1,1.11447773512634,AX,0.0836962908034583,L1,0.0015807379202391,L2,-0.23333...
GetData ===>> H2,-0.024996112349114,H1,1.12556008863762,AX,0.0830936789453888,L1,-0.00955713475384153,L2,-0.105...
Peak center failed to move to a baseline position
_do_sweep sm= 5.86463, em= 5.89463, stm= 0.001
calculated step values: start=5.86463, end=5.89463, width=0.001, nsteps=31.0
setting magnet DAC
current  : 5.864630
requested: 5.864630
Delta Dac: 0.000000
Checking detector protection. dv=0.00000
Checking detector "CDD". Protection Threshold: 0.1 (V)
SetMagnetDAC 5.86463 ===>> OK
GetData ===>> H2,-0.024996112349114,H1,1.12556008863762,AX,0.0830936789453888,L1,-0.00955713475384153,L2,-0.105...
setting magnet DAC
current  : 5.864630
requested: 5.865664
Delta Dac: 0.001034
Checking detector protection. dv=0.00103
Checking detector "CDD". Protection Threshold: 0.1 (V)
SetMagnetDAC 5.86566448276 ===>> OK
Magnet settling time: 1.049
GetData ===>> H2,-0.0136759075894245,H1,2.05217413350385,AX,0.382238403466593,L1,-0.0280171098219862,L2,0.02020...
setting magnet DAC
current  : 5.865664
requested: 5.866699
Delta Dac: 0.001034
Checking detector protection. dv=0.00103
Checking detector "CDD". Protection Threshold: 0.1 (V)
SetMagnetDAC 5.86669896552 ===>> OK
Magnet settling time: 1.049
GetData ===>> H2,0.0151927601065767,H1,6.73777468292112,AX,1.0833856928688,L1,0.00413300207509593,L2,0.10830406...
setting magnet DAC
current  : 5.866699
requested: 5.867733
Delta Dac: 0.001034
Checking detector protection. dv=0.00103
Checking detector "CDD". Protection Threshold: 0.1 (V)
SetMagnetDAC 5.86773344828 ===>> OK
Magnet settling time: 1.049
GetData ===>> H2,-0.112153308500609,H1,25.0659757255424,AX,3.36791165329621,L1,0.029240104568075,L2,0.065587591...
setting magnet DAC
current  : 5.867733
requested: 5.868768
Delta Dac: 0.001034
Checking detector protection. dv=0.00103
Checking detector "CDD". Protection Threshold: 0.1 (V)
SetMagnetDAC 5.86876793103 ===>> OK
Magnet settling time: 1.049
GetData ===>> H2,-0.121400513323118,H1,84.2957672435635,AX,10.9924873979018,L1,0.0900603268598837,L2,-0.0346550...
setting magnet DAC
current  : 5.868768
requested: 5.869802
Delta Dac: 0.001034
Checking detector protection. dv=0.00103
Checking detector "CDD". Protection Threshold: 0.1 (V)
SetMagnetDAC 5.86980241379 ===>> OK
Magnet settling time: 1.049
GetData ===>> H2,-0.0756397235231032,H1,234.020398780352,AX,32.4439906453439,L1,0.0994546075669512,L2,-0.000683...
setting magnet DAC
current  : 5.869802
requested: 5.870837
Delta Dac: 0.001034
Checking detector protection. dv=0.00103
Checking detector "CDD". Protection Threshold: 0.1 (V)
SetMagnetDAC 5.87083689655 ===>> OK
Magnet settling time: 1.049
GetData ===>> H2,-0.0641715752257552,H1,488.881190123678,AX,74.2839109445382,L1,0.402265298757525,L2,0.10299196...
setting magnet DAC
current  : 5.870837
requested: 5.871871
Delta Dac: 0.001034
Checking detector protection. dv=0.00103
Checking detector "CDD". Protection Threshold: 0.1 (V)
SetMagnetDAC 5.87187137931 ===>> OK
Magnet settling time: 1.049
GetData ===>> H2,-0.0391608414933439,H1,782.304853406157,AX,130.543623697136,L1,0.967881107360687,L2,0.21157248...
setting magnet DAC
current  : 5.871871
requested: 5.872906
Delta Dac: 0.001034
Checking detector protection. dv=0.00103
Checking detector "CDD". Protection Threshold: 0.1 (V)
SetMagnetDAC 5.87290586207 ===>> OK
Magnet settling time: 1.049
GetData ===>> H2,-0.0852458220631949,H1,1068.14208616525,AX,199.071529425838,L1,1.86419206463342,L2,0.406757587...
setting magnet DAC
current  : 5.872906
requested: 5.873940
Delta Dac: 0.001034
Checking detector protection. dv=0.00103
Checking detector "CDD". Protection Threshold: 0.1 (V)
SetMagnetDAC 5.87394034483 ===>> OK
Magnet settling time: 1.049
GetData ===>> H2,-0.14640354626954,H1,1131.47144602315,AX,219.537781296891,L1,2.26218819293675,L2,0.67465913283...
setting magnet DAC
current  : 5.873940
requested: 5.874975
Delta Dac: 0.001034
Checking detector protection. dv=0.00103
Checking detector "CDD". Protection Threshold: 0.1 (V)
SetMagnetDAC 5.87497482759 ===>> OK
Magnet settling time: 1.049
GetData ===>> H2,-0.105401710713794,H1,1150.86800815094,AX,226.792088459607,L1,2.51728298069785,L2,0.7474329903...
setting magnet DAC
current  : 5.874975
requested: 5.876009
Delta Dac: 0.001034
Checking detector protection. dv=0.00103
Checking detector "CDD". Protection Threshold: 0.1 (V)
SetMagnetDAC 5.87600931034 ===>> OK
Magnet settling time: 1.049
GetData ===>> H2,-0.044794675416792,H1,1155.38245657364,AX,228.832165678477,L1,2.68499814397564,L2,0.9036577943...
setting magnet DAC
current  : 5.876009
requested: 5.877044
Delta Dac: 0.001034
Checking detector protection. dv=0.00103
Checking detector "CDD". Protection Threshold: 0.1 (V)
SetMagnetDAC 5.8770437931 ===>> OK
Magnet settling time: 1.049
GetData ===>> H2,-0.196476553875463,H1,1156.31378436288,AX,229.177055122772,L1,2.75868193544718,L2,0.8529890501...
setting magnet DAC
current  : 5.877044
requested: 5.878078
Delta Dac: 0.001034
Checking detector protection. dv=0.00103
Checking detector "CDD". Protection Threshold: 0.1 (V)
SetMagnetDAC 5.87807827586 ===>> OK
Magnet settling time: 1.049
GetData ===>> H2,-0.0428247786134933,H1,1156.74479569672,AX,229.226425535189,L1,2.8199690563695,L2,1.0843826106...
setting magnet DAC
current  : 5.878078
requested: 5.879113
Delta Dac: 0.001034
Checking detector protection. dv=0.00103
Checking detector "CDD". Protection Threshold: 0.1 (V)
SetMagnetDAC 5.87911275862 ===>> OK
Magnet settling time: 1.049
GetData ===>> H2,-0.202088680393394,H1,1157.21871137236,AX,229.495006350855,L1,2.87771550980279,L2,0.9269748490...
setting magnet DAC
current  : 5.879113
requested: 5.880147
Delta Dac: 0.001034
Checking detector protection. dv=0.00103
Checking detector "CDD". Protection Threshold: 0.1 (V)
SetMagnetDAC 5.88014724138 ===>> OK
Magnet settling time: 1.049
GetData ===>> H2,-0.176680676577821,H1,1156.3047305766,AX,229.157200341285,L1,2.87352547128082,L2,0.90608543596...
setting magnet DAC
current  : 5.880147
requested: 5.881182
Delta Dac: 0.001034
Checking detector protection. dv=0.00103
Checking detector "CDD". Protection Threshold: 0.1 (V)
SetMagnetDAC 5.88118172414 ===>> OK
Magnet settling time: 1.049
GetData ===>> H2,-0.173562406226012,H1,1155.75967879394,AX,229.077395815182,L1,2.82959541876068,L2,1.0312655148...
setting magnet DAC
current  : 5.881182
requested: 5.882216
Delta Dac: 0.001034
Checking detector protection. dv=0.00103
Checking detector "CDD". Protection Threshold: 0.1 (V)
SetMagnetDAC 5.8822162069 ===>> OK
Magnet settling time: 1.049
GetData ===>> H2,-0.234194908346934,H1,1155.63928012753,AX,228.870599579584,L1,2.88863377437926,L2,0.8447948092...
setting magnet DAC
current  : 5.882216
requested: 5.883251
Delta Dac: 0.001034
Checking detector protection. dv=0.00103
Checking detector "CDD". Protection Threshold: 0.1 (V)
SetMagnetDAC 5.88325068966 ===>> OK
Magnet settling time: 1.049
GetData ===>> H2,-0.181599108422905,H1,1153.82738520387,AX,228.193080017203,L1,2.90757504024477,L2,0.8372191915...
setting magnet DAC
current  : 5.883251
requested: 5.884285
Delta Dac: 0.001034
Checking detector protection. dv=0.00103
Checking detector "CDD". Protection Threshold: 0.1 (V)
SetMagnetDAC 5.88428517241 ===>> OK
Magnet settling time: 1.049
GetData ===>> H2,-0.171657573085244,H1,1147.45607305875,AX,225.344119901911,L1,2.87031816132949,L2,0.7764070314...
setting magnet DAC
current  : 5.884285
requested: 5.885320
Delta Dac: 0.001034
Checking detector protection. dv=0.00103
Checking detector "CDD". Protection Threshold: 0.1 (V)
SetMagnetDAC 5.88531965517 ===>> OK
Magnet settling time: 1.049
GetData ===>> H2,-0.159022529022304,H1,1123.73180282723,AX,217.524016960699,L1,2.75332730323643,L2,0.8069684514...
setting magnet DAC
current  : 5.885320
requested: 5.886354
Delta Dac: 0.001034
Checking detector protection. dv=0.00103
Checking detector "CDD". Protection Threshold: 0.1 (V)
SetMagnetDAC 5.88635413793 ===>> OK
Magnet settling time: 1.049
GetData ===>> H2,-0.100506748856643,H1,1008.92916357799,AX,179.842434456274,L1,2.31600736980502,L2,0.4833500732...
setting magnet DAC
current  : 5.886354
requested: 5.887389
Delta Dac: 0.001034
Checking detector protection. dv=0.00103
Checking detector "CDD". Protection Threshold: 0.1 (V)
SetMagnetDAC 5.88738862069 ===>> OK
Magnet settling time: 1.049
GetData ===>> H2,-0.237662573740199,H1,782.512792104835,AX,122.943259883281,L1,1.81772369890432,L2,0.3276717016...
setting magnet DAC
current  : 5.887389
requested: 5.888423
Delta Dac: 0.001034
Checking detector protection. dv=0.00103
Checking detector "CDD". Protection Threshold: 0.1 (V)
SetMagnetDAC 5.88842310345 ===>> OK
Magnet settling time: 1.049
GetData ===>> H2,-0.341175498303588,H1,478.66283800421,AX,64.2468111324533,L1,1.27302043604139,L2,0.17620185480...
setting magnet DAC
current  : 5.888423
requested: 5.889458
Delta Dac: 0.001034
Checking detector protection. dv=0.00103
Checking detector "CDD". Protection Threshold: 0.1 (V)
SetMagnetDAC 5.88945758621 ===>> OK
Magnet settling time: 1.049
GetData ===>> H2,-0.357472629445209,H1,226.261243057757,AX,25.631296720891,L1,0.763580203975496,L2,0.1068449187...
setting magnet DAC
current  : 5.889458
requested: 5.890492
Delta Dac: 0.001034
Checking detector protection. dv=0.00103
Checking detector "CDD". Protection Threshold: 0.1 (V)
SetMagnetDAC 5.89049206897 ===>> OK
Magnet settling time: 1.049
GetData ===>> H2,-0.206458331680118,H1,83.8481580775659,AX,7.66351684846681,L1,0.473624516676191,L2,-0.00216346...
setting magnet DAC
current  : 5.890492
requested: 5.891527
Delta Dac: 0.001034
Checking detector protection. dv=0.00103
Checking detector "CDD". Protection Threshold: 0.1 (V)
SetMagnetDAC 5.89152655172 ===>> OK
Magnet settling time: 1.049
GetData ===>> H2,-0.198051790157482,H1,25.0294900574257,AX,1.7330297746415,L1,0.261694443177762,L2,-0.011864294...
setting magnet DAC
current  : 5.891527
requested: 5.892561
Delta Dac: 0.001034
Checking detector protection. dv=0.00103
Checking detector "CDD". Protection Threshold: 0.1 (V)
SetMagnetDAC 5.89256103448 ===>> OK
Magnet settling time: 1.049
GetData ===>> H2,-0.117049825622118,H1,6.37805313048412,AX,0.078064333105253,L1,0.152042961576966,L2,-0.0031427...
setting magnet DAC
current  : 5.892561
requested: 5.893596
Delta Dac: 0.001034
Checking detector protection. dv=0.00103
Checking detector "CDD". Protection Threshold: 0.1 (V)
SetMagnetDAC 5.89359551724 ===>> OK
Magnet settling time: 1.049
GetData ===>> H2,-0.273729899887448,H1,1.27814114514997,AX,-0.0821100747777464,L1,0.131488877803837,L2,-0.07557...
setting magnet DAC
current  : 5.893596
requested: 5.894630
Delta Dac: 0.001034
Checking detector protection. dv=0.00103
Checking detector "CDD". Protection Threshold: 0.1 (V)
SetMagnetDAC 5.89463 ===>> OK
Magnet settling time: 1.049
GetData ===>> H2,-0.246059088729383,H1,-0.149701639269284,AX,-0.206286270225878,L1,0.0629016545550186,L2,-0.024...
result of _do_sweep=True
result of _calculate_peak_center=([5.8721149699398794, 5.8795999398797587, 5.8870849098196381], [849.61121582950386, 1157.2132164978359, 848.98573483204245], 5.879118977955911, 1157.2132164978359)
Failed to find a valid peak. No peak greater than 1.0. max = 0.0392576077634
new center pos Detector(H1) (Ar40) @ 5.87959993988
GetHighVoltage ===>> 4500
GetDeflection H1 ===>> 0
dac uncorrected for HV and deflection 5.87959993988
update mftable H1 Ar40 5.87959993988 message=automated run peakcenter
get initial guess parabolic
get initial guess parabolic
get initial guess parabolic
get initial guess parabolic
get initial guess parabolic
get initial guess parabolic
dump mftable to /Users/jan/PychronDev/setupfiles/spectrometer/mftables/mftable.csv
add to repo msg=modified - automated run peakcenter
sweep finished
locally archiving mftable
setting magnet DAC
current  : 5.894630
requested: 5.879600
Delta Dac: 0.015030
Checking detector protection. dv=0.01503
Checking detector "CDD". Protection Threshold: 0.1 (V)
SetMagnetDAC 5.87959993988 ===>> OK
Magnet settling time: 0.500
setting integration time = 1.048576
SetIntegrationTime 1.048576 ===>> OK
Failed to find a valid peak. No peak greater than 1.0. max = 0.0392576077634
flush and close file /Users/jan/PychronDev/data/isotopes/58/867bf8-d50e-4ce4-95a8-9e8be7e520fd.h5
finished measure script
executed snippet estimated_duration=226.132928, duration=272.482281923
jan_unknown120_60.py completed successfully
Measurement Finished
10:23:43 -- ******* Measurement Finished *******
Post Measurement Started jan_pump_ms.py
10:23:43 -- ******* Post Measurement Started jan_pump_ms.py *******
testing...
no interpolation path defined
executed snippet estimated_duration=0, duration=3.09944152832e-05
Pumping spectrometer
open () {'name': 'O'}
opening name=O desc=---
checking ownership. requestor=129.138.12.150
check software interlocks O
interlocks []
actuate state mode=None-script, software_lock=False
doing actuation None-script open_channel True
Open O ===>> OK
GetIndicatorState O ===>> OK
change switch state (True, True)
update switch state O True args=() kw={} ncanvase=2
10:23:43 -- OPEN   VALVE-O (Jan Ion Pump)
---------------------------------------- open O () result=[(True, True)], time=0.09 sec
action=open, ok=True, locked=[False]
executed snippet estimated_duration=0, duration=0.344084978104
jan_pump_ms.py completed successfully
setting _ms_pumptime
Post Measurement Finished
10:23:43 -- ******* Post Measurement Finished *******
$$$$$$$$$$$$$$$$$$$$ state at run end measurement
state changed from measurement to success
post measurement save measured=True aborted=False
Set filtering
setting fod for Ar40= {'filter_outliers': True, 'std_devs': 2, 'iterations': 1}
setting fod for H1= {'filter_outliers': True, 'std_devs': 2, 'iterations': 1}
setting fod for PM41= {'filter_outliers': False, 'std_devs': 2, 'iterations': 1}
setting fod for H2= {'filter_outliers': True, 'std_devs': 2, 'iterations': 1}
setting fod for Ar36= {'filter_outliers': True, 'std_devs': 2, 'iterations': 1}
setting fod for CDD= {'filter_outliers': True, 'std_devs': 10, 'iterations': 1}
setting fod for Ar37= {'filter_outliers': True, 'std_devs': 2, 'iterations': 1}
setting fod for L2= {'filter_outliers': True, 'std_devs': 2, 'iterations': 1}
setting fod for Ar38= {'filter_outliers': True, 'std_devs': 2, 'iterations': 1}
setting fod for L1= {'filter_outliers': True, 'std_devs': 2, 'iterations': 1}
setting fod for Ar39= {'filter_outliers': True, 'std_devs': 2, 'iterations': 1}
setting fod for AX= {'filter_outliers': True, 'std_devs': 2, 'iterations': 1}
persistence save...
persistence save - db
post measurement save
7587927824 connecting to database sqlite:////Users/jan/PychronDev/.appdata/local_lab.db
connected to db sqlite:////Users/jan/PychronDev/.appdata/local_lab.db
create new session 7587927824
close session 7587927824
No database instance. Not saving post measurement to isotopedb database
$$$$$$$$$$$$$$$ auto_save_detector_ic=False
massspec enabled True
create new session 4985911824
MassSpec Database Version: 16.0
close session 4985911824
saving post measurement to secondary database
saving to massspec database 129.138.12.160/massspecdata
setting labnumber to 65552
setting aliquot to 24
setting step to 
setting uuid to 58867bf8-d50e-4ce4-95a8-9e8be7e520fd
setting irradpos to 65552
setting extract_device to Fusions CO2
setting tray to 
setting position to 166
setting power_requested to 5.0
setting extract_value to 5.0
setting duration to 30.0
setting duration_at_request to 30.0
setting first_stage_delay to 30.0
setting cleanup to 30.0
setting comment to N:9 with inclusions
setting irradiation to NM-289
setting level to N
setting irradiation_level to N
setting sample to Bw-2014-4 W
setting material to Sanidine
setting project to Bustos Wells
setting mass_spectrometer to Jan
no attribute chron_dosages
no attribute production_ratios
no attribute interference_corrections
no attribute production_name
no attribute j
Reference Isotope=Ar40
Reference Detector=H1
%%%%%%%%%%%%%%%%%%%% Comment: N:9 with inclusions %%%%%%%%%%%%%%%%%%%
adding isotope PM41 H2
add baseline dbdet= PM41. original det= H2
get baseline data PM41 H2
Get data baseline <pychron.processing.isotope.Baseline object at 0x1c4947950> len t=60
baseline PM41. v=-0.174122903133, e=0.0080093928178
get signal data PM41 H2
Get data signal PM41 0.06+/-0.07 len t=120
adding isotope Ar40 H1
add baseline dbdet= Ar40. original det= H1
get baseline data Ar40 H1
Get data baseline <pychron.processing.isotope.Baseline object at 0x1c4947a90> len t=60
baseline Ar40. v=-0.0130813652368, e=0.00552572671186
get signal data Ar40 H1
Get data signal Ar40 1275.69+/-0.08 len t=120
adding isotope Ar39 AX
add baseline dbdet= Ar39. original det= AX
get baseline data Ar39 AX
Get data baseline <pychron.processing.isotope.Baseline object at 0x1c4947590> len t=60
baseline Ar39. v=-0.0913302292443, e=0.0087847943411
get signal data Ar39 AX
Get data signal Ar39 252.411+/-0.031 len t=120
adding isotope Ar38 L1
add baseline dbdet= Ar38. original det= L1
get baseline data Ar38 L1
Get data baseline <pychron.processing.isotope.Baseline object at 0x1c49474d0> len t=60
baseline Ar38. v=-0.0332101840208, e=0.00308480104072
get signal data Ar38 L1
Get data signal Ar38 3.247+/-0.006 len t=120
adding isotope Ar37 L2
add baseline dbdet= Ar37. original det= L2
get baseline data Ar37 L2
Get data baseline <pychron.processing.isotope.Baseline object at 0x1c4947990> len t=60
baseline Ar37. v=-0.0196932156809, e=0.00587892147622
get signal data Ar37 L2
Get data signal Ar37 1.025+/-0.010 len t=120
adding isotope Ar36 CDD
add baseline dbdet= Ar36. original det= CDD
get baseline data Ar36 CDD
Get data baseline <pychron.processing.isotope.Baseline object at 0x1c495c150> len t=60
baseline Ar36. v=0.000265476653951, e=2.2956477122e-05
get signal data Ar36 CDD
Get data signal Ar36 0.0286+/-0.0004 len t=120
65552-24 added analysis time 0.495069980621s
analysis added to mass spec database
mass spec save time= 0.506
persistence save - dvc
================= post measurement started
create new session 4991427888
close session 4991427888
---------------- Experiment Queue saving disabled
DVC saving peakcenter
Failed to find a valid peak. No peak greater than 1.0. max = 0.0392576077634
Smart pull ahead: 0 behind: 0
Up-to-date with origin
add to repo msg=modified - ad8224ebc6dbfeb9f5997218dfa5fe690569839d.json
add to repo msg=modified - 52-24.json
add to repo msg=modified - 52-24.dat.json
add to repo msg=modified - 52-24.blan.json
add to repo msg=modified - 52-24.inte.json
add to repo msg=modified - 52-24.icfa.json
add to repo msg=modified - 52-24.base.json
not at valid file /Users/jan/PychronDev/data/.dvc/repositories/Load1786/655/tags/52-24.tags.json
add to repo msg=modified - 52-24.peak.json
add to repo msg=modified - 52-24.extr.json
not at valid file /Users/jan/PychronDev/data/.dvc/repositories/Load1786/655/monitor/52-24.moni.json
commit message=<COLLECTION>
add to repo msg=modified - 52-24.inte.json
add to repo msg=modified - 52-24.base.json
commit message=<ISOEVO> default collection fits
add to repo msg=modified - 52-24.blan.json
commit message=<BLANKS> preceding bc-02-J-324
add to repo msg=modified - 52-24.icfa.json
commit message=<ICFactor> default
push repository <pychron.git_archive.repo_manager.GitRepoManager object at 0x1ac6587d0>
pushing to remote=origin, url=https://github.com
no changes to meta repo
create new session 4991427888
add association Load1786
get identifier "65552"
setting analysis irradiation position=<pychron.dvc.dvc_orm.IrradiationPositionTbl object at 0x1c69754d0>
close session 4991427888
================= post measurement finished
10:23:56 -- ******* Post Run Check *******
loading queue conditionals post_run_actions
loading system conditionals post_run_actions
loading conditionals from /Users/jan/PychronDev/setupfiles/spectrometer/default_conditionals.yaml
loading queue conditionals post_run_terminations
loading system conditionals post_run_terminations
loading conditionals from /Users/jan/PychronDev/setupfiles/spectrometer/default_conditionals.yaml
Checking default post run terminations n=1
GetDeflection CDD ===>> 50
testing CDD==2000
evaluate ot="CDD.deflection==2000" t="CDD==2000", ctx="{'CDD': 50.0}"
10:23:56 -- ******* Post Run Check Passed *******
10:23:56 -- Automated run 65552-24 success duration: 376.693 s
----------------- finish -----------------
----------------- stop -----------------
retroactive repository identifiers disabled
finish run. runs completed=159
update duration runid=65552-24, duration=376.692808151, md5=301e91d8
loading script "jan_unknown120_60.py"
loading script "jan_pump_ms.py"
loading script "jan_co2.py"
loading script "jan_pump_extraction_line.py"
testing...
no interpolation path defined
executed snippet estimated_duration=213.652928, duration=0.000238180160522
script duration name:unknown120_60 seconds:214.0
loading script "jan_unknown120_60.py"
loading script "jan_pump_ms.py"
loading script "jan_co2.py"
loading script "jan_pump_extraction_line.py"
testing...
no interpolation path defined
executed snippet estimated_duration=0, duration=2.59876251221e-05
loading script "jan_unknown120_60.py"
loading script "jan_pump_ms.py"
loading script "jan_co2.py"
loading script "jan_pump_extraction_line.py"
testing...
no interpolation path defined
calculate duration
testing...
no interpolation path defined
executed snippet estimated_duration=0, duration=5.3882598877e-05
calculate duration
testing...
no interpolation path defined
executed snippet estimated_duration=0, duration=0.000104904174805
executed snippet estimated_duration=0.0, duration=0.0028510093689
script duration name:co2 seconds:0.0
loading script "jan_unknown120_60.py"
loading script "jan_pump_ms.py"
loading script "jan_co2.py"
loading script "jan_pump_extraction_line.py"
testing...
no interpolation path defined
calculate duration
testing...
no interpolation path defined
executed snippet estimated_duration=4.0, duration=0.000220060348511
executed snippet estimated_duration=4.0, duration=0.00172710418701
Script duration 214.0
Run total estimated duration= 215.000
unknown120_60 in script context. using previous estimated duration
script duration name:unknown120_60 seconds:214.0
pump_ms in script context. using previous estimated duration
co2 in script context. using previous estimated duration
script duration name:co2 seconds:0.0
pump_extraction_line in script context. using previous estimated duration
Script duration 214.0
Run total estimated duration= 215.000
script duration name:unknown120_60 seconds:214.0
script duration name:co2 seconds:0.0
Script duration 214.0
Run total estimated duration= 215.000
script duration name:unknown120_60 seconds:214.0
script duration name:co2 seconds:0.0
Script duration 214.0
Run total estimated duration= 215.000
loading script "jan_unknown400_120.py"
loading script "jan_pump_ms.py"
loading script "jan_co2.py"
loading script "jan_pump_extraction_line.py"
testing...
no interpolation path defined
executed snippet estimated_duration=556.052928, duration=0.000178098678589
script duration name:unknown400_120 seconds:556.0
script duration name:co2 seconds:0.0
Script duration 556.0
Run total estimated duration= 557.000
script duration name:unknown120_60 seconds:214.0
script duration name:co2 seconds:0.0
Script duration 214.0
Run total estimated duration= 215.000
script duration name:unknown120_60 seconds:214.0
script duration name:co2 seconds:0.0
Script duration 214.0
Run total estimated duration= 215.000
script duration name:unknown120_60 seconds:214.0
script duration name:co2 seconds:0.0
Script duration 214.0
Run total estimated duration= 215.000
script duration name:unknown120_60 seconds:214.0
script duration name:co2 seconds:0.0
Script duration 214.0
Run total estimated duration= 215.000
script duration name:unknown120_60 seconds:214.0
script duration name:co2 seconds:0.0
Script duration 214.0
Run total estimated duration= 215.000
unknown400_120 in script context. using previous estimated duration
script duration name:unknown400_120 seconds:556.0
loading script "jan_unknown400_120.py"
loading script "jan_pump_ms.py"
loading script "jan_sniffair_x2.py"
loading script "jan_pump_extraction_line.py"
testing...
no interpolation path defined
calculate duration
testing...
no interpolation path defined
executed snippet estimated_duration=0, duration=4.91142272949e-05
calculate duration
testing...
no interpolation path defined
executed snippet estimated_duration=0, duration=0.000156164169312
calculate duration
testing...
no interpolation path defined
executed snippet estimated_duration=32.0, duration=0.000221967697144
calculate duration
testing...
no interpolation path defined
executed snippet estimated_duration=34.0, duration=0.000101804733276
calculate duration
testing...
no interpolation path defined
executed snippet estimated_duration=4.0, duration=6.41345977783e-05
calculate duration
testing...
no interpolation path defined
executed snippet estimated_duration=36.0, duration=8.51154327393e-05
calculate duration
testing...
no interpolation path defined
executed snippet estimated_duration=34.0, duration=9.89437103271e-05
calculate duration
testing...
no interpolation path defined
executed snippet estimated_duration=4.0, duration=6.79492950439e-05
calculate duration
testing...
no interpolation path defined
executed snippet estimated_duration=36.0, duration=9.51290130615e-05
calculate duration
testing...
no interpolation path defined
executed snippet estimated_duration=70.0, duration=9.60826873779e-05
executed snippet estimated_duration=250.0, duration=0.018217086792
script duration name:sniffair_x2 seconds:250.0
Script duration 806.0
Run total estimated duration= 807.000
script duration name:unknown120_60 seconds:214.0
script duration name:co2 seconds:0.0
Script duration 214.0
Run total estimated duration= 215.000
script duration name:unknown400_120 seconds:556.0
loading script "jan_unknown400_120.py"
loading script "jan_pump_ms.py"
loading script "jan_cocktail_x1.py"
loading script "jan_pump_extraction_line.py"
testing...
no interpolation path defined
calculate duration
testing...
no interpolation path defined
executed snippet estimated_duration=0, duration=6.41345977783e-05
calculate duration
testing...
no interpolation path defined
executed snippet estimated_duration=0, duration=0.000146150588989
calculate duration
testing...
no interpolation path defined
executed snippet estimated_duration=32.0, duration=0.000164031982422
calculate duration
testing...
no interpolation path defined
executed snippet estimated_duration=34.0, duration=0.000103950500488
calculate duration
testing...
no interpolation path defined
executed snippet estimated_duration=4.0, duration=6.41345977783e-05
calculate duration
testing...
no interpolation path defined
executed snippet estimated_duration=38.0, duration=0.000149011611938
executed snippet estimated_duration=108.0, duration=0.0199279785156
script duration name:cocktail_x1 seconds:108.0
Script duration 664.0
Run total estimated duration= 665.000
script duration name:unknown400_120 seconds:556.0
cocktail_x1 in script context. using previous estimated duration
script duration name:cocktail_x1 seconds:108.0
Script duration 664.0
Run total estimated duration= 665.000
script duration name:unknown400_120 seconds:556.0
sniffair_x2 in script context. using previous estimated duration
script duration name:sniffair_x2 seconds:250.0
Script duration 806.0
Run total estimated duration= 807.000
script duration name:unknown120_60 seconds:214.0
script duration name:co2 seconds:0.0
Script duration 214.0
Run total estimated duration= 215.000
script duration name:unknown120_60 seconds:214.0
script duration name:co2 seconds:0.0
Script duration 214.0
Run total estimated duration= 215.000
script duration name:unknown120_60 seconds:214.0
script duration name:co2 seconds:0.0
Script duration 214.0
Run total estimated duration= 215.000
script duration name:unknown120_60 seconds:214.0
script duration name:co2 seconds:0.0
Script duration 214.0
Run total estimated duration= 215.000
loading script "jan_ic_peak_hop3.py"
loading script "jan_pump_ms.py"
loading script "jan_air_x1.py"
loading script "jan_pump_extraction_line.py"
testing...
no interpolation path defined
executed snippet estimated_duration=133.8, duration=0.00722408294678
script duration name:ic_peak_hop3 seconds:134.0
loading script "jan_ic_peak_hop3.py"
loading script "jan_pump_ms.py"
loading script "jan_air_x1.py"
loading script "jan_pump_extraction_line.py"
testing...
no interpolation path defined
calculate duration
testing...
no interpolation path defined
executed snippet estimated_duration=0, duration=5.50746917725e-05
calculate duration
testing...
no interpolation path defined
executed snippet estimated_duration=0, duration=0.000107049942017
calculate duration
testing...
no interpolation path defined
executed snippet estimated_duration=32.0, duration=0.000101089477539
calculate duration
testing...
no interpolation path defined
executed snippet estimated_duration=34.0, duration=0.000120878219604
calculate duration
testing...
no interpolation path defined
executed snippet estimated_duration=4.0, duration=0.000124216079712
calculate duration
testing...
no interpolation path defined
executed snippet estimated_duration=36.0, duration=9.60826873779e-05
executed snippet estimated_duration=106.0, duration=0.0198619365692
script duration name:air_x1 seconds:106.0
Script duration 240.0
Run total estimated duration= 241.000
script duration name:unknown120_60 seconds:214.0
script duration name:co2 seconds:0.0
Script duration 214.0
Run total estimated duration= 215.000
script duration name:unknown120_60 seconds:214.0
script duration name:co2 seconds:0.0
Script duration 214.0
Run total estimated duration= 215.000
script duration name:unknown120_60 seconds:214.0
script duration name:co2 seconds:0.0
Script duration 214.0
Run total estimated duration= 215.000
script duration name:unknown120_60 seconds:214.0
script duration name:co2 seconds:0.0
Script duration 214.0
Run total estimated duration= 215.000
script duration name:unknown120_60 seconds:214.0
script duration name:co2 seconds:0.0
Script duration 214.0
Run total estimated duration= 215.000
script duration name:unknown120_60 seconds:214.0
script duration name:co2 seconds:0.0
Script duration 214.0
Run total estimated duration= 215.000
script duration name:unknown120_60 seconds:214.0
script duration name:co2 seconds:0.0
Script duration 214.0
Run total estimated duration= 215.000
script duration name:unknown120_60 seconds:214.0
script duration name:co2 seconds:0.0
Script duration 214.0
Run total estimated duration= 215.000
script duration name:unknown400_120 seconds:556.0
script duration name:co2 seconds:0.0
Script duration 556.0
Run total estimated duration= 557.000
script duration name:unknown400_120 seconds:556.0
script duration name:cocktail_x1 seconds:108.0
Script duration 664.0
Run total estimated duration= 665.000
script duration name:unknown400_120 seconds:556.0
script duration name:cocktail_x1 seconds:108.0
Script duration 664.0
Run total estimated duration= 665.000
script duration name:unknown120_60 seconds:214.0
script duration name:co2 seconds:0.0
Script duration 214.0
Run total estimated duration= 215.000
script duration name:unknown120_60 seconds:214.0
script duration name:co2 seconds:0.0
Script duration 214.0
Run total estimated duration= 215.000
script duration name:unknown120_60 seconds:214.0
script duration name:co2 seconds:0.0
Script duration 214.0
Run total estimated duration= 215.000
script duration name:unknown120_60 seconds:214.0
script duration name:co2 seconds:0.0
Script duration 214.0
Run total estimated duration= 215.000
script duration name:unknown120_60 seconds:214.0
script duration name:co2 seconds:0.0
Script duration 214.0
Run total estimated duration= 215.000
script duration name:unknown120_60 seconds:214.0
script duration name:co2 seconds:0.0
Script duration 214.0
Run total estimated duration= 215.000
script duration name:unknown120_60 seconds:214.0
script duration name:co2 seconds:0.0
Script duration 214.0
Run total estimated duration= 215.000
script duration name:unknown120_60 seconds:214.0
script duration name:co2 seconds:0.0
Script duration 214.0
Run total estimated duration= 215.000
script duration name:unknown120_60 seconds:214.0
script duration name:co2 seconds:0.0
Script duration 214.0
Run total estimated duration= 215.000
script duration name:unknown120_60 seconds:214.0
script duration name:co2 seconds:0.0
Script duration 214.0
Run total estimated duration= 215.000
script duration name:unknown120_60 seconds:214.0
script duration name:co2 seconds:0.0
Script duration 214.0
Run total estimated duration= 215.000
script duration name:unknown120_60 seconds:214.0
script duration name:co2 seconds:0.0
Script duration 214.0
Run total estimated duration= 215.000
script duration name:unknown400_120 seconds:556.0
script duration name:cocktail_x1 seconds:108.0
Script duration 664.0
Run total estimated duration= 665.000
script duration name:unknown400_120 seconds:556.0
script duration name:sniffair_x2 seconds:250.0
Script duration 806.0
Run total estimated duration= 807.000
script duration name:unknown400_120 seconds:556.0
script duration name:cocktail_x1 seconds:108.0
Script duration 664.0
Run total estimated duration= 665.000
script duration name:unknown400_120 seconds:556.0
script duration name:sniffair_x2 seconds:250.0
Script duration 806.0
Run total estimated duration= 807.000
ic_peak_hop3 in script context. using previous estimated duration
script duration name:ic_peak_hop3 seconds:134.0
air_x1 in script context. using previous estimated duration
script duration name:air_x1 seconds:106.0
Script duration 240.0
Run total estimated duration= 241.000
script duration name:unknown120_60 seconds:214.0
script duration name:co2 seconds:0.0
Script duration 214.0
Run total estimated duration= 215.000
script duration name:unknown120_60 seconds:214.0
script duration name:co2 seconds:0.0
Script duration 214.0
Run total estimated duration= 215.000
script duration name:unknown120_60 seconds:214.0
script duration name:co2 seconds:0.0
Script duration 214.0
Run total estimated duration= 215.000
script duration name:unknown120_60 seconds:214.0
script duration name:co2 seconds:0.0
Script duration 214.0
Run total estimated duration= 215.000
script duration name:unknown120_60 seconds:214.0
script duration name:co2 seconds:0.0
Script duration 214.0
Run total estimated duration= 215.000
script duration name:unknown120_60 seconds:214.0
script duration name:co2 seconds:0.0
Script duration 214.0
Run total estimated duration= 215.000
script duration name:unknown400_120 seconds:556.0
script duration name:co2 seconds:0.0
Script duration 556.0
Run total estimated duration= 557.000
script duration name:unknown120_60 seconds:214.0
script duration name:co2 seconds:0.0
Script duration 214.0
Run total estimated duration= 215.000
script duration name:unknown120_60 seconds:214.0
script duration name:co2 seconds:0.0
Script duration 214.0
Run total estimated duration= 215.000
script duration name:unknown120_60 seconds:214.0
script duration name:co2 seconds:0.0
Script duration 214.0
Run total estimated duration= 215.000
script duration name:unknown120_60 seconds:214.0
script duration name:co2 seconds:0.0
Script duration 214.0
Run total estimated duration= 215.000
script duration name:unknown120_60 seconds:214.0
script duration name:co2 seconds:0.0
Script duration 214.0
Run total estimated duration= 215.000
script duration name:unknown120_60 seconds:214.0
script duration name:co2 seconds:0.0
Script duration 214.0
Run total estimated duration= 215.000
script duration name:unknown400_120 seconds:556.0
script duration name:cocktail_x1 seconds:108.0
Script duration 664.0
Run total estimated duration= 665.000
script duration name:unknown400_120 seconds:556.0
script duration name:cocktail_x1 seconds:108.0
Script duration 664.0
Run total estimated duration= 665.000
script duration name:unknown120_60 seconds:214.0
script duration name:co2 seconds:0.0
Script duration 214.0
Run total estimated duration= 215.000
script duration name:unknown120_60 seconds:214.0
script duration name:co2 seconds:0.0
Script duration 214.0
Run total estimated duration= 215.000
script duration name:unknown120_60 seconds:214.0
script duration name:co2 seconds:0.0
Script duration 214.0
Run total estimated duration= 215.000
script duration name:unknown120_60 seconds:214.0
script duration name:co2 seconds:0.0
Script duration 214.0
Run total estimated duration= 215.000
script duration name:unknown120_60 seconds:214.0
script duration name:co2 seconds:0.0
Script duration 214.0
Run total estimated duration= 215.000
script duration name:unknown120_60 seconds:214.0
script duration name:co2 seconds:0.0
Script duration 214.0
Run total estimated duration= 215.000
script duration name:unknown120_60 seconds:214.0
script duration name:co2 seconds:0.0
Script duration 214.0
Run total estimated duration= 215.000
script duration name:unknown120_60 seconds:214.0
script duration name:co2 seconds:0.0
Script duration 214.0
Run total estimated duration= 215.000
script duration name:ic_peak_hop3 seconds:134.0
script duration name:air_x1 seconds:106.0
Script duration 240.0
Run total estimated duration= 241.000
script duration name:unknown120_60 seconds:214.0
script duration name:co2 seconds:0.0
Script duration 214.0
Run total estimated duration= 215.000
script duration name:unknown120_60 seconds:214.0
script duration name:co2 seconds:0.0
Script duration 214.0
Run total estimated duration= 215.000
script duration name:unknown120_60 seconds:214.0
script duration name:co2 seconds:0.0
Script duration 214.0
Run total estimated duration= 215.000
script duration name:unknown400_120 seconds:556.0
script duration name:sniffair_x2 seconds:250.0
Script duration 806.0
Run total estimated duration= 807.000
script duration name:unknown120_60 seconds:214.0
script duration name:co2 seconds:0.0
Script duration 214.0
Run total estimated duration= 215.000
script duration name:unknown400_120 seconds:556.0
script duration name:co2 seconds:0.0
Script duration 556.0
Run total estimated duration= 557.000
script duration name:unknown400_120 seconds:556.0
script duration name:cocktail_x1 seconds:108.0
Script duration 664.0
Run total estimated duration= 665.000
script duration name:unknown400_120 seconds:556.0
script duration name:cocktail_x1 seconds:108.0
Script duration 664.0
Run total estimated duration= 665.000
script duration name:unknown120_60 seconds:214.0
script duration name:co2 seconds:0.0
Script duration 214.0
Run total estimated duration= 215.000
script duration name:unknown400_120 seconds:556.0
script duration name:sniffair_x2 seconds:250.0
Script duration 806.0
Run total estimated duration= 807.000
script duration name:unknown120_60 seconds:214.0
script duration name:co2 seconds:0.0
Script duration 214.0
Run total estimated duration= 215.000
script duration name:unknown120_60 seconds:214.0
script duration name:co2 seconds:0.0
Script duration 214.0
Run total estimated duration= 215.000
script duration name:unknown120_60 seconds:214.0
script duration name:co2 seconds:0.0
Script duration 214.0
Run total estimated duration= 215.000
script duration name:unknown120_60 seconds:214.0
script duration name:co2 seconds:0.0
Script duration 214.0
Run total estimated duration= 215.000
script duration name:unknown120_60 seconds:214.0
script duration name:co2 seconds:0.0
Script duration 214.0
Run total estimated duration= 215.000
script duration name:unknown120_60 seconds:214.0
script duration name:co2 seconds:0.0
Script duration 214.0
Run total estimated duration= 215.000
script duration name:unknown120_60 seconds:214.0
script duration name:co2 seconds:0.0
Script duration 214.0
Run total estimated duration= 215.000
script duration name:unknown120_60 seconds:214.0
script duration name:co2 seconds:0.0
Script duration 214.0
Run total estimated duration= 215.000
script duration name:unknown120_60 seconds:214.0
script duration name:co2 seconds:0.0
Script duration 214.0
Run total estimated duration= 215.000
script duration name:unknown120_60 seconds:214.0
script duration name:co2 seconds:0.0
Script duration 214.0
Run total estimated duration= 215.000
script duration name:unknown120_60 seconds:214.0
script duration name:co2 seconds:0.0
Script duration 214.0
Run total estimated duration= 215.000
script duration name:unknown400_120 seconds:556.0
script duration name:cocktail_x1 seconds:108.0
Script duration 664.0
Run total estimated duration= 665.000
script duration name:unknown400_120 seconds:556.0
script duration name:cocktail_x1 seconds:108.0
Script duration 664.0
Run total estimated duration= 665.000
script duration name:unknown120_60 seconds:214.0
script duration name:co2 seconds:0.0
Script duration 214.0
Run total estimated duration= 215.000
script duration name:unknown120_60 seconds:214.0
script duration name:co2 seconds:0.0
Script duration 214.0
Run total estimated duration= 215.000
script duration name:unknown120_60 seconds:214.0
script duration name:co2 seconds:0.0
Script duration 214.0
Run total estimated duration= 215.000
script duration name:unknown120_60 seconds:214.0
script duration name:co2 seconds:0.0
Script duration 214.0
Run total estimated duration= 215.000
script duration name:ic_peak_hop3 seconds:134.0
script duration name:air_x1 seconds:106.0
Script duration 240.0
Run total estimated duration= 241.000
script duration name:unknown120_60 seconds:214.0
script duration name:co2 seconds:0.0
Script duration 214.0
Run total estimated duration= 215.000
nruns=101 before=5.0, run_dur=32139.0, btw=3000.0
write rem/ex queues
/Users/jan/PychronDev/experiments/rem/Load1786.rem.txt
/Users/jan/PychronDev/experiments/rem/Load1786.ex.txt
doing event level: 3
