do run
loading script "jan_unknown120_60.py"
loading script "jan_pump_ms.py"
loading script "jan_co2.py"
loading script "jan_pump_extraction_line.py"
testing...
no interpolation path defined
executed snippet estimated_duration=213.652928, duration=0.000405073165894
script duration name:unknown120_60 seconds:214.0
loading script "jan_unknown120_60.py"
loading script "jan_pump_ms.py"
loading script "jan_co2.py"
loading script "jan_pump_extraction_line.py"
testing...
no interpolation path defined
executed snippet estimated_duration=0, duration=4.31537628174e-05
loading script "jan_unknown120_60.py"
loading script "jan_pump_ms.py"
loading script "jan_co2.py"
loading script "jan_pump_extraction_line.py"
testing...
no interpolation path defined
calculate duration
testing...
no interpolation path defined
executed snippet estimated_duration=0, duration=7.10487365723e-05
calculate duration
testing...
no interpolation path defined
executed snippet estimated_duration=0, duration=0.000241994857788
executed snippet estimated_duration=0.0, duration=0.00391697883606
script duration name:co2 seconds:0.0
loading script "jan_unknown120_60.py"
loading script "jan_pump_ms.py"
loading script "jan_co2.py"
loading script "jan_pump_extraction_line.py"
testing...
no interpolation path defined
calculate duration
testing...
no interpolation path defined
executed snippet estimated_duration=4.0, duration=0.000234127044678
executed snippet estimated_duration=4.0, duration=0.00228786468506
Script duration 214.0
Run total estimated duration= 215.000
run duration: 0:03:35
doing event level: 2
11:21:14 -- Setting default integration. t=1.048576
setting integration time = 1.048576
SetIntegrationTime 1.048576 ===>> OK
----------------- start -----------------
**************** Experiment Type: Ar/Ar, Ar/Ar
$$$$$ Clearing conditionals
adding conditionals 
Add queue conditionals
add default conditionals
adding default conditionals from /Users/jan/PychronDev/setupfiles/spectrometer/default_conditionals.yaml
Start automated run 65552-31
loading script "jan_unknown120_60.py"
loading script "jan_pump_ms.py"
loading script "jan_co2.py"
loading script "jan_pump_extraction_line.py"
%%%%%%%%%%%%%%%%%% setting automated run 65552-31
No value "sensitivity_multiplier" in metadata
$$$$$$$$$$$$$$$ auto_save_detector_ic=False
============================= Pre Extraction Check =============================
loading queue conditionals pre_run_terminations
loading system conditionals pre_run_terminations
loading conditionals from /Users/jan/PychronDev/setupfiles/spectrometer/default_conditionals.yaml
11:21:14 -- ******* Pre Extraction Check *******
Get a measurement from the spectrometer
GetData ===>> H2,-0.222833886824827,H1,-0.0490409046012939,AX,-0.00484860061459027,L1,-0.0147445571003257,L2,0....
Pre Extraction Termination data. keys=H2,H1,AX,L1,L2,CDD, signals=-0.22283,-0.04904,-0.00485,-0.01474,0.01777,0.00253
11:21:14 -- testing system defined conditionals
Checking default pre extraction terminations n=2
testing CDD
evaluate ot="CDD.inactive" t="CDD", ctx="{'CDD': False}"
GetDeflection CDD ===>> 50
testing CDD==2000
evaluate ot="CDD.deflection==2000" t="CDD==2000", ctx="{'CDD': 50.0}"
11:21:14 -- ******* Pre Extraction Check Passed *******
=================================================================================
11:21:14 -- stopping status monitor
stop 4984189200
Alive clients [4991693744]
11:21:14 -- starting status monitor
start 4984189200
Monitor already running
start extraction
do extraction
Analysis started at 11:21:14.825218
Extraction Started jan_co2.py
11:21:14 -- ******* Extraction Started jan_co2.py *******
state changed from not run to extraction
DO EXTRACTION <pychron.extraction_line.pyscript_runner.RemotePyScriptRunner object at 0x12c301530>
testing...
no interpolation path defined
calculate duration
testing...
no interpolation path defined
executed snippet estimated_duration=0, duration=6.60419464111e-05
calculate duration
testing...
no interpolation path defined
executed snippet estimated_duration=0, duration=0.000154972076416
executed snippet estimated_duration=100.0, duration=0.00374794006348
Jan CO2 laser analysis
doing GOSUB
testing...
no interpolation path defined
executed snippet estimated_duration=0, duration=5.3882598877e-05
Waiting for CO2 access
wait ('FelixCO2Flag', 0) {}
waiting for FelixCO2Flag = 0
Read FelixCO2Flag ===>> 0
finished waiting
CO2 free
wait ('CO2PumpTimeFlag', 0) {}
waiting for CO2PumpTimeFlag = 0
Read CO2PumpTimeFlag ===>> 0
finished waiting
acquire ('JanCO2Flag',) {'clear': True}
acquire JanCO2Flag
Set JanCO2Flag 1 ===>> OK
JanCO2Flag acquired
set extraction state False (0.75, 'red', 1.5)
CO2 acquired
executed snippet estimated_duration=0, duration=0.0196490287781
WaitForCO2Access.py completed successfully
gosub finished
doing GOSUB
testing...
no interpolation path defined
executed snippet estimated_duration=0, duration=9.70363616943e-05
Prepare for CO2 analysis
close () {'description': 'Jan Inlet'}
closing name=--- desc=Jan Inlet
checking ownership. requestor=129.138.12.150
check software interlocks R
interlocks []
actuate state mode=None-script, software_lock=False
doing actuation None-script close_channel False
Close R ===>> OK
GetIndicatorState R ===>> False
change switch state (True, True)
update switch state R False args=() kw={} ncanvase=2
11:21:15 -- CLOSE  VALVE-R (Jan Inlet)
---------------------------------------- close None (Jan Inlet) result=[(True, True)]
action=close, ok=True, locked=[False]
open () {'description': 'Jan Ion Pump'}
opening name=--- desc=Jan Ion Pump
checking ownership. requestor=129.138.12.150
check software interlocks O
interlocks []
actuate state mode=None-script, software_lock=False
doing actuation None-script open_channel False
Open O ===>> OK
GetIndicatorState O ===>> OK
change switch state (True, True)
update switch state O True args=() kw={} ncanvase=2
11:21:15 -- OPEN   VALVE-O (Jan Ion Pump)
---------------------------------------- open None (Jan Ion Pump) result=[(True, True)], time=0.09 sec
action=open, ok=True, locked=[False]
close () {'description': 'Microbone to Minibone'}
closing name=--- desc=Microbone to Minibone
checking ownership. requestor=129.138.12.150
check software interlocks L
interlocks []
actuate state mode=None-script, software_lock=False
doing actuation None-script close_channel False
Close L ===>> OK
GetIndicatorState L ===>> False
change switch state (True, True)
update switch state L False args=() kw={} ncanvase=2
11:21:16 -- CLOSE  VALVE-L (Microbone to Minibone)
---------------------------------------- close None (Microbone to Minibone) result=[(True, True)]
action=close, ok=True, locked=[False]
open () {'description': 'Microbone to Turbo'}
opening name=--- desc=Microbone to Turbo
checking ownership. requestor=129.138.12.150
check software interlocks U
interlocks []
actuate state mode=None-script, software_lock=False
doing actuation None-script open_channel False
Open U ===>> OK
GetIndicatorState U ===>> OK
change switch state (True, True)
update switch state U True args=() kw={} ncanvase=2
11:21:16 -- OPEN   VALVE-U (Microbone to Turbo)
---------------------------------------- open None (Microbone to Turbo) result=[(True, True)], time=0.12 sec
action=open, ok=True, locked=[False]
open () {'description': 'Microbone to Inlet Pipette'}
opening name=--- desc=Microbone to Inlet Pipette
checking ownership. requestor=129.138.12.150
check software interlocks S
interlocks []
actuate state mode=None-script, software_lock=False
doing actuation None-script open_channel False
Open S ===>> OK
GetIndicatorState S ===>> OK
change switch state (True, True)
update switch state S True args=() kw={} ncanvase=2
11:21:17 -- OPEN   VALVE-S (Microbone to Inlet Pipette)
---------------------------------------- open None (Microbone to Inlet Pipette) result=[(True, True)], time=0.41 sec
action=open, ok=True, locked=[False]
open () {'description': 'Microbone to Getter D-50'}
opening name=--- desc=Microbone to Getter D-50
checking ownership. requestor=129.138.12.150
check software interlocks K
interlocks []
actuate state mode=None-script, software_lock=False
doing actuation None-script open_channel False
Open K ===>> OK
GetIndicatorState K ===>> OK
change switch state (True, True)
update switch state K True args=() kw={} ncanvase=2
11:21:17 -- OPEN   VALVE-K (Microbone to Getter D-50)
---------------------------------------- open None (Microbone to Getter D-50) result=[(True, True)], time=0.41 sec
action=open, ok=True, locked=[False]
open () {'description': 'Microbone to Getter NP-10'}
opening name=--- desc=Microbone to Getter NP-10
checking ownership. requestor=129.138.12.150
check software interlocks M
interlocks []
actuate state mode=None-script, software_lock=False
doing actuation None-script open_channel False
Open M ===>> OK
GetIndicatorState M ===>> OK
change switch state (True, True)
update switch state M True args=() kw={} ncanvase=2
11:21:18 -- OPEN   VALVE-M (Microbone to Getter NP-10)
---------------------------------------- open None (Microbone to Getter NP-10) result=[(True, True)], time=0.14 sec
action=open, ok=True, locked=[False]
close () {'description': 'CO2 Laser to Felix'}
closing name=--- desc=CO2 Laser to Felix
checking ownership. requestor=129.138.12.150
check software interlocks F
interlocks []
actuate state mode=None-script, software_lock=True
VALVE-F(CO2 Laser to Felix) software locked
change switch state (True, False)
---------------------------------------- close None (CO2 Laser to Felix) result=[(True, False)]
action=close, ok=True, locked=[True]
open () {'description': 'CO2 Laser to Jan'}
opening name=--- desc=CO2 Laser to Jan
checking ownership. requestor=129.138.12.150
check software interlocks A
interlocks []
actuate state mode=None-script, software_lock=False
doing actuation None-script open_channel False
Open A ===>> OK
GetIndicatorState A ===>> OK
change switch state (True, True)
update switch state A True args=() kw={} ncanvase=2
11:21:18 -- OPEN   VALVE-A (CO2 Laser to Jan)
---------------------------------------- open None (CO2 Laser to Jan) result=[(True, True)], time=0.16 sec
action=open, ok=True, locked=[False]
open () {'description': 'Microbone to CO2 Laser'}
opening name=--- desc=Microbone to CO2 Laser
checking ownership. requestor=129.138.12.150
check software interlocks T
interlocks []
actuate state mode=None-script, software_lock=False
doing actuation None-script open_channel False
Open T ===>> OK
GetIndicatorState T ===>> OK
change switch state (True, True)
update switch state T True args=() kw={} ncanvase=2
11:21:19 -- OPEN   VALVE-T (Microbone to CO2 Laser)
---------------------------------------- open None (Microbone to CO2 Laser) result=[(True, True)], time=0.41 sec
action=open, ok=True, locked=[False]
executed snippet estimated_duration=0, duration=4.85431218147
PrepareForCO2Analysis.py completed successfully
gosub finished
set_motor ('beam', '1.25') {}
setting motor "beam" to 1.25
set motor beam to 1.25
SetMotor beam,1.25 ===>> OK
GetMotorMoving beam ===>> False
GetMotorMoving beam ===>> False
Block completed
move_to_position ('173',) {'autocenter': True}
FusionsCO2 move to position 173
sending GoToHole 173,True
GoToHole 173,True ===>> OK
GetDriveMoving ===>> OK
GetDriveMoving ===>> OK
GetDriveMoving ===>> OK
GetDriveMoving ===>> OK
GetDriveMoving ===>> OK
GetDriveMoving ===>> OK
GetDriveMoving ===>> OK
GetDriveMoving ===>> False
GetDriveMoving ===>> False
Block completed
GetAutoCorrecting ===>> OK
GetAutoCorrecting ===>> OK
GetAutoCorrecting ===>> OK
GetAutoCorrecting ===>> False
GetAutoCorrecting ===>> False
Block completed
update position
GetPosition ===>> -5.98170,-7.97560,1.00000
got position (-5.9817, -7.9756, 1.0)
move to position succeeded
sleep (5,) {}
SLEEP 5.0
block started
WaitControl setup for 5.0  
Join finished
block finished. duration 5.03162503242
close () {'description': 'Microbone to Turbo'}
closing name=--- desc=Microbone to Turbo
checking ownership. requestor=129.138.12.150
check software interlocks U
interlocks []
actuate state mode=None-script, software_lock=False
doing actuation None-script close_channel True
Close U ===>> OK
GetIndicatorState U ===>> False
change switch state (True, True)
update switch state U False args=() kw={} ncanvase=2
11:21:31 -- CLOSE  VALVE-U (Microbone to Turbo)
---------------------------------------- close None (Microbone to Turbo) result=[(True, True)]
action=close, ok=True, locked=[False]
enable laser
enable () {}
set extraction state FusionsCO2 Enabled (False, 'red', 1.5)
enabling laser
Enable ===>> OK
begin interval
BEGIN INTERVAL Interval 1 waiting for 30.0
block started
set extract to 5.0
WaitControl setup for 30.0  
extract (5.0,) {}
GetPosition ===>> -5.98170,-7.97560,1.00000
set extraction state FusionsCO2 ON! 5.0(watts) (0.75, 'red', 1.5)
extract sample to 5.0 (watts)
set laser output
SetLaserOutput 5.0,watts ===>> OK
executing pattern triangle.lp
execute_pattern ('triangle.lp',) {}
executing pattern triangle.lp
IsPatterning ===>> OK
IsPatterning ===>> OK
IsPatterning ===>> OK
IsPatterning ===>> OK
IsPatterning ===>> OK
IsPatterning ===>> OK
IsPatterning ===>> OK
IsPatterning ===>> OK
IsPatterning ===>> OK
IsPatterning ===>> OK
IsPatterning ===>> OK
IsPatterning ===>> OK
IsPatterning ===>> OK
IsPatterning ===>> OK
IsPatterning ===>> OK
IsPatterning ===>> OK
IsPatterning ===>> OK
IsPatterning ===>> OK
IsPatterning ===>> OK
IsPatterning ===>> OK
IsPatterning ===>> OK
IsPatterning ===>> OK
IsPatterning ===>> OK
IsPatterning ===>> OK
IsPatterning ===>> OK
IsPatterning ===>> OK
IsPatterning ===>> False
IsPatterning ===>> False
Block completed
COMPLETE INTERVAL waiting for Interval 1 to complete
Join finished
block finished. duration 30.0750761032
Interval 1 finished
end_extract () {}
ending extraction. set laser power to 0
set laser power 0
SetLaserPower 0 ===>> OK
disable () {}
%%%%%%%%%%%%%%%%%%%%%%%%%%%%%%%%%%% disable
set extraction state False (0.75, 'red', 1.5)
disabling laser
Disable ===>> OK
sleep (30.0,) {}
SLEEP 30.0
block started
WaitControl setup for 30.0  
Join finished
block finished. duration 30.0933349133
executed snippet estimated_duration=166.5, duration=77.648225069
jan_co2.py completed successfully
GetAchievedOutput ===>> No Response
Requested Output= 0.000
Achieved Output=  0.000
GetResponseBlob ===>> No Response
GetOutputBlob ===>> No Response
persistence save...
persistence save - db
AutomatedRunPersister post_extraction_save deprecated
persistence save - dvc
no extraction position for 173
create new session 4991427888
close session 4991427888
Extraction Finished
11:22:32 -- ******* Extraction Finished *******
no overlap. not waiting for min ms pumptime
11:22:32 -- Sending spectrometer configuration
======== Sending configuration ========
SetDeflection CDD,50.0 ===>> OK
SetDeflection H2,0.0 ===>> OK
SetDeflection H1,0.0 ===>> OK
SetDeflection L2,825.0 ===>> OK
SetDeflection L1,400.0 ===>> OK
SetDeflection AX,190.0 ===>> OK
SetZFocus 74.64 ===>> OK
SetZSymmetry -50.72 ===>> OK
SetExtractionLens 26.13 ===>> OK
SetIonRepeller -3.81 ===>> OK
SetElectronEnergy 75.08 ===>> OK
SetYSymmetry -2.81 ===>> OK
SetIonCounterVoltage 1590.0 ===>> OK
send trap current 200.0
GetParameter Trap Current Readback ===>> 198.147042666178
SetParameter Trap Current Set,200.0 ===>> OK
updating mftable name mftable
Using mftable located at /Users/jan/PychronDev/setupfiles/spectrometer/mftables/mftable.csv
============ MFtable ===========
Isotope  H2     H1     AX     L1     L2     CDD    
Ar40     5.7968 5.8796 5.9930 6.1367 6.2312 6.3649
Ar39     5.6960 5.7718 5.8854 6.0228 6.1164 6.2514
Ar36     5.3735 5.4408 5.5488 5.6816 5.7713 5.9025
================================
get initial guess parabolic
get initial guess parabolic
get initial guess parabolic
get initial guess parabolic
get initial guess parabolic
get initial guess parabolic
======== Configuration Finished ========
GetYSymmetry ===>> -2.81
GetZSymmetry ===>> -50.72
GetParameter Trap Current Readback ===>> 198.258926936459
GetHighVoltage ===>> 4500
start measurement
do measurement
L#=65552 analysis type=unknown
Measurement Started jan_unknown120_60.py
11:22:32 -- ******* Measurement Started jan_unknown120_60.py *******
state changed from extraction to measurement
setting spec, defl, and gains
GetExtractionLens ===>> 26.13
GetYSymmetry ===>> -2.81
GetZSymmetry ===>> -50.72
GetZFocus ===>> 74.64
GetDeflection H2 ===>> 0
GetDeflection H1 ===>> 0
GetDeflection AX ===>> 190
GetDeflection L1 ===>> 400
GetDeflection L2 ===>> 825
GetDeflection CDD ===>> 50
GetGain H2 ===>> 0.0113
GetGain H1 ===>> 0.1
GetGain AX ===>> 0.097049
GetGain L1 ===>> 0.010355
GetGain L2 ===>> 0.095649
GetGain CDD ===>> 0
pre measurement save
New frame /Users/jan/PychronDev/data/isotopes/0c/0baf5c-7635-4098-9d1c-feda0e49e258.h5
flush and close file /Users/jan/PychronDev/data/isotopes/0c/0baf5c-7635-4098-9d1c-feda0e49e258.h5
testing...
no interpolation path defined
executed snippet estimated_duration=226.132928, duration=0.000284910202026
unknown measurement script
activate_detectors ('H2', 'H1', 'AX', 'L1', 'L2', 'CDD') {}
activate detectors
*************** Set Analysis View Ar/Ar
create graphs
clearing graphs
clear isotope group
setting isotope det=H2, iso=PM41
setting isotope det=H1, iso=Ar40
setting isotope det=AX, iso=Ar39
setting isotope det=L1, iso=Ar38
setting isotope det=L2, iso=Ar37
setting isotope det=CDD, iso=Ar36
setting previous blanks
 - setting Ar40 blank 2.591+/-0.008
 - setting Ar36 blank 0.01318+/-0.00024
 - setting Ar37 blank 0.049+/-0.005
 - setting Ar38 blank 0.0053+/-0.0023
 - setting PM41 blank 0.06+/-0.07
 - setting Ar39 blank 0.011+/-0.010
load analysis view
position_magnet ('Ar40',) {'detector': 'H1'}
detector Detector(H1)
POSITION Ar40 H1
setting detector H2 to PM41 (40.9624)
setting detector H1 to Ar40 (39.9624)
setting detector AX to Ar39 (38.9624)
setting detector L1 to Ar38 (37.9624)
setting detector L2 to Ar37 (36.9624)
setting detector CDD to Ar36 (35.9624)
Mapping mass to dac mass func: "parabolic"
H1 map mass coeffs = [-0.00063987  0.15840543  0.57115999]
H1 map mass to dac 39.9624 >> 5.87955
GetDeflection H1 ===>> 0
GetHighVoltage ===>> 4500
positioning Ar40 (5.87955) on H1
setting magnet DAC
current  : 5.879550
requested: 5.879550
Delta Dac: 0.000000
Checking detector protection. dv=0.00000
Checking detector "CDD". Protection Threshold: 0.1 (V)
SetMagnetDAC 5.87955 ===>> OK
equilibrate () {'delay': 3, 'inlet': 'R', 'outlet': 'O', 'eqtime': 12.0}
Equilibration Started
11:22:34 -- ******* Equilibration Started *******
checking ownership. requestor=129.138.12.150
check software interlocks O
interlocks []
actuate state mode=None-script, software_lock=False
doing actuation None-script close_channel True
Close O ===>> OK
GetIndicatorState O ===>> False
change switch state (True, True)
update switch state O False args=() kw={} ncanvase=2
11:22:34 -- CLOSE  VALVE-O (Jan Ion Pump)
waiting 3s before opening inlet value ('R',)
update labels <pychron.experiment.plot_panel.PlotPanel object at 0x1cc0c6530>
update labels "<pychron.graph.stacked_regression_graph.StackedRegressionGraph object at 0x1c6452470>"
setting label 0 H2 PM41
setting label 1 H1 Ar40
setting label 2 AX Ar39
setting label 3 L1 Ar38
setting label 4 L2 Ar37
setting label 5 CDD Ar36
update labels "<pychron.graph.stacked_graph.StackedGraph object at 0x1cbad1170>"
setting label 0 H2 PM41
setting label 1 H1 Ar40
setting label 2 AX Ar39
setting label 3 L1 Ar38
setting label 4 L2 Ar37
setting label 5 CDD Ar36
checking ownership. requestor=129.138.12.150
check software interlocks R
interlocks []
actuate state mode=None-script, software_lock=False
doing actuation None-script open_channel True
Open R ===>> OK
GetIndicatorState R ===>> OK
change switch state (True, True)
update switch state R True args=() kw={} ncanvase=2
11:22:37 -- OPEN   VALVE-R (Jan Inlet)
set_time_zero () {}
equilibrating for 12.0sec
sniff (12.0,) {}
py_sniff
build tables- sniff [Detector(H2), Detector(H1), Detector(AX), Detector(L1), Detector(L2), Detector(CDD)]
add group /sniff/PM41 (Group) '' table H2
add group /sniff/Ar40 (Group) '' table H1
add group /sniff/Ar39 (Group) '' table AX
add group /sniff/Ar38 (Group) '' table L1
add group /sniff/Ar37 (Group) '' table L2
add group /sniff/Ar36 (Group) '' table CDD
flush and close file /Users/jan/PychronDev/data/isotopes/0c/0baf5c-7635-4098-9d1c-feda0e49e258.h5
measuring sniff. ncounts=12.0
"sniff" increment series count="1" fit count="0" regressing="False"
starting measurement
GetData ===>> H2,-0.0113614314843041,H1,19.8215827063799,AX,4.37437064418587,L1,0.00174158589610079,L2,0.086122...
GetData ===>> H2,1.09550131594004,H1,493.190000230629,AX,104.495200423849,L1,0.560192186094068,L2,0.82226425004...
GetData ===>> H2,0.704181528768887,H1,852.119735804432,AX,173.853937378301,L1,1.37927596407164,L2,0.91663264778...
GetData ===>> H2,0.256277628100622,H1,967.552425233622,AX,193.282414731385,L1,1.89535351969523,L2,0.86790298868...
GetData ===>> H2,0.129735843146226,H1,1008.79148077258,AX,199.738631627745,L1,2.1861285264971,L2,0.820765451596...
GetData ===>> H2,0.0336855429966007,H1,1025.17968741256,AX,202.255297848423,L1,2.34126873761043,L2,0.8237173059...
GetData ===>> H2,-0.0615933879138972,H1,1031.90932204663,AX,203.304067539138,L1,2.47450666329789,L2,0.883185595...
GetData ===>> H2,-0.112388844390533,H1,1034.84467882831,AX,203.74769958729,L1,2.55456113681724,L2,0.81566284747...
GetData ===>> H2,-0.094407240445607,H1,1036.02475136222,AX,204.205236654022,L1,2.58658353105141,L2,0.8263488805...
GetData ===>> H2,0.0117387054197684,H1,1036.39159197817,AX,204.045014518406,L1,2.57875573440598,L2,0.8656480082...
GetData ===>> H2,0.0710122671926496,H1,1036.31805156855,AX,203.939360124085,L1,2.63465877484801,L2,0.8886123643...
Equilibration Finished
11:22:49 -- ******* Equilibration Finished *******
checking ownership. requestor=129.138.12.150
check software interlocks R
interlocks []
actuate state mode=None-script, software_lock=False
doing actuation None-script close_channel True
GetData ===>> H2,0.118959421328294,H1,1036.7031288249,AX,203.871744903636,L1,2.64985207466095,L2,0.929116728633...
Close R ===>> OK
set states for children of R. state=False
handle state [('R', False)]
update switch state R False args=() kw={'refresh': False} ncanvase=2
refresh_canvas_needed fired
GetIndicatorState R ===>> False
change switch state (True, True)
update switch state R False args=() kw={} ncanvase=2
11:22:50 -- CLOSE  VALVE-R (Jan Inlet)
Post Equilibration Started jan_pump_extraction_line.py
11:22:50 -- ******* Post Equilibration Started jan_pump_extraction_line.py *******
testing...
no interpolation path defined
calculate duration
testing...
no interpolation path defined
executed snippet estimated_duration=4.0, duration=0.000148057937622
executed snippet estimated_duration=4.0, duration=0.0014169216156
Pump after analysis
doing GOSUB
testing...
no interpolation path defined
executed snippet estimated_duration=4.0, duration=0.000157117843628
Pump Microbone
close () {'description': 'Jan Inlet'}
closing name=--- desc=Jan Inlet
checking ownership. requestor=129.138.12.150
check software interlocks R
interlocks []
actuate state mode=None-script, software_lock=False
doing actuation None-script close_channel False
Close R ===>> OK
measurement finished
estimated time: 12.583 actual time: :12.686
flush and close file /Users/jan/PychronDev/data/isotopes/0c/0baf5c-7635-4098-9d1c-feda0e49e258.h5
set_fits () {}
using default fits file=/Users/jan/PychronDev/scripts/measurement/fits/nominal_linear.yaml
set "Ar40" to "('Linear', 'SEM')"
No fit for "PM41". defaulting to linear. check the measurement script "jan_unknown120_60.py"
set "PM41" to "linear"
set "Ar36" to "('Linear', 'SEM')"
set "Ar37" to "('linear', 'SEM')"
set "Ar38" to "('linear', 'SEM')"
set "Ar39" to "('Linear', 'SEM')"
set_baseline_fits () {}
using default fits file=/Users/jan/PychronDev/scripts/measurement/fits/nominal_linear.yaml
GetIndicatorState R ===>> False
change switch state (True, True)
update switch state R False args=() kw={} ncanvase=2
set "H1" to "('average', 'SEM')"
11:22:50 -- CLOSE  VALVE-R (Jan Inlet)
set "H2" to "('average', 'SEM')"
---------------------------------------- close None (Jan Inlet) result=[(True, True)]
set "CDD" to "('average', 'SEM')"
set "L2" to "('average', 'SEM')"
set "L1" to "('average', 'SEM')"
set "AX" to "('average', 'SEM')"
multicollect () {'integration_time': 1, 'ncounts': 120}
build tables- signal [Detector(H2), Detector(H1), Detector(AX), Detector(L1), Detector(L2), Detector(CDD)]
add group /signal/PM41 (Group) '' table H2
add group /signal/Ar40 (Group) '' table H1
add group /signal/Ar39 (Group) '' table AX
add group /signal/Ar38 (Group) '' table L1
add group /signal/Ar37 (Group) '' table L2
add group /signal/Ar36 (Group) '' table CDD
flush and close file /Users/jan/PychronDev/data/isotopes/0c/0baf5c-7635-4098-9d1c-feda0e49e258.h5
measuring signal. ncounts=120
action=close, ok=True, locked=[False]
is_closed ('F',) {}
is F () closed?
is closed True
open () {'description': 'CO2 Laser to Jan'}
opening name=--- desc=CO2 Laser to Jan
checking ownership. requestor=129.138.12.150
check software interlocks A
interlocks []
actuate state mode=None-script, software_lock=False
doing actuation None-script open_channel False
Open A ===>> OK
GetIndicatorState A ===>> OK
change switch state (True, True)
update switch state A True args=() kw={} ncanvase=2
11:22:51 -- OPEN   VALVE-A (CO2 Laser to Jan)
---------------------------------------- open None (CO2 Laser to Jan) result=[(True, True)], time=0.13 sec
starting measurement
GetData ===>> H2,-0.0449341706093264,H1,1036.22283687093,AX,204.337918299998,L1,2.64413099954787,L2,0.861836410...
action=open, ok=True, locked=[False]
sleep (1,) {}
SLEEP 1.0
"signal" increment series count="2" fit count="1" regressing="True"
GetData ===>> H2,-0.0147957665636385,H1,1035.97664171814,AX,203.894969463368,L1,2.69281498554008,L2,0.891944140...
close () {'description': 'CO2 Laser to Roughing'}
closing name=--- desc=CO2 Laser to Roughing
checking ownership. requestor=129.138.12.150
check software interlocks G
interlocks []
actuate state mode=None-script, software_lock=True
VALVE-G(CO2 Laser to Roughing) software locked
change switch state (True, False)
---------------------------------------- close None (CO2 Laser to Roughing) result=[(True, False)]
action=close, ok=True, locked=[True]
open () {'description': 'Microbone to Turbo'}
opening name=--- desc=Microbone to Turbo
checking ownership. requestor=129.138.12.150
check software interlocks U
interlocks []
actuate state mode=None-script, software_lock=False
doing actuation None-script open_channel True
Open U ===>> OK
GetIndicatorState U ===>> OK
change switch state (True, True)
update switch state U True args=() kw={} ncanvase=2
11:22:52 -- OPEN   VALVE-U (Microbone to Turbo)
---------------------------------------- open None (Microbone to Turbo) result=[(True, True)], time=0.17 sec
action=open, ok=True, locked=[False]
open () {'description': 'Microbone to Getter NP-10'}
opening name=--- desc=Microbone to Getter NP-10
checking ownership. requestor=129.138.12.150
check software interlocks M
interlocks []
actuate state mode=None-script, software_lock=False
doing actuation None-script open_channel False
Open M ===>> OK
GetIndicatorState M ===>> OK
change switch state (True, True)
update switch state M True args=() kw={} ncanvase=2
11:22:53 -- OPEN   VALVE-M (Microbone to Getter NP-10)
---------------------------------------- open None (Microbone to Getter NP-10) result=[(True, True)], time=0.14 sec
action=open, ok=True, locked=[False]
open () {'description': 'Microbone to Getter D-50'}
opening name=--- desc=Microbone to Getter D-50
checking ownership. requestor=129.138.12.150
check software interlocks K
interlocks []
actuate state mode=None-script, software_lock=False
doing actuation None-script open_channel False
GetData ===>> H2,-0.00636233423504977,H1,1036.0229094233,AX,203.85707065704,L1,2.64042123736062,L2,0.9606204707...
Open K ===>> OK
GetIndicatorState K ===>> OK
change switch state (True, True)
update switch state K True args=() kw={} ncanvase=2
11:22:53 -- OPEN   VALVE-K (Microbone to Getter D-50)
---------------------------------------- open None (Microbone to Getter D-50) result=[(True, True)], time=0.42 sec
action=open, ok=True, locked=[False]
open () {'description': 'Microbone to CO2 Laser'}
opening name=--- desc=Microbone to CO2 Laser
checking ownership. requestor=129.138.12.150
check software interlocks T
interlocks []
actuate state mode=None-script, software_lock=False
doing actuation None-script open_channel False
Open T ===>> OK
GetIndicatorState T ===>> OK
change switch state (True, True)
update switch state T True args=() kw={} ncanvase=2
11:22:54 -- OPEN   VALVE-T (Microbone to CO2 Laser)
---------------------------------------- open None (Microbone to CO2 Laser) result=[(True, True)], time=0.42 sec
GetData ===>> H2,-0.144110678909427,H1,1035.71911381453,AX,203.74226277709,L1,2.6515296968085,L2,0.758502351016...
action=open, ok=True, locked=[False]
open () {'description': 'Microbone to Inlet Pipette'}
opening name=--- desc=Microbone to Inlet Pipette
checking ownership. requestor=129.138.12.150
check software interlocks S
interlocks []
actuate state mode=None-script, software_lock=False
doing actuation None-script open_channel False
Open S ===>> OK
GetIndicatorState S ===>> OK
change switch state (True, True)
update switch state S True args=() kw={} ncanvase=2
11:22:55 -- OPEN   VALVE-S (Microbone to Inlet Pipette)
---------------------------------------- open None (Microbone to Inlet Pipette) result=[(True, True)], time=0.40 sec
action=open, ok=True, locked=[False]
sleep (1,) {}
SLEEP 1.0
GetData ===>> H2,-0.118611178363328,H1,1034.87014675398,AX,203.807775532995,L1,2.64140523144266,L2,0.8980011691...
set_resource () {'name': 'CO2PumpTimeFlag', 'value': 30}
Set CO2PumpTimeFlag 30 ===>> OK
release ('JanCO2Flag',) {}
release JanCO2Flag
Set JanCO2Flag 0 ===>> OK
executed snippet estimated_duration=6.0, duration=5.96238183975
PumpMicrobone.py completed successfully
gosub finished
get_resource_value () {'name': 'JanMiniboneFlag'}
Read JanMiniboneFlag ===>> 0
Get Resource Value JanMiniboneFlag=0.0
get resource value 0.0
get_resource_value () {'name': 'JanMiniboneFlag'}
Read JanMiniboneFlag ===>> 0
Get Resource Value JanMiniboneFlag=0.0
executed snippet estimated_duration=4.0, duration=5.97673296928
jan_pump_extraction_line.py completed successfully
Post Equilibration Finished
11:22:56 -- ******* Post Equilibration Finished *******
GetData ===>> H2,-0.124248661249361,H1,1034.56466172772,AX,203.605599888758,L1,2.61226143437352,L2,0.8773012179...
GetData ===>> H2,-0.0811686246441889,H1,1034.0980180334,AX,203.489280263898,L1,2.59033010940361,L2,0.8238546037...
GetData ===>> H2,-0.127428654297248,H1,1033.64573900391,AX,203.545414626383,L1,2.6209258644443,L2,0.84607654388...
GetData ===>> H2,-0.18357642485835,H1,1033.77417463226,AX,203.470470014522,L1,2.62655884150726,L2,0.82449532922...
GetData ===>> H2,-0.160171874529846,H1,1032.88126731525,AX,203.397629573135,L1,2.58674469247564,L2,0.7880109698...
GetData ===>> H2,-0.287950010493383,H1,1032.18397857918,AX,203.279558430581,L1,2.59858924071675,L2,0.8474956271...
GetData ===>> H2,-0.204705013082257,H1,1032.26565726197,AX,203.344925851292,L1,2.5971589338738,L2,0.75433662012...
GetData ===>> H2,-0.100965189095811,H1,1031.68973738126,AX,203.263548652195,L1,2.58079542399872,L2,0.8630268031...
GetData ===>> H2,-0.0366741211606267,H1,1031.40072336041,AX,203.202580980454,L1,2.59169034436252,L2,0.814015427...
GetData ===>> H2,0.0465688166342479,H1,1030.94503700319,AX,202.9073963711,L1,2.60111032367851,L2,0.777273270197...
GetData ===>> H2,-0.0669560942209292,H1,1030.85324662879,AX,202.840037652695,L1,2.5995022389774,L2,0.8571436599...
GetData ===>> H2,-0.176266486664701,H1,1029.96859746714,AX,202.981026157294,L1,2.58941976419384,L2,0.8064097981...
GetData ===>> H2,-0.186056979690378,H1,1029.35890504032,AX,202.948046020186,L1,2.59810974280452,L2,0.8555298645...
GetData ===>> H2,-0.11661818330022,H1,1029.13411763935,AX,202.511257125171,L1,2.56364108922995,L2,0.86055446566...
GetData ===>> H2,-0.108650354282707,H1,1028.98977655495,AX,202.681019596301,L1,2.56262523409459,L2,0.7826877597...
GetData ===>> H2,-0.228704835914242,H1,1028.80103435914,AX,202.476510125991,L1,2.53265543413475,L2,0.8389928853...
GetData ===>> H2,-0.0873190783062407,H1,1028.45415749272,AX,202.470261991799,L1,2.54820795292773,L2,0.871772063...
GetData ===>> H2,-0.0538746716623242,H1,1027.61339186489,AX,202.430695040127,L1,2.56614526951866,L2,0.816292077...
GetData ===>> H2,-0.0666183239052298,H1,1027.03496132082,AX,202.41976345679,L1,2.58638174391926,L2,0.8311431082...
11:23:16 -- collecting point 25
GetData ===>> H2,-0.0648130585356839,H1,1027.04637131819,AX,202.049963191265,L1,2.54553387806717,L2,0.849589957...
GetData ===>> H2,-0.062261798664981,H1,1026.75576323096,AX,201.912607610194,L1,2.57374265928628,L2,0.8251703838...
GetData ===>> H2,-0.115646589765077,H1,1025.66607453661,AX,201.884107748207,L1,2.59497454164504,L2,0.9139413382...
GetData ===>> H2,-0.125149208890539,H1,1025.26799048999,AX,202.114341999617,L1,2.56644023365007,L2,0.8087987852...
GetData ===>> H2,-0.136612053361935,H1,1024.86833998579,AX,202.014460940217,L1,2.58208953772394,L2,0.8395421649...
GetData ===>> H2,-0.0592271967400736,H1,1025.07937410425,AX,201.850933964015,L1,2.5672263910809,L2,0.8892420725...
GetData ===>> H2,-0.114256714666109,H1,1024.48607405956,AX,201.751474192666,L1,2.54111046596625,L2,0.8735692897...
GetData ===>> H2,-0.118174183592233,H1,1023.65436047286,AX,201.630474407128,L1,2.57292832807218,L2,0.9002340077...
GetData ===>> H2,-0.118567885514325,H1,1023.68506981087,AX,201.801896885971,L1,2.57432030170845,L2,0.8736379742...
GetData ===>> H2,-0.134832632343063,H1,1023.22610683321,AX,201.577710204529,L1,2.56688810668458,L2,0.8533323995...
GetData ===>> H2,-0.118761349153858,H1,1022.91582581924,AX,201.167915470059,L1,2.57417013890854,L2,0.8318067671...
GetData ===>> H2,-0.00144675392066739,H1,1022.10222383219,AX,201.30408497438,L1,2.52593830897716,L2,0.775533372...
GetData ===>> H2,-0.0509898299033061,H1,1021.77104219961,AX,201.330936749549,L1,2.56128487728572,L2,0.808947501...
GetData ===>> H2,-0.116237945592346,H1,1021.71562021348,AX,201.119446455668,L1,2.54445117872259,L2,0.8681662639...
GetData ===>> H2,-0.176882015064542,H1,1021.09106618624,AX,201.043245041653,L1,2.56027734695888,L2,0.9109409032...
GetData ===>> H2,-0.0841555519966889,H1,1020.86123205093,AX,200.991247052541,L1,2.56208826085124,L2,0.719735995...
GetData ===>> H2,-0.160050327637598,H1,1020.19360387593,AX,200.775827946806,L1,2.55211339680267,L2,0.8405491856...
GetData ===>> H2,-0.154725294463349,H1,1020.46681905134,AX,200.811035861436,L1,2.55680644744547,L2,0.8208455394...
GetData ===>> H2,-0.126363347706588,H1,1019.70222996688,AX,200.77391926311,L1,2.52982192148654,L2,0.84200251815...
GetData ===>> H2,-0.26515825183081,H1,1019.38167585684,AX,200.796306218768,L1,2.59815308641718,L2,0.90617704628...
GetData ===>> H2,-0.261482004121739,H1,1018.45529541127,AX,200.730849177277,L1,2.76505183457802,L2,0.8763853939...
GetData ===>> H2,-0.147419148090407,H1,1017.7092835426,AX,200.325059653319,L1,2.67123662461461,L2,0.78367224517...
GetData ===>> H2,-0.126395795068991,H1,1017.44193216257,AX,200.213871599181,L1,2.59864342254343,L2,0.8890703335...
GetData ===>> H2,-0.129019668420743,H1,1017.77831644323,AX,200.372814895117,L1,2.57403756439307,L2,0.9524170476...
GetData ===>> H2,-0.0533577335462043,H1,1017.24757052882,AX,200.27633067881,L1,2.60171866437422,L2,0.6922497442...
11:23:43 -- collecting point 50
GetData ===>> H2,0.00855368109298385,H1,1016.88092118504,AX,200.437461190176,L1,2.5530946927241,L2,0.8552437334...
GetData ===>> H2,-0.0275492368620517,H1,1016.76129071132,AX,200.594732905365,L1,2.49987515557314,L2,0.887158326...
GetData ===>> H2,-0.0715685720719732,H1,1015.46916786132,AX,200.414764305292,L1,2.48804081603628,L2,0.903554735...
GetData ===>> H2,-0.130523965143688,H1,1015.35154483097,AX,200.264938778332,L1,2.50527243435133,L2,0.7899686116...
GetData ===>> H2,-0.0702518806809715,H1,1014.95515531983,AX,199.970974051508,L1,2.48946889035085,L2,0.797135523...
GetData ===>> H2,-0.114194457273116,H1,1014.59296492798,AX,199.52074814304,L1,2.5405348600022,L2,0.884536534674...
GetData ===>> H2,-0.221653942759372,H1,1014.54596027889,AX,199.673693408613,L1,2.54466608834894,L2,0.8264976238...
GetData ===>> H2,-0.0187289637757263,H1,1014.24687349182,AX,199.471515639054,L1,2.5365793727345,L2,0.7927391436...
GetData ===>> H2,-0.101149293264696,H1,1013.71062428072,AX,199.741358419615,L1,2.56521983547095,L2,0.8676969476...
GetData ===>> H2,-0.206769615024484,H1,1013.25694285681,AX,199.604900561219,L1,2.56226679825442,L2,0.8415104424...
GetData ===>> H2,-0.175472729604716,H1,1012.79391119015,AX,199.447984215774,L1,2.52626920843992,L2,0.9259211076...
GetData ===>> H2,-0.157646132334041,H1,1012.8749541846,AX,199.361437237699,L1,2.51717906512624,L2,0.80575713470...
GetData ===>> H2,-0.176490564472458,H1,1011.77774433158,AX,199.471233808978,L1,2.52498078088131,L2,0.8165552116...
GetData ===>> H2,-0.00879485832557123,H1,1011.47445380002,AX,199.106816792045,L1,2.56421060304719,L2,0.79564714...
GetData ===>> H2,0.0109222966950554,H1,1011.63339865485,AX,199.330370665632,L1,2.55738373033421,L2,0.8333286231...
GetData ===>> H2,-0.157038249379717,H1,1010.88242935745,AX,199.339880320479,L1,2.57901152144406,L2,0.8344042351...
GetData ===>> H2,-0.11646798416127,H1,1010.19954652932,AX,199.205626902263,L1,2.53453732516813,L2,0.84799917782...
GetData ===>> H2,-0.159607345708498,H1,1009.8149767725,AX,199.128757272564,L1,2.49842948336415,L2,0.75964681422...
GetData ===>> H2,-0.219626468091455,H1,1009.63880814477,AX,199.187269350549,L1,2.52327120693337,L2,0.7169561289...
GetData ===>> H2,-0.217769763659196,H1,1008.82261016757,AX,198.78487269553,L1,2.52582350938009,L2,0.78032961472...
GetData ===>> H2,-0.074152695234257,H1,1008.54017074671,AX,198.694266528986,L1,2.51314026014887,L2,0.7854466339...
GetData ===>> H2,-0.158815877573446,H1,1008.10485474265,AX,198.813458046828,L1,2.53024751123058,L2,0.7646139426...
GetData ===>> H2,-0.166919732908634,H1,1007.87422818887,AX,198.624199249467,L1,2.53043936961036,L2,0.8403660901...
GetData ===>> H2,-0.122349975367859,H1,1007.52609966053,AX,198.631676755606,L1,2.50381258149997,L2,0.8807356358...
GetData ===>> H2,-0.052103959371891,H1,1007.45368642391,AX,198.521301082433,L1,2.48282225888529,L2,0.8320470586...
11:24:09 -- collecting point 75
GetData ===>> H2,-0.170750911085922,H1,1006.82965086026,AX,198.642202003052,L1,2.4254367437457,L2,0.74949590162...
GetData ===>> H2,-0.115401648469052,H1,1006.10640778759,AX,198.712290665856,L1,2.47975776518651,L2,0.8072201202...
GetData ===>> H2,-0.0501063196664478,H1,1006.20293686456,AX,198.530859836437,L1,2.54296449408887,L2,0.864823866...
GetData ===>> H2,-0.135031411303722,H1,1005.8629263904,AX,198.153475952944,L1,2.50848963216267,L2,0.88277344843...
GetData ===>> H2,-0.271561258775255,H1,1005.49932277154,AX,198.088444780191,L1,2.55282890947013,L2,0.8590550697...
GetData ===>> H2,-0.239962718419657,H1,1005.06229532621,AX,197.983833325368,L1,2.53414840542337,L2,0.7746977744...
GetData ===>> H2,-0.176408223142713,H1,1004.43163794726,AX,198.176017192744,L1,2.46850533824752,L2,0.7960478589...
GetData ===>> H2,-0.172179680325358,H1,1004.40011915357,AX,198.0737443246,L1,2.52644749297173,L2,0.896661490875...
GetData ===>> H2,-0.105671092197887,H1,1003.55644671579,AX,197.697443979946,L1,2.4992696230074,L2,0.80368467151...
GetData ===>> H2,-0.19597210822837,H1,1002.93285648926,AX,197.724338228917,L1,2.49859804570798,L2,0.83227590818...
GetData ===>> H2,-0.148072892214019,H1,1002.9278367433,AX,197.631603712713,L1,2.49266821516301,L2,0.83458731922...
GetData ===>> H2,-0.0522152306275641,H1,1002.46609101694,AX,197.487305167644,L1,2.48692841844671,L2,0.920583855...
GetData ===>> H2,-0.193202902016906,H1,1002.66383436449,AX,197.480995184553,L1,2.47329861288529,L2,0.7191068002...
GetData ===>> H2,-0.211160357606084,H1,1002.05212489576,AX,197.736593874625,L1,2.48153922117163,L2,0.8536528600...
GetData ===>> H2,-0.188586882411753,H1,1001.6334539553,AX,197.728548097233,L1,2.4861868808122,L2,0.867296313628...
GetData ===>> H2,-0.162401353465394,H1,1001.22529780826,AX,197.737201999118,L1,2.50018130574609,L2,0.8028144793...
GetData ===>> H2,-0.141997292680891,H1,1000.52978758313,AX,197.499481671952,L1,2.50815356497575,L2,0.8152853113...
GetData ===>> H2,-0.134604099846603,H1,1000.21797203459,AX,197.240526660761,L1,2.53726283851976,L2,0.7749953837...
GetData ===>> H2,0.00542258402102099,H1,999.747912305539,AX,197.177853616336,L1,2.52534676584867,L2,0.784439235...
GetData ===>> H2,-0.0431721129794174,H1,999.246621979063,AX,197.198310249137,L1,2.50830067749691,L2,0.777193142...
GetData ===>> H2,-0.105312499802713,H1,999.218813975475,AX,196.9845824134,L1,2.45919142000498,L2,0.841190022447...
GetData ===>> H2,-0.216450156804328,H1,998.605580758465,AX,196.713662959917,L1,2.4704954391904,L2,0.81676114296...
GetData ===>> H2,-0.112046368179543,H1,998.335946571789,AX,196.756697873674,L1,2.52839394821748,L2,0.7938725661...
GetData ===>> H2,-0.0477119473685597,H1,997.999458826912,AX,196.728496690679,L1,2.5320351626622,L2,0.7310622079...
GetData ===>> H2,-0.0346919575634504,H1,997.372526782191,AX,196.771791491255,L1,2.51343469195789,L2,0.876866200...
11:24:35 -- collecting point 100
GetData ===>> H2,-0.0997115769925066,H1,997.045149019464,AX,196.881009788211,L1,2.48827005094884,L2,0.889196275...
GetData ===>> H2,-0.0781416131772218,H1,996.9968533053,AX,196.567331057576,L1,2.45465709802123,L2,0.89245937343...
GetData ===>> H2,-0.0214712094717786,H1,996.585867055567,AX,196.623344540445,L1,2.48777113384991,L2,0.831577918...
GetData ===>> H2,-0.145527940481125,H1,996.508479549694,AX,196.291969885663,L1,2.44872585147229,L2,0.8302391663...
GetData ===>> H2,-0.194213753117335,H1,996.045283210046,AX,196.232335923077,L1,2.45185999481911,L2,0.8416820964...
GetData ===>> H2,-0.223171953116155,H1,995.215254465583,AX,196.30468903683,L1,2.49426207204693,L2,0.87814836295...
GetData ===>> H2,-0.178288425890554,H1,995.078535349893,AX,196.488561546559,L1,2.51642199473116,L2,0.6871033810...
GetData ===>> H2,-0.180802523614415,H1,994.709689490964,AX,196.271495188402,L1,2.46554172086586,L2,0.7097151269...
GetData ===>> H2,-0.0858186798413138,H1,993.968913819594,AX,196.207175366189,L1,2.48618957722465,L2,0.845264013...
GetData ===>> H2,0.0404256476526732,H1,993.319321679371,AX,196.063825962784,L1,2.51507261859669,L2,0.8562394734...
GetData ===>> H2,-0.0295842612986268,H1,992.926150597728,AX,195.873582480942,L1,2.48275352103255,L2,0.802757230...
GetData ===>> H2,-0.154641522053045,H1,992.549123785806,AX,195.811534229203,L1,2.48181279788821,L2,0.7771015683...
GetData ===>> H2,-0.122333745914549,H1,992.271664314077,AX,195.778004728212,L1,2.48669651418145,L2,0.8784002183...
GetData ===>> H2,-0.104690010653441,H1,991.807849610091,AX,195.743224828663,L1,2.50008554863475,L2,0.7756249449...
GetData ===>> H2,-0.0506152625048338,H1,991.178738516671,AX,195.737781579094,L1,2.48063498265255,L2,0.860440007...
GetData ===>> H2,-0.184171321972428,H1,991.491679341384,AX,195.744318149231,L1,2.45679415338323,L2,0.7970439304...
GetData ===>> H2,-0.157407035595109,H1,991.159638949565,AX,195.429892295993,L1,2.47725449869621,L2,0.8563539269...
GetData ===>> H2,-0.0981951442706957,H1,990.604898839572,AX,195.232306866022,L1,2.52404493949714,L2,0.827756230...
GetData ===>> H2,-0.165237869698972,H1,990.218650782181,AX,195.590604641479,L1,2.4852229545455,L2,0.79982611610...
GetData ===>> H2,-0.243233366045327,H1,989.75027013006,AX,195.460766472026,L1,2.46831267950524,L2,0.84847984232...
GetData ===>> H2,-0.147516401668785,H1,989.455026503461,AX,195.238092284169,L1,2.48573658894952,L2,0.8510205374...
measurement finished
estimated time: 125.829 actual time: :126.237
flush and close file /Users/jan/PychronDev/data/isotopes/0c/0baf5c-7635-4098-9d1c-feda0e49e258.h5
baselines () {'settling_time': 15.0, 'detector': 'H1', 'mass': 34.2, 'ncounts': 60}
%%%%%%%%%%%%%%%%%%%%%%%%%%%%%%%% Baseline
build tables- baseline [Detector(H2), Detector(H1), Detector(AX), Detector(L1), Detector(L2), Detector(CDD)]
add group baseline table H2
add group baseline table H1
add group baseline table AX
add group baseline table L1
add group baseline table L2
add group baseline table CDD
flush and close file /Users/jan/PychronDev/data/isotopes/0c/0baf5c-7635-4098-9d1c-feda0e49e258.h5
detector Detector(H1)
POSITION 34.2 H1
Mapping mass to dac mass func: "parabolic"
H1 map mass coeffs = [-0.00063987  0.15840543  0.57115999]
H1 map mass to dac 34.2 >> 5.24020599104
GetDeflection H1 ===>> 0
GetHighVoltage ===>> 4500
positioning 34.2 (5.24020599104) on H1
setting magnet DAC
current  : 5.879550
requested: 5.240206
Delta Dac: 0.639344
Checking detector protection. dv=0.63934
Checking detector "CDD". Protection Threshold: 0.1 (V)
ProtectDetector CDD,On ===>> OK
GetDeflection CDD ===>> 2000
Protected = 2000
SetMagnetDAC 5.24020599104 ===>> OK
Magnet settling time: 0.500
GetMagnetMoving ===>> True
GetMagnetMoving ===>> True
GetMagnetMoving ===>> True
GetMagnetMoving ===>> True
GetMagnetMoving ===>> True
GetMagnetMoving ===>> True
GetMagnetMoving ===>> True
GetMagnetMoving ===>> True
GetMagnetMoving ===>> False
ProtectDetector CDD,Off ===>> OK
GetDeflection CDD ===>> 50
Delaying 15.0s for detectors to settle
Join finished
measuring baseline. ncounts=60
"baseline" increment series count="2" fit count="1" regressing="True"
starting measurement
GetData ===>> H2,-0.161924705856557,H1,-0.0600569100310587,AX,-0.227489325533625,L1,-0.0271597390499581,L2,-0.0...
GetData ===>> H2,-0.190918045850914,H1,-0.0319660843861812,AX,-0.0910231429973368,L1,-0.0541976109522711,L2,0.0...
GetData ===>> H2,-0.240820177337117,H1,-0.0575533789137549,AX,-0.0752827381853171,L1,-0.0544298710398891,L2,-0....
GetData ===>> H2,-0.202710131054559,H1,-0.014792936107466,AX,-0.0438174789593672,L1,-0.0281229652923953,L2,0.03...
GetData ===>> H2,-0.23673743664981,H1,0.0440713004774331,AX,-0.091034732931603,L1,-0.0661938779593974,L2,-0.010...
GetData ===>> H2,-0.133587142034025,H1,-0.0376301919199794,AX,-0.0364308276385632,L1,-0.0524490243096882,L2,-0....
GetData ===>> H2,-0.227837851008898,H1,-0.0428885816503353,AX,0.00781964484590956,L1,-0.0681093686179975,L2,-0....
GetData ===>> H2,-0.2577204920946,H1,-0.130099505690029,AX,-0.226319264137192,L1,-0.0363835332009627,L2,0.05901...
GetData ===>> H2,-0.282064837797919,H1,0.0246687637419864,AX,-0.0758623269620993,L1,-0.0188270974212981,L2,0.03...
GetData ===>> H2,-0.212516710588685,H1,-0.0265997920698478,AX,-0.069672140364109,L1,0.0123048320280837,L2,-0.01...
GetData ===>> H2,-0.232785771742413,H1,0.0714990113085402,AX,-0.0841616595679576,L1,-0.0129797585761408,L2,-0.1...
GetData ===>> H2,-0.210896341485205,H1,-0.0470736331640296,AX,-0.141342127403896,L1,-0.0363979113168196,L2,0.01...
GetData ===>> H2,-0.224615692143205,H1,-0.0285674659940891,AX,0.0837045448817566,L1,-0.0463127138565439,L2,-0.0...
GetData ===>> H2,-0.263984510676062,H1,0.00474510271486497,AX,0.0133190118118636,L1,-0.0581070056789539,L2,-0.0...
GetData ===>> H2,-0.168465045209263,H1,-0.0152819345565323,AX,-0.141597216265471,L1,-0.0618677330640638,L2,-0.0...
GetData ===>> H2,-0.243992343886313,H1,-0.0211735817330137,AX,-0.0716196572573237,L1,-0.00902715338409185,L2,-0...
GetData ===>> H2,-0.188326635995977,H1,-0.0259319666726874,AX,-0.05659494596652,L1,-0.00263520353573073,L2,-0.0...
GetData ===>> H2,-0.180501617009532,H1,0.0395484788886293,AX,-0.115648637995223,L1,-0.0439591481393558,L2,0.025...
GetData ===>> H2,-0.113716688093154,H1,0.00643905617681031,AX,-0.0358857934786823,L1,-0.0271693238451268,L2,-0....
GetData ===>> H2,-0.153641610007605,H1,-0.000670584337103386,AX,0.0094438981184649,L1,-0.0447385435166212,L2,-0...
GetData ===>> H2,-0.127306987282698,H1,-0.0166415762246739,AX,-0.0381007005303302,L1,-0.044282407015532,L2,-0.0...
GetData ===>> H2,-0.101547272964998,H1,0.0206837143058582,AX,-0.0406866277033927,L1,-0.0629981886186346,L2,0.02...
GetData ===>> H2,-0.197613497289009,H1,0.0144559008295133,AX,0.0238777390471572,L1,-0.0443985382207884,L2,-0.00...
GetData ===>> H2,-0.243783764634304,H1,0.0215188911684596,AX,-0.0165872976863181,L1,-0.0302743165925736,L2,0.05...
11:25:41 -- collecting point 25
GetData ===>> H2,-0.207863755157478,H1,0.0133583186892718,AX,-0.047435226082003,L1,0.00286399215721131,L2,-0.00...
GetData ===>> H2,-0.196941864812473,H1,0.0132390170078046,AX,-0.0407793951145091,L1,-0.0326096168081225,L2,-0.1...
GetData ===>> H2,-0.131364934322222,H1,0.0632866197363359,AX,0.0307937459271972,L1,-0.0693192155266824,L2,0.044...
GetData ===>> H2,-0.175803468474049,H1,0.0415652263358492,AX,-0.100619135898153,L1,-0.0253097025488236,L2,0.052...
GetData ===>> H2,-0.210415439139221,H1,-0.0452017086786104,AX,-0.176897380821466,L1,0.00691865210283896,L2,0.07...
GetData ===>> H2,-0.204629537463635,H1,-0.0418870049072371,AX,-0.0747031459562227,L1,-0.0130948248267994,L2,-0....
GetData ===>> H2,-0.277328110384832,H1,-0.0145543994117812,AX,0.0363176211049613,L1,0.0268173898393038,L2,-0.06...
GetData ===>> H2,-0.317382027308866,H1,0.130313904235435,AX,-0.0394574511577648,L1,-0.0392204163914312,L2,-0.03...
GetData ===>> H2,-0.205106642724708,H1,0.0578080876976419,AX,-0.0278838767991797,L1,-0.0476149588617652,L2,-0.0...
GetData ===>> H2,-0.220944031213843,H1,0.0602668253491202,AX,0.0234019915345352,L1,-0.0363607678087865,L2,-0.06...
GetData ===>> H2,-0.221820974289989,H1,-0.0129800429627512,AX,-0.190272158282265,L1,-0.0597799434973129,L2,-0.0...
GetData ===>> H2,-0.149924512417818,H1,-0.0434609067174517,AX,-0.00183250123342323,L1,-0.00744063965042704,L2,-...
GetData ===>> H2,-0.123266901791358,H1,-0.0649564968361769,AX,-0.0583688173790772,L1,0.035733976124328,L2,0.092...
GetData ===>> H2,-0.119738087261905,H1,0.0404912137631055,AX,-0.103238167612249,L1,0.0481736240854848,L2,-0.106...
GetData ===>> H2,-0.194778442619548,H1,0.0225211126007931,AX,-0.0938046876250862,L1,-0.023224408930066,L2,0.012...
GetData ===>> H2,-0.156977459291147,H1,-0.0399315166622614,AX,-0.0639916601122643,L1,-0.0149136963892402,L2,0.1...
GetData ===>> H2,-0.232493748460284,H1,0.00621239877076643,AX,0.000452836299926695,L1,0.00236579639942295,L2,-0...
GetData ===>> H2,-0.188876787176494,H1,0.0578677650810768,AX,0.0175423652800948,L1,-0.00568714917154481,L2,0.03...
GetData ===>> H2,-0.152237530578622,H1,0.0102923106019894,AX,0.00377073146051419,L1,0.00383164276515824,L2,-0.0...
GetData ===>> H2,-0.15321459366496,H1,0.0209461977118909,AX,-0.0510876228036774,L1,0.00731459667624634,L2,-0.03...
GetData ===>> H2,-0.204300673532972,H1,0.00433951247742495,AX,-0.109055410610068,L1,-0.00325670458475577,L2,-0....
GetData ===>> H2,-0.302903669735693,H1,-0.0082926078258659,AX,-0.160124154693485,L1,0.000944573338520678,L2,-0....
GetData ===>> H2,-0.284880861935868,H1,0.00548471267267661,AX,-0.0926457203609655,L1,0.0038388464681747,L2,-0.0...
GetData ===>> H2,-0.318898331361009,H1,0.0669749506544417,AX,-0.0175963883685579,L1,-0.0129737655062042,L2,-0.0...
GetData ===>> H2,-0.299244260297066,H1,-0.0418750813142353,AX,0.0756778612501515,L1,0.00412339685837364,L2,-0.0...
11:26:07 -- collecting point 50
GetData ===>> H2,-0.266552330925191,H1,-0.0781281624541606,AX,-0.149377105200151,L1,0.0542522408493604,L2,-0.01...
GetData ===>> H2,-0.137896416372337,H1,-0.0172498309915391,AX,-0.0355378977381441,L1,-0.0206627411475563,L2,-0....
GetData ===>> H2,-0.12098932563104,H1,0.0411952873711432,AX,0.0504885786214795,L1,-0.0487447111598993,L2,-0.081...
GetData ===>> H2,-0.265046664282618,H1,0.00305117791790113,AX,-0.0836980283704401,L1,-0.0301353790755762,L2,-0....
GetData ===>> H2,-0.241903686144679,H1,0.0105070474098358,AX,-0.0384253947098268,L1,-0.0459153040092803,L2,0.05...
GetData ===>> H2,-0.298119906765969,H1,0.00981511934472508,AX,-0.0649654802781705,L1,-0.0248938767806274,L2,0.0...
GetData ===>> H2,-0.268416659218874,H1,-0.0313340693503637,AX,-0.0559108954103046,L1,-0.048543662840519,L2,-0.0...
GetData ===>> H2,-0.187284241926101,H1,-0.0067897195543452,AX,-0.062936677268124,L1,-0.0167032797843046,L2,-0.0...
GetData ===>> H2,-0.271776242106512,H1,-0.0377732810115326,AX,-0.11641337710161,L1,-0.00179167646230152,L2,-0.0...
GetData ===>> H2,-0.365530016966748,H1,0.062654007047125,AX,-0.0353407562665286,L1,-0.0282056259325555,L2,0.059...
GetData ===>> H2,-0.291634570818048,H1,-0.00115965178271156,AX,-0.00300415093987839,L1,-0.0347934263275309,L2,0...
measurement finished
estimated time: 62.915 actual time: :63.197
flush and close file /Users/jan/PychronDev/data/isotopes/0c/0baf5c-7635-4098-9d1c-feda0e49e258.h5
activate_detectors ('H1', 'AX', 'CDD') {'peak_center': True}
peak_center () {'detector': 'H1', 'integration_time': 0.262144, 'isotope': 'Ar40'}
peak center: mean=991.048754077 threshold=3
peak center started
setup peak center. detector=['H1', 'AX', 'CDD'], isotope=Ar40
VersionedUnpickler [<apptools.sweet_pickle.versioned_unpickler.VersionedUnpickler object at 0x1cd9e2fb0>] using Updater [<apptools.sweet_pickle.updater.Updater object at 0x1373f1ad0>]
VersionedUnpickler [<apptools.sweet_pickle.versioned_unpickler.VersionedUnpickler object at 0x1cd9e2fb0>] using Updater [<apptools.sweet_pickle.updater.Updater object at 0x1373f1ad0>]
VersionedUnpickler [<apptools.sweet_pickle.versioned_unpickler.VersionedUnpickler object at 0x1b2bb5b90>] using Updater [<apptools.sweet_pickle.updater.Updater object at 0x1373f1ad0>]
setting integration time = 0.524288
SetIntegrationTime 0.524288 ===>> OK
Mapping mass to dac mass func: "parabolic"
H1 map mass coeffs = [-0.00063987  0.15840543  0.57115999]
H1 map mass to dac 39.9624 >> 5.87955
GetDeflection H1 ===>> 0
GetHighVoltage ===>> 4500
do peak center. <pychron.spectrometer.jobs.peak_center.PeakCenter object at 0x1376ecfb0>
doing pc
starting peak center. center dac= 5.87955 step_width=0.001
width = 0.001
get scan parameters. half-width=0.015,window=0.015, i=0, scalar=1
Scan parameters center=5.87955 width=0.03000 (5.86455 - 5.89455)
GetData ===>> H2,-0.251980047533558,H1,0.00790637706276094,AX,-0.0134903678566852,L1,-0.042594162668531,L2,-0.0...
Moving to starting dac 5.86455
setting magnet DAC
current  : 5.240206
requested: 5.864550
Delta Dac: 0.624344
Checking detector protection. dv=0.62434
Checking detector "CDD". Protection Threshold: 0.1 (V)
ProtectDetector CDD,On ===>> OK
GetDeflection CDD ===>> 2000
Protected = 2000
SetMagnetDAC 5.86455 ===>> OK
Magnet settling time: 0.500
GetMagnetMoving ===>> True
GetMagnetMoving ===>> True
GetMagnetMoving ===>> True
GetMagnetMoving ===>> True
GetMagnetMoving ===>> True
GetMagnetMoving ===>> True
GetMagnetMoving ===>> True
GetMagnetMoving ===>> True
GetMagnetMoving ===>> False
ProtectDetector CDD,Off ===>> OK
GetDeflection CDD ===>> 50
Wait until signal near baseline. tol= 0.00592978279707. timeout= 10
GetData ===>> H2,5.09643719778929,H1,2.18712469140792,AX,-0.0119592650236923,L1,0.0498436476501167,L2,0.0858721...
GetData ===>> H2,60.6114944876191,H1,29.3588475726392,AX,2.32369971403027,L1,0.0478327104682102,L2,-0.146191006...
GetData ===>> H2,63.3598666380969,H1,32.6359965022203,AX,4.4016228012213,L1,0.037823382434766,L2,-0.21367075223...
GetData ===>> H2,33.4276681055785,H1,15.7754970656306,AX,2.04612534835889,L1,0.0336834606800722,L2,-0.060854391...
GetData ===>> H2,13.7504415273687,H1,8.0546408829177,AX,1.01561954930366,L1,0.0224598904651942,L2,-0.0655881641...
GetData ===>> H2,4.71805889069858,H1,4.32942699267118,AX,0.630328807394756,L1,0.0184174696503395,L2,-0.08661420...
GetData ===>> H2,1.49105293086761,H1,2.52410516312953,AX,0.282367252395019,L1,0.00141509119735263,L2,-0.0840430...
GetData ===>> H2,0.472158828822869,H1,1.60453232037614,AX,0.209932923390212,L1,0.0122585361084226,L2,-0.0996962...
GetData ===>> H2,0.29761311932848,H1,1.24606093695745,AX,0.237089488512056,L1,-0.00155648419678466,L2,0.0433251...
GetData ===>> H2,0.280698816422366,H1,0.964961340394876,AX,0.0702079485946075,L1,-0.0563313434793072,L2,-0.0695...
GetData ===>> H2,0.209022865227448,H1,0.882771695600515,AX,0.0866862278651779,L1,-0.0133860803939704,L2,-0.0434...
GetData ===>> H2,0.13604806150256,H1,0.900889302506314,AX,0.0496295911595165,L1,-0.0228047906242625,L2,-0.17892...
GetData ===>> H2,0.151652127535265,H1,0.794891340116544,AX,0.0372344290333057,L1,-0.0115281327842547,L2,-0.0516...
GetData ===>> H2,0.0449845561869131,H1,0.798317068170662,AX,0.105555079957872,L1,0.00542022156980452,L2,-0.0287...
GetData ===>> H2,0.0582648034721348,H1,0.815950634754592,AX,0.0336832970003953,L1,-0.00418168626514509,L2,-0.11...
GetData ===>> H2,0.0763693929011122,H1,0.819496888632032,AX,0.134584087916514,L1,-0.0195927337646897,L2,0.03890...
GetData ===>> H2,0.0663480867093017,H1,0.863197818768957,AX,-0.0667391991104912,L1,-0.0549441189361766,L2,-0.04...
GetData ===>> H2,0.0382195236382798,H1,0.86310211235261,AX,0.0963751817552308,L1,-0.0544920336781703,L2,0.01412...
GetData ===>> H2,-0.035851429358444,H1,0.817747707230754,AX,0.153299863930086,L1,-0.0100463235591013,L2,-0.1204...
GetData ===>> H2,-0.0288710931517823,H1,0.853938644992147,AX,0.0600581601792229,L1,-0.00595463018276457,L2,-0.0...
GetData ===>> H2,0.0182366780593041,H1,0.804234509866864,AX,0.078829147753591,L1,-0.00224524603294702,L2,-0.000...
Peak center failed to move to a baseline position
_do_sweep sm= 5.86455, em= 5.89455, stm= 0.001
calculated step values: start=5.86455, end=5.89455, width=0.001, nsteps=31.0
setting magnet DAC
current  : 5.864550
requested: 5.864550
Delta Dac: 0.000000
Checking detector protection. dv=0.00000
Checking detector "CDD". Protection Threshold: 0.1 (V)
SetMagnetDAC 5.86455 ===>> OK
GetData ===>> H2,0.0182366780593041,H1,0.804234509866864,AX,0.078829147753591,L1,-0.00224524603294702,L2,-0.000...
setting magnet DAC
current  : 5.864550
requested: 5.865584
Delta Dac: 0.001034
Checking detector protection. dv=0.00103
Checking detector "CDD". Protection Threshold: 0.1 (V)
SetMagnetDAC 5.86558448276 ===>> OK
Magnet settling time: 1.049
GetData ===>> H2,-0.117339382121732,H1,1.73175825768139,AX,0.239619844490126,L1,0.0165360404377222,L2,-0.025798...
setting magnet DAC
current  : 5.865584
requested: 5.866619
Delta Dac: 0.001034
Checking detector protection. dv=0.00103
Checking detector "CDD". Protection Threshold: 0.1 (V)
SetMagnetDAC 5.86661896552 ===>> OK
Magnet settling time: 1.049
GetData ===>> H2,-0.150902184345351,H1,5.91695398860475,AX,0.837822641870539,L1,0.006237601856485,L2,-0.0617875...
setting magnet DAC
current  : 5.866619
requested: 5.867653
Delta Dac: 0.001034
Checking detector protection. dv=0.00103
Checking detector "CDD". Protection Threshold: 0.1 (V)
SetMagnetDAC 5.86765344828 ===>> OK
Magnet settling time: 1.049
GetData ===>> H2,-0.165312114513909,H1,21.3944718663101,AX,2.87426333677304,L1,0.0275608383074029,L2,0.06606616...
setting magnet DAC
current  : 5.867653
requested: 5.868688
Delta Dac: 0.001034
Checking detector protection. dv=0.00103
Checking detector "CDD". Protection Threshold: 0.1 (V)
SetMagnetDAC 5.86868793103 ===>> OK
Magnet settling time: 1.049
GetData ===>> H2,-0.242280534404824,H1,74.0517556737263,AX,9.37632517611897,L1,0.0283704067312347,L2,-0.0552554...
setting magnet DAC
current  : 5.868688
requested: 5.869722
Delta Dac: 0.001034
Checking detector protection. dv=0.00103
Checking detector "CDD". Protection Threshold: 0.1 (V)
SetMagnetDAC 5.86972241379 ===>> OK
Magnet settling time: 1.049
GetData ===>> H2,-0.125468304724264,H1,206.572407954698,AX,28.3221566175964,L1,0.117890315069612,L2,0.036763608...
setting magnet DAC
current  : 5.869722
requested: 5.870757
Delta Dac: 0.001034
Checking detector protection. dv=0.00103
Checking detector "CDD". Protection Threshold: 0.1 (V)
SetMagnetDAC 5.87075689655 ===>> OK
Magnet settling time: 1.049
GetData ===>> H2,-0.047510186686148,H1,428.583553821062,AX,65.3275428649682,L1,0.359985311910643,L2,0.009383171...
setting magnet DAC
current  : 5.870757
requested: 5.871791
Delta Dac: 0.001034
Checking detector protection. dv=0.00103
Checking detector "CDD". Protection Threshold: 0.1 (V)
SetMagnetDAC 5.87179137931 ===>> OK
Magnet settling time: 1.049
GetData ===>> H2,-0.073609074843971,H1,666.416468454453,AX,111.936097019298,L1,0.821760200897241,L2,0.150971188...
setting magnet DAC
current  : 5.871791
requested: 5.872826
Delta Dac: 0.001034
Checking detector protection. dv=0.00103
Checking detector "CDD". Protection Threshold: 0.1 (V)
SetMagnetDAC 5.87282586207 ===>> OK
Magnet settling time: 1.049
GetData ===>> H2,0.0182257860301543,H1,832.081559848175,AX,150.875581598477,L1,1.27086212091778,L2,0.4583149090...
setting magnet DAC
current  : 5.872826
requested: 5.873860
Delta Dac: 0.001034
Checking detector protection. dv=0.00103
Checking detector "CDD". Protection Threshold: 0.1 (V)
SetMagnetDAC 5.87386034483 ===>> OK
Magnet settling time: 1.049
GetData ===>> H2,-0.0524837798295637,H1,909.552125565021,AX,173.267868431279,L1,1.63231161169946,L2,0.524251855...
setting magnet DAC
current  : 5.873860
requested: 5.874895
Delta Dac: 0.001034
Checking detector protection. dv=0.00103
Checking detector "CDD". Protection Threshold: 0.1 (V)
SetMagnetDAC 5.87489482759 ===>> OK
Magnet settling time: 1.049
GetData ===>> H2,-0.196152848024196,H1,936.30109973405,AX,182.905138881508,L1,1.92259244014554,L2,0.72269648993...
setting magnet DAC
current  : 5.874895
requested: 5.875929
Delta Dac: 0.001034
Checking detector protection. dv=0.00103
Checking detector "CDD". Protection Threshold: 0.1 (V)
SetMagnetDAC 5.87592931034 ===>> OK
Magnet settling time: 1.049
GetData ===>> H2,-0.10647777863588,H1,943.741934171129,AX,185.547338748472,L1,2.11097814208377,L2,0.73394372038...
setting magnet DAC
current  : 5.875929
requested: 5.876964
Delta Dac: 0.001034
Checking detector protection. dv=0.00103
Checking detector "CDD". Protection Threshold: 0.1 (V)
SetMagnetDAC 5.8769637931 ===>> OK
Magnet settling time: 1.049
GetData ===>> H2,-0.198084155726882,H1,945.570471880601,AX,186.132371991786,L1,2.24660929745094,L2,0.6564285992...
setting magnet DAC
current  : 5.876964
requested: 5.877998
Delta Dac: 0.001034
Checking detector protection. dv=0.00103
Checking detector "CDD". Protection Threshold: 0.1 (V)
SetMagnetDAC 5.87799827586 ===>> OK
Magnet settling time: 1.049
GetData ===>> H2,-0.11979896150901,H1,945.257185176285,AX,186.124521380006,L1,2.30200882552877,L2,0.77736764662...
setting magnet DAC
current  : 5.877998
requested: 5.879033
Delta Dac: 0.001034
Checking detector protection. dv=0.00103
Checking detector "CDD". Protection Threshold: 0.1 (V)
SetMagnetDAC 5.87903275862 ===>> OK
Magnet settling time: 1.049
GetData ===>> H2,-0.194440591585415,H1,945.237797158719,AX,186.540112789551,L1,2.31820081798766,L2,0.7680821025...
setting magnet DAC
current  : 5.879033
requested: 5.880067
Delta Dac: 0.001034
Checking detector protection. dv=0.00103
Checking detector "CDD". Protection Threshold: 0.1 (V)
SetMagnetDAC 5.88006724138 ===>> OK
Magnet settling time: 1.049
GetData ===>> H2,-0.0754011614286705,H1,945.302517468746,AX,186.327694370849,L1,2.3886883599439,L2,0.7317261743...
setting magnet DAC
current  : 5.880067
requested: 5.881102
Delta Dac: 0.001034
Checking detector protection. dv=0.00103
Checking detector "CDD". Protection Threshold: 0.1 (V)
SetMagnetDAC 5.88110172414 ===>> OK
Magnet settling time: 1.049
GetData ===>> H2,-0.151493054561519,H1,944.718120786812,AX,186.212257888623,L1,2.37411372282249,L2,0.6666628584...
setting magnet DAC
current  : 5.881102
requested: 5.882136
Delta Dac: 0.001034
Checking detector protection. dv=0.00103
Checking detector "CDD". Protection Threshold: 0.1 (V)
SetMagnetDAC 5.8821362069 ===>> OK
Magnet settling time: 1.049
GetData ===>> H2,-0.214729358312292,H1,944.113554310611,AX,186.045987701729,L1,2.40041468618499,L2,0.6542356856...
setting magnet DAC
current  : 5.882136
requested: 5.883171
Delta Dac: 0.001034
Checking detector protection. dv=0.00103
Checking detector "CDD". Protection Threshold: 0.1 (V)
SetMagnetDAC 5.88317068966 ===>> OK
Magnet settling time: 1.049
GetData ===>> H2,-0.0871037805858867,H1,943.718890085901,AX,185.470446690151,L1,2.3459795669926,L2,0.7290057496...
setting magnet DAC
current  : 5.883171
requested: 5.884205
Delta Dac: 0.001034
Checking detector protection. dv=0.00103
Checking detector "CDD". Protection Threshold: 0.1 (V)
SetMagnetDAC 5.88420517241 ===>> OK
Magnet settling time: 1.049
GetData ===>> H2,0.0495077036568959,H1,938.630210465243,AX,183.558081144377,L1,2.32566174799583,L2,0.7762240582...
setting magnet DAC
current  : 5.884205
requested: 5.885240
Delta Dac: 0.001034
Checking detector protection. dv=0.00103
Checking detector "CDD". Protection Threshold: 0.1 (V)
SetMagnetDAC 5.88523965517 ===>> OK
Magnet settling time: 1.049
GetData ===>> H2,-0.0941780352684374,H1,924.031541930943,AX,178.026979907355,L1,2.28047969766478,L2,0.751594469...
setting magnet DAC
current  : 5.885240
requested: 5.886274
Delta Dac: 0.001034
Checking detector protection. dv=0.00103
Checking detector "CDD". Protection Threshold: 0.1 (V)
SetMagnetDAC 5.88627413793 ===>> OK
Magnet settling time: 1.049
GetData ===>> H2,-0.210271299158291,H1,837.539874253654,AX,150.008787542656,L1,1.99177346681645,L2,0.4897241196...
setting magnet DAC
current  : 5.886274
requested: 5.887309
Delta Dac: 0.001034
Checking detector protection. dv=0.00103
Checking detector "CDD". Protection Threshold: 0.1 (V)
SetMagnetDAC 5.88730862069 ===>> OK
Magnet settling time: 1.049
GetData ===>> H2,-0.278885139995466,H1,668.198593333482,AX,106.450985955353,L1,1.57656124562482,L2,0.2804247403...
setting magnet DAC
current  : 5.887309
requested: 5.888343
Delta Dac: 0.001034
Checking detector protection. dv=0.00103
Checking detector "CDD". Protection Threshold: 0.1 (V)
SetMagnetDAC 5.88834310345 ===>> OK
Magnet settling time: 1.049
GetData ===>> H2,-0.190672644389741,H1,431.889836292499,AX,59.514128419552,L1,1.07708764906277,L2,0.11500731522...
setting magnet DAC
current  : 5.888343
requested: 5.889378
Delta Dac: 0.001034
Checking detector protection. dv=0.00103
Checking detector "CDD". Protection Threshold: 0.1 (V)
SetMagnetDAC 5.88937758621 ===>> OK
Magnet settling time: 1.049
GetData ===>> H2,-0.245485927875931,H1,217.067643080262,AX,25.3164271455751,L1,0.701775096641867,L2,0.054239247...
setting magnet DAC
current  : 5.889378
requested: 5.890412
Delta Dac: 0.001034
Checking detector protection. dv=0.00103
Checking detector "CDD". Protection Threshold: 0.1 (V)
SetMagnetDAC 5.89041206897 ===>> OK
Magnet settling time: 1.049
GetData ===>> H2,-0.236996004444978,H1,84.1900570698127,AX,8.22618968679821,L1,0.455789331033098,L2,-0.09871801...
setting magnet DAC
current  : 5.890412
requested: 5.891447
Delta Dac: 0.001034
Checking detector protection. dv=0.00103
Checking detector "CDD". Protection Threshold: 0.1 (V)
SetMagnetDAC 5.89144655172 ===>> OK
Magnet settling time: 1.049
GetData ===>> H2,-0.231016624285202,H1,25.9778716848214,AX,1.94704225270083,L1,0.249125790765516,L2,-0.02752928...
setting magnet DAC
current  : 5.891447
requested: 5.892481
Delta Dac: 0.001034
Checking detector protection. dv=0.00103
Checking detector "CDD". Protection Threshold: 0.1 (V)
SetMagnetDAC 5.89248103448 ===>> OK
Magnet settling time: 1.049
GetData ===>> H2,-0.226990051864394,H1,6.69182186728443,AX,0.251808259192575,L1,0.126046972974648,L2,0.01421176...
setting magnet DAC
current  : 5.892481
requested: 5.893516
Delta Dac: 0.001034
Checking detector protection. dv=0.00103
Checking detector "CDD". Protection Threshold: 0.1 (V)
SetMagnetDAC 5.89351551724 ===>> OK
Magnet settling time: 1.049
GetData ===>> H2,-0.17920217907513,H1,1.39251897402655,AX,-0.110133068833483,L1,0.0933184315632221,L2,0.1051578...
setting magnet DAC
current  : 5.893516
requested: 5.894550
Delta Dac: 0.001034
Checking detector protection. dv=0.00103
Checking detector "CDD". Protection Threshold: 0.1 (V)
SetMagnetDAC 5.89455 ===>> OK
Magnet settling time: 1.049
GetData ===>> H2,-0.229357215499409,H1,-0.0227239575618874,AX,-0.11289089250302,L1,0.062591298003718,L2,-0.0863...
result of _do_sweep=True
result of _calculate_peak_center=([5.8720090560431206, 5.8795551827793515, 5.8871013095155824], [701.27585642312624, 945.56796056433393, 702.13472177441997], 5.8769720855504106, 945.56796056433393)
Failed to find a valid peak. No peak greater than 1.0. max = 0.049985525076
new center pos Detector(H1) (Ar40) @ 5.87955518278
GetHighVoltage ===>> 4500
GetDeflection H1 ===>> 0
dac uncorrected for HV and deflection 5.87955518278
update mftable H1 Ar40 5.87955518278 message=automated run peakcenter
get initial guess parabolic
get initial guess parabolic
get initial guess parabolic
get initial guess parabolic
get initial guess parabolic
get initial guess parabolic
dump mftable to /Users/jan/PychronDev/setupfiles/spectrometer/mftables/mftable.csv
add to repo msg=modified - automated run peakcenter
locally archiving mftable
setting magnet DAC
current  : 5.894550
requested: 5.879555
Delta Dac: 0.014995
Checking detector protection. dv=0.01499
Checking detector "CDD". Protection Threshold: 0.1 (V)
SetMagnetDAC 5.87955518278 ===>> OK
Magnet settling time: 0.500
sweep finished
setting integration time = 1.048576
SetIntegrationTime 1.048576 ===>> OK
Failed to find a valid peak. No peak greater than 1.0. max = 0.05001177806
flush and close file /Users/jan/PychronDev/data/isotopes/0c/0baf5c-7635-4098-9d1c-feda0e49e258.h5
finished measure script
executed snippet estimated_duration=226.132928, duration=272.777482986
jan_unknown120_60.py completed successfully
Measurement Finished
11:27:05 -- ******* Measurement Finished *******
Post Measurement Started jan_pump_ms.py
11:27:05 -- ******* Post Measurement Started jan_pump_ms.py *******
testing...
no interpolation path defined
executed snippet estimated_duration=0, duration=4.10079956055e-05
Pumping spectrometer
open () {'name': 'O'}
opening name=O desc=---
checking ownership. requestor=129.138.12.150
check software interlocks O
interlocks []
actuate state mode=None-script, software_lock=False
doing actuation None-script open_channel True
Open O ===>> OK
GetIndicatorState O ===>> OK
change switch state (True, True)
update switch state O True args=() kw={} ncanvase=2
11:27:05 -- OPEN   VALVE-O (Jan Ion Pump)
---------------------------------------- open O () result=[(True, True)], time=0.12 sec
action=open, ok=True, locked=[False]
executed snippet estimated_duration=0, duration=0.374716997147
jan_pump_ms.py completed successfully
setting _ms_pumptime
Post Measurement Finished
11:27:06 -- ******* Post Measurement Finished *******
$$$$$$$$$$$$$$$$$$$$ state at run end measurement
state changed from measurement to success
post measurement save measured=True aborted=False
Set filtering
setting fod for Ar40= {'filter_outliers': True, 'std_devs': 2, 'iterations': 1}
setting fod for H1= {'filter_outliers': True, 'std_devs': 2, 'iterations': 1}
setting fod for PM41= {'filter_outliers': False, 'std_devs': 2, 'iterations': 1}
setting fod for H2= {'filter_outliers': True, 'std_devs': 2, 'iterations': 1}
setting fod for Ar36= {'filter_outliers': True, 'std_devs': 2, 'iterations': 1}
setting fod for CDD= {'filter_outliers': True, 'std_devs': 10, 'iterations': 1}
setting fod for Ar37= {'filter_outliers': True, 'std_devs': 2, 'iterations': 1}
setting fod for L2= {'filter_outliers': True, 'std_devs': 2, 'iterations': 1}
setting fod for Ar38= {'filter_outliers': True, 'std_devs': 2, 'iterations': 1}
setting fod for L1= {'filter_outliers': True, 'std_devs': 2, 'iterations': 1}
setting fod for Ar39= {'filter_outliers': True, 'std_devs': 2, 'iterations': 1}
setting fod for AX= {'filter_outliers': True, 'std_devs': 2, 'iterations': 1}
persistence save...
persistence save - db
post measurement save
7772720208 connecting to database sqlite:////Users/jan/PychronDev/.appdata/local_lab.db
connected to db sqlite:////Users/jan/PychronDev/.appdata/local_lab.db
create new session 7772720208
close session 7772720208
No database instance. Not saving post measurement to isotopedb database
$$$$$$$$$$$$$$$ auto_save_detector_ic=False
massspec enabled True
create new session 4985911824
MassSpec Database Version: 16.0
close session 4985911824
saving post measurement to secondary database
saving to massspec database 129.138.12.160/massspecdata
setting labnumber to 65552
setting aliquot to 31
setting step to 
setting uuid to 0c0baf5c-7635-4098-9d1c-feda0e49e258
setting irradpos to 65552
setting extract_device to Fusions CO2
setting tray to 
setting position to 173
setting power_requested to 5.0
setting extract_value to 5.0
setting duration to 30.0
setting duration_at_request to 30.0
setting first_stage_delay to 30.0
setting cleanup to 30.0
setting comment to N:9 with inclusions
setting irradiation to NM-289
setting level to N
setting irradiation_level to N
setting sample to Bw-2014-4 W
setting material to Sanidine
setting project to Bustos Wells
setting mass_spectrometer to Jan
no attribute chron_dosages
no attribute production_ratios
no attribute interference_corrections
no attribute production_name
no attribute j
Reference Isotope=Ar40
Reference Detector=H1
%%%%%%%%%%%%%%%%%%%% Comment: N:9 with inclusions %%%%%%%%%%%%%%%%%%%
adding isotope PM41 H2
add baseline dbdet= PM41. original det= H2
get baseline data PM41 H2
Get data baseline <pychron.processing.isotope.Baseline object at 0x1a6cd4ed0> len t=60
baseline PM41. v=-0.210152067768, e=0.00742411224345
get signal data PM41 H2
Get data signal PM41 0.10+/-0.07 len t=120
adding isotope Ar40 H1
add baseline dbdet= Ar40. original det= H1
get baseline data Ar40 H1
Get data baseline <pychron.processing.isotope.Baseline object at 0x1a6cd4190> len t=60
baseline Ar40. v=-0.000911999489117, e=0.00489460153428
get signal data Ar40 H1
Get data signal Ar40 1041.57+/-0.06 len t=120
adding isotope Ar39 AX
add baseline dbdet= Ar39. original det= AX
get baseline data Ar39 AX
Get data baseline <pychron.processing.isotope.Baseline object at 0x1a6cd4310> len t=60
baseline Ar39. v=-0.0506709380804, e=0.00733103772823
get signal data Ar39 AX
Get data signal Ar39 205.000+/-0.031 len t=120
adding isotope Ar38 L1
add baseline dbdet= Ar38. original det= L1
get baseline data Ar38 L1
Get data baseline <pychron.processing.isotope.Baseline object at 0x1a3fa3c90> len t=60
baseline Ar38. v=-0.0272086457648, e=0.00314777272034
get signal data Ar38 L1
Get data signal Ar38 2.649+/-0.005 len t=120
adding isotope Ar37 L2
add baseline dbdet= Ar37. original det= L2
get baseline data Ar37 L2
Get data baseline <pychron.processing.isotope.Baseline object at 0x1a3fa3c10> len t=60
baseline Ar37. v=-0.0252687487673, e=0.00721176524523
get signal data Ar37 L2
Get data signal Ar37 0.870+/-0.009 len t=120
adding isotope Ar36 CDD
add baseline dbdet= Ar36. original det= CDD
get baseline data Ar36 CDD
Get data baseline <pychron.processing.isotope.Baseline object at 0x1a3fa39d0> len t=60
baseline Ar36. v=0.000267957745368, e=2.89198086524e-05
get signal data Ar36 CDD
Get data signal Ar36 0.0405+/-0.0005 len t=120
65552-31 added analysis time 0.488599061966s
analysis added to mass spec database
mass spec save time= 0.499
persistence save - dvc
================= post measurement started
create new session 4991427888
close session 4991427888
---------------- Experiment Queue saving disabled
DVC saving peakcenter
Failed to find a valid peak. No peak greater than 1.0. max = 0.05001177806
Smart pull ahead: 0 behind: 0
Up-to-date with origin
add to repo msg=modified - ad8224ebc6dbfeb9f5997218dfa5fe690569839d.json
add to repo msg=modified - 52-31.json
add to repo msg=modified - 52-31.dat.json
add to repo msg=modified - 52-31.blan.json
add to repo msg=modified - 52-31.inte.json
add to repo msg=modified - 52-31.icfa.json
add to repo msg=modified - 52-31.base.json
not at valid file /Users/jan/PychronDev/data/.dvc/repositories/Load1786/655/tags/52-31.tags.json
add to repo msg=modified - 52-31.peak.json
add to repo msg=modified - 52-31.extr.json
not at valid file /Users/jan/PychronDev/data/.dvc/repositories/Load1786/655/monitor/52-31.moni.json
commit message=<COLLECTION>
add to repo msg=modified - 52-31.inte.json
add to repo msg=modified - 52-31.base.json
commit message=<ISOEVO> default collection fits
add to repo msg=modified - 52-31.blan.json
commit message=<BLANKS> preceding bu-FC-J-7662
add to repo msg=modified - 52-31.icfa.json
commit message=<ICFactor> default
push repository <pychron.git_archive.repo_manager.GitRepoManager object at 0x1c1bb95f0>
pushing to remote=origin, url=https://github.com
no changes to meta repo
create new session 4991427888
add association Load1786
get identifier "65552"
setting analysis irradiation position=<pychron.dvc.dvc_orm.IrradiationPositionTbl object at 0x1c1ad1290>
close session 4991427888
================= post measurement finished
11:27:20 -- ******* Post Run Check *******
loading queue conditionals post_run_actions
loading system conditionals post_run_actions
loading conditionals from /Users/jan/PychronDev/setupfiles/spectrometer/default_conditionals.yaml
loading queue conditionals post_run_terminations
loading system conditionals post_run_terminations
loading conditionals from /Users/jan/PychronDev/setupfiles/spectrometer/default_conditionals.yaml
Checking default post run terminations n=1
GetDeflection CDD ===>> 50
testing CDD==2000
evaluate ot="CDD.deflection==2000" t="CDD==2000", ctx="{'CDD': 50.0}"
11:27:20 -- ******* Post Run Check Passed *******
11:27:20 -- Automated run 65552-31 success duration: 366.035 s
----------------- finish -----------------
----------------- stop -----------------
retroactive repository identifiers disabled
finish run. runs completed=167
update duration runid=65552-31, duration=366.035264969, md5=301e91d8
loading script "jan_unknown120_60.py"
loading script "jan_pump_ms.py"
loading script "jan_co2.py"
loading script "jan_pump_extraction_line.py"
testing...
no interpolation path defined
executed snippet estimated_duration=213.652928, duration=0.0002601146698
script duration name:unknown120_60 seconds:214.0
loading script "jan_unknown120_60.py"
loading script "jan_pump_ms.py"
loading script "jan_co2.py"
loading script "jan_pump_extraction_line.py"
testing...
no interpolation path defined
executed snippet estimated_duration=0, duration=2.98023223877e-05
loading script "jan_unknown120_60.py"
loading script "jan_pump_ms.py"
loading script "jan_co2.py"
loading script "jan_pump_extraction_line.py"
testing...
no interpolation path defined
calculate duration
testing...
no interpolation path defined
executed snippet estimated_duration=0, duration=5.91278076172e-05
calculate duration
testing...
no interpolation path defined
executed snippet estimated_duration=0, duration=9.89437103271e-05
executed snippet estimated_duration=0.0, duration=0.00253295898438
script duration name:co2 seconds:0.0
loading script "jan_unknown120_60.py"
loading script "jan_pump_ms.py"
loading script "jan_co2.py"
loading script "jan_pump_extraction_line.py"
testing...
no interpolation path defined
calculate duration
testing...
no interpolation path defined
executed snippet estimated_duration=4.0, duration=0.0001540184021
executed snippet estimated_duration=4.0, duration=0.00134992599487
Script duration 214.0
Run total estimated duration= 215.000
unknown120_60 in script context. using previous estimated duration
script duration name:unknown120_60 seconds:214.0
pump_ms in script context. using previous estimated duration
co2 in script context. using previous estimated duration
script duration name:co2 seconds:0.0
pump_extraction_line in script context. using previous estimated duration
Script duration 214.0
Run total estimated duration= 215.000
loading script "jan_unknown400_120.py"
loading script "jan_pump_ms.py"
loading script "jan_sniffair_x2.py"
loading script "jan_pump_extraction_line.py"
testing...
no interpolation path defined
executed snippet estimated_duration=556.052928, duration=0.000163793563843
script duration name:unknown400_120 seconds:556.0
loading script "jan_unknown400_120.py"
loading script "jan_pump_ms.py"
loading script "jan_sniffair_x2.py"
loading script "jan_pump_extraction_line.py"
testing...
no interpolation path defined
calculate duration
testing...
no interpolation path defined
executed snippet estimated_duration=0, duration=4.81605529785e-05
calculate duration
testing...
no interpolation path defined
executed snippet estimated_duration=0, duration=0.000118017196655
calculate duration
testing...
no interpolation path defined
executed snippet estimated_duration=32.0, duration=0.000117063522339
calculate duration
testing...
no interpolation path defined
executed snippet estimated_duration=34.0, duration=0.000159025192261
calculate duration
testing...
no interpolation path defined
executed snippet estimated_duration=4.0, duration=8.20159912109e-05
calculate duration
testing...
no interpolation path defined
executed snippet estimated_duration=36.0, duration=0.000247955322266
calculate duration
testing...
no interpolation path defined
executed snippet estimated_duration=34.0, duration=0.0001220703125
calculate duration
testing...
no interpolation path defined
executed snippet estimated_duration=4.0, duration=9.3936920166e-05
calculate duration
testing...
no interpolation path defined
executed snippet estimated_duration=36.0, duration=0.000112056732178
calculate duration
testing...
no interpolation path defined
executed snippet estimated_duration=70.0, duration=0.000128030776978
executed snippet estimated_duration=250.0, duration=0.0153329372406
script duration name:sniffair_x2 seconds:250.0
Script duration 806.0
Run total estimated duration= 807.000
script duration name:unknown120_60 seconds:214.0
script duration name:co2 seconds:0.0
Script duration 214.0
Run total estimated duration= 215.000
unknown400_120 in script context. using previous estimated duration
script duration name:unknown400_120 seconds:556.0
loading script "jan_unknown400_120.py"
loading script "jan_pump_ms.py"
loading script "jan_cocktail_x1.py"
loading script "jan_pump_extraction_line.py"
testing...
no interpolation path defined
calculate duration
testing...
no interpolation path defined
executed snippet estimated_duration=0, duration=6.41345977783e-05
calculate duration
testing...
no interpolation path defined
executed snippet estimated_duration=0, duration=0.000101089477539
calculate duration
testing...
no interpolation path defined
executed snippet estimated_duration=32.0, duration=9.29832458496e-05
calculate duration
testing...
no interpolation path defined
executed snippet estimated_duration=34.0, duration=0.000102996826172
calculate duration
testing...
no interpolation path defined
executed snippet estimated_duration=4.0, duration=6.29425048828e-05
calculate duration
testing...
no interpolation path defined
executed snippet estimated_duration=38.0, duration=0.000119924545288
executed snippet estimated_duration=108.0, duration=0.00858092308044
script duration name:cocktail_x1 seconds:108.0
Script duration 664.0
Run total estimated duration= 665.000
script duration name:unknown400_120 seconds:556.0
cocktail_x1 in script context. using previous estimated duration
script duration name:cocktail_x1 seconds:108.0
Script duration 664.0
Run total estimated duration= 665.000
script duration name:unknown400_120 seconds:556.0
sniffair_x2 in script context. using previous estimated duration
script duration name:sniffair_x2 seconds:250.0
Script duration 806.0
Run total estimated duration= 807.000
script duration name:unknown120_60 seconds:214.0
script duration name:co2 seconds:0.0
Script duration 214.0
Run total estimated duration= 215.000
script duration name:unknown120_60 seconds:214.0
script duration name:co2 seconds:0.0
Script duration 214.0
Run total estimated duration= 215.000
script duration name:unknown120_60 seconds:214.0
script duration name:co2 seconds:0.0
Script duration 214.0
Run total estimated duration= 215.000
script duration name:unknown120_60 seconds:214.0
script duration name:co2 seconds:0.0
Script duration 214.0
Run total estimated duration= 215.000
loading script "jan_ic_peak_hop3.py"
loading script "jan_pump_ms.py"
loading script "jan_air_x1.py"
loading script "jan_pump_extraction_line.py"
testing...
no interpolation path defined
executed snippet estimated_duration=133.8, duration=0.0105299949646
script duration name:ic_peak_hop3 seconds:134.0
loading script "jan_ic_peak_hop3.py"
loading script "jan_pump_ms.py"
loading script "jan_air_x1.py"
loading script "jan_pump_extraction_line.py"
testing...
no interpolation path defined
calculate duration
testing...
no interpolation path defined
executed snippet estimated_duration=0, duration=4.50611114502e-05
calculate duration
testing...
no interpolation path defined
executed snippet estimated_duration=0, duration=0.000101804733276
calculate duration
testing...
no interpolation path defined
executed snippet estimated_duration=32.0, duration=8.89301300049e-05
calculate duration
testing...
no interpolation path defined
executed snippet estimated_duration=34.0, duration=9.58442687988e-05
calculate duration
testing...
no interpolation path defined
executed snippet estimated_duration=4.0, duration=6.60419464111e-05
calculate duration
testing...
no interpolation path defined
executed snippet estimated_duration=36.0, duration=8.89301300049e-05
executed snippet estimated_duration=106.0, duration=0.00792598724365
script duration name:air_x1 seconds:106.0
Script duration 240.0
Run total estimated duration= 241.000
script duration name:unknown120_60 seconds:214.0
script duration name:co2 seconds:0.0
Script duration 214.0
Run total estimated duration= 215.000
script duration name:unknown120_60 seconds:214.0
script duration name:co2 seconds:0.0
Script duration 214.0
Run total estimated duration= 215.000
script duration name:unknown120_60 seconds:214.0
script duration name:co2 seconds:0.0
Script duration 214.0
Run total estimated duration= 215.000
script duration name:unknown120_60 seconds:214.0
script duration name:co2 seconds:0.0
Script duration 214.0
Run total estimated duration= 215.000
script duration name:unknown120_60 seconds:214.0
script duration name:co2 seconds:0.0
Script duration 214.0
Run total estimated duration= 215.000
script duration name:unknown120_60 seconds:214.0
script duration name:co2 seconds:0.0
Script duration 214.0
Run total estimated duration= 215.000
script duration name:unknown120_60 seconds:214.0
script duration name:co2 seconds:0.0
Script duration 214.0
Run total estimated duration= 215.000
script duration name:unknown120_60 seconds:214.0
script duration name:co2 seconds:0.0
Script duration 214.0
Run total estimated duration= 215.000
script duration name:unknown400_120 seconds:556.0
script duration name:co2 seconds:0.0
Script duration 556.0
Run total estimated duration= 557.000
script duration name:unknown400_120 seconds:556.0
script duration name:cocktail_x1 seconds:108.0
Script duration 664.0
Run total estimated duration= 665.000
script duration name:unknown400_120 seconds:556.0
script duration name:cocktail_x1 seconds:108.0
Script duration 664.0
Run total estimated duration= 665.000
script duration name:unknown120_60 seconds:214.0
script duration name:co2 seconds:0.0
Script duration 214.0
Run total estimated duration= 215.000
script duration name:unknown120_60 seconds:214.0
script duration name:co2 seconds:0.0
Script duration 214.0
Run total estimated duration= 215.000
script duration name:unknown120_60 seconds:214.0
script duration name:co2 seconds:0.0
Script duration 214.0
Run total estimated duration= 215.000
script duration name:unknown120_60 seconds:214.0
script duration name:co2 seconds:0.0
Script duration 214.0
Run total estimated duration= 215.000
script duration name:unknown120_60 seconds:214.0
script duration name:co2 seconds:0.0
Script duration 214.0
Run total estimated duration= 215.000
script duration name:unknown120_60 seconds:214.0
script duration name:co2 seconds:0.0
Script duration 214.0
Run total estimated duration= 215.000
script duration name:unknown120_60 seconds:214.0
script duration name:co2 seconds:0.0
Script duration 214.0
Run total estimated duration= 215.000
script duration name:unknown120_60 seconds:214.0
script duration name:co2 seconds:0.0
Script duration 214.0
Run total estimated duration= 215.000
script duration name:unknown120_60 seconds:214.0
script duration name:co2 seconds:0.0
Script duration 214.0
Run total estimated duration= 215.000
script duration name:unknown120_60 seconds:214.0
script duration name:co2 seconds:0.0
Script duration 214.0
Run total estimated duration= 215.000
script duration name:unknown120_60 seconds:214.0
script duration name:co2 seconds:0.0
Script duration 214.0
Run total estimated duration= 215.000
script duration name:unknown120_60 seconds:214.0
script duration name:co2 seconds:0.0
Script duration 214.0
Run total estimated duration= 215.000
script duration name:unknown400_120 seconds:556.0
script duration name:cocktail_x1 seconds:108.0
Script duration 664.0
Run total estimated duration= 665.000
script duration name:unknown400_120 seconds:556.0
script duration name:sniffair_x2 seconds:250.0
Script duration 806.0
Run total estimated duration= 807.000
script duration name:unknown400_120 seconds:556.0
script duration name:cocktail_x1 seconds:108.0
Script duration 664.0
Run total estimated duration= 665.000
script duration name:unknown400_120 seconds:556.0
script duration name:sniffair_x2 seconds:250.0
Script duration 806.0
Run total estimated duration= 807.000
ic_peak_hop3 in script context. using previous estimated duration
script duration name:ic_peak_hop3 seconds:134.0
air_x1 in script context. using previous estimated duration
script duration name:air_x1 seconds:106.0
Script duration 240.0
Run total estimated duration= 241.000
script duration name:unknown120_60 seconds:214.0
script duration name:co2 seconds:0.0
Script duration 214.0
Run total estimated duration= 215.000
script duration name:unknown120_60 seconds:214.0
script duration name:co2 seconds:0.0
Script duration 214.0
Run total estimated duration= 215.000
script duration name:unknown120_60 seconds:214.0
script duration name:co2 seconds:0.0
Script duration 214.0
Run total estimated duration= 215.000
script duration name:unknown120_60 seconds:214.0
script duration name:co2 seconds:0.0
Script duration 214.0
Run total estimated duration= 215.000
script duration name:unknown120_60 seconds:214.0
script duration name:co2 seconds:0.0
Script duration 214.0
Run total estimated duration= 215.000
script duration name:unknown120_60 seconds:214.0
script duration name:co2 seconds:0.0
Script duration 214.0
Run total estimated duration= 215.000
script duration name:unknown400_120 seconds:556.0
script duration name:co2 seconds:0.0
Script duration 556.0
Run total estimated duration= 557.000
script duration name:unknown120_60 seconds:214.0
script duration name:co2 seconds:0.0
Script duration 214.0
Run total estimated duration= 215.000
script duration name:unknown120_60 seconds:214.0
script duration name:co2 seconds:0.0
Script duration 214.0
Run total estimated duration= 215.000
script duration name:unknown120_60 seconds:214.0
script duration name:co2 seconds:0.0
Script duration 214.0
Run total estimated duration= 215.000
script duration name:unknown120_60 seconds:214.0
script duration name:co2 seconds:0.0
Script duration 214.0
Run total estimated duration= 215.000
script duration name:unknown120_60 seconds:214.0
script duration name:co2 seconds:0.0
Script duration 214.0
Run total estimated duration= 215.000
script duration name:unknown120_60 seconds:214.0
script duration name:co2 seconds:0.0
Script duration 214.0
Run total estimated duration= 215.000
script duration name:unknown400_120 seconds:556.0
script duration name:cocktail_x1 seconds:108.0
Script duration 664.0
Run total estimated duration= 665.000
script duration name:unknown400_120 seconds:556.0
script duration name:cocktail_x1 seconds:108.0
Script duration 664.0
Run total estimated duration= 665.000
script duration name:unknown120_60 seconds:214.0
script duration name:co2 seconds:0.0
Script duration 214.0
Run total estimated duration= 215.000
script duration name:unknown120_60 seconds:214.0
script duration name:co2 seconds:0.0
Script duration 214.0
Run total estimated duration= 215.000
script duration name:unknown120_60 seconds:214.0
script duration name:co2 seconds:0.0
Script duration 214.0
Run total estimated duration= 215.000
script duration name:unknown120_60 seconds:214.0
script duration name:co2 seconds:0.0
Script duration 214.0
Run total estimated duration= 215.000
script duration name:unknown120_60 seconds:214.0
script duration name:co2 seconds:0.0
Script duration 214.0
Run total estimated duration= 215.000
script duration name:unknown120_60 seconds:214.0
script duration name:co2 seconds:0.0
Script duration 214.0
Run total estimated duration= 215.000
script duration name:unknown120_60 seconds:214.0
script duration name:co2 seconds:0.0
Script duration 214.0
Run total estimated duration= 215.000
script duration name:unknown120_60 seconds:214.0
script duration name:co2 seconds:0.0
Script duration 214.0
Run total estimated duration= 215.000
script duration name:ic_peak_hop3 seconds:134.0
script duration name:air_x1 seconds:106.0
Script duration 240.0
Run total estimated duration= 241.000
script duration name:unknown120_60 seconds:214.0
script duration name:co2 seconds:0.0
Script duration 214.0
Run total estimated duration= 215.000
script duration name:unknown120_60 seconds:214.0
script duration name:co2 seconds:0.0
Script duration 214.0
Run total estimated duration= 215.000
script duration name:unknown120_60 seconds:214.0
script duration name:co2 seconds:0.0
Script duration 214.0
Run total estimated duration= 215.000
script duration name:unknown400_120 seconds:556.0
script duration name:sniffair_x2 seconds:250.0
Script duration 806.0
Run total estimated duration= 807.000
script duration name:unknown120_60 seconds:214.0
script duration name:co2 seconds:0.0
Script duration 214.0
Run total estimated duration= 215.000
script duration name:unknown400_120 seconds:556.0
script duration name:co2 seconds:0.0
Script duration 556.0
Run total estimated duration= 557.000
script duration name:unknown400_120 seconds:556.0
script duration name:cocktail_x1 seconds:108.0
Script duration 664.0
Run total estimated duration= 665.000
script duration name:unknown400_120 seconds:556.0
script duration name:cocktail_x1 seconds:108.0
Script duration 664.0
Run total estimated duration= 665.000
script duration name:unknown120_60 seconds:214.0
script duration name:co2 seconds:0.0
Script duration 214.0
Run total estimated duration= 215.000
script duration name:unknown400_120 seconds:556.0
script duration name:sniffair_x2 seconds:250.0
Script duration 806.0
Run total estimated duration= 807.000
script duration name:unknown120_60 seconds:214.0
script duration name:co2 seconds:0.0
Script duration 214.0
Run total estimated duration= 215.000
script duration name:unknown120_60 seconds:214.0
script duration name:co2 seconds:0.0
Script duration 214.0
Run total estimated duration= 215.000
script duration name:unknown120_60 seconds:214.0
script duration name:co2 seconds:0.0
Script duration 214.0
Run total estimated duration= 215.000
script duration name:unknown120_60 seconds:214.0
script duration name:co2 seconds:0.0
Script duration 214.0
Run total estimated duration= 215.000
script duration name:unknown120_60 seconds:214.0
script duration name:co2 seconds:0.0
Script duration 214.0
Run total estimated duration= 215.000
script duration name:unknown120_60 seconds:214.0
script duration name:co2 seconds:0.0
Script duration 214.0
Run total estimated duration= 215.000
script duration name:unknown120_60 seconds:214.0
script duration name:co2 seconds:0.0
Script duration 214.0
Run total estimated duration= 215.000
script duration name:unknown120_60 seconds:214.0
script duration name:co2 seconds:0.0
Script duration 214.0
Run total estimated duration= 215.000
script duration name:unknown120_60 seconds:214.0
script duration name:co2 seconds:0.0
Script duration 214.0
Run total estimated duration= 215.000
script duration name:unknown120_60 seconds:214.0
script duration name:co2 seconds:0.0
Script duration 214.0
Run total estimated duration= 215.000
script duration name:unknown120_60 seconds:214.0
script duration name:co2 seconds:0.0
Script duration 214.0
Run total estimated duration= 215.000
script duration name:unknown400_120 seconds:556.0
script duration name:cocktail_x1 seconds:108.0
Script duration 664.0
Run total estimated duration= 665.000
script duration name:unknown400_120 seconds:556.0
script duration name:cocktail_x1 seconds:108.0
Script duration 664.0
Run total estimated duration= 665.000
script duration name:unknown120_60 seconds:214.0
script duration name:co2 seconds:0.0
Script duration 214.0
Run total estimated duration= 215.000
script duration name:unknown120_60 seconds:214.0
script duration name:co2 seconds:0.0
Script duration 214.0
Run total estimated duration= 215.000
script duration name:unknown120_60 seconds:214.0
script duration name:co2 seconds:0.0
Script duration 214.0
Run total estimated duration= 215.000
script duration name:unknown120_60 seconds:214.0
script duration name:co2 seconds:0.0
Script duration 214.0
Run total estimated duration= 215.000
script duration name:ic_peak_hop3 seconds:134.0
script duration name:air_x1 seconds:106.0
Script duration 240.0
Run total estimated duration= 241.000
script duration name:unknown120_60 seconds:214.0
script duration name:co2 seconds:0.0
Script duration 214.0
Run total estimated duration= 215.000
nruns=93 before=5.0, run_dur=30077.0, btw=2760.0
write rem/ex queues
/Users/jan/PychronDev/experiments/rem/Load1786.rem.txt
/Users/jan/PychronDev/experiments/rem/Load1786.ex.txt
doing event level: 3
