do run
loading script "jan_unknown120_60.py"
loading script "jan_pump_ms.py"
loading script "jan_co2.py"
loading script "jan_pump_extraction_line.py"
testing...
no interpolation path defined
executed snippet estimated_duration=213.652928, duration=0.000314950942993
script duration name:unknown120_60 seconds:214.0
loading script "jan_unknown120_60.py"
loading script "jan_pump_ms.py"
loading script "jan_co2.py"
loading script "jan_pump_extraction_line.py"
testing...
no interpolation path defined
executed snippet estimated_duration=0, duration=2.90870666504e-05
loading script "jan_unknown120_60.py"
loading script "jan_pump_ms.py"
loading script "jan_co2.py"
loading script "jan_pump_extraction_line.py"
testing...
no interpolation path defined
calculate duration
testing...
no interpolation path defined
executed snippet estimated_duration=0, duration=6.29425048828e-05
calculate duration
testing...
no interpolation path defined
executed snippet estimated_duration=0, duration=0.00010085105896
executed snippet estimated_duration=0.0, duration=0.00295615196228
script duration name:co2 seconds:0.0
loading script "jan_unknown120_60.py"
loading script "jan_pump_ms.py"
loading script "jan_co2.py"
loading script "jan_pump_extraction_line.py"
testing...
no interpolation path defined
calculate duration
testing...
no interpolation path defined
executed snippet estimated_duration=4.0, duration=0.000160932540894
executed snippet estimated_duration=4.0, duration=0.00158286094666
Script duration 214.0
Run total estimated duration= 215.000
run duration: 0:03:35
doing event level: 2
11:14:01 -- Setting default integration. t=1.048576
setting integration time = 1.048576
SetIntegrationTime 1.048576 ===>> OK
----------------- start -----------------
**************** Experiment Type: Ar/Ar, Ar/Ar
$$$$$ Clearing conditionals
adding conditionals 
Add queue conditionals
add default conditionals
adding default conditionals from /Users/jan/PychronDev/setupfiles/spectrometer/default_conditionals.yaml
Start automated run 65552-30
loading script "jan_unknown120_60.py"
loading script "jan_pump_ms.py"
loading script "jan_co2.py"
loading script "jan_pump_extraction_line.py"
%%%%%%%%%%%%%%%%%% setting automated run 65552-30
No value "sensitivity_multiplier" in metadata
$$$$$$$$$$$$$$$ auto_save_detector_ic=False
============================= Pre Extraction Check =============================
loading queue conditionals pre_run_terminations
loading system conditionals pre_run_terminations
loading conditionals from /Users/jan/PychronDev/setupfiles/spectrometer/default_conditionals.yaml
11:14:01 -- ******* Pre Extraction Check *******
Get a measurement from the spectrometer
GetData ===>> H2,-0.192174436832307,H1,-0.0513896568201887,AX,0.0243302815216438,L1,-0.00614654043096301,L2,-0....
Pre Extraction Termination data. keys=H2,H1,AX,L1,L2,CDD, signals=-0.19217,-0.05139,0.02433,-0.00615,-0.00571,0.00268
11:14:01 -- testing system defined conditionals
Checking default pre extraction terminations n=2
testing CDD
evaluate ot="CDD.inactive" t="CDD", ctx="{'CDD': False}"
GetDeflection CDD ===>> 50
testing CDD==2000
evaluate ot="CDD.deflection==2000" t="CDD==2000", ctx="{'CDD': 50.0}"
11:14:01 -- ******* Pre Extraction Check Passed *******
=================================================================================
11:14:01 -- stopping status monitor
stop 4984189200
Alive clients [4991693744]
11:14:01 -- starting status monitor
start 4984189200
Monitor already running
start extraction
do extraction
Analysis started at 11:14:01.653434
Extraction Started jan_co2.py
11:14:01 -- ******* Extraction Started jan_co2.py *******
state changed from not run to extraction
DO EXTRACTION <pychron.extraction_line.pyscript_runner.RemotePyScriptRunner object at 0x12c301530>
testing...
no interpolation path defined
calculate duration
testing...
no interpolation path defined
executed snippet estimated_duration=0, duration=7.79628753662e-05
calculate duration
testing...
no interpolation path defined
executed snippet estimated_duration=0, duration=0.000152111053467
executed snippet estimated_duration=100.0, duration=0.00357699394226
Jan CO2 laser analysis
doing GOSUB
testing...
no interpolation path defined
executed snippet estimated_duration=0, duration=5.29289245605e-05
Waiting for CO2 access
wait ('FelixCO2Flag', 0) {}
waiting for FelixCO2Flag = 0
Read FelixCO2Flag ===>> 0
finished waiting
CO2 free
wait ('CO2PumpTimeFlag', 0) {}
waiting for CO2PumpTimeFlag = 0
Read CO2PumpTimeFlag ===>> 0
finished waiting
acquire ('JanCO2Flag',) {'clear': True}
acquire JanCO2Flag
Set JanCO2Flag 1 ===>> OK
JanCO2Flag acquired
set extraction state False (0.75, 'red', 1.5)
CO2 acquired
executed snippet estimated_duration=0, duration=0.017578125
WaitForCO2Access.py completed successfully
gosub finished
doing GOSUB
testing...
no interpolation path defined
executed snippet estimated_duration=0, duration=0.000164985656738
Prepare for CO2 analysis
close () {'description': 'Jan Inlet'}
closing name=--- desc=Jan Inlet
checking ownership. requestor=129.138.12.150
check software interlocks R
interlocks []
actuate state mode=None-script, software_lock=False
doing actuation None-script close_channel False
Close R ===>> OK
GetIndicatorState R ===>> False
change switch state (True, True)
update switch state R False args=() kw={} ncanvase=2
11:14:02 -- CLOSE  VALVE-R (Jan Inlet)
---------------------------------------- close None (Jan Inlet) result=[(True, True)]
action=close, ok=True, locked=[False]
open () {'description': 'Jan Ion Pump'}
opening name=--- desc=Jan Ion Pump
checking ownership. requestor=129.138.12.150
check software interlocks O
interlocks []
actuate state mode=None-script, software_lock=False
doing actuation None-script open_channel False
Open O ===>> OK
GetIndicatorState O ===>> OK
change switch state (True, True)
update switch state O True args=() kw={} ncanvase=2
11:14:02 -- OPEN   VALVE-O (Jan Ion Pump)
---------------------------------------- open None (Jan Ion Pump) result=[(True, True)], time=0.09 sec
action=open, ok=True, locked=[False]
close () {'description': 'Microbone to Minibone'}
closing name=--- desc=Microbone to Minibone
checking ownership. requestor=129.138.12.150
check software interlocks L
interlocks []
actuate state mode=None-script, software_lock=False
doing actuation None-script close_channel False
Close L ===>> OK
GetIndicatorState L ===>> False
change switch state (True, True)
update switch state L False args=() kw={} ncanvase=2
11:14:03 -- CLOSE  VALVE-L (Microbone to Minibone)
---------------------------------------- close None (Microbone to Minibone) result=[(True, True)]
action=close, ok=True, locked=[False]
open () {'description': 'Microbone to Turbo'}
opening name=--- desc=Microbone to Turbo
checking ownership. requestor=129.138.12.150
check software interlocks U
interlocks []
actuate state mode=None-script, software_lock=False
doing actuation None-script open_channel False
Open U ===>> OK
GetIndicatorState U ===>> OK
change switch state (True, True)
update switch state U True args=() kw={} ncanvase=2
11:14:03 -- OPEN   VALVE-U (Microbone to Turbo)
---------------------------------------- open None (Microbone to Turbo) result=[(True, True)], time=0.12 sec
action=open, ok=True, locked=[False]
open () {'description': 'Microbone to Inlet Pipette'}
opening name=--- desc=Microbone to Inlet Pipette
checking ownership. requestor=129.138.12.150
check software interlocks S
interlocks []
actuate state mode=None-script, software_lock=False
doing actuation None-script open_channel False
Open S ===>> OK
GetIndicatorState S ===>> OK
change switch state (True, True)
update switch state S True args=() kw={} ncanvase=2
11:14:04 -- OPEN   VALVE-S (Microbone to Inlet Pipette)
---------------------------------------- open None (Microbone to Inlet Pipette) result=[(True, True)], time=0.42 sec
action=open, ok=True, locked=[False]
open () {'description': 'Microbone to Getter D-50'}
opening name=--- desc=Microbone to Getter D-50
checking ownership. requestor=129.138.12.150
check software interlocks K
interlocks []
actuate state mode=None-script, software_lock=False
doing actuation None-script open_channel False
Open K ===>> OK
GetIndicatorState K ===>> OK
change switch state (True, True)
update switch state K True args=() kw={} ncanvase=2
11:14:04 -- OPEN   VALVE-K (Microbone to Getter D-50)
---------------------------------------- open None (Microbone to Getter D-50) result=[(True, True)], time=0.41 sec
action=open, ok=True, locked=[False]
open () {'description': 'Microbone to Getter NP-10'}
opening name=--- desc=Microbone to Getter NP-10
checking ownership. requestor=129.138.12.150
check software interlocks M
interlocks []
actuate state mode=None-script, software_lock=False
doing actuation None-script open_channel False
Open M ===>> OK
GetIndicatorState M ===>> OK
change switch state (True, True)
update switch state M True args=() kw={} ncanvase=2
11:14:05 -- OPEN   VALVE-M (Microbone to Getter NP-10)
---------------------------------------- open None (Microbone to Getter NP-10) result=[(True, True)], time=0.14 sec
action=open, ok=True, locked=[False]
close () {'description': 'CO2 Laser to Felix'}
closing name=--- desc=CO2 Laser to Felix
checking ownership. requestor=129.138.12.150
check software interlocks F
interlocks []
actuate state mode=None-script, software_lock=True
VALVE-F(CO2 Laser to Felix) software locked
change switch state (True, False)
---------------------------------------- close None (CO2 Laser to Felix) result=[(True, False)]
action=close, ok=True, locked=[True]
open () {'description': 'CO2 Laser to Jan'}
opening name=--- desc=CO2 Laser to Jan
checking ownership. requestor=129.138.12.150
check software interlocks A
interlocks []
actuate state mode=None-script, software_lock=False
doing actuation None-script open_channel False
Open A ===>> OK
GetIndicatorState A ===>> OK
change switch state (True, True)
update switch state A True args=() kw={} ncanvase=2
11:14:05 -- OPEN   VALVE-A (CO2 Laser to Jan)
---------------------------------------- open None (CO2 Laser to Jan) result=[(True, True)], time=0.12 sec
action=open, ok=True, locked=[False]
open () {'description': 'Microbone to CO2 Laser'}
opening name=--- desc=Microbone to CO2 Laser
checking ownership. requestor=129.138.12.150
check software interlocks T
interlocks []
actuate state mode=None-script, software_lock=False
doing actuation None-script open_channel False
Open T ===>> OK
GetIndicatorState T ===>> OK
change switch state (True, True)
update switch state T True args=() kw={} ncanvase=2
11:14:06 -- OPEN   VALVE-T (Microbone to CO2 Laser)
---------------------------------------- open None (Microbone to CO2 Laser) result=[(True, True)], time=0.41 sec
action=open, ok=True, locked=[False]
executed snippet estimated_duration=0, duration=4.85064888
PrepareForCO2Analysis.py completed successfully
gosub finished
set_motor ('beam', '1.25') {}
setting motor "beam" to 1.25
set motor beam to 1.25
SetMotor beam,1.25 ===>> OK
GetMotorMoving beam ===>> False
GetMotorMoving beam ===>> False
Block completed
move_to_position ('172',) {'autocenter': True}
FusionsCO2 move to position 172
sending GoToHole 172,True
GoToHole 172,True ===>> OK
GetDriveMoving ===>> OK
GetDriveMoving ===>> OK
GetDriveMoving ===>> OK
GetDriveMoving ===>> OK
GetDriveMoving ===>> OK
GetDriveMoving ===>> OK
GetDriveMoving ===>> OK
GetDriveMoving ===>> False
GetDriveMoving ===>> OK
GetDriveMoving ===>> OK
GetDriveMoving ===>> OK
GetDriveMoving ===>> OK
GetDriveMoving ===>> OK
GetDriveMoving ===>> OK
GetDriveMoving ===>> OK
GetDriveMoving ===>> OK
GetDriveMoving ===>> False
Block completed
GetAutoCorrecting ===>> False
GetAutoCorrecting ===>> False
Block completed
update position
GetPosition ===>> -7.97560,-7.97560,1.00000
got position (-7.9756, -7.9756, 1.0)
move to position succeeded
sleep (5,) {}
SLEEP 5.0
block started
WaitControl setup for 5.0  
Join finished
block finished. duration 5.04832482338
close () {'description': 'Microbone to Turbo'}
closing name=--- desc=Microbone to Turbo
checking ownership. requestor=129.138.12.150
check software interlocks U
interlocks []
actuate state mode=None-script, software_lock=False
doing actuation None-script close_channel True
Close U ===>> OK
GetIndicatorState U ===>> False
change switch state (True, True)
update switch state U False args=() kw={} ncanvase=2
11:14:18 -- CLOSE  VALVE-U (Microbone to Turbo)
---------------------------------------- close None (Microbone to Turbo) result=[(True, True)]
State checksums do not match. Local:-1719068815 Remote:-1179416359
State checksum failed
action=close, ok=True, locked=[False]
enable laser
enable () {}
set extraction state FusionsCO2 Enabled (False, 'red', 1.5)
enabling laser
Enable ===>> OK
begin interval
BEGIN INTERVAL Interval 1 waiting for 30.0
set extract to 5.0
block started
WaitControl setup for 30.0  
extract (5.0,) {}
GetPosition ===>> -7.97560,-7.97560,1.00000
set extraction state FusionsCO2 ON! 5.0(watts) (0.75, 'red', 1.5)
extract sample to 5.0 (watts)
set laser output
SetLaserOutput 5.0,watts ===>> OK
executing pattern triangle.lp
execute_pattern ('triangle.lp',) {}
executing pattern triangle.lp
IsPatterning ===>> OK
IsPatterning ===>> OK
IsPatterning ===>> OK
IsPatterning ===>> OK
IsPatterning ===>> OK
IsPatterning ===>> OK
IsPatterning ===>> OK
IsPatterning ===>> OK
IsPatterning ===>> OK
IsPatterning ===>> OK
IsPatterning ===>> OK
IsPatterning ===>> OK
IsPatterning ===>> OK
IsPatterning ===>> OK
IsPatterning ===>> OK
IsPatterning ===>> OK
IsPatterning ===>> OK
IsPatterning ===>> OK
IsPatterning ===>> OK
IsPatterning ===>> OK
IsPatterning ===>> OK
IsPatterning ===>> OK
IsPatterning ===>> OK
IsPatterning ===>> OK
IsPatterning ===>> OK
IsPatterning ===>> OK
IsPatterning ===>> False
IsPatterning ===>> False
Block completed
COMPLETE INTERVAL waiting for Interval 1 to complete
Join finished
block finished. duration 30.0633320808
Interval 1 finished
end_extract () {}
ending extraction. set laser power to 0
set laser power 0
SetLaserPower 0 ===>> OK
disable () {}
%%%%%%%%%%%%%%%%%%%%%%%%%%%%%%%%%%% disable
set extraction state False (0.75, 'red', 1.5)
disabling laser
Disable ===>> OK
sleep (30.0,) {}
SLEEP 30.0
block started
WaitControl setup for 30.0  
Join finished
block finished. duration 30.0719890594
executed snippet estimated_duration=166.5, duration=78.1773450375
jan_co2.py completed successfully
GetAchievedOutput ===>> No Response
Requested Output= 0.000
Achieved Output=  0.000
GetResponseBlob ===>> No Response
GetOutputBlob ===>> No Response
persistence save...
persistence save - db
AutomatedRunPersister post_extraction_save deprecated
persistence save - dvc
no extraction position for 172
create new session 4991427888
close session 4991427888
Extraction Finished
11:15:19 -- ******* Extraction Finished *******
no overlap. not waiting for min ms pumptime
11:15:19 -- Sending spectrometer configuration
======== Sending configuration ========
SetDeflection CDD,50.0 ===>> OK
SetDeflection H2,0.0 ===>> OK
SetDeflection H1,0.0 ===>> OK
SetDeflection L2,825.0 ===>> OK
SetDeflection L1,400.0 ===>> OK
SetDeflection AX,190.0 ===>> OK
SetZFocus 74.64 ===>> OK
SetZSymmetry -50.72 ===>> OK
SetExtractionLens 26.13 ===>> OK
SetIonRepeller -3.81 ===>> OK
SetElectronEnergy 75.08 ===>> OK
SetYSymmetry -2.81 ===>> OK
SetIonCounterVoltage 1590.0 ===>> OK
send trap current 200.0
GetParameter Trap Current Readback ===>> 198.370811206739
SetParameter Trap Current Set,200.0 ===>> OK
updating mftable name mftable
Using mftable located at /Users/jan/PychronDev/setupfiles/spectrometer/mftables/mftable.csv
============ MFtable ===========
Isotope  H2     H1     AX     L1     L2     CDD    
Ar40     5.7968 5.8796 5.9930 6.1367 6.2312 6.3649
Ar39     5.6960 5.7718 5.8854 6.0228 6.1164 6.2514
Ar36     5.3735 5.4408 5.5488 5.6816 5.7713 5.9025
================================
get initial guess parabolic
get initial guess parabolic
get initial guess parabolic
get initial guess parabolic
get initial guess parabolic
get initial guess parabolic
======== Configuration Finished ========
GetYSymmetry ===>> -2.81
GetZSymmetry ===>> -50.72
GetParameter Trap Current Readback ===>> 198.035158395898
GetHighVoltage ===>> 4500
start measurement
do measurement
L#=65552 analysis type=unknown
Measurement Started jan_unknown120_60.py
11:15:20 -- ******* Measurement Started jan_unknown120_60.py *******
state changed from extraction to measurement
setting spec, defl, and gains
GetExtractionLens ===>> 26.13
GetYSymmetry ===>> -2.81
GetZSymmetry ===>> -50.72
GetZFocus ===>> 74.64
GetDeflection H2 ===>> 0
GetDeflection H1 ===>> 0
GetDeflection AX ===>> 190
GetDeflection L1 ===>> 400
GetDeflection L2 ===>> 825
GetDeflection CDD ===>> 50
GetGain H2 ===>> 0.0113
GetGain H1 ===>> 0.1
GetGain AX ===>> 0.097049
GetGain L1 ===>> 0.010355
GetGain L2 ===>> 0.095649
GetGain CDD ===>> 0
pre measurement save
New frame /Users/jan/PychronDev/data/isotopes/32/1db473-db0d-4168-a077-668ef0c6f515.h5
flush and close file /Users/jan/PychronDev/data/isotopes/32/1db473-db0d-4168-a077-668ef0c6f515.h5
testing...
no interpolation path defined
executed snippet estimated_duration=226.132928, duration=0.000149965286255
unknown measurement script
activate_detectors ('H2', 'H1', 'AX', 'L1', 'L2', 'CDD') {}
activate detectors
*************** Set Analysis View Ar/Ar
create graphs
clearing graphs
clear isotope group
setting isotope det=H2, iso=PM41
setting isotope det=H1, iso=Ar40
setting isotope det=AX, iso=Ar39
setting isotope det=L1, iso=Ar38
setting isotope det=L2, iso=Ar37
setting isotope det=CDD, iso=Ar36
setting previous blanks
 - setting Ar40 blank 2.591+/-0.008
 - setting Ar36 blank 0.01318+/-0.00024
 - setting Ar37 blank 0.049+/-0.005
 - setting Ar38 blank 0.0053+/-0.0023
 - setting PM41 blank 0.06+/-0.07
 - setting Ar39 blank 0.011+/-0.010
load analysis view
position_magnet ('Ar40',) {'detector': 'H1'}
detector Detector(H1)
POSITION Ar40 H1
setting detector H2 to PM41 (40.9624)
setting detector H1 to Ar40 (39.9624)
setting detector AX to Ar39 (38.9624)
setting detector L1 to Ar38 (37.9624)
setting detector L2 to Ar37 (36.9624)
setting detector CDD to Ar36 (35.9624)
Mapping mass to dac mass func: "parabolic"
H1 map mass coeffs = [-0.00063987  0.15840543  0.57115999]
H1 map mass to dac 39.9624 >> 5.87955
GetDeflection H1 ===>> 0
GetHighVoltage ===>> 4500
positioning Ar40 (5.87955) on H1
setting magnet DAC
current  : 5.879550
requested: 5.879550
Delta Dac: 0.000000
Checking detector protection. dv=0.00000
Checking detector "CDD". Protection Threshold: 0.1 (V)
SetMagnetDAC 5.87955 ===>> OK
Magnet settling time: 0.500
equilibrate () {'delay': 3, 'inlet': 'R', 'outlet': 'O', 'eqtime': 12.0}
Equilibration Started
11:15:21 -- ******* Equilibration Started *******
checking ownership. requestor=129.138.12.150
check software interlocks O
interlocks []
actuate state mode=None-script, software_lock=False
doing actuation None-script close_channel True
Close O ===>> OK
GetIndicatorState O ===>> False
change switch state (True, True)
update switch state O False args=() kw={} ncanvase=2
11:15:21 -- CLOSE  VALVE-O (Jan Ion Pump)
waiting 3s before opening inlet value ('R',)
update labels <pychron.experiment.plot_panel.PlotPanel object at 0x1cbad72f0>
update labels "<pychron.graph.stacked_regression_graph.StackedRegressionGraph object at 0x1ce090bf0>"
setting label 0 H2 PM41
setting label 1 H1 Ar40
setting label 2 AX Ar39
setting label 3 L1 Ar38
setting label 4 L2 Ar37
setting label 5 CDD Ar36
update labels "<pychron.graph.stacked_graph.StackedGraph object at 0x1b4e5add0>"
setting label 0 H2 PM41
setting label 1 H1 Ar40
setting label 2 AX Ar39
setting label 3 L1 Ar38
setting label 4 L2 Ar37
setting label 5 CDD Ar36
checking ownership. requestor=129.138.12.150
check software interlocks R
interlocks []
actuate state mode=None-script, software_lock=False
doing actuation None-script open_channel True
Open R ===>> OK
set states for children of R. state=True
handle state [('R', True)]
update switch state R True args=() kw={'refresh': False} ncanvase=2
refresh_canvas_needed fired
GetIndicatorState R ===>> OK
change switch state (True, True)
update switch state R True args=() kw={} ncanvase=2
11:15:25 -- OPEN   VALVE-R (Jan Inlet)
set_time_zero () {}
equilibrating for 12.0sec
sniff (12.0,) {}
py_sniff
build tables- sniff [Detector(H2), Detector(H1), Detector(AX), Detector(L1), Detector(L2), Detector(CDD)]
add group /sniff/PM41 (Group) '' table H2
add group /sniff/Ar40 (Group) '' table H1
add group /sniff/Ar39 (Group) '' table AX
add group /sniff/Ar38 (Group) '' table L1
add group /sniff/Ar37 (Group) '' table L2
add group /sniff/Ar36 (Group) '' table CDD
flush and close file /Users/jan/PychronDev/data/isotopes/32/1db473-db0d-4168-a077-668ef0c6f515.h5
measuring sniff. ncounts=12.0
"sniff" increment series count="1" fit count="0" regressing="False"
starting measurement
GetData ===>> H2,-0.0511879656461985,H1,56.2360900669802,AX,12.3536626419866,L1,0.0303249295019511,L2,0.2372643...
GetData ===>> H2,1.0417692527972,H1,530.949471640694,AX,111.565143866774,L1,0.708467356796461,L2,0.977144014914...
GetData ===>> H2,0.412209479349598,H1,794.031092334051,AX,161.160960237601,L1,1.37102447519985,L2,1.04557190845...
GetData ===>> H2,0.175571799803091,H1,878.722941381008,AX,175.044501338015,L1,1.76667422762935,L2,1.07750798447...
GetData ===>> H2,0.048695585190044,H1,909.910159982398,AX,179.733199218134,L1,1.99806832378389,L2,1.06214021735...
GetData ===>> H2,-0.048434112666386,H1,922.153184617563,AX,181.901264545937,L1,2.12297286441918,L2,1.0956407522...
GetData ===>> H2,-0.0580947765212718,H1,927.654858772605,AX,182.801154150154,L1,2.1795464976506,L2,1.0267040123...
GetData ===>> H2,-0.0845957357246483,H1,929.801283767281,AX,183.283880766945,L1,2.25741040353625,L2,1.054314028...
GetData ===>> H2,-0.156620817537704,H1,930.780215832698,AX,183.25829176063,L1,2.28405662108009,L2,1.01527280764...
GetData ===>> H2,0.00304559120548957,H1,931.328035470152,AX,183.146403095834,L1,2.3137044915577,L2,0.9841347185...
GetData ===>> H2,-0.105109517958316,H1,931.346109210626,AX,183.281245119438,L1,2.30911794371822,L2,1.1155999176...
Equilibration Finished
GetData ===>> H2,-0.00838562141547753,H1,931.346109210626,AX,183.214938017608,L1,2.32722387199649,L2,1.05802651...
11:15:37 -- ******* Equilibration Finished *******
checking ownership. requestor=129.138.12.150
check software interlocks R
interlocks []
actuate state mode=None-script, software_lock=False
doing actuation None-script close_channel True
Close R ===>> OK
GetIndicatorState R ===>> False
change switch state (True, True)
update switch state R False args=() kw={} ncanvase=2
11:15:38 -- CLOSE  VALVE-R (Jan Inlet)
Post Equilibration Started jan_pump_extraction_line.py
11:15:38 -- ******* Post Equilibration Started jan_pump_extraction_line.py *******
testing...
no interpolation path defined
calculate duration
testing...
no interpolation path defined
executed snippet estimated_duration=4.0, duration=0.000153064727783
executed snippet estimated_duration=4.0, duration=0.00134491920471
Pump after analysis
doing GOSUB
testing...
no interpolation path defined
executed snippet estimated_duration=4.0, duration=0.00016713142395
Pump Microbone
close () {'description': 'Jan Inlet'}
closing name=--- desc=Jan Inlet
checking ownership. requestor=129.138.12.150
check software interlocks R
interlocks []
actuate state mode=None-script, software_lock=False
doing actuation None-script close_channel False
Close R ===>> OK
measurement finished
estimated time: 12.583 actual time: :12.666
flush and close file /Users/jan/PychronDev/data/isotopes/32/1db473-db0d-4168-a077-668ef0c6f515.h5
set_fits () {}
using default fits file=/Users/jan/PychronDev/scripts/measurement/fits/nominal_linear.yaml
set "Ar40" to "('Linear', 'SEM')"
No fit for "PM41". defaulting to linear. check the measurement script "jan_unknown120_60.py"
set "PM41" to "linear"
set "Ar36" to "('Linear', 'SEM')"
set "Ar37" to "('linear', 'SEM')"
set "Ar38" to "('linear', 'SEM')"
set "Ar39" to "('Linear', 'SEM')"
set_baseline_fits () {}
using default fits file=/Users/jan/PychronDev/scripts/measurement/fits/nominal_linear.yaml
set "H1" to "('average', 'SEM')"
set "H2" to "('average', 'SEM')"
set "CDD" to "('average', 'SEM')"
set "L2" to "('average', 'SEM')"
set "L1" to "('average', 'SEM')"
set "AX" to "('average', 'SEM')"
multicollect () {'integration_time': 1, 'ncounts': 120}
build tables- signal [Detector(H2), Detector(H1), Detector(AX), Detector(L1), Detector(L2), Detector(CDD)]
add group /signal/PM41 (Group) '' table H2
add group /signal/Ar40 (Group) '' table H1
add group /signal/Ar39 (Group) '' table AX
add group /signal/Ar38 (Group) '' table L1
add group /signal/Ar37 (Group) '' table L2
add group /signal/Ar36 (Group) '' table CDD
GetIndicatorState R ===>> False
flush and close file /Users/jan/PychronDev/data/isotopes/32/1db473-db0d-4168-a077-668ef0c6f515.h5
change switch state (True, True)
update switch state R False args=() kw={} ncanvase=2
measuring signal. ncounts=120
11:15:38 -- CLOSE  VALVE-R (Jan Inlet)
---------------------------------------- close None (Jan Inlet) result=[(True, True)]
action=close, ok=True, locked=[False]
is_closed ('F',) {}
is F () closed?
is closed True
open () {'description': 'CO2 Laser to Jan'}
opening name=--- desc=CO2 Laser to Jan
checking ownership. requestor=129.138.12.150
check software interlocks A
interlocks []
actuate state mode=None-script, software_lock=False
doing actuation None-script open_channel False
Open A ===>> OK
GetIndicatorState A ===>> OK
change switch state (True, True)
update switch state A True args=() kw={} ncanvase=2
11:15:39 -- OPEN   VALVE-A (CO2 Laser to Jan)
---------------------------------------- open None (CO2 Laser to Jan) result=[(True, True)], time=0.12 sec
starting measurement
GetData ===>> H2,0.0439071665167002,H1,931.174538649168,AX,183.249079665618,L1,2.32590133988669,L2,0.9875271120...
action=open, ok=True, locked=[False]
sleep (1,) {}
SLEEP 1.0
"signal" increment series count="2" fit count="1" regressing="True"
GetData ===>> H2,0.153929358077883,H1,931.345569687624,AX,183.33152094812,L1,2.36398552531164,L2,1.116884049410...
close () {'description': 'CO2 Laser to Roughing'}
closing name=--- desc=CO2 Laser to Roughing
checking ownership. requestor=129.138.12.150
check software interlocks G
interlocks []
actuate state mode=None-script, software_lock=True
VALVE-G(CO2 Laser to Roughing) software locked
change switch state (True, False)
---------------------------------------- close None (CO2 Laser to Roughing) result=[(True, False)]
action=close, ok=True, locked=[True]
open () {'description': 'Microbone to Turbo'}
opening name=--- desc=Microbone to Turbo
checking ownership. requestor=129.138.12.150
check software interlocks U
interlocks []
actuate state mode=None-script, software_lock=False
doing actuation None-script open_channel True
Open U ===>> OK
GetIndicatorState U ===>> OK
change switch state (True, True)
update switch state U True args=() kw={} ncanvase=2
11:15:40 -- OPEN   VALVE-U (Microbone to Turbo)
---------------------------------------- open None (Microbone to Turbo) result=[(True, True)], time=0.16 sec
action=open, ok=True, locked=[False]
open () {'description': 'Microbone to Getter NP-10'}
opening name=--- desc=Microbone to Getter NP-10
checking ownership. requestor=129.138.12.150
check software interlocks M
interlocks []
actuate state mode=None-script, software_lock=False
doing actuation None-script open_channel False
Open M ===>> OK
GetIndicatorState M ===>> OK
change switch state (True, True)
update switch state M True args=() kw={} ncanvase=2
11:15:40 -- OPEN   VALVE-M (Microbone to Getter NP-10)
---------------------------------------- open None (Microbone to Getter NP-10) result=[(True, True)], time=0.15 sec
action=open, ok=True, locked=[False]
open () {'description': 'Microbone to Getter D-50'}
opening name=--- desc=Microbone to Getter D-50
checking ownership. requestor=129.138.12.150
check software interlocks K
interlocks []
actuate state mode=None-script, software_lock=False
doing actuation None-script open_channel False
GetData ===>> H2,0.0036969032768363,H1,931.07737845729,AX,183.233742185906,L1,2.39628532676693,L2,1.02303854818...
Open K ===>> OK
GetIndicatorState K ===>> OK
change switch state (True, True)
update switch state K True args=() kw={} ncanvase=2
11:15:41 -- OPEN   VALVE-K (Microbone to Getter D-50)
---------------------------------------- open None (Microbone to Getter D-50) result=[(True, True)], time=0.41 sec
action=open, ok=True, locked=[False]
open () {'description': 'Microbone to CO2 Laser'}
opening name=--- desc=Microbone to CO2 Laser
checking ownership. requestor=129.138.12.150
check software interlocks T
interlocks []
actuate state mode=None-script, software_lock=False
doing actuation None-script open_channel False
Open T ===>> OK
GetIndicatorState T ===>> OK
change switch state (True, True)
update switch state T True args=() kw={} ncanvase=2
11:15:42 -- OPEN   VALVE-T (Microbone to CO2 Laser)
---------------------------------------- open None (Microbone to CO2 Laser) result=[(True, True)], time=0.41 sec
GetData ===>> H2,-0.0367094168398001,H1,930.497573798863,AX,183.316229326468,L1,2.38174181726482,L2,0.890089322...
action=open, ok=True, locked=[False]
open () {'description': 'Microbone to Inlet Pipette'}
opening name=--- desc=Microbone to Inlet Pipette
checking ownership. requestor=129.138.12.150
check software interlocks S
interlocks []
actuate state mode=None-script, software_lock=False
doing actuation None-script open_channel False
Open S ===>> OK
GetIndicatorState S ===>> OK
change switch state (True, True)
update switch state S True args=() kw={} ncanvase=2
11:15:42 -- OPEN   VALVE-S (Microbone to Inlet Pipette)
---------------------------------------- open None (Microbone to Inlet Pipette) result=[(True, True)], time=0.41 sec
action=open, ok=True, locked=[False]
sleep (1,) {}
SLEEP 1.0
GetData ===>> H2,-0.146366865066284,H1,930.496428259616,AX,183.267008753046,L1,2.34637749815792,L2,0.9977162991...
set_resource () {'name': 'CO2PumpTimeFlag', 'value': 30}
Set CO2PumpTimeFlag 30 ===>> OK
release ('JanCO2Flag',) {}
release JanCO2Flag
Set JanCO2Flag 0 ===>> OK
executed snippet estimated_duration=6.0, duration=5.88857197762
PumpMicrobone.py completed successfully
gosub finished
get_resource_value () {'name': 'JanMiniboneFlag'}
Read JanMiniboneFlag ===>> 0
Get Resource Value JanMiniboneFlag=0.0
get resource value 0.0
get_resource_value () {'name': 'JanMiniboneFlag'}
Read JanMiniboneFlag ===>> 0
Get Resource Value JanMiniboneFlag=0.0
executed snippet estimated_duration=4.0, duration=5.90191698074
jan_pump_extraction_line.py completed successfully
Post Equilibration Finished
11:15:44 -- ******* Post Equilibration Finished *******
GetData ===>> H2,-0.165582091558043,H1,930.493800266583,AX,183.126887349381,L1,2.33721847380528,L2,1.0325461345...
GetData ===>> H2,-0.144389011173213,H1,929.970649021498,AX,182.979825945077,L1,2.31324949935888,L2,0.9607121331...
GetData ===>> H2,-0.124176992977455,H1,928.830268250178,AX,182.699737947292,L1,2.28723780918207,L2,1.0006822421...
GetData ===>> H2,-0.133573618044718,H1,928.439085684099,AX,182.731384767556,L1,2.34587509182953,L2,1.0022167814...
GetData ===>> H2,-0.11079685158458,H1,928.167005373858,AX,182.468826891798,L1,2.33142675590486,L2,1.02487126278...
GetData ===>> H2,-0.177656777376734,H1,928.076958522626,AX,182.691416637077,L1,2.32172059260764,L2,1.0951593071...
GetData ===>> H2,-0.207242587603007,H1,927.438612134892,AX,182.601637301208,L1,2.32866839416587,L2,1.0294990226...
GetData ===>> H2,-0.047949506796948,H1,926.892357387685,AX,182.384635495745,L1,2.29497743507754,L2,0.9555791781...
GetData ===>> H2,-0.175391730858217,H1,926.567816074417,AX,182.307041550349,L1,2.30858020408634,L2,1.0063166408...
GetData ===>> H2,-0.210548800662739,H1,926.211217575715,AX,182.196048367304,L1,2.29201596293962,L2,1.0034994002...
GetData ===>> H2,-0.149850237341425,H1,926.228135909009,AX,182.157139093251,L1,2.28272081788664,L2,1.0299343184...
GetData ===>> H2,-0.213074290143347,H1,925.953173161248,AX,181.956630863154,L1,2.27653678774356,L2,1.0284795217...
GetData ===>> H2,-0.18278318007639,H1,925.817489722665,AX,181.888317415542,L1,2.30014427565338,L2,1.07628168173...
GetData ===>> H2,-0.144783528697934,H1,925.205215786402,AX,182.026899809429,L1,2.30976540571478,L2,1.0622777256...
GetData ===>> H2,-0.113198292563764,H1,924.443497952143,AX,181.820353833385,L1,2.372221789964,L2,0.977453428750...
GetData ===>> H2,-0.0869792039422804,H1,924.360018396169,AX,181.79001623766,L1,2.3426655802121,L2,1.01719700348...
GetData ===>> H2,-0.0693039312658227,H1,923.731213092473,AX,181.905146614671,L1,2.29891331283348,L2,0.986747767...
GetData ===>> H2,-0.104267781208149,H1,923.341597269294,AX,181.816785770726,L1,2.32074388169258,L2,1.0323284805...
GetData ===>> H2,-0.148313309292448,H1,922.738444597706,AX,181.87371089009,L1,2.27524795721403,L2,1.04012996777...
11:16:04 -- collecting point 25
GetData ===>> H2,-0.124483946356896,H1,923.175045863598,AX,181.604613622868,L1,2.25908855545074,L2,0.9037035982...
GetData ===>> H2,-0.115765675337168,H1,922.390531182027,AX,181.407264446009,L1,2.28703737170053,L2,1.0522859690...
GetData ===>> H2,-0.0578872669516318,H1,921.7921511328,AX,181.375887910549,L1,2.29854445125115,L2,1.04596144865...
GetData ===>> H2,-0.0489281993816146,H1,921.28650365854,AX,181.296730253845,L1,2.2879072963377,L2,1.06772091969...
GetData ===>> H2,-0.149048035510811,H1,921.388389242998,AX,181.299395933187,L1,2.29073936174705,L2,1.0113558136...
GetData ===>> H2,-0.134268730215902,H1,920.858005644865,AX,181.299239127473,L1,2.31421169577214,L2,0.9960558690...
GetData ===>> H2,-0.0894026176696158,H1,920.401760857081,AX,181.297267866804,L1,2.29399197357653,L2,1.020610255...
GetData ===>> H2,-0.0777079555897572,H1,919.581288842801,AX,181.226953811303,L1,2.28141188515002,L2,0.964848485...
GetData ===>> H2,-0.19255860579922,H1,919.766679465446,AX,181.328317623571,L1,2.3081882857094,L2,1.052354716136...
GetData ===>> H2,-0.167324638606398,H1,919.621776321345,AX,181.239432818767,L1,2.31844292602419,L2,1.0048392970...
GetData ===>> H2,-0.0610334111659514,H1,919.065001996772,AX,180.974771596745,L1,2.28606463267597,L2,0.962132910...
GetData ===>> H2,-0.0923793737897208,H1,918.555684682687,AX,180.896738810314,L1,2.31343417043986,L2,0.876534214...
GetData ===>> H2,-0.121431622312226,H1,918.061706712837,AX,180.876077742072,L1,2.30667691977573,L2,1.0166815901...
GetData ===>> H2,-0.135553358526344,H1,917.653724663196,AX,180.934059164667,L1,2.31507091720024,L2,1.0523432582...
GetData ===>> H2,-0.169883307924828,H1,917.436684755351,AX,180.845974404367,L1,2.28521221922462,L2,0.9527149251...
GetData ===>> H2,-0.163987783943717,H1,917.209199327747,AX,180.419661029619,L1,2.277732999899,L2,1.172903744212...
GetData ===>> H2,-0.0459266994244308,H1,917.183893253984,AX,180.502736175449,L1,2.25872969260901,L2,1.064099728...
GetData ===>> H2,-0.116760261738185,H1,916.538380073706,AX,180.632600473542,L1,2.22235367348345,L2,1.0179300406...
GetData ===>> H2,-0.106298939924361,H1,916.141744479474,AX,180.24647221443,L1,2.25569330880017,L2,1.05747651121...
GetData ===>> H2,-0.195758993416795,H1,915.977891805179,AX,180.330584501683,L1,2.29508039873694,L2,0.9226454200...
GetData ===>> H2,-0.183874551809454,H1,915.546678299359,AX,180.304211551628,L1,2.26906393957521,L2,0.9724570900...
GetData ===>> H2,-0.248707897859173,H1,915.283683291745,AX,180.219150546036,L1,2.2921991103165,L2,0.92004556570...
GetData ===>> H2,-0.138480415458324,H1,914.911427406874,AX,180.07452302891,L1,2.30186998943664,L2,0.96433286440...
GetData ===>> H2,-0.11684009550891,H1,914.412486976131,AX,180.101636085683,L1,2.27035655789571,L2,0.94607018672...
GetData ===>> H2,-0.0471825113869869,H1,913.835722429923,AX,180.081513087488,L1,2.28071206952716,L2,1.080625385...
11:16:30 -- collecting point 50
GetData ===>> H2,-0.0140198358828717,H1,913.425196652163,AX,180.105678813249,L1,2.2707919154016,L2,1.0617620705...
GetData ===>> H2,-0.0709353316891596,H1,913.426125871078,AX,179.789035710013,L1,2.28397112490875,L2,1.031675521...
GetData ===>> H2,-0.0617289713614572,H1,913.428581671391,AX,179.752010372663,L1,2.31461185458056,L2,1.001323539...
GetData ===>> H2,-0.0977821520861653,H1,912.740399357475,AX,179.958599852416,L1,2.28206900370746,L2,0.964985985...
GetData ===>> H2,-0.149068293831342,H1,912.435048278175,AX,179.753036895742,L1,2.28094043967095,L2,1.0088934575...
GetData ===>> H2,-0.142458109311656,H1,911.876488395825,AX,179.593043269503,L1,2.29911244967036,L2,0.9714945225...
GetData ===>> H2,-0.226030969928959,H1,911.238027240411,AX,179.424472708286,L1,2.23665180701745,L2,1.0515641277...
GetData ===>> H2,-0.175502428999952,H1,910.962633294278,AX,179.525418420994,L1,2.21707337932899,L2,1.0649477170...
GetData ===>> H2,-0.111025646594383,H1,910.426799986864,AX,179.395390081644,L1,2.24438078456766,L2,1.0047934883...
GetData ===>> H2,-0.127340783806464,H1,910.361401018122,AX,179.380319125726,L1,2.26646313065642,L2,0.9768231423...
GetData ===>> H2,-0.0980272410620113,H1,910.275229118652,AX,179.400339684138,L1,2.25245675160657,L2,0.953379424...
GetData ===>> H2,-0.212348353869337,H1,910.196292702999,AX,179.232558951649,L1,2.26087370207558,L2,1.0279640478...
GetData ===>> H2,-0.217442316076858,H1,909.710257819924,AX,179.302174740166,L1,2.26153953588473,L2,1.0975780199...
GetData ===>> H2,-0.135257230795301,H1,909.41243131153,AX,179.248878765165,L1,2.29019133670429,L2,1.05677754771...
GetData ===>> H2,-0.13691355373973,H1,908.724034698222,AX,179.068109901653,L1,2.26237088295282,L2,0.98824915719...
GetData ===>> H2,-0.139095474580869,H1,908.604677233352,AX,178.995691787999,L1,2.24681736797826,L2,1.0110580369...
GetData ===>> H2,-0.169450156128758,H1,908.073357883753,AX,179.000724792333,L1,2.24055827139712,L2,1.0026519537...
GetData ===>> H2,-0.238782091527523,H1,907.943069423983,AX,178.903184379151,L1,2.27435286656913,L2,1.0011288593...
GetData ===>> H2,-0.0923793737897208,H1,907.675212656936,AX,178.840107027589,L1,2.24525559968034,L2,0.974027012...
GetData ===>> H2,-0.168779480330876,H1,907.113488761625,AX,178.718461928572,L1,2.25132517833006,L2,1.0596651019...
GetData ===>> H2,-0.229978267648894,H1,906.549775411972,AX,178.423086651823,L1,2.27250279384966,L2,1.0124667577...
GetData ===>> H2,-0.0541758688772173,H1,906.404167467575,AX,178.507901993413,L1,2.27546706491949,L2,0.947192886...
GetData ===>> H2,-0.0388188139006662,H1,905.444398574602,AX,178.575748893934,L1,2.25322409808329,L2,0.946402412...
GetData ===>> H2,0.00224475945461447,H1,905.41171372438,AX,178.375221977423,L1,2.21953272827905,L2,1.0123636798...
GetData ===>> H2,-0.0496435012324278,H1,905.131990842536,AX,178.298650937245,L1,2.24551965791948,L2,1.004770583...
11:16:56 -- collecting point 75
GetData ===>> H2,-0.168123610065036,H1,905.193519604268,AX,178.385692020211,L1,2.30403185047879,L2,1.0678928150...
GetData ===>> H2,-0.0722532998479167,H1,904.789629398656,AX,178.337925836544,L1,2.30688288156264,L2,1.016234900...
GetData ===>> H2,-0.0425724118455089,H1,904.431903994099,AX,178.302763656419,L1,2.26364938295275,L2,1.001117407...
GetData ===>> H2,-0.143128354626106,H1,903.794746060589,AX,178.165958834456,L1,2.2148987774408,L2,0.88755904349...
GetData ===>> H2,-0.183233771516242,H1,903.537391750483,AX,178.100818306839,L1,2.22286253162419,L2,1.0183767378...
GetData ===>> H2,-0.0763973960867492,H1,903.220196167696,AX,178.015098300859,L1,2.21440182304075,L2,1.025936544...
GetData ===>> H2,-0.101040997056027,H1,902.381660580053,AX,177.993557880677,L1,2.23221659063964,L2,0.9873666583...
GetData ===>> H2,-0.148210659927502,H1,902.035751423809,AX,177.836505373798,L1,2.22033711792005,L2,0.9330684498...
GetData ===>> H2,-0.15316999925855,H1,902.024385939701,AX,177.593684844667,L1,2.25051126355505,L2,1.12485292864...
GetData ===>> H2,-0.159803178269804,H1,901.30953385727,AX,177.682469311379,L1,2.28965269428214,L2,0.99726969786...
GetData ===>> H2,-0.15497255458016,H1,901.31478545456,AX,177.743191914204,L1,2.2735620399904,L2,0.9761241022825...
GetData ===>> H2,-0.0544729880527481,H1,901.028929240105,AX,177.604020887898,L1,2.28836968006278,L2,1.074619894...
GetData ===>> H2,-0.0741011811992646,H1,900.564362086301,AX,177.399945916882,L1,2.27011751909655,L2,0.976651246...
GetData ===>> H2,-0.184901073696154,H1,900.100435756116,AX,177.292088881906,L1,2.22418007561152,L2,0.9911205529...
GetData ===>> H2,-0.0473440598468692,H1,899.732487995863,AX,177.445705620205,L1,2.21183080329409,L2,1.035719357...
GetData ===>> H2,-0.0832737788748355,H1,899.546347634212,AX,177.520177876482,L1,2.218314268116,L2,0.94986221391...
GetData ===>> H2,-0.187416400692424,H1,899.272982453965,AX,177.35449620433,L1,2.23296456009117,L2,1.00677473655...
GetData ===>> H2,-0.299189252771305,H1,898.959484157474,AX,177.199458722452,L1,2.20774769439598,L2,0.9084329779...
GetData ===>> H2,-0.226775569189233,H1,898.931642136622,AX,177.276728585595,L1,2.22283056079745,L2,1.0707004826...
GetData ===>> H2,-0.0936053484482124,H1,898.316918722025,AX,177.034042202665,L1,2.23529278509682,L2,0.862797880...
GetData ===>> H2,-0.16502998162892,H1,897.535283286707,AX,177.131710099828,L1,2.21412737512144,L2,0.97256022288...
GetData ===>> H2,-0.0985905194469602,H1,897.523638276366,AX,176.94056882219,L1,2.2010549434957,L2,1.04554899437...
GetData ===>> H2,-0.10909000663307,H1,897.161708305538,AX,176.926085898392,L1,2.22313828379909,L2,1.03283252225...
GetData ===>> H2,-0.290577934204914,H1,897.120442265526,AX,176.919376302587,L1,2.2676459699253,L2,1.09088372201...
GetData ===>> H2,-0.214566420937253,H1,896.268786179706,AX,176.837175746045,L1,2.2510076110997,L2,0.94735327283...
11:17:23 -- collecting point 100
GetData ===>> H2,-0.257248729618584,H1,896.143406016192,AX,176.828499544067,L1,2.21930234257025,L2,1.0731644218...
GetData ===>> H2,-0.115527502944078,H1,896.081852481264,AX,176.739827768415,L1,2.25336823163592,L2,0.9553500347...
GetData ===>> H2,-0.124769256812234,H1,895.685251030209,AX,176.381554986539,L1,2.24135413181166,L2,0.9714830634...
GetData ===>> H2,-0.252290670890276,H1,895.056556231754,AX,176.613486718173,L1,2.23775787933353,L2,0.9238938332...
GetData ===>> H2,-0.190655156702227,H1,894.883270169053,AX,176.426338135457,L1,2.22616934157932,L2,0.9709444882...
GetData ===>> H2,-0.083923940793472,H1,894.500209898991,AX,176.288904778851,L1,2.2139168807982,L2,1.03231702506...
GetData ===>> H2,-0.105311146602425,H1,894.037562274458,AX,176.144666102504,L1,2.17754846595357,L2,0.9531388291...
GetData ===>> H2,-0.120126324084916,H1,893.465492424247,AX,176.142235639606,L1,2.16190772535731,L2,1.0756742665...
GetData ===>> H2,-0.050395401989259,H1,892.834462186004,AX,176.238440006943,L1,2.19517284394709,L2,0.9809487282...
GetData ===>> H2,-0.154918509113589,H1,893.173355032017,AX,176.190055325789,L1,2.20417586483024,L2,0.9916014774...
GetData ===>> H2,-0.0926178057382973,H1,892.855569876626,AX,176.040889427537,L1,2.23653176899441,L2,1.016154725...
GetData ===>> H2,-0.179315454342576,H1,892.41850164866,AX,176.021845445254,L1,2.26387760654744,L2,0.88251013313...
GetData ===>> H2,-0.276425597343476,H1,891.750518667556,AX,176.027898656734,L1,2.24715882543017,L2,0.9780149601...
GetData ===>> H2,-0.263277249138941,H1,891.550414439944,AX,176.026308012671,L1,2.22638387833769,L2,1.0512089380...
GetData ===>> H2,-0.166555305407606,H1,891.375427369697,AX,175.937827847629,L1,2.22544847491872,L2,0.9904793239...
GetData ===>> H2,-0.165135276063188,H1,890.867794279797,AX,175.965829481601,L1,2.20484008811101,L2,0.9608496267...
GetData ===>> H2,-0.0716133179178161,H1,890.551700097639,AX,175.761315787263,L1,2.21463764047056,L2,0.950011148...
GetData ===>> H2,-0.137989696021673,H1,890.22939352852,AX,175.759483851024,L1,2.21267397931017,L2,0.99193354581...
GetData ===>> H2,-0.0895367713814512,H1,890.041006885341,AX,175.545088950026,L1,2.23950920855429,L2,1.019293046...
GetData ===>> H2,-0.0530035970389286,H1,889.70948709353,AX,175.444567817019,L1,2.25322943632993,L2,0.9831261922...
GetData ===>> H2,-0.114795362205809,H1,889.237928370458,AX,175.496560959051,L1,2.21876834539665,L2,0.9534825365...
measurement finished
estimated time: 125.829 actual time: :126.169
flush and close file /Users/jan/PychronDev/data/isotopes/32/1db473-db0d-4168-a077-668ef0c6f515.h5
baselines () {'settling_time': 15.0, 'detector': 'H1', 'mass': 34.2, 'ncounts': 60}
%%%%%%%%%%%%%%%%%%%%%%%%%%%%%%%% Baseline
build tables- baseline [Detector(H2), Detector(H1), Detector(AX), Detector(L1), Detector(L2), Detector(CDD)]
add group baseline table H2
add group baseline table H1
add group baseline table AX
add group baseline table L1
add group baseline table L2
add group baseline table CDD
flush and close file /Users/jan/PychronDev/data/isotopes/32/1db473-db0d-4168-a077-668ef0c6f515.h5
detector Detector(H1)
POSITION 34.2 H1
Mapping mass to dac mass func: "parabolic"
H1 map mass coeffs = [-0.00063987  0.15840543  0.57115999]
H1 map mass to dac 34.2 >> 5.24020599104
GetDeflection H1 ===>> 0
GetHighVoltage ===>> 4500
positioning 34.2 (5.24020599104) on H1
setting magnet DAC
current  : 5.879550
requested: 5.240206
Delta Dac: 0.639344
Checking detector protection. dv=0.63934
Checking detector "CDD". Protection Threshold: 0.1 (V)
ProtectDetector CDD,On ===>> OK
GetDeflection CDD ===>> 2000
Protected = 2000
SetMagnetDAC 5.24020599104 ===>> OK
Magnet settling time: 0.500
GetMagnetMoving ===>> True
GetMagnetMoving ===>> True
GetMagnetMoving ===>> True
GetMagnetMoving ===>> True
GetMagnetMoving ===>> True
GetMagnetMoving ===>> True
GetMagnetMoving ===>> True
GetMagnetMoving ===>> True
GetMagnetMoving ===>> False
ProtectDetector CDD,Off ===>> OK
GetDeflection CDD ===>> 50
Delaying 15.0s for detectors to settle
Join finished
measuring baseline. ncounts=60
"baseline" increment series count="2" fit count="1" regressing="True"
starting measurement
GetData ===>> H2,-0.111548202526879,H1,-0.106182202214699,AX,-0.120063185477496,L1,-0.0519788819556301,L2,0.004...
GetData ===>> H2,-0.192121865327681,H1,-0.00578778150372978,AX,-0.00583461283416742,L1,-0.0439016788059464,L2,-...
GetData ===>> H2,-0.148361932351495,H1,-0.0344344822359897,AX,0.0285773210981935,L1,-0.0335830971640613,L2,-0.0...
GetData ===>> H2,-0.0135727345151361,H1,-0.0670903051508852,AX,-0.154594267828366,L1,-0.03874366514108,L2,-0.06...
GetData ===>> H2,-0.172361805096259,H1,-0.132985178901079,AX,-0.0900148134314025,L1,-0.0643366269486617,L2,-0.0...
GetData ===>> H2,-0.129984711889248,H1,0.0411356199242487,AX,-0.109565271902554,L1,-0.0697017454648185,L2,0.012...
GetData ===>> H2,-0.0717950113625169,H1,-0.00600248335886884,AX,-0.0128176135176672,L1,-0.0662094233623916,L2,-...
GetData ===>> H2,-0.111357323483814,H1,-0.072275627337892,AX,0.0464261958033115,L1,-0.0538772607542991,L2,-0.00...
GetData ===>> H2,-0.195872295461921,H1,-0.0542033178692723,AX,-0.00634501523624456,L1,-0.0643270587646217,L2,-0...
GetData ===>> H2,-0.172665339873686,H1,-0.0913100121345821,AX,-0.135300963847622,L1,-0.0181244044536813,L2,-0.0...
GetData ===>> H2,-0.194510252312297,H1,0.0449424742765771,AX,-0.0525485431106152,L1,-0.0433125991871621,L2,0.05...
GetData ===>> H2,-0.191265859032608,H1,-0.0214955848426122,AX,-0.0433768467247476,L1,-0.0158984864199135,L2,0.0...
GetData ===>> H2,-0.269080592140344,H1,-0.138327031938945,AX,-0.0712834815295204,L1,-0.0381482932587267,L2,-0.1...
GetData ===>> H2,-0.16821538020592,H1,-0.15710471996464,AX,-0.0874997389746841,L1,-0.0361726518055221,L2,-0.126...
GetData ===>> H2,-0.24414978502786,H1,-0.0646346335321678,AX,0.0569708329841926,L1,-0.0305521858673243,L2,-0.00...
GetData ===>> H2,-0.274620354504319,H1,0.0857072755784173,AX,-0.0166800880709146,L1,-0.0160352218733975,L2,0.00...
GetData ===>> H2,-0.194351221891887,H1,-0.0228432162463708,AX,-0.158872132371376,L1,-0.0373264544135631,L2,-0.0...
GetData ===>> H2,-0.232874588386382,H1,-0.0259796686345347,AX,-0.10384076670194,L1,-0.0448367119192783,L2,0.015...
GetData ===>> H2,-0.216700579821821,H1,-0.00516752911312575,AX,0.0069263170980426,L1,-0.0344291162427798,L2,0.0...
GetData ===>> H2,-0.219102363989871,H1,0.00757235090527182,AX,-0.0508325392312257,L1,-0.0548369118460907,L2,-0....
GetData ===>> H2,-0.113267323099229,H1,-0.0680201068311124,AX,-0.0564326293204998,L1,-0.0344854413620934,L2,-0....
GetData ===>> H2,-0.0403714281017637,H1,-0.0264686124328282,AX,-0.122021280198249,L1,-0.0127148614776535,L2,-0....
GetData ===>> H2,-0.19181182328207,H1,-0.0185021085784552,AX,-0.189611575542627,L1,-0.0298946293499214,L2,-0.02...
GetData ===>> H2,-0.199171045668429,H1,-0.0263255071781153,AX,-0.166894070273776,L1,-0.0122114179100202,L2,-0.0...
11:18:28 -- collecting point 25
GetData ===>> H2,-0.232185568238439,H1,0.0281170333344296,AX,-0.100885677746415,L1,-0.0134052574194864,L2,0.025...
GetData ===>> H2,-0.236534303384613,H1,0.094689040291729,AX,-0.0490353405657148,L1,-0.0564505465752374,L2,0.008...
GetData ===>> H2,-0.227614362748987,H1,0.0193951693853168,AX,-0.0769983109499381,L1,-0.0309953235637628,L2,0.02...
GetData ===>> H2,-0.175011028989732,H1,0.0230818837321013,AX,-0.100120816570753,L1,-0.0483785129967292,L2,-0.06...
GetData ===>> H2,-0.228047872091665,H1,-9.80145353100648E-05,AX,-0.127455076254269,L1,-0.0238104920219283,L2,0....
GetData ===>> H2,-0.248253245504029,H1,-0.00131472144941898,AX,-0.131139225861552,L1,-0.00471792077715042,L2,-0...
GetData ===>> H2,-0.272648226218349,H1,-0.00658694718687054,AX,-0.108916357066564,L1,-0.0156753877436138,L2,-0....
GetData ===>> H2,-0.211149581558557,H1,-0.0416843036324942,AX,-0.100283060352914,L1,-0.0220053905483617,L2,-0.0...
GetData ===>> H2,-0.201659980862743,H1,-0.00244791556809325,AX,-0.157504163631542,L1,-0.0382117853003449,L2,-0....
GetData ===>> H2,-0.193382166198727,H1,0.0141695738936189,AX,-0.136901155022677,L1,-0.0257315024780342,L2,-0.02...
GetData ===>> H2,-0.178875503493264,H1,-0.0232844721432144,AX,-0.0495687062137412,L1,-0.0262539346837332,L2,0.0...
GetData ===>> H2,-0.189416125120863,H1,-0.0140057628543076,AX,-0.0624381649119798,L1,-0.0215342848720619,L2,-0....
GetData ===>> H2,-0.143609393379391,H1,0.0314818953196962,AX,-0.0761057532188457,L1,-0.0314588007449814,L2,-0.0...
GetData ===>> H2,-0.137889656947654,H1,-0.0240596467109054,AX,-0.0352015973401627,L1,0.0108607940876384,L2,-0.0...
GetData ===>> H2,-0.196386186923778,H1,-0.0181085373107902,AX,-0.0760709780765845,L1,-0.0501938154371947,L2,-0....
GetData ===>> H2,-0.232371284837277,H1,0.0984823780870727,AX,-0.00693661467159422,L1,-0.0882761818144065,L2,0.0...
GetData ===>> H2,-0.227747648448064,H1,0.0295727398878622,AX,0.00386354134270384,L1,-0.0503026992222147,L2,0.00...
GetData ===>> H2,-0.223209665063514,H1,-0.0469305573690846,AX,0.0365613286991881,L1,-0.0187071874185267,L2,-0.0...
GetData ===>> H2,-0.209110029668585,H1,0.0492865225197871,AX,-0.0333925131907722,L1,-0.0187419614664585,L2,0.00...
GetData ===>> H2,-0.232918996446513,H1,-0.0114891522850378,AX,-0.0709357123129954,L1,0.00599124285384798,L2,0.0...
GetData ===>> H2,-0.281540786200057,H1,0.0172953539397948,AX,-0.0805220952686838,L1,0.025700518596564,L2,0.0012...
GetData ===>> H2,-0.341933468055337,H1,0.0290954567184311,AX,-0.0385413566542282,L1,0.0281553963159148,L2,-0.02...
GetData ===>> H2,-0.290329536372447,H1,0.0113898591262763,AX,-0.0266197457273315,L1,-0.0163338744288385,L2,-0.0...
GetData ===>> H2,-0.217135072683109,H1,0.0161022966038483,AX,-0.130444113973718,L1,-0.0424516666549489,L2,-0.06...
GetData ===>> H2,-0.186723224271222,H1,-0.0107973714680963,AX,-0.0472612990093691,L1,-0.000632461397073822,L2,-...
11:18:55 -- collecting point 50
GetData ===>> H2,-0.164518344744003,H1,-0.0465251748394067,AX,0.0213597847201705,L1,-0.0174000756948855,L2,-0.0...
GetData ===>> H2,-0.274831249716315,H1,0.0183094638546823,AX,-0.0433652511127395,L1,-0.0162427203718756,L2,0.08...
GetData ===>> H2,-0.288501965599342,H1,-0.0353526630029631,AX,-0.191060216031749,L1,-0.0141255679745844,L2,-0.0...
GetData ===>> H2,-0.183776076354568,H1,-0.0165103835354728,AX,0.024666788827869,L1,-0.0182659063013747,L2,-0.03...
GetData ===>> H2,-0.159570879961293,H1,-0.00970005415858992,AX,0.00261061539929724,L1,-0.0295580491756273,L2,-0...
GetData ===>> H2,-0.114366340984972,H1,-0.00568043040349837,AX,-0.0706690884052247,L1,-0.0285686059181638,L2,-0...
GetData ===>> H2,-0.049188807914989,H1,-0.0775917936471025,AX,-0.0509948652183097,L1,-0.0217512599471712,L2,0.0...
GetData ===>> H2,-0.160843060004008,H1,0.00998213602601013,AX,-0.102090901335629,L1,-0.00152768476634628,L2,-0....
GetData ===>> H2,-0.0998957014738433,H1,0.0151836521442352,AX,-0.0354567218864057,L1,0.0252381941258692,L2,-0.0...
GetData ===>> H2,-0.148690132546479,H1,-0.00260298323915258,AX,-0.0458814665509584,L1,0.0130491385526118,L2,-0....
GetData ===>> H2,-0.146356058058822,H1,-0.0526891965425545,AX,-0.183063451305291,L1,-0.00602779639639069,L2,-0....
measurement finished
estimated time: 62.915 actual time: :63.093
flush and close file /Users/jan/PychronDev/data/isotopes/32/1db473-db0d-4168-a077-668ef0c6f515.h5
activate_detectors ('H1', 'AX', 'CDD') {'peak_center': True}
peak_center () {'detector': 'H1', 'integration_time': 0.262144, 'isotope': 'Ar40'}
peak center: mean=890.773217238 threshold=3
peak center started
setup peak center. detector=['H1', 'AX', 'CDD'], isotope=Ar40
VersionedUnpickler [<apptools.sweet_pickle.versioned_unpickler.VersionedUnpickler object at 0x1b2bb5b90>] using Updater [<apptools.sweet_pickle.updater.Updater object at 0x1373f1ad0>]
VersionedUnpickler [<apptools.sweet_pickle.versioned_unpickler.VersionedUnpickler object at 0x1b2bb5b90>] using Updater [<apptools.sweet_pickle.updater.Updater object at 0x1373f1ad0>]
VersionedUnpickler [<apptools.sweet_pickle.versioned_unpickler.VersionedUnpickler object at 0x1cb2af170>] using Updater [<apptools.sweet_pickle.updater.Updater object at 0x1373f1ad0>]
setting integration time = 0.524288
SetIntegrationTime 0.524288 ===>> OK
Mapping mass to dac mass func: "parabolic"
H1 map mass coeffs = [-0.00063987  0.15840543  0.57115999]
H1 map mass to dac 39.9624 >> 5.87955
GetDeflection H1 ===>> 0
GetHighVoltage ===>> 4500
do peak center. <pychron.spectrometer.jobs.peak_center.PeakCenter object at 0x1376ecfb0>
doing pc
starting peak center. center dac= 5.87955 step_width=0.001
width = 0.001
get scan parameters. half-width=0.015,window=0.015, i=0, scalar=1
Scan parameters center=5.87955 width=0.03000 (5.86455 - 5.89455)
GetData ===>> H2,-0.202908287101618,H1,0.0514108784672064,AX,-0.0121216558598821,L1,0.00304286845379468,L2,-0.0...
Moving to starting dac 5.86455
setting magnet DAC
current  : 5.240206
requested: 5.864550
Delta Dac: 0.624344
Checking detector protection. dv=0.62434
Checking detector "CDD". Protection Threshold: 0.1 (V)
ProtectDetector CDD,On ===>> OK
GetDeflection CDD ===>> 2000
Protected = 2000
SetMagnetDAC 5.86455 ===>> OK
Magnet settling time: 0.500
GetMagnetMoving ===>> True
GetMagnetMoving ===>> True
GetMagnetMoving ===>> True
GetMagnetMoving ===>> True
GetMagnetMoving ===>> True
GetMagnetMoving ===>> True
GetMagnetMoving ===>> True
GetMagnetMoving ===>> True
GetMagnetMoving ===>> False
ProtectDetector CDD,Off ===>> OK
GetDeflection CDD ===>> 50
Wait until signal near baseline. tol= 0.0385581588504. timeout= 10
GetData ===>> H2,5.23560923771407,H1,2.25543942910236,AX,-0.0592499440997525,L1,-0.0144407625328577,L2,-0.04767...
GetData ===>> H2,56.3245220108685,H1,28.4580464171071,AX,2.60400473379462,L1,-0.00837003366239,L2,-0.1129688268...
GetData ===>> H2,54.2572263398925,H1,27.6098763724277,AX,3.93795876583855,L1,-0.0130720514024455,L2,-0.25637039...
GetData ===>> H2,28.1192687021695,H1,13.4808853568484,AX,1.7302225228695,L1,-0.0025140183599616,L2,0.0438947418...
GetData ===>> H2,11.3743378694688,H1,6.91776604608421,AX,0.678333392718614,L1,0.0188950821900089,L2,-0.18158794...
GetData ===>> H2,3.82776789983737,H1,3.71638570593784,AX,0.259470328653505,L1,0.0514993075773586,L2,-0.10374564...
GetData ===>> H2,1.21661335302758,H1,2.14037027382752,AX,0.135720383181525,L1,0.0477390206534443,L2,-0.04250880...
GetData ===>> H2,0.467256948751658,H1,1.43646189472288,AX,0.273844138178225,L1,0.0496418150810107,L2,-0.1341384...
GetData ===>> H2,0.328974270042261,H1,1.15672675191438,AX,0.0199906018684998,L1,0.0262709481296786,L2,0.0724245...
GetData ===>> H2,0.284818485541277,H1,0.885906741412179,AX,-0.0580673774588196,L1,0.0169247763608456,L2,-0.0148...
GetData ===>> H2,0.231109897301608,H1,0.780854261589048,AX,-0.00124087077557669,L1,-0.0167103512200275,L2,0.154...
GetData ===>> H2,0.176511646922768,H1,0.864250595362503,AX,0.000360029669598556,L1,-0.0315830109720164,L2,0.117...
GetData ===>> H2,0.109629917394616,H1,0.87683691473679,AX,-0.0412548267086043,L1,-0.039041936787757,L2,-0.02634...
GetData ===>> H2,0.0622284216816509,H1,0.829297659851647,AX,-0.0051850059061373,L1,-0.0237100173528525,L2,-0.16...
GetData ===>> H2,0.119771356859603,H1,0.763346592656,AX,0.00407236390117044,L1,-0.00960269746036308,L2,-0.08438...
GetData ===>> H2,0.11545591675157,H1,0.747182848948191,AX,0.0403910995823758,L1,0.0195455356631545,L2,-0.128031...
GetData ===>> H2,0.0548669508360047,H1,0.670039799997135,AX,0.211186136752242,L1,0.00135027365612882,L2,-0.0278...
GetData ===>> H2,0.0777327720046879,H1,0.707514875066573,AX,0.176798239788033,L1,-0.0190273439397572,L2,-0.0333...
GetData ===>> H2,-0.0359844759532147,H1,0.797598374284125,AX,0.117286209190578,L1,-0.0232981253444006,L2,-0.027...
GetData ===>> H2,-0.0678730425963889,H1,0.773644852016742,AX,0.102077743985711,L1,-0.00408091417567471,L2,-0.00...
GetData ===>> H2,-0.0678730425963889,H1,0.773644852016742,AX,0.102077743985711,L1,-0.00408091417567471,L2,-0.00...
Peak center failed to move to a baseline position
_do_sweep sm= 5.86455, em= 5.89455, stm= 0.001
calculated step values: start=5.86455, end=5.89455, width=0.001, nsteps=31.0
setting magnet DAC
current  : 5.864550
requested: 5.864550
Delta Dac: 0.000000
Checking detector protection. dv=0.00000
Checking detector "CDD". Protection Threshold: 0.1 (V)
SetMagnetDAC 5.86455 ===>> OK
GetData ===>> H2,-0.0954121269137824,H1,0.685449313232423,AX,0.149287381130165,L1,0.0228968762544441,L2,-0.0246...
setting magnet DAC
current  : 5.864550
requested: 5.865584
Delta Dac: 0.001034
Checking detector protection. dv=0.00103
Checking detector "CDD". Protection Threshold: 0.1 (V)
SetMagnetDAC 5.86558448276 ===>> OK
Magnet settling time: 1.049
GetData ===>> H2,-0.08547063493935,H1,1.66376433548143,AX,0.238389479707871,L1,0.0185182704127373,L2,-0.1027446...
setting magnet DAC
current  : 5.865584
requested: 5.866619
Delta Dac: 0.001034
Checking detector protection. dv=0.00103
Checking detector "CDD". Protection Threshold: 0.1 (V)
SetMagnetDAC 5.86661896552 ===>> OK
Magnet settling time: 1.049
GetData ===>> H2,-0.15303216089327,H1,5.3576113700246,AX,0.765397508933475,L1,-0.0263533877956665,L2,-0.0936673...
setting magnet DAC
current  : 5.866619
requested: 5.867653
Delta Dac: 0.001034
Checking detector protection. dv=0.00103
Checking detector "CDD". Protection Threshold: 0.1 (V)
SetMagnetDAC 5.86765344828 ===>> OK
Magnet settling time: 1.049
GetData ===>> H2,-0.0622862971978979,H1,20.0403973472083,AX,2.52207080658471,L1,-0.0347910295937976,L2,-0.05810...
setting magnet DAC
current  : 5.867653
requested: 5.868688
Delta Dac: 0.001034
Checking detector protection. dv=0.00103
Checking detector "CDD". Protection Threshold: 0.1 (V)
SetMagnetDAC 5.86868793103 ===>> OK
Magnet settling time: 1.049
GetData ===>> H2,-0.125687339892282,H1,68.5740650183049,AX,8.67511433595752,L1,0.0413155081378561,L2,0.02580593...
setting magnet DAC
current  : 5.868688
requested: 5.869722
Delta Dac: 0.001034
Checking detector protection. dv=0.00103
Checking detector "CDD". Protection Threshold: 0.1 (V)
SetMagnetDAC 5.86972241379 ===>> OK
Magnet settling time: 1.049
GetData ===>> H2,-0.199516239484119,H1,192.168826697095,AX,26.4699671701069,L1,0.118167963448853,L2,-0.09177898...
setting magnet DAC
current  : 5.869722
requested: 5.870757
Delta Dac: 0.001034
Checking detector protection. dv=0.00103
Checking detector "CDD". Protection Threshold: 0.1 (V)
SetMagnetDAC 5.87075689655 ===>> OK
Magnet settling time: 1.049
GetData ===>> H2,-0.0343525114118212,H1,396.323292334673,AX,60.4676533125271,L1,0.349179785405649,L2,0.01701337...
setting magnet DAC
current  : 5.870757
requested: 5.871791
Delta Dac: 0.001034
Checking detector protection. dv=0.00103
Checking detector "CDD". Protection Threshold: 0.1 (V)
SetMagnetDAC 5.87179137931 ===>> OK
Magnet settling time: 1.049
GetData ===>> H2,0.00786944537840626,H1,606.305236921638,AX,101.606716923824,L1,0.73593942357736,L2,0.158224894...
setting magnet DAC
current  : 5.871791
requested: 5.872826
Delta Dac: 0.001034
Checking detector protection. dv=0.00103
Checking detector "CDD". Protection Threshold: 0.1 (V)
SetMagnetDAC 5.87282586207 ===>> OK
Magnet settling time: 1.049
GetData ===>> H2,-0.0394404278507544,H1,750.357402312001,AX,135.983568917033,L1,1.15978123246028,L2,0.494270741...
setting magnet DAC
current  : 5.872826
requested: 5.873860
Delta Dac: 0.001034
Checking detector protection. dv=0.00103
Checking detector "CDD". Protection Threshold: 0.1 (V)
SetMagnetDAC 5.87386034483 ===>> OK
Magnet settling time: 1.049
GetData ===>> H2,0.0341172451078533,H1,818.212599423066,AX,155.903681768595,L1,1.43010282073684,L2,0.8523023551...
setting magnet DAC
current  : 5.873860
requested: 5.874895
Delta Dac: 0.001034
Checking detector protection. dv=0.00103
Checking detector "CDD". Protection Threshold: 0.1 (V)
SetMagnetDAC 5.87489482759 ===>> OK
Magnet settling time: 1.049
GetData ===>> H2,-0.0357265270598609,H1,841.521424628429,AX,164.223983171615,L1,1.70847289117031,L2,0.825021642...
setting magnet DAC
current  : 5.874895
requested: 5.875929
Delta Dac: 0.001034
Checking detector protection. dv=0.00103
Checking detector "CDD". Protection Threshold: 0.1 (V)
SetMagnetDAC 5.87592931034 ===>> OK
Magnet settling time: 1.049
GetData ===>> H2,-0.154153738141185,H1,847.995588795884,AX,166.80320397905,L1,1.89557280790648,L2,0.84930384419...
setting magnet DAC
current  : 5.875929
requested: 5.876964
Delta Dac: 0.001034
Checking detector protection. dv=0.00103
Checking detector "CDD". Protection Threshold: 0.1 (V)
SetMagnetDAC 5.8769637931 ===>> OK
Magnet settling time: 1.049
GetData ===>> H2,-0.0926514733797169,H1,849.710056402156,AX,167.051321169633,L1,2.03904128290316,L2,0.858185201...
setting magnet DAC
current  : 5.876964
requested: 5.877998
Delta Dac: 0.001034
Checking detector protection. dv=0.00103
Checking detector "CDD". Protection Threshold: 0.1 (V)
SetMagnetDAC 5.87799827586 ===>> OK
Magnet settling time: 1.049
GetData ===>> H2,-0.16133190649604,H1,850.39403966636,AX,167.298736272564,L1,2.09164799167694,L2,0.891589203137...
setting magnet DAC
current  : 5.877998
requested: 5.879033
Delta Dac: 0.001034
Checking detector protection. dv=0.00103
Checking detector "CDD". Protection Threshold: 0.1 (V)
SetMagnetDAC 5.87903275862 ===>> OK
Magnet settling time: 1.049
GetData ===>> H2,-0.214554301534535,H1,850.27395771499,AX,167.474069813522,L1,2.1469733998661,L2,0.947822978279...
setting magnet DAC
current  : 5.879033
requested: 5.880067
Delta Dac: 0.001034
Checking detector protection. dv=0.00103
Checking detector "CDD". Protection Threshold: 0.1 (V)
SetMagnetDAC 5.88006724138 ===>> OK
Magnet settling time: 1.049
GetData ===>> H2,-0.165015132335102,H1,849.718940432331,AX,167.390098885567,L1,2.14098140231976,L2,0.9904173656...
setting magnet DAC
current  : 5.880067
requested: 5.881102
Delta Dac: 0.001034
Checking detector protection. dv=0.00103
Checking detector "CDD". Protection Threshold: 0.1 (V)
SetMagnetDAC 5.88110172414 ===>> OK
Magnet settling time: 1.049
GetData ===>> H2,-0.109139642449106,H1,849.071117010321,AX,167.189838840998,L1,2.08748121029354,L2,1.0674826975...
setting magnet DAC
current  : 5.881102
requested: 5.882136
Delta Dac: 0.001034
Checking detector protection. dv=0.00103
Checking detector "CDD". Protection Threshold: 0.1 (V)
SetMagnetDAC 5.8821362069 ===>> OK
Magnet settling time: 1.049
GetData ===>> H2,-0.170418989886431,H1,848.957945632614,AX,167.043954345486,L1,2.0933066622115,L2,0.87405008215...
setting magnet DAC
current  : 5.882136
requested: 5.883171
Delta Dac: 0.001034
Checking detector protection. dv=0.00103
Checking detector "CDD". Protection Threshold: 0.1 (V)
SetMagnetDAC 5.88317068966 ===>> OK
Magnet settling time: 1.049
GetData ===>> H2,-0.121040724907036,H1,847.144445714478,AX,166.22338333499,L1,2.10957937890363,L2,0.93167101105...
setting magnet DAC
current  : 5.883171
requested: 5.884205
Delta Dac: 0.001034
Checking detector protection. dv=0.00103
Checking detector "CDD". Protection Threshold: 0.1 (V)
SetMagnetDAC 5.88420517241 ===>> OK
Magnet settling time: 1.049
GetData ===>> H2,-0.153969969229713,H1,843.263585919248,AX,164.48859040516,L1,2.10273380477964,L2,0.96977567593...
setting magnet DAC
current  : 5.884205
requested: 5.885240
Delta Dac: 0.001034
Checking detector protection. dv=0.00103
Checking detector "CDD". Protection Threshold: 0.1 (V)
SetMagnetDAC 5.88523965517 ===>> OK
Magnet settling time: 1.049
GetData ===>> H2,-0.122936925001807,H1,827.70088193991,AX,158.921115773563,L1,2.03854467243651,L2,0.88025480992...
setting magnet DAC
current  : 5.885240
requested: 5.886274
Delta Dac: 0.001034
Checking detector protection. dv=0.00103
Checking detector "CDD". Protection Threshold: 0.1 (V)
SetMagnetDAC 5.88627413793 ===>> OK
Magnet settling time: 1.049
GetData ===>> H2,-0.119736734497152,H1,780.296495528284,AX,143.836151585012,L1,1.86512700086761,L2,0.6453274894...
setting magnet DAC
current  : 5.886274
requested: 5.887309
Delta Dac: 0.001034
Checking detector protection. dv=0.00103
Checking detector "CDD". Protection Threshold: 0.1 (V)
SetMagnetDAC 5.88730862069 ===>> OK
Magnet settling time: 1.049
GetData ===>> H2,-0.185731204420028,H1,597.156730027085,AX,94.456188352472,L1,1.3410252838025,L2,0.296520750091...
setting magnet DAC
current  : 5.887309
requested: 5.888343
Delta Dac: 0.001034
Checking detector protection. dv=0.00103
Checking detector "CDD". Protection Threshold: 0.1 (V)
SetMagnetDAC 5.88834310345 ===>> OK
Magnet settling time: 1.049
GetData ===>> H2,-0.217936457336446,H1,374.238899354471,AX,50.9640897284821,L1,0.938596247940892,L2,0.106001358...
setting magnet DAC
current  : 5.888343
requested: 5.889378
Delta Dac: 0.001034
Checking detector protection. dv=0.00103
Checking detector "CDD". Protection Threshold: 0.1 (V)
SetMagnetDAC 5.88937758621 ===>> OK
Magnet settling time: 1.049
GetData ===>> H2,-0.185238019780858,H1,182.768578648739,AX,21.1779957883945,L1,0.601702979527177,L2,0.051573265...
setting magnet DAC
current  : 5.889378
requested: 5.890412
Delta Dac: 0.001034
Checking detector protection. dv=0.00103
Checking detector "CDD". Protection Threshold: 0.1 (V)
SetMagnetDAC 5.89041206897 ===>> OK
Magnet settling time: 1.049
GetData ===>> H2,-0.263586977895958,H1,69.2485867585981,AX,6.62839161649463,L1,0.348276584378279,L2,0.060163917...
setting magnet DAC
current  : 5.890412
requested: 5.891447
Delta Dac: 0.001034
Checking detector protection. dv=0.00103
Checking detector "CDD". Protection Threshold: 0.1 (V)
SetMagnetDAC 5.89144655172 ===>> OK
Magnet settling time: 1.049
GetData ===>> H2,-0.270486875599364,H1,21.0880219764525,AX,1.49064056420151,L1,0.192399529121991,L2,-0.04644680...
setting magnet DAC
current  : 5.891447
requested: 5.892481
Delta Dac: 0.001034
Checking detector protection. dv=0.00103
Checking detector "CDD". Protection Threshold: 0.1 (V)
SetMagnetDAC 5.89248103448 ===>> OK
Magnet settling time: 1.049
GetData ===>> H2,-0.254209353815685,H1,5.39752615444182,AX,0.236439499416772,L1,0.0792605860048648,L2,-0.045308...
setting magnet DAC
current  : 5.892481
requested: 5.893516
Delta Dac: 0.001034
Checking detector protection. dv=0.00103
Checking detector "CDD". Protection Threshold: 0.1 (V)
SetMagnetDAC 5.89351551724 ===>> OK
Magnet settling time: 1.049
GetData ===>> H2,-0.259806225406593,H1,1.27065964502699,AX,-0.240175502529665,L1,0.0590337052888942,L2,-0.03770...
setting magnet DAC
current  : 5.893516
requested: 5.894550
Delta Dac: 0.001034
Checking detector protection. dv=0.00103
Checking detector "CDD". Protection Threshold: 0.1 (V)
SetMagnetDAC 5.89455 ===>> OK
Magnet settling time: 1.049
GetData ===>> H2,-0.145329222332421,H1,0.186844708409884,AX,-0.0936308434155743,L1,0.0624950653508723,L2,-0.031...
result of _do_sweep=True
result of _calculate_peak_center=([5.8719748496993986, 5.8795499999999992, 5.8871251503005997], [631.85356685563909, 850.3918738596218, 629.63742992063374], 5.8780169338677348, 850.3918738596218)
Failed to find a valid peak. No peak greater than 1.0. max = 0.0382820721019
new center pos Detector(H1) (Ar40) @ 5.87955
GetHighVoltage ===>> 4500
GetDeflection H1 ===>> 0
dac uncorrected for HV and deflection 5.87955
update mftable H1 Ar40 5.87955 message=automated run peakcenter
get initial guess parabolic
get initial guess parabolic
get initial guess parabolic
get initial guess parabolic
get initial guess parabolic
get initial guess parabolic
dump mftable to /Users/jan/PychronDev/setupfiles/spectrometer/mftables/mftable.csv
add to repo msg=modified - automated run peakcenter
sweep finished
locally archiving mftable
setting magnet DAC
current  : 5.894550
requested: 5.879550
Delta Dac: 0.015000
Checking detector protection. dv=0.01500
Checking detector "CDD". Protection Threshold: 0.1 (V)
SetMagnetDAC 5.87955 ===>> OK
Magnet settling time: 0.500
setting integration time = 1.048576
SetIntegrationTime 1.048576 ===>> OK
Failed to find a valid peak. No peak greater than 1.0. max = 0.0382820721019
flush and close file /Users/jan/PychronDev/data/isotopes/32/1db473-db0d-4168-a077-668ef0c6f515.h5
finished measure script
executed snippet estimated_duration=226.132928, duration=272.920627117
jan_unknown120_60.py completed successfully
Measurement Finished
11:19:53 -- ******* Measurement Finished *******
Post Measurement Started jan_pump_ms.py
11:19:53 -- ******* Post Measurement Started jan_pump_ms.py *******
testing...
no interpolation path defined
executed snippet estimated_duration=0, duration=2.78949737549e-05
Pumping spectrometer
open () {'name': 'O'}
opening name=O desc=---
checking ownership. requestor=129.138.12.150
check software interlocks O
interlocks []
actuate state mode=None-script, software_lock=False
doing actuation None-script open_channel True
Open O ===>> OK
GetIndicatorState O ===>> OK
change switch state (True, True)
update switch state O True args=() kw={} ncanvase=2
11:19:53 -- OPEN   VALVE-O (Jan Ion Pump)
---------------------------------------- open O () result=[(True, True)], time=0.08 sec
action=open, ok=True, locked=[False]
executed snippet estimated_duration=0, duration=0.333534002304
jan_pump_ms.py completed successfully
setting _ms_pumptime
Post Measurement Finished
11:19:53 -- ******* Post Measurement Finished *******
$$$$$$$$$$$$$$$$$$$$ state at run end measurement
state changed from measurement to success
post measurement save measured=True aborted=False
Set filtering
setting fod for Ar40= {'filter_outliers': True, 'std_devs': 2, 'iterations': 1}
setting fod for H1= {'filter_outliers': True, 'std_devs': 2, 'iterations': 1}
setting fod for PM41= {'filter_outliers': False, 'std_devs': 2, 'iterations': 1}
setting fod for H2= {'filter_outliers': True, 'std_devs': 2, 'iterations': 1}
setting fod for Ar36= {'filter_outliers': True, 'std_devs': 2, 'iterations': 1}
setting fod for CDD= {'filter_outliers': True, 'std_devs': 10, 'iterations': 1}
setting fod for Ar37= {'filter_outliers': True, 'std_devs': 2, 'iterations': 1}
setting fod for L2= {'filter_outliers': True, 'std_devs': 2, 'iterations': 1}
setting fod for Ar38= {'filter_outliers': True, 'std_devs': 2, 'iterations': 1}
setting fod for L1= {'filter_outliers': True, 'std_devs': 2, 'iterations': 1}
setting fod for Ar39= {'filter_outliers': True, 'std_devs': 2, 'iterations': 1}
setting fod for AX= {'filter_outliers': True, 'std_devs': 2, 'iterations': 1}
persistence save...
persistence save - db
post measurement save
7115391536 connecting to database sqlite:////Users/jan/PychronDev/.appdata/local_lab.db
connected to db sqlite:////Users/jan/PychronDev/.appdata/local_lab.db
create new session 7115391536
close session 7115391536
No database instance. Not saving post measurement to isotopedb database
$$$$$$$$$$$$$$$ auto_save_detector_ic=False
massspec enabled True
create new session 4985911824
MassSpec Database Version: 16.0
close session 4985911824
saving post measurement to secondary database
saving to massspec database 129.138.12.160/massspecdata
setting labnumber to 65552
setting aliquot to 30
setting step to 
setting uuid to 321db473-db0d-4168-a077-668ef0c6f515
setting irradpos to 65552
setting extract_device to Fusions CO2
setting tray to 
setting position to 172
setting power_requested to 5.0
setting extract_value to 5.0
setting duration to 30.0
setting duration_at_request to 30.0
setting first_stage_delay to 30.0
setting cleanup to 30.0
setting comment to N:9 with inclusions
setting irradiation to NM-289
setting level to N
setting irradiation_level to N
setting sample to Bw-2014-4 W
setting material to Sanidine
setting project to Bustos Wells
setting mass_spectrometer to Jan
no attribute chron_dosages
no attribute production_ratios
no attribute interference_corrections
no attribute production_name
no attribute j
Reference Isotope=Ar40
Reference Detector=H1
%%%%%%%%%%%%%%%%%%%% Comment: N:9 with inclusions %%%%%%%%%%%%%%%%%%%
adding isotope PM41 H2
add baseline dbdet= PM41. original det= H2
get baseline data PM41 H2
Get data baseline <pychron.processing.isotope.Baseline object at 0x1cbc6bcd0> len t=60
baseline PM41. v=-0.195183730568, e=0.00680070642895
get signal data PM41 H2
Get data signal PM41 0.10+/-0.07 len t=120
adding isotope Ar40 H1
add baseline dbdet= Ar40. original det= H1
get baseline data Ar40 H1
Get data baseline <pychron.processing.isotope.Baseline object at 0x1cbc6bc10> len t=60
baseline Ar40. v=-0.0122247727983, e=0.00504353362151
get signal data Ar40 H1
Get data signal Ar40 935.91+/-0.05 len t=120
adding isotope Ar39 AX
add baseline dbdet= Ar39. original det= AX
get baseline data Ar39 AX
Get data baseline <pychron.processing.isotope.Baseline object at 0x1cbc6b8d0> len t=60
baseline Ar39. v=-0.0679006400611, e=0.00759416678495
get signal data Ar39 AX
Get data signal Ar39 184.114+/-0.024 len t=120
adding isotope Ar38 L1
add baseline dbdet= Ar38. original det= L1
get baseline data Ar38 L1
Get data baseline <pychron.processing.isotope.Baseline object at 0x1cbc6bfd0> len t=60
baseline Ar38. v=-0.0290213950456, e=0.00258701111062
get signal data Ar38 L1
Get data signal Ar38 2.365+/-0.005 len t=120
adding isotope Ar37 L2
add baseline dbdet= Ar37. original det= L2
get baseline data Ar37 L2
Get data baseline <pychron.processing.isotope.Baseline object at 0x1cbc6b590> len t=60
baseline Ar37. v=-0.0258988238534, e=0.00521161082289
get signal data Ar37 L2
Get data signal Ar37 1.053+/-0.010 len t=120
adding isotope Ar36 CDD
add baseline dbdet= Ar36. original det= CDD
get baseline data Ar36 CDD
Get data baseline <pychron.processing.isotope.Baseline object at 0x1cbc6be10> len t=60
baseline Ar36. v=0.000181119585711, e=2.12574245438e-05
get signal data Ar36 CDD
Get data signal Ar36 0.0291+/-0.0004 len t=120
65552-30 added analysis time 0.537529945374s
analysis added to mass spec database
mass spec save time= 0.546
persistence save - dvc
================= post measurement started
create new session 4991427888
close session 4991427888
---------------- Experiment Queue saving disabled
DVC saving peakcenter
Failed to find a valid peak. No peak greater than 1.0. max = 0.0382820721019
Smart pull ahead: 0 behind: 0
Up-to-date with origin
add to repo msg=modified - ad8224ebc6dbfeb9f5997218dfa5fe690569839d.json
add to repo msg=modified - 52-30.json
add to repo msg=modified - 52-30.dat.json
add to repo msg=modified - 52-30.blan.json
add to repo msg=modified - 52-30.inte.json
add to repo msg=modified - 52-30.icfa.json
add to repo msg=modified - 52-30.base.json
not at valid file /Users/jan/PychronDev/data/.dvc/repositories/Load1786/655/tags/52-30.tags.json
add to repo msg=modified - 52-30.peak.json
add to repo msg=modified - 52-30.extr.json
not at valid file /Users/jan/PychronDev/data/.dvc/repositories/Load1786/655/monitor/52-30.moni.json
commit message=<COLLECTION>
add to repo msg=modified - 52-30.inte.json
add to repo msg=modified - 52-30.base.json
commit message=<ISOEVO> default collection fits
add to repo msg=modified - 52-30.blan.json
commit message=<BLANKS> preceding bu-FC-J-7662
add to repo msg=modified - 52-30.icfa.json
commit message=<ICFactor> default
push repository <pychron.git_archive.repo_manager.GitRepoManager object at 0x1c1bb9770>
pushing to remote=origin, url=https://github.com
no changes to meta repo
create new session 4991427888
add association Load1786
get identifier "65552"
setting analysis irradiation position=<pychron.dvc.dvc_orm.IrradiationPositionTbl object at 0x1bfa370d0>
close session 4991427888
================= post measurement finished
11:20:07 -- ******* Post Run Check *******
loading queue conditionals post_run_actions
loading system conditionals post_run_actions
loading conditionals from /Users/jan/PychronDev/setupfiles/spectrometer/default_conditionals.yaml
loading queue conditionals post_run_terminations
loading system conditionals post_run_terminations
loading conditionals from /Users/jan/PychronDev/setupfiles/spectrometer/default_conditionals.yaml
Checking default post run terminations n=1
GetDeflection CDD ===>> 50
testing CDD==2000
evaluate ot="CDD.deflection==2000" t="CDD==2000", ctx="{'CDD': 50.0}"
11:20:07 -- ******* Post Run Check Passed *******
11:20:07 -- Automated run 65552-30 success duration: 366.314 s
----------------- finish -----------------
----------------- stop -----------------
retroactive repository identifiers disabled
finish run. runs completed=166
update duration runid=65552-30, duration=366.314130068, md5=301e91d8
loading script "jan_unknown120_60.py"
loading script "jan_pump_ms.py"
loading script "jan_co2.py"
loading script "jan_pump_extraction_line.py"
testing...
no interpolation path defined
executed snippet estimated_duration=213.652928, duration=0.000278949737549
script duration name:unknown120_60 seconds:214.0
loading script "jan_unknown120_60.py"
loading script "jan_pump_ms.py"
loading script "jan_co2.py"
loading script "jan_pump_extraction_line.py"
testing...
no interpolation path defined
executed snippet estimated_duration=0, duration=2.47955322266e-05
loading script "jan_unknown120_60.py"
loading script "jan_pump_ms.py"
loading script "jan_co2.py"
loading script "jan_pump_extraction_line.py"
testing...
no interpolation path defined
calculate duration
testing...
no interpolation path defined
executed snippet estimated_duration=0, duration=5.69820404053e-05
calculate duration
testing...
no interpolation path defined
executed snippet estimated_duration=0, duration=9.60826873779e-05
executed snippet estimated_duration=0.0, duration=0.00264000892639
script duration name:co2 seconds:0.0
loading script "jan_unknown120_60.py"
loading script "jan_pump_ms.py"
loading script "jan_co2.py"
loading script "jan_pump_extraction_line.py"
testing...
no interpolation path defined
calculate duration
testing...
no interpolation path defined
executed snippet estimated_duration=4.0, duration=0.000163078308105
executed snippet estimated_duration=4.0, duration=0.00147294998169
Script duration 214.0
Run total estimated duration= 215.000
unknown120_60 in script context. using previous estimated duration
script duration name:unknown120_60 seconds:214.0
pump_ms in script context. using previous estimated duration
co2 in script context. using previous estimated duration
script duration name:co2 seconds:0.0
pump_extraction_line in script context. using previous estimated duration
Script duration 214.0
Run total estimated duration= 215.000
script duration name:unknown120_60 seconds:214.0
script duration name:co2 seconds:0.0
Script duration 214.0
Run total estimated duration= 215.000
loading script "jan_unknown400_120.py"
loading script "jan_pump_ms.py"
loading script "jan_sniffair_x2.py"
loading script "jan_pump_extraction_line.py"
testing...
no interpolation path defined
executed snippet estimated_duration=556.052928, duration=0.000156164169312
script duration name:unknown400_120 seconds:556.0
loading script "jan_unknown400_120.py"
loading script "jan_pump_ms.py"
loading script "jan_sniffair_x2.py"
loading script "jan_pump_extraction_line.py"
testing...
no interpolation path defined
calculate duration
testing...
no interpolation path defined
executed snippet estimated_duration=0, duration=4.50611114502e-05
calculate duration
testing...
no interpolation path defined
executed snippet estimated_duration=0, duration=0.000101089477539
calculate duration
testing...
no interpolation path defined
executed snippet estimated_duration=32.0, duration=0.000119924545288
calculate duration
testing...
no interpolation path defined
executed snippet estimated_duration=34.0, duration=9.98973846436e-05
calculate duration
testing...
no interpolation path defined
executed snippet estimated_duration=4.0, duration=6.60419464111e-05
calculate duration
testing...
no interpolation path defined
executed snippet estimated_duration=36.0, duration=8.6784362793e-05
calculate duration
testing...
no interpolation path defined
executed snippet estimated_duration=34.0, duration=0.000108957290649
calculate duration
testing...
no interpolation path defined
executed snippet estimated_duration=4.0, duration=6.29425048828e-05
calculate duration
testing...
no interpolation path defined
executed snippet estimated_duration=36.0, duration=0.000102996826172
calculate duration
testing...
no interpolation path defined
executed snippet estimated_duration=70.0, duration=0.000102996826172
executed snippet estimated_duration=250.0, duration=0.0152690410614
script duration name:sniffair_x2 seconds:250.0
Script duration 806.0
Run total estimated duration= 807.000
script duration name:unknown120_60 seconds:214.0
script duration name:co2 seconds:0.0
Script duration 214.0
Run total estimated duration= 215.000
unknown400_120 in script context. using previous estimated duration
script duration name:unknown400_120 seconds:556.0
loading script "jan_unknown400_120.py"
loading script "jan_pump_ms.py"
loading script "jan_cocktail_x1.py"
loading script "jan_pump_extraction_line.py"
testing...
no interpolation path defined
calculate duration
testing...
no interpolation path defined
executed snippet estimated_duration=0, duration=4.98294830322e-05
calculate duration
testing...
no interpolation path defined
executed snippet estimated_duration=0, duration=0.0001540184021
calculate duration
testing...
no interpolation path defined
executed snippet estimated_duration=32.0, duration=0.000111818313599
calculate duration
testing...
no interpolation path defined
executed snippet estimated_duration=34.0, duration=0.000123977661133
calculate duration
testing...
no interpolation path defined
executed snippet estimated_duration=4.0, duration=7.29560852051e-05
calculate duration
testing...
no interpolation path defined
executed snippet estimated_duration=38.0, duration=0.000113010406494
executed snippet estimated_duration=108.0, duration=0.0246679782867
script duration name:cocktail_x1 seconds:108.0
Script duration 664.0
Run total estimated duration= 665.000
script duration name:unknown400_120 seconds:556.0
cocktail_x1 in script context. using previous estimated duration
script duration name:cocktail_x1 seconds:108.0
Script duration 664.0
Run total estimated duration= 665.000
script duration name:unknown400_120 seconds:556.0
sniffair_x2 in script context. using previous estimated duration
script duration name:sniffair_x2 seconds:250.0
Script duration 806.0
Run total estimated duration= 807.000
script duration name:unknown120_60 seconds:214.0
script duration name:co2 seconds:0.0
Script duration 214.0
Run total estimated duration= 215.000
script duration name:unknown120_60 seconds:214.0
script duration name:co2 seconds:0.0
Script duration 214.0
Run total estimated duration= 215.000
script duration name:unknown120_60 seconds:214.0
script duration name:co2 seconds:0.0
Script duration 214.0
Run total estimated duration= 215.000
script duration name:unknown120_60 seconds:214.0
script duration name:co2 seconds:0.0
Script duration 214.0
Run total estimated duration= 215.000
loading script "jan_ic_peak_hop3.py"
loading script "jan_pump_ms.py"
loading script "jan_air_x1.py"
loading script "jan_pump_extraction_line.py"
testing...
no interpolation path defined
executed snippet estimated_duration=133.8, duration=0.010330915451
script duration name:ic_peak_hop3 seconds:134.0
loading script "jan_ic_peak_hop3.py"
loading script "jan_pump_ms.py"
loading script "jan_air_x1.py"
loading script "jan_pump_extraction_line.py"
testing...
no interpolation path defined
calculate duration
testing...
no interpolation path defined
executed snippet estimated_duration=0, duration=4.50611114502e-05
calculate duration
testing...
no interpolation path defined
executed snippet estimated_duration=0, duration=9.48905944824e-05
calculate duration
testing...
no interpolation path defined
executed snippet estimated_duration=32.0, duration=8.9168548584e-05
calculate duration
testing...
no interpolation path defined
executed snippet estimated_duration=34.0, duration=0.000113964080811
calculate duration
testing...
no interpolation path defined
executed snippet estimated_duration=4.0, duration=7.00950622559e-05
calculate duration
testing...
no interpolation path defined
executed snippet estimated_duration=36.0, duration=0.000102996826172
executed snippet estimated_duration=106.0, duration=0.0187830924988
script duration name:air_x1 seconds:106.0
Script duration 240.0
Run total estimated duration= 241.000
script duration name:unknown120_60 seconds:214.0
script duration name:co2 seconds:0.0
Script duration 214.0
Run total estimated duration= 215.000
script duration name:unknown120_60 seconds:214.0
script duration name:co2 seconds:0.0
Script duration 214.0
Run total estimated duration= 215.000
script duration name:unknown120_60 seconds:214.0
script duration name:co2 seconds:0.0
Script duration 214.0
Run total estimated duration= 215.000
script duration name:unknown120_60 seconds:214.0
script duration name:co2 seconds:0.0
Script duration 214.0
Run total estimated duration= 215.000
script duration name:unknown120_60 seconds:214.0
script duration name:co2 seconds:0.0
Script duration 214.0
Run total estimated duration= 215.000
script duration name:unknown120_60 seconds:214.0
script duration name:co2 seconds:0.0
Script duration 214.0
Run total estimated duration= 215.000
script duration name:unknown120_60 seconds:214.0
script duration name:co2 seconds:0.0
Script duration 214.0
Run total estimated duration= 215.000
script duration name:unknown120_60 seconds:214.0
script duration name:co2 seconds:0.0
Script duration 214.0
Run total estimated duration= 215.000
script duration name:unknown400_120 seconds:556.0
script duration name:co2 seconds:0.0
Script duration 556.0
Run total estimated duration= 557.000
script duration name:unknown400_120 seconds:556.0
script duration name:cocktail_x1 seconds:108.0
Script duration 664.0
Run total estimated duration= 665.000
script duration name:unknown400_120 seconds:556.0
script duration name:cocktail_x1 seconds:108.0
Script duration 664.0
Run total estimated duration= 665.000
script duration name:unknown120_60 seconds:214.0
script duration name:co2 seconds:0.0
Script duration 214.0
Run total estimated duration= 215.000
script duration name:unknown120_60 seconds:214.0
script duration name:co2 seconds:0.0
Script duration 214.0
Run total estimated duration= 215.000
script duration name:unknown120_60 seconds:214.0
script duration name:co2 seconds:0.0
Script duration 214.0
Run total estimated duration= 215.000
script duration name:unknown120_60 seconds:214.0
script duration name:co2 seconds:0.0
Script duration 214.0
Run total estimated duration= 215.000
script duration name:unknown120_60 seconds:214.0
script duration name:co2 seconds:0.0
Script duration 214.0
Run total estimated duration= 215.000
script duration name:unknown120_60 seconds:214.0
script duration name:co2 seconds:0.0
Script duration 214.0
Run total estimated duration= 215.000
script duration name:unknown120_60 seconds:214.0
script duration name:co2 seconds:0.0
Script duration 214.0
Run total estimated duration= 215.000
script duration name:unknown120_60 seconds:214.0
script duration name:co2 seconds:0.0
Script duration 214.0
Run total estimated duration= 215.000
script duration name:unknown120_60 seconds:214.0
script duration name:co2 seconds:0.0
Script duration 214.0
Run total estimated duration= 215.000
script duration name:unknown120_60 seconds:214.0
script duration name:co2 seconds:0.0
Script duration 214.0
Run total estimated duration= 215.000
script duration name:unknown120_60 seconds:214.0
script duration name:co2 seconds:0.0
Script duration 214.0
Run total estimated duration= 215.000
script duration name:unknown120_60 seconds:214.0
script duration name:co2 seconds:0.0
Script duration 214.0
Run total estimated duration= 215.000
script duration name:unknown400_120 seconds:556.0
script duration name:cocktail_x1 seconds:108.0
Script duration 664.0
Run total estimated duration= 665.000
script duration name:unknown400_120 seconds:556.0
script duration name:sniffair_x2 seconds:250.0
Script duration 806.0
Run total estimated duration= 807.000
script duration name:unknown400_120 seconds:556.0
script duration name:cocktail_x1 seconds:108.0
Script duration 664.0
Run total estimated duration= 665.000
script duration name:unknown400_120 seconds:556.0
script duration name:sniffair_x2 seconds:250.0
Script duration 806.0
Run total estimated duration= 807.000
ic_peak_hop3 in script context. using previous estimated duration
script duration name:ic_peak_hop3 seconds:134.0
air_x1 in script context. using previous estimated duration
script duration name:air_x1 seconds:106.0
Script duration 240.0
Run total estimated duration= 241.000
script duration name:unknown120_60 seconds:214.0
script duration name:co2 seconds:0.0
Script duration 214.0
Run total estimated duration= 215.000
script duration name:unknown120_60 seconds:214.0
script duration name:co2 seconds:0.0
Script duration 214.0
Run total estimated duration= 215.000
script duration name:unknown120_60 seconds:214.0
script duration name:co2 seconds:0.0
Script duration 214.0
Run total estimated duration= 215.000
script duration name:unknown120_60 seconds:214.0
script duration name:co2 seconds:0.0
Script duration 214.0
Run total estimated duration= 215.000
script duration name:unknown120_60 seconds:214.0
script duration name:co2 seconds:0.0
Script duration 214.0
Run total estimated duration= 215.000
script duration name:unknown120_60 seconds:214.0
script duration name:co2 seconds:0.0
Script duration 214.0
Run total estimated duration= 215.000
script duration name:unknown400_120 seconds:556.0
script duration name:co2 seconds:0.0
Script duration 556.0
Run total estimated duration= 557.000
script duration name:unknown120_60 seconds:214.0
script duration name:co2 seconds:0.0
Script duration 214.0
Run total estimated duration= 215.000
script duration name:unknown120_60 seconds:214.0
script duration name:co2 seconds:0.0
Script duration 214.0
Run total estimated duration= 215.000
script duration name:unknown120_60 seconds:214.0
script duration name:co2 seconds:0.0
Script duration 214.0
Run total estimated duration= 215.000
script duration name:unknown120_60 seconds:214.0
script duration name:co2 seconds:0.0
Script duration 214.0
Run total estimated duration= 215.000
script duration name:unknown120_60 seconds:214.0
script duration name:co2 seconds:0.0
Script duration 214.0
Run total estimated duration= 215.000
script duration name:unknown120_60 seconds:214.0
script duration name:co2 seconds:0.0
Script duration 214.0
Run total estimated duration= 215.000
script duration name:unknown400_120 seconds:556.0
script duration name:cocktail_x1 seconds:108.0
Script duration 664.0
Run total estimated duration= 665.000
script duration name:unknown400_120 seconds:556.0
script duration name:cocktail_x1 seconds:108.0
Script duration 664.0
Run total estimated duration= 665.000
script duration name:unknown120_60 seconds:214.0
script duration name:co2 seconds:0.0
Script duration 214.0
Run total estimated duration= 215.000
script duration name:unknown120_60 seconds:214.0
script duration name:co2 seconds:0.0
Script duration 214.0
Run total estimated duration= 215.000
script duration name:unknown120_60 seconds:214.0
script duration name:co2 seconds:0.0
Script duration 214.0
Run total estimated duration= 215.000
script duration name:unknown120_60 seconds:214.0
script duration name:co2 seconds:0.0
Script duration 214.0
Run total estimated duration= 215.000
script duration name:unknown120_60 seconds:214.0
script duration name:co2 seconds:0.0
Script duration 214.0
Run total estimated duration= 215.000
script duration name:unknown120_60 seconds:214.0
script duration name:co2 seconds:0.0
Script duration 214.0
Run total estimated duration= 215.000
script duration name:unknown120_60 seconds:214.0
script duration name:co2 seconds:0.0
Script duration 214.0
Run total estimated duration= 215.000
script duration name:unknown120_60 seconds:214.0
script duration name:co2 seconds:0.0
Script duration 214.0
Run total estimated duration= 215.000
script duration name:ic_peak_hop3 seconds:134.0
script duration name:air_x1 seconds:106.0
Script duration 240.0
Run total estimated duration= 241.000
script duration name:unknown120_60 seconds:214.0
script duration name:co2 seconds:0.0
Script duration 214.0
Run total estimated duration= 215.000
script duration name:unknown120_60 seconds:214.0
script duration name:co2 seconds:0.0
Script duration 214.0
Run total estimated duration= 215.000
script duration name:unknown120_60 seconds:214.0
script duration name:co2 seconds:0.0
Script duration 214.0
Run total estimated duration= 215.000
script duration name:unknown400_120 seconds:556.0
script duration name:sniffair_x2 seconds:250.0
Script duration 806.0
Run total estimated duration= 807.000
script duration name:unknown120_60 seconds:214.0
script duration name:co2 seconds:0.0
Script duration 214.0
Run total estimated duration= 215.000
script duration name:unknown400_120 seconds:556.0
script duration name:co2 seconds:0.0
Script duration 556.0
Run total estimated duration= 557.000
script duration name:unknown400_120 seconds:556.0
script duration name:cocktail_x1 seconds:108.0
Script duration 664.0
Run total estimated duration= 665.000
script duration name:unknown400_120 seconds:556.0
script duration name:cocktail_x1 seconds:108.0
Script duration 664.0
Run total estimated duration= 665.000
script duration name:unknown120_60 seconds:214.0
script duration name:co2 seconds:0.0
Script duration 214.0
Run total estimated duration= 215.000
script duration name:unknown400_120 seconds:556.0
script duration name:sniffair_x2 seconds:250.0
Script duration 806.0
Run total estimated duration= 807.000
script duration name:unknown120_60 seconds:214.0
script duration name:co2 seconds:0.0
Script duration 214.0
Run total estimated duration= 215.000
script duration name:unknown120_60 seconds:214.0
script duration name:co2 seconds:0.0
Script duration 214.0
Run total estimated duration= 215.000
script duration name:unknown120_60 seconds:214.0
script duration name:co2 seconds:0.0
Script duration 214.0
Run total estimated duration= 215.000
script duration name:unknown120_60 seconds:214.0
script duration name:co2 seconds:0.0
Script duration 214.0
Run total estimated duration= 215.000
script duration name:unknown120_60 seconds:214.0
script duration name:co2 seconds:0.0
Script duration 214.0
Run total estimated duration= 215.000
script duration name:unknown120_60 seconds:214.0
script duration name:co2 seconds:0.0
Script duration 214.0
Run total estimated duration= 215.000
script duration name:unknown120_60 seconds:214.0
script duration name:co2 seconds:0.0
Script duration 214.0
Run total estimated duration= 215.000
script duration name:unknown120_60 seconds:214.0
script duration name:co2 seconds:0.0
Script duration 214.0
Run total estimated duration= 215.000
script duration name:unknown120_60 seconds:214.0
script duration name:co2 seconds:0.0
Script duration 214.0
Run total estimated duration= 215.000
script duration name:unknown120_60 seconds:214.0
script duration name:co2 seconds:0.0
Script duration 214.0
Run total estimated duration= 215.000
script duration name:unknown120_60 seconds:214.0
script duration name:co2 seconds:0.0
Script duration 214.0
Run total estimated duration= 215.000
script duration name:unknown400_120 seconds:556.0
script duration name:cocktail_x1 seconds:108.0
Script duration 664.0
Run total estimated duration= 665.000
script duration name:unknown400_120 seconds:556.0
script duration name:cocktail_x1 seconds:108.0
Script duration 664.0
Run total estimated duration= 665.000
script duration name:unknown120_60 seconds:214.0
script duration name:co2 seconds:0.0
Script duration 214.0
Run total estimated duration= 215.000
script duration name:unknown120_60 seconds:214.0
script duration name:co2 seconds:0.0
Script duration 214.0
Run total estimated duration= 215.000
script duration name:unknown120_60 seconds:214.0
script duration name:co2 seconds:0.0
Script duration 214.0
Run total estimated duration= 215.000
script duration name:unknown120_60 seconds:214.0
script duration name:co2 seconds:0.0
Script duration 214.0
Run total estimated duration= 215.000
script duration name:ic_peak_hop3 seconds:134.0
script duration name:air_x1 seconds:106.0
Script duration 240.0
Run total estimated duration= 241.000
script duration name:unknown120_60 seconds:214.0
script duration name:co2 seconds:0.0
Script duration 214.0
Run total estimated duration= 215.000
nruns=94 before=5.0, run_dur=30292.0, btw=2790.0
write rem/ex queues
/Users/jan/PychronDev/experiments/rem/Load1786.rem.txt
/Users/jan/PychronDev/experiments/rem/Load1786.ex.txt
doing event level: 3
