do run
loading script "jan_unknown120_60.py"
loading script "jan_pump_ms.py"
loading script "jan_co2.py"
loading script "jan_pump_extraction_line.py"
testing...
no interpolation path defined
executed snippet estimated_duration=213.652928, duration=0.000265121459961
script duration name:unknown120_60 seconds:214.0
loading script "jan_unknown120_60.py"
loading script "jan_pump_ms.py"
loading script "jan_co2.py"
loading script "jan_pump_extraction_line.py"
testing...
no interpolation path defined
executed snippet estimated_duration=0, duration=2.88486480713e-05
loading script "jan_unknown120_60.py"
loading script "jan_pump_ms.py"
loading script "jan_co2.py"
loading script "jan_pump_extraction_line.py"
testing...
no interpolation path defined
calculate duration
testing...
no interpolation path defined
executed snippet estimated_duration=0, duration=6.60419464111e-05
calculate duration
testing...
no interpolation path defined
executed snippet estimated_duration=0, duration=0.000149011611938
executed snippet estimated_duration=0.0, duration=0.00318312644958
script duration name:co2 seconds:0.0
loading script "jan_unknown120_60.py"
loading script "jan_pump_ms.py"
loading script "jan_co2.py"
loading script "jan_pump_extraction_line.py"
testing...
no interpolation path defined
calculate duration
testing...
no interpolation path defined
executed snippet estimated_duration=4.0, duration=0.00025200843811
executed snippet estimated_duration=4.0, duration=0.00195598602295
Script duration 214.0
Run total estimated duration= 215.000
run duration: 0:03:35
doing event level: 2
12:43:17 -- Setting default integration. t=1.048576
setting integration time = 1.048576
SetIntegrationTime 1.048576 ===>> OK
----------------- start -----------------
**************** Experiment Type: Ar/Ar, Ar/Ar
$$$$$ Clearing conditionals
adding conditionals 
Add queue conditionals
add default conditionals
adding default conditionals from /Users/jan/PychronDev/setupfiles/spectrometer/default_conditionals.yaml
Start automated run 65553-02
loading script "jan_unknown120_60.py"
loading script "jan_pump_ms.py"
loading script "jan_co2.py"
loading script "jan_pump_extraction_line.py"
%%%%%%%%%%%%%%%%%% setting automated run 65553-02
No value "sensitivity_multiplier" in metadata
$$$$$$$$$$$$$$$ auto_save_detector_ic=False
============================= Pre Extraction Check =============================
loading queue conditionals pre_run_terminations
loading system conditionals pre_run_terminations
loading conditionals from /Users/jan/PychronDev/setupfiles/spectrometer/default_conditionals.yaml
12:43:17 -- ******* Pre Extraction Check *******
Get a measurement from the spectrometer
GetData ===>> H2,-0.217873520790689,H1,-0.0750529422804512,AX,-0.0553891587028929,L1,-0.0122389880905422,L2,-0....
Pre Extraction Termination data. keys=H2,H1,AX,L1,L2,CDD, signals=-0.21787,-0.07505,-0.05539,-0.01224,-0.12485,0.00342
12:43:17 -- testing system defined conditionals
Checking default pre extraction terminations n=2
testing CDD
evaluate ot="CDD.inactive" t="CDD", ctx="{'CDD': False}"
GetDeflection CDD ===>> 50
testing CDD==2000
evaluate ot="CDD.deflection==2000" t="CDD==2000", ctx="{'CDD': 50.0}"
12:43:17 -- ******* Pre Extraction Check Passed *******
=================================================================================
12:43:17 -- stopping status monitor
stop 4984189200
Alive clients [4991693744]
12:43:17 -- starting status monitor
start 4984189200
Monitor already running
start extraction
do extraction
Analysis started at 12:43:17.922504
Extraction Started jan_co2.py
12:43:17 -- ******* Extraction Started jan_co2.py *******
state changed from not run to extraction
DO EXTRACTION <pychron.extraction_line.pyscript_runner.RemotePyScriptRunner object at 0x12c301530>
testing...
no interpolation path defined
calculate duration
testing...
no interpolation path defined
executed snippet estimated_duration=0, duration=9.48905944824e-05
calculate duration
testing...
no interpolation path defined
executed snippet estimated_duration=0, duration=0.0001540184021
executed snippet estimated_duration=100.0, duration=0.00468897819519
Jan CO2 laser analysis
doing GOSUB
testing...
no interpolation path defined
executed snippet estimated_duration=0, duration=5.19752502441e-05
Waiting for CO2 access
wait ('FelixCO2Flag', 0) {}
waiting for FelixCO2Flag = 0
Read FelixCO2Flag ===>> 0
finished waiting
CO2 free
wait ('CO2PumpTimeFlag', 0) {}
waiting for CO2PumpTimeFlag = 0
Read CO2PumpTimeFlag ===>> 0
finished waiting
acquire ('JanCO2Flag',) {'clear': True}
acquire JanCO2Flag
Set JanCO2Flag 1 ===>> OK
JanCO2Flag acquired
set extraction state False (0.75, 'red', 1.5)
CO2 acquired
executed snippet estimated_duration=0, duration=0.0172960758209
WaitForCO2Access.py completed successfully
gosub finished
doing GOSUB
testing...
no interpolation path defined
executed snippet estimated_duration=0, duration=0.000139951705933
Prepare for CO2 analysis
close () {'description': 'Jan Inlet'}
closing name=--- desc=Jan Inlet
checking ownership. requestor=129.138.12.150
check software interlocks R
interlocks []
actuate state mode=None-script, software_lock=False
doing actuation None-script close_channel False
Close R ===>> OK
GetIndicatorState R ===>> False
change switch state (True, True)
update switch state R False args=() kw={} ncanvase=2
12:43:18 -- CLOSE  VALVE-R (Jan Inlet)
---------------------------------------- close None (Jan Inlet) result=[(True, True)]
action=close, ok=True, locked=[False]
open () {'description': 'Jan Ion Pump'}
opening name=--- desc=Jan Ion Pump
checking ownership. requestor=129.138.12.150
check software interlocks O
interlocks []
actuate state mode=None-script, software_lock=False
doing actuation None-script open_channel False
Open O ===>> OK
GetIndicatorState O ===>> OK
change switch state (True, True)
update switch state O True args=() kw={} ncanvase=2
12:43:18 -- OPEN   VALVE-O (Jan Ion Pump)
---------------------------------------- open None (Jan Ion Pump) result=[(True, True)], time=0.09 sec
action=open, ok=True, locked=[False]
close () {'description': 'Microbone to Minibone'}
closing name=--- desc=Microbone to Minibone
checking ownership. requestor=129.138.12.150
check software interlocks L
interlocks []
actuate state mode=None-script, software_lock=False
doing actuation None-script close_channel False
Close L ===>> OK
GetIndicatorState L ===>> False
change switch state (True, True)
update switch state L False args=() kw={} ncanvase=2
12:43:19 -- CLOSE  VALVE-L (Microbone to Minibone)
---------------------------------------- close None (Microbone to Minibone) result=[(True, True)]
action=close, ok=True, locked=[False]
open () {'description': 'Microbone to Turbo'}
opening name=--- desc=Microbone to Turbo
checking ownership. requestor=129.138.12.150
check software interlocks U
interlocks []
actuate state mode=None-script, software_lock=False
doing actuation None-script open_channel False
Open U ===>> OK
GetIndicatorState U ===>> OK
change switch state (True, True)
update switch state U True args=() kw={} ncanvase=2
12:43:19 -- OPEN   VALVE-U (Microbone to Turbo)
---------------------------------------- open None (Microbone to Turbo) result=[(True, True)], time=0.12 sec
action=open, ok=True, locked=[False]
open () {'description': 'Microbone to Inlet Pipette'}
opening name=--- desc=Microbone to Inlet Pipette
checking ownership. requestor=129.138.12.150
check software interlocks S
interlocks []
actuate state mode=None-script, software_lock=False
doing actuation None-script open_channel False
Open S ===>> OK
GetIndicatorState S ===>> OK
change switch state (True, True)
update switch state S True args=() kw={} ncanvase=2
12:43:20 -- OPEN   VALVE-S (Microbone to Inlet Pipette)
---------------------------------------- open None (Microbone to Inlet Pipette) result=[(True, True)], time=0.40 sec
action=open, ok=True, locked=[False]
open () {'description': 'Microbone to Getter D-50'}
opening name=--- desc=Microbone to Getter D-50
checking ownership. requestor=129.138.12.150
check software interlocks K
interlocks []
actuate state mode=None-script, software_lock=False
doing actuation None-script open_channel False
Open K ===>> OK
GetIndicatorState K ===>> OK
change switch state (True, True)
update switch state K True args=() kw={} ncanvase=2
12:43:21 -- OPEN   VALVE-K (Microbone to Getter D-50)
---------------------------------------- open None (Microbone to Getter D-50) result=[(True, True)], time=0.40 sec
action=open, ok=True, locked=[False]
open () {'description': 'Microbone to Getter NP-10'}
opening name=--- desc=Microbone to Getter NP-10
checking ownership. requestor=129.138.12.150
check software interlocks M
interlocks []
actuate state mode=None-script, software_lock=False
doing actuation None-script open_channel False
Open M ===>> OK
GetIndicatorState M ===>> OK
change switch state (True, True)
update switch state M True args=() kw={} ncanvase=2
12:43:21 -- OPEN   VALVE-M (Microbone to Getter NP-10)
---------------------------------------- open None (Microbone to Getter NP-10) result=[(True, True)], time=0.14 sec
action=open, ok=True, locked=[False]
close () {'description': 'CO2 Laser to Felix'}
closing name=--- desc=CO2 Laser to Felix
checking ownership. requestor=129.138.12.150
check software interlocks F
interlocks []
actuate state mode=None-script, software_lock=True
VALVE-F(CO2 Laser to Felix) software locked
change switch state (True, False)
---------------------------------------- close None (CO2 Laser to Felix) result=[(True, False)]
action=close, ok=True, locked=[True]
open () {'description': 'CO2 Laser to Jan'}
opening name=--- desc=CO2 Laser to Jan
checking ownership. requestor=129.138.12.150
check software interlocks A
interlocks []
actuate state mode=None-script, software_lock=False
doing actuation None-script open_channel False
Open A ===>> OK
GetIndicatorState A ===>> OK
change switch state (True, True)
update switch state A True args=() kw={} ncanvase=2
12:43:21 -- OPEN   VALVE-A (CO2 Laser to Jan)
---------------------------------------- open None (CO2 Laser to Jan) result=[(True, True)], time=0.12 sec
action=open, ok=True, locked=[False]
open () {'description': 'Microbone to CO2 Laser'}
opening name=--- desc=Microbone to CO2 Laser
checking ownership. requestor=129.138.12.150
check software interlocks T
interlocks []
actuate state mode=None-script, software_lock=False
doing actuation None-script open_channel False
Open T ===>> OK
GetIndicatorState T ===>> OK
change switch state (True, True)
update switch state T True args=() kw={} ncanvase=2
12:43:22 -- OPEN   VALVE-T (Microbone to CO2 Laser)
---------------------------------------- open None (Microbone to CO2 Laser) result=[(True, True)], time=0.41 sec
action=open, ok=True, locked=[False]
executed snippet estimated_duration=0, duration=4.8276348114
PrepareForCO2Analysis.py completed successfully
gosub finished
set_motor ('beam', '1.25') {}
setting motor "beam" to 1.25
set motor beam to 1.25
SetMotor beam,1.25 ===>> OK
GetMotorMoving beam ===>> False
GetMotorMoving beam ===>> False
Block completed
move_to_position ('177',) {'autocenter': True}
FusionsCO2 move to position 177
sending GoToHole 177,True
GoToHole 177,True ===>> OK
GetDriveMoving ===>> OK
GetDriveMoving ===>> OK
GetDriveMoving ===>> OK
GetDriveMoving ===>> False
GetDriveMoving ===>> OK
GetDriveMoving ===>> OK
GetDriveMoving ===>> OK
GetDriveMoving ===>> OK
GetDriveMoving ===>> OK
GetDriveMoving ===>> OK
GetDriveMoving ===>> OK
GetDriveMoving ===>> False
Block completed
GetAutoCorrecting ===>> False
GetAutoCorrecting ===>> False
Block completed
update position
GetPosition ===>> 1.99390,-7.97560,1.00000
got position (1.9939, -7.9756, 1.0)
move to position succeeded
sleep (5,) {}
SLEEP 5.0
block started
WaitControl setup for 5.0  
Join finished
block finished. duration 5.03141713142
close () {'description': 'Microbone to Turbo'}
closing name=--- desc=Microbone to Turbo
checking ownership. requestor=129.138.12.150
check software interlocks U
interlocks []
actuate state mode=None-script, software_lock=False
doing actuation None-script close_channel True
Close U ===>> OK
GetIndicatorState U ===>> False
change switch state (True, True)
update switch state U False args=() kw={} ncanvase=2
12:43:33 -- CLOSE  VALVE-U (Microbone to Turbo)
---------------------------------------- close None (Microbone to Turbo) result=[(True, True)]
action=close, ok=True, locked=[False]
enable laser
enable () {}
set extraction state FusionsCO2 Enabled (False, 'red', 1.5)
enabling laser
Enable ===>> OK
begin interval
BEGIN INTERVAL Interval 1 waiting for 30.0
block started
set extract to 5.0
WaitControl setup for 30.0  
extract (5.0,) {}
GetPosition ===>> 1.99390,-7.97560,1.00000
set extraction state FusionsCO2 ON! 5.0(watts) (0.75, 'red', 1.5)
extract sample to 5.0 (watts)
set laser output
SetLaserOutput 5.0,watts ===>> OK
executing pattern triangle.lp
execute_pattern ('triangle.lp',) {}
executing pattern triangle.lp
IsPatterning ===>> OK
IsPatterning ===>> OK
IsPatterning ===>> OK
IsPatterning ===>> OK
IsPatterning ===>> OK
IsPatterning ===>> OK
IsPatterning ===>> OK
IsPatterning ===>> OK
IsPatterning ===>> OK
IsPatterning ===>> OK
IsPatterning ===>> OK
IsPatterning ===>> OK
IsPatterning ===>> OK
IsPatterning ===>> OK
IsPatterning ===>> OK
IsPatterning ===>> OK
IsPatterning ===>> OK
IsPatterning ===>> OK
IsPatterning ===>> OK
IsPatterning ===>> OK
IsPatterning ===>> OK
IsPatterning ===>> OK
IsPatterning ===>> OK
IsPatterning ===>> OK
IsPatterning ===>> OK
IsPatterning ===>> OK
IsPatterning ===>> False
IsPatterning ===>> False
Block completed
COMPLETE INTERVAL waiting for Interval 1 to complete
Join finished
block finished. duration 30.0588490963
Interval 1 finished
end_extract () {}
ending extraction. set laser power to 0
set laser power 0
SetLaserPower 0 ===>> OK
disable () {}
%%%%%%%%%%%%%%%%%%%%%%%%%%%%%%%%%%% disable
set extraction state False (0.75, 'red', 1.5)
disabling laser
Disable ===>> OK
sleep (30.0,) {}
SLEEP 30.0
block started
WaitControl setup for 30.0  
Join finished
block finished. duration 30.0892560482
executed snippet estimated_duration=166.5, duration=76.8776290417
jan_co2.py completed successfully
GetAchievedOutput ===>> No Response
Requested Output= 0.000
Achieved Output=  0.000
GetResponseBlob ===>> No Response
GetOutputBlob ===>> No Response
persistence save...
persistence save - db
AutomatedRunPersister post_extraction_save deprecated
persistence save - dvc
no extraction position for 177
create new session 4991427888
close session 4991427888
Extraction Finished
12:44:34 -- ******* Extraction Finished *******
no overlap. not waiting for min ms pumptime
12:44:34 -- Sending spectrometer configuration
======== Sending configuration ========
SetDeflection CDD,50.0 ===>> OK
SetDeflection H2,0.0 ===>> OK
SetDeflection H1,0.0 ===>> OK
SetDeflection L2,825.0 ===>> OK
SetDeflection L1,400.0 ===>> OK
SetDeflection AX,190.0 ===>> OK
SetZFocus 74.64 ===>> OK
SetZSymmetry -50.72 ===>> OK
SetExtractionLens 26.13 ===>> OK
SetIonRepeller -3.81 ===>> OK
SetElectronEnergy 75.08 ===>> OK
SetYSymmetry -2.81 ===>> OK
SetIonCounterVoltage 1590.0 ===>> OK
send trap current 200.0
GetParameter Trap Current Readback ===>> 198.370811206739
SetParameter Trap Current Set,200.0 ===>> OK
updating mftable name mftable
Using mftable located at /Users/jan/PychronDev/setupfiles/spectrometer/mftables/mftable.csv
============ MFtable ===========
Isotope  H2     H1     AX     L1     L2     CDD    
Ar40     5.7970 5.8798 5.9932 6.1369 6.2315 6.3651
Ar39     5.6963 5.7720 5.8856 6.0230 6.1166 6.2516
Ar36     5.3738 5.4410 5.5490 5.6818 5.7716 5.9028
================================
get initial guess parabolic
get initial guess parabolic
get initial guess parabolic
get initial guess parabolic
get initial guess parabolic
get initial guess parabolic
======== Configuration Finished ========
GetYSymmetry ===>> -2.81
GetZSymmetry ===>> -50.72
GetParameter Trap Current Readback ===>> 197.923274125618
GetHighVoltage ===>> 4500
start measurement
do measurement
L#=65553 analysis type=unknown
Measurement Started jan_unknown120_60.py
12:44:35 -- ******* Measurement Started jan_unknown120_60.py *******
state changed from extraction to measurement
setting spec, defl, and gains
GetExtractionLens ===>> 26.13
GetYSymmetry ===>> -2.81
GetZSymmetry ===>> -50.72
GetZFocus ===>> 74.64
GetDeflection H2 ===>> 0
GetDeflection H1 ===>> 0
GetDeflection AX ===>> 190
GetDeflection L1 ===>> 400
GetDeflection L2 ===>> 825
GetDeflection CDD ===>> 50
GetGain H2 ===>> 0.0113
GetGain H1 ===>> 0.1
GetGain AX ===>> 0.097049
GetGain L1 ===>> 0.010355
GetGain L2 ===>> 0.095649
GetGain CDD ===>> 0
pre measurement save
New frame /Users/jan/PychronDev/data/isotopes/87/b4e712-cdff-4a63-af4e-482570f796e4.h5
flush and close file /Users/jan/PychronDev/data/isotopes/87/b4e712-cdff-4a63-af4e-482570f796e4.h5
testing...
no interpolation path defined
executed snippet estimated_duration=226.132928, duration=0.000150918960571
unknown measurement script
activate_detectors ('H2', 'H1', 'AX', 'L1', 'L2', 'CDD') {}
activate detectors
*************** Set Analysis View Ar/Ar
create graphs
clearing graphs
clear isotope group
setting isotope det=H2, iso=PM41
setting isotope det=H1, iso=Ar40
setting isotope det=AX, iso=Ar39
setting isotope det=L1, iso=Ar38
setting isotope det=L2, iso=Ar37
setting isotope det=CDD, iso=Ar36
setting previous blanks
 - setting Ar40 blank 0.099+/-0.007
 - setting Ar36 blank 0.00445+/-0.00017
 - setting Ar37 blank 0.068+/-0.005
 - setting Ar38 blank 0.0116+/-0.0020
 - setting PM41 blank 0.02+/-0.07
 - setting Ar39 blank 0.030+/-0.009
load analysis view
position_magnet ('Ar40',) {'detector': 'H1'}
detector Detector(H1)
POSITION Ar40 H1
setting detector H2 to PM41 (40.9624)
setting detector H1 to Ar40 (39.9624)
setting detector AX to Ar39 (38.9624)
setting detector L1 to Ar38 (37.9624)
setting detector L2 to Ar37 (36.9624)
setting detector CDD to Ar36 (35.9624)
Mapping mass to dac mass func: "parabolic"
H1 map mass coeffs = [-0.00063987  0.15840543  0.57137999]
H1 map mass to dac 39.9624 >> 5.87977
GetDeflection H1 ===>> 0
GetHighVoltage ===>> 4500
positioning Ar40 (5.87977) on H1
setting magnet DAC
current  : 5.879773
requested: 5.879770
Delta Dac: 0.000003
Checking detector protection. dv=0.00000
Checking detector "CDD". Protection Threshold: 0.1 (V)
SetMagnetDAC 5.87977 ===>> OK
Magnet settling time: 0.500
equilibrate () {'delay': 3, 'inlet': 'R', 'outlet': 'O', 'eqtime': 12.0}
Equilibration Started
12:44:37 -- ******* Equilibration Started *******
checking ownership. requestor=129.138.12.150
check software interlocks O
interlocks []
actuate state mode=None-script, software_lock=False
doing actuation None-script close_channel True
Close O ===>> OK
GetIndicatorState O ===>> False
change switch state (True, True)
update switch state O False args=() kw={} ncanvase=2
12:44:37 -- CLOSE  VALVE-O (Jan Ion Pump)
waiting 3s before opening inlet value ('R',)
update labels <pychron.experiment.plot_panel.PlotPanel object at 0x1c08903b0>
update labels "<pychron.graph.stacked_regression_graph.StackedRegressionGraph object at 0x1d058e0b0>"
setting label 0 H2 PM41
setting label 1 H1 Ar40
setting label 2 AX Ar39
setting label 3 L1 Ar38
setting label 4 L2 Ar37
setting label 5 CDD Ar36
update labels "<pychron.graph.stacked_graph.StackedGraph object at 0x1bd14e890>"
setting label 0 H2 PM41
setting label 1 H1 Ar40
setting label 2 AX Ar39
setting label 3 L1 Ar38
setting label 4 L2 Ar37
setting label 5 CDD Ar36
checking ownership. requestor=129.138.12.150
check software interlocks R
interlocks []
actuate state mode=None-script, software_lock=False
doing actuation None-script open_channel True
Open R ===>> OK
GetIndicatorState R ===>> OK
change switch state (True, True)
update switch state R True args=() kw={} ncanvase=2
12:44:40 -- OPEN   VALVE-R (Jan Inlet)
set_time_zero () {}
equilibrating for 12.0sec
sniff (12.0,) {}
py_sniff
build tables- sniff [Detector(H2), Detector(H1), Detector(AX), Detector(L1), Detector(L2), Detector(CDD)]
add group /sniff/PM41 (Group) '' table H2
add group /sniff/Ar40 (Group) '' table H1
add group /sniff/Ar39 (Group) '' table AX
add group /sniff/Ar38 (Group) '' table L1
add group /sniff/Ar37 (Group) '' table L2
add group /sniff/Ar36 (Group) '' table CDD
flush and close file /Users/jan/PychronDev/data/isotopes/87/b4e712-cdff-4a63-af4e-482570f796e4.h5
measuring sniff. ncounts=12.0
"sniff" increment series count="1" fit count="0" regressing="False"
starting measurement
GetData ===>> H2,0.0280030735091472,H1,86.0780480309623,AX,18.9928737694844,L1,-0.0129294166777684,L2,0.2282126...
GetData ===>> H2,0.998824308648698,H1,769.753561995213,AX,162.604553364046,L1,0.896225351137982,L2,1.3071983490...
GetData ===>> H2,0.565523603424585,H1,1141.06960761118,AX,232.968224882701,L1,2.02823024688214,L2,1.45754282923...
GetData ===>> H2,0.190197448227103,H1,1261.2680656986,AX,252.93573990084,L1,2.71843937771149,L2,1.4250933754232...
GetData ===>> H2,-0.00751135518562866,H1,1304.83426427646,AX,259.872231235188,L1,3.04537482219777,L2,1.42619551...
GetData ===>> H2,0.0297730102407822,H1,1322.35128901547,AX,262.504906478382,L1,3.26145548154286,L2,1.4665010783...
GetData ===>> H2,0.0587189268318584,H1,1330.24824178278,AX,263.612172733447,L1,3.37097692791342,L2,1.4569341579...
GetData ===>> H2,0.059816807004145,H1,1333.20392426959,AX,264.024115583127,L1,3.48355221018097,L2,1.50827129134...
GetData ===>> H2,0.0577152428493332,H1,1334.68679512579,AX,264.268517872852,L1,3.52236327217604,L2,1.5534406839...
GetData ===>> H2,-0.0280532720895374,H1,1335.35988881448,AX,264.608176315907,L1,3.51310774043851,L2,1.583662363...
GetData ===>> H2,-0.06465853515467,H1,1335.50476018768,AX,264.561345548459,L1,3.57488821962717,L2,1.38357722663...
GetData ===>> H2,-0.0552896866598957,H1,1334.97330659956,AX,264.425317077862,L1,3.60204899157309,L2,1.375647920...
Equilibration Finished
12:44:52 -- ******* Equilibration Finished *******
checking ownership. requestor=129.138.12.150
check software interlocks R
interlocks []
actuate state mode=None-script, software_lock=False
doing actuation None-script close_channel True
Close R ===>> OK
set states for children of R. state=False
handle state [('R', False)]
update switch state R False args=() kw={'refresh': False} ncanvase=2
refresh_canvas_needed fired
GetIndicatorState R ===>> False
change switch state (True, True)
update switch state R False args=() kw={} ncanvase=2
12:44:53 -- CLOSE  VALVE-R (Jan Inlet)
Post Equilibration Started jan_pump_extraction_line.py
12:44:53 -- ******* Post Equilibration Started jan_pump_extraction_line.py *******
testing...
no interpolation path defined
calculate duration
testing...
no interpolation path defined
executed snippet estimated_duration=4.0, duration=0.000164031982422
executed snippet estimated_duration=4.0, duration=0.00159406661987
Pump after analysis
doing GOSUB
testing...
no interpolation path defined
executed snippet estimated_duration=4.0, duration=0.000136137008667
Pump Microbone
close () {'description': 'Jan Inlet'}
closing name=--- desc=Jan Inlet
checking ownership. requestor=129.138.12.150
check software interlocks R
interlocks []
actuate state mode=None-script, software_lock=False
doing actuation None-script close_channel False
Close R ===>> OK
measurement finished
estimated time: 12.583 actual time: :12.658
flush and close file /Users/jan/PychronDev/data/isotopes/87/b4e712-cdff-4a63-af4e-482570f796e4.h5
set_fits () {}
using default fits file=/Users/jan/PychronDev/scripts/measurement/fits/nominal_linear.yaml
set "Ar40" to "('Linear', 'SEM')"
No fit for "PM41". defaulting to linear. check the measurement script "jan_unknown120_60.py"
set "PM41" to "linear"
set "Ar36" to "('Linear', 'SEM')"
set "Ar37" to "('linear', 'SEM')"
set "Ar38" to "('linear', 'SEM')"
set "Ar39" to "('Linear', 'SEM')"
set_baseline_fits () {}
using default fits file=/Users/jan/PychronDev/scripts/measurement/fits/nominal_linear.yaml
GetIndicatorState R ===>> False
change switch state (True, True)
update switch state R False args=() kw={} ncanvase=2
set "H1" to "('average', 'SEM')"
set "H2" to "('average', 'SEM')"
set "CDD" to "('average', 'SEM')"
set "L2" to "('average', 'SEM')"
set "L1" to "('average', 'SEM')"
set "AX" to "('average', 'SEM')"
multicollect () {'integration_time': 1, 'ncounts': 120}
build tables- signal [Detector(H2), Detector(H1), Detector(AX), Detector(L1), Detector(L2), Detector(CDD)]
12:44:53 -- CLOSE  VALVE-R (Jan Inlet)
add group /signal/PM41 (Group) '' table H2
---------------------------------------- close None (Jan Inlet) result=[(True, True)]
add group /signal/Ar40 (Group) '' table H1
add group /signal/Ar39 (Group) '' table AX
add group /signal/Ar38 (Group) '' table L1
add group /signal/Ar37 (Group) '' table L2
add group /signal/Ar36 (Group) '' table CDD
flush and close file /Users/jan/PychronDev/data/isotopes/87/b4e712-cdff-4a63-af4e-482570f796e4.h5
measuring signal. ncounts=120
action=close, ok=True, locked=[False]
is_closed ('F',) {}
is F () closed?
is closed True
open () {'description': 'CO2 Laser to Jan'}
opening name=--- desc=CO2 Laser to Jan
checking ownership. requestor=129.138.12.150
check software interlocks A
interlocks []
actuate state mode=None-script, software_lock=False
doing actuation None-script open_channel False
Open A ===>> OK
GetIndicatorState A ===>> OK
change switch state (True, True)
update switch state A True args=() kw={} ncanvase=2
12:44:54 -- OPEN   VALVE-A (CO2 Laser to Jan)
---------------------------------------- open None (CO2 Laser to Jan) result=[(True, True)], time=0.13 sec
"signal" increment series count="2" fit count="1" regressing="True"
starting measurement
GetData ===>> H2,0.0344755659337851,H1,1334.92270855513,AX,264.250741943678,L1,3.58187206283611,L2,1.4305467837...
action=open, ok=True, locked=[False]
sleep (1,) {}
SLEEP 1.0
GetData ===>> H2,0.146095144308624,H1,1335.31010151942,AX,264.637515686552,L1,3.61906604290528,L2,1.54644659358...
close () {'description': 'CO2 Laser to Roughing'}
closing name=--- desc=CO2 Laser to Roughing
checking ownership. requestor=129.138.12.150
check software interlocks G
interlocks []
actuate state mode=None-script, software_lock=True
VALVE-G(CO2 Laser to Roughing) software locked
change switch state (True, False)
---------------------------------------- close None (CO2 Laser to Roughing) result=[(True, False)]
action=close, ok=True, locked=[True]
open () {'description': 'Microbone to Turbo'}
opening name=--- desc=Microbone to Turbo
checking ownership. requestor=129.138.12.150
check software interlocks U
interlocks []
actuate state mode=None-script, software_lock=False
doing actuation None-script open_channel True
Open U ===>> OK
GetIndicatorState U ===>> OK
change switch state (True, True)
update switch state U True args=() kw={} ncanvase=2
12:44:55 -- OPEN   VALVE-U (Microbone to Turbo)
---------------------------------------- open None (Microbone to Turbo) result=[(True, True)], time=0.17 sec
action=open, ok=True, locked=[False]
open () {'description': 'Microbone to Getter NP-10'}
opening name=--- desc=Microbone to Getter NP-10
checking ownership. requestor=129.138.12.150
check software interlocks M
interlocks []
actuate state mode=None-script, software_lock=False
doing actuation None-script open_channel False
Open M ===>> OK
GetIndicatorState M ===>> OK
change switch state (True, True)
update switch state M True args=() kw={} ncanvase=2
12:44:56 -- OPEN   VALVE-M (Microbone to Getter NP-10)
---------------------------------------- open None (Microbone to Getter NP-10) result=[(True, True)], time=0.13 sec
action=open, ok=True, locked=[False]
open () {'description': 'Microbone to Getter D-50'}
opening name=--- desc=Microbone to Getter D-50
checking ownership. requestor=129.138.12.150
check software interlocks K
interlocks []
actuate state mode=None-script, software_lock=False
doing actuation None-script open_channel False
GetData ===>> H2,0.0762742009855984,H1,1334.58700139643,AX,264.13556928083,L1,3.66836325760983,L2,1.41782647096...
Open K ===>> OK
GetIndicatorState K ===>> OK
change switch state (True, True)
update switch state K True args=() kw={} ncanvase=2
12:44:56 -- OPEN   VALVE-K (Microbone to Getter D-50)
---------------------------------------- open None (Microbone to Getter D-50) result=[(True, True)], time=0.41 sec
action=open, ok=True, locked=[False]
open () {'description': 'Microbone to CO2 Laser'}
opening name=--- desc=Microbone to CO2 Laser
checking ownership. requestor=129.138.12.150
check software interlocks T
interlocks []
actuate state mode=None-script, software_lock=False
doing actuation None-script open_channel False
Open T ===>> OK
GetIndicatorState T ===>> OK
change switch state (True, True)
update switch state T True args=() kw={} ncanvase=2
12:44:57 -- OPEN   VALVE-T (Microbone to CO2 Laser)
---------------------------------------- open None (Microbone to CO2 Laser) result=[(True, True)], time=0.41 sec
GetData ===>> H2,-0.0884377483776837,H1,1334.54867346134,AX,264.310064221614,L1,3.71213044994863,L2,1.515464579...
action=open, ok=True, locked=[False]
open () {'description': 'Microbone to Inlet Pipette'}
opening name=--- desc=Microbone to Inlet Pipette
checking ownership. requestor=129.138.12.150
check software interlocks S
interlocks []
actuate state mode=None-script, software_lock=False
doing actuation None-script open_channel False
Open S ===>> OK
GetIndicatorState S ===>> OK
change switch state (True, True)
update switch state S True args=() kw={} ncanvase=2
12:44:58 -- OPEN   VALVE-S (Microbone to Inlet Pipette)
---------------------------------------- open None (Microbone to Inlet Pipette) result=[(True, True)], time=0.40 sec
action=open, ok=True, locked=[False]
sleep (1,) {}
SLEEP 1.0
GetData ===>> H2,-0.150636178028539,H1,1333.97577269633,AX,264.078181769062,L1,3.69256670072225,L2,1.4646404504...
set_resource () {'name': 'CO2PumpTimeFlag', 'value': 30}
Set CO2PumpTimeFlag 30 ===>> OK
release ('JanCO2Flag',) {}
release JanCO2Flag
Set JanCO2Flag 0 ===>> OK
executed snippet estimated_duration=6.0, duration=5.90296697617
PumpMicrobone.py completed successfully
gosub finished
get_resource_value () {'name': 'JanMiniboneFlag'}
Read JanMiniboneFlag ===>> 0
Get Resource Value JanMiniboneFlag=0.0
get resource value 0.0
get_resource_value () {'name': 'JanMiniboneFlag'}
Read JanMiniboneFlag ===>> 0
Get Resource Value JanMiniboneFlag=0.0
executed snippet estimated_duration=4.0, duration=5.91683387756
jan_pump_extraction_line.py completed successfully
Post Equilibration Finished
12:44:59 -- ******* Post Equilibration Finished *******
GetData ===>> H2,-0.247073485207328,H1,1332.9550866518,AX,263.820248571962,L1,3.65323696727972,L2,1.41368239958...
GetData ===>> H2,-0.241895610687181,H1,1332.45894083035,AX,263.943245178427,L1,3.59137478010657,L2,1.4889233208...
GetData ===>> H2,-0.149962324997075,H1,1331.26503261128,AX,263.913318665378,L1,3.60170394987935,L2,1.4364712570...
GetData ===>> H2,-0.110699375387397,H1,1330.33561594522,AX,263.764997402853,L1,3.61206098041384,L2,1.4167359085...
GetData ===>> H2,-0.0568415239138223,H1,1330.21750081239,AX,263.527158370629,L1,3.61429739458898,L2,1.470612963...
GetData ===>> H2,0.00323730968835914,H1,1329.79163017621,AX,263.526530370325,L1,3.61640538811888,L2,1.360158396...
GetData ===>> H2,-0.0602144125119263,H1,1329.82227050694,AX,263.467778999954,L1,3.64924348996767,L2,1.422395487...
GetData ===>> H2,-0.0790644356993763,H1,1329.02800317723,AX,263.309158088611,L1,3.62917242635136,L2,1.327090653...
GetData ===>> H2,-0.137605757473918,H1,1328.22456788964,AX,263.312951352903,L1,3.58408345408418,L2,1.5011704568...
GetData ===>> H2,-0.11913338534917,H1,1328.04623588546,AX,263.27278414732,L1,3.5804098037102,L2,1.5557721601006...
GetData ===>> H2,-0.0880447303920822,H1,1327.22782103739,AX,262.989924941964,L1,3.6010916669724,L2,1.3795264288...
GetData ===>> H2,-0.0497480102648631,H1,1326.67770102491,AX,262.698343341762,L1,3.57760336793154,L2,1.344943275...
GetData ===>> H2,-0.0948203552884911,H1,1326.58425774331,AX,262.82816869465,L1,3.59287798923548,L2,1.3613401017...
GetData ===>> H2,-0.0922289965230223,H1,1325.7536748567,AX,262.683895595196,L1,3.60578570008523,L2,1.4431654315...
GetData ===>> H2,-0.140166003445849,H1,1325.0923371679,AX,262.636687814372,L1,3.59020402100327,L2,1.44633470554...
GetData ===>> H2,-0.172936490729353,H1,1324.83633905452,AX,262.633689958794,L1,3.53468022605715,L2,1.3679372684...
GetData ===>> H2,-0.155915606493554,H1,1324.70959856206,AX,262.456463362755,L1,3.5701590425968,L2,1.38364608019...
GetData ===>> H2,-0.0778936172684423,H1,1323.72259870287,AX,262.149718420678,L1,3.58649879257561,L2,1.440030708...
GetData ===>> H2,-0.107209528089973,H1,1323.23944394365,AX,262.136649134424,L1,3.55968111877043,L2,1.4123852615...
12:45:19 -- collecting point 25
GetData ===>> H2,-0.166617393884364,H1,1322.73791125418,AX,262.167793748419,L1,3.59594721999337,L2,1.4820421702...
GetData ===>> H2,-0.0541582314221021,H1,1322.0119374002,AX,261.991875145515,L1,3.60651139719115,L2,1.4352656660...
GetData ===>> H2,-0.0784275471037888,H1,1321.24294377371,AX,262.156852388253,L1,3.58210943204861,L2,1.440467037...
GetData ===>> H2,-0.133511407486304,H1,1321.06391168048,AX,261.988773266936,L1,3.57902267253351,L2,1.4051193153...
GetData ===>> H2,-0.140132213043564,H1,1320.92818755448,AX,261.92798540237,L1,3.57691780852241,L2,1.44864282935...
GetData ===>> H2,-0.121144875358024,H1,1320.73430183633,AX,261.514012004354,L1,3.55583239217618,L2,1.4492629317...
GetData ===>> H2,-0.170919566505469,H1,1320.01448641535,AX,261.383380839547,L1,3.572519862923,L2,1.432291939560...
GetData ===>> H2,-0.213572586767474,H1,1319.77213225498,AX,261.387892969539,L1,3.54103245201709,L2,1.5084436482...
GetData ===>> H2,-0.276018637027539,H1,1318.92649273042,AX,261.289624849706,L1,3.51701667677552,L2,1.3763593515...
GetData ===>> H2,-0.235573742967484,H1,1318.17571848111,AX,261.521161975828,L1,3.5604480334567,L2,1.40047077467...
GetData ===>> H2,-0.178616383338188,H1,1317.18446193591,AX,261.337612229952,L1,3.58313243467091,L2,1.4693610024...
GetData ===>> H2,-0.0278440526251736,H1,1316.48222901458,AX,260.944415480647,L1,3.56119192852074,L2,1.387341293...
GetData ===>> H2,-0.173519240750492,H1,1316.14671245649,AX,261.074237499022,L1,3.57828755332743,L2,1.3633478872...
GetData ===>> H2,-0.153890245025393,H1,1315.93181825849,AX,260.732024353995,L1,3.57246899648874,L2,1.3701746709...
GetData ===>> H2,-0.089398552380908,H1,1315.10169219219,AX,260.650073489411,L1,3.56416373991217,L2,1.4474945021...
GetData ===>> H2,-0.0890245396005026,H1,1314.55516025761,AX,260.896770500558,L1,3.55465048377875,L2,1.443682153...
GetData ===>> H2,-0.112346881457424,H1,1314.83295092967,AX,260.939229703255,L1,3.5706718558776,L2,1.40451097506...
GetData ===>> H2,-0.0658296074223806,H1,1314.31713233734,AX,260.536122612459,L1,3.55960483828501,L2,1.336665217...
GetData ===>> H2,-0.0558078936020956,H1,1313.65954193923,AX,260.399857425782,L1,3.55967123053165,L2,1.481295497...
GetData ===>> H2,-0.0370542227237576,H1,1312.38332582382,AX,260.064247430585,L1,3.51344036558079,L2,1.453385565...
GetData ===>> H2,-0.0885854654179238,H1,1312.22424692138,AX,260.221974031751,L1,3.5369871138868,L2,1.3743971928...
GetData ===>> H2,-0.0256456575407878,H1,1311.82559076612,AX,260.157816110408,L1,3.53250778864309,L2,1.422338086...
GetData ===>> H2,-0.0977510078046423,H1,1311.19578115561,AX,259.987292999849,L1,3.54442773293205,L2,1.398932788...
GetData ===>> H2,-0.184942887989193,H1,1310.34286683919,AX,260.126543313926,L1,3.49403103539927,L2,1.3932975408...
GetData ===>> H2,-0.322273418801023,H1,1309.5331754973,AX,260.113414353137,L1,3.50056740950119,L2,1.42341723193...
12:45:45 -- collecting point 50
GetData ===>> H2,-0.131658458399178,H1,1309.14741917731,AX,259.870009918527,L1,3.52371772116097,L2,1.3878003359...
GetData ===>> H2,-0.150694243649984,H1,1308.63812157426,AX,259.771724848324,L1,3.56754446357395,L2,1.4127066746...
GetData ===>> H2,-0.139090067613002,H1,1308.61051361137,AX,259.793523186201,L1,3.55027266057799,L2,1.3764970483...
GetData ===>> H2,-0.100477840131791,H1,1307.53995228947,AX,259.671854104066,L1,3.5488005734074,L2,1.28611676224...
GetData ===>> H2,-0.0510508995066625,H1,1307.68583667781,AX,259.585144604268,L1,3.52811898888978,L2,1.454855516...
GetData ===>> H2,-0.0521175290954348,H1,1307.04520209861,AX,259.183579966091,L1,3.51073171598494,L2,1.503353505...
GetData ===>> H2,-0.131351407684049,H1,1306.19099803589,AX,259.108795173754,L1,3.51345305062309,L2,1.4069214025...
GetData ===>> H2,-0.132206259524538,H1,1305.75209039718,AX,258.986015240599,L1,3.51770471559952,L2,1.3656081301...
GetData ===>> H2,-0.135803506066701,H1,1305.23402461136,AX,259.08532351127,L1,3.51456233971429,L2,1.32332537795...
GetData ===>> H2,-0.104167634742466,H1,1304.42599421878,AX,258.947839554418,L1,3.47998230188752,L2,1.5115231426...
GetData ===>> H2,-0.226640925579085,H1,1303.96986611086,AX,258.809002337894,L1,3.48823866047534,L2,1.4147614481...
GetData ===>> H2,-0.228061334848445,H1,1304.00581510148,AX,258.602750731682,L1,3.50534303855687,L2,1.4054177478...
GetData ===>> H2,-0.0748996225285516,H1,1303.39861698107,AX,258.68475791033,L1,3.48607956622612,L2,1.3362863497...
GetData ===>> H2,-0.0877181085565095,H1,1302.59918162867,AX,258.372569126606,L1,3.48037931216502,L2,1.343553981...
GetData ===>> H2,-0.147197622936963,H1,1302.36321921976,AX,258.43151528947,L1,3.46903036432683,L2,1.40293849057...
GetData ===>> H2,-0.200985892140513,H1,1301.65926601277,AX,258.287889557435,L1,3.46193244144252,L2,1.3918285284...
invalid checksum "None". error=int() argument must be a string or a number, not 'NoneType'
State checksums do not match. Local:696195394 Remote:None
State checksum failed
GetData ===>> H2,-0.190489331175411,H1,1300.31202851316,AX,258.112322918014,L1,3.45950132702604,L2,1.2923822281...
GetData ===>> H2,-0.14024439679148,H1,1299.93945804458,AX,258.004828845994,L1,3.47150889335448,L2,1.43391082948...
GetData ===>> H2,-0.0832182424876814,H1,1299.77833589776,AX,258.08348069871,L1,3.48480315569381,L2,1.4671098101...
GetData ===>> H2,-0.0431639724514122,H1,1299.18393809749,AX,257.875475972799,L1,3.50306292353648,L2,1.436964979...
GetData ===>> H2,-0.154101040007989,H1,1298.80617535476,AX,257.877876555193,L1,3.48855256426544,L2,1.3883970945...
GetData ===>> H2,-0.210630972131475,H1,1297.85528751356,AX,257.608837265546,L1,3.51258486135136,L2,1.3990246077...
GetData ===>> H2,-0.130668291487929,H1,1298.05751992466,AX,257.791983922151,L1,3.48411504891121,L2,1.3226481031...
GetData ===>> H2,-0.133504645448529,H1,1297.46386345379,AX,257.803820875254,L1,3.49697618239425,L2,1.4606551521...
GetData ===>> H2,-0.115481491792394,H1,1296.49763550309,AX,257.246309582365,L1,3.53440794419011,L2,1.4376194528...
12:46:12 -- collecting point 75
GetData ===>> H2,-0.1334383772651,H1,1296.24597656701,AX,257.374883775498,L1,3.50724182687894,L2,1.465995719098...
GetData ===>> H2,-0.222926822390885,H1,1296.04526120458,AX,257.542895479644,L1,3.49988542917635,L2,1.3469870668...
GetData ===>> H2,-0.0229507544882919,H1,1295.52630468807,AX,257.375880375921,L1,3.45119154403395,L2,1.428480192...
GetData ===>> H2,-0.0785156295665519,H1,1295.12799406828,AX,257.360877964103,L1,3.46432231122997,L2,1.276019433...
GetData ===>> H2,-0.0662968223642191,H1,1294.29630422803,AX,257.128743382893,L1,3.47565969566916,L2,1.446931826...
GetData ===>> H2,-0.136355163309927,H1,1293.46994306897,AX,256.883769714654,L1,3.49499858523543,L2,1.4118342700...
GetData ===>> H2,-0.0869345185092344,H1,1293.10898521323,AX,256.949169608554,L1,3.47190702569197,L2,1.451869702...
GetData ===>> H2,-0.0845930269538215,H1,1293.19879111943,AX,256.745806857953,L1,3.51359258698637,L2,1.370140249...
GetData ===>> H2,-0.0686827713667637,H1,1292.83255250358,AX,256.773008668561,L1,3.46668032172899,L2,1.343553981...
GetData ===>> H2,-0.190099699035039,H1,1291.49593272778,AX,256.489787211362,L1,3.4476599016057,L2,1.46006943059...
GetData ===>> H2,-0.196488692664738,H1,1291.49726637202,AX,256.406846104959,L1,3.46788130240047,L2,1.3710696465...
GetData ===>> H2,-0.150150035577216,H1,1290.81763431591,AX,256.408539922009,L1,3.43617626130643,L2,1.4574739228...
GetData ===>> H2,-0.162313586998059,H1,1290.15842736335,AX,256.364424169954,L1,3.47362913784593,L2,1.4184234156...
GetData ===>> H2,-0.145688705393819,H1,1289.56137724253,AX,256.269823503243,L1,3.49339590383168,L2,1.3117320095...
GetData ===>> H2,-0.167012862500536,H1,1288.83459390036,AX,255.988002259267,L1,3.48521829062293,L2,1.4727034309...
GetData ===>> H2,-0.209281129067966,H1,1288.55592697901,AX,255.905751155859,L1,3.44646418912198,L2,1.4568193146...
GetData ===>> H2,-0.120860826422922,H1,1288.90257575482,AX,256.155053229568,L1,3.51762857818664,L2,1.4566355658...
GetData ===>> H2,-0.0785413766191389,H1,1288.5165320829,AX,255.919820061374,L1,3.49376064262112,L2,1.3608123479...
GetData ===>> H2,-0.0668095926645972,H1,1287.2848103321,AX,255.934990762599,L1,3.49585353143403,L2,1.4023645975...
GetData ===>> H2,-0.12632954827211,H1,1286.80293849717,AX,255.689898562917,L1,3.48837801583703,L2,1.39229906905...
GetData ===>> H2,-0.144324157663893,H1,1286.03131036235,AX,255.547919840091,L1,3.50355017491381,L2,1.3373770337...
GetData ===>> H2,-0.0245748394071901,H1,1285.61502032148,AX,255.179534117846,L1,3.45948866808363,L2,1.386021558...
GetData ===>> H2,-0.124325737942423,H1,1284.94695107825,AX,255.14235757565,L1,3.44401132064748,L2,1.35468602618...
GetData ===>> H2,-0.182359553804662,H1,1284.93137253605,AX,255.201971673477,L1,3.45893309454372,L2,1.4414545262...
GetData ===>> H2,-0.0552340661885405,H1,1284.22830205222,AX,255.161762588809,L1,3.46681250799629,L2,1.412385261...
12:46:38 -- collecting point 100
GetData ===>> H2,-0.110281030541555,H1,1283.64338562328,AX,255.350667974865,L1,3.48944505378957,L2,1.4427865036...
GetData ===>> H2,-0.061646265650551,H1,1282.53650379759,AX,255.041887682266,L1,3.43678461889998,L2,1.4524324062...
GetData ===>> H2,-0.0353355197087727,H1,1282.75030340281,AX,254.835948873128,L1,3.40629104640896,L2,1.362957799...
GetData ===>> H2,-0.111292342652092,H1,1282.21474071032,AX,254.870881686247,L1,3.35367282902874,L2,1.3103546723...
GetData ===>> H2,-0.099982347256249,H1,1281.48500187887,AX,254.746416397095,L1,3.42430903356645,L2,1.4396173463...
GetData ===>> H2,-0.199746812298344,H1,1281.30099480537,AX,254.477681474655,L1,3.4785633104234,L2,1.36785695236...
GetData ===>> H2,-0.172968866517125,H1,1280.21156423722,AX,254.504609929181,L1,3.46047751304198,L2,1.3561888892...
GetData ===>> H2,-0.055590846444597,H1,1280.47749482012,AX,254.428463748054,L1,3.45537382503786,L2,1.4166211132...
GetData ===>> H2,-0.0498470893710133,H1,1280.40758457352,AX,254.139909970869,L1,3.43324731146791,L2,1.430500858...
GetData ===>> H2,0.0230282967981437,H1,1279.86539895934,AX,254.217016819515,L1,3.43941229752881,L2,1.3975784625...
GetData ===>> H2,-0.0348888316985539,H1,1279.24876610585,AX,254.286781762734,L1,3.46908240527455,L2,1.408780916...
GetData ===>> H2,-0.106372006155634,H1,1278.74332036508,AX,254.047942300178,L1,3.46926806674108,L2,1.5260831290...
GetData ===>> H2,-0.0739249472101831,H1,1277.43449035955,AX,254.008898229775,L1,3.44010093048768,L2,1.275950591...
GetData ===>> H2,-0.126889253939477,H1,1276.95355894533,AX,253.837270904712,L1,3.43013794258588,L2,1.2985792438...
GetData ===>> H2,-0.112980369884893,H1,1276.75456079632,AX,253.887569235457,L1,3.42952290717322,L2,1.3496624319...
GetData ===>> H2,-0.0638872423466253,H1,1276.40523840108,AX,253.517383616923,L1,3.42482414130799,L2,1.441994204...
GetData ===>> H2,0.0686119806746493,H1,1275.74772820219,AX,253.35192655357,L1,3.42357500885638,L2,1.43296934409...
GetData ===>> H2,-0.100565835241076,H1,1275.09635563893,AX,253.601419382609,L1,3.43898367895524,L2,1.3730661605...
GetData ===>> H2,-0.14038631440103,H1,1274.47186816544,AX,253.184826959151,L1,3.42803459812936,L2,1.42186739916...
GetData ===>> H2,-0.165870959871176,H1,1274.12917307394,AX,253.131481293839,L1,3.42503748952893,L2,1.4421779254...
GetData ===>> H2,-0.0819530230256244,H1,1273.62271515195,AX,253.33726969829,L1,3.45220640169562,L2,1.3866297816...
measurement finished
estimated time: 125.829 actual time: :126.107
flush and close file /Users/jan/PychronDev/data/isotopes/87/b4e712-cdff-4a63-af4e-482570f796e4.h5
baselines () {'settling_time': 15.0, 'detector': 'H1', 'mass': 34.2, 'ncounts': 60}
%%%%%%%%%%%%%%%%%%%%%%%%%%%%%%%% Baseline
build tables- baseline [Detector(H2), Detector(H1), Detector(AX), Detector(L1), Detector(L2), Detector(CDD)]
add group baseline table H2
add group baseline table H1
add group baseline table AX
add group baseline table L1
add group baseline table L2
add group baseline table CDD
flush and close file /Users/jan/PychronDev/data/isotopes/87/b4e712-cdff-4a63-af4e-482570f796e4.h5
detector Detector(H1)
POSITION 34.2 H1
Mapping mass to dac mass func: "parabolic"
H1 map mass coeffs = [-0.00063987  0.15840543  0.57137999]
H1 map mass to dac 34.2 >> 5.24042599104
GetDeflection H1 ===>> 0
GetHighVoltage ===>> 4500
positioning 34.2 (5.24042599104) on H1
setting magnet DAC
current  : 5.879770
requested: 5.240426
Delta Dac: 0.639344
Checking detector protection. dv=0.63934
Checking detector "CDD". Protection Threshold: 0.1 (V)
ProtectDetector CDD,On ===>> OK
GetDeflection CDD ===>> 2000
Protected = 2000
SetMagnetDAC 5.24042599104 ===>> OK
Magnet settling time: 0.500
GetMagnetMoving ===>> True
GetMagnetMoving ===>> True
GetMagnetMoving ===>> True
GetMagnetMoving ===>> True
GetMagnetMoving ===>> True
GetMagnetMoving ===>> True
GetMagnetMoving ===>> True
GetMagnetMoving ===>> True
GetMagnetMoving ===>> False
ProtectDetector CDD,Off ===>> OK
GetDeflection CDD ===>> 50
Delaying 15.0s for detectors to settle
Join finished
measuring baseline. ncounts=60
"baseline" increment series count="2" fit count="1" regressing="True"
starting measurement
GetData ===>> H2,-0.18624175185383,H1,-0.110781646744962,AX,-0.0434000379447558,L1,-0.0434502936541283,L2,-0.01...
GetData ===>> H2,-0.166956175014027,H1,-0.0758753941432875,AX,-0.0432956774112973,L1,-0.0412553389198721,L2,-0....
GetData ===>> H2,-0.103145819673377,H1,-0.0501735584923278,AX,-0.0954619868263408,L1,-0.0478208130257167,L2,0.0...
GetData ===>> H2,-0.119364718072651,H1,-0.0788194780089178,AX,-0.187699337053057,L1,-0.0777962918161726,L2,-0.0...
GetData ===>> H2,-0.156110151853608,H1,-0.0521288466216461,AX,-0.099216881974341,L1,-0.0523724631871859,L2,-0.0...
GetData ===>> H2,-0.17508933041939,H1,-0.057279178843017,AX,-0.166662231642428,L1,-0.051511110344191,L2,-0.0683...
GetData ===>> H2,-0.275729860897139,H1,-0.101368049334316,AX,-0.147684365642618,L1,-0.0842552065221014,L2,0.033...
GetData ===>> H2,-0.186759637318561,H1,-0.0542390842378502,AX,-0.163520763708755,L1,-0.0834414975536235,L2,0.04...
GetData ===>> H2,-0.116168933112885,H1,0.0566980948495612,AX,-0.147707554054765,L1,-0.0557969839275193,L2,-0.00...
GetData ===>> H2,-0.158513322250347,H1,-0.0298434520439759,AX,-0.0480613609698548,L1,-0.0283122451751426,L2,-0....
GetData ===>> H2,-0.0995667122520239,H1,0.0263033957665694,AX,-0.0934685885397955,L1,-0.045939244806479,L2,-0.1...
GetData ===>> H2,-0.165062380020603,H1,0.0325438787868616,AX,-0.0581949098467469,L1,-0.0354632910067028,L2,-0.0...
GetData ===>> H2,-0.0802676512816173,H1,0.0107575742678947,AX,-0.124697665441461,L1,-0.041236177356918,L2,0.019...
GetData ===>> H2,-0.159889613634253,H1,-0.0190984257320668,AX,-0.181104723165039,L1,-0.0538820451246805,L2,0.02...
GetData ===>> H2,-0.245776548283151,H1,-0.0367001078379613,AX,0.0444763545788123,L1,-0.0485939252975741,L2,-0.0...
GetData ===>> H2,-0.249392532093716,H1,0.0386892852158428,AX,-0.0383094326272088,L1,-0.0582171074370309,L2,0.02...
GetData ===>> H2,-0.14354453541167,H1,-0.0589720542367942,AX,-0.126076380618017,L1,-0.00756176553929355,L2,-0.1...
GetData ===>> H2,-0.123751030703629,H1,-0.0736106553007375,AX,-0.071329850664453,L1,0.0192037785346884,L2,-0.07...
GetData ===>> H2,-0.188457434165318,H1,0.0190849666036331,AX,-0.192404535100387,L1,-0.0278929495003923,L2,0.001...
GetData ===>> H2,-0.234247120465494,H1,0.016150018624317,AX,0.022926246346814,L1,-0.0159416662375398,L2,-0.0063...
GetData ===>> H2,-0.259737692615923,H1,0.0180827795704498,AX,-0.0877315457919902,L1,-0.0167164725818902,L2,0.10...
GetData ===>> H2,-0.260619916042131,H1,0.00414864705196041,AX,-0.14497128326231,L1,0.0103962971976115,L2,0.0165...
GetData ===>> H2,-0.238050315864615,H1,-0.0127057207451429,AX,-0.0672029111211115,L1,-0.0158589047576469,L2,-0....
GetData ===>> H2,-0.153286214617242,H1,0.0806740225985038,AX,-0.115138808584488,L1,-0.0474880931483311,L2,-0.04...
12:47:43 -- collecting point 25
GetData ===>> H2,-0.250221031943898,H1,0.044978276101726,AX,-0.129378266098347,L1,-0.01048393555306,L2,-0.08537...
GetData ===>> H2,-0.196341677562887,H1,0.048331770482535,AX,-0.16371783294592,L1,-0.00939886269704755,L2,-0.017...
GetData ===>> H2,-0.247481101621292,H1,-0.00572814201780221,AX,-0.074332205117745,L1,-0.0754693943318556,L2,-0....
GetData ===>> H2,-0.204661884219,H1,0.0613768577595543,AX,-0.0264689767053907,L1,-0.0203486312264207,L2,-0.0548...
GetData ===>> H2,-0.181033258239721,H1,0.00525805742748204,AX,-0.0917533061596152,L1,0.0294563394290861,L2,0.08...
GetData ===>> H2,-0.126132157564409,H1,-0.02058920307324,AX,-0.0590064756719841,L1,0.0206153720908571,L2,-0.120...
GetData ===>> H2,-0.146372268566149,H1,-0.014196593302329,AX,-0.029600285366942,L1,6.12114335846399E-05,L2,0.02...
GetData ===>> H2,-0.170224690037174,H1,0.0183094638546823,AX,-0.00606661425779225,L1,-0.00438562669338782,L2,-0...
GetData ===>> H2,-0.117661403574833,H1,0.118107441789106,AX,-0.0876735941394679,L1,-0.00782799751918149,L2,-0.0...
GetData ===>> H2,-0.159741052444415,H1,0.0538933290421763,AX,-0.11442040806156,L1,-0.0233154997500923,L2,-0.007...
GetData ===>> H2,-0.250221031943898,H1,-0.0425189533050261,AX,-0.106100480046299,L1,-0.0360732005214017,L2,-0.1...
GetData ===>> H2,-0.270417747309813,H1,0.0953331818651872,AX,-0.15109300290397,L1,-0.0221456391214261,L2,-0.016...
GetData ===>> H2,-0.335625763929303,H1,0.00739340877935493,AX,-0.151661097500645,L1,-0.00923579191431763,L2,-0....
GetData ===>> H2,-0.291066657737701,H1,0.018583871832978,AX,-0.0478294596292371,L1,-0.00820574702899198,L2,0.02...
GetData ===>> H2,-0.0887521529841147,H1,0.0213399241113744,AX,-0.0842891577599224,L1,-0.0060577823958925,L2,0.0...
GetData ===>> H2,-0.154368581841186,H1,0.0598252029732073,AX,-0.0430057864534973,L1,-0.0453442990906494,L2,-0.0...
GetData ===>> H2,-0.258250025339503,H1,-0.0289252207332556,AX,0.0231699204208185,L1,-0.0324168253834861,L2,-0.0...
GetData ===>> H2,-0.256086039887666,H1,-0.0413981364280723,AX,-0.00557941062945298,L1,-0.00862545208137573,L2,-...
GetData ===>> H2,-0.213634535623737,H1,-0.0489932136298997,AX,-0.126481881362994,L1,-0.0340296931406936,L2,-0.0...
GetData ===>> H2,-0.212904594928812,H1,-0.0217341049966844,AX,-0.168737167731663,L1,0.00925134980424247,L2,-0.0...
GetData ===>> H2,-0.122857134092058,H1,-0.0412192815098188,AX,-0.0416838727388667,L1,0.00974699764166591,L2,-0....
GetData ===>> H2,-0.238433399315619,H1,0.00957652456909943,AX,-0.0857959419200416,L1,-0.00498542754029342,L2,0....
GetData ===>> H2,-0.240544236124659,H1,-0.0702730519962057,AX,-0.0619628367985552,L1,-0.0230002740582383,L2,-0....
GetData ===>> H2,-0.218686027474327,H1,0.0435104117686215,AX,-0.0479106251612756,L1,-0.00737947651909383,L2,-0....
GetData ===>> H2,-0.198557491600672,H1,0.0156489385442661,AX,0.0133422165501203,L1,-0.028180468418346,L2,-0.060...
12:48:10 -- collecting point 50
GetData ===>> H2,-0.126797323502099,H1,-0.0361754412093294,AX,-0.0477251038456977,L1,-0.0214335876671247,L2,-0....
GetData ===>> H2,-0.132602553481623,H1,0.0221035191179777,AX,-0.0847527861406999,L1,0.0117418366793814,L2,-0.01...
GetData ===>> H2,-0.131546189718021,H1,-0.00532259257111074,AX,-0.0556674186282965,L1,-0.00463154936259468,L2,-...
GetData ===>> H2,-0.275185867167227,H1,-0.0570645869591544,AX,0.0492581776007423,L1,-0.0483306429692671,L2,0.06...
GetData ===>> H2,-0.167128935992679,H1,0.00129763807754664,AX,-0.0118432714034223,L1,-0.0512239763146247,L2,-0....
GetData ===>> H2,-0.157760951009245,H1,-0.00621718475348736,AX,-0.196866150540485,L1,0.00591566216296834,L2,-0....
GetData ===>> H2,-0.205691540923316,H1,0.0747227062717794,AX,-0.0797570739921986,L1,-0.0231141399915901,L2,-0.0...
GetData ===>> H2,-0.276062960150965,H1,-0.0404323160719809,AX,-0.0520499775345671,L1,-0.0311007156005346,L2,-0....
GetData ===>> H2,-0.201877028882043,H1,-0.0160094644130691,AX,-0.0060318140794901,L1,-0.0537253558097822,L2,0.0...
GetData ===>> H2,-0.152624041396324,H1,0.110567144778684,AX,-0.0469598246803293,L1,-0.031236046936828,L2,0.0352...
GetData ===>> H2,-0.147670384795349,H1,0.0253846576941498,AX,-0.0688606634877054,L1,-0.0154354911747869,L2,0.06...
measurement finished
estimated time: 62.915 actual time: :63.106
flush and close file /Users/jan/PychronDev/data/isotopes/87/b4e712-cdff-4a63-af4e-482570f796e4.h5
activate_detectors ('H1', 'AX', 'CDD') {'peak_center': True}
peak_center () {'detector': 'H1', 'integration_time': 0.262144, 'isotope': 'Ar40'}
peak center: mean=1275.93590091 threshold=3
peak center started
setup peak center. detector=['H1', 'AX', 'CDD'], isotope=Ar40
VersionedUnpickler [<apptools.sweet_pickle.versioned_unpickler.VersionedUnpickler object at 0x1d40905f0>] using Updater [<apptools.sweet_pickle.updater.Updater object at 0x1373f1ad0>]
VersionedUnpickler [<apptools.sweet_pickle.versioned_unpickler.VersionedUnpickler object at 0x1d40905f0>] using Updater [<apptools.sweet_pickle.updater.Updater object at 0x1373f1ad0>]
VersionedUnpickler [<apptools.sweet_pickle.versioned_unpickler.VersionedUnpickler object at 0x1b7c066b0>] using Updater [<apptools.sweet_pickle.updater.Updater object at 0x1373f1ad0>]
setting integration time = 0.524288
SetIntegrationTime 0.524288 ===>> OK
Mapping mass to dac mass func: "parabolic"
H1 map mass coeffs = [-0.00063987  0.15840543  0.57137999]
H1 map mass to dac 39.9624 >> 5.87977
GetDeflection H1 ===>> 0
GetHighVoltage ===>> 4500
do peak center. <pychron.spectrometer.jobs.peak_center.PeakCenter object at 0x1376ecfb0>
doing pc
starting peak center. center dac= 5.87977 step_width=0.001
width = 0.001
get scan parameters. half-width=0.015,window=0.015, i=0, scalar=1
Scan parameters center=5.87977 width=0.03000 (5.86477 - 5.89477)
GetData ===>> H2,-0.243472907114927,H1,-0.0265878666554141,AX,-0.0503687492046757,L1,-0.00916864435354583,L2,-0...
Moving to starting dac 5.86477
setting magnet DAC
current  : 5.240426
requested: 5.864770
Delta Dac: 0.624344
Checking detector protection. dv=0.62434
Checking detector "CDD". Protection Threshold: 0.1 (V)
ProtectDetector CDD,On ===>> OK
GetDeflection CDD ===>> 2000
Protected = 2000
SetMagnetDAC 5.86477 ===>> OK
Magnet settling time: 0.500
GetMagnetMoving ===>> True
GetMagnetMoving ===>> True
GetMagnetMoving ===>> True
GetMagnetMoving ===>> True
GetMagnetMoving ===>> True
GetMagnetMoving ===>> True
GetMagnetMoving ===>> True
GetMagnetMoving ===>> True
GetMagnetMoving ===>> False
ProtectDetector CDD,Off ===>> OK
GetDeflection CDD ===>> 50
Wait until signal near baseline. tol= -0.0199408999916. timeout= 10
GetData ===>> H2,5.91571918684265,H1,2.44888663935081,AX,0.159701623751688,L1,0.0162193037341069,L2,0.162445070...
GetData ===>> H2,66.1834694982978,H1,37.3228992281459,AX,3.61728618940302,L1,0.0193127117001453,L2,-0.072483576...
GetData ===>> H2,69.0231892672145,H1,39.6057249566061,AX,5.68167453069649,L1,0.0248323267399861,L2,-0.087888362...
GetData ===>> H2,36.3952153857413,H1,19.3001180146577,AX,2.53377148640135,L1,0.0230625516428428,L2,-0.176304293...
GetData ===>> H2,14.9317700380329,H1,9.97666545517879,AX,1.225281464751,L1,0.0171119508566678,L2,-0.04200801252...
GetData ===>> H2,5.07813194480832,H1,5.60993833324444,AX,0.554542181515288,L1,0.0253606780253974,L2,-0.10672413...
GetData ===>> H2,1.54721025671317,H1,3.41643182698326,AX,0.294305509893248,L1,0.0294707552513348,L2,-0.01407303...
GetData ===>> H2,0.459537966588671,H1,2.4017617451362,AX,0.072664449091671,L1,0.0080571703088923,L2,0.155989417...
GetData ===>> H2,0.206732849897078,H1,1.80439335734282,AX,0.0691882873433343,L1,0.000154824921245205,L2,0.04808...
GetData ===>> H2,0.114522028853955,H1,1.51522286207546,AX,0.168330748304004,L1,0.00506235010825003,L2,-0.063494...
GetData ===>> H2,0.228936380121385,H1,1.44441208646697,AX,0.258495122724778,L1,0.00138628334975128,L2,-0.078673...
GetData ===>> H2,0.257422200805632,H1,1.40718849676642,AX,0.260027593564993,L1,0.000354056522553377,L2,-0.04257...
GetData ===>> H2,0.218176502077546,H1,1.29411312951737,AX,0.0824215393490856,L1,0.0157082268613638,L2,-0.104473...
GetData ===>> H2,0.203831903512224,H1,1.39151067281047,AX,0.16522231966614,L1,0.00412579816169138,L2,-0.0048051...
GetData ===>> H2,0.113145911581846,H1,1.45582206732719,AX,0.0833718070318829,L1,-0.0213198507953365,L2,-0.16480...
GetData ===>> H2,0.0350317596482785,H1,1.35416262091852,AX,0.205036262737198,L1,-0.0422636646211196,L2,-0.12930...
GetData ===>> H2,-0.0766942164811523,H1,1.3446358028425,AX,0.169305052321751,L1,-0.0335736217803314,L2,0.003393...
GetData ===>> H2,-0.055341121698362,H1,1.40452333475889,AX,0.157382096956818,L1,0.00316052036735685,L2,-0.04364...
GetData ===>> H2,-0.0090071693608792,H1,1.33335836626547,AX,0.147246412831468,L1,0.0112272167413225,L2,-0.05830...
GetData ===>> H2,0.013611223214869,H1,1.37458712218461,AX,0.22682945224413,L1,0.011586967322528,L2,0.0782820124...
GetData ===>> H2,0.013611223214869,H1,1.37458712218461,AX,0.22682945224413,L1,0.011586967322528,L2,0.0782820124...
Peak center failed to move to a baseline position
_do_sweep sm= 5.86477, em= 5.89477, stm= 0.001
calculated step values: start=5.86477, end=5.89477, width=0.001, nsteps=31.0
setting magnet DAC
current  : 5.864770
requested: 5.864770
Delta Dac: 0.000000
Checking detector protection. dv=0.00000
Checking detector "CDD". Protection Threshold: 0.1 (V)
SetMagnetDAC 5.86477 ===>> OK
GetData ===>> H2,0.00671871595980524,H1,1.29557615557918,AX,0.187354636449193,L1,-0.00393455291612334,L2,0.0156...
setting magnet DAC
current  : 5.864770
requested: 5.865804
Delta Dac: 0.001034
Checking detector protection. dv=0.00103
Checking detector "CDD". Protection Threshold: 0.1 (V)
SetMagnetDAC 5.86580448276 ===>> OK
Magnet settling time: 1.049
GetData ===>> H2,-0.0464359958896217,H1,3.00086636767134,AX,0.524583277012424,L1,-0.0463869272066591,L2,0.07452...
setting magnet DAC
current  : 5.865804
requested: 5.866839
Delta Dac: 0.001034
Checking detector protection. dv=0.00103
Checking detector "CDD". Protection Threshold: 0.1 (V)
SetMagnetDAC 5.86683896552 ===>> OK
Magnet settling time: 1.049
GetData ===>> H2,0.210759192298762,H1,10.2122371678494,AX,1.57510631930574,L1,-0.0145534152273005,L2,0.04307452...
setting magnet DAC
current  : 5.866839
requested: 5.867873
Delta Dac: 0.001034
Checking detector protection. dv=0.00103
Checking detector "CDD". Protection Threshold: 0.1 (V)
SetMagnetDAC 5.86787344828 ===>> OK
Magnet settling time: 1.049
GetData ===>> H2,0.0392650642410387,H1,38.193456957823,AX,5.12139676588673,L1,0.0375997544071828,L2,-0.05582450...
setting magnet DAC
current  : 5.867873
requested: 5.868908
Delta Dac: 0.001034
Checking detector protection. dv=0.00103
Checking detector "CDD". Protection Threshold: 0.1 (V)
SetMagnetDAC 5.86890793103 ===>> OK
Magnet settling time: 1.049
GetData ===>> H2,-0.111468331544585,H1,125.764036254445,AX,16.2878474553895,L1,0.05265771006146,L2,0.0489301435...
setting magnet DAC
current  : 5.868908
requested: 5.869942
Delta Dac: 0.001034
Checking detector protection. dv=0.00103
Checking detector "CDD". Protection Threshold: 0.1 (V)
SetMagnetDAC 5.86994241379 ===>> OK
Magnet settling time: 1.049
GetData ===>> H2,-0.165277017025662,H1,326.198603899355,AX,46.0567101476226,L1,0.242393755324365,L2,-0.01457397...
setting magnet DAC
current  : 5.869942
requested: 5.870977
Delta Dac: 0.001034
Checking detector protection. dv=0.00103
Checking detector "CDD". Protection Threshold: 0.1 (V)
SetMagnetDAC 5.87097689655 ===>> OK
Magnet settling time: 1.049
GetData ===>> H2,-0.111021585184685,H1,616.735293657036,AX,96.5539814557205,L1,0.64131731836357,L2,0.0453984991...
setting magnet DAC
current  : 5.870977
requested: 5.872011
Delta Dac: 0.001034
Checking detector protection. dv=0.00103
Checking detector "CDD". Protection Threshold: 0.1 (V)
SetMagnetDAC 5.87201137931 ===>> OK
Magnet settling time: 1.049
GetData ===>> H2,-0.166370387711102,H1,899.313373324811,AX,153.729781224881,L1,1.25043017019084,L2,0.3226540266...
setting magnet DAC
current  : 5.872011
requested: 5.873046
Delta Dac: 0.001034
Checking detector protection. dv=0.00103
Checking detector "CDD". Protection Threshold: 0.1 (V)
SetMagnetDAC 5.87304586207 ===>> OK
Magnet settling time: 1.049
GetData ===>> H2,-0.000868297079723201,H1,1086.94132704509,AX,198.823800448074,L1,1.85686554693391,L2,0.6127873...
setting magnet DAC
current  : 5.873046
requested: 5.874080
Delta Dac: 0.001034
Checking detector protection. dv=0.00103
Checking detector "CDD". Protection Threshold: 0.1 (V)
SetMagnetDAC 5.87408034483 ===>> OK
Magnet settling time: 1.049
GetData ===>> H2,-0.122793571440568,H1,1196.44960940317,AX,233.227216463066,L1,2.60087593828762,L2,1.2457682086...
setting magnet DAC
current  : 5.874080
requested: 5.875115
Delta Dac: 0.001034
Checking detector protection. dv=0.00103
Checking detector "CDD". Protection Threshold: 0.1 (V)
SetMagnetDAC 5.87511482759 ===>> OK
Magnet settling time: 1.049
GetData ===>> H2,-0.125625145150829,H1,1211.30783151341,AX,239.69717154586,L1,2.86604313841243,L2,1.10989840257...
setting magnet DAC
current  : 5.875115
requested: 5.876149
Delta Dac: 0.001034
Checking detector protection. dv=0.00103
Checking detector "CDD". Protection Threshold: 0.1 (V)
SetMagnetDAC 5.87614931034 ===>> OK
Magnet settling time: 1.049
GetData ===>> H2,-0.264059818700394,H1,1215.76042882678,AX,241.023369387852,L1,3.07250227176063,L2,1.2649939006...
setting magnet DAC
current  : 5.876149
requested: 5.877184
Delta Dac: 0.001034
Checking detector protection. dv=0.00103
Checking detector "CDD". Protection Threshold: 0.1 (V)
SetMagnetDAC 5.8771837931 ===>> OK
Magnet settling time: 1.049
GetData ===>> H2,-0.0441380809996213,H1,1216.52283190077,AX,241.545185816916,L1,3.22434809016972,L2,1.382225654...
setting magnet DAC
current  : 5.877184
requested: 5.878218
Delta Dac: 0.001034
Checking detector protection. dv=0.00103
Checking detector "CDD". Protection Threshold: 0.1 (V)
SetMagnetDAC 5.87821827586 ===>> OK
Magnet settling time: 1.049
GetData ===>> H2,-0.119374187732836,H1,1216.3521149175,AX,241.504287896694,L1,3.23674708007753,L2,1.35263642275...
setting magnet DAC
current  : 5.878218
requested: 5.879253
Delta Dac: 0.001034
Checking detector protection. dv=0.00103
Checking detector "CDD". Protection Threshold: 0.1 (V)
SetMagnetDAC 5.87925275862 ===>> OK
Magnet settling time: 1.049
GetData ===>> H2,-0.0975579364874322,H1,1215.9669927107,AX,241.529335013921,L1,3.24899207602737,L2,1.3814689952...
setting magnet DAC
current  : 5.879253
requested: 5.880287
Delta Dac: 0.001034
Checking detector protection. dv=0.00103
Checking detector "CDD". Protection Threshold: 0.1 (V)
SetMagnetDAC 5.88028724138 ===>> OK
Magnet settling time: 1.049
GetData ===>> H2,-0.134972164663412,H1,1216.21418673814,AX,241.553709347888,L1,3.28566015587007,L2,1.3725958873...
setting magnet DAC
current  : 5.880287
requested: 5.881322
Delta Dac: 0.001034
Checking detector protection. dv=0.00103
Checking detector "CDD". Protection Threshold: 0.1 (V)
SetMagnetDAC 5.88132172414 ===>> OK
Magnet settling time: 1.049
GetData ===>> H2,-0.071594334853195,H1,1216.19135392832,AX,241.441682686099,L1,3.3049141419844,L2,1.20418685684...
setting magnet DAC
current  : 5.881322
requested: 5.882356
Delta Dac: 0.001034
Checking detector protection. dv=0.00103
Checking detector "CDD". Protection Threshold: 0.1 (V)
SetMagnetDAC 5.8823562069 ===>> OK
Magnet settling time: 1.049
GetData ===>> H2,0.0117114908551693,H1,1215.10785496336,AX,240.819928917756,L1,3.26469662313306,L2,1.3043060999...
setting magnet DAC
current  : 5.882356
requested: 5.883391
Delta Dac: 0.001034
Checking detector protection. dv=0.00103
Checking detector "CDD". Protection Threshold: 0.1 (V)
SetMagnetDAC 5.88339068966 ===>> OK
Magnet settling time: 1.049
GetData ===>> H2,-0.161072631424786,H1,1212.60167960912,AX,240.04567516019,L1,3.28097223059371,L2,1.29849890961...
setting magnet DAC
current  : 5.883391
requested: 5.884425
Delta Dac: 0.001034
Checking detector protection. dv=0.00103
Checking detector "CDD". Protection Threshold: 0.1 (V)
SetMagnetDAC 5.88442517241 ===>> OK
Magnet settling time: 1.049
GetData ===>> H2,-0.124608348005917,H1,1205.29276872063,AX,236.887738028421,L1,3.25224157995929,L2,1.1955196483...
setting magnet DAC
current  : 5.884425
requested: 5.885460
Delta Dac: 0.001034
Checking detector protection. dv=0.00103
Checking detector "CDD". Protection Threshold: 0.1 (V)
SetMagnetDAC 5.88545965517 ===>> OK
Magnet settling time: 1.049
GetData ===>> H2,-0.124308159093585,H1,1177.03943539762,AX,226.801027742695,L1,3.12638258346838,L2,1.1634027526...
setting magnet DAC
current  : 5.885460
requested: 5.886494
Delta Dac: 0.001034
Checking detector protection. dv=0.00103
Checking detector "CDD". Protection Threshold: 0.1 (V)
SetMagnetDAC 5.88649413793 ===>> OK
Magnet settling time: 1.049
GetData ===>> H2,-0.117171602619811,H1,1090.91757120188,AX,199.281278120437,L1,2.78230570292104,L2,1.0136655010...
setting magnet DAC
current  : 5.886494
requested: 5.887529
Delta Dac: 0.001034
Checking detector protection. dv=0.00103
Checking detector "CDD". Protection Threshold: 0.1 (V)
SetMagnetDAC 5.88752862069 ===>> OK
Magnet settling time: 1.049
GetData ===>> H2,-0.339228112038815,H1,785.510181425726,AX,121.165292262425,L1,1.95720241789508,L2,0.3645824956...
setting magnet DAC
current  : 5.887529
requested: 5.888563
Delta Dac: 0.001034
Checking detector protection. dv=0.00103
Checking detector "CDD". Protection Threshold: 0.1 (V)
SetMagnetDAC 5.88856310345 ===>> OK
Magnet settling time: 1.049
GetData ===>> H2,-0.260126039592555,H1,461.880617420686,AX,60.8400494772788,L1,1.30887962087881,L2,0.1551910449...
setting magnet DAC
current  : 5.888563
requested: 5.889598
Delta Dac: 0.001034
Checking detector protection. dv=0.00103
Checking detector "CDD". Protection Threshold: 0.1 (V)
SetMagnetDAC 5.88959758621 ===>> OK
Magnet settling time: 1.049
GetData ===>> H2,-0.276717059685767,H1,203.62157635556,AX,22.4439493124753,L1,0.794654170302957,L2,-0.061036464...
setting magnet DAC
current  : 5.889598
requested: 5.890632
Delta Dac: 0.001034
Checking detector protection. dv=0.00103
Checking detector "CDD". Protection Threshold: 0.1 (V)
SetMagnetDAC 5.89063206897 ===>> OK
Magnet settling time: 1.049
GetData ===>> H2,-0.380939844242194,H1,69.9441213171907,AX,6.22269347158591,L1,0.492732383990559,L2,-0.05992126...
setting magnet DAC
current  : 5.890632
requested: 5.891667
Delta Dac: 0.001034
Checking detector protection. dv=0.00103
Checking detector "CDD". Protection Threshold: 0.1 (V)
SetMagnetDAC 5.89166655172 ===>> OK
Magnet settling time: 1.049
GetData ===>> H2,-0.224641227835722,H1,19.8958842761016,AX,1.28793153351437,L1,0.321828617577208,L2,-0.11727605...
setting magnet DAC
current  : 5.891667
requested: 5.892701
Delta Dac: 0.001034
Checking detector protection. dv=0.00103
Checking detector "CDD". Protection Threshold: 0.1 (V)
SetMagnetDAC 5.89270103448 ===>> OK
Magnet settling time: 1.049
GetData ===>> H2,-0.26414847414486,H1,4.78774133776174,AX,-0.0541021961978443,L1,0.181280814640302,L2,-0.019469...
setting magnet DAC
current  : 5.892701
requested: 5.893736
Delta Dac: 0.001034
Checking detector protection. dv=0.00103
Checking detector "CDD". Protection Threshold: 0.1 (V)
SetMagnetDAC 5.89373551724 ===>> OK
Magnet settling time: 1.049
GetData ===>> H2,-0.290568535467689,H1,0.993442922792043,AX,-0.110109893513428,L1,0.103036365292773,L2,-0.21915...
setting magnet DAC
current  : 5.893736
requested: 5.894770
Delta Dac: 0.001034
Checking detector protection. dv=0.00103
Checking detector "CDD". Protection Threshold: 0.1 (V)
SetMagnetDAC 5.89477 ===>> OK
Magnet settling time: 1.049
GetData ===>> H2,-0.206487978082043,H1,0.0912505137580013,AX,-0.102183610224099,L1,0.0611839867896928,L2,0.0965...
result of _do_sweep=True
result of _calculate_peak_center=([5.8719968675281597, 5.8795720178287603, 5.8871471681293617], [894.68336931985664, 1216.5214634279582, 898.12533116278678], 5.8771920855504112, 1216.5214634279582)
Failed to find a valid peak. No peak greater than 1.0. max = 0.0306532082063
new center pos Detector(H1) (Ar40) @ 5.87957201783
GetHighVoltage ===>> 4500
GetDeflection H1 ===>> 0
dac uncorrected for HV and deflection 5.87957201783
update mftable H1 Ar40 5.87957201783 message=automated run peakcenter
get initial guess parabolic
get initial guess parabolic
get initial guess parabolic
get initial guess parabolic
get initial guess parabolic
get initial guess parabolic
dump mftable to /Users/jan/PychronDev/setupfiles/spectrometer/mftables/mftable.csv
add to repo msg=modified - automated run peakcenter
locally archiving mftable
setting magnet DAC
current  : 5.894770
requested: 5.879572
Delta Dac: 0.015198
Checking detector protection. dv=0.01520
Checking detector "CDD". Protection Threshold: 0.1 (V)
SetMagnetDAC 5.87957201783 ===>> OK
Magnet settling time: 0.500
sweep finished
setting integration time = 1.048576
SetIntegrationTime 1.048576 ===>> OK
Failed to find a valid peak. No peak greater than 1.0. max = 0.030482564292
flush and close file /Users/jan/PychronDev/data/isotopes/87/b4e712-cdff-4a63-af4e-482570f796e4.h5
finished measure script
executed snippet estimated_duration=226.132928, duration=272.679944992
jan_unknown120_60.py completed successfully
Measurement Finished
12:49:07 -- ******* Measurement Finished *******
Post Measurement Started jan_pump_ms.py
12:49:07 -- ******* Post Measurement Started jan_pump_ms.py *******
testing...
no interpolation path defined
executed snippet estimated_duration=0, duration=2.8133392334e-05
Pumping spectrometer
open () {'name': 'O'}
opening name=O desc=---
checking ownership. requestor=129.138.12.150
check software interlocks O
interlocks []
actuate state mode=None-script, software_lock=False
doing actuation None-script open_channel True
Open O ===>> OK
GetIndicatorState O ===>> OK
change switch state (True, True)
update switch state O True args=() kw={} ncanvase=2
12:49:07 -- OPEN   VALVE-O (Jan Ion Pump)
---------------------------------------- open O () result=[(True, True)], time=0.10 sec
action=open, ok=True, locked=[False]
executed snippet estimated_duration=0, duration=0.349094867706
jan_pump_ms.py completed successfully
setting _ms_pumptime
Post Measurement Finished
12:49:08 -- ******* Post Measurement Finished *******
$$$$$$$$$$$$$$$$$$$$ state at run end measurement
state changed from measurement to success
post measurement save measured=True aborted=False
Set filtering
setting fod for Ar40= {'filter_outliers': True, 'std_devs': 2, 'iterations': 1}
setting fod for H1= {'filter_outliers': True, 'std_devs': 2, 'iterations': 1}
setting fod for PM41= {'filter_outliers': False, 'std_devs': 2, 'iterations': 1}
setting fod for H2= {'filter_outliers': True, 'std_devs': 2, 'iterations': 1}
setting fod for Ar36= {'filter_outliers': True, 'std_devs': 2, 'iterations': 1}
setting fod for CDD= {'filter_outliers': True, 'std_devs': 10, 'iterations': 1}
setting fod for Ar37= {'filter_outliers': True, 'std_devs': 2, 'iterations': 1}
setting fod for L2= {'filter_outliers': True, 'std_devs': 2, 'iterations': 1}
setting fod for Ar38= {'filter_outliers': True, 'std_devs': 2, 'iterations': 1}
setting fod for L1= {'filter_outliers': True, 'std_devs': 2, 'iterations': 1}
setting fod for Ar39= {'filter_outliers': True, 'std_devs': 2, 'iterations': 1}
setting fod for AX= {'filter_outliers': True, 'std_devs': 2, 'iterations': 1}
persistence save...
persistence save - db
post measurement save
7330533200 connecting to database sqlite:////Users/jan/PychronDev/.appdata/local_lab.db
connected to db sqlite:////Users/jan/PychronDev/.appdata/local_lab.db
create new session 7330533200
close session 7330533200
No database instance. Not saving post measurement to isotopedb database
$$$$$$$$$$$$$$$ auto_save_detector_ic=False
massspec enabled True
create new session 4985911824
MassSpec Database Version: 16.0
close session 4985911824
saving post measurement to secondary database
saving to massspec database 129.138.12.160/massspecdata
setting labnumber to 65553
setting aliquot to 2
setting step to 
setting uuid to 87b4e712-cdff-4a63-af4e-482570f796e4
setting irradpos to 65553
setting extract_device to Fusions CO2
setting tray to 
setting position to 177
setting power_requested to 5.0
setting extract_value to 5.0
setting duration to 30.0
setting duration_at_request to 30.0
setting first_stage_delay to 30.0
setting cleanup to 30.0
setting comment to N:11 with inclusions
setting irradiation to NM-289
setting level to N
setting irradiation_level to N
setting sample to Bw-2014-4 W
setting material to Sanidine
setting project to Bustos Wells
setting mass_spectrometer to Jan
no attribute chron_dosages
no attribute production_ratios
no attribute interference_corrections
no attribute production_name
no attribute j
Reference Isotope=Ar40
Reference Detector=H1
%%%%%%%%%%%%%%%%%%%% Comment: N:11 with inclusions %%%%%%%%%%%%%%%%%%%
adding isotope PM41 H2
add baseline dbdet= PM41. original det= H2
get baseline data PM41 H2
Get data baseline <pychron.processing.isotope.Baseline object at 0x1ceea3850> len t=60
baseline PM41. v=-0.187039446727, e=0.00726619978068
get signal data PM41 H2
Get data signal PM41 0.07+/-0.07 len t=120
adding isotope Ar40 H1
add baseline dbdet= Ar40. original det= H1
get baseline data Ar40 H1
Get data baseline <pychron.processing.isotope.Baseline object at 0x1ceea3a50> len t=60
baseline Ar40. v=-0.0046949313849, e=0.00595187346524
get signal data Ar40 H1
Get data signal Ar40 1341.95+/-0.08 len t=120
adding isotope Ar39 AX
add baseline dbdet= Ar39. original det= AX
get baseline data Ar39 AX
Get data baseline <pychron.processing.isotope.Baseline object at 0x1ceea3c10> len t=60
baseline Ar39. v=-0.085154572727, e=0.00746896769289
get signal data Ar39 AX
Get data signal Ar39 265.759+/-0.028 len t=120
adding isotope Ar38 L1
add baseline dbdet= Ar38. original det= L1
get baseline data Ar38 L1
Get data baseline <pychron.processing.isotope.Baseline object at 0x1ceea3dd0> len t=60
baseline Ar38. v=-0.0249704597914, e=0.00307843458891
get signal data Ar38 L1
Get data signal Ar38 3.662+/-0.005 len t=120
adding isotope Ar37 L2
add baseline dbdet= Ar37. original det= L2
get baseline data Ar37 L2
Get data baseline <pychron.processing.isotope.Baseline object at 0x1ceea3f90> len t=60
baseline Ar37. v=-0.0242176658302, e=0.00693919429504
get signal data Ar37 L2
Get data signal Ar37 1.457+/-0.010 len t=120
adding isotope Ar36 CDD
add baseline dbdet= Ar36. original det= CDD
get baseline data Ar36 CDD
Get data baseline <pychron.processing.isotope.Baseline object at 0x1ceeb0190> len t=60
baseline Ar36. v=0.00026051447372, e=2.44188201191e-05
get signal data Ar36 CDD
Get data signal Ar36 0.0210+/-0.0004 len t=120
65553-02 added analysis time 0.47870016098s
analysis added to mass spec database
mass spec save time= 0.489
persistence save - dvc
================= post measurement started
create new session 4991427888
close session 4991427888
---------------- Experiment Queue saving disabled
DVC saving peakcenter
Failed to find a valid peak. No peak greater than 1.0. max = 0.030482564292
Smart pull ahead: 0 behind: 0
Up-to-date with origin
add to repo msg=modified - ad8224ebc6dbfeb9f5997218dfa5fe690569839d.json
add to repo msg=modified - 53-02.json
add to repo msg=modified - 53-02.dat.json
add to repo msg=modified - 53-02.blan.json
add to repo msg=modified - 53-02.inte.json
add to repo msg=modified - 53-02.icfa.json
add to repo msg=modified - 53-02.base.json
not at valid file /Users/jan/PychronDev/data/.dvc/repositories/Load1786/655/tags/53-02.tags.json
add to repo msg=modified - 53-02.peak.json
add to repo msg=modified - 53-02.extr.json
not at valid file /Users/jan/PychronDev/data/.dvc/repositories/Load1786/655/monitor/53-02.moni.json
commit message=<COLLECTION>
add to repo msg=modified - 53-02.inte.json
add to repo msg=modified - 53-02.base.json
commit message=<ISOEVO> default collection fits
add to repo msg=modified - 53-02.blan.json
commit message=<BLANKS> preceding ba-01-J-2281
add to repo msg=modified - 53-02.icfa.json
commit message=<ICFactor> default
push repository <pychron.git_archive.repo_manager.GitRepoManager object at 0x1c6c22e90>
pushing to remote=origin, url=https://github.com
no changes to meta repo
create new session 4991427888
add association Load1786
get identifier "65553"
setting analysis irradiation position=<pychron.dvc.dvc_orm.IrradiationPositionTbl object at 0x1d4801290>
close session 4991427888
================= post measurement finished
12:49:23 -- ******* Post Run Check *******
loading queue conditionals post_run_actions
loading system conditionals post_run_actions
loading conditionals from /Users/jan/PychronDev/setupfiles/spectrometer/default_conditionals.yaml
loading queue conditionals post_run_terminations
loading system conditionals post_run_terminations
loading conditionals from /Users/jan/PychronDev/setupfiles/spectrometer/default_conditionals.yaml
Checking default post run terminations n=1
GetDeflection CDD ===>> 50
testing CDD==2000
evaluate ot="CDD.deflection==2000" t="CDD==2000", ctx="{'CDD': 50.0}"
12:49:23 -- ******* Post Run Check Passed *******
12:49:23 -- Automated run 65553-02 success duration: 365.335 s
----------------- finish -----------------
----------------- stop -----------------
retroactive repository identifiers disabled
finish run. runs completed=175
update duration runid=65553-02, duration=365.335339069, md5=301e91d8
loading script "jan_unknown120_60.py"
loading script "jan_pump_ms.py"
loading script "jan_co2.py"
loading script "jan_pump_extraction_line.py"
testing...
no interpolation path defined
executed snippet estimated_duration=213.652928, duration=0.000329971313477
script duration name:unknown120_60 seconds:214.0
loading script "jan_unknown120_60.py"
loading script "jan_pump_ms.py"
loading script "jan_co2.py"
loading script "jan_pump_extraction_line.py"
testing...
no interpolation path defined
executed snippet estimated_duration=0, duration=2.40802764893e-05
loading script "jan_unknown120_60.py"
loading script "jan_pump_ms.py"
loading script "jan_co2.py"
loading script "jan_pump_extraction_line.py"
testing...
no interpolation path defined
calculate duration
testing...
no interpolation path defined
executed snippet estimated_duration=0, duration=5.60283660889e-05
calculate duration
testing...
no interpolation path defined
executed snippet estimated_duration=0, duration=9.70363616943e-05
executed snippet estimated_duration=0.0, duration=0.00278496742249
script duration name:co2 seconds:0.0
loading script "jan_unknown120_60.py"
loading script "jan_pump_ms.py"
loading script "jan_co2.py"
loading script "jan_pump_extraction_line.py"
testing...
no interpolation path defined
calculate duration
testing...
no interpolation path defined
executed snippet estimated_duration=4.0, duration=0.000182151794434
executed snippet estimated_duration=4.0, duration=0.00172901153564
Script duration 214.0
Run total estimated duration= 215.000
unknown120_60 in script context. using previous estimated duration
script duration name:unknown120_60 seconds:214.0
pump_ms in script context. using previous estimated duration
co2 in script context. using previous estimated duration
script duration name:co2 seconds:0.0
pump_extraction_line in script context. using previous estimated duration
Script duration 214.0
Run total estimated duration= 215.000
script duration name:unknown120_60 seconds:214.0
script duration name:co2 seconds:0.0
Script duration 214.0
Run total estimated duration= 215.000
loading script "jan_ic_peak_hop3.py"
loading script "jan_pump_ms.py"
loading script "jan_air_x1.py"
loading script "jan_pump_extraction_line.py"
testing...
no interpolation path defined
executed snippet estimated_duration=133.8, duration=0.00887107849121
script duration name:ic_peak_hop3 seconds:134.0
loading script "jan_ic_peak_hop3.py"
loading script "jan_pump_ms.py"
loading script "jan_air_x1.py"
loading script "jan_pump_extraction_line.py"
testing...
no interpolation path defined
calculate duration
testing...
no interpolation path defined
executed snippet estimated_duration=0, duration=0.000108003616333
calculate duration
testing...
no interpolation path defined
executed snippet estimated_duration=0, duration=0.000149965286255
calculate duration
testing...
no interpolation path defined
executed snippet estimated_duration=32.0, duration=9.20295715332e-05
calculate duration
testing...
no interpolation path defined
executed snippet estimated_duration=34.0, duration=9.67979431152e-05
calculate duration
testing...
no interpolation path defined
executed snippet estimated_duration=4.0, duration=6.41345977783e-05
calculate duration
testing...
no interpolation path defined
executed snippet estimated_duration=36.0, duration=8.89301300049e-05
executed snippet estimated_duration=106.0, duration=0.00848913192749
script duration name:air_x1 seconds:106.0
Script duration 240.0
Run total estimated duration= 241.000
script duration name:unknown120_60 seconds:214.0
script duration name:co2 seconds:0.0
Script duration 214.0
Run total estimated duration= 215.000
script duration name:unknown120_60 seconds:214.0
script duration name:co2 seconds:0.0
Script duration 214.0
Run total estimated duration= 215.000
script duration name:unknown120_60 seconds:214.0
script duration name:co2 seconds:0.0
Script duration 214.0
Run total estimated duration= 215.000
script duration name:unknown120_60 seconds:214.0
script duration name:co2 seconds:0.0
Script duration 214.0
Run total estimated duration= 215.000
script duration name:unknown120_60 seconds:214.0
script duration name:co2 seconds:0.0
Script duration 214.0
Run total estimated duration= 215.000
script duration name:unknown120_60 seconds:214.0
script duration name:co2 seconds:0.0
Script duration 214.0
Run total estimated duration= 215.000
script duration name:unknown120_60 seconds:214.0
script duration name:co2 seconds:0.0
Script duration 214.0
Run total estimated duration= 215.000
script duration name:unknown120_60 seconds:214.0
script duration name:co2 seconds:0.0
Script duration 214.0
Run total estimated duration= 215.000
loading script "jan_unknown400_120.py"
loading script "jan_pump_ms.py"
loading script "jan_co2.py"
loading script "jan_pump_extraction_line.py"
testing...
no interpolation path defined
executed snippet estimated_duration=556.052928, duration=0.000150918960571
script duration name:unknown400_120 seconds:556.0
script duration name:co2 seconds:0.0
Script duration 556.0
Run total estimated duration= 557.000
unknown400_120 in script context. using previous estimated duration
script duration name:unknown400_120 seconds:556.0
loading script "jan_unknown400_120.py"
loading script "jan_pump_ms.py"
loading script "jan_cocktail_x1.py"
loading script "jan_pump_extraction_line.py"
testing...
no interpolation path defined
calculate duration
testing...
no interpolation path defined
executed snippet estimated_duration=0, duration=6.00814819336e-05
calculate duration
testing...
no interpolation path defined
executed snippet estimated_duration=0, duration=0.000130891799927
calculate duration
testing...
no interpolation path defined
executed snippet estimated_duration=32.0, duration=0.000108957290649
calculate duration
testing...
no interpolation path defined
executed snippet estimated_duration=34.0, duration=9.98973846436e-05
calculate duration
testing...
no interpolation path defined
executed snippet estimated_duration=4.0, duration=7.08103179932e-05
calculate duration
testing...
no interpolation path defined
executed snippet estimated_duration=38.0, duration=0.000176906585693
executed snippet estimated_duration=108.0, duration=0.00939798355103
script duration name:cocktail_x1 seconds:108.0
Script duration 664.0
Run total estimated duration= 665.000
script duration name:unknown400_120 seconds:556.0
cocktail_x1 in script context. using previous estimated duration
script duration name:cocktail_x1 seconds:108.0
Script duration 664.0
Run total estimated duration= 665.000
script duration name:unknown120_60 seconds:214.0
script duration name:co2 seconds:0.0
Script duration 214.0
Run total estimated duration= 215.000
script duration name:unknown120_60 seconds:214.0
script duration name:co2 seconds:0.0
Script duration 214.0
Run total estimated duration= 215.000
script duration name:unknown120_60 seconds:214.0
script duration name:co2 seconds:0.0
Script duration 214.0
Run total estimated duration= 215.000
script duration name:unknown120_60 seconds:214.0
script duration name:co2 seconds:0.0
Script duration 214.0
Run total estimated duration= 215.000
script duration name:unknown120_60 seconds:214.0
script duration name:co2 seconds:0.0
Script duration 214.0
Run total estimated duration= 215.000
script duration name:unknown120_60 seconds:214.0
script duration name:co2 seconds:0.0
Script duration 214.0
Run total estimated duration= 215.000
script duration name:unknown120_60 seconds:214.0
script duration name:co2 seconds:0.0
Script duration 214.0
Run total estimated duration= 215.000
script duration name:unknown120_60 seconds:214.0
script duration name:co2 seconds:0.0
Script duration 214.0
Run total estimated duration= 215.000
script duration name:unknown120_60 seconds:214.0
script duration name:co2 seconds:0.0
Script duration 214.0
Run total estimated duration= 215.000
script duration name:unknown120_60 seconds:214.0
script duration name:co2 seconds:0.0
Script duration 214.0
Run total estimated duration= 215.000
script duration name:unknown120_60 seconds:214.0
script duration name:co2 seconds:0.0
Script duration 214.0
Run total estimated duration= 215.000
script duration name:unknown120_60 seconds:214.0
script duration name:co2 seconds:0.0
Script duration 214.0
Run total estimated duration= 215.000
script duration name:unknown400_120 seconds:556.0
script duration name:cocktail_x1 seconds:108.0
Script duration 664.0
Run total estimated duration= 665.000
script duration name:unknown400_120 seconds:556.0
loading script "jan_unknown400_120.py"
loading script "jan_pump_ms.py"
loading script "jan_sniffair_x2.py"
loading script "jan_pump_extraction_line.py"
testing...
no interpolation path defined
calculate duration
testing...
no interpolation path defined
executed snippet estimated_duration=0, duration=4.79221343994e-05
calculate duration
testing...
no interpolation path defined
executed snippet estimated_duration=0, duration=0.000112056732178
calculate duration
testing...
no interpolation path defined
executed snippet estimated_duration=32.0, duration=0.000120162963867
calculate duration
testing...
no interpolation path defined
executed snippet estimated_duration=34.0, duration=9.70363616943e-05
calculate duration
testing...
no interpolation path defined
executed snippet estimated_duration=4.0, duration=5.98430633545e-05
calculate duration
testing...
no interpolation path defined
executed snippet estimated_duration=36.0, duration=0.0001060962677
calculate duration
testing...
no interpolation path defined
executed snippet estimated_duration=34.0, duration=0.000125885009766
calculate duration
testing...
no interpolation path defined
executed snippet estimated_duration=4.0, duration=0.000124931335449
calculate duration
testing...
no interpolation path defined
executed snippet estimated_duration=36.0, duration=0.000111103057861
calculate duration
testing...
no interpolation path defined
executed snippet estimated_duration=70.0, duration=0.000126123428345
executed snippet estimated_duration=250.0, duration=0.0150439739227
script duration name:sniffair_x2 seconds:250.0
Script duration 806.0
Run total estimated duration= 807.000
script duration name:unknown400_120 seconds:556.0
script duration name:cocktail_x1 seconds:108.0
Script duration 664.0
Run total estimated duration= 665.000
script duration name:unknown400_120 seconds:556.0
sniffair_x2 in script context. using previous estimated duration
script duration name:sniffair_x2 seconds:250.0
Script duration 806.0
Run total estimated duration= 807.000
ic_peak_hop3 in script context. using previous estimated duration
script duration name:ic_peak_hop3 seconds:134.0
air_x1 in script context. using previous estimated duration
script duration name:air_x1 seconds:106.0
Script duration 240.0
Run total estimated duration= 241.000
script duration name:unknown120_60 seconds:214.0
script duration name:co2 seconds:0.0
Script duration 214.0
Run total estimated duration= 215.000
script duration name:unknown120_60 seconds:214.0
script duration name:co2 seconds:0.0
Script duration 214.0
Run total estimated duration= 215.000
script duration name:unknown120_60 seconds:214.0
script duration name:co2 seconds:0.0
Script duration 214.0
Run total estimated duration= 215.000
script duration name:unknown120_60 seconds:214.0
script duration name:co2 seconds:0.0
Script duration 214.0
Run total estimated duration= 215.000
script duration name:unknown120_60 seconds:214.0
script duration name:co2 seconds:0.0
Script duration 214.0
Run total estimated duration= 215.000
script duration name:unknown120_60 seconds:214.0
script duration name:co2 seconds:0.0
Script duration 214.0
Run total estimated duration= 215.000
script duration name:unknown400_120 seconds:556.0
script duration name:co2 seconds:0.0
Script duration 556.0
Run total estimated duration= 557.000
script duration name:unknown120_60 seconds:214.0
script duration name:co2 seconds:0.0
Script duration 214.0
Run total estimated duration= 215.000
script duration name:unknown120_60 seconds:214.0
script duration name:co2 seconds:0.0
Script duration 214.0
Run total estimated duration= 215.000
script duration name:unknown120_60 seconds:214.0
script duration name:co2 seconds:0.0
Script duration 214.0
Run total estimated duration= 215.000
script duration name:unknown120_60 seconds:214.0
script duration name:co2 seconds:0.0
Script duration 214.0
Run total estimated duration= 215.000
script duration name:unknown120_60 seconds:214.0
script duration name:co2 seconds:0.0
Script duration 214.0
Run total estimated duration= 215.000
script duration name:unknown120_60 seconds:214.0
script duration name:co2 seconds:0.0
Script duration 214.0
Run total estimated duration= 215.000
script duration name:unknown400_120 seconds:556.0
script duration name:cocktail_x1 seconds:108.0
Script duration 664.0
Run total estimated duration= 665.000
script duration name:unknown400_120 seconds:556.0
script duration name:cocktail_x1 seconds:108.0
Script duration 664.0
Run total estimated duration= 665.000
script duration name:unknown120_60 seconds:214.0
script duration name:co2 seconds:0.0
Script duration 214.0
Run total estimated duration= 215.000
script duration name:unknown120_60 seconds:214.0
script duration name:co2 seconds:0.0
Script duration 214.0
Run total estimated duration= 215.000
script duration name:unknown120_60 seconds:214.0
script duration name:co2 seconds:0.0
Script duration 214.0
Run total estimated duration= 215.000
script duration name:unknown120_60 seconds:214.0
script duration name:co2 seconds:0.0
Script duration 214.0
Run total estimated duration= 215.000
script duration name:unknown120_60 seconds:214.0
script duration name:co2 seconds:0.0
Script duration 214.0
Run total estimated duration= 215.000
script duration name:unknown120_60 seconds:214.0
script duration name:co2 seconds:0.0
Script duration 214.0
Run total estimated duration= 215.000
script duration name:unknown120_60 seconds:214.0
script duration name:co2 seconds:0.0
Script duration 214.0
Run total estimated duration= 215.000
script duration name:unknown120_60 seconds:214.0
script duration name:co2 seconds:0.0
Script duration 214.0
Run total estimated duration= 215.000
script duration name:ic_peak_hop3 seconds:134.0
script duration name:air_x1 seconds:106.0
Script duration 240.0
Run total estimated duration= 241.000
script duration name:unknown120_60 seconds:214.0
script duration name:co2 seconds:0.0
Script duration 214.0
Run total estimated duration= 215.000
script duration name:unknown120_60 seconds:214.0
script duration name:co2 seconds:0.0
Script duration 214.0
Run total estimated duration= 215.000
script duration name:unknown120_60 seconds:214.0
script duration name:co2 seconds:0.0
Script duration 214.0
Run total estimated duration= 215.000
script duration name:unknown400_120 seconds:556.0
script duration name:sniffair_x2 seconds:250.0
Script duration 806.0
Run total estimated duration= 807.000
script duration name:unknown120_60 seconds:214.0
script duration name:co2 seconds:0.0
Script duration 214.0
Run total estimated duration= 215.000
script duration name:unknown400_120 seconds:556.0
script duration name:co2 seconds:0.0
Script duration 556.0
Run total estimated duration= 557.000
script duration name:unknown400_120 seconds:556.0
script duration name:cocktail_x1 seconds:108.0
Script duration 664.0
Run total estimated duration= 665.000
script duration name:unknown400_120 seconds:556.0
script duration name:cocktail_x1 seconds:108.0
Script duration 664.0
Run total estimated duration= 665.000
script duration name:unknown120_60 seconds:214.0
script duration name:co2 seconds:0.0
Script duration 214.0
Run total estimated duration= 215.000
script duration name:unknown400_120 seconds:556.0
script duration name:sniffair_x2 seconds:250.0
Script duration 806.0
Run total estimated duration= 807.000
script duration name:unknown120_60 seconds:214.0
script duration name:co2 seconds:0.0
Script duration 214.0
Run total estimated duration= 215.000
script duration name:unknown120_60 seconds:214.0
script duration name:co2 seconds:0.0
Script duration 214.0
Run total estimated duration= 215.000
script duration name:unknown120_60 seconds:214.0
script duration name:co2 seconds:0.0
Script duration 214.0
Run total estimated duration= 215.000
script duration name:unknown120_60 seconds:214.0
script duration name:co2 seconds:0.0
Script duration 214.0
Run total estimated duration= 215.000
script duration name:unknown120_60 seconds:214.0
script duration name:co2 seconds:0.0
Script duration 214.0
Run total estimated duration= 215.000
script duration name:unknown120_60 seconds:214.0
script duration name:co2 seconds:0.0
Script duration 214.0
Run total estimated duration= 215.000
script duration name:unknown120_60 seconds:214.0
script duration name:co2 seconds:0.0
Script duration 214.0
Run total estimated duration= 215.000
script duration name:unknown120_60 seconds:214.0
script duration name:co2 seconds:0.0
Script duration 214.0
Run total estimated duration= 215.000
script duration name:unknown120_60 seconds:214.0
script duration name:co2 seconds:0.0
Script duration 214.0
Run total estimated duration= 215.000
script duration name:unknown120_60 seconds:214.0
script duration name:co2 seconds:0.0
Script duration 214.0
Run total estimated duration= 215.000
script duration name:unknown120_60 seconds:214.0
script duration name:co2 seconds:0.0
Script duration 214.0
Run total estimated duration= 215.000
script duration name:unknown400_120 seconds:556.0
script duration name:cocktail_x1 seconds:108.0
Script duration 664.0
Run total estimated duration= 665.000
script duration name:unknown400_120 seconds:556.0
script duration name:cocktail_x1 seconds:108.0
Script duration 664.0
Run total estimated duration= 665.000
script duration name:unknown120_60 seconds:214.0
script duration name:co2 seconds:0.0
Script duration 214.0
Run total estimated duration= 215.000
script duration name:unknown120_60 seconds:214.0
script duration name:co2 seconds:0.0
Script duration 214.0
Run total estimated duration= 215.000
script duration name:unknown120_60 seconds:214.0
script duration name:co2 seconds:0.0
Script duration 214.0
Run total estimated duration= 215.000
script duration name:unknown120_60 seconds:214.0
script duration name:co2 seconds:0.0
Script duration 214.0
Run total estimated duration= 215.000
script duration name:ic_peak_hop3 seconds:134.0
script duration name:air_x1 seconds:106.0
Script duration 240.0
Run total estimated duration= 241.000
script duration name:unknown120_60 seconds:214.0
script duration name:co2 seconds:0.0
Script duration 214.0
Run total estimated duration= 215.000
nruns=85 before=5.0, run_dur=26273.0, btw=2520.0
write rem/ex queues
/Users/jan/PychronDev/experiments/rem/Load1786.rem.txt
/Users/jan/PychronDev/experiments/rem/Load1786.ex.txt
doing event level: 3
