do run
loading script "jan_unknown120_60.py"
loading script "jan_pump_ms.py"
loading script "jan_co2.py"
loading script "jan_pump_extraction_line.py"
testing...
no interpolation path defined
executed snippet estimated_duration=213.652928, duration=0.000458002090454
script duration name:unknown120_60 seconds:214.0
loading script "jan_unknown120_60.py"
loading script "jan_pump_ms.py"
loading script "jan_co2.py"
loading script "jan_pump_extraction_line.py"
testing...
no interpolation path defined
executed snippet estimated_duration=0, duration=2.50339508057e-05
loading script "jan_unknown120_60.py"
loading script "jan_pump_ms.py"
loading script "jan_co2.py"
loading script "jan_pump_extraction_line.py"
testing...
no interpolation path defined
calculate duration
testing...
no interpolation path defined
executed snippet estimated_duration=0, duration=6.00814819336e-05
calculate duration
testing...
no interpolation path defined
executed snippet estimated_duration=0, duration=9.89437103271e-05
executed snippet estimated_duration=0.0, duration=0.003173828125
script duration name:co2 seconds:0.0
loading script "jan_unknown120_60.py"
loading script "jan_pump_ms.py"
loading script "jan_co2.py"
loading script "jan_pump_extraction_line.py"
testing...
no interpolation path defined
calculate duration
testing...
no interpolation path defined
executed snippet estimated_duration=4.0, duration=0.000196933746338
executed snippet estimated_duration=4.0, duration=0.00181818008423
Script duration 214.0
Run total estimated duration= 215.000
run duration: 0:03:35
doing event level: 2
13:24:18 -- Setting default integration. t=1.048576
setting integration time = 1.048576
SetIntegrationTime 1.048576 ===>> OK
----------------- start -----------------
**************** Experiment Type: Ar/Ar, Ar/Ar
$$$$$ Clearing conditionals
adding conditionals 
Add queue conditionals
add default conditionals
adding default conditionals from /Users/jan/PychronDev/setupfiles/spectrometer/default_conditionals.yaml
Start automated run 65553-06
loading script "jan_unknown120_60.py"
loading script "jan_pump_ms.py"
loading script "jan_co2.py"
loading script "jan_pump_extraction_line.py"
%%%%%%%%%%%%%%%%%% setting automated run 65553-06
No value "sensitivity_multiplier" in metadata
$$$$$$$$$$$$$$$ auto_save_detector_ic=False
============================= Pre Extraction Check =============================
loading queue conditionals pre_run_terminations
loading system conditionals pre_run_terminations
loading conditionals from /Users/jan/PychronDev/setupfiles/spectrometer/default_conditionals.yaml
13:24:18 -- ******* Pre Extraction Check *******
Get a measurement from the spectrometer
GetData ===>> H2,-0.218302014180829,H1,-0.0450824766335288,AX,-0.166210144721795,L1,-0.0241975997537683,L2,0.00...
Pre Extraction Termination data. keys=H2,H1,AX,L1,L2,CDD, signals=-0.21830,-0.04508,-0.16621,-0.02420,0.00386,0.00000
13:24:18 -- testing system defined conditionals
Checking default pre extraction terminations n=2
testing CDD
evaluate ot="CDD.inactive" t="CDD", ctx="{'CDD': False}"
GetDeflection CDD ===>> 50
testing CDD==2000
evaluate ot="CDD.deflection==2000" t="CDD==2000", ctx="{'CDD': 50.0}"
13:24:18 -- ******* Pre Extraction Check Passed *******
=================================================================================
13:24:18 -- stopping status monitor
stop 4984189200
Alive clients [4991693744]
13:24:18 -- starting status monitor
start 4984189200
Monitor already running
start extraction
do extraction
Analysis started at 13:24:18.134155
Extraction Started jan_co2.py
13:24:18 -- ******* Extraction Started jan_co2.py *******
state changed from not run to extraction
DO EXTRACTION <pychron.extraction_line.pyscript_runner.RemotePyScriptRunner object at 0x12c301530>
testing...
no interpolation path defined
calculate duration
testing...
no interpolation path defined
executed snippet estimated_duration=0, duration=5.19752502441e-05
calculate duration
testing...
no interpolation path defined
executed snippet estimated_duration=0, duration=9.60826873779e-05
executed snippet estimated_duration=100.0, duration=0.0025110244751
Jan CO2 laser analysis
doing GOSUB
testing...
no interpolation path defined
executed snippet estimated_duration=0, duration=4.38690185547e-05
Waiting for CO2 access
wait ('FelixCO2Flag', 0) {}
waiting for FelixCO2Flag = 0
Read FelixCO2Flag ===>> 0
finished waiting
CO2 free
wait ('CO2PumpTimeFlag', 0) {}
waiting for CO2PumpTimeFlag = 0
Read CO2PumpTimeFlag ===>> 0
finished waiting
acquire ('JanCO2Flag',) {'clear': True}
acquire JanCO2Flag
Set JanCO2Flag 1 ===>> OK
JanCO2Flag acquired
set extraction state False (0.75, 'red', 1.5)
CO2 acquired
executed snippet estimated_duration=0, duration=0.0205371379852
WaitForCO2Access.py completed successfully
gosub finished
doing GOSUB
testing...
no interpolation path defined
executed snippet estimated_duration=0, duration=9.79900360107e-05
Prepare for CO2 analysis
close () {'description': 'Jan Inlet'}
closing name=--- desc=Jan Inlet
checking ownership. requestor=129.138.12.150
check software interlocks R
interlocks []
actuate state mode=None-script, software_lock=False
doing actuation None-script close_channel False
Close R ===>> OK
GetIndicatorState R ===>> False
change switch state (True, True)
update switch state R False args=() kw={} ncanvase=2
13:24:18 -- CLOSE  VALVE-R (Jan Inlet)
---------------------------------------- close None (Jan Inlet) result=[(True, True)]
action=close, ok=True, locked=[False]
open () {'description': 'Jan Ion Pump'}
opening name=--- desc=Jan Ion Pump
checking ownership. requestor=129.138.12.150
check software interlocks O
interlocks []
actuate state mode=None-script, software_lock=False
doing actuation None-script open_channel False
Open O ===>> OK
GetIndicatorState O ===>> OK
change switch state (True, True)
update switch state O True args=() kw={} ncanvase=2
13:24:18 -- OPEN   VALVE-O (Jan Ion Pump)
---------------------------------------- open None (Jan Ion Pump) result=[(True, True)], time=0.09 sec
action=open, ok=True, locked=[False]
close () {'description': 'Microbone to Minibone'}
closing name=--- desc=Microbone to Minibone
checking ownership. requestor=129.138.12.150
check software interlocks L
interlocks []
actuate state mode=None-script, software_lock=False
doing actuation None-script close_channel False
Close L ===>> OK
GetIndicatorState L ===>> False
change switch state (True, True)
update switch state L False args=() kw={} ncanvase=2
13:24:19 -- CLOSE  VALVE-L (Microbone to Minibone)
---------------------------------------- close None (Microbone to Minibone) result=[(True, True)]
action=close, ok=True, locked=[False]
open () {'description': 'Microbone to Turbo'}
opening name=--- desc=Microbone to Turbo
checking ownership. requestor=129.138.12.150
check software interlocks U
interlocks []
actuate state mode=None-script, software_lock=False
doing actuation None-script open_channel False
Open U ===>> OK
GetIndicatorState U ===>> OK
change switch state (True, True)
update switch state U True args=() kw={} ncanvase=2
13:24:19 -- OPEN   VALVE-U (Microbone to Turbo)
---------------------------------------- open None (Microbone to Turbo) result=[(True, True)], time=0.13 sec
action=open, ok=True, locked=[False]
open () {'description': 'Microbone to Inlet Pipette'}
opening name=--- desc=Microbone to Inlet Pipette
checking ownership. requestor=129.138.12.150
check software interlocks S
interlocks []
actuate state mode=None-script, software_lock=False
doing actuation None-script open_channel False
Open S ===>> OK
GetIndicatorState S ===>> OK
change switch state (True, True)
update switch state S True args=() kw={} ncanvase=2
13:24:20 -- OPEN   VALVE-S (Microbone to Inlet Pipette)
---------------------------------------- open None (Microbone to Inlet Pipette) result=[(True, True)], time=0.39 sec
action=open, ok=True, locked=[False]
open () {'description': 'Microbone to Getter D-50'}
opening name=--- desc=Microbone to Getter D-50
checking ownership. requestor=129.138.12.150
check software interlocks K
interlocks []
actuate state mode=None-script, software_lock=False
doing actuation None-script open_channel False
Open K ===>> OK
GetIndicatorState K ===>> OK
change switch state (True, True)
update switch state K True args=() kw={} ncanvase=2
13:24:21 -- OPEN   VALVE-K (Microbone to Getter D-50)
---------------------------------------- open None (Microbone to Getter D-50) result=[(True, True)], time=0.41 sec
action=open, ok=True, locked=[False]
open () {'description': 'Microbone to Getter NP-10'}
opening name=--- desc=Microbone to Getter NP-10
checking ownership. requestor=129.138.12.150
check software interlocks M
interlocks []
actuate state mode=None-script, software_lock=False
doing actuation None-script open_channel False
Open M ===>> OK
GetIndicatorState M ===>> OK
change switch state (True, True)
update switch state M True args=() kw={} ncanvase=2
13:24:21 -- OPEN   VALVE-M (Microbone to Getter NP-10)
---------------------------------------- open None (Microbone to Getter NP-10) result=[(True, True)], time=0.14 sec
action=open, ok=True, locked=[False]
close () {'description': 'CO2 Laser to Felix'}
closing name=--- desc=CO2 Laser to Felix
checking ownership. requestor=129.138.12.150
check software interlocks F
interlocks []
actuate state mode=None-script, software_lock=True
VALVE-F(CO2 Laser to Felix) software locked
change switch state (True, False)
---------------------------------------- close None (CO2 Laser to Felix) result=[(True, False)]
action=close, ok=True, locked=[True]
open () {'description': 'CO2 Laser to Jan'}
opening name=--- desc=CO2 Laser to Jan
checking ownership. requestor=129.138.12.150
check software interlocks A
interlocks []
actuate state mode=None-script, software_lock=False
doing actuation None-script open_channel False
Open A ===>> OK
GetIndicatorState A ===>> OK
change switch state (True, True)
update switch state A True args=() kw={} ncanvase=2
13:24:22 -- OPEN   VALVE-A (CO2 Laser to Jan)
---------------------------------------- open None (CO2 Laser to Jan) result=[(True, True)], time=0.12 sec
action=open, ok=True, locked=[False]
open () {'description': 'Microbone to CO2 Laser'}
opening name=--- desc=Microbone to CO2 Laser
checking ownership. requestor=129.138.12.150
check software interlocks T
interlocks []
actuate state mode=None-script, software_lock=False
doing actuation None-script open_channel False
Open T ===>> OK
GetIndicatorState T ===>> OK
change switch state (True, True)
update switch state T True args=() kw={} ncanvase=2
13:24:22 -- OPEN   VALVE-T (Microbone to CO2 Laser)
---------------------------------------- open None (Microbone to CO2 Laser) result=[(True, True)], time=0.40 sec
action=open, ok=True, locked=[False]
executed snippet estimated_duration=0, duration=4.80103898048
PrepareForCO2Analysis.py completed successfully
gosub finished
set_motor ('beam', '1.25') {}
setting motor "beam" to 1.25
set motor beam to 1.25
SetMotor beam,1.25 ===>> OK
GetMotorMoving beam ===>> False
GetMotorMoving beam ===>> False
Block completed
move_to_position ('181',) {'autocenter': True}
FusionsCO2 move to position 181
sending GoToHole 181,True
GoToHole 181,True ===>> OK
GetDriveMoving ===>> OK
GetDriveMoving ===>> OK
GetDriveMoving ===>> OK
GetDriveMoving ===>> False
GetDriveMoving ===>> OK
GetDriveMoving ===>> OK
GetDriveMoving ===>> OK
GetDriveMoving ===>> OK
GetDriveMoving ===>> OK
GetDriveMoving ===>> OK
GetDriveMoving ===>> OK
GetDriveMoving ===>> False
Block completed
GetAutoCorrecting ===>> False
GetAutoCorrecting ===>> False
Block completed
update position
GetPosition ===>> 9.96950,-7.97560,1.00000
got position (9.9695, -7.9756, 1.0)
move to position succeeded
sleep (5,) {}
SLEEP 5.0
block started
WaitControl setup for 5.0  
Join finished
block finished. duration 5.03029608727
close () {'description': 'Microbone to Turbo'}
closing name=--- desc=Microbone to Turbo
checking ownership. requestor=129.138.12.150
check software interlocks U
interlocks []
actuate state mode=None-script, software_lock=False
doing actuation None-script close_channel True
Close U ===>> OK
GetIndicatorState U ===>> False
change switch state (True, True)
update switch state U False args=() kw={} ncanvase=2
13:24:33 -- CLOSE  VALVE-U (Microbone to Turbo)
---------------------------------------- close None (Microbone to Turbo) result=[(True, True)]
action=close, ok=True, locked=[False]
enable laser
enable () {}
set extraction state FusionsCO2 Enabled (False, 'red', 1.5)
enabling laser
Enable ===>> OK
begin interval
BEGIN INTERVAL Interval 1 waiting for 30.0
block started
set extract to 5.0
WaitControl setup for 30.0  
extract (5.0,) {}
GetPosition ===>> 9.96950,-7.97560,1.00000
set extraction state FusionsCO2 ON! 5.0(watts) (0.75, 'red', 1.5)
extract sample to 5.0 (watts)
set laser output
SetLaserOutput 5.0,watts ===>> OK
executing pattern triangle.lp
execute_pattern ('triangle.lp',) {}
executing pattern triangle.lp
IsPatterning ===>> OK
IsPatterning ===>> OK
IsPatterning ===>> OK
IsPatterning ===>> OK
IsPatterning ===>> OK
IsPatterning ===>> OK
IsPatterning ===>> OK
IsPatterning ===>> OK
IsPatterning ===>> OK
IsPatterning ===>> OK
IsPatterning ===>> OK
IsPatterning ===>> OK
IsPatterning ===>> OK
IsPatterning ===>> OK
IsPatterning ===>> OK
IsPatterning ===>> OK
IsPatterning ===>> OK
IsPatterning ===>> OK
IsPatterning ===>> OK
IsPatterning ===>> OK
IsPatterning ===>> OK
IsPatterning ===>> OK
IsPatterning ===>> OK
IsPatterning ===>> OK
IsPatterning ===>> OK
IsPatterning ===>> OK
IsPatterning ===>> False
IsPatterning ===>> False
Block completed
COMPLETE INTERVAL waiting for Interval 1 to complete
Join finished
block finished. duration 30.1033160686
Interval 1 finished
end_extract () {}
ending extraction. set laser power to 0
set laser power 0
SetLaserPower 0 ===>> OK
disable () {}
%%%%%%%%%%%%%%%%%%%%%%%%%%%%%%%%%%% disable
set extraction state False (0.75, 'red', 1.5)
disabling laser
Disable ===>> OK
sleep (30.0,) {}
SLEEP 30.0
block started
WaitControl setup for 30.0  
Join finished
block finished. duration 30.0863749981
executed snippet estimated_duration=166.5, duration=76.8452410698
jan_co2.py completed successfully
GetAchievedOutput ===>> No Response
Requested Output= 0.000
Achieved Output=  0.000
GetResponseBlob ===>> No Response
GetOutputBlob ===>> No Response
persistence save...
persistence save - db
AutomatedRunPersister post_extraction_save deprecated
persistence save - dvc
no extraction position for 181
create new session 4991427888
close session 4991427888
Extraction Finished
13:25:35 -- ******* Extraction Finished *******
no overlap. not waiting for min ms pumptime
13:25:35 -- Sending spectrometer configuration
======== Sending configuration ========
SetDeflection CDD,50.0 ===>> OK
SetDeflection H2,0.0 ===>> OK
SetDeflection H1,0.0 ===>> OK
SetDeflection L2,825.0 ===>> OK
SetDeflection L1,400.0 ===>> OK
SetDeflection AX,190.0 ===>> OK
SetZFocus 74.64 ===>> OK
SetZSymmetry -50.72 ===>> OK
SetExtractionLens 26.13 ===>> OK
SetIonRepeller -3.81 ===>> OK
SetElectronEnergy 75.08 ===>> OK
SetYSymmetry -2.81 ===>> OK
SetIonCounterVoltage 1590.0 ===>> OK
send trap current 200.0
GetParameter Trap Current Readback ===>> 198.147042666178
SetParameter Trap Current Set,200.0 ===>> OK
updating mftable name mftable
Using mftable located at /Users/jan/PychronDev/setupfiles/spectrometer/mftables/mftable.csv
============ MFtable ===========
Isotope  H2     H1     AX     L1     L2     CDD    
Ar40     5.7969 5.8794 5.9926 6.1368 6.2310 6.3650
Ar39     5.6961 5.7717 5.8850 6.0228 6.1161 6.2515
Ar36     5.3736 5.4407 5.5484 5.6817 5.7711 5.9026
================================
get initial guess parabolic
get initial guess parabolic
get initial guess parabolic
get initial guess parabolic
get initial guess parabolic
get initial guess parabolic
======== Configuration Finished ========
GetYSymmetry ===>> -2.81
GetZSymmetry ===>> -50.72
GetParameter Trap Current Readback ===>> 197.923274125618
GetHighVoltage ===>> 4500
start measurement
do measurement
L#=65553 analysis type=unknown
Measurement Started jan_unknown120_60.py
13:25:35 -- ******* Measurement Started jan_unknown120_60.py *******
state changed from extraction to measurement
setting spec, defl, and gains
GetExtractionLens ===>> 26.13
GetYSymmetry ===>> -2.81
GetZSymmetry ===>> -50.72
GetZFocus ===>> 74.64
GetDeflection H2 ===>> 0
GetDeflection H1 ===>> 0
GetDeflection AX ===>> 190
GetDeflection L1 ===>> 400
GetDeflection L2 ===>> 825
GetDeflection CDD ===>> 50
GetGain H2 ===>> 0.0113
GetGain H1 ===>> 0.1
GetGain AX ===>> 0.097049
GetGain L1 ===>> 0.010355
GetGain L2 ===>> 0.095649
GetGain CDD ===>> 0
pre measurement save
New frame /Users/jan/PychronDev/data/isotopes/85/229268-3f06-4f7f-886f-2706f14ad916.h5
flush and close file /Users/jan/PychronDev/data/isotopes/85/229268-3f06-4f7f-886f-2706f14ad916.h5
testing...
no interpolation path defined
executed snippet estimated_duration=226.132928, duration=0.000158071517944
unknown measurement script
activate_detectors ('H2', 'H1', 'AX', 'L1', 'L2', 'CDD') {}
activate detectors
*************** Set Analysis View Ar/Ar
create graphs
clearing graphs
clear isotope group
setting isotope det=H2, iso=PM41
setting isotope det=H1, iso=Ar40
setting isotope det=AX, iso=Ar39
setting isotope det=L1, iso=Ar38
setting isotope det=L2, iso=Ar37
setting isotope det=CDD, iso=Ar36
setting previous blanks
 - setting Ar40 blank 0.099+/-0.007
 - setting Ar36 blank 0.00445+/-0.00017
 - setting Ar37 blank 0.068+/-0.005
 - setting Ar38 blank 0.0116+/-0.0020
 - setting PM41 blank 0.02+/-0.07
 - setting Ar39 blank 0.030+/-0.009
load analysis view
position_magnet ('Ar40',) {'detector': 'H1'}
detector Detector(H1)
POSITION Ar40 H1
setting detector H2 to PM41 (40.9624)
setting detector H1 to Ar40 (39.9624)
setting detector AX to Ar39 (38.9624)
setting detector L1 to Ar38 (37.9624)
setting detector L2 to Ar37 (36.9624)
setting detector CDD to Ar36 (35.9624)
Mapping mass to dac mass func: "parabolic"
H1 map mass coeffs = [-0.00063987  0.15840543  0.57099999]
H1 map mass to dac 39.9624 >> 5.87939
GetDeflection H1 ===>> 0
GetHighVoltage ===>> 4500
positioning Ar40 (5.87939) on H1
setting magnet DAC
current  : 5.301530
requested: 5.879390
Delta Dac: 0.577860
Checking detector protection. dv=0.57786
Checking detector "CDD". Protection Threshold: 0.1 (V)
ProtectDetector CDD,On ===>> OK
GetDeflection CDD ===>> 2000
Protected = 2000
SetMagnetDAC 5.87939 ===>> OK
Magnet settling time: 0.500
GetMagnetMoving ===>> True
GetMagnetMoving ===>> True
GetMagnetMoving ===>> True
GetMagnetMoving ===>> True
GetMagnetMoving ===>> True
GetMagnetMoving ===>> True
GetMagnetMoving ===>> True
GetMagnetMoving ===>> True
GetMagnetMoving ===>> False
ProtectDetector CDD,Off ===>> OK
GetDeflection CDD ===>> 50
equilibrate () {'delay': 3, 'inlet': 'R', 'outlet': 'O', 'eqtime': 12.0}
Equilibration Started
13:25:38 -- ******* Equilibration Started *******
checking ownership. requestor=129.138.12.150
check software interlocks O
interlocks []
actuate state mode=None-script, software_lock=False
doing actuation None-script close_channel True
Close O ===>> OK
GetIndicatorState O ===>> False
change switch state (True, True)
update switch state O False args=() kw={} ncanvase=2
13:25:39 -- CLOSE  VALVE-O (Jan Ion Pump)
waiting 3s before opening inlet value ('R',)
update labels <pychron.experiment.plot_panel.PlotPanel object at 0x1c881bf50>
update labels "<pychron.graph.stacked_regression_graph.StackedRegressionGraph object at 0x1c4435770>"
setting label 0 H2 PM41
setting label 1 H1 Ar40
setting label 2 AX Ar39
setting label 3 L1 Ar38
setting label 4 L2 Ar37
setting label 5 CDD Ar36
update labels "<pychron.graph.stacked_graph.StackedGraph object at 0x1cbf02350>"
setting label 0 H2 PM41
setting label 1 H1 Ar40
setting label 2 AX Ar39
setting label 3 L1 Ar38
setting label 4 L2 Ar37
setting label 5 CDD Ar36
checking ownership. requestor=129.138.12.150
check software interlocks R
interlocks []
actuate state mode=None-script, software_lock=False
doing actuation None-script open_channel True
Open R ===>> OK
GetIndicatorState R ===>> OK
change switch state (True, True)
update switch state R True args=() kw={} ncanvase=2
13:25:42 -- OPEN   VALVE-R (Jan Inlet)
equilibrating for 12.0sec
set_time_zero () {}
sniff (12.0,) {}
py_sniff
build tables- sniff [Detector(H2), Detector(H1), Detector(AX), Detector(L1), Detector(L2), Detector(CDD)]
add group /sniff/PM41 (Group) '' table H2
add group /sniff/Ar40 (Group) '' table H1
add group /sniff/Ar39 (Group) '' table AX
add group /sniff/Ar38 (Group) '' table L1
add group /sniff/Ar37 (Group) '' table L2
add group /sniff/Ar36 (Group) '' table CDD
flush and close file /Users/jan/PychronDev/data/isotopes/85/229268-3f06-4f7f-886f-2706f14ad916.h5
measuring sniff. ncounts=12.0
"sniff" increment series count="1" fit count="0" regressing="False"
starting measurement
GetData ===>> H2,-0.21356046629938,H1,0.0622720541509249,AX,-0.0724427032745174,L1,0.00151351863174958,L2,0.028...
GetData ===>> H2,0.403662853425612,H1,83.318846400519,AX,17.7751621223564,L1,0.146860661768476,L2,5.52673457075...
GetData ===>> H2,0.802486692911197,H1,235.845359823518,AX,47.3543658234184,L1,0.53298732098035,L2,13.2517154890...
GetData ===>> H2,0.181213405480293,H1,289.424087674743,AX,56.273663997491,L1,0.792399636645773,L2,15.0003133462...
GetData ===>> H2,-0.0308610604235042,H1,307.568138681432,AX,58.9213351081879,L1,0.933496210759618,L2,15.2869316...
GetData ===>> H2,0.0446181505848915,H1,314.663679412503,AX,59.8169763333953,L1,0.978646295422128,L2,15.46594046...
GetData ===>> H2,0.0022651534539375,H1,317.7584289969,AX,60.3228801677128,L1,1.0183746146895,L2,15.575768179923...
GetData ===>> H2,-0.0608096839400257,H1,318.981831019232,AX,60.4295398412006,L1,1.03010105259002,L2,15.65087320...
GetData ===>> H2,-0.0456565120489659,H1,319.51204615043,AX,60.5728339186686,L1,1.06196600497531,L2,15.678097461...
GetData ===>> H2,-0.0509369026488117,H1,319.862428469365,AX,60.6855758774988,L1,1.0779126331823,L2,15.712705293...
GetData ===>> H2,-0.157063916208118,H1,319.953877266423,AX,60.6329691739984,L1,1.10327673012741,L2,15.778781352...
Equilibration Finished
13:25:54 -- ******* Equilibration Finished *******
checking ownership. requestor=129.138.12.150
check software interlocks R
interlocks []
actuate state mode=None-script, software_lock=False
doing actuation None-script close_channel True
GetData ===>> H2,-0.190582355550619,H1,319.968940499004,AX,60.6187030762952,L1,1.06814478545889,L2,15.667665581...
Close R ===>> OK
GetIndicatorState R ===>> False
change switch state (True, True)
update switch state R False args=() kw={} ncanvase=2
13:25:55 -- CLOSE  VALVE-R (Jan Inlet)
Post Equilibration Started jan_pump_extraction_line.py
13:25:55 -- ******* Post Equilibration Started jan_pump_extraction_line.py *******
testing...
no interpolation path defined
calculate duration
testing...
no interpolation path defined
executed snippet estimated_duration=4.0, duration=0.000273942947388
executed snippet estimated_duration=4.0, duration=0.00190591812134
Pump after analysis
doing GOSUB
testing...
no interpolation path defined
executed snippet estimated_duration=4.0, duration=0.000208854675293
Pump Microbone
close () {'description': 'Jan Inlet'}
closing name=--- desc=Jan Inlet
checking ownership. requestor=129.138.12.150
check software interlocks R
interlocks []
actuate state mode=None-script, software_lock=False
doing actuation None-script close_channel False
Close R ===>> OK
measurement finished
estimated time: 12.583 actual time: :12.669
flush and close file /Users/jan/PychronDev/data/isotopes/85/229268-3f06-4f7f-886f-2706f14ad916.h5
set_fits () {}
using default fits file=/Users/jan/PychronDev/scripts/measurement/fits/nominal_linear.yaml
set "Ar40" to "('Linear', 'SEM')"
No fit for "PM41". defaulting to linear. check the measurement script "jan_unknown120_60.py"
set "PM41" to "linear"
set "Ar36" to "('Linear', 'SEM')"
set "Ar37" to "('linear', 'SEM')"
set "Ar38" to "('linear', 'SEM')"
set "Ar39" to "('Linear', 'SEM')"
set_baseline_fits () {}
GetIndicatorState R ===>> False
change switch state (True, True)
update switch state R False args=() kw={} ncanvase=2
using default fits file=/Users/jan/PychronDev/scripts/measurement/fits/nominal_linear.yaml
13:25:55 -- CLOSE  VALVE-R (Jan Inlet)
set "H1" to "('average', 'SEM')"
---------------------------------------- close None (Jan Inlet) result=[(True, True)]
set "H2" to "('average', 'SEM')"
set "CDD" to "('average', 'SEM')"
set "L2" to "('average', 'SEM')"
set "L1" to "('average', 'SEM')"
set "AX" to "('average', 'SEM')"
multicollect () {'integration_time': 1, 'ncounts': 120}
build tables- signal [Detector(H2), Detector(H1), Detector(AX), Detector(L1), Detector(L2), Detector(CDD)]
add group /signal/PM41 (Group) '' table H2
add group /signal/Ar40 (Group) '' table H1
add group /signal/Ar39 (Group) '' table AX
add group /signal/Ar38 (Group) '' table L1
add group /signal/Ar37 (Group) '' table L2
add group /signal/Ar36 (Group) '' table CDD
flush and close file /Users/jan/PychronDev/data/isotopes/85/229268-3f06-4f7f-886f-2706f14ad916.h5
measuring signal. ncounts=120
action=close, ok=True, locked=[False]
is_closed ('F',) {}
is F () closed?
is closed True
open () {'description': 'CO2 Laser to Jan'}
opening name=--- desc=CO2 Laser to Jan
checking ownership. requestor=129.138.12.150
check software interlocks A
interlocks []
actuate state mode=None-script, software_lock=False
doing actuation None-script open_channel False
Open A ===>> OK
GetIndicatorState A ===>> OK
change switch state (True, True)
update switch state A True args=() kw={} ncanvase=2
13:25:56 -- OPEN   VALVE-A (CO2 Laser to Jan)
---------------------------------------- open None (CO2 Laser to Jan) result=[(True, True)], time=0.11 sec
starting measurement
GetData ===>> H2,-0.0650475505359278,H1,320.274988258798,AX,60.6913581560059,L1,1.07849404779719,L2,15.61825791...
action=open, ok=True, locked=[False]
sleep (1,) {}
SLEEP 1.0
"signal" increment series count="2" fit count="1" regressing="True"
close () {'description': 'CO2 Laser to Roughing'}
closing name=--- desc=CO2 Laser to Roughing
checking ownership. requestor=129.138.12.150
check software interlocks G
GetData ===>> H2,-0.00717549949161455,H1,320.206969596584,AX,60.5480226723293,L1,1.12564160056264,L2,15.6645954...
interlocks []
actuate state mode=None-script, software_lock=True
VALVE-G(CO2 Laser to Roughing) software locked
change switch state (True, False)
---------------------------------------- close None (CO2 Laser to Roughing) result=[(True, False)]
action=close, ok=True, locked=[True]
open () {'description': 'Microbone to Turbo'}
opening name=--- desc=Microbone to Turbo
checking ownership. requestor=129.138.12.150
check software interlocks U
interlocks []
actuate state mode=None-script, software_lock=False
doing actuation None-script open_channel True
Open U ===>> OK
GetIndicatorState U ===>> OK
change switch state (True, True)
update switch state U True args=() kw={} ncanvase=2
13:25:57 -- OPEN   VALVE-U (Microbone to Turbo)
---------------------------------------- open None (Microbone to Turbo) result=[(True, True)], time=0.19 sec
action=open, ok=True, locked=[False]
open () {'description': 'Microbone to Getter NP-10'}
opening name=--- desc=Microbone to Getter NP-10
checking ownership. requestor=129.138.12.150
check software interlocks M
interlocks []
actuate state mode=None-script, software_lock=False
doing actuation None-script open_channel False
Open M ===>> OK
GetIndicatorState M ===>> OK
change switch state (True, True)
update switch state M True args=() kw={} ncanvase=2
13:25:57 -- OPEN   VALVE-M (Microbone to Getter NP-10)
---------------------------------------- open None (Microbone to Getter NP-10) result=[(True, True)], time=0.13 sec
action=open, ok=True, locked=[False]
open () {'description': 'Microbone to Getter D-50'}
opening name=--- desc=Microbone to Getter D-50
checking ownership. requestor=129.138.12.150
check software interlocks K
interlocks []
actuate state mode=None-script, software_lock=False
doing actuation None-script open_channel False
GetData ===>> H2,-0.0772282026205474,H1,320.072609115641,AX,60.6398746595739,L1,1.07800869079099,L2,15.72045232...
Open K ===>> OK
GetIndicatorState K ===>> OK
change switch state (True, True)
update switch state K True args=() kw={} ncanvase=2
13:25:58 -- OPEN   VALVE-K (Microbone to Getter D-50)
---------------------------------------- open None (Microbone to Getter D-50) result=[(True, True)], time=0.42 sec
action=open, ok=True, locked=[False]
open () {'description': 'Microbone to CO2 Laser'}
opening name=--- desc=Microbone to CO2 Laser
checking ownership. requestor=129.138.12.150
check software interlocks T
interlocks []
actuate state mode=None-script, software_lock=False
doing actuation None-script open_channel False
Open T ===>> OK
GetIndicatorState T ===>> OK
change switch state (True, True)
update switch state T True args=() kw={} ncanvase=2
13:25:59 -- OPEN   VALVE-T (Microbone to CO2 Laser)
---------------------------------------- open None (Microbone to CO2 Laser) result=[(True, True)], time=0.40 sec
GetData ===>> H2,-0.193512905954085,H1,320.076392065356,AX,60.398238494654,L1,1.04058395381859,L2,15.5585937455...
action=open, ok=True, locked=[False]
open () {'description': 'Microbone to Inlet Pipette'}
opening name=--- desc=Microbone to Inlet Pipette
checking ownership. requestor=129.138.12.150
check software interlocks S
interlocks []
actuate state mode=None-script, software_lock=False
doing actuation None-script open_channel False
Open S ===>> OK
GetIndicatorState S ===>> OK
change switch state (True, True)
update switch state S True args=() kw={} ncanvase=2
13:25:59 -- OPEN   VALVE-S (Microbone to Inlet Pipette)
---------------------------------------- open None (Microbone to Inlet Pipette) result=[(True, True)], time=0.40 sec
action=open, ok=True, locked=[False]
sleep (1,) {}
SLEEP 1.0
GetData ===>> H2,-0.243354482951614,H1,319.741811721126,AX,60.4584168262745,L1,1.04295643090184,L2,15.653585444...
set_resource () {'name': 'CO2PumpTimeFlag', 'value': 30}
Set CO2PumpTimeFlag 30 ===>> OK
release ('JanCO2Flag',) {}
release JanCO2Flag
Set JanCO2Flag 0 ===>> OK
executed snippet estimated_duration=6.0, duration=5.93548703194
PumpMicrobone.py completed successfully
gosub finished
get_resource_value () {'name': 'JanMiniboneFlag'}
Read JanMiniboneFlag ===>> 0
Get Resource Value JanMiniboneFlag=0.0
get resource value 0.0
get_resource_value () {'name': 'JanMiniboneFlag'}
Read JanMiniboneFlag ===>> 0
Get Resource Value JanMiniboneFlag=0.0
executed snippet estimated_duration=4.0, duration=5.94987797737
jan_pump_extraction_line.py completed successfully
Post Equilibration Finished
13:26:01 -- ******* Post Equilibration Finished *******
GetData ===>> H2,-0.186868875757775,H1,319.586655798054,AX,60.2379228060649,L1,1.0342263172948,L2,15.6790346562...
GetData ===>> H2,-0.164650643567374,H1,319.456359354291,AX,60.3331676026353,L1,0.994765647138055,L2,15.74750979...
GetData ===>> H2,-0.0993744589969563,H1,319.356874633658,AX,60.3460850552254,L1,1.03741474990443,L2,15.61936710...
GetData ===>> H2,-0.0674417062624832,H1,319.292222098658,AX,60.196374759464,L1,1.03792942870491,L2,15.649640390...
GetData ===>> H2,-0.175748121009667,H1,318.775828572042,AX,60.2686910946085,L1,1.03810351690204,L2,15.588043094...
GetData ===>> H2,-0.0931759336974359,H1,318.893510073676,AX,60.3155867728305,L1,1.05747632902422,L2,15.65349914...
GetData ===>> H2,-0.142690537576214,H1,318.984058303817,AX,60.3715590667864,L1,1.03519989820707,L2,15.498696649...
GetData ===>> H2,-0.190188681951394,H1,318.540576073806,AX,60.3785820339799,L1,1.0583867396855,L2,15.5925772186...
GetData ===>> H2,-0.196873080922727,H1,318.476155389274,AX,60.3428935628698,L1,1.08895484034957,L2,15.555018665...
GetData ===>> H2,-0.226669200870298,H1,318.450657379578,AX,60.1615770247322,L1,1.06504989091431,L2,15.617259648...
GetData ===>> H2,-0.253332743081136,H1,318.687129177342,AX,60.0821595735886,L1,1.07612687839819,L2,15.651193737...
GetData ===>> H2,-0.300893019713077,H1,318.638493463959,AX,60.0325544869206,L1,1.04307885504224,L2,15.532178054...
GetData ===>> H2,-0.24162911734985,H1,318.357032572162,AX,60.1601950324307,L1,1.01731723857924,L2,15.5633524919...
GetData ===>> H2,-0.0876747389763755,H1,318.357125288272,AX,60.2969297364188,L1,1.02637830734169,L2,15.71530813...
GetData ===>> H2,-0.102299876740152,H1,318.410916390375,AX,60.063356228633,L1,1.10296156149614,L2,15.6280315605...
GetData ===>> H2,-0.264975409005688,H1,318.00154311341,AX,60.052476141878,L1,1.10231733021715,L2,15.52952822901...
GetData ===>> H2,-0.157461069197577,H1,318.09564065789,AX,60.0994629242788,L1,1.0941393703157,L2,15.55792803159...
GetData ===>> H2,-0.10858812519063,H1,317.787261418299,AX,60.0945600696163,L1,1.08795409374408,L2,15.5392528042...
GetData ===>> H2,-0.169431264396241,H1,317.490931601754,AX,59.8264262219837,L1,1.07689902563892,L2,15.721562614...
13:26:21 -- collecting point 25
GetData ===>> H2,-0.135983338458129,H1,317.820820965729,AX,60.0837380274521,L1,1.03504981966522,L2,15.588190942...
GetData ===>> H2,-0.137570607520977,H1,317.732964056601,AX,59.8769166288197,L1,1.06268857209152,L2,15.727188269...
GetData ===>> H2,-0.122486572347083,H1,317.622962122574,AX,60.0569221459269,L1,1.10926164556871,L2,15.552861349...
GetData ===>> H2,-0.277846485507684,H1,317.51138436489,AX,59.9879497292305,L1,1.03909890220872,L2,15.4805002270...
GetData ===>> H2,-0.100496792982143,H1,317.223868524178,AX,59.8484571432395,L1,1.02981716449656,L2,15.524906603...
GetData ===>> H2,0.00418235210274343,H1,316.830102139549,AX,59.8080276476605,L1,1.03109913738979,L2,15.60186786...
GetData ===>> H2,-0.106175808730581,H1,317.143577549782,AX,59.9194888557055,L1,1.0458937384262,L2,15.6185660218...
GetData ===>> H2,-0.194588418987818,H1,316.976124441214,AX,59.8531721535885,L1,1.03179318355454,L2,15.493645188...
GetData ===>> H2,-0.160493292252149,H1,317.007563087862,AX,59.8383950656388,L1,1.03880368311857,L2,15.636092741...
GetData ===>> H2,-0.185901876640819,H1,316.9160934091,AX,59.6928429858909,L1,1.03225546836223,L2,15.54672249051...
GetData ===>> H2,-0.207618526055724,H1,316.632979570138,AX,59.7259111398304,L1,1.0319370460894,L2,15.4330592174...
GetData ===>> H2,-0.17250345567131,H1,316.414186616029,AX,59.8358161321904,L1,1.07200044524302,L2,15.3850862455...
GetData ===>> H2,-0.148499696553191,H1,316.3493256102,AX,59.6715547963879,L1,1.05075401271381,L2,15.39667838336...
GetData ===>> H2,-0.198502202676773,H1,316.036811002881,AX,59.7374764141651,L1,1.03661502905177,L2,15.413397040...
GetData ===>> H2,-0.181471776000057,H1,315.889227078426,AX,59.8053279982446,L1,1.06273910310292,L2,15.414517326...
GetData ===>> H2,-0.197330283636141,H1,315.938288882166,AX,59.7385223427195,L1,1.06111591476408,L2,15.477790133...
GetData ===>> H2,-0.219493086576575,H1,315.770555499577,AX,59.7763937802385,L1,1.04121487989174,L2,15.413581702...
GetData ===>> H2,-0.261909661438992,H1,315.509569115977,AX,59.7482089592469,L1,1.02702032753497,L2,15.448710373...
GetData ===>> H2,-0.188086610681294,H1,315.444877003668,AX,59.6372227031351,L1,1.04226103814771,L2,15.438846544...
GetData ===>> H2,-0.0866244238478724,H1,315.467156302548,AX,59.6120790591291,L1,1.09597582653055,L2,15.34334807...
GetData ===>> H2,-0.116735905560791,H1,315.427454396933,AX,59.516884426796,L1,1.07175664929847,L2,15.3984770675...
GetData ===>> H2,-0.0956153897945622,H1,315.059030530695,AX,59.548113254915,L1,1.0475413602448,L2,15.4422821532...
GetData ===>> H2,-0.23568540894883,H1,315.031090058419,AX,59.5797739719045,L1,1.06793750419245,L2,15.4375782300...
GetData ===>> H2,-0.267170671505494,H1,315.135437095211,AX,59.5724867638207,L1,1.06633753027901,L2,15.386047074...
GetData ===>> H2,-0.165811566987697,H1,315.036493693621,AX,59.6002591725519,L1,1.03502585774203,L2,15.393253578...
13:26:47 -- collecting point 50
GetData ===>> H2,-0.120208839608311,H1,314.954876361816,AX,59.5019996693512,L1,0.9957789553063,L2,15.4757206552...
GetData ===>> H2,-0.125803616103431,H1,314.786149379826,AX,59.5285148298478,L1,1.00185202848323,L2,15.408128163...
GetData ===>> H2,-0.178567797648983,H1,314.410185227611,AX,59.6284923392203,L1,0.999603967648381,L2,15.37737529...
GetData ===>> H2,-0.158155378067743,H1,314.505593144442,AX,59.4671408360293,L1,1.02696734993476,L2,15.536701401...
GetData ===>> H2,-0.098828821128074,H1,314.441155954778,AX,59.3659157203603,L1,1.03500694047257,L2,15.382129904...
GetData ===>> H2,-0.212103222003805,H1,314.361317643155,AX,59.1819595906092,L1,1.05068580949862,L2,15.422224242...
GetData ===>> H2,-0.133477597257144,H1,314.219824754297,AX,59.4089095064525,L1,1.05008084093778,L2,15.444387905...
GetData ===>> H2,-0.18871093559205,H1,314.165202631425,AX,59.4356517136004,L1,1.03311790604891,L2,15.4506807892...
GetData ===>> H2,-0.205076992701759,H1,314.049196709077,AX,59.2983358998064,L1,1.01947369209581,L2,15.381119840...
GetData ===>> H2,-0.165449803610212,H1,313.845198224866,AX,59.4210684871935,L1,1.04085398557701,L2,15.376057351...
GetData ===>> H2,-0.145383385210307,H1,313.651987389891,AX,59.2806293511542,L1,1.049858564716,L2,15.30726412210...
GetData ===>> H2,-0.200902302339669,H1,314.053639829393,AX,59.0981737020777,L1,1.07146689411786,L2,15.378668628...
GetData ===>> H2,-0.0776916931085839,H1,313.814831330539,AX,59.3566679026614,L1,0.997487323326939,L2,15.3840638...
GetData ===>> H2,-0.113538027032212,H1,313.644700568381,AX,59.1844250220483,L1,0.976358308824946,L2,15.31122769...
GetData ===>> H2,-0.141098578821588,H1,313.414913618633,AX,59.1898703163774,L1,1.03963132667231,L2,15.293023601...
GetData ===>> H2,-0.268143817153442,H1,313.048152370426,AX,59.1419597418749,L1,1.02862870233832,L2,15.219527668...
GetData ===>> H2,-0.204870788119472,H1,312.947986988238,AX,59.2266170335265,L1,1.03984960320543,L2,15.311190764...
GetData ===>> H2,-0.278811996351907,H1,313.043349656688,AX,59.0189067081618,L1,1.0557277012781,L2,15.3124463371...
GetData ===>> H2,-0.172624869039996,H1,312.959454324715,AX,59.0161403649915,L1,1.01754786106724,L2,15.295423551...
GetData ===>> H2,-0.171970570495603,H1,312.981870625153,AX,59.0775431852741,L1,0.990616303093659,L2,15.30040824...
GetData ===>> H2,-0.202735743255977,H1,312.722085180818,AX,59.155342030888,L1,1.01165084233232,L2,15.3487168090...
GetData ===>> H2,-0.175391730858217,H1,312.540695789506,AX,58.9739573276277,L1,1.07144666504107,L2,15.328930217...
GetData ===>> H2,-0.196496785183682,H1,312.25249918037,AX,58.9134771688094,L1,1.01270458470995,L2,15.3652064776...
GetData ===>> H2,-0.0574125576339021,H1,312.243214749191,AX,58.8813159798176,L1,1.009656572031,L2,15.2745027846...
GetData ===>> H2,-0.0663592242175928,H1,312.157746598384,AX,59.0174252709828,L1,1.01688877298722,L2,15.34521971...
13:27:14 -- collecting point 75
GetData ===>> H2,-0.077470792103004,H1,312.172554150129,AX,59.028022462582,L1,1.03652042884501,L2,15.2993866684...
GetData ===>> H2,-0.125508867111321,H1,312.015351657602,AX,59.0092927913959,L1,1.0078113876036,L2,15.2769515260...
GetData ===>> H2,-0.259403085366243,H1,311.750151118246,AX,58.8788528416344,L1,1.0226720013834,L2,15.2947466370...
GetData ===>> H2,-0.234753031401141,H1,311.811289038477,AX,58.9175890816822,L1,1.03284302793026,L2,15.321297324...
GetData ===>> H2,-0.160431170209782,H1,311.686637325922,AX,58.9668400400431,L1,1.03444196027034,L2,15.173230075...
GetData ===>> H2,-0.16600999199461,H1,311.775928550756,AX,58.9712524090721,L1,1.03059819052481,L2,15.1520203572...
GetData ===>> H2,-0.130123920070314,H1,311.625719909859,AX,58.8093002811086,L1,1.00533400291441,L2,15.125735704...
GetData ===>> H2,-0.0570232812219804,H1,311.687400029442,AX,58.7663852723973,L1,0.971821387632393,L2,15.3272681...
GetData ===>> H2,-0.130267181075583,H1,311.524008531753,AX,58.7816046962163,L1,1.01398322604281,L2,15.269187123...
GetData ===>> H2,-0.137242085387331,H1,311.239117953447,AX,58.7132386971281,L1,1.0322731198913,L2,15.1252068820...
GetData ===>> H2,-0.194831001784089,H1,311.015858560434,AX,58.8520787460164,L1,1.02632911683105,L2,15.174054438...
GetData ===>> H2,-0.215868507745612,H1,310.847833981916,AX,58.6621877003263,L1,1.02735838132405,L2,15.171199954...
GetData ===>> H2,-0.193073506557113,H1,311.002211840976,AX,58.5676595362912,L1,1.02043799967498,L2,15.178090224...
GetData ===>> H2,-0.122071366532902,H1,310.734479423516,AX,58.6855589841053,L1,1.01600669258562,L2,15.256059105...
GetData ===>> H2,-0.172315936911329,H1,310.590180397211,AX,58.7063974852988,L1,1.01298801403538,L2,15.361179258...
GetData ===>> H2,-0.233844797457128,H1,310.358641650819,AX,58.7256685989926,L1,1.03215964628945,L2,15.136903096...
GetData ===>> H2,-0.180107592682169,H1,310.457386768506,AX,58.8157946693015,L1,1.03726842422439,L2,15.147948688...
GetData ===>> H2,-0.202385255466658,H1,310.492505139344,AX,58.7060350472939,L1,1.02861987137802,L2,15.174054438...
GetData ===>> H2,-0.121488429811484,H1,310.329400704255,AX,58.4709010238983,L1,1.03180327910724,L2,15.094195577...
GetData ===>> H2,-0.0593682328065868,H1,310.28735559934,AX,58.5446860518476,L1,1.02561903313697,L2,15.294660484...
GetData ===>> H2,-0.094141755440889,H1,309.757241734918,AX,58.6619763518003,L1,1.03485182013782,L2,15.154013196...
GetData ===>> H2,-0.18720197905771,H1,309.732716747477,AX,58.6279387449095,L1,1.02731170907638,L2,15.1626738821...
GetData ===>> H2,-0.201406528215372,H1,309.62815114936,AX,58.5139144291807,L1,1.05366254582239,L2,15.0595187135...
GetData ===>> H2,-0.095141355471519,H1,309.841623209849,AX,58.3987117973709,L1,1.02098258866871,L2,15.148662141...
GetData ===>> H2,-0.176294834102217,H1,309.605574043544,AX,58.5712649199146,L1,1.02224205808271,L2,15.290156041...
13:27:40 -- collecting point 100
GetData ===>> H2,-0.146724841367392,H1,309.370781493636,AX,58.3385721342913,L1,1.0094120413805,L2,15.2505475578...
GetData ===>> H2,-0.159823436617498,H1,309.092994283741,AX,58.3649310711039,L1,1.02440077672874,L2,15.190776906...
GetData ===>> H2,-0.163451797808871,H1,309.226554800874,AX,58.4783228480186,L1,1.01207823489862,L2,15.189693985...
GetData ===>> H2,-0.20494221889055,H1,309.292898328983,AX,58.4935298956779,L1,1.01916614058294,L2,15.1767982636...
GetData ===>> H2,-0.151709668769333,H1,309.241190005793,AX,58.3164519675307,L1,1.02410947532115,L2,15.143360565...
GetData ===>> H2,-0.131106572745944,H1,308.814250944836,AX,58.3570613486503,L1,0.995639226293035,L2,14.98799534...
GetData ===>> H2,-0.191229460479486,H1,309.038773859839,AX,58.3101649369102,L1,0.985489314178613,L2,15.12357123...
GetData ===>> H2,-0.103526135091766,H1,308.940908739055,AX,58.24334874121,L1,1.02961781651909,L2,15.11795122163...
GetData ===>> H2,-0.156035846728255,H1,308.470324542562,AX,58.1210425760096,L1,1.02553579376342,L2,15.044046340...
GetData ===>> H2,-0.1545307253337,H1,308.633453892422,AX,58.2814174378034,L1,1.02377278628191,L2,15.05873213506...
GetData ===>> H2,-0.169402926738389,H1,308.477237128742,AX,58.3468210665609,L1,1.01072677526632,L2,15.127494365...
GetData ===>> H2,-0.107213587011995,H1,308.122748241409,AX,58.2171172472652,L1,1.02519023124378,L2,15.066155708...
GetData ===>> H2,-0.143926921826644,H1,308.174151982252,AX,58.0359845050812,L1,1.0275942685353,L2,15.1334469793...
GetData ===>> H2,-0.147562326679742,H1,308.309235677443,AX,58.2331176606393,L1,1.0563008658809,L2,15.1405930292...
GetData ===>> H2,-0.256811894924939,H1,307.638917042568,AX,58.2396871548224,L1,1.04489771435256,L2,15.167213651...
GetData ===>> H2,-0.225819564813018,H1,307.850509927808,AX,58.0524103481856,L1,1.01838847848701,L2,14.976686705...
GetData ===>> H2,-0.143637768623636,H1,307.784239665019,AX,58.1939789876825,L1,1.04121866556162,L2,14.976637540...
GetData ===>> H2,-0.148900823961139,H1,307.563539829758,AX,58.1427077954807,L1,1.01334199643697,L2,15.010948330...
GetData ===>> H2,-0.0588352700343682,H1,307.532029734844,AX,57.9442104618546,L1,0.977282751690737,L2,15.1003306...
GetData ===>> H2,-0.125845529329323,H1,307.389198594334,AX,57.9770795376661,L1,1.02646659857526,L2,15.073764196...
GetData ===>> H2,-0.155953435019516,H1,307.602723504468,AX,58.0712326833555,L1,1.01722146241148,L2,14.989593408...
measurement finished
estimated time: 125.829 actual time: :126.290
flush and close file /Users/jan/PychronDev/data/isotopes/85/229268-3f06-4f7f-886f-2706f14ad916.h5
baselines () {'settling_time': 15.0, 'detector': 'H1', 'mass': 34.2, 'ncounts': 60}
%%%%%%%%%%%%%%%%%%%%%%%%%%%%%%%% Baseline
build tables- baseline [Detector(H2), Detector(H1), Detector(AX), Detector(L1), Detector(L2), Detector(CDD)]
add group baseline table H2
add group baseline table H1
add group baseline table AX
add group baseline table L1
add group baseline table L2
add group baseline table CDD
flush and close file /Users/jan/PychronDev/data/isotopes/85/229268-3f06-4f7f-886f-2706f14ad916.h5
detector Detector(H1)
POSITION 34.2 H1
Mapping mass to dac mass func: "parabolic"
H1 map mass coeffs = [-0.00063987  0.15840543  0.57099999]
H1 map mass to dac 34.2 >> 5.24004599104
GetDeflection H1 ===>> 0
GetHighVoltage ===>> 4500
positioning 34.2 (5.24004599104) on H1
setting magnet DAC
current  : 5.879390
requested: 5.240046
Delta Dac: 0.639344
Checking detector protection. dv=0.63934
Checking detector "CDD". Protection Threshold: 0.1 (V)
ProtectDetector CDD,On ===>> OK
GetDeflection CDD ===>> 2000
Protected = 2000
SetMagnetDAC 5.24004599104 ===>> OK
Magnet settling time: 0.500
GetMagnetMoving ===>> True
GetMagnetMoving ===>> True
GetMagnetMoving ===>> True
GetMagnetMoving ===>> True
GetMagnetMoving ===>> True
GetMagnetMoving ===>> True
GetMagnetMoving ===>> True
GetMagnetMoving ===>> True
GetMagnetMoving ===>> False
ProtectDetector CDD,Off ===>> OK
GetDeflection CDD ===>> 50
Delaying 15.0s for detectors to settle
Join finished
measuring baseline. ncounts=60
"baseline" increment series count="2" fit count="1" regressing="True"
starting measurement
GetData ===>> H2,-0.199425896807734,H1,-0.117930622614293,AX,-0.162500634215154,L1,-0.041486472394615,L2,-0.058...
GetData ===>> H2,-0.123226331391788,H1,0.00370727214942264,AX,-0.0961341700636669,L1,-0.014304139487863,L2,-0.0...
GetData ===>> H2,-0.0898186245280119,H1,-0.109280296906067,AX,-0.0644785714134157,L1,0.0021545208208801,L2,-0.0...
GetData ===>> H2,-0.115315038127591,H1,-0.0713697053617899,AX,-0.000312815753994667,L1,-0.00405932002527747,L2,...
GetData ===>> H2,-0.25192356964116,H1,-0.0221276620082421,AX,-0.0837791639895075,L1,-0.0107345048134526,L2,-0.0...
GetData ===>> H2,-0.252130653865007,H1,0.0710095911932164,AX,-0.0287072927950077,L1,-0.0497857898766448,L2,-0.0...
GetData ===>> H2,-0.190190030172019,H1,-0.00730261253256688,AX,-0.171866875853587,L1,-0.0315390388109721,L2,-0....
GetData ===>> H2,-0.173866146265026,H1,-0.0338859546416213,AX,-0.128938021176501,L1,-0.0134891564764473,L2,-0.0...
GetData ===>> H2,-0.217342597645083,H1,-0.0801782567312113,AX,-0.0565717578907565,L1,-0.0439387944546978,L2,-0....
GetData ===>> H2,-0.230530133228172,H1,-0.0821806338481721,AX,-0.0964470813658757,L1,-0.0259232238708206,L2,0.0...
GetData ===>> H2,-0.183734257751596,H1,0.0351093909432223,AX,-0.181846494675941,L1,-0.0323880859725077,L2,-0.00...
GetData ===>> H2,-0.288757118189589,H1,0.0278425992243704,AX,-0.103191813681532,L1,-0.0454496441582951,L2,0.098...
GetData ===>> H2,-0.236923078425615,H1,0.00330168611697452,AX,-0.095601059601305,L1,-0.0277240283025846,L2,-0.1...
GetData ===>> H2,-0.154140225822694,H1,0.0851586148642226,AX,-0.0120984571855724,L1,-0.0282391691869295,L2,-0.0...
GetData ===>> H2,-0.166378486359546,H1,-0.00657501938776659,AX,0.0410178037062753,L1,-0.0526176959735539,L2,0.0...
GetData ===>> H2,-0.197776679079375,H1,-0.074564235797747,AX,-0.000544830338883794,L1,-0.0219742239332414,L2,-0...
GetData ===>> H2,-0.284995046544647,H1,0.054203639691708,AX,-0.108927944869399,L1,-0.0152543654761494,L2,-0.060...
GetData ===>> H2,-0.315427020872758,H1,0.0439280945508937,AX,-0.0432376992888067,L1,-0.0241999966592595,L2,-0.0...
GetData ===>> H2,-0.282950295262681,H1,-0.0021854928083485,AX,-0.0643974196990733,L1,-0.0250352834378163,L2,0.1...
GetData ===>> H2,-0.256424778048483,H1,-0.110388438250575,AX,-0.103493113836478,L1,-0.00998277831772117,L2,-0.0...
GetData ===>> H2,-0.192830886082103,H1,-0.0238926865420595,AX,-0.13323611662994,L1,-0.0137312612621703,L2,-0.01...
GetData ===>> H2,-0.231765675977703,H1,-0.00136243514472485,AX,-0.0659161048493641,L1,-0.00104648209700621,L2,0...
GetData ===>> H2,-0.142031077527362,H1,0.00618854012628418,AX,-0.0509716758081764,L1,0.00448600014340524,L2,-0....
GetData ===>> H2,-0.213269571166908,H1,-0.0509127572764221,AX,-0.0754102480124315,L1,-0.0110965603813066,L2,-0....
13:28:46 -- collecting point 25
GetData ===>> H2,-0.205241414576694,H1,0.0477469893555905,AX,-0.0861668390574175,L1,-0.0167284660192272,L2,0.04...
GetData ===>> H2,-0.27692789774289,H1,-0.0817753940944186,AX,-0.0801048116817169,L1,0.00519587447720755,L2,0.06...
GetData ===>> H2,-0.120364400029502,H1,-0.011417588973983,AX,-0.121302930499384,L1,0.000812544215674669,L2,-0.0...
GetData ===>> H2,-0.135973873666489,H1,0.0199439920460566,AX,-0.0161697398610846,L1,0.00558215414056623,L2,-0.0...
GetData ===>> H2,-0.21088556518606,H1,0.0228671199490329,AX,-0.169907922190412,L1,-0.0458147520380906,L2,0.0269...
GetData ===>> H2,-0.143518862363646,H1,-0.0299388522164932,AX,0.0280319258658793,L1,-0.066333785719592,L2,-0.02...
GetData ===>> H2,-0.219428416184613,H1,-0.0337786336736866,AX,-0.114292949350155,L1,-0.0760338301465676,L2,-0.0...
GetData ===>> H2,-0.109721859484965,H1,-0.145719304439473,AX,0.0379771658370935,L1,-0.0532457038571225,L2,-0.09...
GetData ===>> H2,-0.148588837203538,H1,-0.0616186048639332,AX,-0.0107761236109791,L1,-0.04193076067201,L2,-0.01...
GetData ===>> H2,-0.165131226295342,H1,-0.0381071547630228,AX,-0.158686646212165,L1,0.00740218651730297,L2,-0.0...
GetData ===>> H2,-0.271151435447245,H1,-0.0620835322054923,AX,-0.156959289368758,L1,-0.0124211891238057,L2,-0.1...
GetData ===>> H2,-0.280893136267782,H1,-0.109053900927836,AX,-0.206437652992503,L1,-0.032658712170388,L2,0.0285...
GetData ===>> H2,-0.148868410152171,H1,-0.0104753339396744,AX,-0.0789456812170483,L1,-0.00334668707862102,L2,-0...
GetData ===>> H2,-0.0902346161635082,H1,0.0351093909432223,AX,-0.0745292676142325,L1,-0.0226982234430563,L2,-0....
GetData ===>> H2,-0.24911814536284,H1,0.0328183257842564,AX,-0.00142648071804309,L1,-0.012156277322399,L2,0.015...
GetData ===>> H2,-0.214135500859527,H1,-0.018991088906639,AX,-0.0723847425153003,L1,-0.00535368755500455,L2,-1....
GetData ===>> H2,-0.134270082532704,H1,-0.0225689210597178,AX,-0.134118196929395,L1,-0.0416589208508489,L2,-0.0...
GetData ===>> H2,-0.100372245101134,H1,-0.0365212445235795,AX,-0.0952649667214962,L1,-0.0343589402041993,L2,-0....
GetData ===>> H2,-0.176636347653516,H1,-0.0139938359392076,AX,-0.0712371123724351,L1,-0.000598858970241222,L2,0...
GetData ===>> H2,-0.292368921888941,H1,-0.0210423949839054,AX,-0.0568500144346155,L1,0.0121823868661318,L2,0.14...
GetData ===>> H2,-0.260344195343571,H1,-0.0231771398068179,AX,-0.12076995794018,L1,-3.48014959307385E-05,L2,0.0...
GetData ===>> H2,-0.258522846220249,H1,-0.0346848960078415,AX,-0.116749396929133,L1,0.00543339872752901,L2,0.11...
GetData ===>> H2,-0.173061946391476,H1,0.0214711665886604,AX,0.0295868905481267,L1,0.00137548042814346,L2,-0.12...
GetData ===>> H2,-0.167205867768227,H1,-0.0779851310533928,AX,-0.0966325098107936,L1,-0.0156801856166556,L2,-0....
GetData ===>> H2,-0.169826634799793,H1,-0.0846358749076568,AX,-0.0585890998072621,L1,-0.0139793526981548,L2,-0....
13:29:12 -- collecting point 50
GetData ===>> H2,-0.225210911439112,H1,-0.0316441149609713,AX,-0.0921937193858959,L1,-0.0393701451578171,L2,-0....
GetData ===>> H2,-0.20353508439363,H1,-0.0734080182743789,AX,-0.0830953045108851,L1,-0.0355447741837209,L2,-0.0...
GetData ===>> H2,-0.284330072868921,H1,-0.020064451981505,AX,0.0287281756380323,L1,-0.015783339333682,L2,0.0921...
GetData ===>> H2,-0.131474499497135,H1,0.0641340882814535,AX,-0.00671621530219915,L1,-0.0257374938268809,L2,-0....
GetData ===>> H2,-0.203838360937161,H1,-0.0145663262600458,AX,-0.0105673324569907,L1,-0.0131391729263245,L2,-0....
GetData ===>> H2,-0.257447651813891,H1,-0.0910478222875042,AX,-0.111002139350567,L1,0.0111836740507151,L2,-0.08...
GetData ===>> H2,-0.181334150716286,H1,-0.109566270040973,AX,-0.0624381649119798,L1,-0.0293388467765784,L2,0.04...
GetData ===>> H2,-0.247689612578753,H1,-0.0389656821523808,AX,-0.112937241812639,L1,-0.0150840323743475,L2,0.03...
GetData ===>> H2,-0.233951098240148,H1,-0.021018542829254,AX,-0.0585890998072621,L1,-0.0346795808442551,L2,-0.0...
GetData ===>> H2,-0.16766474820958,H1,0.0385580201651027,AX,0.00693791870452294,L1,-0.0671767783816151,L2,-0.09...
GetData ===>> H2,-0.147831119337205,H1,-0.0559796987248394,AX,-0.00621741488664424,L1,-0.00237603346321739,L2,-...
measurement finished
estimated time: 62.915 actual time: :63.195
flush and close file /Users/jan/PychronDev/data/isotopes/85/229268-3f06-4f7f-886f-2706f14ad916.h5
activate_detectors ('H1', 'AX', 'CDD') {'peak_center': True}
peak_center () {'detector': 'H1', 'integration_time': 0.262144, 'isotope': 'Ar40'}
peak center: mean=307.79672942 threshold=3
peak center started
setup peak center. detector=['H1', 'AX', 'CDD'], isotope=Ar40
VersionedUnpickler [<apptools.sweet_pickle.versioned_unpickler.VersionedUnpickler object at 0x1cd6523b0>] using Updater [<apptools.sweet_pickle.updater.Updater object at 0x1373f1ad0>]
VersionedUnpickler [<apptools.sweet_pickle.versioned_unpickler.VersionedUnpickler object at 0x1cd6523b0>] using Updater [<apptools.sweet_pickle.updater.Updater object at 0x1373f1ad0>]
VersionedUnpickler [<apptools.sweet_pickle.versioned_unpickler.VersionedUnpickler object at 0x1c7deb3b0>] using Updater [<apptools.sweet_pickle.updater.Updater object at 0x1373f1ad0>]
setting integration time = 0.524288
SetIntegrationTime 0.524288 ===>> OK
Mapping mass to dac mass func: "parabolic"
H1 map mass coeffs = [-0.00063987  0.15840543  0.57099999]
H1 map mass to dac 39.9624 >> 5.87939
GetDeflection H1 ===>> 0
GetHighVoltage ===>> 4500
do peak center. <pychron.spectrometer.jobs.peak_center.PeakCenter object at 0x1376ecfb0>
doing pc
starting peak center. center dac= 5.87939 step_width=0.001
width = 0.001
get scan parameters. half-width=0.015,window=0.015, i=0, scalar=1
Scan parameters center=5.87939 width=0.03000 (5.86439 - 5.89439)
GetData ===>> H2,-0.204637624161146,H1,0.0220677254719305,AX,-0.0246829259054417,L1,-0.0206231782240636,L2,0.10...
Moving to starting dac 5.86439
setting magnet DAC
current  : 5.240046
requested: 5.864390
Delta Dac: 0.624344
Checking detector protection. dv=0.62434
Checking detector "CDD". Protection Threshold: 0.1 (V)
ProtectDetector CDD,On ===>> OK
GetDeflection CDD ===>> 2000
Protected = 2000
SetMagnetDAC 5.86439 ===>> OK
Magnet settling time: 0.500
GetMagnetMoving ===>> True
GetMagnetMoving ===>> True
GetMagnetMoving ===>> True
GetMagnetMoving ===>> True
GetMagnetMoving ===>> True
GetMagnetMoving ===>> True
GetMagnetMoving ===>> True
GetMagnetMoving ===>> True
GetMagnetMoving ===>> False
ProtectDetector CDD,Off ===>> OK
GetDeflection CDD ===>> 50
Wait until signal near baseline. tol= 0.0165507941039. timeout= 10
GetData ===>> H2,1.84148972271265,H1,1.39239893763856,AX,0.602765341882211,L1,0.0265399618860305,L2,-0.14660108...
GetData ===>> H2,21.2539523257464,H1,10.1157844353699,AX,1.0527848444824,L1,0.30145406083078,L2,0.0652913324951...
GetData ===>> H2,21.4290079908821,H1,10.1863240313851,AX,1.3065990164316,L1,0.401798421796105,L2,0.241910346293...
GetData ===>> H2,11.1461464083599,H1,4.85532360710137,AX,0.559400620495673,L1,0.322668616119369,L2,0.1311061485...
GetData ===>> H2,4.54542703197824,H1,2.43390751828454,AX,0.397025608518585,L1,0.248725383235245,L2,-0.022361033...
GetData ===>> H2,1.52408708889026,H1,1.32884774500319,AX,0.188352333091008,L1,0.193179651588143,L2,-0.063153031...
GetData ===>> H2,0.465751012808549,H1,0.801718955639719,AX,0.0301090857509446,L1,0.145891691484814,L2,-0.015165...
GetData ===>> H2,0.193155698548724,H1,0.425835320183077,AX,0.0941730621341271,L1,0.134918102827608,L2,0.0008426...
GetData ===>> H2,0.096596770718743,H1,0.347311150487673,AX,0.0496528045539171,L1,0.108244949912951,L2,-0.190378...
GetData ===>> H2,0.105570246672876,H1,0.229341750603607,AX,0.0735682714730451,L1,0.0745432994804465,L2,-0.09987...
GetData ===>> H2,0.0427754037655648,H1,0.202257049469723,AX,-0.0447103328966343,L1,0.0495841493738601,L2,-0.067...
GetData ===>> H2,-0.0231695777409459,H1,0.162228053687863,AX,0.0306893059280645,L1,0.00562875510612954,L2,0.042...
GetData ===>> H2,-0.0482045591456864,H1,0.124360749040808,AX,-0.172315741167579,L1,-0.0218372095529513,L2,-0.02...
GetData ===>> H2,0.00708323707754717,H1,0.161798747095987,AX,-0.175789755089831,L1,-0.0387496546186595,L2,0.008...
GetData ===>> H2,-0.0585527419882763,H1,0.167260618143517,AX,-0.164371362984465,L1,-0.0385627812365088,L2,-0.08...
GetData ===>> H2,-0.106018164104548,H1,0.162943568762564,AX,-0.118707558351405,L1,-0.00842999161986677,L2,-0.15...
GetData ===>> H2,-0.115826570885749,H1,0.268633542813857,AX,-0.0861436580277707,L1,0.00190963876423828,L2,-0.05...
GetData ===>> H2,-0.15186267004425,H1,0.206003131343846,AX,-0.0373585383379534,L1,0.00960610015363032,L2,-0.002...
GetData ===>> H2,-0.197355908020238,H1,0.248174107912136,AX,0.0208956527824402,L1,0.0206401203815028,L2,-0.0043...
GetData ===>> H2,-0.107956529809723,H1,0.16263351160275,AX,-0.119750350125122,L1,0.010138449914366,L2,0.0142117...
GetData ===>> H2,-0.107956529809723,H1,0.16263351160275,AX,-0.119750350125122,L1,0.010138449914366,L2,0.0142117...
Peak center failed to move to a baseline position
_do_sweep sm= 5.86439, em= 5.89439, stm= 0.001
calculated step values: start=5.86439, end=5.89439, width=0.001, nsteps=31.0
setting magnet DAC
current  : 5.864390
requested: 5.864390
Delta Dac: 0.000000
Checking detector protection. dv=0.00000
Checking detector "CDD". Protection Threshold: 0.1 (V)
SetMagnetDAC 5.86439 ===>> OK
GetData ===>> H2,-0.137344185034215,H1,0.256075681695944,AX,0.039509078390197,L1,0.000414066813435607,L2,-0.173...
setting magnet DAC
current  : 5.864390
requested: 5.865424
Delta Dac: 0.001034
Checking detector protection. dv=0.00103
Checking detector "CDD". Protection Threshold: 0.1 (V)
SetMagnetDAC 5.86542448276 ===>> OK
Magnet settling time: 1.049
GetData ===>> H2,-0.240931897959161,H1,0.324590054566465,AX,0.0666391809279707,L1,0.0269218776705512,L2,0.05797...
setting magnet DAC
current  : 5.865424
requested: 5.866459
Delta Dac: 0.001034
Checking detector protection. dv=0.00103
Checking detector "CDD". Protection Threshold: 0.1 (V)
SetMagnetDAC 5.86645896552 ===>> OK
Magnet settling time: 1.049
GetData ===>> H2,-0.202878631315458,H1,1.35704244092627,AX,0.207821063263489,L1,-0.0337913209276754,L2,-0.10670...
setting magnet DAC
current  : 5.866459
requested: 5.867493
Delta Dac: 0.001034
Checking detector protection. dv=0.00103
Checking detector "CDD". Protection Threshold: 0.1 (V)
SetMagnetDAC 5.86749344828 ===>> OK
Magnet settling time: 1.049
GetData ===>> H2,-0.185246104948173,H1,5.3043178187185,AX,0.59930010652742,L1,-0.00303714392473874,L2,-0.107339...
setting magnet DAC
current  : 5.867493
requested: 5.868528
Delta Dac: 0.001034
Checking detector protection. dv=0.00103
Checking detector "CDD". Protection Threshold: 0.1 (V)
SetMagnetDAC 5.86852793103 ===>> OK
Magnet settling time: 1.049
GetData ===>> H2,-0.0787893584046785,H1,17.8104450633689,AX,2.14514421526873,L1,0.0397833455056536,L2,-0.039344...
setting magnet DAC
current  : 5.868528
requested: 5.869562
Delta Dac: 0.001034
Checking detector protection. dv=0.00103
Checking detector "CDD". Protection Threshold: 0.1 (V)
SetMagnetDAC 5.86956241379 ===>> OK
Magnet settling time: 1.049
GetData ===>> H2,-0.197574387254083,H1,49.2069910228737,AX,6.30008091979015,L1,0.0865409229090216,L2,0.23859987...
setting magnet DAC
current  : 5.869562
requested: 5.870597
Delta Dac: 0.001034
Checking detector protection. dv=0.00103
Checking detector "CDD". Protection Threshold: 0.1 (V)
SetMagnetDAC 5.87059689655 ===>> OK
Magnet settling time: 1.049
GetData ===>> H2,-0.0429875929161608,H1,106.207620746254,AX,14.9962178236908,L1,0.136714021921324,L2,0.83813464...
setting magnet DAC
current  : 5.870597
requested: 5.871631
Delta Dac: 0.001034
Checking detector protection. dv=0.00103
Checking detector "CDD". Protection Threshold: 0.1 (V)
SetMagnetDAC 5.87163137931 ===>> OK
Magnet settling time: 1.049
GetData ===>> H2,-0.251708413176403,H1,216.140011008991,AX,34.7198980552052,L1,0.338934348020247,L2,3.773168637...
setting magnet DAC
current  : 5.871631
requested: 5.872666
Delta Dac: 0.001034
Checking detector protection. dv=0.00103
Checking detector "CDD". Protection Threshold: 0.1 (V)
SetMagnetDAC 5.87266586207 ===>> OK
Magnet settling time: 1.049
GetData ===>> H2,-0.249685741914848,H1,264.272213416974,AX,46.0341236370771,L1,0.552472569804419,L2,7.372403500...
setting magnet DAC
current  : 5.872666
requested: 5.873700
Delta Dac: 0.001034
Checking detector protection. dv=0.00103
Checking detector "CDD". Protection Threshold: 0.1 (V)
SetMagnetDAC 5.87370034483 ===>> OK
Magnet settling time: 1.049
GetData ===>> H2,-0.15641817517837,H1,285.483488000397,AX,52.2236951522217,L1,0.72262624581523,L2,11.0170573338...
setting magnet DAC
current  : 5.873700
requested: 5.874735
Delta Dac: 0.001034
Checking detector protection. dv=0.00103
Checking detector "CDD". Protection Threshold: 0.1 (V)
SetMagnetDAC 5.87473482759 ===>> OK
Magnet settling time: 1.049
GetData ===>> H2,-0.14812279264514,H1,292.608364010686,AX,54.6801879775451,L1,0.810869894316973,L2,13.187978744...
setting magnet DAC
current  : 5.874735
requested: 5.875769
Delta Dac: 0.001034
Checking detector protection. dv=0.00103
Checking detector "CDD". Protection Threshold: 0.1 (V)
SetMagnetDAC 5.87576931034 ===>> OK
Magnet settling time: 1.049
GetData ===>> H2,0.0505815327067553,H1,294.84466676853,AX,55.1395027794856,L1,0.826233921305561,L2,14.135920841...
setting magnet DAC
current  : 5.875769
requested: 5.876804
Delta Dac: 0.001034
Checking detector protection. dv=0.00103
Checking detector "CDD". Protection Threshold: 0.1 (V)
SetMagnetDAC 5.8768037931 ===>> OK
Magnet settling time: 1.049
GetData ===>> H2,-0.0695466897832961,H1,295.111473202503,AX,55.4078849792001,L1,0.889755135400172,L2,14.4650954...
setting magnet DAC
current  : 5.876804
requested: 5.877838
Delta Dac: 0.001034
Checking detector protection. dv=0.00103
Checking detector "CDD". Protection Threshold: 0.1 (V)
SetMagnetDAC 5.87783827586 ===>> OK
Magnet settling time: 1.049
GetData ===>> H2,-0.162887432361243,H1,295.390023153347,AX,55.5386803229735,L1,0.928418710143734,L2,14.45619291...
setting magnet DAC
current  : 5.877838
requested: 5.878873
Delta Dac: 0.001034
Checking detector protection. dv=0.00103
Checking detector "CDD". Protection Threshold: 0.1 (V)
SetMagnetDAC 5.87887275862 ===>> OK
Magnet settling time: 1.049
GetData ===>> H2,-0.125928003289645,H1,294.947468973413,AX,55.2979117748648,L1,0.94327795202644,L2,14.462029750...
setting magnet DAC
current  : 5.878873
requested: 5.879907
Delta Dac: 0.001034
Checking detector protection. dv=0.00103
Checking detector "CDD". Protection Threshold: 0.1 (V)
SetMagnetDAC 5.87990724138 ===>> OK
Magnet settling time: 1.049
GetData ===>> H2,-0.0844223730904288,H1,295.213480400073,AX,55.2483021483859,L1,0.942426350061166,L2,14.2248260...
setting magnet DAC
current  : 5.879907
requested: 5.880942
Delta Dac: 0.001034
Checking detector protection. dv=0.00103
Checking detector "CDD". Protection Threshold: 0.1 (V)
SetMagnetDAC 5.88094172414 ===>> OK
Magnet settling time: 1.049
GetData ===>> H2,-0.0642772065655968,H1,294.859948665659,AX,55.5409468988715,L1,0.932081993278197,L2,14.4015438...
setting magnet DAC
current  : 5.880942
requested: 5.881976
Delta Dac: 0.001034
Checking detector protection. dv=0.00103
Checking detector "CDD". Protection Threshold: 0.1 (V)
SetMagnetDAC 5.8819762069 ===>> OK
Magnet settling time: 1.049
GetData ===>> H2,-0.0273250630911418,H1,294.817291520326,AX,55.4263871343606,L1,0.989472839502721,L2,14.2161400...
setting magnet DAC
current  : 5.881976
requested: 5.883011
Delta Dac: 0.001034
Checking detector protection. dv=0.00103
Checking detector "CDD". Protection Threshold: 0.1 (V)
SetMagnetDAC 5.88301068966 ===>> OK
Magnet settling time: 1.049
GetData ===>> H2,-0.207167128916622,H1,294.335256727236,AX,55.0739321462586,L1,0.976998492613907,L2,14.05958550...
setting magnet DAC
current  : 5.883011
requested: 5.884045
Delta Dac: 0.001034
Checking detector protection. dv=0.00103
Checking detector "CDD". Protection Threshold: 0.1 (V)
SetMagnetDAC 5.88404517241 ===>> OK
Magnet settling time: 1.049
GetData ===>> H2,-0.264349961200253,H1,292.996907935743,AX,55.0199656395825,L1,1.00527388904102,L2,13.753134410...
setting magnet DAC
current  : 5.884045
requested: 5.885080
Delta Dac: 0.001034
Checking detector protection. dv=0.00103
Checking detector "CDD". Protection Threshold: 0.1 (V)
SetMagnetDAC 5.88507965517 ===>> OK
Magnet settling time: 1.049
GetData ===>> H2,-0.229558939467032,H1,288.484693188469,AX,53.0596123276632,L1,0.936529826671154,L2,12.97257200...
setting magnet DAC
current  : 5.885080
requested: 5.886114
Delta Dac: 0.001034
Checking detector protection. dv=0.00103
Checking detector "CDD". Protection Threshold: 0.1 (V)
SetMagnetDAC 5.88611413793 ===>> OK
Magnet settling time: 1.049
GetData ===>> H2,-0.245744257496214,H1,263.894025754692,AX,45.3986786428556,L1,0.775520423321885,L2,9.766493790...
setting magnet DAC
current  : 5.886114
requested: 5.887149
Delta Dac: 0.001034
Checking detector protection. dv=0.00103
Checking detector "CDD". Protection Threshold: 0.1 (V)
SetMagnetDAC 5.88714862069 ===>> OK
Magnet settling time: 1.049
GetData ===>> H2,-0.356111202350562,H1,211.533548349742,AX,32.1842238819769,L1,0.634788357014347,L2,5.973149807...
setting magnet DAC
current  : 5.887149
requested: 5.888183
Delta Dac: 0.001034
Checking detector protection. dv=0.00103
Checking detector "CDD". Protection Threshold: 0.1 (V)
SetMagnetDAC 5.88818310345 ===>> OK
Magnet settling time: 1.049
GetData ===>> H2,-0.244853533547848,H1,134.816036177158,AX,17.4468470710863,L1,0.411421352055586,L2,2.866013844...
setting magnet DAC
current  : 5.888183
requested: 5.889218
Delta Dac: 0.001034
Checking detector protection. dv=0.00103
Checking detector "CDD". Protection Threshold: 0.1 (V)
SetMagnetDAC 5.88921758621 ===>> OK
Magnet settling time: 1.049
GetData ===>> H2,-0.226672599029791,H1,65.7399039635,AX,7.15139930116989,L1,0.259281984029869,L2,0.997670363640...
setting magnet DAC
current  : 5.889218
requested: 5.890252
Delta Dac: 0.001034
Checking detector protection. dv=0.00103
Checking detector "CDD". Protection Threshold: 0.1 (V)
SetMagnetDAC 5.89025206897 ===>> OK
Magnet settling time: 1.049
GetData ===>> H2,-0.175027237029716,H1,24.3429173257234,AX,2.05390263224594,L1,0.146834080301488,L2,0.162718818...
setting magnet DAC
current  : 5.890252
requested: 5.891287
Delta Dac: 0.001034
Checking detector protection. dv=0.00103
Checking detector "CDD". Protection Threshold: 0.1 (V)
SetMagnetDAC 5.89128655172 ===>> OK
Magnet settling time: 1.049
GetData ===>> H2,-0.187674088928117,H1,7.34196060510859,AX,0.620395758998863,L1,0.0516290804978585,L2,0.0457402...
setting magnet DAC
current  : 5.891287
requested: 5.892321
Delta Dac: 0.001034
Checking detector protection. dv=0.00103
Checking detector "CDD". Protection Threshold: 0.1 (V)
SetMagnetDAC 5.89232103448 ===>> OK
Magnet settling time: 1.049
GetData ===>> H2,-0.239265396134235,H1,1.85264519793777,AX,-0.0293335481841709,L1,0.0993630314592786,L2,-0.0075...
setting magnet DAC
current  : 5.892321
requested: 5.893356
Delta Dac: 0.001034
Checking detector protection. dv=0.00103
Checking detector "CDD". Protection Threshold: 0.1 (V)
SetMagnetDAC 5.89335551724 ===>> OK
Magnet settling time: 1.049
GetData ===>> H2,-0.317159727156626,H1,0.341696099981115,AX,-0.0612208565659142,L1,0.0744686308260872,L2,0.0509...
setting magnet DAC
current  : 5.893356
requested: 5.894390
Delta Dac: 0.001034
Checking detector protection. dv=0.00103
Checking detector "CDD". Protection Threshold: 0.1 (V)
SetMagnetDAC 5.89439 ===>> OK
Magnet settling time: 1.049
GetData ===>> H2,-0.222012010690455,H1,0.0105547667630602,AX,0.00996598528321374,L1,0.0285193551816432,L2,-0.06...
result of _do_sweep=True
result of _calculate_peak_center=([5.8716749146569001, 5.8793371356506112, 5.8869993566443224], [218.16561471757134, 295.38204121422984, 219.08856713363369], 5.8778569338677356, 295.38204121422984)
Failed to find a valid peak. No peak greater than 1.0. max = 0.0785422627294
new center pos Detector(H1) (Ar40) @ 5.87933713565
GetHighVoltage ===>> 4500
GetDeflection H1 ===>> 0
dac uncorrected for HV and deflection 5.87933713565
update mftable H1 Ar40 5.87933713565 message=automated run peakcenter
get initial guess parabolic
get initial guess parabolic
get initial guess parabolic
get initial guess parabolic
get initial guess parabolic
get initial guess parabolic
dump mftable to /Users/jan/PychronDev/setupfiles/spectrometer/mftables/mftable.csv
add to repo msg=modified - automated run peakcenter
sweep finished
locally archiving mftable
setting magnet DAC
current  : 5.894390
requested: 5.879337
Delta Dac: 0.015053
Checking detector protection. dv=0.01505
Checking detector "CDD". Protection Threshold: 0.1 (V)
SetMagnetDAC 5.87933713565 ===>> OK
Magnet settling time: 0.500
setting integration time = 1.048576
SetIntegrationTime 1.048576 ===>> OK
Failed to find a valid peak. No peak greater than 1.0. max = 0.0785905922586
flush and close file /Users/jan/PychronDev/data/isotopes/85/229268-3f06-4f7f-886f-2706f14ad916.h5
finished measure script
executed snippet estimated_duration=226.132928, duration=274.939226151
jan_unknown120_60.py completed successfully
Measurement Finished
13:30:10 -- ******* Measurement Finished *******
Post Measurement Started jan_pump_ms.py
13:30:10 -- ******* Post Measurement Started jan_pump_ms.py *******
testing...
no interpolation path defined
executed snippet estimated_duration=0, duration=2.90870666504e-05
Pumping spectrometer
open () {'name': 'O'}
opening name=O desc=---
checking ownership. requestor=129.138.12.150
check software interlocks O
interlocks []
actuate state mode=None-script, software_lock=False
doing actuation None-script open_channel True
Open O ===>> OK
GetIndicatorState O ===>> OK
change switch state (True, True)
update switch state O True args=() kw={} ncanvase=2
13:30:10 -- OPEN   VALVE-O (Jan Ion Pump)
---------------------------------------- open O () result=[(True, True)], time=0.09 sec
action=open, ok=True, locked=[False]
executed snippet estimated_duration=0, duration=0.344212055206
jan_pump_ms.py completed successfully
setting _ms_pumptime
Post Measurement Finished
13:30:10 -- ******* Post Measurement Finished *******
$$$$$$$$$$$$$$$$$$$$ state at run end measurement
state changed from measurement to success
post measurement save measured=True aborted=False
Set filtering
setting fod for Ar40= {'filter_outliers': True, 'std_devs': 2, 'iterations': 1}
setting fod for H1= {'filter_outliers': True, 'std_devs': 2, 'iterations': 1}
setting fod for PM41= {'filter_outliers': False, 'std_devs': 2, 'iterations': 1}
setting fod for H2= {'filter_outliers': True, 'std_devs': 2, 'iterations': 1}
setting fod for Ar36= {'filter_outliers': True, 'std_devs': 2, 'iterations': 1}
setting fod for CDD= {'filter_outliers': True, 'std_devs': 10, 'iterations': 1}
setting fod for Ar37= {'filter_outliers': True, 'std_devs': 2, 'iterations': 1}
setting fod for L2= {'filter_outliers': True, 'std_devs': 2, 'iterations': 1}
setting fod for Ar38= {'filter_outliers': True, 'std_devs': 2, 'iterations': 1}
setting fod for L1= {'filter_outliers': True, 'std_devs': 2, 'iterations': 1}
setting fod for Ar39= {'filter_outliers': True, 'std_devs': 2, 'iterations': 1}
setting fod for AX= {'filter_outliers': True, 'std_devs': 2, 'iterations': 1}
persistence save...
persistence save - db
post measurement save
7804383888 connecting to database sqlite:////Users/jan/PychronDev/.appdata/local_lab.db
connected to db sqlite:////Users/jan/PychronDev/.appdata/local_lab.db
create new session 7804383888
close session 7804383888
No database instance. Not saving post measurement to isotopedb database
$$$$$$$$$$$$$$$ auto_save_detector_ic=False
massspec enabled True
create new session 4985911824
MassSpec Database Version: 16.0
close session 4985911824
saving post measurement to secondary database
saving to massspec database 129.138.12.160/massspecdata
setting labnumber to 65553
setting aliquot to 6
setting step to 
setting uuid to 85229268-3f06-4f7f-886f-2706f14ad916
setting irradpos to 65553
setting extract_device to Fusions CO2
setting tray to 
setting position to 181
setting power_requested to 5.0
setting extract_value to 5.0
setting duration to 30.0
setting duration_at_request to 30.0
setting first_stage_delay to 30.0
setting cleanup to 30.0
setting comment to N:11 with inclusions
setting irradiation to NM-289
setting level to N
setting irradiation_level to N
setting sample to Bw-2014-4 W
setting material to Sanidine
setting project to Bustos Wells
setting mass_spectrometer to Jan
no attribute chron_dosages
no attribute production_ratios
no attribute interference_corrections
no attribute production_name
no attribute j
Reference Isotope=Ar40
Reference Detector=H1
%%%%%%%%%%%%%%%%%%%% Comment: N:11 with inclusions %%%%%%%%%%%%%%%%%%%
adding isotope PM41 H2
add baseline dbdet= PM41. original det= H2
get baseline data PM41 H2
Get data baseline <pychron.processing.isotope.Baseline object at 0x1d23af3d0> len t=60
baseline PM41. v=-0.199971220225, e=0.00747808224579
get signal data PM41 H2
Get data signal PM41 0.04+/-0.06 len t=120
adding isotope Ar40 H1
add baseline dbdet= Ar40. original det= H1
get baseline data Ar40 H1
Get data baseline <pychron.processing.isotope.Baseline object at 0x1d23af5d0> len t=60
baseline Ar40. v=-0.0257639198811, e=0.00631903790465
get signal data Ar40 H1
Get data signal Ar40 321.659+/-0.034 len t=120
adding isotope Ar39 AX
add baseline dbdet= Ar39. original det= AX
get baseline data Ar39 AX
Get data baseline <pychron.processing.isotope.Baseline object at 0x1d23af790> len t=60
baseline Ar39. v=-0.071050013457, e=0.00741576064909
get signal data Ar39 AX
Get data signal Ar39 60.857+/-0.018 len t=120
adding isotope Ar38 L1
add baseline dbdet= Ar38. original det= L1
get baseline data Ar38 L1
Get data baseline <pychron.processing.isotope.Baseline object at 0x1d23af950> len t=60
baseline Ar38. v=-0.0184545742629, e=0.00234704785902
get signal data Ar38 L1
Get data signal Ar38 1.079+/-0.004 len t=120
adding isotope Ar37 L2
add baseline dbdet= Ar37. original det= L2
get baseline data Ar37 L2
Get data baseline <pychron.processing.isotope.Baseline object at 0x1d23afb10> len t=60
baseline Ar37. v=-0.0302959173509, e=0.00788909044234
get signal data Ar37 L2
Get data signal Ar37 15.774+/-0.013 len t=120
adding isotope Ar36 CDD
add baseline dbdet= Ar36. original det= CDD
get baseline data Ar36 CDD
Get data baseline <pychron.processing.isotope.Baseline object at 0x1d23afcd0> len t=60
baseline Ar36. v=8.93192470049e-05, e=1.28556528523e-05
get signal data Ar36 CDD
Get data signal Ar36 0.0756+/-0.0008 len t=120
65553-06 added analysis time 0.520520925522s
analysis added to mass spec database
mass spec save time= 0.537
persistence save - dvc
================= post measurement started
create new session 4991427888
close session 4991427888
---------------- Experiment Queue saving disabled
DVC saving peakcenter
Failed to find a valid peak. No peak greater than 1.0. max = 0.0785905922586
Smart pull ahead: 0 behind: 0
Up-to-date with origin
add to repo msg=modified - ad8224ebc6dbfeb9f5997218dfa5fe690569839d.json
add to repo msg=modified - 53-06.json
add to repo msg=modified - 53-06.dat.json
add to repo msg=modified - 53-06.blan.json
add to repo msg=modified - 53-06.inte.json
add to repo msg=modified - 53-06.icfa.json
add to repo msg=modified - 53-06.base.json
not at valid file /Users/jan/PychronDev/data/.dvc/repositories/Load1786/655/tags/53-06.tags.json
add to repo msg=modified - 53-06.peak.json
add to repo msg=modified - 53-06.extr.json
not at valid file /Users/jan/PychronDev/data/.dvc/repositories/Load1786/655/monitor/53-06.moni.json
commit message=<COLLECTION>
add to repo msg=modified - 53-06.inte.json
add to repo msg=modified - 53-06.base.json
commit message=<ISOEVO> default collection fits
add to repo msg=modified - 53-06.blan.json
commit message=<BLANKS> preceding ba-01-J-2281
add to repo msg=modified - 53-06.icfa.json
commit message=<ICFactor> default
push repository <pychron.git_archive.repo_manager.GitRepoManager object at 0x1cbf376b0>
pushing to remote=origin, url=https://github.com
no changes to meta repo
create new session 4991427888
add association Load1786
get identifier "65553"
setting analysis irradiation position=<pychron.dvc.dvc_orm.IrradiationPositionTbl object at 0x1d167ded0>
close session 4991427888
================= post measurement finished
13:30:25 -- ******* Post Run Check *******
loading queue conditionals post_run_actions
loading system conditionals post_run_actions
loading conditionals from /Users/jan/PychronDev/setupfiles/spectrometer/default_conditionals.yaml
loading queue conditionals post_run_terminations
loading system conditionals post_run_terminations
loading conditionals from /Users/jan/PychronDev/setupfiles/spectrometer/default_conditionals.yaml
Checking default post run terminations n=1
GetDeflection CDD ===>> 50
testing CDD==2000
evaluate ot="CDD.deflection==2000" t="CDD==2000", ctx="{'CDD': 50.0}"
13:30:25 -- ******* Post Run Check Passed *******
13:30:25 -- Automated run 65553-06 success duration: 367.379 s
----------------- finish -----------------
----------------- stop -----------------
retroactive repository identifiers disabled
finish run. runs completed=180
update duration runid=65553-06, duration=367.378942013, md5=301e91d8
loading script "jan_unknown120_60.py"
loading script "jan_pump_ms.py"
loading script "jan_co2.py"
loading script "jan_pump_extraction_line.py"
testing...
no interpolation path defined
executed snippet estimated_duration=213.652928, duration=0.000214099884033
script duration name:unknown120_60 seconds:214.0
loading script "jan_unknown120_60.py"
loading script "jan_pump_ms.py"
loading script "jan_co2.py"
loading script "jan_pump_extraction_line.py"
testing...
no interpolation path defined
executed snippet estimated_duration=0, duration=2.98023223877e-05
loading script "jan_unknown120_60.py"
loading script "jan_pump_ms.py"
loading script "jan_co2.py"
loading script "jan_pump_extraction_line.py"
testing...
no interpolation path defined
calculate duration
testing...
no interpolation path defined
executed snippet estimated_duration=0, duration=9.79900360107e-05
calculate duration
testing...
no interpolation path defined
executed snippet estimated_duration=0, duration=9.70363616943e-05
executed snippet estimated_duration=0.0, duration=0.00364398956299
script duration name:co2 seconds:0.0
loading script "jan_unknown120_60.py"
loading script "jan_pump_ms.py"
loading script "jan_co2.py"
loading script "jan_pump_extraction_line.py"
testing...
no interpolation path defined
calculate duration
testing...
no interpolation path defined
executed snippet estimated_duration=4.0, duration=0.000159025192261
executed snippet estimated_duration=4.0, duration=0.00137400627136
Script duration 214.0
Run total estimated duration= 215.000
unknown120_60 in script context. using previous estimated duration
script duration name:unknown120_60 seconds:214.0
pump_ms in script context. using previous estimated duration
co2 in script context. using previous estimated duration
script duration name:co2 seconds:0.0
pump_extraction_line in script context. using previous estimated duration
Script duration 214.0
Run total estimated duration= 215.000
script duration name:unknown120_60 seconds:214.0
script duration name:co2 seconds:0.0
Script duration 214.0
Run total estimated duration= 215.000
script duration name:unknown120_60 seconds:214.0
script duration name:co2 seconds:0.0
Script duration 214.0
Run total estimated duration= 215.000
script duration name:unknown120_60 seconds:214.0
script duration name:co2 seconds:0.0
Script duration 214.0
Run total estimated duration= 215.000
script duration name:unknown120_60 seconds:214.0
script duration name:co2 seconds:0.0
Script duration 214.0
Run total estimated duration= 215.000
script duration name:unknown120_60 seconds:214.0
script duration name:co2 seconds:0.0
Script duration 214.0
Run total estimated duration= 215.000
loading script "jan_unknown400_120.py"
loading script "jan_pump_ms.py"
loading script "jan_co2.py"
loading script "jan_pump_extraction_line.py"
testing...
no interpolation path defined
executed snippet estimated_duration=556.052928, duration=0.000181913375854
script duration name:unknown400_120 seconds:556.0
script duration name:co2 seconds:0.0
Script duration 556.0
Run total estimated duration= 557.000
unknown400_120 in script context. using previous estimated duration
script duration name:unknown400_120 seconds:556.0
loading script "jan_unknown400_120.py"
loading script "jan_pump_ms.py"
loading script "jan_cocktail_x1.py"
loading script "jan_pump_extraction_line.py"
testing...
no interpolation path defined
calculate duration
testing...
no interpolation path defined
executed snippet estimated_duration=0, duration=4.60147857666e-05
calculate duration
testing...
no interpolation path defined
executed snippet estimated_duration=0, duration=0.000130176544189
calculate duration
testing...
no interpolation path defined
executed snippet estimated_duration=32.0, duration=9.29832458496e-05
calculate duration
testing...
no interpolation path defined
executed snippet estimated_duration=34.0, duration=0.000175952911377
calculate duration
testing...
no interpolation path defined
executed snippet estimated_duration=4.0, duration=9.08374786377e-05
calculate duration
testing...
no interpolation path defined
executed snippet estimated_duration=38.0, duration=0.000125169754028
executed snippet estimated_duration=108.0, duration=0.00859189033508
script duration name:cocktail_x1 seconds:108.0
Script duration 664.0
Run total estimated duration= 665.000
script duration name:unknown400_120 seconds:556.0
cocktail_x1 in script context. using previous estimated duration
script duration name:cocktail_x1 seconds:108.0
Script duration 664.0
Run total estimated duration= 665.000
script duration name:unknown120_60 seconds:214.0
script duration name:co2 seconds:0.0
Script duration 214.0
Run total estimated duration= 215.000
script duration name:unknown120_60 seconds:214.0
script duration name:co2 seconds:0.0
Script duration 214.0
Run total estimated duration= 215.000
script duration name:unknown120_60 seconds:214.0
script duration name:co2 seconds:0.0
Script duration 214.0
Run total estimated duration= 215.000
script duration name:unknown120_60 seconds:214.0
script duration name:co2 seconds:0.0
Script duration 214.0
Run total estimated duration= 215.000
script duration name:unknown120_60 seconds:214.0
script duration name:co2 seconds:0.0
Script duration 214.0
Run total estimated duration= 215.000
script duration name:unknown120_60 seconds:214.0
script duration name:co2 seconds:0.0
Script duration 214.0
Run total estimated duration= 215.000
script duration name:unknown120_60 seconds:214.0
script duration name:co2 seconds:0.0
Script duration 214.0
Run total estimated duration= 215.000
script duration name:unknown120_60 seconds:214.0
script duration name:co2 seconds:0.0
Script duration 214.0
Run total estimated duration= 215.000
script duration name:unknown120_60 seconds:214.0
script duration name:co2 seconds:0.0
Script duration 214.0
Run total estimated duration= 215.000
script duration name:unknown120_60 seconds:214.0
script duration name:co2 seconds:0.0
Script duration 214.0
Run total estimated duration= 215.000
script duration name:unknown120_60 seconds:214.0
script duration name:co2 seconds:0.0
Script duration 214.0
Run total estimated duration= 215.000
script duration name:unknown120_60 seconds:214.0
script duration name:co2 seconds:0.0
Script duration 214.0
Run total estimated duration= 215.000
script duration name:unknown400_120 seconds:556.0
script duration name:cocktail_x1 seconds:108.0
Script duration 664.0
Run total estimated duration= 665.000
script duration name:unknown400_120 seconds:556.0
loading script "jan_unknown400_120.py"
loading script "jan_pump_ms.py"
loading script "jan_sniffair_x2.py"
loading script "jan_pump_extraction_line.py"
testing...
no interpolation path defined
calculate duration
testing...
no interpolation path defined
executed snippet estimated_duration=0, duration=5.19752502441e-05
calculate duration
testing...
no interpolation path defined
executed snippet estimated_duration=0, duration=9.79900360107e-05
calculate duration
testing...
no interpolation path defined
executed snippet estimated_duration=32.0, duration=0.000105142593384
calculate duration
testing...
no interpolation path defined
executed snippet estimated_duration=34.0, duration=9.89437103271e-05
calculate duration
testing...
no interpolation path defined
executed snippet estimated_duration=4.0, duration=6.79492950439e-05
calculate duration
testing...
no interpolation path defined
executed snippet estimated_duration=36.0, duration=9.10758972168e-05
calculate duration
testing...
no interpolation path defined
executed snippet estimated_duration=34.0, duration=0.000141143798828
calculate duration
testing...
no interpolation path defined
executed snippet estimated_duration=4.0, duration=9.10758972168e-05
calculate duration
testing...
no interpolation path defined
executed snippet estimated_duration=36.0, duration=8.89301300049e-05
calculate duration
testing...
no interpolation path defined
executed snippet estimated_duration=70.0, duration=0.000213146209717
executed snippet estimated_duration=250.0, duration=0.0148439407349
script duration name:sniffair_x2 seconds:250.0
Script duration 806.0
Run total estimated duration= 807.000
script duration name:unknown400_120 seconds:556.0
script duration name:cocktail_x1 seconds:108.0
Script duration 664.0
Run total estimated duration= 665.000
script duration name:unknown400_120 seconds:556.0
sniffair_x2 in script context. using previous estimated duration
script duration name:sniffair_x2 seconds:250.0
Script duration 806.0
Run total estimated duration= 807.000
loading script "jan_ic_peak_hop3.py"
loading script "jan_pump_ms.py"
loading script "jan_air_x1.py"
loading script "jan_pump_extraction_line.py"
testing...
no interpolation path defined
executed snippet estimated_duration=133.8, duration=0.00964498519897
script duration name:ic_peak_hop3 seconds:134.0
loading script "jan_ic_peak_hop3.py"
loading script "jan_pump_ms.py"
loading script "jan_air_x1.py"
loading script "jan_pump_extraction_line.py"
testing...
no interpolation path defined
calculate duration
testing...
no interpolation path defined
executed snippet estimated_duration=0, duration=8.20159912109e-05
calculate duration
testing...
no interpolation path defined
executed snippet estimated_duration=0, duration=0.000108003616333
calculate duration
testing...
no interpolation path defined
executed snippet estimated_duration=32.0, duration=9.3936920166e-05
calculate duration
testing...
no interpolation path defined
executed snippet estimated_duration=34.0, duration=9.91821289062e-05
calculate duration
testing...
no interpolation path defined
executed snippet estimated_duration=4.0, duration=6.5803527832e-05
calculate duration
testing...
no interpolation path defined
executed snippet estimated_duration=36.0, duration=8.82148742676e-05
executed snippet estimated_duration=106.0, duration=0.00796794891357
script duration name:air_x1 seconds:106.0
Script duration 240.0
Run total estimated duration= 241.000
script duration name:unknown120_60 seconds:214.0
script duration name:co2 seconds:0.0
Script duration 214.0
Run total estimated duration= 215.000
script duration name:unknown120_60 seconds:214.0
script duration name:co2 seconds:0.0
Script duration 214.0
Run total estimated duration= 215.000
script duration name:unknown120_60 seconds:214.0
script duration name:co2 seconds:0.0
Script duration 214.0
Run total estimated duration= 215.000
script duration name:unknown120_60 seconds:214.0
script duration name:co2 seconds:0.0
Script duration 214.0
Run total estimated duration= 215.000
script duration name:unknown120_60 seconds:214.0
script duration name:co2 seconds:0.0
Script duration 214.0
Run total estimated duration= 215.000
script duration name:unknown120_60 seconds:214.0
script duration name:co2 seconds:0.0
Script duration 214.0
Run total estimated duration= 215.000
script duration name:unknown400_120 seconds:556.0
script duration name:co2 seconds:0.0
Script duration 556.0
Run total estimated duration= 557.000
script duration name:unknown120_60 seconds:214.0
script duration name:co2 seconds:0.0
Script duration 214.0
Run total estimated duration= 215.000
script duration name:unknown120_60 seconds:214.0
script duration name:co2 seconds:0.0
Script duration 214.0
Run total estimated duration= 215.000
script duration name:unknown120_60 seconds:214.0
script duration name:co2 seconds:0.0
Script duration 214.0
Run total estimated duration= 215.000
script duration name:unknown120_60 seconds:214.0
script duration name:co2 seconds:0.0
Script duration 214.0
Run total estimated duration= 215.000
script duration name:unknown120_60 seconds:214.0
script duration name:co2 seconds:0.0
Script duration 214.0
Run total estimated duration= 215.000
script duration name:unknown120_60 seconds:214.0
script duration name:co2 seconds:0.0
Script duration 214.0
Run total estimated duration= 215.000
script duration name:unknown400_120 seconds:556.0
script duration name:cocktail_x1 seconds:108.0
Script duration 664.0
Run total estimated duration= 665.000
script duration name:unknown400_120 seconds:556.0
script duration name:cocktail_x1 seconds:108.0
Script duration 664.0
Run total estimated duration= 665.000
script duration name:unknown120_60 seconds:214.0
script duration name:co2 seconds:0.0
Script duration 214.0
Run total estimated duration= 215.000
script duration name:unknown120_60 seconds:214.0
script duration name:co2 seconds:0.0
Script duration 214.0
Run total estimated duration= 215.000
script duration name:unknown120_60 seconds:214.0
script duration name:co2 seconds:0.0
Script duration 214.0
Run total estimated duration= 215.000
script duration name:unknown120_60 seconds:214.0
script duration name:co2 seconds:0.0
Script duration 214.0
Run total estimated duration= 215.000
script duration name:unknown120_60 seconds:214.0
script duration name:co2 seconds:0.0
Script duration 214.0
Run total estimated duration= 215.000
script duration name:unknown120_60 seconds:214.0
script duration name:co2 seconds:0.0
Script duration 214.0
Run total estimated duration= 215.000
script duration name:unknown120_60 seconds:214.0
script duration name:co2 seconds:0.0
Script duration 214.0
Run total estimated duration= 215.000
script duration name:unknown120_60 seconds:214.0
script duration name:co2 seconds:0.0
Script duration 214.0
Run total estimated duration= 215.000
ic_peak_hop3 in script context. using previous estimated duration
script duration name:ic_peak_hop3 seconds:134.0
air_x1 in script context. using previous estimated duration
script duration name:air_x1 seconds:106.0
Script duration 240.0
Run total estimated duration= 241.000
script duration name:unknown120_60 seconds:214.0
script duration name:co2 seconds:0.0
Script duration 214.0
Run total estimated duration= 215.000
script duration name:unknown120_60 seconds:214.0
script duration name:co2 seconds:0.0
Script duration 214.0
Run total estimated duration= 215.000
script duration name:unknown120_60 seconds:214.0
script duration name:co2 seconds:0.0
Script duration 214.0
Run total estimated duration= 215.000
script duration name:unknown400_120 seconds:556.0
script duration name:sniffair_x2 seconds:250.0
Script duration 806.0
Run total estimated duration= 807.000
script duration name:unknown120_60 seconds:214.0
script duration name:co2 seconds:0.0
Script duration 214.0
Run total estimated duration= 215.000
script duration name:unknown400_120 seconds:556.0
script duration name:co2 seconds:0.0
Script duration 556.0
Run total estimated duration= 557.000
script duration name:unknown400_120 seconds:556.0
script duration name:cocktail_x1 seconds:108.0
Script duration 664.0
Run total estimated duration= 665.000
script duration name:unknown400_120 seconds:556.0
script duration name:cocktail_x1 seconds:108.0
Script duration 664.0
Run total estimated duration= 665.000
script duration name:unknown120_60 seconds:214.0
script duration name:co2 seconds:0.0
Script duration 214.0
Run total estimated duration= 215.000
script duration name:unknown400_120 seconds:556.0
script duration name:sniffair_x2 seconds:250.0
Script duration 806.0
Run total estimated duration= 807.000
script duration name:unknown120_60 seconds:214.0
script duration name:co2 seconds:0.0
Script duration 214.0
Run total estimated duration= 215.000
script duration name:unknown120_60 seconds:214.0
script duration name:co2 seconds:0.0
Script duration 214.0
Run total estimated duration= 215.000
script duration name:unknown120_60 seconds:214.0
script duration name:co2 seconds:0.0
Script duration 214.0
Run total estimated duration= 215.000
script duration name:unknown120_60 seconds:214.0
script duration name:co2 seconds:0.0
Script duration 214.0
Run total estimated duration= 215.000
script duration name:unknown120_60 seconds:214.0
script duration name:co2 seconds:0.0
Script duration 214.0
Run total estimated duration= 215.000
script duration name:unknown120_60 seconds:214.0
script duration name:co2 seconds:0.0
Script duration 214.0
Run total estimated duration= 215.000
script duration name:unknown120_60 seconds:214.0
script duration name:co2 seconds:0.0
Script duration 214.0
Run total estimated duration= 215.000
script duration name:unknown120_60 seconds:214.0
script duration name:co2 seconds:0.0
Script duration 214.0
Run total estimated duration= 215.000
script duration name:unknown120_60 seconds:214.0
script duration name:co2 seconds:0.0
Script duration 214.0
Run total estimated duration= 215.000
script duration name:unknown120_60 seconds:214.0
script duration name:co2 seconds:0.0
Script duration 214.0
Run total estimated duration= 215.000
script duration name:unknown120_60 seconds:214.0
script duration name:co2 seconds:0.0
Script duration 214.0
Run total estimated duration= 215.000
script duration name:unknown400_120 seconds:556.0
script duration name:cocktail_x1 seconds:108.0
Script duration 664.0
Run total estimated duration= 665.000
script duration name:unknown400_120 seconds:556.0
script duration name:cocktail_x1 seconds:108.0
Script duration 664.0
Run total estimated duration= 665.000
script duration name:unknown120_60 seconds:214.0
script duration name:co2 seconds:0.0
Script duration 214.0
Run total estimated duration= 215.000
script duration name:unknown120_60 seconds:214.0
script duration name:co2 seconds:0.0
Script duration 214.0
Run total estimated duration= 215.000
script duration name:unknown120_60 seconds:214.0
script duration name:co2 seconds:0.0
Script duration 214.0
Run total estimated duration= 215.000
script duration name:unknown120_60 seconds:214.0
script duration name:co2 seconds:0.0
Script duration 214.0
Run total estimated duration= 215.000
script duration name:ic_peak_hop3 seconds:134.0
script duration name:air_x1 seconds:106.0
Script duration 240.0
Run total estimated duration= 241.000
script duration name:unknown120_60 seconds:214.0
script duration name:co2 seconds:0.0
Script duration 214.0
Run total estimated duration= 215.000
nruns=80 before=5.0, run_dur=25172.0, btw=2370.0
write rem/ex queues
/Users/jan/PychronDev/experiments/rem/Load1786.rem.txt
/Users/jan/PychronDev/experiments/rem/Load1786.ex.txt
doing event level: 3
