do run
loading script "jan_unknown120_60.py"
loading script "jan_pump_ms.py"
loading script "jan_co2.py"
loading script "jan_pump_extraction_line.py"
testing...
no interpolation path defined
executed snippet estimated_duration=213.652928, duration=0.000262022018433
script duration name:unknown120_60 seconds:214.0
loading script "jan_unknown120_60.py"
loading script "jan_pump_ms.py"
loading script "jan_co2.py"
loading script "jan_pump_extraction_line.py"
testing...
no interpolation path defined
executed snippet estimated_duration=0, duration=2.69412994385e-05
loading script "jan_unknown120_60.py"
loading script "jan_pump_ms.py"
loading script "jan_co2.py"
loading script "jan_pump_extraction_line.py"
testing...
no interpolation path defined
calculate duration
testing...
no interpolation path defined
executed snippet estimated_duration=0, duration=7.39097595215e-05
calculate duration
testing...
no interpolation path defined
executed snippet estimated_duration=0, duration=0.000105142593384
executed snippet estimated_duration=0.0, duration=0.00281405448914
script duration name:co2 seconds:0.0
loading script "jan_unknown120_60.py"
loading script "jan_pump_ms.py"
loading script "jan_co2.py"
loading script "jan_pump_extraction_line.py"
testing...
no interpolation path defined
calculate duration
testing...
no interpolation path defined
executed snippet estimated_duration=4.0, duration=0.000202894210815
executed snippet estimated_duration=4.0, duration=0.00142788887024
Script duration 214.0
Run total estimated duration= 215.000
run duration: 0:03:35
doing event level: 2
12:57:44 -- Setting default integration. t=1.048576
setting integration time = 1.048576
SetIntegrationTime 1.048576 ===>> OK
----------------- start -----------------
**************** Experiment Type: Ar/Ar, Ar/Ar
$$$$$ Clearing conditionals
adding conditionals 
Add queue conditionals
add default conditionals
adding default conditionals from /Users/jan/PychronDev/setupfiles/spectrometer/default_conditionals.yaml
Start automated run 65553-04
loading script "jan_unknown120_60.py"
loading script "jan_pump_ms.py"
loading script "jan_co2.py"
loading script "jan_pump_extraction_line.py"
%%%%%%%%%%%%%%%%%% setting automated run 65553-04
No value "sensitivity_multiplier" in metadata
$$$$$$$$$$$$$$$ auto_save_detector_ic=False
============================= Pre Extraction Check =============================
loading queue conditionals pre_run_terminations
loading system conditionals pre_run_terminations
loading conditionals from /Users/jan/PychronDev/setupfiles/spectrometer/default_conditionals.yaml
12:57:44 -- ******* Pre Extraction Check *******
Get a measurement from the spectrometer
GetData ===>> H2,-0.276944013962721,H1,-0.0354719066403718,AX,-0.0843239299651129,L1,0.0291307875972361,L2,-0.0...
Pre Extraction Termination data. keys=H2,H1,AX,L1,L2,CDD, signals=-0.27694,-0.03547,-0.08432,0.02913,-0.01057,0.00298
12:57:44 -- testing system defined conditionals
Checking default pre extraction terminations n=2
testing CDD
evaluate ot="CDD.inactive" t="CDD", ctx="{'CDD': False}"
GetDeflection CDD ===>> 50
testing CDD==2000
evaluate ot="CDD.deflection==2000" t="CDD==2000", ctx="{'CDD': 50.0}"
12:57:44 -- ******* Pre Extraction Check Passed *******
=================================================================================
12:57:44 -- stopping status monitor
stop 4984189200
Alive clients [4991693744]
12:57:44 -- starting status monitor
start 4984189200
Monitor already running
start extraction
do extraction
Analysis started at 12:57:44.330658
Extraction Started jan_co2.py
12:57:44 -- ******* Extraction Started jan_co2.py *******
state changed from not run to extraction
DO EXTRACTION <pychron.extraction_line.pyscript_runner.RemotePyScriptRunner object at 0x12c301530>
testing...
no interpolation path defined
calculate duration
testing...
no interpolation path defined
executed snippet estimated_duration=0, duration=5.60283660889e-05
calculate duration
testing...
no interpolation path defined
executed snippet estimated_duration=0, duration=0.000102996826172
executed snippet estimated_duration=100.0, duration=0.00353789329529
Jan CO2 laser analysis
doing GOSUB
testing...
no interpolation path defined
executed snippet estimated_duration=0, duration=0.000126838684082
Waiting for CO2 access
wait ('FelixCO2Flag', 0) {}
waiting for FelixCO2Flag = 0
Read FelixCO2Flag ===>> 0
finished waiting
CO2 free
wait ('CO2PumpTimeFlag', 0) {}
waiting for CO2PumpTimeFlag = 0
Read CO2PumpTimeFlag ===>> 0
finished waiting
acquire ('JanCO2Flag',) {'clear': True}
acquire JanCO2Flag
Set JanCO2Flag 1 ===>> OK
JanCO2Flag acquired
set extraction state False (0.75, 'red', 1.5)
CO2 acquired
executed snippet estimated_duration=0, duration=0.0173559188843
WaitForCO2Access.py completed successfully
gosub finished
doing GOSUB
testing...
no interpolation path defined
executed snippet estimated_duration=0, duration=9.79900360107e-05
Prepare for CO2 analysis
close () {'description': 'Jan Inlet'}
closing name=--- desc=Jan Inlet
checking ownership. requestor=129.138.12.150
check software interlocks R
interlocks []
actuate state mode=None-script, software_lock=False
doing actuation None-script close_channel False
Close R ===>> OK
GetIndicatorState R ===>> False
change switch state (True, True)
update switch state R False args=() kw={} ncanvase=2
12:57:44 -- CLOSE  VALVE-R (Jan Inlet)
---------------------------------------- close None (Jan Inlet) result=[(True, True)]
action=close, ok=True, locked=[False]
open () {'description': 'Jan Ion Pump'}
opening name=--- desc=Jan Ion Pump
checking ownership. requestor=129.138.12.150
check software interlocks O
interlocks []
actuate state mode=None-script, software_lock=False
doing actuation None-script open_channel False
Open O ===>> OK
GetIndicatorState O ===>> OK
change switch state (True, True)
update switch state O True args=() kw={} ncanvase=2
12:57:45 -- OPEN   VALVE-O (Jan Ion Pump)
---------------------------------------- open None (Jan Ion Pump) result=[(True, True)], time=0.10 sec
action=open, ok=True, locked=[False]
close () {'description': 'Microbone to Minibone'}
closing name=--- desc=Microbone to Minibone
checking ownership. requestor=129.138.12.150
check software interlocks L
interlocks []
actuate state mode=None-script, software_lock=False
doing actuation None-script close_channel False
Close L ===>> OK
GetIndicatorState L ===>> False
change switch state (True, True)
update switch state L False args=() kw={} ncanvase=2
12:57:45 -- CLOSE  VALVE-L (Microbone to Minibone)
---------------------------------------- close None (Microbone to Minibone) result=[(True, True)]
action=close, ok=True, locked=[False]
open () {'description': 'Microbone to Turbo'}
opening name=--- desc=Microbone to Turbo
checking ownership. requestor=129.138.12.150
check software interlocks U
interlocks []
actuate state mode=None-script, software_lock=False
doing actuation None-script open_channel False
Open U ===>> OK
GetIndicatorState U ===>> OK
change switch state (True, True)
update switch state U True args=() kw={} ncanvase=2
12:57:46 -- OPEN   VALVE-U (Microbone to Turbo)
---------------------------------------- open None (Microbone to Turbo) result=[(True, True)], time=0.12 sec
action=open, ok=True, locked=[False]
open () {'description': 'Microbone to Inlet Pipette'}
opening name=--- desc=Microbone to Inlet Pipette
checking ownership. requestor=129.138.12.150
check software interlocks S
interlocks []
actuate state mode=None-script, software_lock=False
doing actuation None-script open_channel False
Open S ===>> OK
GetIndicatorState S ===>> OK
change switch state (True, True)
update switch state S True args=() kw={} ncanvase=2
12:57:46 -- OPEN   VALVE-S (Microbone to Inlet Pipette)
---------------------------------------- open None (Microbone to Inlet Pipette) result=[(True, True)], time=0.40 sec
action=open, ok=True, locked=[False]
open () {'description': 'Microbone to Getter D-50'}
opening name=--- desc=Microbone to Getter D-50
checking ownership. requestor=129.138.12.150
check software interlocks K
interlocks []
actuate state mode=None-script, software_lock=False
doing actuation None-script open_channel False
Open K ===>> OK
GetIndicatorState K ===>> OK
change switch state (True, True)
update switch state K True args=() kw={} ncanvase=2
12:57:47 -- OPEN   VALVE-K (Microbone to Getter D-50)
---------------------------------------- open None (Microbone to Getter D-50) result=[(True, True)], time=0.40 sec
action=open, ok=True, locked=[False]
open () {'description': 'Microbone to Getter NP-10'}
opening name=--- desc=Microbone to Getter NP-10
checking ownership. requestor=129.138.12.150
check software interlocks M
interlocks []
actuate state mode=None-script, software_lock=False
doing actuation None-script open_channel False
Open M ===>> OK
GetIndicatorState M ===>> OK
change switch state (True, True)
update switch state M True args=() kw={} ncanvase=2
12:57:47 -- OPEN   VALVE-M (Microbone to Getter NP-10)
---------------------------------------- open None (Microbone to Getter NP-10) result=[(True, True)], time=0.17 sec
action=open, ok=True, locked=[False]
close () {'description': 'CO2 Laser to Felix'}
closing name=--- desc=CO2 Laser to Felix
checking ownership. requestor=129.138.12.150
check software interlocks F
interlocks []
actuate state mode=None-script, software_lock=True
VALVE-F(CO2 Laser to Felix) software locked
change switch state (True, False)
---------------------------------------- close None (CO2 Laser to Felix) result=[(True, False)]
action=close, ok=True, locked=[True]
open () {'description': 'CO2 Laser to Jan'}
opening name=--- desc=CO2 Laser to Jan
checking ownership. requestor=129.138.12.150
check software interlocks A
interlocks []
actuate state mode=None-script, software_lock=False
doing actuation None-script open_channel False
Open A ===>> OK
GetIndicatorState A ===>> OK
change switch state (True, True)
update switch state A True args=() kw={} ncanvase=2
12:57:48 -- OPEN   VALVE-A (CO2 Laser to Jan)
---------------------------------------- open None (CO2 Laser to Jan) result=[(True, True)], time=0.11 sec
action=open, ok=True, locked=[False]
open () {'description': 'Microbone to CO2 Laser'}
opening name=--- desc=Microbone to CO2 Laser
checking ownership. requestor=129.138.12.150
check software interlocks T
interlocks []
actuate state mode=None-script, software_lock=False
doing actuation None-script open_channel False
Open T ===>> OK
GetIndicatorState T ===>> OK
change switch state (True, True)
update switch state T True args=() kw={} ncanvase=2
12:57:48 -- OPEN   VALVE-T (Microbone to CO2 Laser)
---------------------------------------- open None (Microbone to CO2 Laser) result=[(True, True)], time=0.40 sec
action=open, ok=True, locked=[False]
executed snippet estimated_duration=0, duration=4.81683182716
PrepareForCO2Analysis.py completed successfully
gosub finished
set_motor ('beam', '1.25') {}
setting motor "beam" to 1.25
set motor beam to 1.25
SetMotor beam,1.25 ===>> OK
GetMotorMoving beam ===>> False
GetMotorMoving beam ===>> False
Block completed
move_to_position ('179',) {'autocenter': True}
FusionsCO2 move to position 179
sending GoToHole 179,True
GoToHole 179,True ===>> OK
GetDriveMoving ===>> OK
GetDriveMoving ===>> OK
GetDriveMoving ===>> OK
GetDriveMoving ===>> False
GetDriveMoving ===>> OK
GetDriveMoving ===>> OK
GetDriveMoving ===>> OK
GetDriveMoving ===>> OK
GetDriveMoving ===>> OK
GetDriveMoving ===>> OK
GetDriveMoving ===>> OK
GetDriveMoving ===>> OK
GetDriveMoving ===>> False
Block completed
GetAutoCorrecting ===>> False
GetAutoCorrecting ===>> False
Block completed
update position
GetPosition ===>> 5.98170,-7.97560,1.00000
got position (5.9817, -7.9756, 1.0)
move to position succeeded
sleep (5,) {}
SLEEP 5.0
block started
WaitControl setup for 5.0  
Join finished
block finished. duration 5.02146720886
close () {'description': 'Microbone to Turbo'}
closing name=--- desc=Microbone to Turbo
checking ownership. requestor=129.138.12.150
check software interlocks U
interlocks []
actuate state mode=None-script, software_lock=False
doing actuation None-script close_channel True
Close U ===>> OK
GetIndicatorState U ===>> False
change switch state (True, True)
update switch state U False args=() kw={} ncanvase=2
12:58:00 -- CLOSE  VALVE-U (Microbone to Turbo)
---------------------------------------- close None (Microbone to Turbo) result=[(True, True)]
action=close, ok=True, locked=[False]
enable laser
enable () {}
set extraction state FusionsCO2 Enabled (False, 'red', 1.5)
enabling laser
Enable ===>> OK
begin interval
BEGIN INTERVAL Interval 1 waiting for 30.0
block started
set extract to 5.0
WaitControl setup for 30.0  
extract (5.0,) {}
GetPosition ===>> 5.98170,-7.97560,1.00000
set extraction state FusionsCO2 ON! 5.0(watts) (0.75, 'red', 1.5)
extract sample to 5.0 (watts)
set laser output
SetLaserOutput 5.0,watts ===>> OK
executing pattern triangle.lp
execute_pattern ('triangle.lp',) {}
executing pattern triangle.lp
IsPatterning ===>> OK
IsPatterning ===>> OK
IsPatterning ===>> OK
IsPatterning ===>> OK
IsPatterning ===>> OK
IsPatterning ===>> OK
IsPatterning ===>> OK
IsPatterning ===>> OK
IsPatterning ===>> OK
IsPatterning ===>> OK
IsPatterning ===>> OK
IsPatterning ===>> OK
IsPatterning ===>> OK
IsPatterning ===>> OK
IsPatterning ===>> OK
IsPatterning ===>> OK
IsPatterning ===>> OK
IsPatterning ===>> OK
IsPatterning ===>> OK
IsPatterning ===>> OK
IsPatterning ===>> OK
IsPatterning ===>> OK
IsPatterning ===>> OK
IsPatterning ===>> OK
IsPatterning ===>> OK
IsPatterning ===>> OK
IsPatterning ===>> OK
IsPatterning ===>> OK
IsPatterning ===>> False
Join finished
block finished. duration 30.0799160004
Interval 1 finished
IsPatterning ===>> False
Block completed
COMPLETE INTERVAL waiting for Interval 1 to complete
end_extract () {}
ending extraction. set laser power to 0
set laser power 0
SetLaserPower 0 ===>> OK
disable () {}
%%%%%%%%%%%%%%%%%%%%%%%%%%%%%%%%%%% disable
set extraction state False (0.75, 'red', 1.5)
disabling laser
Disable ===>> OK
sleep (30.0,) {}
SLEEP 30.0
block started
WaitControl setup for 30.0  
Join finished
block finished. duration 30.0538039207
executed snippet estimated_duration=165.0, duration=77.7440719604
jan_co2.py completed successfully
GetAchievedOutput ===>> No Response
Requested Output= 0.000
Achieved Output=  0.000
GetResponseBlob ===>> No Response
GetOutputBlob ===>> No Response
persistence save...
persistence save - db
AutomatedRunPersister post_extraction_save deprecated
persistence save - dvc
no extraction position for 179
create new session 4991427888
close session 4991427888
Extraction Finished
12:59:02 -- ******* Extraction Finished *******
no overlap. not waiting for min ms pumptime
12:59:02 -- Sending spectrometer configuration
======== Sending configuration ========
SetDeflection CDD,50.0 ===>> OK
SetDeflection H2,0.0 ===>> OK
SetDeflection H1,0.0 ===>> OK
SetDeflection L2,825.0 ===>> OK
SetDeflection L1,400.0 ===>> OK
SetDeflection AX,190.0 ===>> OK
SetZFocus 74.64 ===>> OK
SetZSymmetry -50.72 ===>> OK
SetExtractionLens 26.13 ===>> OK
SetIonRepeller -3.81 ===>> OK
SetElectronEnergy 75.08 ===>> OK
SetYSymmetry -2.81 ===>> OK
SetIonCounterVoltage 1590.0 ===>> OK
send trap current 200.0
GetParameter Trap Current Readback ===>> 198.258926936459
SetParameter Trap Current Set,200.0 ===>> OK
updating mftable name mftable
Using mftable located at /Users/jan/PychronDev/setupfiles/spectrometer/mftables/mftable.csv
============ MFtable ===========
Isotope  H2     H1     AX     L1     L2     CDD    
Ar40     5.7968 5.8796 5.9930 6.1367 6.2313 6.3650
Ar39     5.6961 5.7718 5.8854 6.0228 6.1164 6.2515
Ar36     5.3736 5.4409 5.5488 5.6817 5.7714 5.9026
================================
get initial guess parabolic
get initial guess parabolic
get initial guess parabolic
get initial guess parabolic
get initial guess parabolic
get initial guess parabolic
======== Configuration Finished ========
GetYSymmetry ===>> -2.81
GetZSymmetry ===>> -50.72
GetParameter Trap Current Readback ===>> 198.258926936459
GetHighVoltage ===>> 4500
start measurement
do measurement
L#=65553 analysis type=unknown
Measurement Started jan_unknown120_60.py
12:59:02 -- ******* Measurement Started jan_unknown120_60.py *******
state changed from extraction to measurement
setting spec, defl, and gains
GetExtractionLens ===>> 26.13
GetYSymmetry ===>> -2.81
GetZSymmetry ===>> -50.72
GetZFocus ===>> 74.64
GetDeflection H2 ===>> 0
GetDeflection H1 ===>> 0
GetDeflection AX ===>> 190
GetDeflection L1 ===>> 400
GetDeflection L2 ===>> 825
GetDeflection CDD ===>> 50
GetGain H2 ===>> 0.0113
GetGain H1 ===>> 0.1
GetGain AX ===>> 0.097049
GetGain L1 ===>> 0.010355
GetGain L2 ===>> 0.095649
GetGain CDD ===>> 0
pre measurement save
New frame /Users/jan/PychronDev/data/isotopes/72/fa04a2-6dfc-40c0-a1ff-01b3678253f5.h5
flush and close file /Users/jan/PychronDev/data/isotopes/72/fa04a2-6dfc-40c0-a1ff-01b3678253f5.h5
testing...
no interpolation path defined
executed snippet estimated_duration=226.132928, duration=0.000144958496094
unknown measurement script
activate_detectors ('H2', 'H1', 'AX', 'L1', 'L2', 'CDD') {}
activate detectors
*************** Set Analysis View Ar/Ar
create graphs
clearing graphs
clear isotope group
setting isotope det=H2, iso=PM41
setting isotope det=H1, iso=Ar40
setting isotope det=AX, iso=Ar39
setting isotope det=L1, iso=Ar38
setting isotope det=L2, iso=Ar37
setting isotope det=CDD, iso=Ar36
setting previous blanks
 - setting Ar40 blank 0.099+/-0.007
 - setting Ar36 blank 0.00445+/-0.00017
 - setting Ar37 blank 0.068+/-0.005
 - setting Ar38 blank 0.0116+/-0.0020
 - setting PM41 blank 0.02+/-0.07
 - setting Ar39 blank 0.030+/-0.009
load analysis view
position_magnet ('Ar40',) {'detector': 'H1'}
detector Detector(H1)
POSITION Ar40 H1
setting detector H2 to PM41 (40.9624)
setting detector H1 to Ar40 (39.9624)
setting detector AX to Ar39 (38.9624)
setting detector L1 to Ar38 (37.9624)
setting detector L2 to Ar37 (36.9624)
setting detector CDD to Ar36 (35.9624)
Mapping mass to dac mass func: "parabolic"
H1 map mass coeffs = [-0.00063987  0.15840543  0.57118999]
H1 map mass to dac 39.9624 >> 5.87958
GetDeflection H1 ===>> 0
GetHighVoltage ===>> 4500
positioning Ar40 (5.87958) on H1
setting magnet DAC
current  : 5.879575
requested: 5.879580
Delta Dac: 0.000005
Checking detector protection. dv=0.00000
Checking detector "CDD". Protection Threshold: 0.1 (V)
SetMagnetDAC 5.87958 ===>> OK
Magnet settling time: 0.500
equilibrate () {'delay': 3, 'inlet': 'R', 'outlet': 'O', 'eqtime': 12.0}
Equilibration Started
12:59:04 -- ******* Equilibration Started *******
checking ownership. requestor=129.138.12.150
check software interlocks O
interlocks []
actuate state mode=None-script, software_lock=False
doing actuation None-script close_channel True
Close O ===>> OK
GetIndicatorState O ===>> False
change switch state (True, True)
update switch state O False args=() kw={} ncanvase=2
12:59:04 -- CLOSE  VALVE-O (Jan Ion Pump)
waiting 3s before opening inlet value ('R',)
update labels <pychron.experiment.plot_panel.PlotPanel object at 0x1d499be90>
update labels "<pychron.graph.stacked_regression_graph.StackedRegressionGraph object at 0x1c91fe590>"
setting label 0 H2 PM41
setting label 1 H1 Ar40
setting label 2 AX Ar39
setting label 3 L1 Ar38
setting label 4 L2 Ar37
setting label 5 CDD Ar36
update labels "<pychron.graph.stacked_graph.StackedGraph object at 0x1cfee71d0>"
setting label 0 H2 PM41
setting label 1 H1 Ar40
setting label 2 AX Ar39
setting label 3 L1 Ar38
setting label 4 L2 Ar37
setting label 5 CDD Ar36
checking ownership. requestor=129.138.12.150
check software interlocks R
interlocks []
actuate state mode=None-script, software_lock=False
doing actuation None-script open_channel True
Open R ===>> OK
GetIndicatorState R ===>> OK
change switch state (True, True)
update switch state R True args=() kw={} ncanvase=2
12:59:07 -- OPEN   VALVE-R (Jan Inlet)
equilibrating for 12.0sec
set_time_zero () {}
sniff (12.0,) {}
py_sniff
build tables- sniff [Detector(H2), Detector(H1), Detector(AX), Detector(L1), Detector(L2), Detector(CDD)]
add group /sniff/PM41 (Group) '' table H2
add group /sniff/Ar40 (Group) '' table H1
add group /sniff/Ar39 (Group) '' table AX
add group /sniff/Ar38 (Group) '' table L1
add group /sniff/Ar37 (Group) '' table L2
add group /sniff/Ar36 (Group) '' table CDD
flush and close file /Users/jan/PychronDev/data/isotopes/72/fa04a2-6dfc-40c0-a1ff-01b3678253f5.h5
measuring sniff. ncounts=12.0
starting measurement
"sniff" increment series count="1" fit count="0" regressing="False"
GetData ===>> H2,-0.143894493797079,H1,0.0586555098755383,AX,0.00967593651264179,L1,-0.0177622465924422,L2,-0.0...
GetData ===>> H2,0.331968358918486,H1,31.2311887483742,AX,6.8320391107458,L1,0.041564476471874,L2,1.07749652362...
GetData ===>> H2,1.05463967802669,H1,137.400386046995,AX,27.1274923159274,L1,0.346546078388161,L2,3.69436660146...
GetData ===>> H2,0.329037006838577,H1,180.950769296771,AX,34.1331112114065,L1,0.504722567005861,L2,4.2810951562...
GetData ===>> H2,-0.0175647700477162,H1,195.394389208519,AX,35.9765773340837,L1,0.530575518766427,L2,4.38176553...
GetData ===>> H2,0.0406437080933043,H1,201.029862972326,AX,36.6613236178052,L1,0.513892973261311,L2,4.498523107...
GetData ===>> H2,-0.028039686526612,H1,203.178990415339,AX,36.985468963685,L1,0.539016337267336,L2,4.4887624505...
GetData ===>> H2,-0.0776957587310576,H1,204.230405429683,AX,37.1943926920008,L1,0.544782382673888,L2,4.53925549...
GetData ===>> H2,-0.0593438228432006,H1,204.676612934418,AX,37.238283872226,L1,0.513918820365427,L2,4.540655531...
GetData ===>> H2,-0.0220728126096502,H1,204.846562655372,AX,37.3201134799741,L1,0.506472607238387,L2,4.49842981...
GetData ===>> H2,-0.00656495106627266,H1,205.068103922185,AX,37.4002613939905,L1,0.522810580735817,L2,4.4646273...
Equilibration Finished
12:59:19 -- ******* Equilibration Finished *******
GetData ===>> H2,0.0619364910590107,H1,204.834228395731,AX,37.1227459244749,L1,0.525503702005592,L2,4.445409447...
checking ownership. requestor=129.138.12.150
check software interlocks R
interlocks []
actuate state mode=None-script, software_lock=False
doing actuation None-script close_channel True
Close R ===>> OK
State checksums do not match. Local:1281824393 Remote:114499521
State checksum failed
GetIndicatorState R ===>> False
change switch state (True, True)
update switch state R False args=() kw={} ncanvase=2
12:59:20 -- CLOSE  VALVE-R (Jan Inlet)
Post Equilibration Started jan_pump_extraction_line.py
12:59:20 -- ******* Post Equilibration Started jan_pump_extraction_line.py *******
testing...
no interpolation path defined
calculate duration
testing...
no interpolation path defined
executed snippet estimated_duration=4.0, duration=0.000156879425049
executed snippet estimated_duration=4.0, duration=0.00156307220459
Pump after analysis
doing GOSUB
testing...
no interpolation path defined
executed snippet estimated_duration=4.0, duration=0.000144958496094
Pump Microbone
close () {'description': 'Jan Inlet'}
closing name=--- desc=Jan Inlet
checking ownership. requestor=129.138.12.150
check software interlocks R
interlocks []
actuate state mode=None-script, software_lock=False
doing actuation None-script close_channel False
measurement finished
Close R ===>> OK
estimated time: 12.583 actual time: :12.672
flush and close file /Users/jan/PychronDev/data/isotopes/72/fa04a2-6dfc-40c0-a1ff-01b3678253f5.h5
set_fits () {}
using default fits file=/Users/jan/PychronDev/scripts/measurement/fits/nominal_linear.yaml
set "Ar40" to "('Linear', 'SEM')"
No fit for "PM41". defaulting to linear. check the measurement script "jan_unknown120_60.py"
set "PM41" to "linear"
set "Ar36" to "('Linear', 'SEM')"
set "Ar37" to "('linear', 'SEM')"
set "Ar38" to "('linear', 'SEM')"
set "Ar39" to "('Linear', 'SEM')"
set_baseline_fits () {}
using default fits file=/Users/jan/PychronDev/scripts/measurement/fits/nominal_linear.yaml
set "H1" to "('average', 'SEM')"
set "H2" to "('average', 'SEM')"
set "CDD" to "('average', 'SEM')"
set "L2" to "('average', 'SEM')"
set "L1" to "('average', 'SEM')"
set "AX" to "('average', 'SEM')"
multicollect () {'integration_time': 1, 'ncounts': 120}
build tables- signal [Detector(H2), Detector(H1), Detector(AX), Detector(L1), Detector(L2), Detector(CDD)]
GetIndicatorState R ===>> False
add group /signal/PM41 (Group) '' table H2
change switch state (True, True)
add group /signal/Ar40 (Group) '' table H1
update switch state R False args=() kw={} ncanvase=2
add group /signal/Ar39 (Group) '' table AX
add group /signal/Ar38 (Group) '' table L1
add group /signal/Ar37 (Group) '' table L2
add group /signal/Ar36 (Group) '' table CDD
flush and close file /Users/jan/PychronDev/data/isotopes/72/fa04a2-6dfc-40c0-a1ff-01b3678253f5.h5
measuring signal. ncounts=120
12:59:21 -- CLOSE  VALVE-R (Jan Inlet)
---------------------------------------- close None (Jan Inlet) result=[(True, True)]
action=close, ok=True, locked=[False]
is_closed ('F',) {}
is F () closed?
is closed True
open () {'description': 'CO2 Laser to Jan'}
opening name=--- desc=CO2 Laser to Jan
checking ownership. requestor=129.138.12.150
check software interlocks A
interlocks []
actuate state mode=None-script, software_lock=False
doing actuation None-script open_channel False
Open A ===>> OK
GetIndicatorState A ===>> OK
change switch state (True, True)
update switch state A True args=() kw={} ncanvase=2
12:59:21 -- OPEN   VALVE-A (CO2 Laser to Jan)
---------------------------------------- open None (CO2 Laser to Jan) result=[(True, True)], time=0.11 sec
starting measurement
GetData ===>> H2,0.0320920421991401,H1,204.868819325826,AX,37.3368380743162,L1,0.535752101112242,L2,4.512366951...
action=open, ok=True, locked=[False]
sleep (1,) {}
SLEEP 1.0
"signal" increment series count="2" fit count="1" regressing="True"
GetData ===>> H2,-0.00925438260834454,H1,204.87038848925,AX,37.2908581496802,L1,0.549661580470395,L2,4.50368953...
close () {'description': 'CO2 Laser to Roughing'}
closing name=--- desc=CO2 Laser to Roughing
checking ownership. requestor=129.138.12.150
check software interlocks G
interlocks []
actuate state mode=None-script, software_lock=True
VALVE-G(CO2 Laser to Roughing) software locked
change switch state (True, False)
---------------------------------------- close None (CO2 Laser to Roughing) result=[(True, False)]
action=close, ok=True, locked=[True]
open () {'description': 'Microbone to Turbo'}
opening name=--- desc=Microbone to Turbo
checking ownership. requestor=129.138.12.150
check software interlocks U
interlocks []
actuate state mode=None-script, software_lock=False
doing actuation None-script open_channel True
Open U ===>> OK
GetIndicatorState U ===>> OK
change switch state (True, True)
update switch state U True args=() kw={} ncanvase=2
12:59:22 -- OPEN   VALVE-U (Microbone to Turbo)
---------------------------------------- open None (Microbone to Turbo) result=[(True, True)], time=0.16 sec
action=open, ok=True, locked=[False]
open () {'description': 'Microbone to Getter NP-10'}
opening name=--- desc=Microbone to Getter NP-10
checking ownership. requestor=129.138.12.150
check software interlocks M
interlocks []
actuate state mode=None-script, software_lock=False
doing actuation None-script open_channel False
Open M ===>> OK
GetIndicatorState M ===>> OK
change switch state (True, True)
update switch state M True args=() kw={} ncanvase=2
12:59:23 -- OPEN   VALVE-M (Microbone to Getter NP-10)
---------------------------------------- open None (Microbone to Getter NP-10) result=[(True, True)], time=0.14 sec
action=open, ok=True, locked=[False]
open () {'description': 'Microbone to Getter D-50'}
opening name=--- desc=Microbone to Getter D-50
checking ownership. requestor=129.138.12.150
check software interlocks K
interlocks []
actuate state mode=None-script, software_lock=False
doing actuation None-script open_channel False
GetData ===>> H2,-0.0681592347254531,H1,204.893058221935,AX,37.2775250314562,L1,0.537718945594785,L2,4.55720084...
Open K ===>> OK
GetIndicatorState K ===>> OK
change switch state (True, True)
update switch state K True args=() kw={} ncanvase=2
12:59:23 -- OPEN   VALVE-K (Microbone to Getter D-50)
---------------------------------------- open None (Microbone to Getter D-50) result=[(True, True)], time=0.41 sec
action=open, ok=True, locked=[False]
open () {'description': 'Microbone to CO2 Laser'}
opening name=--- desc=Microbone to CO2 Laser
checking ownership. requestor=129.138.12.150
check software interlocks T
interlocks []
actuate state mode=None-script, software_lock=False
doing actuation None-script open_channel False
Open T ===>> OK
GetIndicatorState T ===>> OK
change switch state (True, True)
update switch state T True args=() kw={} ncanvase=2
12:59:24 -- OPEN   VALVE-T (Microbone to CO2 Laser)
---------------------------------------- open None (Microbone to CO2 Laser) result=[(True, True)], time=0.39 sec
GetData ===>> H2,-0.160282616118962,H1,204.762579033928,AX,37.0952288739503,L1,0.512210589018765,L2,4.454264794...
action=open, ok=True, locked=[False]
open () {'description': 'Microbone to Inlet Pipette'}
opening name=--- desc=Microbone to Inlet Pipette
checking ownership. requestor=129.138.12.150
check software interlocks S
interlocks []
actuate state mode=None-script, software_lock=False
doing actuation None-script open_channel False
Open S ===>> OK
GetIndicatorState S ===>> OK
change switch state (True, True)
update switch state S True args=() kw={} ncanvase=2
12:59:25 -- OPEN   VALVE-S (Microbone to Inlet Pipette)
---------------------------------------- open None (Microbone to Inlet Pipette) result=[(True, True)], time=0.41 sec
action=open, ok=True, locked=[False]
sleep (1,) {}
SLEEP 1.0
GetData ===>> H2,-0.0836638804868591,H1,204.749236567498,AX,37.1036227457541,L1,0.498976454356008,L2,4.42410856...
set_resource () {'name': 'CO2PumpTimeFlag', 'value': 30}
Set CO2PumpTimeFlag 30 ===>> OK
release ('JanCO2Flag',) {}
release JanCO2Flag
Set JanCO2Flag 0 ===>> OK
executed snippet estimated_duration=6.0, duration=5.91025686264
PumpMicrobone.py completed successfully
gosub finished
get_resource_value () {'name': 'JanMiniboneFlag'}
Read JanMiniboneFlag ===>> 0
Get Resource Value JanMiniboneFlag=0.0
get resource value 0.0
get_resource_value () {'name': 'JanMiniboneFlag'}
Read JanMiniboneFlag ===>> 0
Get Resource Value JanMiniboneFlag=0.0
executed snippet estimated_duration=4.0, duration=5.92300605774
jan_pump_extraction_line.py completed successfully
Post Equilibration Finished
12:59:26 -- ******* Post Equilibration Finished *******
GetData ===>> H2,-0.130199605355049,H1,204.684744684696,AX,37.026250658994,L1,0.52322410401336,L2,4.43537668919...
GetData ===>> H2,-0.224739586526035,H1,204.558148426891,AX,37.0534280185503,L1,0.558800446896676,L2,4.521628374...
GetData ===>> H2,-0.193678687183201,H1,204.801477461693,AX,37.1469823554601,L1,0.529536079925423,L2,4.563245602...
GetData ===>> H2,-0.181765910704133,H1,204.650024150005,AX,36.9984308506623,L1,0.483497624238503,L2,4.439692982...
GetData ===>> H2,-0.22799536718695,H1,204.479319172815,AX,36.9884504833627,L1,0.470053044189034,L2,4.4743972795...
GetData ===>> H2,-0.225857267926027,H1,204.482116785929,AX,37.0001012312645,L1,0.506609130229837,L2,4.484611259...
GetData ===>> H2,-0.168245070386461,H1,204.539018017932,AX,36.8957694028307,L1,0.523126875325911,L2,4.327006827...
GetData ===>> H2,-0.138925153854988,H1,204.183201224017,AX,36.8976314008838,L1,0.482139139404151,L2,4.425578243...
GetData ===>> H2,-0.25110057400395,H1,204.170576749979,AX,36.9843371105709,L1,0.472840848294889,L2,4.4994677392...
GetData ===>> H2,-0.172557417329175,H1,204.076679951661,AX,36.9433907907201,L1,0.521842065697066,L2,4.438701384...
GetData ===>> H2,-0.125752238389576,H1,204.036330001284,AX,36.8344763930679,L1,0.496478577355562,L2,4.488902381...
GetData ===>> H2,-0.0928738435685277,H1,203.873004397917,AX,36.9316629651996,L1,0.514424698140346,L2,4.49255231...
GetData ===>> H2,-0.0887345357145708,H1,204.031873933521,AX,37.000860503137,L1,0.526770499475626,L2,4.547586021...
GetData ===>> H2,-0.128414109047463,H1,203.875869821162,AX,36.874975283505,L1,0.512759456753337,L2,4.4172853257...
GetData ===>> H2,-0.133450549001275,H1,203.610484809115,AX,36.8990796422932,L1,0.510169204778523,L2,4.405995956...
GetData ===>> H2,-0.152642961167973,H1,203.635724374968,AX,36.7883511370897,L1,0.511215071543935,L2,4.516332692...
GetData ===>> H2,-0.092154484527652,H1,203.562337372924,AX,36.8220466964534,L1,0.518082279241612,L2,4.443834469...
GetData ===>> H2,-0.0923875022339562,H1,203.380561592794,AX,36.9331806168941,L1,0.498750478897574,L2,4.53022571...
GetData ===>> H2,-0.0664691049102506,H1,203.550449752278,AX,36.8228467921135,L1,0.513928666898296,L2,4.50678019...
12:59:46 -- collecting point 25
GetData ===>> H2,-0.11387504441102,H1,203.509618460323,AX,36.8291235964925,L1,0.497792209294205,L2,4.4843780514...
GetData ===>> H2,-0.0986690512348548,H1,203.487606193397,AX,36.9035210289017,L1,0.481191008302596,L2,4.40424668...
GetData ===>> H2,-0.0535938184321412,H1,203.357590931874,AX,36.8014254493676,L1,0.510962823395045,L2,4.40941295...
GetData ===>> H2,-0.0942799167784277,H1,203.231935994265,AX,36.8814205362514,L1,0.515244494302143,L2,4.42525164...
GetData ===>> H2,-0.0915095966702999,H1,203.328225968655,AX,36.8096321276572,L1,0.487645426534225,L2,4.42549659...
GetData ===>> H2,-0.153948349161912,H1,203.314254460456,AX,36.8297581934626,L1,0.493823534306647,L2,4.345221359...
GetData ===>> H2,-0.271002282933097,H1,203.277033890831,AX,36.6924027391491,L1,0.523125644588897,L2,4.548881167...
GetData ===>> H2,-0.277459720834096,H1,203.050816466719,AX,36.7630755631907,L1,0.538773743593661,L2,4.516694282...
GetData ===>> H2,-0.222202174102177,H1,203.082798248723,AX,36.8774456912949,L1,0.521525810438216,L2,4.459637863...
GetData ===>> H2,-0.142293244515551,H1,202.946699200643,AX,36.7328982711562,L1,0.520255964626621,L2,4.520088631...
GetData ===>> H2,-0.110115854547112,H1,202.875284236061,AX,36.6189376579816,L1,0.502660532142571,L2,4.469652105...
GetData ===>> H2,-0.143906654319034,H1,202.932236407785,AX,36.5888840541996,L1,0.483793665026517,L2,4.421122608...
GetData ===>> H2,-0.161002410072133,H1,202.717240956023,AX,36.6456079866464,L1,0.482648857310659,L2,4.454299797...
GetData ===>> H2,-0.206087745098942,H1,202.465682086793,AX,36.8003082826999,L1,0.467075716347124,L2,4.438888037...
GetData ===>> H2,-0.211529431034735,H1,202.524252230375,AX,36.8584842468072,L1,0.484791176217443,L2,4.321844912...
GetData ===>> H2,-0.0857130486624813,H1,202.382578684685,AX,36.7667155674469,L1,0.496123138284573,L2,4.37782486...
GetData ===>> H2,-0.230624351486691,H1,202.323182533526,AX,36.6404112696556,L1,0.502235142696299,L2,4.427969440...
GetData ===>> H2,-0.202335377475494,H1,202.419146259308,AX,36.7266266834448,L1,0.50505828609,L2,4.3214604014036...
GetData ===>> H2,-0.187791291653165,H1,202.294618171722,AX,36.6927061257605,L1,0.548655727747548,L2,4.457702749...
GetData ===>> H2,-0.257182869470425,H1,202.317881871203,AX,36.6668108059668,L1,0.487840817366259,L2,4.492703913...
GetData ===>> H2,-0.245711966616927,H1,202.144682706943,AX,36.575437561395,L1,0.46995849313169,L2,4.42737455182...
GetData ===>> H2,-0.264460475418067,H1,202.064764925039,AX,36.7604559340093,L1,0.473969693595523,L2,4.407232126...
GetData ===>> H2,-0.233189478133774,H1,201.911490487181,AX,36.5450371687751,L1,0.481682257057127,L2,4.332716712...
GetData ===>> H2,-0.129698180937915,H1,201.884849984066,AX,36.5691694951209,L1,0.509749657413461,L2,4.404060100...
GetData ===>> H2,-0.171144886227604,H1,201.715294159144,AX,36.6269450020676,L1,0.46585679485677,L2,4.4147077828...
13:00:13 -- collecting point 50
GetData ===>> H2,-0.123663131736923,H1,201.724466013829,AX,36.5065742838037,L1,0.490774582559299,L2,4.351456799...
GetData ===>> H2,-0.135938718656977,H1,201.761780380349,AX,36.3823805433065,L1,0.483507451182226,L2,4.579981483...
GetData ===>> H2,-0.260096713466374,H1,201.831901269509,AX,36.4093480770275,L1,0.486661155425387,L2,4.351888050...
GetData ===>> H2,-0.207487824856654,H1,201.605694194067,AX,36.4451217762036,L1,0.523073953766661,L2,4.391034885...
GetData ===>> H2,-0.0548392886931519,H1,201.683591024346,AX,36.6066038494983,L1,0.506370523658751,L2,4.46378799...
GetData ===>> H2,-0.116791383444375,H1,201.534757224377,AX,36.4772559431381,L1,0.455873588222289,L2,4.417122040...
GetData ===>> H2,-0.244269546477363,H1,201.540693614031,AX,36.3831788791059,L1,0.491343733771872,L2,4.463822969...
GetData ===>> H2,-0.236679591125142,H1,201.409321588819,AX,36.4526552175478,L1,0.52003572624689,L2,4.3521794371...
GetData ===>> H2,-0.117455743868699,H1,201.433232193974,AX,36.4983759724649,L1,0.541038583151451,L2,4.396095506...
GetData ===>> H2,-0.269858714785293,H1,201.393287042127,AX,36.5195879808329,L1,0.517675954180786,L2,4.387175463...
GetData ===>> H2,-0.248933872099026,H1,201.403146940139,AX,36.5854396191638,L1,0.511742966879832,L2,4.380133284...
GetData ===>> H2,-0.228419438290594,H1,201.140032422984,AX,36.428775759724,L1,0.496096081140536,L2,4.4926456062...
GetData ===>> H2,-0.206532447539222,H1,201.02740019388,AX,36.319383974166,L1,0.53218168195722,L2,4.422160683180...
GetData ===>> H2,-0.127538153495175,H1,201.045333738107,AX,36.5031295443436,L1,0.523786571465593,L2,4.388178198...
GetData ===>> H2,-0.127186670841228,H1,201.076422346057,AX,36.417898057967,L1,0.496728252951208,L2,4.3413287819...
GetData ===>> H2,-0.125988844351667,H1,201.049590201329,AX,36.4464025643059,L1,0.489358601757954,L2,4.425333294...
GetData ===>> H2,-0.107026875097814,H1,200.939262196414,AX,36.3948654949064,L1,0.516859658508053,L2,4.366948051...
GetData ===>> H2,-0.231732030089124,H1,200.983481737297,AX,36.2400394000242,L1,0.503692112881546,L2,4.372193952...
GetData ===>> H2,-0.152349701159151,H1,200.870355318798,AX,36.3457456189684,L1,0.476593907492111,L2,4.366097076...
GetData ===>> H2,-0.0571765519206003,H1,200.82241169191,AX,36.3611853690204,L1,0.508098701072223,L2,4.266538217...
GetData ===>> H2,-0.0539954228539566,H1,200.817273847674,AX,36.1976712257146,L1,0.532264213954981,L2,4.34934719...
GetData ===>> H2,-0.169188367885874,H1,200.441054290462,AX,36.2222098578587,L1,0.484760463226339,L2,4.381987053...
GetData ===>> H2,-0.212465530411207,H1,200.58705941145,AX,36.3407370881165,L1,0.505739595741348,L2,4.3350007600...
GetData ===>> H2,-0.162421607169013,H1,200.628042660203,AX,36.3748103918022,L1,0.498772622250924,L2,4.248426242...
GetData ===>> H2,-0.139857831249788,H1,200.44449225259,AX,36.1637878784826,L1,0.504498760348769,L2,4.3963520422...
13:00:39 -- collecting point 75
GetData ===>> H2,-0.19006599320222,H1,200.422337531708,AX,36.1777718046494,L1,0.525250114948929,L2,4.4334985777...
GetData ===>> H2,-0.216237427517807,H1,200.53928008723,AX,36.2576515272895,L1,0.480408742972505,L2,4.4964122977...
GetData ===>> H2,-0.0579293116797965,H1,200.410592703706,AX,36.1436293572531,L1,0.510447271956461,L2,4.44435945...
GetData ===>> H2,-0.0404799946063652,H1,200.606857382023,AX,36.2507989897505,L1,0.51946854175783,L2,4.458145723...
GetData ===>> H2,-0.165843963144555,H1,200.408730782019,AX,36.2574038381258,L1,0.507428306094509,L2,4.288083616...
GetData ===>> H2,-0.329770323815215,H1,200.195915294338,AX,36.1767404837938,L1,0.501988031444209,L2,4.315949243...
GetData ===>> H2,-0.248090480890418,H1,200.046411827386,AX,36.1396671318933,L1,0.506727205624364,L2,4.269487267...
GetData ===>> H2,-0.199618716870598,H1,200.08309683528,AX,36.2298861287605,L1,0.494462944931302,L2,4.4153609094...
GetData ===>> H2,-0.288978693383595,H1,199.934458910168,AX,36.1270934702897,L1,0.494715031164532,L2,4.222010220...
GetData ===>> H2,-0.288579854897406,H1,199.817565118297,AX,36.0340442002279,L1,0.493181704264601,L2,4.315727871...
GetData ===>> H2,-0.245282758240976,H1,199.89938121546,AX,35.9664390940414,L1,0.502712170205038,L2,4.3592662289...
GetData ===>> H2,-0.196214892363094,H1,199.837372414201,AX,36.0709826672466,L1,0.498954331735231,L2,4.330724041...
GetData ===>> H2,-0.177741809036606,H1,199.766979359417,AX,36.0727288421249,L1,0.502837578003721,L2,4.340874269...
GetData ===>> H2,-0.203553955171354,H1,199.719639419142,AX,36.2034890507336,L1,0.526115537175766,L2,4.380483049...
GetData ===>> H2,-0.110107731075575,H1,199.538077155671,AX,35.9223909530816,L1,0.530824309917808,L2,4.305067656...
GetData ===>> H2,-0.204279108350999,H1,199.441423829824,AX,35.9988900960257,L1,0.473311287839357,L2,4.298136227...
GetData ===>> H2,-0.254187842710737,H1,199.399732996457,AX,36.0788475374444,L1,0.503837206404432,L2,4.359021446...
GetData ===>> H2,-0.177479963468363,H1,199.583260088787,AX,36.0645069265915,L1,0.482533400927002,L2,4.283855538...
GetData ===>> H2,-0.214218992907434,H1,199.342885749746,AX,36.0132637789878,L1,0.478508432507428,L2,4.218293673...
GetData ===>> H2,-0.230124985762847,H1,199.29391081656,AX,35.9349661388673,L1,0.503281435491655,L2,4.2886893066...
GetData ===>> H2,-0.174138876471462,H1,199.317242053337,AX,35.9522850329821,L1,0.499500036890854,L2,4.212363801...
GetData ===>> H2,-0.17164543077006,H1,199.10743329308,AX,35.817280333775,L1,0.459756989422742,L2,4.312465605579...
GetData ===>> H2,-0.169701143299646,H1,198.95539443235,AX,35.8731066995123,L1,0.486948685587851,L2,4.3972382632...
GetData ===>> H2,-0.215747327091533,H1,199.02695058363,AX,36.023062545591,L1,0.471747742715082,L2,4.21550926834...
GetData ===>> H2,-0.269205579189381,H1,198.748493248942,AX,35.9468691627613,L1,0.446595957591615,L2,4.374758717...
13:01:05 -- collecting point 100
GetData ===>> H2,-0.170835913731242,H1,198.817065402731,AX,35.8439747352387,L1,0.480942936575437,L2,4.419804618...
GetData ===>> H2,-0.148087749596978,H1,198.808082500452,AX,35.8834509360037,L1,0.503698260870796,L2,4.359382792...
GetData ===>> H2,-0.10346929160357,H1,198.676610359149,AX,35.9227757471687,L1,0.483113152415932,L2,4.2209966029...
GetData ===>> H2,-0.179724350388207,H1,198.611623375253,AX,35.8822282620707,L1,0.481739980322403,L2,4.328137125...
GetData ===>> H2,-0.235876449393134,H1,198.516660542985,AX,35.8068047452023,L1,0.477747741038842,L2,4.248740900...
GetData ===>> H2,-0.0714641644139499,H1,198.532579583834,AX,35.8433567393723,L1,0.463323667071669,L2,4.37217063...
GetData ===>> H2,-0.0763553797886853,H1,198.531439072964,AX,35.9212778059893,L1,0.446413237145602,L2,4.36359082...
GetData ===>> H2,-0.128965601933264,H1,198.504567673504,AX,35.9463055969691,L1,0.48296698318362,L2,4.3688715162...
GetData ===>> H2,-0.1551738716755,H1,198.370509703625,AX,35.9147503078441,L1,0.462328504824727,L2,4.40282397202...
GetData ===>> H2,-0.202239665038685,H1,198.252422230881,AX,35.8904987363073,L1,0.462930989844207,L2,4.250768722...
GetData ===>> H2,-0.254230864879634,H1,198.151199785092,AX,35.8932465334739,L1,0.49917556007714,L2,4.2652210818...
GetData ===>> H2,-0.209954723592288,H1,198.315933337961,AX,35.8435078047225,L1,0.493592372526069,L2,4.342552479...
GetData ===>> H2,-0.187748139369174,H1,198.19511989817,AX,35.7686425904736,L1,0.526865300089753,L2,4.3295937138...
GetData ===>> H2,-0.159485792761515,H1,197.856280880967,AX,35.9248646517629,L1,0.534386867703239,L2,4.255582053...
GetData ===>> H2,-0.118613884160907,H1,197.803878010953,AX,35.8226489270866,L1,0.518007169465533,L2,4.274246949...
GetData ===>> H2,-0.134211932764596,H1,197.99377738789,AX,35.727553817669,L1,0.506436939366916,L2,4.32454818395...
GetData ===>> H2,-0.0862533824403544,H1,197.922503466948,AX,35.8858551079599,L1,0.46769075563925,L2,4.317883356...
GetData ===>> H2,-0.164110638654801,H1,197.715092698296,AX,35.8330847600211,L1,0.455457498487524,L2,4.256223071...
GetData ===>> H2,-0.291967518367892,H1,197.488364886701,AX,35.8103331136416,L1,0.463041428801577,L2,4.234943508...
GetData ===>> H2,-0.215589790299284,H1,197.542416143366,AX,35.8195595525612,L1,0.470368629971971,L2,4.377801549...
GetData ===>> H2,-0.181865752857389,H1,197.554550667317,AX,35.6709022654629,L1,0.473060711623451,L2,4.310112181...
measurement finished
estimated time: 125.829 actual time: :126.127
flush and close file /Users/jan/PychronDev/data/isotopes/72/fa04a2-6dfc-40c0-a1ff-01b3678253f5.h5
baselines () {'settling_time': 15.0, 'detector': 'H1', 'mass': 34.2, 'ncounts': 60}
%%%%%%%%%%%%%%%%%%%%%%%%%%%%%%%% Baseline
build tables- baseline [Detector(H2), Detector(H1), Detector(AX), Detector(L1), Detector(L2), Detector(CDD)]
add group baseline table H2
add group baseline table H1
add group baseline table AX
add group baseline table L1
add group baseline table L2
add group baseline table CDD
flush and close file /Users/jan/PychronDev/data/isotopes/72/fa04a2-6dfc-40c0-a1ff-01b3678253f5.h5
detector Detector(H1)
POSITION 34.2 H1
Mapping mass to dac mass func: "parabolic"
H1 map mass coeffs = [-0.00063987  0.15840543  0.57118999]
H1 map mass to dac 34.2 >> 5.24023599104
GetDeflection H1 ===>> 0
GetHighVoltage ===>> 4500
positioning 34.2 (5.24023599104) on H1
setting magnet DAC
current  : 5.879580
requested: 5.240236
Delta Dac: 0.639344
Checking detector protection. dv=0.63934
Checking detector "CDD". Protection Threshold: 0.1 (V)
ProtectDetector CDD,On ===>> OK
GetDeflection CDD ===>> 2000
Protected = 2000
SetMagnetDAC 5.24023599104 ===>> OK
Magnet settling time: 0.500
GetMagnetMoving ===>> True
GetMagnetMoving ===>> True
GetMagnetMoving ===>> True
GetMagnetMoving ===>> True
GetMagnetMoving ===>> True
GetMagnetMoving ===>> True
GetMagnetMoving ===>> True
GetMagnetMoving ===>> True
GetMagnetMoving ===>> False
ProtectDetector CDD,Off ===>> OK
GetDeflection CDD ===>> 50
Delaying 15.0s for detectors to settle
Join finished
measuring baseline. ncounts=60
"baseline" increment series count="2" fit count="1" regressing="True"
starting measurement
GetData ===>> H2,-0.173045758642185,H1,0.0295369435712402,AX,-0.0373701346657402,L1,-0.0208509626222963,L2,-0.1...
GetData ===>> H2,-0.134499974046579,H1,-0.106039210912745,AX,-0.0922053091807388,L1,-0.0351061951765386,L2,-0.0...
GetData ===>> H2,-0.117409740529873,H1,-0.00826875263271172,AX,-0.0216094500743014,L1,-0.0255313893761551,L2,-0...
GetData ===>> H2,-0.199127895700893,H1,0.00487632343764157,AX,-0.0982434045548623,L1,-0.0170270979992844,L2,0.0...
GetData ===>> H2,-0.138623706936847,H1,-0.00964041700368663,AX,-0.109194463954888,L1,-0.0133920732183679,L2,-0....
GetData ===>> H2,-0.220655743207164,H1,0.0634895340870358,AX,-0.055215245845452,L1,-0.0177850317428206,L2,0.079...
GetData ===>> H2,-0.245854583970298,H1,0.0210058531274317,AX,-0.135451707617685,L1,-0.059338401148972,L2,0.0238...
GetData ===>> H2,-0.332847858961156,H1,-0.0390610736298978,AX,-0.115532767909229,L1,-0.0520183604042301,L2,-0.0...
GetData ===>> H2,-0.345179036137086,H1,-0.0816681244730997,AX,-0.113192162620915,L1,0.0330681469686313,L2,-0.01...
GetData ===>> H2,-0.256944963284177,H1,-0.0378686736256072,AX,-0.128822166918485,L1,-0.00278038385567996,L2,0.0...
GetData ===>> H2,-0.145735988757936,H1,-0.0169755204758591,AX,-0.149365511193775,L1,-5.99771319604201E-06,L2,-0...
GetData ===>> H2,-0.229811356652125,H1,0.0066060672254455,AX,-0.0761637117615975,L1,-0.0246410175478019,L2,0.04...
GetData ===>> H2,-0.10858812519063,H1,-0.0295453259185895,AX,-0.065301677834286,L1,-0.0607060424192876,L2,2.279...
GetData ===>> H2,-0.172844758828109,H1,-0.0151626668624115,AX,-0.0733932548003213,L1,-0.028850116027743,L2,0.01...
GetData ===>> H2,-0.243350445742337,H1,-0.00212585117609336,AX,-0.0889137519697289,L1,-0.0261508882779263,L2,-0...
GetData ===>> H2,-0.290889430774471,H1,-0.0402415356399509,AX,-0.00909418214275512,L1,-0.0132842018331662,L2,-0...
GetData ===>> H2,-0.303873753740954,H1,-0.00690899722564069,AX,0.0419926848062654,L1,-0.0079767006053064,L2,0.0...
GetData ===>> H2,-0.238809017119285,H1,-0.0336355388707908,AX,-0.0271648317810211,L1,0.00554856401656947,L2,-0....
GetData ===>> H2,-0.201874332658899,H1,-0.0621550592971197,AX,-0.0868970386650075,L1,-0.00922500037226157,L2,0....
GetData ===>> H2,-0.18358856592826,H1,-0.0710359425662997,AX,-0.151197347058264,L1,-0.035144541645441,L2,-0.010...
GetData ===>> H2,-0.17514873114284,H1,-0.0379640661487766,AX,-0.101395581856269,L1,-0.0284667811717905,L2,0.025...
GetData ===>> H2,-0.156483021127523,H1,-0.00409400627752172,AX,-0.0513195163802022,L1,-0.0353278836782619,L2,0....
GetData ===>> H2,-0.263772067953329,H1,0.0107337145401455,AX,-0.0726165853451668,L1,-0.0352380105505768,L2,0.03...
GetData ===>> H2,-0.249602352740721,H1,0.0172595620128615,AX,-0.0825041678681552,L1,-0.0111972622639286,L2,-0.0...
13:02:11 -- collecting point 25
GetData ===>> H2,-0.18129637093398,H1,-0.00145786246703565,AX,-0.0292755617432987,L1,-0.0138930607184785,L2,-0....
GetData ===>> H2,-0.234295559727442,H1,0.0198246825159788,AX,-0.0893773583144167,L1,-0.019131662403306,L2,0.016...
GetData ===>> H2,-0.183272893878958,H1,-0.11228297405379,AX,-0.0538587148903735,L1,-0.0370580843185668,L2,-0.11...
GetData ===>> H2,-0.123565765933086,H1,-0.0212332120166579,AX,0.0334395966104562,L1,-0.054824940293143,L2,-0.06...
GetData ===>> H2,-0.238233245936275,H1,-0.0591627989648067,AX,-0.0804641393219648,L1,-0.00173647877087895,L2,0....
GetData ===>> H2,-0.254920541636623,H1,-0.0412669761859384,AX,-0.0568500144346155,L1,-0.0195381343735914,L2,-0....
GetData ===>> H2,-0.291543277029204,H1,-0.0969707617314295,AX,-0.131961768512158,L1,-0.0247740390741217,L2,-0.0...
GetData ===>> H2,-0.251825405012857,H1,-0.0354719066403718,AX,-0.0826548500985103,L1,-0.0253983778661257,L2,-0....
GetData ===>> H2,-0.185437903527565,H1,-0.0858515544908343,AX,-0.0897250616232528,L1,-0.052359304185487,L2,0.03...
GetData ===>> H2,-0.314867810484518,H1,-0.0551093952658064,AX,0.000661651541661789,L1,-0.0266721005410626,L2,-0...
GetData ===>> H2,-0.28214277159552,H1,-0.0211616556719861,AX,-0.0505658602360108,L1,-0.0199421920022206,L2,-0.0...
GetData ===>> H2,-0.297960234096883,H1,-0.0301773522500824,AX,-0.0788993157112174,L1,-0.03592701732978,L2,-0.04...
GetData ===>> H2,-0.206308750921555,H1,0.028463060023687,AX,0.0186562472788333,L1,4.32089395746956E-05,L2,-0.04...
GetData ===>> H2,-0.215969490631765,H1,0.00942143826996329,AX,-0.0718515019101669,L1,-0.0102777207647072,L2,-0....
GetData ===>> H2,-0.276480663452673,H1,-0.00750538345026792,AX,-0.0888558010213054,L1,-0.00592584332999874,L2,-...
GetData ===>> H2,-0.187196584750375,H1,0.0588942216428691,AX,0.0102792389260784,L1,1.20046928506761E-05,L2,0.01...
GetData ===>> H2,-0.238675734812466,H1,-0.0310240227791912,AX,-0.115046112040912,L1,-0.0132590316769092,L2,-0.0...
GetData ===>> H2,-0.254404296334864,H1,0.0242869557273596,AX,-0.123145139246905,L1,-0.00848635177425754,L2,-0.0...
GetData ===>> H2,-0.227330283941814,H1,0.001977578451018,AX,-0.133735533964981,L1,-0.0151032249806564,L2,-0.075...
GetData ===>> H2,-0.177353087664923,H1,-0.0754582092606036,AX,-0.100294649184163,L1,-0.0183234658055961,L2,-0.0...
GetData ===>> H2,-0.180505665133514,H1,-0.0296765015231902,AX,-0.161063160858264,L1,-0.0171434301468457,L2,-0.1...
GetData ===>> H2,-0.122421655175772,H1,-0.0713339451155591,AX,-0.0892498667898626,L1,0.00169357130597955,L2,-0....
GetData ===>> H2,-0.277812912711202,H1,-0.128549316289406,AX,0.0129129297881082,L1,-0.00844917809082843,L2,0.07...
GetData ===>> H2,-0.230971606283245,H1,-0.0455594039614702,AX,-0.104142064847078,L1,-0.0215031167972947,L2,0.03...
GetData ===>> H2,-0.102523211793754,H1,-0.0403130783446002,AX,-0.0578702816214855,L1,-0.0127735949200884,L2,-0....
13:02:37 -- collecting point 50
GetData ===>> H2,-0.109510640009885,H1,-0.0377971291735999,AX,-0.0278722793410079,L1,-0.000997280528286644,L2,-...
GetData ===>> H2,-0.214115301077883,H1,-0.00173221551202902,AX,-0.0557022010630249,L1,-0.0416361674045626,L2,-0...
GetData ===>> H2,-0.182768339933511,H1,-0.00578778150372978,AX,-0.114814370295573,L1,0.00764816206104897,L2,-0....
GetData ===>> H2,-0.133657466518546,H1,-0.0275657459211097,AX,-0.0672724677320933,L1,0.0356185784897618,L2,-0.0...
GetData ===>> H2,-0.164718142371936,H1,-0.0480990037081462,AX,-0.107630102366635,L1,-0.0174804259928229,L2,-0.0...
GetData ===>> H2,-0.271777585739449,H1,-0.0752674955920128,AX,-0.0234071552670216,L1,-0.0369215003582396,L2,-0....
GetData ===>> H2,-0.254315564295383,H1,0.00856250311709346,AX,-0.14977130059417,L1,-0.0319581824778945,L2,-0.03...
GetData ===>> H2,-0.232072521857359,H1,0.0144320402202027,AX,-0.0738453431211789,L1,-0.0105031181092813,L2,0.04...
GetData ===>> H2,-0.23906884578114,H1,-0.0292591240027783,AX,-0.0759666525752405,L1,-0.0218016070856761,L2,0.06...
GetData ===>> H2,-0.200176932649201,H1,-0.0189076046294588,AX,-0.0513427057075004,L1,-0.035962964213344,L2,-0.0...
GetData ===>> H2,-0.177485362407188,H1,-0.0312267456459513,AX,-0.0252860116588426,L1,-0.0138355323209432,L2,-0....
measurement finished
estimated time: 62.915 actual time: :63.098
flush and close file /Users/jan/PychronDev/data/isotopes/72/fa04a2-6dfc-40c0-a1ff-01b3678253f5.h5
activate_detectors ('H1', 'AX', 'CDD') {'peak_center': True}
peak_center () {'detector': 'H1', 'integration_time': 0.262144, 'isotope': 'Ar40'}
peak center: mean=197.838791738 threshold=3
peak center started
setup peak center. detector=['H1', 'AX', 'CDD'], isotope=Ar40
VersionedUnpickler [<apptools.sweet_pickle.versioned_unpickler.VersionedUnpickler object at 0x1cda7fd10>] using Updater [<apptools.sweet_pickle.updater.Updater object at 0x1373f1ad0>]
VersionedUnpickler [<apptools.sweet_pickle.versioned_unpickler.VersionedUnpickler object at 0x1cda7fd10>] using Updater [<apptools.sweet_pickle.updater.Updater object at 0x1373f1ad0>]
VersionedUnpickler [<apptools.sweet_pickle.versioned_unpickler.VersionedUnpickler object at 0x1c2ba6290>] using Updater [<apptools.sweet_pickle.updater.Updater object at 0x1373f1ad0>]
setting integration time = 0.524288
SetIntegrationTime 0.524288 ===>> OK
Mapping mass to dac mass func: "parabolic"
H1 map mass coeffs = [-0.00063987  0.15840543  0.57118999]
H1 map mass to dac 39.9624 >> 5.87958
GetDeflection H1 ===>> 0
GetHighVoltage ===>> 4500
do peak center. <pychron.spectrometer.jobs.peak_center.PeakCenter object at 0x1376ecfb0>
doing pc
starting peak center. center dac= 5.87958 step_width=0.001
width = 0.001
get scan parameters. half-width=0.015,window=0.015, i=0, scalar=1
Scan parameters center=5.87958 width=0.03000 (5.86458 - 5.89458)
GetData ===>> H2,-0.146999057078634,H1,-0.0352811167523058,AX,-0.0598412220311071,L1,-0.0219178840377835,L2,0.0...
Moving to starting dac 5.86458
setting magnet DAC
current  : 5.240236
requested: 5.864580
Delta Dac: 0.624344
Checking detector protection. dv=0.62434
Checking detector "CDD". Protection Threshold: 0.1 (V)
ProtectDetector CDD,On ===>> OK
GetDeflection CDD ===>> 2000
Protected = 2000
SetMagnetDAC 5.86458 ===>> OK
Magnet settling time: 0.500
GetMagnetMoving ===>> True
GetMagnetMoving ===>> True
GetMagnetMoving ===>> True
GetMagnetMoving ===>> True
GetMagnetMoving ===>> True
GetMagnetMoving ===>> True
GetMagnetMoving ===>> True
GetMagnetMoving ===>> True
GetMagnetMoving ===>> False
ProtectDetector CDD,Off ===>> OK
GetDeflection CDD ===>> 50
Wait until signal near baseline. tol= -0.0264608375642. timeout= 10
GetData ===>> H2,0.815180858634796,H1,0.689900326970228,AX,0.109635312472433,L1,-0.0271505724064259,L2,-0.02969...
GetData ===>> H2,11.4931010293996,H1,5.39208565828331,AX,0.454637503914992,L1,0.0826396894565294,L2,-0.16714830...
GetData ===>> H2,12.2103084478653,H1,6.638552011099,AX,0.799668965972911,L1,0.101483953953113,L2,0.006672889185...
GetData ===>> H2,6.40173276701514,H1,3.2182067866066,AX,0.366756091455458,L1,0.0640469286817076,L2,-0.010657437...
GetData ===>> H2,2.51504868545146,H1,1.5791562417679,AX,0.0395787113516564,L1,0.00848394145144935,L2,-0.0637902...
GetData ===>> H2,0.761332150614737,H1,0.892679731343216,AX,0.0708800038935166,L1,0.0156842332789273,L2,-0.12951...
GetData ===>> H2,0.104602609664388,H1,0.45799258717214,AX,0.021638264944926,L1,0.0330921819560293,L2,-0.0221788...
GetData ===>> H2,-0.0900092789852197,H1,0.220702486945634,AX,-0.0230708129495406,L1,0.0121194217557882,L2,-0.12...
GetData ===>> H2,-0.137217221563743,H1,0.300560512944137,AX,0.00571975756936931,L1,0.00208249606847972,L2,-0.06...
GetData ===>> H2,-0.105685607878081,H1,0.159389894230455,AX,-0.0624497582515809,L1,-0.00045724751088379,L2,0.00...
GetData ===>> H2,-0.0423417491565971,H1,0.222086628255647,AX,0.0432461177070465,L1,-0.0111972622639286,L2,-0.00...
GetData ===>> H2,-0.0668421487289996,H1,0.0906785108521159,AX,0.0182269370823174,L1,-0.0166744060753316,L2,-0.1...
GetData ===>> H2,-0.0996005439343397,H1,0.0798825687846395,AX,0.00752960247058192,L1,-0.0119500967962622,L2,-0....
GetData ===>> H2,-0.179744161375237,H1,0.171935643848431,AX,0.0148853440574571,L1,-0.00789035714532339,L2,-0.12...
GetData ===>> H2,-0.162933338734926,H1,0.0195741329658496,AX,-0.0421361083987199,L1,0.00665710429750159,L2,0.06...
GetData ===>> H2,-0.060213756296885,H1,0.137760513774965,AX,-0.00091605252449593,L1,0.0213795124045015,L2,-0.09...
GetData ===>> H2,-0.0626763803432721,H1,0.102929620747738,AX,-0.0593195063958028,L1,0.0402234877195384,L2,0.057...
GetData ===>> H2,-0.122707017470495,H1,0.247648949858914,AX,-0.128208137047748,L1,0.0245057234290512,L2,-0.0088...
GetData ===>> H2,-0.111860912324012,H1,0.197079574499104,AX,-0.144333824447911,L1,-0.0176975943290918,L2,-0.019...
GetData ===>> H2,-0.111860912324012,H1,0.197079574499104,AX,-0.144333824447911,L1,-0.0176975943290918,L2,-0.019...
GetData ===>> H2,-0.122942334534706,H1,0.122477295913126,AX,-0.100746612525353,L1,-0.0300515036621362,L2,-0.050...
Peak center failed to move to a baseline position
_do_sweep sm= 5.86458, em= 5.89458, stm= 0.001
calculated step values: start=5.86458, end=5.89458, width=0.001, nsteps=31.0
setting magnet DAC
current  : 5.864580
requested: 5.864580
Delta Dac: 0.000000
Checking detector protection. dv=0.00000
Checking detector "CDD". Protection Threshold: 0.1 (V)
SetMagnetDAC 5.86458 ===>> OK
GetData ===>> H2,-0.136698547520935,H1,0.0940390747110389,AX,0.0852491923932581,L1,-0.0105067148345009,L2,-0.01...
setting magnet DAC
current  : 5.864580
requested: 5.865614
Delta Dac: 0.001034
Checking detector protection. dv=0.00103
Checking detector "CDD". Protection Threshold: 0.1 (V)
SetMagnetDAC 5.86561448276 ===>> OK
Magnet settling time: 1.049
GetData ===>> H2,-0.150268111276283,H1,0.377733464461971,AX,-0.0414635520406697,L1,-0.00024362645689657,L2,-0.0...
setting magnet DAC
current  : 5.865614
requested: 5.866649
Delta Dac: 0.001034
Checking detector protection. dv=0.00103
Checking detector "CDD". Protection Threshold: 0.1 (V)
SetMagnetDAC 5.86664896552 ===>> OK
Magnet settling time: 1.049
GetData ===>> H2,-0.13444257986863,H1,1.26351437200818,AX,0.175081483407667,L1,-0.0314825129565111,L2,-0.060672...
setting magnet DAC
current  : 5.866649
requested: 5.867683
Delta Dac: 0.001034
Checking detector protection. dv=0.00103
Checking detector "CDD". Protection Threshold: 0.1 (V)
SetMagnetDAC 5.86768344828 ===>> OK
Magnet settling time: 1.049
GetData ===>> H2,-0.16014351370492,H1,4.5601247768926,AX,0.57586067026189,L1,0.0168671849076044,L2,0.0471301278...
setting magnet DAC
current  : 5.867683
requested: 5.868718
Delta Dac: 0.001034
Checking detector protection. dv=0.00103
Checking detector "CDD". Protection Threshold: 0.1 (V)
SetMagnetDAC 5.86871793103 ===>> OK
Magnet settling time: 1.049
GetData ===>> H2,-0.116570823425828,H1,15.9496321560699,AX,1.80155159344717,L1,-0.0101518317530791,L2,-0.072142...
setting magnet DAC
current  : 5.868718
requested: 5.869752
Delta Dac: 0.001034
Checking detector protection. dv=0.00103
Checking detector "CDD". Protection Threshold: 0.1 (V)
SetMagnetDAC 5.86975241379 ===>> OK
Magnet settling time: 1.049
GetData ===>> H2,-0.163430195821066,H1,43.9566430556528,AX,5.35545857231167,L1,0.0193415143731525,L2,0.15142738...
setting magnet DAC
current  : 5.869752
requested: 5.870787
Delta Dac: 0.001034
Checking detector protection. dv=0.00103
Checking detector "CDD". Protection Threshold: 0.1 (V)
SetMagnetDAC 5.87078689655 ===>> OK
Magnet settling time: 1.049
GetData ===>> H2,-0.15930346089658,H1,89.070825045937,AX,12.446637247103,L1,0.100654813153686,L2,0.287104484048...
setting magnet DAC
current  : 5.870787
requested: 5.871821
Delta Dac: 0.001034
Checking detector protection. dv=0.00103
Checking detector "CDD". Protection Threshold: 0.1 (V)
SetMagnetDAC 5.87182137931 ===>> OK
Magnet settling time: 1.049
GetData ===>> H2,-0.242331677128049,H1,136.594126604126,AX,21.0326879209606,L1,0.122188682038128,L2,1.055416419...
setting magnet DAC
current  : 5.871821
requested: 5.872856
Delta Dac: 0.001034
Checking detector protection. dv=0.00103
Checking detector "CDD". Protection Threshold: 0.1 (V)
SetMagnetDAC 5.87285586207 ===>> OK
Magnet settling time: 1.049
GetData ===>> H2,-0.0881490873349907,H1,168.603188126215,AX,27.8460202108058,L1,0.217697993633881,L2,1.94963620...
setting magnet DAC
current  : 5.872856
requested: 5.873890
Delta Dac: 0.001034
Checking detector protection. dv=0.00103
Checking detector "CDD". Protection Threshold: 0.1 (V)
SetMagnetDAC 5.87389034483 ===>> OK
Magnet settling time: 1.049
GetData ===>> H2,0.0369916800731956,H1,183.417739794156,AX,31.8839827763726,L1,0.326175441790681,L2,3.260146926...
setting magnet DAC
current  : 5.873890
requested: 5.874925
Delta Dac: 0.001034
Checking detector protection. dv=0.00103
Checking detector "CDD". Protection Threshold: 0.1 (V)
SetMagnetDAC 5.87492482759 ===>> OK
Magnet settling time: 1.049
GetData ===>> H2,-0.109472728406279,H1,188.361506171548,AX,33.5983926516326,L1,0.393067338502336,L2,3.747540299...
setting magnet DAC
current  : 5.874925
requested: 5.875959
Delta Dac: 0.001034
Checking detector protection. dv=0.00103
Checking detector "CDD". Protection Threshold: 0.1 (V)
SetMagnetDAC 5.87595931034 ===>> OK
Magnet settling time: 1.049
GetData ===>> H2,-0.177519441866112,H1,189.934469827206,AX,34.2131902964158,L1,0.431520375075622,L2,3.998267510...
setting magnet DAC
current  : 5.875959
requested: 5.876994
Delta Dac: 0.001034
Checking detector protection. dv=0.00103
Checking detector "CDD". Protection Threshold: 0.1 (V)
SetMagnetDAC 5.8769937931 ===>> OK
Magnet settling time: 1.049
GetData ===>> H2,-0.163000847770149,H1,190.541289834615,AX,34.086057372694,L1,0.447483663140162,L2,4.0712947184...
setting magnet DAC
current  : 5.876994
requested: 5.878028
Delta Dac: 0.001034
Checking detector protection. dv=0.00103
Checking detector "CDD". Protection Threshold: 0.1 (V)
SetMagnetDAC 5.87802827586 ===>> OK
Magnet settling time: 1.049
GetData ===>> H2,-0.205256239382374,H1,190.525836376647,AX,34.1266633340059,L1,0.440262101754465,L2,4.200644915...
setting magnet DAC
current  : 5.878028
requested: 5.879063
Delta Dac: 0.001034
Checking detector protection. dv=0.00103
Checking detector "CDD". Protection Threshold: 0.1 (V)
SetMagnetDAC 5.87906275862 ===>> OK
Magnet settling time: 1.049
GetData ===>> H2,-0.22841847926037,H1,190.1821224812,AX,34.1438218560211,L1,0.38682463160815,L2,4.0668743223409...
setting magnet DAC
current  : 5.879063
requested: 5.880097
Delta Dac: 0.001034
Checking detector protection. dv=0.00103
Checking detector "CDD". Protection Threshold: 0.1 (V)
SetMagnetDAC 5.88009724138 ===>> OK
Magnet settling time: 1.049
GetData ===>> H2,-0.167018261293983,H1,190.238219478754,AX,34.1810347302641,L1,0.491364157131901,L2,4.046170918...
setting magnet DAC
current  : 5.880097
requested: 5.881132
Delta Dac: 0.001034
Checking detector protection. dv=0.00103
Checking detector "CDD". Protection Threshold: 0.1 (V)
SetMagnetDAC 5.88113172414 ===>> OK
Magnet settling time: 1.049
GetData ===>> H2,-0.130542885845171,H1,190.423183929423,AX,34.1071648243232,L1,0.486133652328286,L2,4.067711855...
setting magnet DAC
current  : 5.881132
requested: 5.882166
Delta Dac: 0.001034
Checking detector protection. dv=0.00103
Checking detector "CDD". Protection Threshold: 0.1 (V)
SetMagnetDAC 5.8821662069 ===>> OK
Magnet settling time: 1.049
GetData ===>> H2,-0.17312534818676,H1,190.196214986697,AX,34.3049378051503,L1,0.450093784221405,L2,4.1869707756...
setting magnet DAC
current  : 5.882166
requested: 5.883201
Delta Dac: 0.001034
Checking detector protection. dv=0.00103
Checking detector "CDD". Protection Threshold: 0.1 (V)
SetMagnetDAC 5.88320068966 ===>> OK
Magnet settling time: 1.049
GetData ===>> H2,-0.204897743180422,H1,189.881519602025,AX,34.0762685460376,L1,0.446996023748983,L2,4.009729634...
setting magnet DAC
current  : 5.883201
requested: 5.884235
Delta Dac: 0.001034
Checking detector protection. dv=0.00103
Checking detector "CDD". Protection Threshold: 0.1 (V)
SetMagnetDAC 5.88423517241 ===>> OK
Magnet settling time: 1.049
GetData ===>> H2,-0.136355453222085,H1,188.787552636666,AX,33.6464036307894,L1,0.431410062451396,L2,3.937724256...
setting magnet DAC
current  : 5.884235
requested: 5.885270
Delta Dac: 0.001034
Checking detector protection. dv=0.00103
Checking detector "CDD". Protection Threshold: 0.1 (V)
SetMagnetDAC 5.88526965517 ===>> OK
Magnet settling time: 1.049
GetData ===>> H2,-0.352646709688112,H1,183.687997722214,AX,31.8763127997464,L1,0.412314406082051,L2,3.492852595...
setting magnet DAC
current  : 5.885270
requested: 5.886304
Delta Dac: 0.001034
Checking detector protection. dv=0.00103
Checking detector "CDD". Protection Threshold: 0.1 (V)
SetMagnetDAC 5.88630413793 ===>> OK
Magnet settling time: 1.049
GetData ===>> H2,-0.248432149355422,H1,168.544341149528,AX,27.5780932949097,L1,0.386983587612608,L2,2.632598764...
setting magnet DAC
current  : 5.886304
requested: 5.887339
Delta Dac: 0.001034
Checking detector protection. dv=0.00103
Checking detector "CDD". Protection Threshold: 0.1 (V)
SetMagnetDAC 5.88733862069 ===>> OK
Magnet settling time: 1.049
GetData ===>> H2,-0.248897555115559,H1,134.671697870783,AX,19.5587934567843,L1,0.294483963877954,L2,1.695740964...
setting magnet DAC
current  : 5.887339
requested: 5.888373
Delta Dac: 0.001034
Checking detector protection. dv=0.00103
Checking detector "CDD". Protection Threshold: 0.1 (V)
SetMagnetDAC 5.88837310345 ===>> OK
Magnet settling time: 1.049
GetData ===>> H2,-0.200527488864546,H1,86.9730674185732,AX,10.9735518744133,L1,0.217251992332176,L2,0.750725574...
setting magnet DAC
current  : 5.888373
requested: 5.889408
Delta Dac: 0.001034
Checking detector protection. dv=0.00103
Checking detector "CDD". Protection Threshold: 0.1 (V)
SetMagnetDAC 5.88940758621 ===>> OK
Magnet settling time: 1.049
GetData ===>> H2,-0.073267434772546,H1,44.2341246339953,AX,4.54690542737246,L1,0.113661343332019,L2,0.403561854...
setting magnet DAC
current  : 5.889408
requested: 5.890442
Delta Dac: 0.001034
Checking detector protection. dv=0.00103
Checking detector "CDD". Protection Threshold: 0.1 (V)
SetMagnetDAC 5.89044206897 ===>> OK
Magnet settling time: 1.049
GetData ===>> H2,-0.20221539978518,H1,17.3668825863978,AX,1.36892749111187,L1,0.062918495880939,L2,0.0646760282...
setting magnet DAC
current  : 5.890442
requested: 5.891477
Delta Dac: 0.001034
Checking detector protection. dv=0.00103
Checking detector "CDD". Protection Threshold: 0.1 (V)
SetMagnetDAC 5.89147655172 ===>> OK
Magnet settling time: 1.049
GetData ===>> H2,-0.161045623263722,H1,5.38196514093656,AX,0.420768876751712,L1,0.0550879031150258,L2,-0.010406...
setting magnet DAC
current  : 5.891477
requested: 5.892511
Delta Dac: 0.001034
Checking detector protection. dv=0.00103
Checking detector "CDD". Protection Threshold: 0.1 (V)
SetMagnetDAC 5.89251103448 ===>> OK
Magnet settling time: 1.049
GetData ===>> H2,-0.0804884979726472,H1,1.48162539568164,AX,0.0669172620213766,L1,0.0292377019845479,L2,-0.0607...
setting magnet DAC
current  : 5.892511
requested: 5.893546
Delta Dac: 0.001034
Checking detector protection. dv=0.00103
Checking detector "CDD". Protection Threshold: 0.1 (V)
SetMagnetDAC 5.89354551724 ===>> OK
Magnet settling time: 1.049
GetData ===>> H2,-0.22746621439442,H1,0.0696726508754743,AX,-0.195357715167132,L1,-0.0104012103605657,L2,-0.050...
setting magnet DAC
current  : 5.893546
requested: 5.894580
Delta Dac: 0.001034
Checking detector protection. dv=0.00103
Checking detector "CDD". Protection Threshold: 0.1 (V)
SetMagnetDAC 5.89458 ===>> OK
Magnet settling time: 1.049
GetData ===>> H2,-0.233856149070065,H1,-0.0450705534212002,AX,-0.146488347460401,L1,-0.00706526006440281,L2,0.0...
result of _do_sweep=True
result of _calculate_peak_center=([5.871981008914382, 5.8795561592149825, 5.8871313095155831], [141.53340062658577, 190.54116595920041, 141.45980273626731], 5.8770020855504121, 190.54116595920041)
Failed to find a valid peak. No peak greater than 1.0. max = 0.0731752993247
new center pos Detector(H1) (Ar40) @ 5.87955615921
GetHighVoltage ===>> 4500
GetDeflection H1 ===>> 0
dac uncorrected for HV and deflection 5.87955615921
update mftable H1 Ar40 5.87955615921 message=automated run peakcenter
get initial guess parabolic
get initial guess parabolic
get initial guess parabolic
get initial guess parabolic
get initial guess parabolic
get initial guess parabolic
dump mftable to /Users/jan/PychronDev/setupfiles/spectrometer/mftables/mftable.csv
add to repo msg=modified - automated run peakcenter
locally archiving mftable
setting magnet DAC
current  : 5.894580
requested: 5.879556
Delta Dac: 0.015024
Checking detector protection. dv=0.01502
Checking detector "CDD". Protection Threshold: 0.1 (V)
SetMagnetDAC 5.87955615921 ===>> OK
Magnet settling time: 0.500
sweep finished
setting integration time = 1.048576
SetIntegrationTime 1.048576 ===>> OK
Failed to find a valid peak. No peak greater than 1.0. max = 0.0731347263902
flush and close file /Users/jan/PychronDev/data/isotopes/72/fa04a2-6dfc-40c0-a1ff-01b3678253f5.h5
finished measure script
executed snippet estimated_duration=226.132928, duration=273.125961065
jan_unknown120_60.py completed successfully
Measurement Finished
13:03:35 -- ******* Measurement Finished *******
Post Measurement Started jan_pump_ms.py
13:03:35 -- ******* Post Measurement Started jan_pump_ms.py *******
testing...
no interpolation path defined
executed snippet estimated_duration=0, duration=3.00407409668e-05
Pumping spectrometer
open () {'name': 'O'}
opening name=O desc=---
checking ownership. requestor=129.138.12.150
check software interlocks O
interlocks []
actuate state mode=None-script, software_lock=False
doing actuation None-script open_channel True
Open O ===>> OK
GetIndicatorState O ===>> OK
change switch state (True, True)
update switch state O True args=() kw={} ncanvase=2
13:03:35 -- OPEN   VALVE-O (Jan Ion Pump)
---------------------------------------- open O () result=[(True, True)], time=0.09 sec
action=open, ok=True, locked=[False]
executed snippet estimated_duration=0, duration=0.347599029541
jan_pump_ms.py completed successfully
setting _ms_pumptime
Post Measurement Finished
13:03:35 -- ******* Post Measurement Finished *******
$$$$$$$$$$$$$$$$$$$$ state at run end measurement
state changed from measurement to success
post measurement save measured=True aborted=False
Set filtering
setting fod for Ar40= {'filter_outliers': True, 'std_devs': 2, 'iterations': 1}
setting fod for H1= {'filter_outliers': True, 'std_devs': 2, 'iterations': 1}
setting fod for PM41= {'filter_outliers': False, 'std_devs': 2, 'iterations': 1}
setting fod for H2= {'filter_outliers': True, 'std_devs': 2, 'iterations': 1}
setting fod for Ar36= {'filter_outliers': True, 'std_devs': 2, 'iterations': 1}
setting fod for CDD= {'filter_outliers': True, 'std_devs': 10, 'iterations': 1}
setting fod for Ar37= {'filter_outliers': True, 'std_devs': 2, 'iterations': 1}
setting fod for L2= {'filter_outliers': True, 'std_devs': 2, 'iterations': 1}
setting fod for Ar38= {'filter_outliers': True, 'std_devs': 2, 'iterations': 1}
setting fod for L1= {'filter_outliers': True, 'std_devs': 2, 'iterations': 1}
setting fod for Ar39= {'filter_outliers': True, 'std_devs': 2, 'iterations': 1}
setting fod for AX= {'filter_outliers': True, 'std_devs': 2, 'iterations': 1}
persistence save...
persistence save - db
post measurement save
7467181456 connecting to database sqlite:////Users/jan/PychronDev/.appdata/local_lab.db
connected to db sqlite:////Users/jan/PychronDev/.appdata/local_lab.db
create new session 7467181456
close session 7467181456
No database instance. Not saving post measurement to isotopedb database
$$$$$$$$$$$$$$$ auto_save_detector_ic=False
massspec enabled True
create new session 4985911824
MassSpec Database Version: 16.0
close session 4985911824
saving post measurement to secondary database
saving to massspec database 129.138.12.160/massspecdata
setting labnumber to 65553
setting aliquot to 4
setting step to 
setting uuid to 72fa04a2-6dfc-40c0-a1ff-01b3678253f5
setting irradpos to 65553
setting extract_device to Fusions CO2
setting tray to 
setting position to 179
setting power_requested to 5.0
setting extract_value to 5.0
setting duration to 30.0
setting duration_at_request to 30.0
setting first_stage_delay to 30.0
setting cleanup to 30.0
setting comment to N:11 with inclusions
setting irradiation to NM-289
setting level to N
setting irradiation_level to N
setting sample to Bw-2014-4 W
setting material to Sanidine
setting project to Bustos Wells
setting mass_spectrometer to Jan
no attribute chron_dosages
no attribute production_ratios
no attribute interference_corrections
no attribute production_name
no attribute j
Reference Isotope=Ar40
Reference Detector=H1
%%%%%%%%%%%%%%%%%%%% Comment: N:11 with inclusions %%%%%%%%%%%%%%%%%%%
adding isotope PM41 H2
add baseline dbdet= PM41. original det= H2
get baseline data PM41 H2
Get data baseline <pychron.processing.isotope.Baseline object at 0x198764450> len t=60
baseline PM41. v=-0.209784771392, e=0.00725213587447
get signal data PM41 H2
Get data signal PM41 0.07+/-0.07 len t=120
adding isotope Ar40 H1
add baseline dbdet= Ar40. original det= H1
get baseline data Ar40 H1
Get data baseline <pychron.processing.isotope.Baseline object at 0x198764c90> len t=60
baseline Ar40. v=-0.0240680308253, e=0.00423679526498
get signal data Ar40 H1
Get data signal Ar40 205.780+/-0.023 len t=120
adding isotope Ar39 AX
add baseline dbdet= Ar39. original det= AX
get baseline data Ar39 AX
Get data baseline <pychron.processing.isotope.Baseline object at 0x198764fd0> len t=60
baseline Ar39. v=-0.0769215732855, e=0.00566537801228
get signal data Ar39 AX
Get data signal Ar39 37.366+/-0.017 len t=120
adding isotope Ar38 L1
add baseline dbdet= Ar38. original det= L1
get baseline data Ar38 L1
Get data baseline <pychron.processing.isotope.Baseline object at 0x1987640d0> len t=60
baseline Ar38. v=-0.0196187770307, e=0.00194291822741
get signal data Ar38 L1
Get data signal Ar38 0.537+/-0.004 len t=120
adding isotope Ar37 L2
add baseline dbdet= Ar37. original det= L2
get baseline data Ar37 L2
Get data baseline <pychron.processing.isotope.Baseline object at 0x198764e50> len t=60
baseline Ar37. v=-0.0211499571973, e=0.00667359637127
get signal data Ar37 L2
Get data signal Ar37 4.542+/-0.012 len t=120
adding isotope Ar36 CDD
add baseline dbdet= Ar36. original det= CDD
get baseline data Ar36 CDD
Get data baseline <pychron.processing.isotope.Baseline object at 0x1b8584090> len t=60
baseline Ar36. v=4.46596234551e-05, e=1.01940372471e-05
get signal data Ar36 CDD
Get data signal Ar36 0.0705+/-0.0007 len t=120
65553-04 added analysis time 0.461662054062s
analysis added to mass spec database
mass spec save time= 0.471
persistence save - dvc
================= post measurement started
create new session 4991427888
close session 4991427888
---------------- Experiment Queue saving disabled
DVC saving peakcenter
Failed to find a valid peak. No peak greater than 1.0. max = 0.0731347263902
Smart pull ahead: 0 behind: 0
Up-to-date with origin
add to repo msg=modified - ad8224ebc6dbfeb9f5997218dfa5fe690569839d.json
add to repo msg=modified - 53-04.json
add to repo msg=modified - 53-04.dat.json
add to repo msg=modified - 53-04.blan.json
add to repo msg=modified - 53-04.inte.json
add to repo msg=modified - 53-04.icfa.json
add to repo msg=modified - 53-04.base.json
not at valid file /Users/jan/PychronDev/data/.dvc/repositories/Load1786/655/tags/53-04.tags.json
add to repo msg=modified - 53-04.peak.json
add to repo msg=modified - 53-04.extr.json
not at valid file /Users/jan/PychronDev/data/.dvc/repositories/Load1786/655/monitor/53-04.moni.json
commit message=<COLLECTION>
add to repo msg=modified - 53-04.inte.json
add to repo msg=modified - 53-04.base.json
commit message=<ISOEVO> default collection fits
add to repo msg=modified - 53-04.blan.json
commit message=<BLANKS> preceding ba-01-J-2281
add to repo msg=modified - 53-04.icfa.json
commit message=<ICFactor> default
push repository <pychron.git_archive.repo_manager.GitRepoManager object at 0x1d486b410>
pushing to remote=origin, url=https://github.com
no changes to meta repo
create new session 4991427888
add association Load1786
get identifier "65553"
setting analysis irradiation position=<pychron.dvc.dvc_orm.IrradiationPositionTbl object at 0x1c888f410>
close session 4991427888
================= post measurement finished
13:03:49 -- ******* Post Run Check *******
loading queue conditionals post_run_actions
loading system conditionals post_run_actions
loading conditionals from /Users/jan/PychronDev/setupfiles/spectrometer/default_conditionals.yaml
loading queue conditionals post_run_terminations
loading system conditionals post_run_terminations
loading conditionals from /Users/jan/PychronDev/setupfiles/spectrometer/default_conditionals.yaml
Checking default post run terminations n=1
GetDeflection CDD ===>> 50
testing CDD==2000
evaluate ot="CDD.deflection==2000" t="CDD==2000", ctx="{'CDD': 50.0}"
13:03:49 -- ******* Post Run Check Passed *******
13:03:49 -- Automated run 65553-04 success duration: 365.614 s
----------------- finish -----------------
----------------- stop -----------------
retroactive repository identifiers disabled
finish run. runs completed=177
update duration runid=65553-04, duration=365.613810062, md5=301e91d8
loading script "jan_unknown120_60.py"
loading script "jan_pump_ms.py"
loading script "jan_co2.py"
loading script "jan_pump_extraction_line.py"
testing...
no interpolation path defined
executed snippet estimated_duration=213.652928, duration=0.000411987304688
script duration name:unknown120_60 seconds:214.0
loading script "jan_unknown120_60.py"
loading script "jan_pump_ms.py"
loading script "jan_co2.py"
loading script "jan_pump_extraction_line.py"
testing...
no interpolation path defined
executed snippet estimated_duration=0, duration=2.90870666504e-05
loading script "jan_unknown120_60.py"
loading script "jan_pump_ms.py"
loading script "jan_co2.py"
loading script "jan_pump_extraction_line.py"
testing...
no interpolation path defined
calculate duration
testing...
no interpolation path defined
executed snippet estimated_duration=0, duration=5.69820404053e-05
calculate duration
testing...
no interpolation path defined
executed snippet estimated_duration=0, duration=8.98838043213e-05
executed snippet estimated_duration=0.0, duration=0.0030791759491
script duration name:co2 seconds:0.0
loading script "jan_unknown120_60.py"
loading script "jan_pump_ms.py"
loading script "jan_co2.py"
loading script "jan_pump_extraction_line.py"
testing...
no interpolation path defined
calculate duration
testing...
no interpolation path defined
executed snippet estimated_duration=4.0, duration=0.000159025192261
executed snippet estimated_duration=4.0, duration=0.00146913528442
Script duration 214.0
Run total estimated duration= 215.000
loading script "jan_ic_peak_hop3.py"
loading script "jan_pump_ms.py"
loading script "jan_air_x1.py"
loading script "jan_pump_extraction_line.py"
testing...
no interpolation path defined
executed snippet estimated_duration=133.8, duration=0.00893020629883
script duration name:ic_peak_hop3 seconds:134.0
pump_ms in script context. using previous estimated duration
loading script "jan_ic_peak_hop3.py"
loading script "jan_pump_ms.py"
loading script "jan_air_x1.py"
loading script "jan_pump_extraction_line.py"
testing...
no interpolation path defined
calculate duration
testing...
no interpolation path defined
executed snippet estimated_duration=0, duration=4.79221343994e-05
calculate duration
testing...
no interpolation path defined
executed snippet estimated_duration=0, duration=0.000103950500488
calculate duration
testing...
no interpolation path defined
executed snippet estimated_duration=32.0, duration=9.70363616943e-05
calculate duration
testing...
no interpolation path defined
executed snippet estimated_duration=34.0, duration=9.98973846436e-05
calculate duration
testing...
no interpolation path defined
executed snippet estimated_duration=4.0, duration=0.000109910964966
calculate duration
testing...
no interpolation path defined
executed snippet estimated_duration=36.0, duration=0.000105857849121
executed snippet estimated_duration=106.0, duration=0.0245440006256
script duration name:air_x1 seconds:106.0
pump_extraction_line in script context. using previous estimated duration
Script duration 240.0
Run total estimated duration= 241.000
unknown120_60 in script context. using previous estimated duration
script duration name:unknown120_60 seconds:214.0
co2 in script context. using previous estimated duration
script duration name:co2 seconds:0.0
Script duration 214.0
Run total estimated duration= 215.000
script duration name:unknown120_60 seconds:214.0
script duration name:co2 seconds:0.0
Script duration 214.0
Run total estimated duration= 215.000
script duration name:unknown120_60 seconds:214.0
script duration name:co2 seconds:0.0
Script duration 214.0
Run total estimated duration= 215.000
script duration name:unknown120_60 seconds:214.0
script duration name:co2 seconds:0.0
Script duration 214.0
Run total estimated duration= 215.000
script duration name:unknown120_60 seconds:214.0
script duration name:co2 seconds:0.0
Script duration 214.0
Run total estimated duration= 215.000
script duration name:unknown120_60 seconds:214.0
script duration name:co2 seconds:0.0
Script duration 214.0
Run total estimated duration= 215.000
script duration name:unknown120_60 seconds:214.0
script duration name:co2 seconds:0.0
Script duration 214.0
Run total estimated duration= 215.000
script duration name:unknown120_60 seconds:214.0
script duration name:co2 seconds:0.0
Script duration 214.0
Run total estimated duration= 215.000
loading script "jan_unknown400_120.py"
loading script "jan_pump_ms.py"
loading script "jan_co2.py"
loading script "jan_pump_extraction_line.py"
testing...
no interpolation path defined
executed snippet estimated_duration=556.052928, duration=0.000147819519043
script duration name:unknown400_120 seconds:556.0
script duration name:co2 seconds:0.0
Script duration 556.0
Run total estimated duration= 557.000
unknown400_120 in script context. using previous estimated duration
script duration name:unknown400_120 seconds:556.0
loading script "jan_unknown400_120.py"
loading script "jan_pump_ms.py"
loading script "jan_cocktail_x1.py"
loading script "jan_pump_extraction_line.py"
testing...
no interpolation path defined
calculate duration
testing...
no interpolation path defined
executed snippet estimated_duration=0, duration=4.98294830322e-05
calculate duration
testing...
no interpolation path defined
executed snippet estimated_duration=0, duration=0.000154972076416
calculate duration
testing...
no interpolation path defined
executed snippet estimated_duration=32.0, duration=0.000117063522339
calculate duration
testing...
no interpolation path defined
executed snippet estimated_duration=34.0, duration=0.000171899795532
calculate duration
testing...
no interpolation path defined
executed snippet estimated_duration=4.0, duration=7.58171081543e-05
calculate duration
testing...
no interpolation path defined
executed snippet estimated_duration=38.0, duration=0.000100135803223
executed snippet estimated_duration=108.0, duration=0.0279240608215
script duration name:cocktail_x1 seconds:108.0
Script duration 664.0
Run total estimated duration= 665.000
script duration name:unknown400_120 seconds:556.0
cocktail_x1 in script context. using previous estimated duration
script duration name:cocktail_x1 seconds:108.0
Script duration 664.0
Run total estimated duration= 665.000
script duration name:unknown120_60 seconds:214.0
script duration name:co2 seconds:0.0
Script duration 214.0
Run total estimated duration= 215.000
script duration name:unknown120_60 seconds:214.0
script duration name:co2 seconds:0.0
Script duration 214.0
Run total estimated duration= 215.000
script duration name:unknown120_60 seconds:214.0
script duration name:co2 seconds:0.0
Script duration 214.0
Run total estimated duration= 215.000
script duration name:unknown120_60 seconds:214.0
script duration name:co2 seconds:0.0
Script duration 214.0
Run total estimated duration= 215.000
script duration name:unknown120_60 seconds:214.0
script duration name:co2 seconds:0.0
Script duration 214.0
Run total estimated duration= 215.000
script duration name:unknown120_60 seconds:214.0
script duration name:co2 seconds:0.0
Script duration 214.0
Run total estimated duration= 215.000
script duration name:unknown120_60 seconds:214.0
script duration name:co2 seconds:0.0
Script duration 214.0
Run total estimated duration= 215.000
script duration name:unknown120_60 seconds:214.0
script duration name:co2 seconds:0.0
Script duration 214.0
Run total estimated duration= 215.000
script duration name:unknown120_60 seconds:214.0
script duration name:co2 seconds:0.0
Script duration 214.0
Run total estimated duration= 215.000
script duration name:unknown120_60 seconds:214.0
script duration name:co2 seconds:0.0
Script duration 214.0
Run total estimated duration= 215.000
script duration name:unknown120_60 seconds:214.0
script duration name:co2 seconds:0.0
Script duration 214.0
Run total estimated duration= 215.000
script duration name:unknown120_60 seconds:214.0
script duration name:co2 seconds:0.0
Script duration 214.0
Run total estimated duration= 215.000
script duration name:unknown400_120 seconds:556.0
script duration name:cocktail_x1 seconds:108.0
Script duration 664.0
Run total estimated duration= 665.000
script duration name:unknown400_120 seconds:556.0
loading script "jan_unknown400_120.py"
loading script "jan_pump_ms.py"
loading script "jan_sniffair_x2.py"
loading script "jan_pump_extraction_line.py"
testing...
no interpolation path defined
calculate duration
testing...
no interpolation path defined
executed snippet estimated_duration=0, duration=6.60419464111e-05
calculate duration
testing...
no interpolation path defined
executed snippet estimated_duration=0, duration=0.000128984451294
calculate duration
testing...
no interpolation path defined
executed snippet estimated_duration=32.0, duration=9.01222229004e-05
calculate duration
testing...
no interpolation path defined
executed snippet estimated_duration=34.0, duration=0.000104904174805
calculate duration
testing...
no interpolation path defined
executed snippet estimated_duration=4.0, duration=9.48905944824e-05
calculate duration
testing...
no interpolation path defined
executed snippet estimated_duration=36.0, duration=9.10758972168e-05
calculate duration
testing...
no interpolation path defined
executed snippet estimated_duration=34.0, duration=0.000102996826172
calculate duration
testing...
no interpolation path defined
executed snippet estimated_duration=4.0, duration=6.5803527832e-05
calculate duration
testing...
no interpolation path defined
executed snippet estimated_duration=36.0, duration=8.98838043213e-05
calculate duration
testing...
no interpolation path defined
executed snippet estimated_duration=70.0, duration=9.3936920166e-05
executed snippet estimated_duration=250.0, duration=0.0260109901428
script duration name:sniffair_x2 seconds:250.0
Script duration 806.0
Run total estimated duration= 807.000
script duration name:unknown400_120 seconds:556.0
script duration name:cocktail_x1 seconds:108.0
Script duration 664.0
Run total estimated duration= 665.000
script duration name:unknown400_120 seconds:556.0
sniffair_x2 in script context. using previous estimated duration
script duration name:sniffair_x2 seconds:250.0
Script duration 806.0
Run total estimated duration= 807.000
ic_peak_hop3 in script context. using previous estimated duration
script duration name:ic_peak_hop3 seconds:134.0
air_x1 in script context. using previous estimated duration
script duration name:air_x1 seconds:106.0
Script duration 240.0
Run total estimated duration= 241.000
script duration name:unknown120_60 seconds:214.0
script duration name:co2 seconds:0.0
Script duration 214.0
Run total estimated duration= 215.000
script duration name:unknown120_60 seconds:214.0
script duration name:co2 seconds:0.0
Script duration 214.0
Run total estimated duration= 215.000
script duration name:unknown120_60 seconds:214.0
script duration name:co2 seconds:0.0
Script duration 214.0
Run total estimated duration= 215.000
script duration name:unknown120_60 seconds:214.0
script duration name:co2 seconds:0.0
Script duration 214.0
Run total estimated duration= 215.000
script duration name:unknown120_60 seconds:214.0
script duration name:co2 seconds:0.0
Script duration 214.0
Run total estimated duration= 215.000
script duration name:unknown120_60 seconds:214.0
script duration name:co2 seconds:0.0
Script duration 214.0
Run total estimated duration= 215.000
script duration name:unknown400_120 seconds:556.0
script duration name:co2 seconds:0.0
Script duration 556.0
Run total estimated duration= 557.000
script duration name:unknown120_60 seconds:214.0
script duration name:co2 seconds:0.0
Script duration 214.0
Run total estimated duration= 215.000
script duration name:unknown120_60 seconds:214.0
script duration name:co2 seconds:0.0
Script duration 214.0
Run total estimated duration= 215.000
script duration name:unknown120_60 seconds:214.0
script duration name:co2 seconds:0.0
Script duration 214.0
Run total estimated duration= 215.000
script duration name:unknown120_60 seconds:214.0
script duration name:co2 seconds:0.0
Script duration 214.0
Run total estimated duration= 215.000
script duration name:unknown120_60 seconds:214.0
script duration name:co2 seconds:0.0
Script duration 214.0
Run total estimated duration= 215.000
script duration name:unknown120_60 seconds:214.0
script duration name:co2 seconds:0.0
Script duration 214.0
Run total estimated duration= 215.000
script duration name:unknown400_120 seconds:556.0
script duration name:cocktail_x1 seconds:108.0
Script duration 664.0
Run total estimated duration= 665.000
script duration name:unknown400_120 seconds:556.0
script duration name:cocktail_x1 seconds:108.0
Script duration 664.0
Run total estimated duration= 665.000
script duration name:unknown120_60 seconds:214.0
script duration name:co2 seconds:0.0
Script duration 214.0
Run total estimated duration= 215.000
script duration name:unknown120_60 seconds:214.0
script duration name:co2 seconds:0.0
Script duration 214.0
Run total estimated duration= 215.000
script duration name:unknown120_60 seconds:214.0
script duration name:co2 seconds:0.0
Script duration 214.0
Run total estimated duration= 215.000
script duration name:unknown120_60 seconds:214.0
script duration name:co2 seconds:0.0
Script duration 214.0
Run total estimated duration= 215.000
script duration name:unknown120_60 seconds:214.0
script duration name:co2 seconds:0.0
Script duration 214.0
Run total estimated duration= 215.000
script duration name:unknown120_60 seconds:214.0
script duration name:co2 seconds:0.0
Script duration 214.0
Run total estimated duration= 215.000
script duration name:unknown120_60 seconds:214.0
script duration name:co2 seconds:0.0
Script duration 214.0
Run total estimated duration= 215.000
script duration name:unknown120_60 seconds:214.0
script duration name:co2 seconds:0.0
Script duration 214.0
Run total estimated duration= 215.000
script duration name:ic_peak_hop3 seconds:134.0
script duration name:air_x1 seconds:106.0
Script duration 240.0
Run total estimated duration= 241.000
script duration name:unknown120_60 seconds:214.0
script duration name:co2 seconds:0.0
Script duration 214.0
Run total estimated duration= 215.000
script duration name:unknown120_60 seconds:214.0
script duration name:co2 seconds:0.0
Script duration 214.0
Run total estimated duration= 215.000
script duration name:unknown120_60 seconds:214.0
script duration name:co2 seconds:0.0
Script duration 214.0
Run total estimated duration= 215.000
script duration name:unknown400_120 seconds:556.0
script duration name:sniffair_x2 seconds:250.0
Script duration 806.0
Run total estimated duration= 807.000
script duration name:unknown120_60 seconds:214.0
script duration name:co2 seconds:0.0
Script duration 214.0
Run total estimated duration= 215.000
script duration name:unknown400_120 seconds:556.0
script duration name:co2 seconds:0.0
Script duration 556.0
Run total estimated duration= 557.000
script duration name:unknown400_120 seconds:556.0
script duration name:cocktail_x1 seconds:108.0
Script duration 664.0
Run total estimated duration= 665.000
script duration name:unknown400_120 seconds:556.0
script duration name:cocktail_x1 seconds:108.0
Script duration 664.0
Run total estimated duration= 665.000
script duration name:unknown120_60 seconds:214.0
script duration name:co2 seconds:0.0
Script duration 214.0
Run total estimated duration= 215.000
script duration name:unknown400_120 seconds:556.0
script duration name:sniffair_x2 seconds:250.0
Script duration 806.0
Run total estimated duration= 807.000
script duration name:unknown120_60 seconds:214.0
script duration name:co2 seconds:0.0
Script duration 214.0
Run total estimated duration= 215.000
script duration name:unknown120_60 seconds:214.0
script duration name:co2 seconds:0.0
Script duration 214.0
Run total estimated duration= 215.000
script duration name:unknown120_60 seconds:214.0
script duration name:co2 seconds:0.0
Script duration 214.0
Run total estimated duration= 215.000
script duration name:unknown120_60 seconds:214.0
script duration name:co2 seconds:0.0
Script duration 214.0
Run total estimated duration= 215.000
script duration name:unknown120_60 seconds:214.0
script duration name:co2 seconds:0.0
Script duration 214.0
Run total estimated duration= 215.000
script duration name:unknown120_60 seconds:214.0
script duration name:co2 seconds:0.0
Script duration 214.0
Run total estimated duration= 215.000
script duration name:unknown120_60 seconds:214.0
script duration name:co2 seconds:0.0
Script duration 214.0
Run total estimated duration= 215.000
script duration name:unknown120_60 seconds:214.0
script duration name:co2 seconds:0.0
Script duration 214.0
Run total estimated duration= 215.000
script duration name:unknown120_60 seconds:214.0
script duration name:co2 seconds:0.0
Script duration 214.0
Run total estimated duration= 215.000
script duration name:unknown120_60 seconds:214.0
script duration name:co2 seconds:0.0
Script duration 214.0
Run total estimated duration= 215.000
script duration name:unknown120_60 seconds:214.0
script duration name:co2 seconds:0.0
Script duration 214.0
Run total estimated duration= 215.000
script duration name:unknown400_120 seconds:556.0
script duration name:cocktail_x1 seconds:108.0
Script duration 664.0
Run total estimated duration= 665.000
script duration name:unknown400_120 seconds:556.0
script duration name:cocktail_x1 seconds:108.0
Script duration 664.0
Run total estimated duration= 665.000
script duration name:unknown120_60 seconds:214.0
script duration name:co2 seconds:0.0
Script duration 214.0
Run total estimated duration= 215.000
script duration name:unknown120_60 seconds:214.0
script duration name:co2 seconds:0.0
Script duration 214.0
Run total estimated duration= 215.000
script duration name:unknown120_60 seconds:214.0
script duration name:co2 seconds:0.0
Script duration 214.0
Run total estimated duration= 215.000
script duration name:unknown120_60 seconds:214.0
script duration name:co2 seconds:0.0
Script duration 214.0
Run total estimated duration= 215.000
script duration name:ic_peak_hop3 seconds:134.0
script duration name:air_x1 seconds:106.0
Script duration 240.0
Run total estimated duration= 241.000
script duration name:unknown120_60 seconds:214.0
script duration name:co2 seconds:0.0
Script duration 214.0
Run total estimated duration= 215.000
nruns=83 before=5.0, run_dur=25843.0, btw=2460.0
write rem/ex queues
/Users/jan/PychronDev/experiments/rem/Load1786.rem.txt
/Users/jan/PychronDev/experiments/rem/Load1786.ex.txt
doing event level: 3
