do run
loading script "jan_unknown120_60.py"
loading script "jan_pump_ms.py"
loading script "jan_co2.py"
loading script "jan_pump_extraction_line.py"
testing...
no interpolation path defined
executed snippet estimated_duration=213.652928, duration=0.000438928604126
script duration name:unknown120_60 seconds:214.0
loading script "jan_unknown120_60.py"
loading script "jan_pump_ms.py"
loading script "jan_co2.py"
loading script "jan_pump_extraction_line.py"
testing...
no interpolation path defined
executed snippet estimated_duration=0, duration=2.59876251221e-05
loading script "jan_unknown120_60.py"
loading script "jan_pump_ms.py"
loading script "jan_co2.py"
loading script "jan_pump_extraction_line.py"
testing...
no interpolation path defined
calculate duration
testing...
no interpolation path defined
executed snippet estimated_duration=0, duration=6.00814819336e-05
calculate duration
testing...
no interpolation path defined
executed snippet estimated_duration=0, duration=0.0001060962677
executed snippet estimated_duration=0.0, duration=0.00455904006958
script duration name:co2 seconds:0.0
loading script "jan_unknown120_60.py"
loading script "jan_pump_ms.py"
loading script "jan_co2.py"
loading script "jan_pump_extraction_line.py"
testing...
no interpolation path defined
calculate duration
testing...
no interpolation path defined
executed snippet estimated_duration=4.0, duration=0.000159978866577
executed snippet estimated_duration=4.0, duration=0.00202322006226
Script duration 214.0
Run total estimated duration= 215.000
run duration: 0:03:35
doing event level: 2
13:45:58 -- Setting default integration. t=1.048576
setting integration time = 1.048576
SetIntegrationTime 1.048576 ===>> OK
----------------- start -----------------
**************** Experiment Type: Ar/Ar, Ar/Ar
$$$$$ Clearing conditionals
adding conditionals 
Add queue conditionals
add default conditionals
adding default conditionals from /Users/jan/PychronDev/setupfiles/spectrometer/default_conditionals.yaml
Start automated run 65553-09
loading script "jan_unknown120_60.py"
loading script "jan_pump_ms.py"
loading script "jan_co2.py"
loading script "jan_pump_extraction_line.py"
%%%%%%%%%%%%%%%%%% setting automated run 65553-09
No value "sensitivity_multiplier" in metadata
$$$$$$$$$$$$$$$ auto_save_detector_ic=False
============================= Pre Extraction Check =============================
loading queue conditionals pre_run_terminations
loading system conditionals pre_run_terminations
loading conditionals from /Users/jan/PychronDev/setupfiles/spectrometer/default_conditionals.yaml
13:45:58 -- ******* Pre Extraction Check *******
Get a measurement from the spectrometer
GetData ===>> H2,-0.197326237675453,H1,0.144359739171107,AX,-0.110944201557675,L1,0.0151659106442151,L2,0.07955...
Pre Extraction Termination data. keys=H2,H1,AX,L1,L2,CDD, signals=-0.19733,0.14436,-0.11094,0.01517,0.07956,0.00461
13:45:58 -- testing system defined conditionals
Checking default pre extraction terminations n=2
testing CDD
evaluate ot="CDD.inactive" t="CDD", ctx="{'CDD': False}"
GetDeflection CDD ===>> 50
testing CDD==2000
evaluate ot="CDD.deflection==2000" t="CDD==2000", ctx="{'CDD': 50.0}"
13:45:58 -- ******* Pre Extraction Check Passed *******
=================================================================================
13:45:58 -- stopping status monitor
stop 4984189200
Alive clients [4991693744]
13:45:58 -- starting status monitor
start 4984189200
Monitor already running
start extraction
do extraction
Analysis started at 13:45:58.234950
Extraction Started jan_co2.py
13:45:58 -- ******* Extraction Started jan_co2.py *******
state changed from not run to extraction
DO EXTRACTION <pychron.extraction_line.pyscript_runner.RemotePyScriptRunner object at 0x12c301530>
testing...
no interpolation path defined
calculate duration
testing...
no interpolation path defined
executed snippet estimated_duration=0, duration=5.81741333008e-05
calculate duration
testing...
no interpolation path defined
executed snippet estimated_duration=0, duration=0.000110149383545
executed snippet estimated_duration=100.0, duration=0.00293111801147
Jan CO2 laser analysis
doing GOSUB
testing...
no interpolation path defined
executed snippet estimated_duration=0, duration=5.91278076172e-05
Waiting for CO2 access
wait ('FelixCO2Flag', 0) {}
waiting for FelixCO2Flag = 0
Read FelixCO2Flag ===>> 0
finished waiting
CO2 free
wait ('CO2PumpTimeFlag', 0) {}
waiting for CO2PumpTimeFlag = 0
Read CO2PumpTimeFlag ===>> 0
finished waiting
acquire ('JanCO2Flag',) {'clear': True}
acquire JanCO2Flag
Set JanCO2Flag 1 ===>> OK
JanCO2Flag acquired
set extraction state False (0.75, 'red', 1.5)
CO2 acquired
executed snippet estimated_duration=0, duration=0.0190889835358
WaitForCO2Access.py completed successfully
gosub finished
doing GOSUB
testing...
no interpolation path defined
executed snippet estimated_duration=0, duration=9.79900360107e-05
Prepare for CO2 analysis
close () {'description': 'Jan Inlet'}
closing name=--- desc=Jan Inlet
checking ownership. requestor=129.138.12.150
check software interlocks R
interlocks []
actuate state mode=None-script, software_lock=False
doing actuation None-script close_channel False
Close R ===>> OK
GetIndicatorState R ===>> False
change switch state (True, True)
update switch state R False args=() kw={} ncanvase=2
13:45:58 -- CLOSE  VALVE-R (Jan Inlet)
---------------------------------------- close None (Jan Inlet) result=[(True, True)]
action=close, ok=True, locked=[False]
open () {'description': 'Jan Ion Pump'}
opening name=--- desc=Jan Ion Pump
checking ownership. requestor=129.138.12.150
check software interlocks O
interlocks []
actuate state mode=None-script, software_lock=False
doing actuation None-script open_channel False
Open O ===>> OK
GetIndicatorState O ===>> OK
change switch state (True, True)
update switch state O True args=() kw={} ncanvase=2
13:45:59 -- OPEN   VALVE-O (Jan Ion Pump)
---------------------------------------- open None (Jan Ion Pump) result=[(True, True)], time=0.10 sec
action=open, ok=True, locked=[False]
close () {'description': 'Microbone to Minibone'}
closing name=--- desc=Microbone to Minibone
checking ownership. requestor=129.138.12.150
check software interlocks L
interlocks []
actuate state mode=None-script, software_lock=False
doing actuation None-script close_channel False
Close L ===>> OK
GetIndicatorState L ===>> False
change switch state (True, True)
update switch state L False args=() kw={} ncanvase=2
13:45:59 -- CLOSE  VALVE-L (Microbone to Minibone)
---------------------------------------- close None (Microbone to Minibone) result=[(True, True)]
action=close, ok=True, locked=[False]
open () {'description': 'Microbone to Turbo'}
opening name=--- desc=Microbone to Turbo
checking ownership. requestor=129.138.12.150
check software interlocks U
interlocks []
actuate state mode=None-script, software_lock=False
doing actuation None-script open_channel False
Open U ===>> OK
GetIndicatorState U ===>> OK
change switch state (True, True)
update switch state U True args=() kw={} ncanvase=2
13:46:00 -- OPEN   VALVE-U (Microbone to Turbo)
---------------------------------------- open None (Microbone to Turbo) result=[(True, True)], time=0.13 sec
action=open, ok=True, locked=[False]
open () {'description': 'Microbone to Inlet Pipette'}
opening name=--- desc=Microbone to Inlet Pipette
checking ownership. requestor=129.138.12.150
check software interlocks S
interlocks []
actuate state mode=None-script, software_lock=False
doing actuation None-script open_channel False
Open S ===>> OK
GetIndicatorState S ===>> OK
change switch state (True, True)
update switch state S True args=() kw={} ncanvase=2
13:46:00 -- OPEN   VALVE-S (Microbone to Inlet Pipette)
---------------------------------------- open None (Microbone to Inlet Pipette) result=[(True, True)], time=0.42 sec
action=open, ok=True, locked=[False]
open () {'description': 'Microbone to Getter D-50'}
opening name=--- desc=Microbone to Getter D-50
checking ownership. requestor=129.138.12.150
check software interlocks K
interlocks []
actuate state mode=None-script, software_lock=False
doing actuation None-script open_channel False
Open K ===>> OK
GetIndicatorState K ===>> OK
change switch state (True, True)
update switch state K True args=() kw={} ncanvase=2
13:46:01 -- OPEN   VALVE-K (Microbone to Getter D-50)
---------------------------------------- open None (Microbone to Getter D-50) result=[(True, True)], time=0.41 sec
action=open, ok=True, locked=[False]
open () {'description': 'Microbone to Getter NP-10'}
opening name=--- desc=Microbone to Getter NP-10
checking ownership. requestor=129.138.12.150
check software interlocks M
interlocks []
actuate state mode=None-script, software_lock=False
doing actuation None-script open_channel False
Open M ===>> OK
GetIndicatorState M ===>> OK
change switch state (True, True)
update switch state M True args=() kw={} ncanvase=2
13:46:01 -- OPEN   VALVE-M (Microbone to Getter NP-10)
---------------------------------------- open None (Microbone to Getter NP-10) result=[(True, True)], time=0.15 sec
action=open, ok=True, locked=[False]
close () {'description': 'CO2 Laser to Felix'}
closing name=--- desc=CO2 Laser to Felix
checking ownership. requestor=129.138.12.150
check software interlocks F
interlocks []
actuate state mode=None-script, software_lock=True
VALVE-F(CO2 Laser to Felix) software locked
change switch state (True, False)
---------------------------------------- close None (CO2 Laser to Felix) result=[(True, False)]
action=close, ok=True, locked=[True]
open () {'description': 'CO2 Laser to Jan'}
opening name=--- desc=CO2 Laser to Jan
checking ownership. requestor=129.138.12.150
check software interlocks A
interlocks []
actuate state mode=None-script, software_lock=False
doing actuation None-script open_channel False
Open A ===>> OK
GetIndicatorState A ===>> OK
change switch state (True, True)
update switch state A True args=() kw={} ncanvase=2
13:46:02 -- OPEN   VALVE-A (CO2 Laser to Jan)
---------------------------------------- open None (CO2 Laser to Jan) result=[(True, True)], time=0.12 sec
action=open, ok=True, locked=[False]
open () {'description': 'Microbone to CO2 Laser'}
opening name=--- desc=Microbone to CO2 Laser
checking ownership. requestor=129.138.12.150
check software interlocks T
interlocks []
actuate state mode=None-script, software_lock=False
doing actuation None-script open_channel False
Open T ===>> OK
GetIndicatorState T ===>> OK
change switch state (True, True)
update switch state T True args=() kw={} ncanvase=2
13:46:02 -- OPEN   VALVE-T (Microbone to CO2 Laser)
---------------------------------------- open None (Microbone to CO2 Laser) result=[(True, True)], time=0.42 sec
action=open, ok=True, locked=[False]
executed snippet estimated_duration=0, duration=4.96614909172
PrepareForCO2Analysis.py completed successfully
gosub finished
set_motor ('beam', '1.25') {}
setting motor "beam" to 1.25
set motor beam to 1.25
SetMotor beam,1.25 ===>> OK
GetMotorMoving beam ===>> False
GetMotorMoving beam ===>> False
Block completed
move_to_position ('184',) {'autocenter': True}
FusionsCO2 move to position 184
sending GoToHole 184,True
GoToHole 184,True ===>> OK
GetDriveMoving ===>> OK
GetDriveMoving ===>> OK
GetDriveMoving ===>> OK
GetDriveMoving ===>> OK
GetDriveMoving ===>> OK
GetDriveMoving ===>> OK
GetDriveMoving ===>> OK
GetDriveMoving ===>> OK
GetDriveMoving ===>> OK
GetDriveMoving ===>> OK
GetDriveMoving ===>> OK
GetDriveMoving ===>> OK
GetDriveMoving ===>> OK
GetDriveMoving ===>> OK
GetDriveMoving ===>> OK
GetDriveMoving ===>> OK
GetDriveMoving ===>> OK
GetDriveMoving ===>> OK
GetDriveMoving ===>> OK
GetDriveMoving ===>> OK
GetDriveMoving ===>> OK
GetDriveMoving ===>> OK
GetDriveMoving ===>> OK
GetDriveMoving ===>> OK
GetDriveMoving ===>> OK
GetDriveMoving ===>> OK
GetDriveMoving ===>> OK
GetDriveMoving ===>> OK
GetDriveMoving ===>> OK
GetDriveMoving ===>> OK
GetDriveMoving ===>> OK
GetDriveMoving ===>> OK
GetDriveMoving ===>> OK
GetDriveMoving ===>> OK
GetDriveMoving ===>> OK
GetDriveMoving ===>> OK
GetDriveMoving ===>> OK
GetDriveMoving ===>> OK
GetDriveMoving ===>> OK
GetDriveMoving ===>> OK
GetDriveMoving ===>> OK
GetDriveMoving ===>> OK
GetDriveMoving ===>> False
GetDriveMoving ===>> False
Block completed
GetAutoCorrecting ===>> OK
GetAutoCorrecting ===>> OK
GetAutoCorrecting ===>> OK
GetAutoCorrecting ===>> OK
GetAutoCorrecting ===>> False
GetAutoCorrecting ===>> False
Block completed
update position
GetPosition ===>> -11.96340,-9.96950,1.00000
got position (-11.9634, -9.9695, 1.0)
move to position succeeded
sleep (5,) {}
SLEEP 5.0
block started
WaitControl setup for 5.0  
Join finished
block finished. duration 5.0294880867
close () {'description': 'Microbone to Turbo'}
closing name=--- desc=Microbone to Turbo
checking ownership. requestor=129.138.12.150
check software interlocks U
interlocks []
actuate state mode=None-script, software_lock=False
doing actuation None-script close_channel True
Close U ===>> OK
GetIndicatorState U ===>> False
change switch state (True, True)
update switch state U False args=() kw={} ncanvase=2
13:46:24 -- CLOSE  VALVE-U (Microbone to Turbo)
---------------------------------------- close None (Microbone to Turbo) result=[(True, True)]
action=close, ok=True, locked=[False]
enable laser
enable () {}
set extraction state FusionsCO2 Enabled (False, 'red', 1.5)
enabling laser
Enable ===>> OK
begin interval
BEGIN INTERVAL Interval 1 waiting for 30.0
block started
set extract to 5.0
WaitControl setup for 30.0  
extract (5.0,) {}
GetPosition ===>> -11.96340,-9.96950,1.00000
set extraction state FusionsCO2 ON! 5.0(watts) (0.75, 'red', 1.5)
extract sample to 5.0 (watts)
set laser output
SetLaserOutput 5.0,watts ===>> OK
executing pattern triangle.lp
execute_pattern ('triangle.lp',) {}
executing pattern triangle.lp
IsPatterning ===>> OK
IsPatterning ===>> OK
IsPatterning ===>> OK
IsPatterning ===>> OK
IsPatterning ===>> OK
IsPatterning ===>> OK
IsPatterning ===>> OK
IsPatterning ===>> OK
IsPatterning ===>> OK
IsPatterning ===>> OK
IsPatterning ===>> OK
IsPatterning ===>> OK
IsPatterning ===>> OK
IsPatterning ===>> OK
IsPatterning ===>> OK
IsPatterning ===>> OK
IsPatterning ===>> OK
IsPatterning ===>> OK
IsPatterning ===>> OK
IsPatterning ===>> OK
IsPatterning ===>> OK
IsPatterning ===>> OK
IsPatterning ===>> OK
IsPatterning ===>> OK
IsPatterning ===>> OK
IsPatterning ===>> OK
IsPatterning ===>> False
IsPatterning ===>> False
Block completed
COMPLETE INTERVAL waiting for Interval 1 to complete
Join finished
block finished. duration 30.094326973
Interval 1 finished
end_extract () {}
ending extraction. set laser power to 0
set laser power 0
SetLaserPower 0 ===>> OK
disable () {}
%%%%%%%%%%%%%%%%%%%%%%%%%%%%%%%%%%% disable
set extraction state False (0.75, 'red', 1.5)
disabling laser
Disable ===>> OK
sleep (30.0,) {}
SLEEP 30.0
block started
WaitControl setup for 30.0  
Join finished
block finished. duration 30.0861551762
executed snippet estimated_duration=166.5, duration=87.4516189098
jan_co2.py completed successfully
GetAchievedOutput ===>> No Response
Requested Output= 0.000
Achieved Output=  0.000
GetResponseBlob ===>> No Response
GetOutputBlob ===>> No Response
persistence save...
persistence save - db
AutomatedRunPersister post_extraction_save deprecated
persistence save - dvc
no extraction position for 184
create new session 4991427888
close session 4991427888
Extraction Finished
13:47:25 -- ******* Extraction Finished *******
no overlap. not waiting for min ms pumptime
13:47:25 -- Sending spectrometer configuration
======== Sending configuration ========
SetDeflection CDD,50.0 ===>> OK
SetDeflection H2,0.0 ===>> OK
SetDeflection H1,0.0 ===>> OK
SetDeflection L2,825.0 ===>> OK
SetDeflection L1,400.0 ===>> OK
SetDeflection AX,190.0 ===>> OK
SetZFocus 74.64 ===>> OK
SetZSymmetry -50.72 ===>> OK
SetExtractionLens 26.13 ===>> OK
SetIonRepeller -3.81 ===>> OK
SetElectronEnergy 75.08 ===>> OK
SetYSymmetry -2.81 ===>> OK
SetIonCounterVoltage 1590.0 ===>> OK
send trap current 200.0
GetParameter Trap Current Readback ===>> 198.258926936459
SetParameter Trap Current Set,200.0 ===>> OK
updating mftable name mftable
Using mftable located at /Users/jan/PychronDev/setupfiles/spectrometer/mftables/mftable.csv
============ MFtable ===========
Isotope  H2     H1     AX     L1     L2     CDD    
Ar40     5.7972 5.8797 5.9929 6.1371 6.2313 6.3653
Ar39     5.6964 5.7720 5.8853 6.0231 6.1164 6.2518
Ar36     5.3739 5.4410 5.5487 5.6820 5.7714 5.9029
================================
get initial guess parabolic
get initial guess parabolic
get initial guess parabolic
get initial guess parabolic
get initial guess parabolic
get initial guess parabolic
======== Configuration Finished ========
GetYSymmetry ===>> -2.81
GetZSymmetry ===>> -50.72
GetParameter Trap Current Readback ===>> 197.475737044497
GetHighVoltage ===>> 4500
start measurement
do measurement
L#=65553 analysis type=unknown
Measurement Started jan_unknown120_60.py
13:47:25 -- ******* Measurement Started jan_unknown120_60.py *******
state changed from extraction to measurement
setting spec, defl, and gains
GetExtractionLens ===>> 26.13
GetYSymmetry ===>> -2.81
GetZSymmetry ===>> -50.72
GetZFocus ===>> 74.64
GetDeflection H2 ===>> 0
GetDeflection H1 ===>> 0
GetDeflection AX ===>> 190
GetDeflection L1 ===>> 400
GetDeflection L2 ===>> 825
GetDeflection CDD ===>> 50
GetGain H2 ===>> 0.0113
GetGain H1 ===>> 0.1
GetGain AX ===>> 0.097049
GetGain L1 ===>> 0.010355
GetGain L2 ===>> 0.095649
GetGain CDD ===>> 0
pre measurement save
New frame /Users/jan/PychronDev/data/isotopes/6d/3d91e2-c1b9-4af6-bed2-aec6348a97e6.h5
flush and close file /Users/jan/PychronDev/data/isotopes/6d/3d91e2-c1b9-4af6-bed2-aec6348a97e6.h5
testing...
no interpolation path defined
executed snippet estimated_duration=226.132928, duration=0.000158071517944
unknown measurement script
activate_detectors ('H2', 'H1', 'AX', 'L1', 'L2', 'CDD') {}
activate detectors
*************** Set Analysis View Ar/Ar
create graphs
clearing graphs
clear isotope group
setting isotope det=H2, iso=PM41
setting isotope det=H1, iso=Ar40
setting isotope det=AX, iso=Ar39
setting isotope det=L1, iso=Ar38
setting isotope det=L2, iso=Ar37
setting isotope det=CDD, iso=Ar36
setting previous blanks
 - setting Ar40 blank 0.099+/-0.007
 - setting Ar36 blank 0.00445+/-0.00017
 - setting Ar37 blank 0.068+/-0.005
 - setting Ar38 blank 0.0116+/-0.0020
 - setting PM41 blank 0.02+/-0.07
 - setting Ar39 blank 0.030+/-0.009
load analysis view
position_magnet ('Ar40',) {'detector': 'H1'}
detector Detector(H1)
POSITION Ar40 H1
setting detector H2 to PM41 (40.9624)
setting detector H1 to Ar40 (39.9624)
setting detector AX to Ar39 (38.9624)
setting detector L1 to Ar38 (37.9624)
setting detector L2 to Ar37 (36.9624)
setting detector CDD to Ar36 (35.9624)
Mapping mass to dac mass func: "parabolic"
H1 map mass coeffs = [-0.00063987  0.15840543  0.57130999]
H1 map mass to dac 39.9624 >> 5.8797
GetDeflection H1 ===>> 0
GetHighVoltage ===>> 4500
positioning Ar40 (5.8797) on H1
setting magnet DAC
current  : 5.879700
requested: 5.879700
Delta Dac: 0.000000
Checking detector protection. dv=0.00000
Checking detector "CDD". Protection Threshold: 0.1 (V)
SetMagnetDAC 5.8797 ===>> OK
Magnet settling time: 0.500
equilibrate () {'delay': 3, 'inlet': 'R', 'outlet': 'O', 'eqtime': 12.0}
Equilibration Started
13:47:27 -- ******* Equilibration Started *******
checking ownership. requestor=129.138.12.150
check software interlocks O
interlocks []
actuate state mode=None-script, software_lock=False
doing actuation None-script close_channel True
Close O ===>> OK
GetIndicatorState O ===>> False
change switch state (True, True)
update switch state O False args=() kw={} ncanvase=2
13:47:27 -- CLOSE  VALVE-O (Jan Ion Pump)
waiting 3s before opening inlet value ('R',)
update labels <pychron.experiment.plot_panel.PlotPanel object at 0x1ac39e7d0>
update labels "<pychron.graph.stacked_regression_graph.StackedRegressionGraph object at 0x1d499b3b0>"
setting label 0 H2 PM41
setting label 1 H1 Ar40
setting label 2 AX Ar39
setting label 3 L1 Ar38
setting label 4 L2 Ar37
setting label 5 CDD Ar36
update labels "<pychron.graph.stacked_graph.StackedGraph object at 0x1c472c9b0>"
setting label 0 H2 PM41
setting label 1 H1 Ar40
setting label 2 AX Ar39
setting label 3 L1 Ar38
setting label 4 L2 Ar37
setting label 5 CDD Ar36
checking ownership. requestor=129.138.12.150
check software interlocks R
interlocks []
actuate state mode=None-script, software_lock=False
doing actuation None-script open_channel True
Open R ===>> OK
set states for children of R. state=True
handle state [('R', True)]
update switch state R True args=() kw={'refresh': False} ncanvase=2
refresh_canvas_needed fired
GetIndicatorState R ===>> OK
change switch state (True, True)
update switch state R True args=() kw={} ncanvase=2
13:47:31 -- OPEN   VALVE-R (Jan Inlet)
equilibrating for 12.0sec
set_time_zero () {}
sniff (12.0,) {}
py_sniff
build tables- sniff [Detector(H2), Detector(H1), Detector(AX), Detector(L1), Detector(L2), Detector(CDD)]
add group /sniff/PM41 (Group) '' table H2
add group /sniff/Ar40 (Group) '' table H1
add group /sniff/Ar39 (Group) '' table AX
add group /sniff/Ar38 (Group) '' table L1
add group /sniff/Ar37 (Group) '' table L2
add group /sniff/Ar36 (Group) '' table CDD
flush and close file /Users/jan/PychronDev/data/isotopes/6d/3d91e2-c1b9-4af6-bed2-aec6348a97e6.h5
measuring sniff. ncounts=12.0
"sniff" increment series count="1" fit count="0" regressing="False"
starting measurement
GetData ===>> H2,0.129566325353533,H1,33.928884566762,AX,7.80823174033507,L1,0.0618719152650132,L2,2.9429093644...
GetData ===>> H2,0.924944191987721,H1,150.860418539675,AX,31.9041190573803,L1,0.343924028069298,L2,10.881155923...
GetData ===>> H2,0.394402631343178,H1,199.265512284429,AX,40.0670030171764,L1,0.487554491182794,L2,12.942949567...
GetData ===>> H2,0.0710177229625056,H1,215.163342206449,AX,42.3521503766001,L1,0.606767880208254,L2,13.45169486...
GetData ===>> H2,0.0710177229625056,H1,215.163342206449,AX,42.3521503766001,L1,0.606767880208254,L2,13.45169486...
GetData ===>> H2,-0.0215160252466821,H1,221.299477238134,AX,43.1793160433954,L1,0.607908769665233,L2,13.6271339...
GetData ===>> H2,0.0318128619404736,H1,223.968851244327,AX,43.518773434587,L1,0.610988437887314,L2,13.841735256...
GetData ===>> H2,0.0159359675392065,H1,225.118160155651,AX,43.8648809253868,L1,0.581706682517653,L2,13.79124936...
GetData ===>> H2,-0.0173107236477233,H1,225.371620550562,AX,43.8298886930147,L1,0.572217748783239,L2,13.8364313...
GetData ===>> H2,-0.0903321755160579,H1,225.65830508919,AX,43.745676550106,L1,0.606544166870956,L2,13.842199666...
GetData ===>> H2,-0.0573555911855375,H1,225.678483141664,AX,43.9029405911011,L1,0.654582561832772,L2,13.8098793...
Equilibration Finished
13:47:43 -- ******* Equilibration Finished *******
GetData ===>> H2,-0.0605900202035593,H1,225.824489733649,AX,43.7832009984989,L1,0.627881713350443,L2,13.8065440...
checking ownership. requestor=129.138.12.150
check software interlocks R
interlocks []
actuate state mode=None-script, software_lock=False
doing actuation None-script close_channel True
Close R ===>> OK
GetIndicatorState R ===>> False
change switch state (True, True)
update switch state R False args=() kw={} ncanvase=2
13:47:44 -- CLOSE  VALVE-R (Jan Inlet)
Post Equilibration Started jan_pump_extraction_line.py
13:47:44 -- ******* Post Equilibration Started jan_pump_extraction_line.py *******
testing...
no interpolation path defined
calculate duration
testing...
no interpolation path defined
executed snippet estimated_duration=4.0, duration=0.000135898590088
executed snippet estimated_duration=4.0, duration=0.0014328956604
Pump after analysis
doing GOSUB
testing...
no interpolation path defined
executed snippet estimated_duration=4.0, duration=0.000111103057861
Pump Microbone
close () {'description': 'Jan Inlet'}
closing name=--- desc=Jan Inlet
checking ownership. requestor=129.138.12.150
check software interlocks R
interlocks []
actuate state mode=None-script, software_lock=False
doing actuation None-script close_channel False
measurement finished
estimated time: 12.583 actual time: :12.662
flush and close file /Users/jan/PychronDev/data/isotopes/6d/3d91e2-c1b9-4af6-bed2-aec6348a97e6.h5
set_fits () {}
using default fits file=/Users/jan/PychronDev/scripts/measurement/fits/nominal_linear.yaml
Close R ===>> OK
set "Ar40" to "('Linear', 'SEM')"
No fit for "PM41". defaulting to linear. check the measurement script "jan_unknown120_60.py"
set "PM41" to "linear"
set "Ar36" to "('Linear', 'SEM')"
set "Ar37" to "('linear', 'SEM')"
set "Ar38" to "('linear', 'SEM')"
set "Ar39" to "('Linear', 'SEM')"
set_baseline_fits () {}
using default fits file=/Users/jan/PychronDev/scripts/measurement/fits/nominal_linear.yaml
set "H1" to "('average', 'SEM')"
set "H2" to "('average', 'SEM')"
set "CDD" to "('average', 'SEM')"
set "L2" to "('average', 'SEM')"
set "L1" to "('average', 'SEM')"
set "AX" to "('average', 'SEM')"
multicollect () {'integration_time': 1, 'ncounts': 120}
build tables- signal [Detector(H2), Detector(H1), Detector(AX), Detector(L1), Detector(L2), Detector(CDD)]
add group /signal/PM41 (Group) '' table H2
add group /signal/Ar40 (Group) '' table H1
add group /signal/Ar39 (Group) '' table AX
add group /signal/Ar38 (Group) '' table L1
add group /signal/Ar37 (Group) '' table L2
add group /signal/Ar36 (Group) '' table CDD
flush and close file /Users/jan/PychronDev/data/isotopes/6d/3d91e2-c1b9-4af6-bed2-aec6348a97e6.h5
measuring signal. ncounts=120
GetIndicatorState R ===>> False
change switch state (True, True)
update switch state R False args=() kw={} ncanvase=2
13:47:44 -- CLOSE  VALVE-R (Jan Inlet)
---------------------------------------- close None (Jan Inlet) result=[(True, True)]
action=close, ok=True, locked=[False]
is_closed ('F',) {}
is F () closed?
is closed True
open () {'description': 'CO2 Laser to Jan'}
opening name=--- desc=CO2 Laser to Jan
checking ownership. requestor=129.138.12.150
check software interlocks A
interlocks []
actuate state mode=None-script, software_lock=False
doing actuation None-script open_channel False
Open A ===>> OK
GetIndicatorState A ===>> OK
change switch state (True, True)
update switch state A True args=() kw={} ncanvase=2
13:47:44 -- OPEN   VALVE-A (CO2 Laser to Jan)
---------------------------------------- open None (CO2 Laser to Jan) result=[(True, True)], time=0.12 sec
"signal" increment series count="2" fit count="1" regressing="True"
starting measurement
GetData ===>> H2,-0.0135632215296649,H1,225.661299949723,AX,43.9035520333622,L1,0.635045897774326,L2,13.9016370...
action=open, ok=True, locked=[False]
sleep (1,) {}
SLEEP 1.0
GetData ===>> H2,-0.116419270500338,H1,225.637596019954,AX,43.8199983553282,L1,0.659144422823842,L2,13.79606228...
close () {'description': 'CO2 Laser to Roughing'}
closing name=--- desc=CO2 Laser to Roughing
checking ownership. requestor=129.138.12.150
check software interlocks G
interlocks []
actuate state mode=None-script, software_lock=True
VALVE-G(CO2 Laser to Roughing) software locked
change switch state (True, False)
---------------------------------------- close None (CO2 Laser to Roughing) result=[(True, False)]
action=close, ok=True, locked=[True]
open () {'description': 'Microbone to Turbo'}
opening name=--- desc=Microbone to Turbo
checking ownership. requestor=129.138.12.150
check software interlocks U
interlocks []
actuate state mode=None-script, software_lock=False
doing actuation None-script open_channel True
Open U ===>> OK
GetIndicatorState U ===>> OK
change switch state (True, True)
update switch state U True args=() kw={} ncanvase=2
13:47:46 -- OPEN   VALVE-U (Microbone to Turbo)
---------------------------------------- open None (Microbone to Turbo) result=[(True, True)], time=0.17 sec
action=open, ok=True, locked=[False]
open () {'description': 'Microbone to Getter NP-10'}
opening name=--- desc=Microbone to Getter NP-10
checking ownership. requestor=129.138.12.150
check software interlocks M
interlocks []
actuate state mode=None-script, software_lock=False
doing actuation None-script open_channel False
Open M ===>> OK
GetIndicatorState M ===>> OK
change switch state (True, True)
update switch state M True args=() kw={} ncanvase=2
13:47:46 -- OPEN   VALVE-M (Microbone to Getter NP-10)
---------------------------------------- open None (Microbone to Getter NP-10) result=[(True, True)], time=0.14 sec
action=open, ok=True, locked=[False]
open () {'description': 'Microbone to Getter D-50'}
opening name=--- desc=Microbone to Getter D-50
checking ownership. requestor=129.138.12.150
check software interlocks K
interlocks []
actuate state mode=None-script, software_lock=False
doing actuation None-script open_channel False
GetData ===>> H2,-0.0893944870907451,H1,225.562187365154,AX,43.7814111464442,L1,0.617880177528265,L2,13.7635733...
Open K ===>> OK
GetIndicatorState K ===>> OK
change switch state (True, True)
update switch state K True args=() kw={} ncanvase=2
13:47:47 -- OPEN   VALVE-K (Microbone to Getter D-50)
---------------------------------------- open None (Microbone to Getter D-50) result=[(True, True)], time=0.42 sec
action=open, ok=True, locked=[False]
open () {'description': 'Microbone to CO2 Laser'}
opening name=--- desc=Microbone to CO2 Laser
checking ownership. requestor=129.138.12.150
check software interlocks T
interlocks []
actuate state mode=None-script, software_lock=False
doing actuation None-script open_channel False
Open T ===>> OK
GetIndicatorState T ===>> OK
change switch state (True, True)
update switch state T True args=() kw={} ncanvase=2
13:47:48 -- OPEN   VALVE-T (Microbone to CO2 Laser)
---------------------------------------- open None (Microbone to CO2 Laser) result=[(True, True)], time=0.41 sec
GetData ===>> H2,-0.0308963741112851,H1,225.665233940701,AX,43.6882703978407,L1,0.621042722833267,L2,13.8646038...
action=open, ok=True, locked=[False]
open () {'description': 'Microbone to Inlet Pipette'}
opening name=--- desc=Microbone to Inlet Pipette
checking ownership. requestor=129.138.12.150
check software interlocks S
interlocks []
actuate state mode=None-script, software_lock=False
doing actuation None-script open_channel False
Open S ===>> OK
GetIndicatorState S ===>> OK
change switch state (True, True)
update switch state S True args=() kw={} ncanvase=2
13:47:48 -- OPEN   VALVE-S (Microbone to Inlet Pipette)
---------------------------------------- open None (Microbone to Inlet Pipette) result=[(True, True)], time=0.40 sec
action=open, ok=True, locked=[False]
sleep (1,) {}
SLEEP 1.0
GetData ===>> H2,-0.155453547880875,H1,225.698409258474,AX,43.9346824987477,L1,0.597256778698826,L2,13.88840671...
set_resource () {'name': 'CO2PumpTimeFlag', 'value': 30}
Set CO2PumpTimeFlag 30 ===>> OK
release ('JanCO2Flag',) {}
release JanCO2Flag
Set JanCO2Flag 0 ===>> OK
executed snippet estimated_duration=6.0, duration=5.90418410301
PumpMicrobone.py completed successfully
gosub finished
get_resource_value () {'name': 'JanMiniboneFlag'}
Read JanMiniboneFlag ===>> 0
Get Resource Value JanMiniboneFlag=0.0
get resource value 0.0
get_resource_value () {'name': 'JanMiniboneFlag'}
Read JanMiniboneFlag ===>> 0
Get Resource Value JanMiniboneFlag=0.0
executed snippet estimated_duration=4.0, duration=5.91721701622
jan_pump_extraction_line.py completed successfully
Post Equilibration Finished
13:47:49 -- ******* Post Equilibration Finished *******
GetData ===>> H2,-0.166526960555094,H1,225.557316661175,AX,43.7117251506437,L1,0.598415893081672,L2,13.80979380...
GetData ===>> H2,-0.172864993870186,H1,225.428910157224,AX,43.6986404946126,L1,0.631872896153847,L2,13.80039900...
GetData ===>> H2,-0.253851726370549,H1,225.333055757378,AX,43.8556983793897,L1,0.623652115342199,L2,13.71338529...
GetData ===>> H2,-0.240888825079172,H1,225.250816843876,AX,43.7873206013473,L1,0.634805691288155,L2,13.72527297...
GetData ===>> H2,-0.237568765186753,H1,225.268920482271,AX,43.6400541980351,L1,0.634679399384192,L2,13.71953055...
GetData ===>> H2,-0.136230772352369,H1,225.272292898864,AX,43.6316059449913,L1,0.612424115494395,L2,13.72408781...
GetData ===>> H2,-0.0981111929764486,H1,225.202269173596,AX,43.601367528384,L1,0.591124117819001,L2,13.72904849...
GetData ===>> H2,0.00902709282407386,H1,224.910889229016,AX,43.5690081479459,L1,0.616656872400328,L2,13.6360451...
GetData ===>> H2,-0.0531623492490654,H1,224.688896940843,AX,43.6302855158686,L1,0.636789418529856,L2,13.7175757...
GetData ===>> H2,-0.0582195516963549,H1,224.989625277809,AX,43.7019790054235,L1,0.634341390371936,L2,13.7008637...
GetData ===>> H2,-0.0680751411025557,H1,224.998416493408,AX,43.6692940366249,L1,0.601633576853242,L2,13.7667606...
GetData ===>> H2,-0.167833449581531,H1,224.859893232068,AX,43.6109492945857,L1,0.573387868850065,L2,13.73788300...
GetData ===>> H2,-0.0937245521898807,H1,224.684085952735,AX,43.57479812824,L1,0.579991302204795,L2,13.587409293...
GetData ===>> H2,-0.103109276240358,H1,224.444719658153,AX,43.5702001797075,L1,0.566005243795546,L2,13.66518893...
GetData ===>> H2,-0.0288371316508174,H1,224.421846491314,AX,43.5519236700354,L1,0.608015077781664,L2,13.7134585...
GetData ===>> H2,-0.082307948900407,H1,224.454638877006,AX,43.5528317533804,L1,0.603872339615661,L2,13.65854630...
GetData ===>> H2,-0.071744842567023,H1,224.628159881399,AX,43.5028325941359,L1,0.608225224937871,L2,13.64079404...
GetData ===>> H2,-0.18884038093931,H1,224.366164034099,AX,43.5808864257519,L1,0.586574231746043,L2,13.692069106...
GetData ===>> H2,-0.17959210179757,H1,224.208543748184,AX,43.4305081451542,L1,0.628688489245625,L2,13.556663216...
13:48:10 -- collecting point 25
GetData ===>> H2,-0.0750256870893782,H1,224.333724809625,AX,43.5107246758865,L1,0.627832219937342,L2,13.7305391...
GetData ===>> H2,-0.126663482269418,H1,224.303946828306,AX,43.4338559236484,L1,0.629039926564765,L2,13.78133104...
GetData ===>> H2,-0.0684711895104897,H1,224.391487686614,AX,43.4201675086115,L1,0.58399635556382,L2,13.65473676...
GetData ===>> H2,-0.0537227132867838,H1,224.190009366346,AX,43.3113252606479,L1,0.61376722889982,L2,13.57764828...
GetData ===>> H2,-0.108954730799311,H1,223.971758569455,AX,43.5280152728121,L1,0.608717233164964,L2,13.69020033...
GetData ===>> H2,-0.159843694928971,H1,223.892415534292,AX,43.3950501694901,L1,0.621469332207578,L2,13.61885826...
GetData ===>> H2,-0.140832329614502,H1,223.793820809802,AX,43.3010862067583,L1,0.583603804249578,L2,13.52942846...
GetData ===>> H2,-0.161770770051229,H1,223.805422560356,AX,43.3179910462024,L1,0.593918767429364,L2,13.55892191...
GetData ===>> H2,-0.188745993853105,H1,223.575129315663,AX,43.2367364839203,L1,0.597375439381744,L2,13.62269088...
GetData ===>> H2,-0.153707823126614,H1,223.407335454311,AX,43.4270186118419,L1,0.613221800006007,L2,13.66034124...
GetData ===>> H2,-0.124252717930462,H1,223.461731751887,AX,43.435430546932,L1,0.635712066473291,L2,13.594633037...
GetData ===>> H2,-0.069976590204319,H1,223.161472210914,AX,43.4443679925465,L1,0.595955308464001,L2,13.55423364...
GetData ===>> H2,-0.136165872180901,H1,223.526414709237,AX,43.4135579151948,L1,0.600203097426098,L2,13.70717932...
GetData ===>> H2,-0.225058742973145,H1,223.452745362619,AX,43.1884580641296,L1,0.591988871419728,L2,13.62104308...
GetData ===>> H2,-0.179848500720725,H1,223.61600989762,AX,43.1008557304696,L1,0.60559621969085,L2,13.6567269892...
GetData ===>> H2,-0.176288084718762,H1,223.496797461442,AX,43.3468000429104,L1,0.628251684085617,L2,13.55910505...
GetData ===>> H2,-0.163766372089895,H1,223.210777651945,AX,43.157895889483,L1,0.650674406089449,L2,13.552500018...
GetData ===>> H2,-0.178968623350655,H1,223.275379594745,AX,43.1376417286589,L1,0.610010411266547,L2,13.61868738...
GetData ===>> H2,-0.201681551038611,H1,223.202374224045,AX,43.1864037964742,L1,0.588301817000067,L2,13.66840050...
GetData ===>> H2,-0.149553132170047,H1,223.02850250374,AX,43.1849870808332,L1,0.601128315899143,L2,13.487168522...
GetData ===>> H2,-0.164726242201466,H1,222.976291829541,AX,43.1776431194898,L1,0.613105544492575,L2,13.53670338...
GetData ===>> H2,-0.130437470106577,H1,223.250098283893,AX,43.2191346258905,L1,0.603334844208499,L2,13.47274824...
GetData ===>> H2,-0.200341425764504,H1,223.037129855265,AX,43.0403168190758,L1,0.577231186828194,L2,13.63404313...
GetData ===>> H2,-0.247378862583419,H1,222.610477456276,AX,43.1527363496066,L1,0.600867665227524,L2,13.50235959...
GetData ===>> H2,-0.250260034496565,H1,222.54401409099,AX,43.294052685782,L1,0.58976783534011,L2,13.51673522874...
13:48:36 -- collecting point 50
GetData ===>> H2,-0.181566223756262,H1,222.858020517671,AX,43.2886076647441,L1,0.588048650331097,L2,13.67392024...
GetData ===>> H2,-0.189010275710989,H1,222.658536581877,AX,43.3035962534091,L1,0.620250141526286,L2,13.59969728...
GetData ===>> H2,-0.133738609612918,H1,222.589941623236,AX,43.210462204413,L1,0.59793425282756,L2,13.5027622793...
GetData ===>> H2,-0.153332159895557,H1,222.402058707073,AX,43.1323413492007,L1,0.601728702084566,L2,13.50979122...
GetData ===>> H2,-0.232723868820021,H1,222.42545694977,AX,43.0393114025574,L1,0.627333586960844,L2,13.556968443...
GetData ===>> H2,-0.199791308265402,H1,222.443970850726,AX,43.0369182622414,L1,0.571069974637055,L2,13.50500758...
GetData ===>> H2,-0.190444840986549,H1,222.23476666737,AX,43.1348639602264,L1,0.587575677464959,L2,13.499370008...
GetData ===>> H2,-0.152440247685696,H1,222.272081557139,AX,43.0199977277374,L1,0.572704048452623,L2,13.48242253...
GetData ===>> H2,-0.136693175327744,H1,222.371007774527,AX,42.9810231131614,L1,0.567988891947958,L2,13.61596557...
GetData ===>> H2,-0.112100515303403,H1,222.244006650156,AX,42.9953304384145,L1,0.602054852358849,L2,13.48588745...
GetData ===>> H2,-0.0502678266575597,H1,222.027618995118,AX,43.2076990656911,L1,0.587391680797896,L2,13.5774329...
GetData ===>> H2,-0.0130848440294381,H1,221.855096498855,AX,42.9037791565193,L1,0.563510186381748,L2,13.5274633...
GetData ===>> H2,-0.0954609922147655,H1,221.764159264299,AX,42.8915493392888,L1,0.56817765439117,L2,13.48548483...
GetData ===>> H2,-0.181281528842159,H1,221.772909262954,AX,43.0506830176295,L1,0.564255063939876,L2,13.45167046...
GetData ===>> H2,-0.178594789724282,H1,221.683766087433,AX,42.9675956264209,L1,0.572120244744975,L2,13.49529455...
GetData ===>> H2,-0.107829173395234,H1,221.775800865272,AX,43.0948061187667,L1,0.613346714296475,L2,13.38516382...
GetData ===>> H2,-0.155961541115794,H1,221.650451678683,AX,42.7779122292702,L1,0.580025853825568,L2,13.56621113...
GetData ===>> H2,-0.115332630906663,H1,221.45368556323,AX,42.8333192780589,L1,0.571115636339985,L2,13.564342991...
GetData ===>> H2,-0.125627849277108,H1,221.610330515424,AX,43.0086290480037,L1,0.602017789311134,L2,13.44657244...
GetData ===>> H2,-0.107313706629468,H1,221.319801804632,AX,42.920243271481,L1,0.605271193861033,L2,13.478799144...
GetData ===>> H2,-0.15078336704857,H1,221.198235335303,AX,42.9350813332012,L1,0.598372668042532,L2,13.464831370...
GetData ===>> H2,-0.0686108882286467,H1,221.119149494152,AX,42.7854128335544,L1,0.57693483145962,L2,13.40362742...
GetData ===>> H2,-0.228376358777808,H1,220.909922885318,AX,42.7301600606818,L1,0.570871286868385,L2,13.46868604...
GetData ===>> H2,-0.132442955532129,H1,220.986952594899,AX,42.7027625265028,L1,0.57896961350299,L2,13.474919693...
GetData ===>> H2,-0.123345337486043,H1,221.04445532993,AX,42.8538628106351,L1,0.569215292405664,L2,13.489511095...
13:49:02 -- collecting point 75
GetData ===>> H2,-0.140383611225053,H1,220.985120596476,AX,42.6931317517076,L1,0.568430576784642,L2,13.51658877...
GetData ===>> H2,-0.231956782723811,H1,221.026030657947,AX,42.8208420901311,L1,0.611896069713821,L2,13.49352531...
GetData ===>> H2,-0.107217645932567,H1,220.862041038889,AX,42.8033454439044,L1,0.609295805353674,L2,13.45614669...
GetData ===>> H2,-0.0905598107493666,H1,220.8042108763,AX,42.7197915355439,L1,0.588573514938913,L2,13.340121099...
GetData ===>> H2,-0.112589181417933,H1,220.780280610622,AX,42.8538486609738,L1,0.603853804827591,L2,13.41807454...
GetData ===>> H2,-0.136457920028771,H1,220.698682814307,AX,42.7458630986657,L1,0.610653351381017,L2,13.41227106...
GetData ===>> H2,-0.120317055779131,H1,220.478387999415,AX,42.5950094613148,L1,0.607848199248854,L2,13.41446562...
GetData ===>> H2,-0.131524547434914,H1,220.430560914833,AX,42.6331867931796,L1,0.643721670747989,L2,13.35274277...
GetData ===>> H2,-0.127227227087609,H1,220.7040509333,AX,42.6754561515625,L1,0.631504034163072,L2,13.4426820225...
GetData ===>> H2,-0.132119695180132,H1,220.716945012181,AX,42.5872746597655,L1,0.584882736813427,L2,13.41422177...
GetData ===>> H2,-0.145588734203475,H1,220.40319307368,AX,42.6782557911638,L1,0.635631579138483,L2,13.393191395...
GetData ===>> H2,-0.0972824791823092,H1,220.265390114832,AX,42.7413641781788,L1,0.576697753269143,L2,13.3696472...
GetData ===>> H2,-0.0848476485915677,H1,220.263310524073,AX,42.7238935722739,L1,0.602692357511227,L2,13.2876755...
GetData ===>> H2,-0.159252137324057,H1,220.191539667928,AX,42.5173591044546,L1,0.609531941308943,L2,13.40629724...
GetData ===>> H2,-0.269069840501531,H1,220.305958776828,AX,42.680645434784,L1,0.576849630860317,L2,13.412819701...
GetData ===>> H2,-0.172585747096647,H1,220.066012750039,AX,42.6456115738692,L1,0.5830150051605,L2,13.4037737107...
GetData ===>> H2,-0.196858245126986,H1,220.082116038934,AX,42.5455691567928,L1,0.531718529538896,L2,13.36789083...
GetData ===>> H2,-0.16039200613849,H1,219.8205172301,AX,42.6356886068664,L1,0.566724395696604,L2,13.44740177363...
GetData ===>> H2,-0.0704146108352801,H1,219.748357508693,AX,42.5540363082021,L1,0.588558694867683,L2,13.3848588...
GetData ===>> H2,-0.0549532464889399,H1,219.871224286905,AX,42.4918825445263,L1,0.579455766817529,L2,13.3627314...
GetData ===>> H2,-0.0237444784489337,H1,219.350255237331,AX,42.3698336289545,L1,0.590253260316478,L2,13.2589040...
GetData ===>> H2,-0.159499298708894,H1,219.523550494623,AX,42.430205369739,L1,0.569040083446869,L2,13.272843978...
GetData ===>> H2,-0.160238049511999,H1,219.630709272239,AX,42.3226935643261,L1,0.555439731696198,L2,13.36926915...
GetData ===>> H2,-0.230893542181488,H1,219.671360767781,AX,42.5437881634858,L1,0.569471941866152,L2,13.33581667...
GetData ===>> H2,-0.257889837916293,H1,219.642866371352,AX,42.5866100842556,L1,0.566872426300851,L2,13.28779739...
13:49:29 -- collecting point 100
GetData ===>> H2,-0.110332478311496,H1,219.277058686449,AX,42.3240913971179,L1,0.568349147437295,L2,13.27206407...
GetData ===>> H2,-0.172697716436515,H1,219.335803894663,AX,42.4663549545497,L1,0.608818604593142,L2,13.20217609...
GetData ===>> H2,-0.169478493668466,H1,219.060206642707,AX,42.4751978694027,L1,0.622080217895301,L2,13.37691731...
GetData ===>> H2,-0.179731097723861,H1,219.056359761137,AX,42.4022550688379,L1,0.593543138511522,L2,13.19983592...
GetData ===>> H2,-0.105461350850276,H1,219.16299947526,AX,42.4189283683659,L1,0.564670689449,L2,13.300168830075...
GetData ===>> H2,-0.111522481424404,H1,218.804535242534,AX,42.3316738683468,L1,0.581593137777378,L2,13.33039066...
GetData ===>> H2,-0.115348870370852,H1,218.86130767552,AX,42.3158175965997,L1,0.590716473283975,L2,13.216389243...
GetData ===>> H2,-0.107719587930431,H1,219.083489276626,AX,42.3383813003625,L1,0.60229082353536,L2,13.289771850...
GetData ===>> H2,-0.0870320137730946,H1,219.152253091671,AX,42.3131915622634,L1,0.616701410873405,L2,13.2154879...
GetData ===>> H2,-0.133748076269464,H1,218.979987493018,AX,42.2812602530117,L1,0.578637709750734,L2,13.15275136...
GetData ===>> H2,-0.12853711591031,H1,218.671076196714,AX,42.4791392531829,L1,0.559981379202679,L2,13.199458086...
GetData ===>> H2,-0.1137748876803,H1,218.49104709464,AX,42.3277201915294,L1,0.607536699836381,L2,13.25618695620...
GetData ===>> H2,-0.0875554717779556,H1,218.559685441588,AX,42.4441234462291,L1,0.574479112595801,L2,13.2670923...
GetData ===>> H2,-0.221814239195384,H1,218.467998041069,AX,42.3646074730246,L1,0.557077831419846,L2,13.22777757...
GetData ===>> H2,-0.328727309458708,H1,218.405089127007,AX,42.3974089479228,L1,0.579023903604498,L2,13.26123129...
GetData ===>> H2,-0.221155527551993,H1,218.393488928458,AX,42.2430457196288,L1,0.598972894706348,L2,13.28169145...
GetData ===>> H2,-0.144160671129981,H1,218.393314306726,AX,42.1021598551062,L1,0.621338256157208,L2,13.18229853...
GetData ===>> H2,-0.100950298187048,H1,218.162320790608,AX,42.1873797978143,L1,0.602798612179767,L2,13.29233138...
GetData ===>> H2,-0.174492605867218,H1,218.042216931682,AX,42.4362965271679,L1,0.557030954480484,L2,13.26337582...
GetData ===>> H2,-0.147408342085768,H1,218.131310437369,AX,42.2239133438553,L1,0.551155748132357,L2,13.24821886...
GetData ===>> H2,-0.191849567985185,H1,218.013627807154,AX,42.1513231483966,L1,0.555862800386898,L2,13.20313899...
measurement finished
estimated time: 125.829 actual time: :126.343
flush and close file /Users/jan/PychronDev/data/isotopes/6d/3d91e2-c1b9-4af6-bed2-aec6348a97e6.h5
baselines () {'settling_time': 15.0, 'detector': 'H1', 'mass': 34.2, 'ncounts': 60}
%%%%%%%%%%%%%%%%%%%%%%%%%%%%%%%% Baseline
build tables- baseline [Detector(H2), Detector(H1), Detector(AX), Detector(L1), Detector(L2), Detector(CDD)]
add group baseline table H2
add group baseline table H1
add group baseline table AX
add group baseline table L1
add group baseline table L2
add group baseline table CDD
flush and close file /Users/jan/PychronDev/data/isotopes/6d/3d91e2-c1b9-4af6-bed2-aec6348a97e6.h5
detector Detector(H1)
POSITION 34.2 H1
Mapping mass to dac mass func: "parabolic"
H1 map mass coeffs = [-0.00063987  0.15840543  0.57130999]
H1 map mass to dac 34.2 >> 5.24035599104
GetDeflection H1 ===>> 0
GetHighVoltage ===>> 4500
positioning 34.2 (5.24035599104) on H1
setting magnet DAC
current  : 5.879700
requested: 5.240356
Delta Dac: 0.639344
Checking detector protection. dv=0.63934
Checking detector "CDD". Protection Threshold: 0.1 (V)
ProtectDetector CDD,On ===>> OK
GetDeflection CDD ===>> 2000
Protected = 2000
SetMagnetDAC 5.24035599104 ===>> OK
Magnet settling time: 0.500
GetMagnetMoving ===>> True
GetMagnetMoving ===>> True
GetMagnetMoving ===>> True
GetMagnetMoving ===>> True
GetMagnetMoving ===>> True
GetMagnetMoving ===>> True
GetMagnetMoving ===>> True
GetMagnetMoving ===>> True
GetMagnetMoving ===>> False
ProtectDetector CDD,Off ===>> OK
GetDeflection CDD ===>> 50
Delaying 15.0s for detectors to settle
Join finished
measuring baseline. ncounts=60
"baseline" increment series count="2" fit count="1" regressing="True"
starting measurement
GetData ===>> H2,-0.223901926310842,H1,-0.0101294406254169,AX,-0.133712342221758,L1,-0.0221612221755077,L2,0.00...
GetData ===>> H2,-0.232499131446221,H1,-0.00528680871749716,AX,-0.171391630365166,L1,-0.0382081914219068,L2,-0....
GetData ===>> H2,-0.155002279476931,H1,-0.0315725660591458,AX,-0.239664079340581,L1,-0.0263006646825884,L2,0.00...
GetData ===>> H2,-0.17389584987352,H1,-0.0114414434167152,AX,-0.130872766891583,L1,-0.0303258188051158,L2,-0.07...
GetData ===>> H2,-0.193014199810237,H1,0.0242988872057872,AX,-0.0887398990209361,L1,-0.0468776791107255,L2,0.02...
GetData ===>> H2,-0.181327404335837,H1,-0.0203387540317344,AX,-0.0730454931241654,L1,-0.00945162032583407,L2,-0...
GetData ===>> H2,-0.172654547665507,H1,-0.0161525844181608,AX,-0.0426347247673691,L1,0.00490745281465925,L2,-0....
GetData ===>> H2,-0.370447175331615,H1,-0.0228432162463708,AX,-0.0667623847635204,L1,-0.00725714914156558,L2,0....
GetData ===>> H2,-0.30826112489416,H1,-0.00343795887685057,AX,-0.106598768746329,L1,-0.0134783694940199,L2,-0.0...
GetData ===>> H2,-0.269456893041665,H1,0.012773741808725,AX,-0.121441966339008,L1,0.0308667849875623,L2,-0.0856...
GetData ===>> H2,-0.200642091424964,H1,0.0848604309543035,AX,0.139039382939286,L1,0.0443985779316616,L2,-0.0476...
GetData ===>> H2,-0.23391880443717,H1,0.0329018532806426,AX,-0.023523135107005,L1,0.0184097689479422,L2,-0.0478...
GetData ===>> H2,-0.137478676359913,H1,0.0381761591779163,AX,-0.0954735762318326,L1,0.0334238706307397,L2,-0.04...
GetData ===>> H2,-0.122351327821252,H1,0.011711968042394,AX,-0.0686056265003289,L1,0.00483060542899972,L2,0.061...
GetData ===>> H2,-0.18534888325595,H1,-0.0272676130110614,AX,-0.137388164503092,L1,0.0154360922266168,L2,-0.094...
GetData ===>> H2,-0.15859706604996,H1,-0.0753151740432443,AX,-0.149052472499594,L1,0.0237708482140574,L2,-0.211...
GetData ===>> H2,-0.179713554642783,H1,-0.0145663262600458,AX,-0.0695678080019717,L1,-0.0184253932864493,L2,0.0...
GetData ===>> H2,-0.225881505575102,H1,-0.0321449558415619,AX,-0.0667160134519884,L1,-0.0158577053109042,L2,-0....
GetData ===>> H2,-0.208288177575248,H1,0.0384267552864916,AX,-0.104686716818414,L1,0.0250412623479207,L2,-0.050...
GetData ===>> H2,-0.168195136856399,H1,-0.0205295724059472,AX,-0.118105051342639,L1,-0.0126261613434408,L2,0.02...
GetData ===>> H2,-0.0845997988796943,H1,-0.0186094459282636,AX,-0.0645017576050458,L1,-0.0359138367735961,L2,0....
GetData ===>> H2,-0.179477395136473,H1,-0.0545490588964136,AX,0.0420507137510088,L1,0.0106339440939534,L2,-0.02...
GetData ===>> H2,-0.176950854976549,H1,-0.00389122844917085,AX,-0.0816348427516319,L1,0.0151178791212187,L2,-0....
GetData ===>> H2,-0.201201604901942,H1,0.00313468058126283,AX,-0.0964123134931101,L1,-0.0141123847171261,L2,-0....
13:50:34 -- collecting point 25
GetData ===>> H2,-0.289940144966322,H1,-0.0524149831435004,AX,0.107834976428114,L1,0.044580247400351,L2,-0.0466...
GetData ===>> H2,-0.308254415628649,H1,0.0236307266044069,AX,-0.0283477739916594,L1,0.0516214127563904,L2,-0.09...
GetData ===>> H2,-0.321635473508689,H1,-0.0649326551454664,AX,-0.144055311012337,L1,-0.0254067660313369,L2,-0.0...
GetData ===>> H2,-0.249392532093716,H1,0.0173072845849777,AX,-0.12538123255122,L1,-0.0553241419412605,L2,-0.052...
GetData ===>> H2,-0.193224467783029,H1,0.0115449484750175,AX,0.0189115136985896,L1,-0.0316587959273614,L2,0.026...
GetData ===>> H2,-0.220362059078837,H1,0.0337251994739109,AX,-0.0435043983662878,L1,-0.00552281874806317,L2,0.0...
GetData ===>> H2,-0.148625303631246,H1,-0.00241213068681285,AX,-0.0776938048051784,L1,-0.0122725516866228,L2,-0...
GetData ===>> H2,-0.0995897282687727,H1,-0.0542390842378502,AX,-0.0906059044443764,L1,-0.00121208561077981,L2,-...
GetData ===>> H2,-0.173052503540536,H1,-0.0131828023794743,AX,-0.121998107710148,L1,0.011254492972656,L2,0.1107...
GetData ===>> H2,-0.297355067553721,H1,-0.0607602717890508,AX,-0.0407446073457057,L1,-0.0102357579357827,L2,0.0...
GetData ===>> H2,-0.0927356651384304,H1,-0.0618093445474031,AX,-0.12892643575688,L1,-0.00257881061557283,L2,0.0...
GetData ===>> H2,-0.153952402927765,H1,0.0615917041635996,AX,-0.0190230159649827,L1,0.0307166003957632,L2,-0.09...
GetData ===>> H2,-0.231310775082955,H1,-0.0299746272577782,AX,-0.0112633012285638,L1,-0.01111094642623,L2,0.038...
GetData ===>> H2,-0.170622731287625,H1,0.0452408232105796,AX,-0.0498469827826747,L1,-0.0198870396917824,L2,-0.0...
GetData ===>> H2,-0.14843081466157,H1,-0.0226404763982611,AX,-0.0313166636650508,L1,-0.0197083920886488,L2,-0.0...
GetData ===>> H2,-0.167716033692414,H1,-0.0286986428802426,AX,-0.113342797330011,L1,-0.0262227812305347,L2,-0.0...
GetData ===>> H2,-0.201831193001236,H1,-0.0285793911726227,AX,0.0435594784536068,L1,-0.00666348046216475,L2,-0....
GetData ===>> H2,-0.131493436580628,H1,0.0203257834975769,AX,-0.0200668765680678,L1,-0.0111385196215136,L2,-0.0...
GetData ===>> H2,-0.118584120352047,H1,-0.0784261438824039,AX,-0.107537398668205,L1,-0.0363368041823815,L2,0.00...
GetData ===>> H2,-0.0791416729552898,H1,-0.0564208085467087,AX,-0.0557253893459192,L1,-0.0289411559086561,L2,-0...
GetData ===>> H2,-0.153140269556815,H1,0.0908362059036662,AX,-0.0130727967453744,L1,-0.0407307779442737,L2,0.05...
GetData ===>> H2,-0.150294530093968,H1,-0.033850180998418,AX,-0.0909072435787779,L1,-0.00868061201572584,L2,-0....
GetData ===>> H2,-0.148606395127813,H1,-0.0434609067174517,AX,-0.080406183340681,L1,0.043289382313786,L2,-0.070...
GetData ===>> H2,-0.205943549947623,H1,-0.0149718382562057,AX,-0.150942283372368,L1,-0.0140524606019286,L2,0.08...
GetData ===>> H2,-0.213424446821823,H1,0.0463864913787806,AX,-0.016819273481859,L1,0.0182007662334445,L2,-0.020...
13:51:01 -- collecting point 50
GetData ===>> H2,-0.264237285412477,H1,-0.0215313629019718,AX,-0.0880213035370325,L1,0.0119687116179728,L2,-0.0...
GetData ===>> H2,-0.279729087934605,H1,-0.0126937936751446,AX,-0.0598644093277374,L1,-0.00417328862954803,L2,-0...
GetData ===>> H2,-0.317293536413164,H1,0.0116642481375663,AX,-0.0719906084366624,L1,-0.0508542791642983,L2,-0.0...
GetData ===>> H2,-0.28752964698607,H1,0.0376033704279745,AX,-0.150397372348146,L1,-0.0392395817980161,L2,0.0110...
GetData ===>> H2,-0.32146391902388,H1,-0.00760080491641875,AX,-0.144055311012337,L1,-0.0323353968390167,L2,0.00...
GetData ===>> H2,-0.20914101636595,H1,-0.0286747925501317,AX,-0.138941940355506,L1,0.00414500860887634,L2,-0.03...
GetData ===>> H2,-0.150487636713284,H1,-0.0528203418155957,AX,-0.00722661308145424,L1,-0.00779681756124607,L2,-...
GetData ===>> H2,-0.229264840488663,H1,-0.0590555051000362,AX,-0.210574197215682,L1,-0.0107836588168611,L2,-0.0...
GetData ===>> H2,-0.234482587150605,H1,-0.120917264366782,AX,-0.0439682211079816,L1,-0.012141892771593,L2,-0.02...
GetData ===>> H2,-0.183241865809273,H1,-0.00272226589952389,AX,-0.0163089260018575,L1,-0.0206783264989371,L2,-0...
GetData ===>> H2,-0.191557043243312,H1,-0.0648015257449284,AX,-0.131834332782164,L1,-0.0109586930747137,L2,0.02...
measurement finished
estimated time: 62.915 actual time: :63.154
flush and close file /Users/jan/PychronDev/data/isotopes/6d/3d91e2-c1b9-4af6-bed2-aec6348a97e6.h5
activate_detectors ('H1', 'AX', 'CDD') {'peak_center': True}
peak_center () {'detector': 'H1', 'integration_time': 0.262144, 'isotope': 'Ar40'}
peak center: mean=218.306009891 threshold=3
peak center started
setup peak center. detector=['H1', 'AX', 'CDD'], isotope=Ar40
VersionedUnpickler [<apptools.sweet_pickle.versioned_unpickler.VersionedUnpickler object at 0x1bf322b90>] using Updater [<apptools.sweet_pickle.updater.Updater object at 0x1373f1ad0>]
VersionedUnpickler [<apptools.sweet_pickle.versioned_unpickler.VersionedUnpickler object at 0x1bf322b90>] using Updater [<apptools.sweet_pickle.updater.Updater object at 0x1373f1ad0>]
VersionedUnpickler [<apptools.sweet_pickle.versioned_unpickler.VersionedUnpickler object at 0x1ac605d70>] using Updater [<apptools.sweet_pickle.updater.Updater object at 0x1373f1ad0>]
setting integration time = 0.524288
SetIntegrationTime 0.524288 ===>> OK
Mapping mass to dac mass func: "parabolic"
H1 map mass coeffs = [-0.00063987  0.15840543  0.57130999]
H1 map mass to dac 39.9624 >> 5.8797
GetDeflection H1 ===>> 0
GetHighVoltage ===>> 4500
do peak center. <pychron.spectrometer.jobs.peak_center.PeakCenter object at 0x1376ecfb0>
doing pc
starting peak center. center dac= 5.8797 step_width=0.001
width = 0.001
get scan parameters. half-width=0.015,window=0.015, i=0, scalar=1
Scan parameters center=5.87970 width=0.03000 (5.86470 - 5.89470)
GetData ===>> H2,-0.163478800235724,H1,-0.0104395519280541,AX,0.0772089116878856,L1,-0.036626760225518,L2,-0.04...
Moving to starting dac 5.8647
setting magnet DAC
current  : 5.240356
requested: 5.864700
Delta Dac: 0.624344
Checking detector protection. dv=0.62434
Checking detector "CDD". Protection Threshold: 0.1 (V)
ProtectDetector CDD,On ===>> OK
GetDeflection CDD ===>> 2000
Protected = 2000
SetMagnetDAC 5.8647 ===>> OK
Magnet settling time: 0.500
GetMagnetMoving ===>> True
GetMagnetMoving ===>> True
GetMagnetMoving ===>> True
GetMagnetMoving ===>> True
GetMagnetMoving ===>> True
GetMagnetMoving ===>> True
GetMagnetMoving ===>> True
GetMagnetMoving ===>> True
GetMagnetMoving ===>> False
ProtectDetector CDD,Off ===>> OK
GetDeflection CDD ===>> 50
Wait until signal near baseline. tol= -0.00782966394604. timeout= 10
GetData ===>> H2,1.69762869379362,H1,1.40166616726749,AX,0.614161949588921,L1,0.0368687898452761,L2,-0.09915026...
GetData ===>> H2,14.0085197571768,H1,7.80042095323294,AX,1.03002700345581,L1,0.274867343122851,L2,0.16194320195...
GetData ===>> H2,12.3926796090888,H1,6.52457990297155,AX,0.91512946999157,L1,0.333065957060599,L2,0.06428861648...
GetData ===>> H2,6.1833846665851,H1,3.0804235326648,AX,0.401536617311505,L1,0.262367506882607,L2,0.003917134493...
GetData ===>> H2,2.39053622856527,H1,1.742529966021,AX,0.197656926222388,L1,0.185102711356035,L2,-0.01448289486...
GetData ===>> H2,0.736276142521167,H1,0.973631918692353,AX,0.0811931582805769,L1,0.121657324412621,L2,0.0476769...
GetData ===>> H2,0.247960566634535,H1,0.622892761837579,AX,-0.0557949541615029,L1,0.0798702836505463,L2,-0.0504...
GetData ===>> H2,0.0767456693162773,H1,0.337323746492824,AX,-0.0812291550391856,L1,0.0352964337461209,L2,0.0136...
GetData ===>> H2,-0.0663320930190392,H1,0.196650118545017,AX,0.0355865019826725,L1,0.0443877500533474,L2,-0.146...
GetData ===>> H2,-0.0716811143186262,H1,0.196554684138506,AX,-0.0244625667171717,L1,0.0489330302892931,L2,-0.11...
GetData ===>> H2,-0.0171592415270164,H1,0.19001764365536,AX,-0.0380543155591009,L1,0.0577543366655705,L2,-0.110...
GetData ===>> H2,-0.0722072006578533,H1,0.225547065174392,AX,0.0975110313410112,L1,0.0173639220134027,L2,-0.047...
GetData ===>> H2,-0.144319588984758,H1,0.15130515805819,AX,0.00836492685114876,L1,-0.0216599692712114,L2,-0.056...
GetData ===>> H2,-0.10976518607128,H1,0.163993000116292,AX,-0.0717008029486627,L1,-0.00899597714037492,L2,0.064...
GetData ===>> H2,-0.0624488334665365,H1,0.188299951950621,AX,-0.2063788798509,L1,0.00776946962835264,L2,0.03653...
GetData ===>> H2,-0.099892701474874,H1,0.260898096264595,AX,-0.0339259645769729,L1,-0.0281320042042306,L2,-0.00...
GetData ===>> H2,-0.0741459170850886,H1,0.251802547829105,AX,-0.0804177745397133,L1,0.0019456504579605,L2,-0.11...
GetData ===>> H2,-0.0479848599379912,H1,0.220177472829231,AX,-0.0601310628420495,L1,-0.0199185371991962,L2,0.07...
GetData ===>> H2,-0.0445016544854998,H1,0.204619212173607,AX,0.0158599635076673,L1,-0.0368639907670744,L2,0.007...
GetData ===>> H2,-0.0919963963723675,H1,0.255120775639362,AX,-0.0653248638298183,L1,-0.0168133932564819,L2,0.06...
GetData ===>> H2,-0.162150204532966,H1,0.275223468178543,AX,-0.216889499194891,L1,-0.0112667939281791,L2,-0.090...
Peak center failed to move to a baseline position
_do_sweep sm= 5.8647, em= 5.8947, stm= 0.001
calculated step values: start=5.8647, end=5.8947, width=0.001, nsteps=31.0
setting magnet DAC
current  : 5.864700
requested: 5.864700
Delta Dac: 0.000000
Checking detector protection. dv=0.00000
Checking detector "CDD". Protection Threshold: 0.1 (V)
SetMagnetDAC 5.8647 ===>> OK
GetData ===>> H2,-0.162150204532966,H1,0.275223468178543,AX,-0.216889499194891,L1,-0.0112667939281791,L2,-0.090...
setting magnet DAC
current  : 5.864700
requested: 5.865734
Delta Dac: 0.001034
Checking detector protection. dv=0.00103
Checking detector "CDD". Protection Threshold: 0.1 (V)
SetMagnetDAC 5.86573448276 ===>> OK
Magnet settling time: 1.049
GetData ===>> H2,-0.302876845547022,H1,0.505850485090709,AX,-0.0979189099171425,L1,-0.014586971105275,L2,-0.159...
setting magnet DAC
current  : 5.865734
requested: 5.866769
Delta Dac: 0.001034
Checking detector protection. dv=0.00103
Checking detector "CDD". Protection Threshold: 0.1 (V)
SetMagnetDAC 5.86676896552 ===>> OK
Magnet settling time: 1.049
GetData ===>> H2,-0.169031831819526,H1,1.6876735552503,AX,0.268177956942159,L1,0.0306288936285389,L2,-0.1263912...
setting magnet DAC
current  : 5.866769
requested: 5.867803
Delta Dac: 0.001034
Checking detector protection. dv=0.00103
Checking detector "CDD". Protection Threshold: 0.1 (V)
SetMagnetDAC 5.86780344828 ===>> OK
Magnet settling time: 1.049
GetData ===>> H2,-0.0450714104862565,H1,6.37254181176414,AX,0.56416630991165,L1,0.0294899763797275,L2,0.0168994...
setting magnet DAC
current  : 5.867803
requested: 5.868838
Delta Dac: 0.001034
Checking detector protection. dv=0.00103
Checking detector "CDD". Protection Threshold: 0.1 (V)
SetMagnetDAC 5.86883793103 ===>> OK
Magnet settling time: 1.049
GetData ===>> H2,-0.0888125093783122,H1,21.3332407100693,AX,2.76569108130132,L1,-0.016794222724949,L2,0.1169454...
setting magnet DAC
current  : 5.868838
requested: 5.869872
Delta Dac: 0.001034
Checking detector protection. dv=0.00103
Checking detector "CDD". Protection Threshold: 0.1 (V)
SetMagnetDAC 5.86987241379 ===>> OK
Magnet settling time: 1.049
GetData ===>> H2,-0.213129507878233,H1,55.6709281791802,AX,7.63296024031193,L1,0.0494111542288025,L2,0.54939568...
setting magnet DAC
current  : 5.869872
requested: 5.870907
Delta Dac: 0.001034
Checking detector protection. dv=0.00103
Checking detector "CDD". Protection Threshold: 0.1 (V)
SetMagnetDAC 5.87090689655 ===>> OK
Magnet settling time: 1.049
GetData ===>> H2,-0.27394732096895,H1,106.859080861077,AX,16.1783560677243,L1,0.0937615956024484,L2,1.608319976...
setting magnet DAC
current  : 5.870907
requested: 5.871941
Delta Dac: 0.001034
Checking detector protection. dv=0.00103
Checking detector "CDD". Protection Threshold: 0.1 (V)
SetMagnetDAC 5.87194137931 ===>> OK
Magnet settling time: 1.049
GetData ===>> H2,-0.0516188452413027,H1,157.154660198433,AX,26.0030221772338,L1,0.212616190623342,L2,3.62335109...
setting magnet DAC
current  : 5.871941
requested: 5.872976
Delta Dac: 0.001034
Checking detector protection. dv=0.00103
Checking detector "CDD". Protection Threshold: 0.1 (V)
SetMagnetDAC 5.87297586207 ===>> OK
Magnet settling time: 1.049
GetData ===>> H2,-0.0435737051384786,H1,189.677198686594,AX,33.8518735488877,L1,0.306765135393316,L2,7.02794792...
setting magnet DAC
current  : 5.872976
requested: 5.874010
Delta Dac: 0.001034
Checking detector protection. dv=0.00103
Checking detector "CDD". Protection Threshold: 0.1 (V)
SetMagnetDAC 5.87401034483 ===>> OK
Magnet settling time: 1.049
GetData ===>> H2,-0.186841464972148,H1,203.971208925892,AX,38.0295227713129,L1,0.366029979492569,L2,10.06018025...
setting magnet DAC
current  : 5.874010
requested: 5.875045
Delta Dac: 0.001034
Checking detector protection. dv=0.00103
Checking detector "CDD". Protection Threshold: 0.1 (V)
SetMagnetDAC 5.87504482759 ===>> OK
Magnet settling time: 1.049
GetData ===>> H2,-0.0710194041758364,H1,208.642067827452,AX,39.7943619507112,L1,0.470384593711955,L2,11.5348893...
setting magnet DAC
current  : 5.875045
requested: 5.876079
Delta Dac: 0.001034
Checking detector protection. dv=0.00103
Checking detector "CDD". Protection Threshold: 0.1 (V)
SetMagnetDAC 5.87607931034 ===>> OK
Magnet settling time: 1.049
GetData ===>> H2,-0.177932059225506,H1,209.90776524856,AX,40.1461864219941,L1,0.499625405664901,L2,12.235102475...
setting magnet DAC
current  : 5.876079
requested: 5.877114
Delta Dac: 0.001034
Checking detector protection. dv=0.00103
Checking detector "CDD". Protection Threshold: 0.1 (V)
SetMagnetDAC 5.8771137931 ===>> OK
Magnet settling time: 1.049
GetData ===>> H2,-0.0803340412285186,H1,210.102462219928,AX,40.4826125914008,L1,0.532730442317482,L2,12.5590434...
setting magnet DAC
current  : 5.877114
requested: 5.878148
Delta Dac: 0.001034
Checking detector protection. dv=0.00103
Checking detector "CDD". Protection Threshold: 0.1 (V)
SetMagnetDAC 5.87814827586 ===>> OK
Magnet settling time: 1.049
GetData ===>> H2,-0.0654309619766771,H1,210.263141865251,AX,40.3347224966354,L1,0.534367410752614,L2,12.6875118...
setting magnet DAC
current  : 5.878148
requested: 5.879183
Delta Dac: 0.001034
Checking detector protection. dv=0.00103
Checking detector "CDD". Protection Threshold: 0.1 (V)
SetMagnetDAC 5.87918275862 ===>> OK
Magnet settling time: 1.049
GetData ===>> H2,-0.175226849395659,H1,210.274972567709,AX,40.2601898137632,L1,0.57453852648802,L2,12.675714271...
setting magnet DAC
current  : 5.879183
requested: 5.880217
Delta Dac: 0.001034
Checking detector protection. dv=0.00103
Checking detector "CDD". Protection Threshold: 0.1 (V)
SetMagnetDAC 5.88021724138 ===>> OK
Magnet settling time: 1.049
GetData ===>> H2,-0.209481864433131,H1,210.233194642865,AX,40.2735697356584,L1,0.533461507464022,L2,12.56684054...
setting magnet DAC
current  : 5.880217
requested: 5.881252
Delta Dac: 0.001034
Checking detector protection. dv=0.00103
Checking detector "CDD". Protection Threshold: 0.1 (V)
SetMagnetDAC 5.88125172414 ===>> OK
Magnet settling time: 1.049
GetData ===>> H2,-0.137527874348741,H1,210.034903326963,AX,40.3365430070933,L1,0.48069232317569,L2,12.508583487...
setting magnet DAC
current  : 5.881252
requested: 5.882286
Delta Dac: 0.001034
Checking detector protection. dv=0.00103
Checking detector "CDD". Protection Threshold: 0.1 (V)
SetMagnetDAC 5.8822862069 ===>> OK
Magnet settling time: 1.049
GetData ===>> H2,-0.137641328027726,H1,210.088381541503,AX,40.1596092934391,L1,0.566322841619495,L2,12.45979849...
setting magnet DAC
current  : 5.882286
requested: 5.883321
Delta Dac: 0.001034
Checking detector protection. dv=0.00103
Checking detector "CDD". Protection Threshold: 0.1 (V)
SetMagnetDAC 5.88332068966 ===>> OK
Magnet settling time: 1.049
GetData ===>> H2,-0.176928806542117,H1,209.702579026,AX,39.9843919898661,L1,0.555350926470683,L2,12.35534127805...
setting magnet DAC
current  : 5.883321
requested: 5.884355
Delta Dac: 0.001034
Checking detector protection. dv=0.00103
Checking detector "CDD". Protection Threshold: 0.1 (V)
SetMagnetDAC 5.88435517241 ===>> OK
Magnet settling time: 1.049
GetData ===>> H2,-0.217303726469073,H1,208.006387205531,AX,39.6074730490252,L1,0.55299539941974,L2,11.962088422...
setting magnet DAC
current  : 5.884355
requested: 5.885390
Delta Dac: 0.001034
Checking detector protection. dv=0.00103
Checking detector "CDD". Protection Threshold: 0.1 (V)
SetMagnetDAC 5.88538965517 ===>> OK
Magnet settling time: 1.049
GetData ===>> H2,-0.230188295098159,H1,202.165134679691,AX,37.3499015213631,L1,0.510540782955498,L2,10.64259274...
setting magnet DAC
current  : 5.885390
requested: 5.886424
Delta Dac: 0.001034
Checking detector protection. dv=0.00103
Checking detector "CDD". Protection Threshold: 0.1 (V)
SetMagnetDAC 5.88642413793 ===>> OK
Magnet settling time: 1.049
GetData ===>> H2,-0.172348314472917,H1,185.171327286892,AX,32.3216140925123,L1,0.460099248567594,L2,8.341031677...
setting magnet DAC
current  : 5.886424
requested: 5.887459
Delta Dac: 0.001034
Checking detector protection. dv=0.00103
Checking detector "CDD". Protection Threshold: 0.1 (V)
SetMagnetDAC 5.88745862069 ===>> OK
Magnet settling time: 1.049
GetData ===>> H2,-0.0662398464601203,H1,148.295991009261,AX,23.2519656248931,L1,0.386293980928416,L2,5.08734599...
setting magnet DAC
current  : 5.887459
requested: 5.888493
Delta Dac: 0.001034
Checking detector protection. dv=0.00103
Checking detector "CDD". Protection Threshold: 0.1 (V)
SetMagnetDAC 5.88849310345 ===>> OK
Magnet settling time: 1.049
GetData ===>> H2,-0.140269354004427,H1,96.2800967371113,AX,12.839566210078,L1,0.291993015582268,L2,2.4781354293...
setting magnet DAC
current  : 5.888493
requested: 5.889528
Delta Dac: 0.001034
Checking detector protection. dv=0.00103
Checking detector "CDD". Protection Threshold: 0.1 (V)
SetMagnetDAC 5.88952758621 ===>> OK
Magnet settling time: 1.049
GetData ===>> H2,-0.219158739227988,H1,48.0936367842637,AX,5.24943634851852,L1,0.189894820056696,L2,0.970050689...
setting magnet DAC
current  : 5.889528
requested: 5.890562
Delta Dac: 0.001034
Checking detector protection. dv=0.00103
Checking detector "CDD". Protection Threshold: 0.1 (V)
SetMagnetDAC 5.89056206897 ===>> OK
Magnet settling time: 1.049
GetData ===>> H2,-0.277849450672767,H1,18.6188238988563,AX,1.70519474192437,L1,0.122459202080202,L2,0.261869807...
setting magnet DAC
current  : 5.890562
requested: 5.891597
Delta Dac: 0.001034
Checking detector protection. dv=0.00103
Checking detector "CDD". Protection Threshold: 0.1 (V)
SetMagnetDAC 5.89159655172 ===>> OK
Magnet settling time: 1.049
GetData ===>> H2,-0.0937233361456245,H1,2.74377948045157,AX,0.0878914997735323,L1,0.0772461943658006,L2,-0.0206...
setting magnet DAC
current  : 5.891597
requested: 5.892631
Delta Dac: 0.001034
Checking detector protection. dv=0.00103
Checking detector "CDD". Protection Threshold: 0.1 (V)
SetMagnetDAC 5.89263103448 ===>> OK
Magnet settling time: 1.049
GetData ===>> H2,-0.131345635115721,H1,0.599961135491412,AX,0.0253282031301097,L1,0.0576485314790903,L2,0.00710...
setting magnet DAC
current  : 5.892631
requested: 5.893666
Delta Dac: 0.001034
Checking detector protection. dv=0.00103
Checking detector "CDD". Protection Threshold: 0.1 (V)
SetMagnetDAC 5.89366551724 ===>> OK
Magnet settling time: 1.049
GetData ===>> H2,-0.0943810200753989,H1,0.103763894794384,AX,0.000893669002292485,L1,-0.0272391445736984,L2,0.0...
setting magnet DAC
current  : 5.893666
requested: 5.894700
Delta Dac: 0.001034
Checking detector protection. dv=0.00103
Checking detector "CDD". Protection Threshold: 0.1 (V)
SetMagnetDAC 5.8947 ===>> OK
Magnet settling time: 1.049
GetData ===>> H2,-0.0680249559024643,H1,-0.00490511348318883,AX,-0.115440071741084,L1,-0.0126573263445482,L2,-0...
result of _do_sweep=True
result of _calculate_peak_center=([5.871926867528158, 5.8795890885218691, 5.8872513095155803], [156.32445038213939, 210.27464064419314, 155.68583795869077], 5.8791537350563177, 210.27464064419314)
Failed to find a valid peak. No peak greater than 1.0. max = 0.0450797982744
new center pos Detector(H1) (Ar40) @ 5.87958908852
GetHighVoltage ===>> 4500
GetDeflection H1 ===>> 0
dac uncorrected for HV and deflection 5.87958908852
update mftable H1 Ar40 5.87958908852 message=automated run peakcenter
get initial guess parabolic
get initial guess parabolic
get initial guess parabolic
get initial guess parabolic
get initial guess parabolic
get initial guess parabolic
dump mftable to /Users/jan/PychronDev/setupfiles/spectrometer/mftables/mftable.csv
add to repo msg=modified - automated run peakcenter
locally archiving mftable
setting magnet DAC
current  : 5.894700
requested: 5.879589
Delta Dac: 0.015111
Checking detector protection. dv=0.01511
Checking detector "CDD". Protection Threshold: 0.1 (V)
SetMagnetDAC 5.87958908852 ===>> OK
Magnet settling time: 0.500
sweep finished
setting integration time = 1.048576
SetIntegrationTime 1.048576 ===>> OK
Failed to find a valid peak. No peak greater than 1.0. max = 0.0452176263116
flush and close file /Users/jan/PychronDev/data/isotopes/6d/3d91e2-c1b9-4af6-bed2-aec6348a97e6.h5
finished measure script
executed snippet estimated_duration=226.132928, duration=272.70290494
jan_unknown120_60.py completed successfully
Measurement Finished
13:51:58 -- ******* Measurement Finished *******
Post Measurement Started jan_pump_ms.py
13:51:58 -- ******* Post Measurement Started jan_pump_ms.py *******
testing...
no interpolation path defined
executed snippet estimated_duration=0, duration=2.90870666504e-05
Pumping spectrometer
open () {'name': 'O'}
opening name=O desc=---
checking ownership. requestor=129.138.12.150
check software interlocks O
interlocks []
actuate state mode=None-script, software_lock=False
doing actuation None-script open_channel True
Open O ===>> OK
GetIndicatorState O ===>> OK
change switch state (True, True)
update switch state O True args=() kw={} ncanvase=2
13:51:58 -- OPEN   VALVE-O (Jan Ion Pump)
---------------------------------------- open O () result=[(True, True)], time=0.08 sec
action=open, ok=True, locked=[False]
executed snippet estimated_duration=0, duration=0.338027000427
jan_pump_ms.py completed successfully
setting _ms_pumptime
Post Measurement Finished
13:51:59 -- ******* Post Measurement Finished *******
$$$$$$$$$$$$$$$$$$$$ state at run end measurement
state changed from measurement to success
post measurement save measured=True aborted=False
Set filtering
setting fod for Ar40= {'filter_outliers': True, 'std_devs': 2, 'iterations': 1}
setting fod for H1= {'filter_outliers': True, 'std_devs': 2, 'iterations': 1}
setting fod for PM41= {'filter_outliers': False, 'std_devs': 2, 'iterations': 1}
setting fod for H2= {'filter_outliers': True, 'std_devs': 2, 'iterations': 1}
setting fod for Ar36= {'filter_outliers': True, 'std_devs': 2, 'iterations': 1}
setting fod for CDD= {'filter_outliers': True, 'std_devs': 10, 'iterations': 1}
setting fod for Ar37= {'filter_outliers': True, 'std_devs': 2, 'iterations': 1}
setting fod for L2= {'filter_outliers': True, 'std_devs': 2, 'iterations': 1}
setting fod for Ar38= {'filter_outliers': True, 'std_devs': 2, 'iterations': 1}
setting fod for L1= {'filter_outliers': True, 'std_devs': 2, 'iterations': 1}
setting fod for Ar39= {'filter_outliers': True, 'std_devs': 2, 'iterations': 1}
setting fod for AX= {'filter_outliers': True, 'std_devs': 2, 'iterations': 1}
persistence save...
persistence save - db
post measurement save
7681121552 connecting to database sqlite:////Users/jan/PychronDev/.appdata/local_lab.db
connected to db sqlite:////Users/jan/PychronDev/.appdata/local_lab.db
create new session 7681121552
close session 7681121552
No database instance. Not saving post measurement to isotopedb database
$$$$$$$$$$$$$$$ auto_save_detector_ic=False
massspec enabled True
create new session 4985911824
MassSpec Database Version: 16.0
close session 4985911824
saving post measurement to secondary database
saving to massspec database 129.138.12.160/massspecdata
setting labnumber to 65553
setting aliquot to 9
setting step to 
setting uuid to 6d3d91e2-c1b9-4af6-bed2-aec6348a97e6
setting irradpos to 65553
setting extract_device to Fusions CO2
setting tray to 
setting position to 184
setting power_requested to 5.0
setting extract_value to 5.0
setting duration to 30.0
setting duration_at_request to 30.0
setting first_stage_delay to 30.0
setting cleanup to 30.0
setting comment to N:11 with inclusions
setting irradiation to NM-289
setting level to N
setting irradiation_level to N
setting sample to Bw-2014-4 W
setting material to Sanidine
setting project to Bustos Wells
setting mass_spectrometer to Jan
no attribute chron_dosages
no attribute production_ratios
no attribute interference_corrections
no attribute production_name
no attribute j
Reference Isotope=Ar40
Reference Detector=H1
%%%%%%%%%%%%%%%%%%%% Comment: N:11 with inclusions %%%%%%%%%%%%%%%%%%%
adding isotope PM41 H2
add baseline dbdet= PM41. original det= H2
get baseline data PM41 H2
Get data baseline <pychron.processing.isotope.Baseline object at 0x1c7918750> len t=60
baseline PM41. v=-0.198470278535, e=0.00794450912551
get signal data PM41 H2
Get data signal PM41 0.08+/-0.06 len t=120
adding isotope Ar40 H1
add baseline dbdet= Ar40. original det= H1
get baseline data Ar40 H1
Get data baseline <pychron.processing.isotope.Baseline object at 0x1c7918a10> len t=60
baseline Ar40. v=-0.0139351965357, e=0.00451428484051
get signal data Ar40 H1
Get data signal Ar40 226.718+/-0.026 len t=120
adding isotope Ar39 AX
add baseline dbdet= Ar39. original det= AX
get baseline data Ar39 AX
Get data baseline <pychron.processing.isotope.Baseline object at 0x1c79187d0> len t=60
baseline Ar39. v=-0.0794922239633, e=0.00715010232559
get signal data Ar39 AX
Get data signal Ar39 44.070+/-0.018 len t=120
adding isotope Ar38 L1
add baseline dbdet= Ar38. original det= L1
get baseline data Ar38 L1
Get data baseline <pychron.processing.isotope.Baseline object at 0x1c7918a90> len t=60
baseline Ar38. v=-0.0105164061031, e=0.00283968930773
get signal data Ar38 L1
Get data signal Ar38 0.630+/-0.004 len t=120
adding isotope Ar37 L2
add baseline dbdet= Ar37. original det= L2
get baseline data Ar37 L2
Get data baseline <pychron.processing.isotope.Baseline object at 0x1c7918d90> len t=60
baseline Ar37. v=-0.0285871962375, e=0.00582795936537
get signal data Ar37 L2
Get data signal Ar37 13.883+/-0.012 len t=120
adding isotope Ar36 CDD
add baseline dbdet= Ar36. original det= CDD
get baseline data Ar36 CDD
Get data baseline <pychron.processing.isotope.Baseline object at 0x1c7918150> len t=60
baseline Ar36. v=6.94705257953e-05, e=1.56117997315e-05
get signal data Ar36 CDD
Get data signal Ar36 0.0346+/-0.0004 len t=120
65553-09 added analysis time 0.499271869659s
analysis added to mass spec database
mass spec save time= 0.517
persistence save - dvc
================= post measurement started
create new session 4991427888
close session 4991427888
---------------- Experiment Queue saving disabled
DVC saving peakcenter
Failed to find a valid peak. No peak greater than 1.0. max = 0.0452176263116
Smart pull ahead: 0 behind: 0
Up-to-date with origin
add to repo msg=modified - ad8224ebc6dbfeb9f5997218dfa5fe690569839d.json
add to repo msg=modified - 53-09.json
add to repo msg=modified - 53-09.dat.json
add to repo msg=modified - 53-09.blan.json
add to repo msg=modified - 53-09.inte.json
add to repo msg=modified - 53-09.icfa.json
add to repo msg=modified - 53-09.base.json
not at valid file /Users/jan/PychronDev/data/.dvc/repositories/Load1786/655/tags/53-09.tags.json
add to repo msg=modified - 53-09.peak.json
add to repo msg=modified - 53-09.extr.json
not at valid file /Users/jan/PychronDev/data/.dvc/repositories/Load1786/655/monitor/53-09.moni.json
commit message=<COLLECTION>
add to repo msg=modified - 53-09.inte.json
add to repo msg=modified - 53-09.base.json
commit message=<ISOEVO> default collection fits
add to repo msg=modified - 53-09.blan.json
commit message=<BLANKS> preceding ba-01-J-2281
add to repo msg=modified - 53-09.icfa.json
commit message=<ICFactor> default
push repository <pychron.git_archive.repo_manager.GitRepoManager object at 0x1cbf37f50>
pushing to remote=origin, url=https://github.com
no changes to meta repo
create new session 4991427888
add association Load1786
get identifier "65553"
setting analysis irradiation position=<pychron.dvc.dvc_orm.IrradiationPositionTbl object at 0x1c946b710>
close session 4991427888
================= post measurement finished
13:52:13 -- ******* Post Run Check *******
loading queue conditionals post_run_actions
loading system conditionals post_run_actions
loading conditionals from /Users/jan/PychronDev/setupfiles/spectrometer/default_conditionals.yaml
loading queue conditionals post_run_terminations
loading system conditionals post_run_terminations
loading conditionals from /Users/jan/PychronDev/setupfiles/spectrometer/default_conditionals.yaml
Checking default post run terminations n=1
GetDeflection CDD ===>> 50
testing CDD==2000
evaluate ot="CDD.deflection==2000" t="CDD==2000", ctx="{'CDD': 50.0}"
13:52:13 -- ******* Post Run Check Passed *******
13:52:13 -- Automated run 65553-09 success duration: 375.525 s
----------------- finish -----------------
----------------- stop -----------------
retroactive repository identifiers disabled
finish run. runs completed=183
update duration runid=65553-09, duration=375.525382042, md5=301e91d8
loading script "jan_unknown120_60.py"
loading script "jan_pump_ms.py"
loading script "jan_co2.py"
loading script "jan_pump_extraction_line.py"
testing...
no interpolation path defined
executed snippet estimated_duration=213.652928, duration=0.000235080718994
script duration name:unknown120_60 seconds:214.0
loading script "jan_unknown120_60.py"
loading script "jan_pump_ms.py"
loading script "jan_co2.py"
loading script "jan_pump_extraction_line.py"
testing...
no interpolation path defined
executed snippet estimated_duration=0, duration=2.59876251221e-05
loading script "jan_unknown120_60.py"
loading script "jan_pump_ms.py"
loading script "jan_co2.py"
loading script "jan_pump_extraction_line.py"
testing...
no interpolation path defined
calculate duration
testing...
no interpolation path defined
executed snippet estimated_duration=0, duration=5.41210174561e-05
calculate duration
testing...
no interpolation path defined
executed snippet estimated_duration=0, duration=9.79900360107e-05
executed snippet estimated_duration=0.0, duration=0.00237202644348
script duration name:co2 seconds:0.0
loading script "jan_unknown120_60.py"
loading script "jan_pump_ms.py"
loading script "jan_co2.py"
loading script "jan_pump_extraction_line.py"
testing...
no interpolation path defined
calculate duration
testing...
no interpolation path defined
executed snippet estimated_duration=4.0, duration=0.000154972076416
executed snippet estimated_duration=4.0, duration=0.00124287605286
Script duration 214.0
Run total estimated duration= 215.000
unknown120_60 in script context. using previous estimated duration
script duration name:unknown120_60 seconds:214.0
pump_ms in script context. using previous estimated duration
co2 in script context. using previous estimated duration
script duration name:co2 seconds:0.0
pump_extraction_line in script context. using previous estimated duration
Script duration 214.0
Run total estimated duration= 215.000
script duration name:unknown120_60 seconds:214.0
script duration name:co2 seconds:0.0
Script duration 214.0
Run total estimated duration= 215.000
script duration name:unknown120_60 seconds:214.0
script duration name:co2 seconds:0.0
Script duration 214.0
Run total estimated duration= 215.000
loading script "jan_unknown400_120.py"
loading script "jan_pump_ms.py"
loading script "jan_co2.py"
loading script "jan_pump_extraction_line.py"
testing...
no interpolation path defined
executed snippet estimated_duration=556.052928, duration=0.000189065933228
script duration name:unknown400_120 seconds:556.0
script duration name:co2 seconds:0.0
Script duration 556.0
Run total estimated duration= 557.000
unknown400_120 in script context. using previous estimated duration
script duration name:unknown400_120 seconds:556.0
loading script "jan_unknown400_120.py"
loading script "jan_pump_ms.py"
loading script "jan_cocktail_x1.py"
loading script "jan_pump_extraction_line.py"
testing...
no interpolation path defined
calculate duration
testing...
no interpolation path defined
executed snippet estimated_duration=0, duration=4.60147857666e-05
calculate duration
testing...
no interpolation path defined
executed snippet estimated_duration=0, duration=0.000142097473145
calculate duration
testing...
no interpolation path defined
executed snippet estimated_duration=32.0, duration=0.000118970870972
calculate duration
testing...
no interpolation path defined
executed snippet estimated_duration=34.0, duration=0.00019907951355
calculate duration
testing...
no interpolation path defined
executed snippet estimated_duration=4.0, duration=0.000126838684082
calculate duration
testing...
no interpolation path defined
executed snippet estimated_duration=38.0, duration=0.000170946121216
executed snippet estimated_duration=108.0, duration=0.00832009315491
script duration name:cocktail_x1 seconds:108.0
Script duration 664.0
Run total estimated duration= 665.000
script duration name:unknown400_120 seconds:556.0
cocktail_x1 in script context. using previous estimated duration
script duration name:cocktail_x1 seconds:108.0
Script duration 664.0
Run total estimated duration= 665.000
script duration name:unknown120_60 seconds:214.0
script duration name:co2 seconds:0.0
Script duration 214.0
Run total estimated duration= 215.000
script duration name:unknown120_60 seconds:214.0
script duration name:co2 seconds:0.0
Script duration 214.0
Run total estimated duration= 215.000
script duration name:unknown120_60 seconds:214.0
script duration name:co2 seconds:0.0
Script duration 214.0
Run total estimated duration= 215.000
script duration name:unknown120_60 seconds:214.0
script duration name:co2 seconds:0.0
Script duration 214.0
Run total estimated duration= 215.000
script duration name:unknown120_60 seconds:214.0
script duration name:co2 seconds:0.0
Script duration 214.0
Run total estimated duration= 215.000
script duration name:unknown120_60 seconds:214.0
script duration name:co2 seconds:0.0
Script duration 214.0
Run total estimated duration= 215.000
script duration name:unknown120_60 seconds:214.0
script duration name:co2 seconds:0.0
Script duration 214.0
Run total estimated duration= 215.000
script duration name:unknown120_60 seconds:214.0
script duration name:co2 seconds:0.0
Script duration 214.0
Run total estimated duration= 215.000
script duration name:unknown120_60 seconds:214.0
script duration name:co2 seconds:0.0
Script duration 214.0
Run total estimated duration= 215.000
script duration name:unknown120_60 seconds:214.0
script duration name:co2 seconds:0.0
Script duration 214.0
Run total estimated duration= 215.000
script duration name:unknown120_60 seconds:214.0
script duration name:co2 seconds:0.0
Script duration 214.0
Run total estimated duration= 215.000
script duration name:unknown120_60 seconds:214.0
script duration name:co2 seconds:0.0
Script duration 214.0
Run total estimated duration= 215.000
script duration name:unknown400_120 seconds:556.0
script duration name:cocktail_x1 seconds:108.0
Script duration 664.0
Run total estimated duration= 665.000
script duration name:unknown400_120 seconds:556.0
loading script "jan_unknown400_120.py"
loading script "jan_pump_ms.py"
loading script "jan_sniffair_x2.py"
loading script "jan_pump_extraction_line.py"
testing...
no interpolation path defined
calculate duration
testing...
no interpolation path defined
executed snippet estimated_duration=0, duration=5.19752502441e-05
calculate duration
testing...
no interpolation path defined
executed snippet estimated_duration=0, duration=9.98973846436e-05
calculate duration
testing...
no interpolation path defined
executed snippet estimated_duration=32.0, duration=9.20295715332e-05
calculate duration
testing...
no interpolation path defined
executed snippet estimated_duration=34.0, duration=0.000122785568237
calculate duration
testing...
no interpolation path defined
executed snippet estimated_duration=4.0, duration=0.000104188919067
calculate duration
testing...
no interpolation path defined
executed snippet estimated_duration=36.0, duration=9.79900360107e-05
calculate duration
testing...
no interpolation path defined
executed snippet estimated_duration=34.0, duration=0.000112056732178
calculate duration
testing...
no interpolation path defined
executed snippet estimated_duration=4.0, duration=7.91549682617e-05
calculate duration
testing...
no interpolation path defined
executed snippet estimated_duration=36.0, duration=0.000114917755127
calculate duration
testing...
no interpolation path defined
executed snippet estimated_duration=70.0, duration=0.000164985656738
executed snippet estimated_duration=250.0, duration=0.0137619972229
script duration name:sniffair_x2 seconds:250.0
Script duration 806.0
Run total estimated duration= 807.000
script duration name:unknown400_120 seconds:556.0
script duration name:cocktail_x1 seconds:108.0
Script duration 664.0
Run total estimated duration= 665.000
script duration name:unknown400_120 seconds:556.0
sniffair_x2 in script context. using previous estimated duration
script duration name:sniffair_x2 seconds:250.0
Script duration 806.0
Run total estimated duration= 807.000
loading script "jan_ic_peak_hop3.py"
loading script "jan_pump_ms.py"
loading script "jan_air_x1.py"
loading script "jan_pump_extraction_line.py"
testing...
no interpolation path defined
executed snippet estimated_duration=133.8, duration=0.00884008407593
script duration name:ic_peak_hop3 seconds:134.0
loading script "jan_ic_peak_hop3.py"
loading script "jan_pump_ms.py"
loading script "jan_air_x1.py"
loading script "jan_pump_extraction_line.py"
testing...
no interpolation path defined
calculate duration
testing...
no interpolation path defined
executed snippet estimated_duration=0, duration=4.60147857666e-05
calculate duration
testing...
no interpolation path defined
executed snippet estimated_duration=0, duration=0.000102043151855
calculate duration
testing...
no interpolation path defined
executed snippet estimated_duration=32.0, duration=9.01222229004e-05
calculate duration
testing...
no interpolation path defined
executed snippet estimated_duration=34.0, duration=9.79900360107e-05
calculate duration
testing...
no interpolation path defined
executed snippet estimated_duration=4.0, duration=6.31809234619e-05
calculate duration
testing...
no interpolation path defined
executed snippet estimated_duration=36.0, duration=8.79764556885e-05
executed snippet estimated_duration=106.0, duration=0.00772905349731
script duration name:air_x1 seconds:106.0
Script duration 240.0
Run total estimated duration= 241.000
script duration name:unknown120_60 seconds:214.0
script duration name:co2 seconds:0.0
Script duration 214.0
Run total estimated duration= 215.000
script duration name:unknown120_60 seconds:214.0
script duration name:co2 seconds:0.0
Script duration 214.0
Run total estimated duration= 215.000
script duration name:unknown120_60 seconds:214.0
script duration name:co2 seconds:0.0
Script duration 214.0
Run total estimated duration= 215.000
script duration name:unknown120_60 seconds:214.0
script duration name:co2 seconds:0.0
Script duration 214.0
Run total estimated duration= 215.000
script duration name:unknown120_60 seconds:214.0
script duration name:co2 seconds:0.0
Script duration 214.0
Run total estimated duration= 215.000
script duration name:unknown120_60 seconds:214.0
script duration name:co2 seconds:0.0
Script duration 214.0
Run total estimated duration= 215.000
script duration name:unknown400_120 seconds:556.0
script duration name:co2 seconds:0.0
Script duration 556.0
Run total estimated duration= 557.000
script duration name:unknown120_60 seconds:214.0
script duration name:co2 seconds:0.0
Script duration 214.0
Run total estimated duration= 215.000
script duration name:unknown120_60 seconds:214.0
script duration name:co2 seconds:0.0
Script duration 214.0
Run total estimated duration= 215.000
script duration name:unknown120_60 seconds:214.0
script duration name:co2 seconds:0.0
Script duration 214.0
Run total estimated duration= 215.000
script duration name:unknown120_60 seconds:214.0
script duration name:co2 seconds:0.0
Script duration 214.0
Run total estimated duration= 215.000
script duration name:unknown120_60 seconds:214.0
script duration name:co2 seconds:0.0
Script duration 214.0
Run total estimated duration= 215.000
script duration name:unknown120_60 seconds:214.0
script duration name:co2 seconds:0.0
Script duration 214.0
Run total estimated duration= 215.000
script duration name:unknown400_120 seconds:556.0
script duration name:cocktail_x1 seconds:108.0
Script duration 664.0
Run total estimated duration= 665.000
script duration name:unknown400_120 seconds:556.0
script duration name:cocktail_x1 seconds:108.0
Script duration 664.0
Run total estimated duration= 665.000
script duration name:unknown120_60 seconds:214.0
script duration name:co2 seconds:0.0
Script duration 214.0
Run total estimated duration= 215.000
script duration name:unknown120_60 seconds:214.0
script duration name:co2 seconds:0.0
Script duration 214.0
Run total estimated duration= 215.000
script duration name:unknown120_60 seconds:214.0
script duration name:co2 seconds:0.0
Script duration 214.0
Run total estimated duration= 215.000
script duration name:unknown120_60 seconds:214.0
script duration name:co2 seconds:0.0
Script duration 214.0
Run total estimated duration= 215.000
script duration name:unknown120_60 seconds:214.0
script duration name:co2 seconds:0.0
Script duration 214.0
Run total estimated duration= 215.000
script duration name:unknown120_60 seconds:214.0
script duration name:co2 seconds:0.0
Script duration 214.0
Run total estimated duration= 215.000
script duration name:unknown120_60 seconds:214.0
script duration name:co2 seconds:0.0
Script duration 214.0
Run total estimated duration= 215.000
script duration name:unknown120_60 seconds:214.0
script duration name:co2 seconds:0.0
Script duration 214.0
Run total estimated duration= 215.000
ic_peak_hop3 in script context. using previous estimated duration
script duration name:ic_peak_hop3 seconds:134.0
air_x1 in script context. using previous estimated duration
script duration name:air_x1 seconds:106.0
Script duration 240.0
Run total estimated duration= 241.000
script duration name:unknown120_60 seconds:214.0
script duration name:co2 seconds:0.0
Script duration 214.0
Run total estimated duration= 215.000
script duration name:unknown120_60 seconds:214.0
script duration name:co2 seconds:0.0
Script duration 214.0
Run total estimated duration= 215.000
script duration name:unknown120_60 seconds:214.0
script duration name:co2 seconds:0.0
Script duration 214.0
Run total estimated duration= 215.000
script duration name:unknown400_120 seconds:556.0
script duration name:sniffair_x2 seconds:250.0
Script duration 806.0
Run total estimated duration= 807.000
script duration name:unknown120_60 seconds:214.0
script duration name:co2 seconds:0.0
Script duration 214.0
Run total estimated duration= 215.000
script duration name:unknown400_120 seconds:556.0
script duration name:co2 seconds:0.0
Script duration 556.0
Run total estimated duration= 557.000
script duration name:unknown400_120 seconds:556.0
script duration name:cocktail_x1 seconds:108.0
Script duration 664.0
Run total estimated duration= 665.000
script duration name:unknown400_120 seconds:556.0
script duration name:cocktail_x1 seconds:108.0
Script duration 664.0
Run total estimated duration= 665.000
script duration name:unknown120_60 seconds:214.0
script duration name:co2 seconds:0.0
Script duration 214.0
Run total estimated duration= 215.000
script duration name:unknown400_120 seconds:556.0
script duration name:sniffair_x2 seconds:250.0
Script duration 806.0
Run total estimated duration= 807.000
script duration name:unknown120_60 seconds:214.0
script duration name:co2 seconds:0.0
Script duration 214.0
Run total estimated duration= 215.000
script duration name:unknown120_60 seconds:214.0
script duration name:co2 seconds:0.0
Script duration 214.0
Run total estimated duration= 215.000
script duration name:unknown120_60 seconds:214.0
script duration name:co2 seconds:0.0
Script duration 214.0
Run total estimated duration= 215.000
script duration name:unknown120_60 seconds:214.0
script duration name:co2 seconds:0.0
Script duration 214.0
Run total estimated duration= 215.000
script duration name:unknown120_60 seconds:214.0
script duration name:co2 seconds:0.0
Script duration 214.0
Run total estimated duration= 215.000
script duration name:unknown120_60 seconds:214.0
script duration name:co2 seconds:0.0
Script duration 214.0
Run total estimated duration= 215.000
script duration name:unknown120_60 seconds:214.0
script duration name:co2 seconds:0.0
Script duration 214.0
Run total estimated duration= 215.000
script duration name:unknown120_60 seconds:214.0
script duration name:co2 seconds:0.0
Script duration 214.0
Run total estimated duration= 215.000
script duration name:unknown120_60 seconds:214.0
script duration name:co2 seconds:0.0
Script duration 214.0
Run total estimated duration= 215.000
script duration name:unknown120_60 seconds:214.0
script duration name:co2 seconds:0.0
Script duration 214.0
Run total estimated duration= 215.000
script duration name:unknown120_60 seconds:214.0
script duration name:co2 seconds:0.0
Script duration 214.0
Run total estimated duration= 215.000
script duration name:unknown400_120 seconds:556.0
script duration name:cocktail_x1 seconds:108.0
Script duration 664.0
Run total estimated duration= 665.000
script duration name:unknown400_120 seconds:556.0
script duration name:cocktail_x1 seconds:108.0
Script duration 664.0
Run total estimated duration= 665.000
script duration name:unknown120_60 seconds:214.0
script duration name:co2 seconds:0.0
Script duration 214.0
Run total estimated duration= 215.000
script duration name:unknown120_60 seconds:214.0
script duration name:co2 seconds:0.0
Script duration 214.0
Run total estimated duration= 215.000
script duration name:unknown120_60 seconds:214.0
script duration name:co2 seconds:0.0
Script duration 214.0
Run total estimated duration= 215.000
script duration name:unknown120_60 seconds:214.0
script duration name:co2 seconds:0.0
Script duration 214.0
Run total estimated duration= 215.000
script duration name:ic_peak_hop3 seconds:134.0
script duration name:air_x1 seconds:106.0
Script duration 240.0
Run total estimated duration= 241.000
script duration name:unknown120_60 seconds:214.0
script duration name:co2 seconds:0.0
Script duration 214.0
Run total estimated duration= 215.000
nruns=77 before=5.0, run_dur=24527.0, btw=2280.0
write rem/ex queues
/Users/jan/PychronDev/experiments/rem/Load1786.rem.txt
/Users/jan/PychronDev/experiments/rem/Load1786.ex.txt
doing event level: 3
