do run
loading script "jan_unknown120_60.py"
loading script "jan_pump_ms.py"
loading script "jan_co2.py"
loading script "jan_pump_extraction_line.py"
testing...
no interpolation path defined
executed snippet estimated_duration=213.652928, duration=0.000431776046753
script duration name:unknown120_60 seconds:214.0
loading script "jan_unknown120_60.py"
loading script "jan_pump_ms.py"
loading script "jan_co2.py"
loading script "jan_pump_extraction_line.py"
testing...
no interpolation path defined
executed snippet estimated_duration=0, duration=2.98023223877e-05
loading script "jan_unknown120_60.py"
loading script "jan_pump_ms.py"
loading script "jan_co2.py"
loading script "jan_pump_extraction_line.py"
testing...
no interpolation path defined
calculate duration
testing...
no interpolation path defined
executed snippet estimated_duration=0, duration=0.000123023986816
calculate duration
testing...
no interpolation path defined
executed snippet estimated_duration=0, duration=0.000164031982422
executed snippet estimated_duration=0.0, duration=0.00337100028992
script duration name:co2 seconds:0.0
loading script "jan_unknown120_60.py"
loading script "jan_pump_ms.py"
loading script "jan_co2.py"
loading script "jan_pump_extraction_line.py"
testing...
no interpolation path defined
calculate duration
testing...
no interpolation path defined
executed snippet estimated_duration=4.0, duration=0.000349998474121
executed snippet estimated_duration=4.0, duration=0.00190401077271
Script duration 214.0
Run total estimated duration= 215.000
run duration: 0:03:35
doing event level: 2
13:31:31 -- Setting default integration. t=1.048576
setting integration time = 1.048576
SetIntegrationTime 1.048576 ===>> OK
----------------- start -----------------
**************** Experiment Type: Ar/Ar, Ar/Ar
$$$$$ Clearing conditionals
adding conditionals 
Add queue conditionals
add default conditionals
adding default conditionals from /Users/jan/PychronDev/setupfiles/spectrometer/default_conditionals.yaml
Start automated run 65553-07
loading script "jan_unknown120_60.py"
loading script "jan_pump_ms.py"
loading script "jan_co2.py"
loading script "jan_pump_extraction_line.py"
%%%%%%%%%%%%%%%%%% setting automated run 65553-07
No value "sensitivity_multiplier" in metadata
$$$$$$$$$$$$$$$ auto_save_detector_ic=False
============================= Pre Extraction Check =============================
loading queue conditionals pre_run_terminations
loading system conditionals pre_run_terminations
loading conditionals from /Users/jan/PychronDev/setupfiles/spectrometer/default_conditionals.yaml
13:31:31 -- ******* Pre Extraction Check *******
Get a measurement from the spectrometer
GetData ===>> H2,-0.13407940427248,H1,0.121639168503207,AX,-0.0186634613872357,L1,0.0121307682731196,L2,0.07370...
Pre Extraction Termination data. keys=H2,H1,AX,L1,L2,CDD, signals=-0.13408,0.12164,-0.01866,0.01213,0.07370,0.00447
13:31:31 -- testing system defined conditionals
Checking default pre extraction terminations n=2
testing CDD
evaluate ot="CDD.inactive" t="CDD", ctx="{'CDD': False}"
GetDeflection CDD ===>> 50
testing CDD==2000
evaluate ot="CDD.deflection==2000" t="CDD==2000", ctx="{'CDD': 50.0}"
13:31:31 -- ******* Pre Extraction Check Passed *******
=================================================================================
13:31:31 -- stopping status monitor
stop 4984189200
Alive clients [4991693744]
13:31:31 -- starting status monitor
start 4984189200
Monitor already running
start extraction
do extraction
Analysis started at 13:31:31.473557
Extraction Started jan_co2.py
13:31:31 -- ******* Extraction Started jan_co2.py *******
state changed from not run to extraction
DO EXTRACTION <pychron.extraction_line.pyscript_runner.RemotePyScriptRunner object at 0x12c301530>
testing...
no interpolation path defined
calculate duration
testing...
no interpolation path defined
executed snippet estimated_duration=0, duration=4.81605529785e-05
calculate duration
testing...
no interpolation path defined
executed snippet estimated_duration=0, duration=0.000116109848022
executed snippet estimated_duration=100.0, duration=0.00322008132935
Jan CO2 laser analysis
doing GOSUB
testing...
no interpolation path defined
executed snippet estimated_duration=0, duration=7.41481781006e-05
Waiting for CO2 access
wait ('FelixCO2Flag', 0) {}
waiting for FelixCO2Flag = 0
Read FelixCO2Flag ===>> 0
finished waiting
CO2 free
wait ('CO2PumpTimeFlag', 0) {}
waiting for CO2PumpTimeFlag = 0
Read CO2PumpTimeFlag ===>> 0
finished waiting
acquire ('JanCO2Flag',) {'clear': True}
acquire JanCO2Flag
Set JanCO2Flag 1 ===>> OK
JanCO2Flag acquired
set extraction state False (0.75, 'red', 1.5)
CO2 acquired
executed snippet estimated_duration=0, duration=0.0216770172119
WaitForCO2Access.py completed successfully
gosub finished
doing GOSUB
testing...
no interpolation path defined
executed snippet estimated_duration=0, duration=0.000108957290649
Prepare for CO2 analysis
close () {'description': 'Jan Inlet'}
closing name=--- desc=Jan Inlet
checking ownership. requestor=129.138.12.150
check software interlocks R
interlocks []
actuate state mode=None-script, software_lock=False
doing actuation None-script close_channel False
Close R ===>> OK
GetIndicatorState R ===>> False
change switch state (True, True)
update switch state R False args=() kw={} ncanvase=2
13:31:31 -- CLOSE  VALVE-R (Jan Inlet)
---------------------------------------- close None (Jan Inlet) result=[(True, True)]
action=close, ok=True, locked=[False]
open () {'description': 'Jan Ion Pump'}
opening name=--- desc=Jan Ion Pump
checking ownership. requestor=129.138.12.150
check software interlocks O
interlocks []
actuate state mode=None-script, software_lock=False
doing actuation None-script open_channel False
Open O ===>> OK
GetIndicatorState O ===>> OK
change switch state (True, True)
update switch state O True args=() kw={} ncanvase=2
13:31:32 -- OPEN   VALVE-O (Jan Ion Pump)
---------------------------------------- open None (Jan Ion Pump) result=[(True, True)], time=0.10 sec
action=open, ok=True, locked=[False]
close () {'description': 'Microbone to Minibone'}
closing name=--- desc=Microbone to Minibone
checking ownership. requestor=129.138.12.150
check software interlocks L
interlocks []
actuate state mode=None-script, software_lock=False
doing actuation None-script close_channel False
Close L ===>> OK
GetIndicatorState L ===>> False
change switch state (True, True)
update switch state L False args=() kw={} ncanvase=2
13:31:32 -- CLOSE  VALVE-L (Microbone to Minibone)
---------------------------------------- close None (Microbone to Minibone) result=[(True, True)]
action=close, ok=True, locked=[False]
open () {'description': 'Microbone to Turbo'}
opening name=--- desc=Microbone to Turbo
checking ownership. requestor=129.138.12.150
check software interlocks U
interlocks []
actuate state mode=None-script, software_lock=False
doing actuation None-script open_channel False
Open U ===>> OK
GetIndicatorState U ===>> OK
change switch state (True, True)
update switch state U True args=() kw={} ncanvase=2
13:31:33 -- OPEN   VALVE-U (Microbone to Turbo)
---------------------------------------- open None (Microbone to Turbo) result=[(True, True)], time=0.17 sec
action=open, ok=True, locked=[False]
open () {'description': 'Microbone to Inlet Pipette'}
opening name=--- desc=Microbone to Inlet Pipette
checking ownership. requestor=129.138.12.150
check software interlocks S
interlocks []
actuate state mode=None-script, software_lock=False
doing actuation None-script open_channel False
Open S ===>> OK
GetIndicatorState S ===>> OK
change switch state (True, True)
update switch state S True args=() kw={} ncanvase=2
13:31:34 -- OPEN   VALVE-S (Microbone to Inlet Pipette)
---------------------------------------- open None (Microbone to Inlet Pipette) result=[(True, True)], time=0.68 sec
action=open, ok=True, locked=[False]
open () {'description': 'Microbone to Getter D-50'}
opening name=--- desc=Microbone to Getter D-50
checking ownership. requestor=129.138.12.150
check software interlocks K
interlocks []
actuate state mode=None-script, software_lock=False
doing actuation None-script open_channel False
Open K ===>> OK
GetIndicatorState K ===>> OK
change switch state (True, True)
update switch state K True args=() kw={} ncanvase=2
13:31:34 -- OPEN   VALVE-K (Microbone to Getter D-50)
---------------------------------------- open None (Microbone to Getter D-50) result=[(True, True)], time=0.42 sec
action=open, ok=True, locked=[False]
open () {'description': 'Microbone to Getter NP-10'}
opening name=--- desc=Microbone to Getter NP-10
checking ownership. requestor=129.138.12.150
check software interlocks M
interlocks []
actuate state mode=None-script, software_lock=False
doing actuation None-script open_channel False
Open M ===>> OK
GetIndicatorState M ===>> OK
change switch state (True, True)
update switch state M True args=() kw={} ncanvase=2
13:31:35 -- OPEN   VALVE-M (Microbone to Getter NP-10)
---------------------------------------- open None (Microbone to Getter NP-10) result=[(True, True)], time=0.15 sec
action=open, ok=True, locked=[False]
close () {'description': 'CO2 Laser to Felix'}
closing name=--- desc=CO2 Laser to Felix
checking ownership. requestor=129.138.12.150
check software interlocks F
interlocks []
actuate state mode=None-script, software_lock=True
VALVE-F(CO2 Laser to Felix) software locked
change switch state (True, False)
---------------------------------------- close None (CO2 Laser to Felix) result=[(True, False)]
action=close, ok=True, locked=[True]
open () {'description': 'CO2 Laser to Jan'}
opening name=--- desc=CO2 Laser to Jan
checking ownership. requestor=129.138.12.150
check software interlocks A
interlocks []
actuate state mode=None-script, software_lock=False
doing actuation None-script open_channel False
Open A ===>> OK
GetIndicatorState A ===>> OK
change switch state (True, True)
update switch state A True args=() kw={} ncanvase=2
13:31:35 -- OPEN   VALVE-A (CO2 Laser to Jan)
---------------------------------------- open None (CO2 Laser to Jan) result=[(True, True)], time=0.12 sec
action=open, ok=True, locked=[False]
open () {'description': 'Microbone to CO2 Laser'}
opening name=--- desc=Microbone to CO2 Laser
checking ownership. requestor=129.138.12.150
check software interlocks T
interlocks []
actuate state mode=None-script, software_lock=False
doing actuation None-script open_channel False
Open T ===>> OK
GetIndicatorState T ===>> OK
change switch state (True, True)
update switch state T True args=() kw={} ncanvase=2
13:31:36 -- OPEN   VALVE-T (Microbone to CO2 Laser)
---------------------------------------- open None (Microbone to CO2 Laser) result=[(True, True)], time=0.46 sec
action=open, ok=True, locked=[False]
executed snippet estimated_duration=0, duration=5.25218510628
PrepareForCO2Analysis.py completed successfully
gosub finished
set_motor ('beam', '1.25') {}
setting motor "beam" to 1.25
set motor beam to 1.25
SetMotor beam,1.25 ===>> OK
GetMotorMoving beam ===>> False
GetMotorMoving beam ===>> False
Block completed
move_to_position ('182',) {'autocenter': True}
FusionsCO2 move to position 182
sending GoToHole 182,True
GoToHole 182,True ===>> OK
GetDriveMoving ===>> OK
GetDriveMoving ===>> OK
GetDriveMoving ===>> OK
GetDriveMoving ===>> OK
GetDriveMoving ===>> OK
GetDriveMoving ===>> OK
GetDriveMoving ===>> OK
GetDriveMoving ===>> False
GetDriveMoving ===>> OK
GetDriveMoving ===>> OK
GetDriveMoving ===>> OK
GetDriveMoving ===>> OK
GetDriveMoving ===>> OK
GetDriveMoving ===>> OK
GetDriveMoving ===>> OK
GetDriveMoving ===>> False
Block completed
GetAutoCorrecting ===>> False
GetAutoCorrecting ===>> False
Block completed
update position
GetPosition ===>> 11.96340,-7.97560,1.00000
got position (11.9634, -7.9756, 1.0)
move to position succeeded
sleep (5,) {}
SLEEP 5.0
block started
WaitControl setup for 5.0  
Join finished
block finished. duration 5.05768489838
close () {'description': 'Microbone to Turbo'}
closing name=--- desc=Microbone to Turbo
checking ownership. requestor=129.138.12.150
check software interlocks U
interlocks []
actuate state mode=None-script, software_lock=False
doing actuation None-script close_channel True
Close U ===>> OK
GetIndicatorState U ===>> False
change switch state (True, True)
update switch state U False args=() kw={} ncanvase=2
13:31:48 -- CLOSE  VALVE-U (Microbone to Turbo)
---------------------------------------- close None (Microbone to Turbo) result=[(True, True)]
action=close, ok=True, locked=[False]
enable laser
enable () {}
set extraction state FusionsCO2 Enabled (False, 'red', 1.5)
enabling laser
Enable ===>> OK
begin interval
BEGIN INTERVAL Interval 1 waiting for 30.0
block started
set extract to 5.0
WaitControl setup for 30.0  
extract (5.0,) {}
GetPosition ===>> 11.96340,-7.97560,1.00000
set extraction state FusionsCO2 ON! 5.0(watts) (0.75, 'red', 1.5)
extract sample to 5.0 (watts)
set laser output
SetLaserOutput 5.0,watts ===>> OK
executing pattern triangle.lp
execute_pattern ('triangle.lp',) {}
executing pattern triangle.lp
IsPatterning ===>> OK
IsPatterning ===>> OK
IsPatterning ===>> OK
IsPatterning ===>> OK
IsPatterning ===>> OK
IsPatterning ===>> OK
IsPatterning ===>> OK
IsPatterning ===>> OK
IsPatterning ===>> OK
IsPatterning ===>> OK
IsPatterning ===>> OK
IsPatterning ===>> OK
IsPatterning ===>> OK
IsPatterning ===>> OK
IsPatterning ===>> OK
IsPatterning ===>> OK
IsPatterning ===>> OK
IsPatterning ===>> OK
IsPatterning ===>> OK
IsPatterning ===>> OK
IsPatterning ===>> OK
IsPatterning ===>> OK
IsPatterning ===>> OK
IsPatterning ===>> OK
IsPatterning ===>> OK
IsPatterning ===>> OK
IsPatterning ===>> False
IsPatterning ===>> False
Block completed
COMPLETE INTERVAL waiting for Interval 1 to complete
Join finished
block finished. duration 30.0957150459
Interval 1 finished
end_extract () {}
ending extraction. set laser power to 0
set laser power 0
SetLaserPower 0 ===>> OK
disable () {}
%%%%%%%%%%%%%%%%%%%%%%%%%%%%%%%%%%% disable
set extraction state False (0.75, 'red', 1.5)
disabling laser
Disable ===>> OK
sleep (30.0,) {}
SLEEP 30.0
block started
WaitControl setup for 30.0  
Join finished
block finished. duration 30.1091270447
executed snippet estimated_duration=166.5, duration=78.3466880322
jan_co2.py completed successfully
GetAchievedOutput ===>> No Response
Requested Output= 0.000
Achieved Output=  0.000
GetResponseBlob ===>> No Response
GetOutputBlob ===>> No Response
persistence save...
persistence save - db
AutomatedRunPersister post_extraction_save deprecated
persistence save - dvc
no extraction position for 182
create new session 4991427888
close session 4991427888
Extraction Finished
13:32:49 -- ******* Extraction Finished *******
no overlap. not waiting for min ms pumptime
13:32:49 -- Sending spectrometer configuration
======== Sending configuration ========
SetDeflection CDD,50.0 ===>> OK
SetDeflection H2,0.0 ===>> OK
SetDeflection H1,0.0 ===>> OK
SetDeflection L2,825.0 ===>> OK
SetDeflection L1,400.0 ===>> OK
SetDeflection AX,190.0 ===>> OK
SetZFocus 74.64 ===>> OK
SetZSymmetry -50.72 ===>> OK
SetExtractionLens 26.13 ===>> OK
SetIonRepeller -3.81 ===>> OK
SetElectronEnergy 75.08 ===>> OK
SetYSymmetry -2.81 ===>> OK
SetIonCounterVoltage 1590.0 ===>> OK
send trap current 200.0
GetParameter Trap Current Readback ===>> 198.258926936459
SetParameter Trap Current Set,200.0 ===>> OK
updating mftable name mftable
Using mftable located at /Users/jan/PychronDev/setupfiles/spectrometer/mftables/mftable.csv
============ MFtable ===========
Isotope  H2     H1     AX     L1     L2     CDD    
Ar40     5.7968 5.8793 5.9926 6.1367 6.2309 6.3650
Ar39     5.6960 5.7716 5.8850 6.0228 6.1161 6.2515
Ar36     5.3736 5.4406 5.5484 5.6817 5.7710 5.9025
================================
get initial guess parabolic
get initial guess parabolic
get initial guess parabolic
get initial guess parabolic
get initial guess parabolic
get initial guess parabolic
======== Configuration Finished ========
GetYSymmetry ===>> -2.81
GetZSymmetry ===>> -50.72
GetParameter Trap Current Readback ===>> 198.258926936459
GetHighVoltage ===>> 4500
start measurement
do measurement
L#=65553 analysis type=unknown
Measurement Started jan_unknown120_60.py
13:32:50 -- ******* Measurement Started jan_unknown120_60.py *******
state changed from extraction to measurement
setting spec, defl, and gains
GetExtractionLens ===>> 26.13
GetYSymmetry ===>> -2.81
GetZSymmetry ===>> -50.72
GetZFocus ===>> 74.64
GetDeflection H2 ===>> 0
GetDeflection H1 ===>> 0
GetDeflection AX ===>> 190
GetDeflection L1 ===>> 400
GetDeflection L2 ===>> 825
GetDeflection CDD ===>> 50
GetGain H2 ===>> 0.0113
GetGain H1 ===>> 0.1
GetGain AX ===>> 0.097049
GetGain L1 ===>> 0.010355
GetGain L2 ===>> 0.095649
GetGain CDD ===>> 0
pre measurement save
New frame /Users/jan/PychronDev/data/isotopes/7e/b6f5bd-baf2-49bc-b36f-6e2459436afd.h5
flush and close file /Users/jan/PychronDev/data/isotopes/7e/b6f5bd-baf2-49bc-b36f-6e2459436afd.h5
testing...
no interpolation path defined
executed snippet estimated_duration=226.132928, duration=0.000150203704834
unknown measurement script
activate_detectors ('H2', 'H1', 'AX', 'L1', 'L2', 'CDD') {}
activate detectors
*************** Set Analysis View Ar/Ar
create graphs
clearing graphs
clear isotope group
setting isotope det=H2, iso=PM41
setting isotope det=H1, iso=Ar40
setting isotope det=AX, iso=Ar39
setting isotope det=L1, iso=Ar38
setting isotope det=L2, iso=Ar37
setting isotope det=CDD, iso=Ar36
setting previous blanks
 - setting Ar40 blank 0.099+/-0.007
 - setting Ar36 blank 0.00445+/-0.00017
 - setting Ar37 blank 0.068+/-0.005
 - setting Ar38 blank 0.0116+/-0.0020
 - setting PM41 blank 0.02+/-0.07
 - setting Ar39 blank 0.030+/-0.009
load analysis view
position_magnet ('Ar40',) {'detector': 'H1'}
detector Detector(H1)
POSITION Ar40 H1
setting detector H2 to PM41 (40.9624)
setting detector H1 to Ar40 (39.9624)
setting detector AX to Ar39 (38.9624)
setting detector L1 to Ar38 (37.9624)
setting detector L2 to Ar37 (36.9624)
setting detector CDD to Ar36 (35.9624)
Mapping mass to dac mass func: "parabolic"
H1 map mass coeffs = [-0.00063987  0.15840543  0.57094999]
H1 map mass to dac 39.9624 >> 5.87934
GetDeflection H1 ===>> 0
GetHighVoltage ===>> 4500
positioning Ar40 (5.87934) on H1
setting magnet DAC
current  : 5.879337
requested: 5.879340
Delta Dac: 0.000003
Checking detector protection. dv=0.00000
Checking detector "CDD". Protection Threshold: 0.1 (V)
SetMagnetDAC 5.87934 ===>> OK
Magnet settling time: 0.500
equilibrate () {'delay': 3, 'inlet': 'R', 'outlet': 'O', 'eqtime': 12.0}
Equilibration Started
13:32:51 -- ******* Equilibration Started *******
checking ownership. requestor=129.138.12.150
check software interlocks O
interlocks []
actuate state mode=None-script, software_lock=False
doing actuation None-script close_channel True
Close O ===>> OK
GetIndicatorState O ===>> False
change switch state (True, True)
update switch state O False args=() kw={} ncanvase=2
13:32:51 -- CLOSE  VALVE-O (Jan Ion Pump)
waiting 3s before opening inlet value ('R',)
State checksums do not match. Local:-1179416359 Remote:114499521
State checksum failed
update labels <pychron.experiment.plot_panel.PlotPanel object at 0x1c4d89cb0>
update labels "<pychron.graph.stacked_regression_graph.StackedRegressionGraph object at 0x1cf73bef0>"
setting label 0 H2 PM41
setting label 1 H1 Ar40
setting label 2 AX Ar39
setting label 3 L1 Ar38
setting label 4 L2 Ar37
setting label 5 CDD Ar36
update labels "<pychron.graph.stacked_graph.StackedGraph object at 0x1d123c890>"
setting label 0 H2 PM41
setting label 1 H1 Ar40
setting label 2 AX Ar39
setting label 3 L1 Ar38
setting label 4 L2 Ar37
setting label 5 CDD Ar36
checking ownership. requestor=129.138.12.150
check software interlocks R
interlocks []
actuate state mode=None-script, software_lock=False
doing actuation None-script open_channel True
Open R ===>> OK
set states for children of R. state=True
handle state [('R', True)]
update switch state R True args=() kw={'refresh': False} ncanvase=2
refresh_canvas_needed fired
GetIndicatorState R ===>> OK
change switch state (True, True)
update switch state R True args=() kw={} ncanvase=2
13:32:55 -- OPEN   VALVE-R (Jan Inlet)
set_time_zero () {}
equilibrating for 12.0sec
sniff (12.0,) {}
py_sniff
build tables- sniff [Detector(H2), Detector(H1), Detector(AX), Detector(L1), Detector(L2), Detector(CDD)]
add group /sniff/PM41 (Group) '' table H2
add group /sniff/Ar40 (Group) '' table H1
add group /sniff/Ar39 (Group) '' table AX
add group /sniff/Ar38 (Group) '' table L1
add group /sniff/Ar37 (Group) '' table L2
add group /sniff/Ar36 (Group) '' table CDD
flush and close file /Users/jan/PychronDev/data/isotopes/7e/b6f5bd-baf2-49bc-b36f-6e2459436afd.h5
measuring sniff. ncounts=12.0
"sniff" increment series count="1" fit count="0" regressing="False"
starting measurement
GetData ===>> H2,-0.0829012735255195,H1,29.243496409909,AX,6.37900265181343,L1,0.0201876684042521,L2,0.14071885...
GetData ===>> H2,0.915009165905358,H1,604.806161868268,AX,127.274405481089,L1,0.660621071469541,L2,1.0951593071...
GetData ===>> H2,0.617533567708603,H1,1016.9362659334,AX,206.728466776128,L1,1.62658670042588,L2,1.222372187948...
GetData ===>> H2,0.117437952973297,H1,1150.26075223439,AX,229.312010458725,L1,2.25974227567983,L2,1.34354250030...
GetData ===>> H2,-0.0293872955086025,H1,1197.55834672021,AX,236.673011307691,L1,2.64156267838429,L2,1.349972457...
GetData ===>> H2,-0.0276715116062538,H1,1216.55669312575,AX,239.720355339078,L1,2.82981566151593,L2,1.349317960...
GetData ===>> H2,-0.118034828781525,H1,1224.48447029559,AX,240.877427396329,L1,2.96053369742629,L2,1.3741906521...
GetData ===>> H2,-0.0344828599299128,H1,1228.4039556737,AX,241.326299565065,L1,2.99476485404721,L2,1.3523608367...
GetData ===>> H2,-0.022869921824266,H1,1229.9387461291,AX,241.656771680892,L1,3.02832914061826,L2,1.38653797409...
GetData ===>> H2,-0.0910502949855665,H1,1230.04196961046,AX,241.686178716196,L1,3.04647486993214,L2,1.142375318...
GetData ===>> H2,-0.136963577691061,H1,1230.04120241154,AX,241.613407632892,L1,3.12296666702524,L2,1.4051078372...
Equilibration Finished
GetData ===>> H2,-0.0889201932599286,H1,1230.35009237738,AX,241.712286956581,L1,3.12963145293484,L2,1.173052741...
13:33:07 -- ******* Equilibration Finished *******
checking ownership. requestor=129.138.12.150
check software interlocks R
interlocks []
actuate state mode=None-script, software_lock=False
doing actuation None-script close_channel True
Close R ===>> OK
GetIndicatorState R ===>> False
change switch state (True, True)
update switch state R False args=() kw={} ncanvase=2
13:33:08 -- CLOSE  VALVE-R (Jan Inlet)
Post Equilibration Started jan_pump_extraction_line.py
13:33:08 -- ******* Post Equilibration Started jan_pump_extraction_line.py *******
testing...
no interpolation path defined
calculate duration
testing...
no interpolation path defined
executed snippet estimated_duration=4.0, duration=0.000146865844727
executed snippet estimated_duration=4.0, duration=0.00185990333557
Pump after analysis
doing GOSUB
testing...
no interpolation path defined
executed snippet estimated_duration=4.0, duration=0.000140905380249
Pump Microbone
close () {'description': 'Jan Inlet'}
closing name=--- desc=Jan Inlet
checking ownership. requestor=129.138.12.150
check software interlocks R
interlocks []
actuate state mode=None-script, software_lock=False
doing actuation None-script close_channel False
measurement finished
estimated time: 12.583 actual time: :12.670
flush and close file /Users/jan/PychronDev/data/isotopes/7e/b6f5bd-baf2-49bc-b36f-6e2459436afd.h5
set_fits () {}
using default fits file=/Users/jan/PychronDev/scripts/measurement/fits/nominal_linear.yaml
Close R ===>> OK
set "Ar40" to "('Linear', 'SEM')"
No fit for "PM41". defaulting to linear. check the measurement script "jan_unknown120_60.py"
set "PM41" to "linear"
set "Ar36" to "('Linear', 'SEM')"
set "Ar37" to "('linear', 'SEM')"
set "Ar38" to "('linear', 'SEM')"
set "Ar39" to "('Linear', 'SEM')"
set_baseline_fits () {}
using default fits file=/Users/jan/PychronDev/scripts/measurement/fits/nominal_linear.yaml
set "H1" to "('average', 'SEM')"
set "H2" to "('average', 'SEM')"
set "CDD" to "('average', 'SEM')"
set "L2" to "('average', 'SEM')"
set "L1" to "('average', 'SEM')"
set "AX" to "('average', 'SEM')"
multicollect () {'integration_time': 1, 'ncounts': 120}
build tables- signal [Detector(H2), Detector(H1), Detector(AX), Detector(L1), Detector(L2), Detector(CDD)]
add group /signal/PM41 (Group) '' table H2
add group /signal/Ar40 (Group) '' table H1
add group /signal/Ar39 (Group) '' table AX
add group /signal/Ar38 (Group) '' table L1
add group /signal/Ar37 (Group) '' table L2
add group /signal/Ar36 (Group) '' table CDD
flush and close file /Users/jan/PychronDev/data/isotopes/7e/b6f5bd-baf2-49bc-b36f-6e2459436afd.h5
measuring signal. ncounts=120
GetIndicatorState R ===>> False
change switch state (True, True)
update switch state R False args=() kw={} ncanvase=2
13:33:08 -- CLOSE  VALVE-R (Jan Inlet)
---------------------------------------- close None (Jan Inlet) result=[(True, True)]
action=close, ok=True, locked=[False]
is_closed ('F',) {}
is F () closed?
is closed True
open () {'description': 'CO2 Laser to Jan'}
opening name=--- desc=CO2 Laser to Jan
checking ownership. requestor=129.138.12.150
check software interlocks A
interlocks []
actuate state mode=None-script, software_lock=False
doing actuation None-script open_channel False
Open A ===>> OK
GetIndicatorState A ===>> OK
change switch state (True, True)
update switch state A True args=() kw={} ncanvase=2
13:33:09 -- OPEN   VALVE-A (CO2 Laser to Jan)
---------------------------------------- open None (CO2 Laser to Jan) result=[(True, True)], time=0.11 sec
starting measurement
GetData ===>> H2,0.0419828279563319,H1,1230.51522649932,AX,242.115430645057,L1,3.09617507734613,L2,1.3795952795...
action=open, ok=True, locked=[False]
sleep (1,) {}
SLEEP 1.0
"signal" increment series count="2" fit count="1" regressing="True"
GetData ===>> H2,-0.0264514226326674,H1,1229.66759432275,AX,241.635297429018,L1,3.148412840604,L2,1.29635286269...
close () {'description': 'CO2 Laser to Roughing'}
closing name=--- desc=CO2 Laser to Roughing
checking ownership. requestor=129.138.12.150
check software interlocks G
interlocks []
actuate state mode=None-script, software_lock=True
VALVE-G(CO2 Laser to Roughing) software locked
change switch state (True, False)
---------------------------------------- close None (CO2 Laser to Roughing) result=[(True, False)]
action=close, ok=True, locked=[True]
open () {'description': 'Microbone to Turbo'}
opening name=--- desc=Microbone to Turbo
checking ownership. requestor=129.138.12.150
check software interlocks U
interlocks []
actuate state mode=None-script, software_lock=False
doing actuation None-script open_channel True
Open U ===>> OK
GetIndicatorState U ===>> OK
change switch state (True, True)
update switch state U True args=() kw={} ncanvase=2
13:33:10 -- OPEN   VALVE-U (Microbone to Turbo)
---------------------------------------- open None (Microbone to Turbo) result=[(True, True)], time=0.16 sec
action=open, ok=True, locked=[False]
open () {'description': 'Microbone to Getter NP-10'}
opening name=--- desc=Microbone to Getter NP-10
checking ownership. requestor=129.138.12.150
check software interlocks M
interlocks []
actuate state mode=None-script, software_lock=False
doing actuation None-script open_channel False
Open M ===>> OK
GetIndicatorState M ===>> OK
change switch state (True, True)
update switch state M True args=() kw={} ncanvase=2
13:33:10 -- OPEN   VALVE-M (Microbone to Getter NP-10)
---------------------------------------- open None (Microbone to Getter NP-10) result=[(True, True)], time=0.13 sec
action=open, ok=True, locked=[False]
open () {'description': 'Microbone to Getter D-50'}
opening name=--- desc=Microbone to Getter D-50
checking ownership. requestor=129.138.12.150
check software interlocks K
interlocks []
actuate state mode=None-script, software_lock=False
doing actuation None-script open_channel False
GetData ===>> H2,-0.0481028996807848,H1,1228.90716324946,AX,241.533976747792,L1,3.1806686542673,L2,1.2388634973...
Open K ===>> OK
GetIndicatorState K ===>> OK
change switch state (True, True)
update switch state K True args=() kw={} ncanvase=2
13:33:11 -- OPEN   VALVE-K (Microbone to Getter D-50)
---------------------------------------- open None (Microbone to Getter D-50) result=[(True, True)], time=0.42 sec
action=open, ok=True, locked=[False]
open () {'description': 'Microbone to CO2 Laser'}
opening name=--- desc=Microbone to CO2 Laser
checking ownership. requestor=129.138.12.150
check software interlocks T
interlocks []
actuate state mode=None-script, software_lock=False
doing actuation None-script open_channel False
Open T ===>> OK
GetIndicatorState T ===>> OK
change switch state (True, True)
update switch state T True args=() kw={} ncanvase=2
13:33:12 -- OPEN   VALVE-T (Microbone to CO2 Laser)
---------------------------------------- open None (Microbone to CO2 Laser) result=[(True, True)], time=0.41 sec
GetData ===>> H2,-0.0190359542210225,H1,1228.13915282838,AX,241.435527804981,L1,3.16921683777525,L2,1.292692069...
action=open, ok=True, locked=[False]
open () {'description': 'Microbone to Inlet Pipette'}
opening name=--- desc=Microbone to Inlet Pipette
checking ownership. requestor=129.138.12.150
check software interlocks S
interlocks []
actuate state mode=None-script, software_lock=False
doing actuation None-script open_channel False
Open S ===>> OK
GetIndicatorState S ===>> OK
change switch state (True, True)
update switch state S True args=() kw={} ncanvase=2
13:33:12 -- OPEN   VALVE-S (Microbone to Inlet Pipette)
---------------------------------------- open None (Microbone to Inlet Pipette) result=[(True, True)], time=0.43 sec
action=open, ok=True, locked=[False]
sleep (1,) {}
SLEEP 1.0
GetData ===>> H2,-0.110179488206472,H1,1227.74953255966,AX,241.15063897788,L1,3.13255918550876,L2,1.35560380239...
set_resource () {'name': 'CO2PumpTimeFlag', 'value': 30}
Set CO2PumpTimeFlag 30 ===>> OK
release ('JanCO2Flag',) {}
release JanCO2Flag
Set JanCO2Flag 0 ===>> OK
executed snippet estimated_duration=6.0, duration=5.9073638916
PumpMicrobone.py completed successfully
gosub finished
get_resource_value () {'name': 'JanMiniboneFlag'}
Read JanMiniboneFlag ===>> 0
Get Resource Value JanMiniboneFlag=0.0
get resource value 0.0
get_resource_value () {'name': 'JanMiniboneFlag'}
Read JanMiniboneFlag ===>> 0
Get Resource Value JanMiniboneFlag=0.0
executed snippet estimated_duration=4.0, duration=5.92207503319
jan_pump_extraction_line.py completed successfully
Post Equilibration Finished
13:33:14 -- ******* Post Equilibration Finished *******
GetData ===>> H2,-0.113788422425258,H1,1227.65881371337,AX,241.128979468535,L1,3.13414257507394,L2,1.3648394121...
GetData ===>> H2,-0.0743980615150063,H1,1227.20654175946,AX,240.791898841068,L1,3.15399596731338,L2,1.279105890...
GetData ===>> H2,-0.0817498162023186,H1,1226.59217850971,AX,240.6483360595,L1,3.15104312549304,L2,1.27936979327...
GetData ===>> H2,-0.114960470154484,H1,1226.50280942308,AX,240.739509618404,L1,3.09543304743427,L2,1.4383657875...
GetData ===>> H2,-0.134547304074144,H1,1225.71394997452,AX,240.691620448012,L1,3.11892449667868,L2,1.2797254890...
GetData ===>> H2,-0.124692183130815,H1,1225.26349556349,AX,240.80256505636,L1,3.12881370472321,L2,1.23911582031...
GetData ===>> H2,-0.132373976062566,H1,1224.8014497106,AX,240.751159227298,L1,3.14900931937079,L2,1.35730171142...
GetData ===>> H2,-0.134796121543129,H1,1223.9280952394,AX,240.523809050536,L1,3.17891486905761,L2,1.38531005615...
GetData ===>> H2,-0.162433759373816,H1,1223.51983520419,AX,240.987848352886,L1,3.17344119847537,L2,1.2615063778...
GetData ===>> H2,-0.122433827173672,H1,1222.59863155762,AX,240.358732052802,L1,3.13479984207245,L2,1.3186763843...
GetData ===>> H2,-0.118295948531493,H1,1222.16377625854,AX,239.908680575151,L1,3.12814846044095,L2,1.2697779777...
GetData ===>> H2,-0.117734465994712,H1,1222.02595192835,AX,240.199237188866,L1,3.16149660865421,L2,1.3000597010...
GetData ===>> H2,-0.0876137502244104,H1,1221.58094989939,AX,240.117661877567,L1,3.1562013736946,L2,1.2802532980...
GetData ===>> H2,-0.133031292789777,H1,1221.17402150763,AX,240.11877622469,L1,3.11855999413224,L2,1.35071881969...
GetData ===>> H2,-0.148551020043521,H1,1220.91294925043,AX,239.772224617078,L1,3.11995292666634,L2,1.3787690748...
GetData ===>> H2,-0.041503183088291,H1,1220.05099698993,AX,239.561691432491,L1,3.11620278394367,L2,1.3002433252...
GetData ===>> H2,-0.110500358887183,H1,1219.6886081176,AX,239.824595962948,L1,3.0577838138196,L2,1.303284651723...
GetData ===>> H2,-0.159731598484613,H1,1218.77290988324,AX,239.537286261412,L1,3.05163738966714,L2,1.2928183014...
GetData ===>> H2,-0.137611165149318,H1,1218.53289073025,AX,239.647229285439,L1,3.09955357372357,L2,1.3175285192...
13:33:34 -- collecting point 25
GetData ===>> H2,-0.103227026881494,H1,1218.08508452866,AX,239.50892484335,L1,3.11579402773477,L2,1.27739627947...
GetData ===>> H2,-0.19587094663472,H1,1217.57956653092,AX,239.386242559978,L1,3.13596332340338,L2,1.29791361934...
GetData ===>> H2,-0.0853690634072088,H1,1217.18656240967,AX,239.375040306118,L1,3.09043111981743,L2,1.404327325...
GetData ===>> H2,-0.110457035105209,H1,1216.60943845111,AX,239.238615844541,L1,3.1047159852859,L2,1.29961211856...
GetData ===>> H2,-0.0815113822331908,H1,1216.09638424001,AX,239.01169382597,L1,3.11602126670103,L2,1.2973627611...
GetData ===>> H2,-0.151322143583998,H1,1215.96921934745,AX,238.777841274996,L1,3.09707775971125,L2,1.2400104250...
GetData ===>> H2,-0.147681190550266,H1,1215.69342274212,AX,238.747464387828,L1,3.06437189669115,L2,1.3802837888...
GetData ===>> H2,-0.111781043540873,H1,1215.12877494066,AX,238.724348776549,L1,3.05824547987129,L2,1.2742525096...
GetData ===>> H2,-0.111066260611464,H1,1214.71630313066,AX,238.803701146904,L1,3.06995684589887,L2,1.2706728675...
GetData ===>> H2,-0.058387724768482,H1,1214.17374482912,AX,238.504572767435,L1,3.04338505128122,L2,1.2875511278...
GetData ===>> H2,-0.116214941479128,H1,1213.8257637964,AX,238.509038108906,L1,3.07143342908529,L2,1.26557899082...
GetData ===>> H2,-0.153164593864031,H1,1212.93977762456,AX,238.346157273368,L1,3.04799777736141,L2,1.2886642102...
GetData ===>> H2,-0.258979772821263,H1,1212.91139308544,AX,238.331888627087,L1,3.05916057287783,L2,1.2753310176...
GetData ===>> H2,-0.186154086604851,H1,1212.29046089749,AX,238.020706582829,L1,3.12968135129639,L2,1.2340924248...
GetData ===>> H2,-0.217194365918138,H1,1211.5528977071,AX,238.310680912185,L1,3.12162327966633,L2,1.31198452348...
GetData ===>> H2,-0.28009026458133,H1,1211.15470621829,AX,238.011165835441,L1,3.12983381983816,L2,1.36617033079...
GetData ===>> H2,-0.136739144184215,H1,1210.42468503795,AX,237.816380118959,L1,3.09324738025683,L2,1.2747114477...
GetData ===>> H2,-0.12684734456773,H1,1210.10744988474,AX,237.784604285088,L1,3.05754745897084,L2,1.29921044374...
GetData ===>> H2,-0.0657144031108386,H1,1209.6001805639,AX,237.984814929941,L1,3.02374221766654,L2,1.2950331249...
GetData ===>> H2,-0.0421748550048259,H1,1208.79623738836,AX,237.786949300589,L1,3.02858717970812,L2,1.378849399...
GetData ===>> H2,-0.094205418226631,H1,1208.41338189865,AX,237.799525202209,L1,3.04332149478375,L2,1.3279860757...
GetData ===>> H2,-0.216296668987104,H1,1208.2011797863,AX,237.764453661649,L1,3.08249580258476,L2,1.26756373505...
GetData ===>> H2,-0.18525581585987,H1,1206.9583674803,AX,237.301060299654,L1,3.10269063929732,L2,1.313235625091...
GetData ===>> H2,-0.0552110039621898,H1,1206.81334738694,AX,237.251430189466,L1,3.06377169396639,L2,1.219069678...
GetData ===>> H2,-0.0580934202618487,H1,1206.55512089272,AX,237.303609041595,L1,3.04844109976568,L2,1.301241787...
13:34:00 -- collecting point 50
GetData ===>> H2,-0.149362710670874,H1,1206.17116509991,AX,237.196999485533,L1,3.06016145211435,L2,1.3387317951...
GetData ===>> H2,-0.185829044910379,H1,1206.12372467432,AX,236.945893157809,L1,3.09065113719938,L2,1.2480507719...
GetData ===>> H2,-0.0958239586332351,H1,1205.61752122387,AX,236.741134877923,L1,3.06094258499503,L2,1.274332823...
GetData ===>> H2,-0.110228228640603,H1,1205.04501790529,AX,236.902448946525,L1,3.06588222155029,L2,1.3088970120...
GetData ===>> H2,-0.103105215851654,H1,1203.86001155031,AX,236.78016780964,L1,3.06705538191601,L2,1.33738851465...
GetData ===>> H2,-0.12717855957456,H1,1203.90394531728,AX,236.946253300314,L1,3.05158213084516,L2,1.32394526071...
GetData ===>> H2,-0.125310110029667,H1,1202.99231257744,AX,236.606252915667,L1,3.09867423932311,L2,1.3569001761...
GetData ===>> H2,-0.181675512319426,H1,1202.56294712771,AX,236.389163506491,L1,3.08811496328554,L2,1.3196406016...
GetData ===>> H2,-0.164680343090921,H1,1202.47976438365,AX,236.536343872104,L1,3.04038031552115,L2,1.2898691077...
GetData ===>> H2,-0.237221713140839,H1,1202.16963372915,AX,236.375444855429,L1,3.04698966178882,L2,1.3513503613...
GetData ===>> H2,-0.0401475064185791,H1,1201.31518086583,AX,236.38703114948,L1,3.03842454748263,L2,1.3213509631...
GetData ===>> H2,-0.0400362224904403,H1,1200.90849167517,AX,236.191723923435,L1,3.03234112549336,L2,1.269502628...
GetData ===>> H2,-0.105834823074623,H1,1200.66115054543,AX,236.160757670505,L1,3.04298299322202,L2,1.2624585508...
GetData ===>> H2,-0.137229917718193,H1,1200.99190471723,AX,236.027253544278,L1,3.06090663790261,L2,1.4007347598...
GetData ===>> H2,-0.15694233598026,H1,1199.87480988206,AX,236.14388986822,L1,3.04503764253713,L2,1.405211140652...
GetData ===>> H2,-0.0487178079337848,H1,1199.30423497005,AX,235.989290814681,L1,3.02734533307945,L2,1.202937171...
GetData ===>> H2,-0.102728946867446,H1,1198.66646046021,AX,235.835131734931,L1,3.03312657168676,L2,1.2261105820...
GetData ===>> H2,-0.125936115450091,H1,1197.94211210574,AX,235.716674634957,L1,3.00804550517262,L2,1.2790370468...
GetData ===>> H2,-0.0896180758908865,H1,1197.93636251753,AX,235.850347602632,L1,3.0217779293434,L2,1.2419946422...
GetData ===>> H2,-0.12919943763951,H1,1196.8478543127,AX,235.969272597693,L1,3.10525909291947,L2,1.367019374697...
GetData ===>> H2,-0.0801470644684358,H1,1196.64073018972,AX,235.537071528131,L1,3.07376897085753,L2,1.250998684...
GetData ===>> H2,-0.0126200375823946,H1,1195.95872770268,AX,235.226726819719,L1,2.99837499020772,L2,1.302263214...
GetData ===>> H2,0.0426528369051128,H1,1195.33712301354,AX,235.010883038419,L1,3.00493787400011,L2,1.2452405886...
GetData ===>> H2,-0.113504189393479,H1,1195.48592298743,AX,235.293089760289,L1,3.0379908978617,L2,1.28525615316...
GetData ===>> H2,-0.142867558233513,H1,1195.34469210062,AX,234.997031663672,L1,3.01120162428981,L2,1.2922674723...
13:34:27 -- collecting point 75
GetData ===>> H2,-0.230240743664054,H1,1194.44617135699,AX,234.958298640901,L1,2.9886526604184,L2,1.22058331450...
GetData ===>> H2,-0.201201604901942,H1,1193.75598782792,AX,234.99751811087,L1,3.00885616923261,L2,1.21842753682...
GetData ===>> H2,-0.11139929007337,H1,1193.34506806304,AX,234.82222225809,L1,3.02745019498191,L2,1.303743728216...
GetData ===>> H2,-0.140282241660978,H1,1192.71113515916,AX,234.841699147216,L1,3.03182350552811,L2,1.2594185135...
GetData ===>> H2,-0.221881589960801,H1,1192.58146616568,AX,234.869087511678,L1,3.00908228294071,L2,1.2837185507...
GetData ===>> H2,-0.208759739358465,H1,1192.54049276873,AX,234.774394923406,L1,2.99842600058426,L2,1.3915645676...
GetData ===>> H2,-0.139273903074634,H1,1192.04284720337,AX,234.677568809152,L1,2.99590056770975,L2,1.3586898890...
GetData ===>> H2,-0.0880745460258683,H1,1191.06288813398,AX,234.338367850623,L1,3.0115284538117,L2,1.2748950235...
GetData ===>> H2,-0.105051329160723,H1,1190.42070109904,AX,234.391146832815,L1,3.05844314490643,L2,1.2783715574...
GetData ===>> H2,-0.0526209544101875,H1,1190.03807874781,AX,234.161541542434,L1,3.05123815059984,L2,1.289788780...
GetData ===>> H2,-0.103402973841208,H1,1189.74329396583,AX,233.99073783283,L1,3.00136568110395,L2,1.36516066670...
GetData ===>> H2,-0.148005358409765,H1,1189.10810682452,AX,234.05680480233,L1,3.01447447299794,L2,1.23147761034...
GetData ===>> H2,-0.0640499095027562,H1,1188.2240147768,AX,234.2719011759,L1,3.03089046768418,L2,1.274791762133...
GetData ===>> H2,-0.12387949719984,H1,1187.50307640932,AX,234.152136397132,L1,3.00053968228485,L2,1.23554895314...
GetData ===>> H2,-0.0971917503091228,H1,1187.68478334386,AX,233.923606384346,L1,3.02828222503763,L2,1.218244068...
GetData ===>> H2,-0.0182929144684181,H1,1187.66005084918,AX,233.721516642845,L1,3.0359526858171,L2,1.2835464326...
GetData ===>> H2,-0.0314301407584293,H1,1186.55962590772,AX,233.697904883262,L1,3.03256612484874,L2,1.318469767...
GetData ===>> H2,0.00642357119391435,H1,1186.07762276225,AX,233.688690621559,L1,3.02302575908481,L2,1.267322810...
GetData ===>> H2,-0.0590088586137423,H1,1185.59336509229,AX,233.330442527784,L1,3.02022109137875,L2,1.170098860...
GetData ===>> H2,-0.0936486954080107,H1,1185.28665063633,AX,233.536538414863,L1,2.98725956149564,L2,1.323336857...
GetData ===>> H2,-0.0836422085261647,H1,1185.47961392181,AX,233.214032435346,L1,3.00801103942157,L2,1.288308481...
GetData ===>> H2,-0.0804234638097439,H1,1184.76418929735,AX,233.331386143863,L1,3.01387031245253,L2,1.265728132...
GetData ===>> H2,-0.0857347166766009,H1,1184.29098076436,AX,233.2291291071,L1,3.04169401450081,L2,1.22231485174...
GetData ===>> H2,-0.260829728254329,H1,1184.17331879795,AX,233.289896470295,L1,3.0253036711208,L2,1.38816757159...
GetData ===>> H2,-0.141017488354399,H1,1183.17192854549,AX,233.144963449268,L1,2.96208649282285,L2,1.2706155025...
13:34:53 -- collecting point 100
GetData ===>> H2,-0.031758809057427,H1,1182.60830724475,AX,232.954821787928,L1,2.95774799913134,L2,1.1788752937...
GetData ===>> H2,-0.00635417509265916,H1,1182.07384691467,AX,232.713261930825,L1,3.00678508883428,L2,1.29318552...
GetData ===>> H2,-0.09892630673912,H1,1181.61585408396,AX,232.754115393633,L1,3.00886582033722,L2,1.30174676141...
GetData ===>> H2,-0.0616977873115285,H1,1180.99707918872,AX,232.603549671131,L1,2.95421866966452,L2,1.196883879...
GetData ===>> H2,-0.0464901348898455,H1,1181.1562675727,AX,232.618852016252,L1,2.96995019757074,L2,1.3218904794...
GetData ===>> H2,-0.0662005057884168,H1,1180.39710610283,AX,232.474850904601,L1,2.98880005358809,L2,1.404396194...
GetData ===>> H2,-0.183933906464425,H1,1179.75768813219,AX,232.503898461572,L1,3.0029544122099,L2,1.33302585255...
GetData ===>> H2,-0.143291856041795,H1,1179.75299982125,AX,232.331611060618,L1,3.03508834912243,L2,1.3028944384...
GetData ===>> H2,-0.107888700858924,H1,1179.08592939897,AX,232.070976059758,L1,3.01178082216107,L2,1.2458829090...
GetData ===>> H2,-0.0376352106101998,H1,1178.87129151094,AX,232.012113331628,L1,3.01222903087938,L2,1.324415915...
GetData ===>> H2,-0.133904951142228,H1,1178.21193670024,AX,231.977875663505,L1,2.97853138857787,L2,1.2175445992...
GetData ===>> H2,-0.136748608337423,H1,1177.88140640207,AX,232.094652863495,L1,2.98392405386182,L2,1.2653610156...
GetData ===>> H2,-0.145972402621285,H1,1177.2196138178,AX,232.052311129856,L1,2.98223461424505,L2,1.27149892695...
GetData ===>> H2,-0.0837437954849299,H1,1176.78350379246,AX,231.870867195262,L1,2.99252821011483,L2,1.288549458...
GetData ===>> H2,-0.0889500065978243,H1,1176.09502989606,AX,231.811373475958,L1,3.01460965478792,L2,1.217647799...
GetData ===>> H2,-0.155667015896512,H1,1175.51644944807,AX,232.012316716983,L1,2.99149892042943,L2,1.4507672707...
GetData ===>> H2,-0.207444706603947,H1,1175.36261610094,AX,231.816760519365,L1,2.96905554288874,L2,1.2396204681...
GetData ===>> H2,-0.134052357451236,H1,1174.56871228201,AX,231.679638814257,L1,2.93797292845583,L2,1.2453782283...
GetData ===>> H2,-0.0930472415748063,H1,1174.21133994258,AX,231.752158695521,L1,2.97990067234374,L2,1.233243749...
GetData ===>> H2,-0.0371954000750035,H1,1174.09584264065,AX,231.518865343779,L1,2.97742946712039,L2,1.318125407...
GetData ===>> H2,-0.0570097173439565,H1,1173.08905111925,AX,231.106316711126,L1,2.99636646308915,L2,1.210011292...
measurement finished
estimated time: 125.829 actual time: :128.295
flush and close file /Users/jan/PychronDev/data/isotopes/7e/b6f5bd-baf2-49bc-b36f-6e2459436afd.h5
baselines () {'settling_time': 15.0, 'detector': 'H1', 'mass': 34.2, 'ncounts': 60}
%%%%%%%%%%%%%%%%%%%%%%%%%%%%%%%% Baseline
build tables- baseline [Detector(H2), Detector(H1), Detector(AX), Detector(L1), Detector(L2), Detector(CDD)]
add group baseline table H2
add group baseline table H1
add group baseline table AX
add group baseline table L1
add group baseline table L2
add group baseline table CDD
flush and close file /Users/jan/PychronDev/data/isotopes/7e/b6f5bd-baf2-49bc-b36f-6e2459436afd.h5
detector Detector(H1)
POSITION 34.2 H1
Mapping mass to dac mass func: "parabolic"
H1 map mass coeffs = [-0.00063987  0.15840543  0.57094999]
H1 map mass to dac 34.2 >> 5.23999599104
GetDeflection H1 ===>> 0
GetHighVoltage ===>> 4500
positioning 34.2 (5.23999599104) on H1
setting magnet DAC
current  : 5.879340
requested: 5.239996
Delta Dac: 0.639344
Checking detector protection. dv=0.63934
Checking detector "CDD". Protection Threshold: 0.1 (V)
ProtectDetector CDD,On ===>> OK
GetDeflection CDD ===>> 2000
Protected = 2000
SetMagnetDAC 5.23999599104 ===>> OK
Magnet settling time: 0.500
GetMagnetMoving ===>> True
GetMagnetMoving ===>> True
GetMagnetMoving ===>> True
GetMagnetMoving ===>> True
GetMagnetMoving ===>> True
GetMagnetMoving ===>> True
GetMagnetMoving ===>> True
GetMagnetMoving ===>> True
GetMagnetMoving ===>> False
ProtectDetector CDD,Off ===>> OK
GetDeflection CDD ===>> 50
Delaying 15.0s for detectors to settle
Join finished
measuring baseline. ncounts=60
"baseline" increment series count="2" fit count="1" regressing="True"
starting measurement
GetData ===>> H2,-0.114752054805458,H1,-0.0762329798011717,AX,-0.0505078864447385,L1,-0.00497103273846885,L2,-0...
GetData ===>> H2,-0.0717868758971912,H1,-0.0142323739708015,AX,-0.0520847612622478,L1,-0.0609596876865521,L2,-0...
GetData ===>> H2,-0.14710576977484,H1,-0.00931837575290901,AX,-0.16631447265919,L1,-0.0940200646846493,L2,-0.08...
GetData ===>> H2,-0.15654786670569,H1,-0.0781162431785941,AX,-0.122253004776024,L1,-0.0493621915555984,L2,0.014...
GetData ===>> H2,-0.242892886004937,H1,0.00393392388333709,AX,-0.0782965621251781,L1,-0.0680256781618414,L2,-0....
GetData ===>> H2,-0.290571220821981,H1,-0.0243458634951786,AX,-0.0637713899136853,L1,-0.0595896877930634,L2,0.0...
GetData ===>> H2,-0.285130723222895,H1,-0.0785810938743968,AX,-0.0990662253917226,L1,-0.0270567019249506,L2,0.0...
GetData ===>> H2,-0.199998953797739,H1,-0.07446887815703,AX,-0.205904640098269,L1,-0.0489768690944199,L2,-0.014...
GetData ===>> H2,-0.070057957541067,H1,-0.0225927728449314,AX,-0.0767201120159012,L1,-0.0296538738599505,L2,-0....
GetData ===>> H2,-0.234240392773798,H1,-0.0346491226502319,AX,-0.118475825328108,L1,-0.0472582945694832,L2,-0.0...
GetData ===>> H2,-0.230341694353888,H1,0.0110558213450187,AX,-0.21493070338707,L1,-0.048742317751189,L2,-0.0218...
GetData ===>> H2,-0.196190614184039,H1,-0.0179057878719966,AX,-0.107398342954912,L1,-0.0709604051152952,L2,-0.0...
GetData ===>> H2,-0.215797145962114,H1,-0.105705563746894,AX,-0.0452321268596421,L1,-0.0277324145282795,L2,-0.0...
GetData ===>> H2,-0.193179988345372,H1,0.0291312528771794,AX,-0.0813566570739345,L1,-0.0612611822158486,L2,-0.0...
GetData ===>> H2,-0.0994326768752957,H1,0.0431404656165537,AX,-0.00392057998963674,L1,-0.0436753901105666,L2,0....
GetData ===>> H2,-0.259584500166884,H1,-0.033134705449389,AX,-0.119785109658387,L1,-0.0341039243292407,L2,0.008...
GetData ===>> H2,-0.18657487360839,H1,0.016472142857338,AX,-0.0176891777910686,L1,-0.0132326628742653,L2,-0.091...
GetData ===>> H2,-0.151817687366175,H1,-0.0324192247854736,AX,-0.078018366902992,L1,-0.0225903460252044,L2,-0.0...
GetData ===>> H2,-0.16426184262449,H1,0.0750685646746742,AX,-0.142408858192681,L1,-0.0351265667563536,L2,-0.126...
GetData ===>> H2,-0.10461828688615,H1,0.00812110875256802,AX,-0.0926804895797377,L1,-0.0389137649157441,L2,-0.0...
GetData ===>> H2,-0.21520469112068,H1,0.0407298822280968,AX,0.0992146214223743,L1,-0.0792213396865038,L2,-0.047...
GetData ===>> H2,-0.255970436442161,H1,-0.00469040927428817,AX,-0.109020647242854,L1,-0.0504558524387059,L2,-0....
GetData ===>> H2,-0.115756202666927,H1,-0.0619047142528249,AX,-0.0926804895797377,L1,-0.0209792389343154,L2,-0....
GetData ===>> H2,-0.201215086812957,H1,0.0443457790756831,AX,-0.157202744203848,L1,-0.0143352992929885,L2,-0.05...
13:36:00 -- collecting point 25
GetData ===>> H2,-0.230309390231281,H1,-0.0495178130652583,AX,-0.0867579534480054,L1,-0.0402469120382938,L2,0.0...
GetData ===>> H2,-0.228842147296652,H1,0.030276736716073,AX,0.0388011461086004,L1,-0.084455935145573,L2,-0.0549...
GetData ===>> H2,-0.339845579829274,H1,0.00455423651610789,AX,-0.073057085200078,L1,-0.0359162332396413,L2,-0.0...
GetData ===>> H2,-0.162520174676524,H1,-0.0232486947105535,AX,-0.115463245791373,L1,0.00389527565336847,L2,0.06...
GetData ===>> H2,-0.17979857085933,H1,-0.04565478915437,AX,-0.0547166939315147,L1,-0.00613574557660347,L2,-0.02...
GetData ===>> H2,-0.265342436092069,H1,-0.0265759412395593,AX,0.0642073476302658,L1,0.0350356002032621,L2,-0.12...
GetData ===>> H2,-0.193396992432484,H1,-0.0414935255871328,AX,0.0049076586148148,L1,0.0476530105198468,L2,-0.00...
GetData ===>> H2,-0.13134329169341,H1,0.0899535340648018,AX,-0.155034815414899,L1,0.0198921309533849,L2,-0.0066...
GetData ===>> H2,-0.162501271385368,H1,0.118393793369953,AX,-0.0436203542589392,L1,0.014589547476604,L2,-0.1070...
GetData ===>> H2,-0.200650180973601,H1,0.0112586298649966,AX,-0.0062406149626437,L1,0.0128018306085246,L2,0.007...
GetData ===>> H2,-0.232324183090315,H1,0.027759075948919,AX,-0.108927944869399,L1,-0.0292837459684486,L2,-0.150...
GetData ===>> H2,-0.172031280198707,H1,0.00529384506366988,AX,-0.0215978518684584,L1,-0.00677861894261475,L2,0....
GetData ===>> H2,-0.218746659959714,H1,0.000116699984675961,AX,0.0416793291024351,L1,-0.0501842431798773,L2,-0....
GetData ===>> H2,-0.258338726448046,H1,-0.0445936237636111,AX,-0.0510876228036774,L1,-0.0336549369979319,L2,0.0...
GetData ===>> H2,-0.223625834982544,H1,-0.0282812612820258,AX,0.0378030863903195,L1,0.00142829482171066,L2,-0.1...
GetData ===>> H2,-0.202513319571824,H1,0.038581886525191,AX,0.0310954621095796,L1,-0.0193858591875271,L2,-0.040...
GetData ===>> H2,-0.154534778891303,H1,-0.0105588252502507,AX,0.0705977299793785,L1,-0.0350870218872359,L2,0.04...
GetData ===>> H2,-0.262883261030322,H1,-0.0264209107039946,AX,-0.0541949508213596,L1,-0.0470643979300215,L2,0.0...
GetData ===>> H2,-0.321399585417748,H1,-0.0933479188848228,AX,-0.139231821162854,L1,-0.0327473227051921,L2,0.07...
GetData ===>> H2,-0.18195614972319,H1,-0.0240834981408476,AX,-0.089945273076108,L1,-0.00453198139582493,L2,-0.0...
GetData ===>> H2,-0.224258814862223,H1,0.0405389474105846,AX,-0.0984635967283317,L1,0.00432150630701957,L2,-0.0...
GetData ===>> H2,-0.259900289343475,H1,0.0331405036543277,AX,-0.0601194692262305,L1,-0.00199206553793053,L2,0.0...
GetData ===>> H2,-0.261662213898327,H1,-0.0886523286885986,AX,-0.0249264802172292,L1,-0.0298994204454477,L2,-0....
GetData ===>> H2,-0.256106203158037,H1,0.00326589919301692,AX,-0.0256107485935602,L1,-0.00618732088740901,L2,-0...
GetData ===>> H2,-0.148253880826004,H1,-0.0339575018896586,AX,-0.0568847964466345,L1,0.0020776944366298,L2,-0.0...
13:36:27 -- collecting point 50
GetData ===>> H2,-0.101229161057272,H1,0.00373113020251132,AX,-0.0314674251775238,L1,-0.0527983270257933,L2,0.0...
GetData ===>> H2,-0.1662705039043,H1,0.11963465968059,AX,-0.178948917595518,L1,-0.0405798717704248,L2,-0.071732...
GetData ===>> H2,-0.154007804249136,H1,0.00917091475571854,AX,-0.0326735088698856,L1,0.0121595786180084,L2,-0.0...
GetData ===>> H2,-0.167632357258691,H1,-0.0365450929839415,AX,-0.09399012110614,L1,-0.0394408163606699,L2,-0.03...
GetData ===>> H2,-0.172971564495261,H1,-0.0210543210591439,AX,0.00771522949122574,L1,-0.0398684264285965,L2,-0....
GetData ===>> H2,-0.206497411011815,H1,-0.00727875710346808,AX,0.0305848660409877,L1,-0.00348585841873669,L2,-0...
GetData ===>> H2,-0.267241912916372,H1,-0.00554922334681225,AX,0.0454512703100157,L1,-0.0103628448231139,L2,-0....
GetData ===>> H2,-0.276729129137428,H1,-0.0602714954982318,AX,-0.0986953774252408,L1,-0.0236438992795407,L2,0.0...
GetData ===>> H2,-0.139918655372703,H1,0.025885786506641,AX,-0.187745694794493,L1,-0.00437243067303218,L2,0.017...
GetData ===>> H2,-0.172800241608278,H1,0.0781336378951948,AX,-0.207862868771651,L1,-0.0268362468560481,L2,-0.10...
GetData ===>> H2,-0.110458388975899,H1,0.0394530125608529,AX,-0.0567688563581715,L1,-0.0621213489836842,L2,-0.0...
measurement finished
estimated time: 62.915 actual time: :63.146
flush and close file /Users/jan/PychronDev/data/isotopes/7e/b6f5bd-baf2-49bc-b36f-6e2459436afd.h5
activate_detectors ('H1', 'AX', 'CDD') {'peak_center': True}
peak_center () {'detector': 'H1', 'integration_time': 0.262144, 'isotope': 'Ar40'}
peak center: mean=1175.48235654 threshold=3
peak center started
setup peak center. detector=['H1', 'AX', 'CDD'], isotope=Ar40
VersionedUnpickler [<apptools.sweet_pickle.versioned_unpickler.VersionedUnpickler object at 0x1d64d1cb0>] using Updater [<apptools.sweet_pickle.updater.Updater object at 0x1373f1ad0>]
VersionedUnpickler [<apptools.sweet_pickle.versioned_unpickler.VersionedUnpickler object at 0x1d64d1cb0>] using Updater [<apptools.sweet_pickle.updater.Updater object at 0x1373f1ad0>]
VersionedUnpickler [<apptools.sweet_pickle.versioned_unpickler.VersionedUnpickler object at 0x1cd6523b0>] using Updater [<apptools.sweet_pickle.updater.Updater object at 0x1373f1ad0>]
setting integration time = 0.524288
SetIntegrationTime 0.524288 ===>> OK
Mapping mass to dac mass func: "parabolic"
H1 map mass coeffs = [-0.00063987  0.15840543  0.57094999]
H1 map mass to dac 39.9624 >> 5.87934
GetDeflection H1 ===>> 0
GetHighVoltage ===>> 4500
do peak center. <pychron.spectrometer.jobs.peak_center.PeakCenter object at 0x1376ecfb0>
doing pc
starting peak center. center dac= 5.87934 step_width=0.001
width = 0.001
get scan parameters. half-width=0.015,window=0.015, i=0, scalar=1
Scan parameters center=5.87934 width=0.03000 (5.86434 - 5.89434)
GetData ===>> H2,-0.159044139413716,H1,-0.0324311495051298,AX,-0.045568392597836,L1,-0.042170261029016,L2,-0.05...
Moving to starting dac 5.86434
setting magnet DAC
current  : 5.239996
requested: 5.864340
Delta Dac: 0.624344
Checking detector protection. dv=0.62434
Checking detector "CDD". Protection Threshold: 0.1 (V)
ProtectDetector CDD,On ===>> OK
GetDeflection CDD ===>> 2000
Protected = 2000
SetMagnetDAC 5.86434 ===>> OK
Magnet settling time: 0.500
GetMagnetMoving ===>> True
GetMagnetMoving ===>> True
GetMagnetMoving ===>> True
GetMagnetMoving ===>> True
GetMagnetMoving ===>> True
GetMagnetMoving ===>> True
GetMagnetMoving ===>> True
GetMagnetMoving ===>> True
GetMagnetMoving ===>> False
ProtectDetector CDD,Off ===>> OK
GetDeflection CDD ===>> 50
Wait until signal near baseline. tol= -0.0243233621288. timeout= 10
GetData ===>> H2,4.01324981515586,H1,1.78444957927451,AX,0.0607301454289872,L1,-0.0161855393585268,L2,0.0404999...
GetData ===>> H2,59.3315619904264,H1,29.2857774569298,AX,2.2364469998098,L1,0.0222414046733454,L2,0.04601367948...
GetData ===>> H2,68.9979170582584,H1,39.0164233692638,AX,5.48667794061061,L1,0.0188662807926376,L2,-0.120625990...
GetData ===>> H2,37.2938363566544,H1,18.7001079961225,AX,2.374592206413,L1,0.0273182206660259,L2,-0.06142336711...
GetData ===>> H2,15.511272795932,H1,9.2776745597696,AX,0.981660855123903,L1,0.0154299048169689,L2,-0.0676136009...
GetData ===>> H2,5.29108769002196,H1,4.98788290226913,AX,0.528905716520815,L1,0.0177214918955912,L2,-0.08574958...
GetData ===>> H2,1.63054160642992,H1,2.9234276125673,AX,0.318116711700702,L1,0.0200015981847316,L2,-0.147398454...
GetData ===>> H2,0.527016286694632,H1,1.8474458867858,AX,0.209561604007764,L1,0.018705474503111,L2,-0.057645306...
GetData ===>> H2,0.202850463294678,H1,1.33875698161903,AX,-0.0441073674993894,L1,0.00424586405768316,L2,0.09293...
GetData ===>> H2,0.18720884467004,H1,1.19858539426374,AX,0.0224040896706164,L1,0.0157274217684438,L2,0.00189022...
GetData ===>> H2,0.186800183631023,H1,1.02346630525207,AX,0.0817494043919817,L1,0.0112056321149025,L2,-0.023749...
GetData ===>> H2,0.193719952284201,H1,0.875329344752207,AX,0.0761407349370198,L1,-0.011389072586325,L2,-0.16097...
GetData ===>> H2,0.26025147983371,H1,0.741388480687033,AX,0.0712276205232972,L1,0.00274754419489531,L2,-0.02916...
GetData ===>> H2,0.265290358284,H1,0.79714320414761,AX,0.135024690629539,L1,0.0032085419515275,L2,-0.0415527400...
GetData ===>> H2,0.151914620589236,H1,0.867265425688779,AX,0.0662915806780008,L1,-0.00845877131260107,L2,-0.020...
GetData ===>> H2,0.0723265649760531,H1,0.899596789119284,AX,0.133957971700058,L1,0.0281517928284609,L2,-0.07173...
GetData ===>> H2,0.0390091157757099,H1,0.893038736474971,AX,0.0486778467515506,L1,0.00648930122470343,L2,0.0818...
GetData ===>> H2,0.056770278483691,H1,0.886840094545138,AX,-0.0159725591542679,L1,0.00997538483709984,L2,-0.081...
GetData ===>> H2,0.060749746976988,H1,0.919465033650258,AX,0.0662220607768688,L1,0.0172175380031952,L2,0.113548...
GetData ===>> H2,0.060749746976988,H1,0.919465033650258,AX,0.0662220607768688,L1,0.0172175380031952,L2,0.113548...
GetData ===>> H2,0.0150267020526487,H1,0.864824841787581,AX,0.0537324573809358,L1,0.0129109600762338,L2,0.08685...
Peak center failed to move to a baseline position
_do_sweep sm= 5.86434, em= 5.89434, stm= 0.001
calculated step values: start=5.86434, end=5.89434, width=0.001, nsteps=31.0
setting magnet DAC
current  : 5.864340
requested: 5.864340
Delta Dac: 0.000000
Checking detector protection. dv=0.00000
Checking detector "CDD". Protection Threshold: 0.1 (V)
SetMagnetDAC 5.86434 ===>> OK
GetData ===>> H2,-0.0136894846113799,H1,0.864968403906397,AX,0.111721861064764,L1,0.0228320474957488,L2,-0.1059...
setting magnet DAC
current  : 5.864340
requested: 5.865374
Delta Dac: 0.001034
Checking detector protection. dv=0.00103
Checking detector "CDD". Protection Threshold: 0.1 (V)
SetMagnetDAC 5.86537448276 ===>> OK
Magnet settling time: 1.049
GetData ===>> H2,-0.0629689339289671,H1,1.74024569079043,AX,0.182087895585702,L1,0.0324841143791891,L2,0.038358...
setting magnet DAC
current  : 5.865374
requested: 5.866409
Delta Dac: 0.001034
Checking detector protection. dv=0.00103
Checking detector "CDD". Protection Threshold: 0.1 (V)
SetMagnetDAC 5.86640896552 ===>> OK
Magnet settling time: 1.049
GetData ===>> H2,-0.0851076818260871,H1,5.91967799991526,AX,0.820861029029246,L1,0.00613932095334245,L2,-0.0654...
setting magnet DAC
current  : 5.866409
requested: 5.867443
Delta Dac: 0.001034
Checking detector protection. dv=0.00103
Checking detector "CDD". Protection Threshold: 0.1 (V)
SetMagnetDAC 5.86744344828 ===>> OK
Magnet settling time: 1.049
GetData ===>> H2,-0.105420637412136,H1,21.9395073256266,AX,2.87045093696594,L1,-0.0122929295296384,L2,-0.093553...
setting magnet DAC
current  : 5.867443
requested: 5.868478
Delta Dac: 0.001034
Checking detector protection. dv=0.00103
Checking detector "CDD". Protection Threshold: 0.1 (V)
SetMagnetDAC 5.86847793103 ===>> OK
Magnet settling time: 1.049
GetData ===>> H2,-0.14755063911786,H1,77.7064381658175,AX,9.82413384742596,L1,0.0240758719614747,L2,0.064698817...
setting magnet DAC
current  : 5.868478
requested: 5.869512
Delta Dac: 0.001034
Checking detector protection. dv=0.00103
Checking detector "CDD". Protection Threshold: 0.1 (V)
SetMagnetDAC 5.86951241379 ===>> OK
Magnet settling time: 1.049
GetData ===>> H2,-0.170537727042565,H1,226.445874511448,AX,30.7508541715411,L1,0.0940409916042103,L2,0.01136468...
setting magnet DAC
current  : 5.869512
requested: 5.870547
Delta Dac: 0.001034
Checking detector protection. dv=0.00103
Checking detector "CDD". Protection Threshold: 0.1 (V)
SetMagnetDAC 5.87054689655 ===>> OK
Magnet settling time: 1.049
GetData ===>> H2,-0.130572618312335,H1,484.600764109539,AX,73.1652745182666,L1,0.360012193382275,L2,0.024553060...
setting magnet DAC
current  : 5.870547
requested: 5.871581
Delta Dac: 0.001034
Checking detector protection. dv=0.00103
Checking detector "CDD". Protection Threshold: 0.1 (V)
SetMagnetDAC 5.87158137931 ===>> OK
Magnet settling time: 1.049
GetData ===>> H2,-0.057284463490215,H1,764.798539867575,AX,126.994459058828,L1,0.897443188690178,L2,0.355022650...
setting magnet DAC
current  : 5.871581
requested: 5.872616
Delta Dac: 0.001034
Checking detector protection. dv=0.00103
Checking detector "CDD". Protection Threshold: 0.1 (V)
SetMagnetDAC 5.87261586207 ===>> OK
Magnet settling time: 1.049
GetData ===>> H2,-0.0218436388412141,H1,971.278727251877,AX,175.017406041349,L1,1.4736038573129,L2,0.6021048203...
setting magnet DAC
current  : 5.872616
requested: 5.873650
Delta Dac: 0.001034
Checking detector protection. dv=0.00103
Checking detector "CDD". Protection Threshold: 0.1 (V)
SetMagnetDAC 5.87365034483 ===>> OK
Magnet settling time: 1.049
GetData ===>> H2,-0.0763851978226603,H1,1072.70969843851,AX,203.730437406677,L1,1.99942037520684,L2,0.820765451...
setting magnet DAC
current  : 5.873650
requested: 5.874685
Delta Dac: 0.001034
Checking detector protection. dv=0.00103
Checking detector "CDD". Protection Threshold: 0.1 (V)
SetMagnetDAC 5.87468482759 ===>> OK
Magnet settling time: 1.049
GetData ===>> H2,-0.167223413538608,H1,1107.61757346492,AX,215.781255682704,L1,2.3775048406801,L2,1.09439114065...
setting magnet DAC
current  : 5.874685
requested: 5.875719
Delta Dac: 0.001034
Checking detector protection. dv=0.00103
Checking detector "CDD". Protection Threshold: 0.1 (V)
SetMagnetDAC 5.87571931034 ===>> OK
Magnet settling time: 1.049
GetData ===>> H2,-0.0753957395047411,H1,1117.46689056834,AX,219.321247100052,L1,2.58679729426858,L2,1.131892306...
setting magnet DAC
current  : 5.875719
requested: 5.876754
Delta Dac: 0.001034
Checking detector protection. dv=0.00103
Checking detector "CDD". Protection Threshold: 0.1 (V)
SetMagnetDAC 5.8767537931 ===>> OK
Magnet settling time: 1.049
GetData ===>> H2,-0.0203891304932496,H1,1120.36098094184,AX,220.397644151797,L1,2.69521084742283,L2,1.178508508...
setting magnet DAC
current  : 5.876754
requested: 5.877788
Delta Dac: 0.001034
Checking detector protection. dv=0.00103
Checking detector "CDD". Protection Threshold: 0.1 (V)
SetMagnetDAC 5.87778827586 ===>> OK
Magnet settling time: 1.049
GetData ===>> H2,-0.0815615079712552,H1,1120.52249298289,AX,220.322092893744,L1,2.80026793770197,L2,1.320811449...
setting magnet DAC
current  : 5.877788
requested: 5.878823
Delta Dac: 0.001034
Checking detector protection. dv=0.00103
Checking detector "CDD". Protection Threshold: 0.1 (V)
SetMagnetDAC 5.87882275862 ===>> OK
Magnet settling time: 1.049
GetData ===>> H2,-0.0653876305541241,H1,1119.88653890049,AX,220.443188310254,L1,2.87721361194254,L2,1.165878192...
setting magnet DAC
current  : 5.878823
requested: 5.879857
Delta Dac: 0.001034
Checking detector protection. dv=0.00103
Checking detector "CDD". Protection Threshold: 0.1 (V)
SetMagnetDAC 5.87985724138 ===>> OK
Magnet settling time: 1.049
GetData ===>> H2,-0.166637640053214,H1,1119.79103733332,AX,220.380339002947,L1,2.85078659424015,L2,1.2146894410...
setting magnet DAC
current  : 5.879857
requested: 5.880892
Delta Dac: 0.001034
Checking detector protection. dv=0.00103
Checking detector "CDD". Protection Threshold: 0.1 (V)
SetMagnetDAC 5.88089172414 ===>> OK
Magnet settling time: 1.049
GetData ===>> H2,-0.123093800409351,H1,1119.6632263122,AX,220.299287814116,L1,2.86898067571611,L2,1.11631277196...
setting magnet DAC
current  : 5.880892
requested: 5.881926
Delta Dac: 0.001034
Checking detector protection. dv=0.00103
Checking detector "CDD". Protection Threshold: 0.1 (V)
SetMagnetDAC 5.8819262069 ===>> OK
Magnet settling time: 1.049
GetData ===>> H2,0.0601632407475393,H1,1119.22576942663,AX,219.864467120201,L1,2.91630221667153,L2,1.2047830427...
setting magnet DAC
current  : 5.881926
requested: 5.882961
Delta Dac: 0.001034
Checking detector protection. dv=0.00103
Checking detector "CDD". Protection Threshold: 0.1 (V)
SetMagnetDAC 5.88296068966 ===>> OK
Magnet settling time: 1.049
GetData ===>> H2,-0.0508162139404938,H1,1117.50772251097,AX,219.420110194471,L1,2.88020063805812,L2,1.168835050...
setting magnet DAC
current  : 5.882961
requested: 5.883995
Delta Dac: 0.001034
Checking detector protection. dv=0.00103
Checking detector "CDD". Protection Threshold: 0.1 (V)
SetMagnetDAC 5.88399517241 ===>> OK
Magnet settling time: 1.049
GetData ===>> H2,-0.10896207877802,H1,1112.0812804944,AX,217.320112219739,L1,2.8384905650672,L2,1.1383081428163...
setting magnet DAC
current  : 5.883995
requested: 5.885030
Delta Dac: 0.001034
Checking detector protection. dv=0.00103
Checking detector "CDD". Protection Threshold: 0.1 (V)
SetMagnetDAC 5.88502965517 ===>> OK
Magnet settling time: 1.049
GetData ===>> H2,-0.27489479846773,H1,1090.1764114386,AX,209.117917413933,L1,2.72763363462006,L2,1.023666674203...
setting magnet DAC
current  : 5.885030
requested: 5.886064
Delta Dac: 0.001034
Checking detector protection. dv=0.00103
Checking detector "CDD". Protection Threshold: 0.1 (V)
SetMagnetDAC 5.88606413793 ===>> OK
Magnet settling time: 1.049
GetData ===>> H2,-0.153659176791156,H1,1019.95831020089,AX,186.068215207474,L1,2.50447750826532,L2,0.7021714048...
setting magnet DAC
current  : 5.886064
requested: 5.887099
Delta Dac: 0.001034
Checking detector protection. dv=0.00103
Checking detector "CDD". Protection Threshold: 0.1 (V)
SetMagnetDAC 5.88709862069 ===>> OK
Magnet settling time: 1.049
GetData ===>> H2,-0.184052132705931,H1,848.949068026887,AX,139.676495717645,L1,2.04639266153791,L2,0.6280388120...
setting magnet DAC
current  : 5.887099
requested: 5.888133
Delta Dac: 0.001034
Checking detector protection. dv=0.00103
Checking detector "CDD". Protection Threshold: 0.1 (V)
SetMagnetDAC 5.88813310345 ===>> OK
Magnet settling time: 1.049
GetData ===>> H2,-0.233278083988659,H1,577.586824089983,AX,82.3668247376562,L1,1.43142750544046,L2,0.2988236581...
setting magnet DAC
current  : 5.888133
requested: 5.889168
Delta Dac: 0.001034
Checking detector protection. dv=0.00103
Checking detector "CDD". Protection Threshold: 0.1 (V)
SetMagnetDAC 5.88916758621 ===>> OK
Magnet settling time: 1.049
GetData ===>> H2,-0.195551270054068,H1,300.734367447653,AX,36.3294211959168,L1,0.883579205587453,L2,0.031296006...
setting magnet DAC
current  : 5.889168
requested: 5.890202
Delta Dac: 0.001034
Checking detector protection. dv=0.00103
Checking detector "CDD". Protection Threshold: 0.1 (V)
SetMagnetDAC 5.89020206897 ===>> OK
Magnet settling time: 1.049
GetData ===>> H2,-0.0647809733141683,H1,119.924048068627,AX,12.1144747494855,L1,0.597712277122507,L2,-0.0453769...
setting magnet DAC
current  : 5.890202
requested: 5.891237
Delta Dac: 0.001034
Checking detector protection. dv=0.00103
Checking detector "CDD". Protection Threshold: 0.1 (V)
SetMagnetDAC 5.89123655172 ===>> OK
Magnet settling time: 1.049
GetData ===>> H2,-0.218501846445739,H1,37.4851409886645,AX,3.02993658434676,L1,0.344159484914162,L2,0.031022634...
setting magnet DAC
current  : 5.891237
requested: 5.892271
Delta Dac: 0.001034
Checking detector protection. dv=0.00103
Checking detector "CDD". Protection Threshold: 0.1 (V)
SetMagnetDAC 5.89227103448 ===>> OK
Magnet settling time: 1.049
GetData ===>> H2,-0.348715424101037,H1,9.87347090889903,AX,0.501603197576611,L1,0.199907662906838,L2,-0.0289180...
setting magnet DAC
current  : 5.892271
requested: 5.893306
Delta Dac: 0.001034
Checking detector protection. dv=0.00103
Checking detector "CDD". Protection Threshold: 0.1 (V)
SetMagnetDAC 5.89330551724 ===>> OK
Magnet settling time: 1.049
GetData ===>> H2,-0.220693135102671,H1,0.808762666150531,AX,-0.1489439821608,L1,0.129819330331493,L2,0.04492002...
setting magnet DAC
current  : 5.893306
requested: 5.894340
Delta Dac: 0.001034
Checking detector protection. dv=0.00103
Checking detector "CDD". Protection Threshold: 0.1 (V)
SetMagnetDAC 5.89434 ===>> OK
Magnet settling time: 1.049
GetData ===>> H2,-0.207355774688564,H1,0.116183481626675,AX,-0.131336173326692,L1,0.0586777744375085,L2,-0.1183...
result of _do_sweep=True
result of _calculate_peak_center=([5.8718850901803599, 5.8795504208416824, 5.887215751503005], [825.41847464083003, 1120.5160195543911, 818.22368369336675], 5.8777468136272537, 1120.5160195543911)
Failed to find a valid peak. No peak greater than 1.0. max = 0.0607373235194
new center pos Detector(H1) (Ar40) @ 5.87955042084
GetHighVoltage ===>> 4500
GetDeflection H1 ===>> 0
dac uncorrected for HV and deflection 5.87955042084
update mftable H1 Ar40 5.87955042084 message=automated run peakcenter
get initial guess parabolic
get initial guess parabolic
get initial guess parabolic
get initial guess parabolic
get initial guess parabolic
get initial guess parabolic
dump mftable to /Users/jan/PychronDev/setupfiles/spectrometer/mftables/mftable.csv
add to repo msg=modified - automated run peakcenter
locally archiving mftable
setting magnet DAC
current  : 5.894340
requested: 5.879550
Delta Dac: 0.014790
Checking detector protection. dv=0.01479
Checking detector "CDD". Protection Threshold: 0.1 (V)
SetMagnetDAC 5.87955042084 ===>> OK
Magnet settling time: 0.500
sweep finished
setting integration time = 1.048576
SetIntegrationTime 1.048576 ===>> OK
Failed to find a valid peak. No peak greater than 1.0. max = 0.0607373235194
flush and close file /Users/jan/PychronDev/data/isotopes/7e/b6f5bd-baf2-49bc-b36f-6e2459436afd.h5
finished measure script
executed snippet estimated_duration=226.132928, duration=274.814610004
jan_unknown120_60.py completed successfully
Measurement Finished
13:37:24 -- ******* Measurement Finished *******
Post Measurement Started jan_pump_ms.py
13:37:24 -- ******* Post Measurement Started jan_pump_ms.py *******
testing...
no interpolation path defined
executed snippet estimated_duration=0, duration=4.29153442383e-05
Pumping spectrometer
open () {'name': 'O'}
opening name=O desc=---
checking ownership. requestor=129.138.12.150
check software interlocks O
interlocks []
actuate state mode=None-script, software_lock=False
doing actuation None-script open_channel True
Open O ===>> OK
GetIndicatorState O ===>> OK
change switch state (True, True)
update switch state O True args=() kw={} ncanvase=2
13:37:25 -- OPEN   VALVE-O (Jan Ion Pump)
---------------------------------------- open O () result=[(True, True)], time=0.11 sec
action=open, ok=True, locked=[False]
executed snippet estimated_duration=0, duration=0.365396976471
jan_pump_ms.py completed successfully
setting _ms_pumptime
Post Measurement Finished
13:37:25 -- ******* Post Measurement Finished *******
$$$$$$$$$$$$$$$$$$$$ state at run end measurement
state changed from measurement to success
post measurement save measured=True aborted=False
Set filtering
setting fod for Ar40= {'filter_outliers': True, 'std_devs': 2, 'iterations': 1}
setting fod for H1= {'filter_outliers': True, 'std_devs': 2, 'iterations': 1}
setting fod for PM41= {'filter_outliers': False, 'std_devs': 2, 'iterations': 1}
setting fod for H2= {'filter_outliers': True, 'std_devs': 2, 'iterations': 1}
setting fod for Ar36= {'filter_outliers': True, 'std_devs': 2, 'iterations': 1}
setting fod for CDD= {'filter_outliers': True, 'std_devs': 10, 'iterations': 1}
setting fod for Ar37= {'filter_outliers': True, 'std_devs': 2, 'iterations': 1}
setting fod for L2= {'filter_outliers': True, 'std_devs': 2, 'iterations': 1}
setting fod for Ar38= {'filter_outliers': True, 'std_devs': 2, 'iterations': 1}
setting fod for L1= {'filter_outliers': True, 'std_devs': 2, 'iterations': 1}
setting fod for Ar39= {'filter_outliers': True, 'std_devs': 2, 'iterations': 1}
setting fod for AX= {'filter_outliers': True, 'std_devs': 2, 'iterations': 1}
persistence save...
persistence save - db
post measurement save
7193312912 connecting to database sqlite:////Users/jan/PychronDev/.appdata/local_lab.db
connected to db sqlite:////Users/jan/PychronDev/.appdata/local_lab.db
create new session 7193312912
close session 7193312912
No database instance. Not saving post measurement to isotopedb database
$$$$$$$$$$$$$$$ auto_save_detector_ic=False
massspec enabled True
create new session 4985911824
MassSpec Database Version: 16.0
close session 4985911824
saving post measurement to secondary database
saving to massspec database 129.138.12.160/massspecdata
setting labnumber to 65553
setting aliquot to 7
setting step to 
setting uuid to 7eb6f5bd-baf2-49bc-b36f-6e2459436afd
setting irradpos to 65553
setting extract_device to Fusions CO2
setting tray to 
setting position to 182
setting power_requested to 5.0
setting extract_value to 5.0
setting duration to 30.0
setting duration_at_request to 30.0
setting first_stage_delay to 30.0
setting cleanup to 30.0
setting comment to N:11 with inclusions
setting irradiation to NM-289
setting level to N
setting irradiation_level to N
setting sample to Bw-2014-4 W
setting material to Sanidine
setting project to Bustos Wells
setting mass_spectrometer to Jan
no attribute chron_dosages
no attribute production_ratios
no attribute interference_corrections
no attribute production_name
no attribute j
Reference Isotope=Ar40
Reference Detector=H1
%%%%%%%%%%%%%%%%%%%% Comment: N:11 with inclusions %%%%%%%%%%%%%%%%%%%
adding isotope PM41 H2
add baseline dbdet= PM41. original det= H2
get baseline data PM41 H2
Get data baseline <pychron.processing.isotope.Baseline object at 0x1d652c050> len t=60
baseline PM41. v=-0.196585406731, e=0.00688252359378
get signal data PM41 H2
Get data signal PM41 0.08+/-0.06 len t=120
adding isotope Ar40 H1
add baseline dbdet= Ar40. original det= H1
get baseline data Ar40 H1
Get data baseline <pychron.processing.isotope.Baseline object at 0x1d652c210> len t=60
baseline Ar40. v=-0.00906253771119, e=0.00553651289085
get signal data Ar40 H1
Get data signal Ar40 1235.87+/-0.06 len t=120
adding isotope Ar39 AX
add baseline dbdet= Ar39. original det= AX
get baseline data Ar39 AX
Get data baseline <pychron.processing.isotope.Baseline object at 0x1d652c3d0> len t=60
baseline Ar39. v=-0.0665858522963, e=0.0088438817359
get signal data Ar39 AX
Get data signal Ar39 242.670+/-0.030 len t=120
adding isotope Ar38 L1
add baseline dbdet= Ar38. original det= L1
get baseline data Ar38 L1
Get data baseline <pychron.processing.isotope.Baseline object at 0x1d652c590> len t=60
baseline Ar38. v=-0.0290014157047, e=0.00330495646115
get signal data Ar38 L1
Get data signal Ar38 3.188+/-0.006 len t=120
adding isotope Ar37 L2
add baseline dbdet= Ar37. original det= L2
get baseline data Ar37 L2
Get data baseline <pychron.processing.isotope.Baseline object at 0x1d652c750> len t=60
baseline Ar37. v=-0.0288832088087, e=0.00647841583158
get signal data Ar37 L2
Get data signal Ar37 1.352+/-0.010 len t=120
adding isotope Ar36 CDD
add baseline dbdet= Ar36. original det= CDD
get baseline data Ar36 CDD
Get data baseline <pychron.processing.isotope.Baseline object at 0x1d652c910> len t=60
baseline Ar36. v=0.000295249737659, e=2.6594962204e-05
get signal data Ar36 CDD
Get data signal Ar36 0.0539+/-0.0006 len t=120
65553-07 added analysis time 0.520262956619s
analysis added to mass spec database
mass spec save time= 0.528
persistence save - dvc
================= post measurement started
create new session 4991427888
close session 4991427888
---------------- Experiment Queue saving disabled
DVC saving peakcenter
Failed to find a valid peak. No peak greater than 1.0. max = 0.0607373235194
Smart pull ahead: 0 behind: 0
Up-to-date with origin
add to repo msg=modified - ad8224ebc6dbfeb9f5997218dfa5fe690569839d.json
add to repo msg=modified - 53-07.json
add to repo msg=modified - 53-07.dat.json
add to repo msg=modified - 53-07.blan.json
add to repo msg=modified - 53-07.inte.json
add to repo msg=modified - 53-07.icfa.json
add to repo msg=modified - 53-07.base.json
not at valid file /Users/jan/PychronDev/data/.dvc/repositories/Load1786/655/tags/53-07.tags.json
add to repo msg=modified - 53-07.peak.json
add to repo msg=modified - 53-07.extr.json
not at valid file /Users/jan/PychronDev/data/.dvc/repositories/Load1786/655/monitor/53-07.moni.json
commit message=<COLLECTION>
add to repo msg=modified - 53-07.inte.json
add to repo msg=modified - 53-07.base.json
commit message=<ISOEVO> default collection fits
add to repo msg=modified - 53-07.blan.json
commit message=<BLANKS> preceding ba-01-J-2281
add to repo msg=modified - 53-07.icfa.json
commit message=<ICFactor> default
push repository <pychron.git_archive.repo_manager.GitRepoManager object at 0x1d1314f50>
pushing to remote=origin, url=https://github.com
no changes to meta repo
create new session 4991427888
add association Load1786
get identifier "65553"
setting analysis irradiation position=<pychron.dvc.dvc_orm.IrradiationPositionTbl object at 0x1bea87090>
close session 4991427888
================= post measurement finished
13:37:39 -- ******* Post Run Check *******
loading queue conditionals post_run_actions
loading system conditionals post_run_actions
loading conditionals from /Users/jan/PychronDev/setupfiles/spectrometer/default_conditionals.yaml
loading queue conditionals post_run_terminations
loading system conditionals post_run_terminations
loading conditionals from /Users/jan/PychronDev/setupfiles/spectrometer/default_conditionals.yaml
Checking default post run terminations n=1
GetDeflection CDD ===>> 50
testing CDD==2000
evaluate ot="CDD.deflection==2000" t="CDD==2000", ctx="{'CDD': 50.0}"
13:37:39 -- ******* Post Run Check Passed *******
13:37:39 -- Automated run 65553-07 success duration: 367.872 s
----------------- finish -----------------
----------------- stop -----------------
retroactive repository identifiers disabled
finish run. runs completed=181
update duration runid=65553-07, duration=367.872448921, md5=301e91d8
loading script "jan_unknown120_60.py"
loading script "jan_pump_ms.py"
loading script "jan_co2.py"
loading script "jan_pump_extraction_line.py"
testing...
no interpolation path defined
executed snippet estimated_duration=213.652928, duration=0.000273942947388
script duration name:unknown120_60 seconds:214.0
loading script "jan_unknown120_60.py"
loading script "jan_pump_ms.py"
loading script "jan_co2.py"
loading script "jan_pump_extraction_line.py"
testing...
no interpolation path defined
executed snippet estimated_duration=0, duration=2.50339508057e-05
loading script "jan_unknown120_60.py"
loading script "jan_pump_ms.py"
loading script "jan_co2.py"
loading script "jan_pump_extraction_line.py"
testing...
no interpolation path defined
calculate duration
testing...
no interpolation path defined
executed snippet estimated_duration=0, duration=5.91278076172e-05
calculate duration
testing...
no interpolation path defined
executed snippet estimated_duration=0, duration=7.70092010498e-05
executed snippet estimated_duration=0.0, duration=0.00218987464905
script duration name:co2 seconds:0.0
loading script "jan_unknown120_60.py"
loading script "jan_pump_ms.py"
loading script "jan_co2.py"
loading script "jan_pump_extraction_line.py"
testing...
no interpolation path defined
calculate duration
testing...
no interpolation path defined
executed snippet estimated_duration=4.0, duration=0.000123023986816
executed snippet estimated_duration=4.0, duration=0.000908136367798
Script duration 214.0
Run total estimated duration= 215.000
unknown120_60 in script context. using previous estimated duration
script duration name:unknown120_60 seconds:214.0
pump_ms in script context. using previous estimated duration
co2 in script context. using previous estimated duration
script duration name:co2 seconds:0.0
pump_extraction_line in script context. using previous estimated duration
Script duration 214.0
Run total estimated duration= 215.000
script duration name:unknown120_60 seconds:214.0
script duration name:co2 seconds:0.0
Script duration 214.0
Run total estimated duration= 215.000
script duration name:unknown120_60 seconds:214.0
script duration name:co2 seconds:0.0
Script duration 214.0
Run total estimated duration= 215.000
script duration name:unknown120_60 seconds:214.0
script duration name:co2 seconds:0.0
Script duration 214.0
Run total estimated duration= 215.000
script duration name:unknown120_60 seconds:214.0
script duration name:co2 seconds:0.0
Script duration 214.0
Run total estimated duration= 215.000
loading script "jan_unknown400_120.py"
loading script "jan_pump_ms.py"
loading script "jan_co2.py"
loading script "jan_pump_extraction_line.py"
testing...
no interpolation path defined
executed snippet estimated_duration=556.052928, duration=0.0001220703125
script duration name:unknown400_120 seconds:556.0
script duration name:co2 seconds:0.0
Script duration 556.0
Run total estimated duration= 557.000
unknown400_120 in script context. using previous estimated duration
script duration name:unknown400_120 seconds:556.0
loading script "jan_unknown400_120.py"
loading script "jan_pump_ms.py"
loading script "jan_cocktail_x1.py"
loading script "jan_pump_extraction_line.py"
testing...
no interpolation path defined
calculate duration
testing...
no interpolation path defined
executed snippet estimated_duration=0, duration=9.08374786377e-05
calculate duration
testing...
no interpolation path defined
executed snippet estimated_duration=0, duration=9.29832458496e-05
calculate duration
testing...
no interpolation path defined
executed snippet estimated_duration=32.0, duration=9.79900360107e-05
calculate duration
testing...
no interpolation path defined
executed snippet estimated_duration=34.0, duration=0.000169992446899
calculate duration
testing...
no interpolation path defined
executed snippet estimated_duration=4.0, duration=9.08374786377e-05
calculate duration
testing...
no interpolation path defined
executed snippet estimated_duration=38.0, duration=0.000105857849121
executed snippet estimated_duration=108.0, duration=0.00866603851318
script duration name:cocktail_x1 seconds:108.0
Script duration 664.0
Run total estimated duration= 665.000
script duration name:unknown400_120 seconds:556.0
cocktail_x1 in script context. using previous estimated duration
script duration name:cocktail_x1 seconds:108.0
Script duration 664.0
Run total estimated duration= 665.000
script duration name:unknown120_60 seconds:214.0
script duration name:co2 seconds:0.0
Script duration 214.0
Run total estimated duration= 215.000
script duration name:unknown120_60 seconds:214.0
script duration name:co2 seconds:0.0
Script duration 214.0
Run total estimated duration= 215.000
script duration name:unknown120_60 seconds:214.0
script duration name:co2 seconds:0.0
Script duration 214.0
Run total estimated duration= 215.000
script duration name:unknown120_60 seconds:214.0
script duration name:co2 seconds:0.0
Script duration 214.0
Run total estimated duration= 215.000
script duration name:unknown120_60 seconds:214.0
script duration name:co2 seconds:0.0
Script duration 214.0
Run total estimated duration= 215.000
script duration name:unknown120_60 seconds:214.0
script duration name:co2 seconds:0.0
Script duration 214.0
Run total estimated duration= 215.000
script duration name:unknown120_60 seconds:214.0
script duration name:co2 seconds:0.0
Script duration 214.0
Run total estimated duration= 215.000
script duration name:unknown120_60 seconds:214.0
script duration name:co2 seconds:0.0
Script duration 214.0
Run total estimated duration= 215.000
script duration name:unknown120_60 seconds:214.0
script duration name:co2 seconds:0.0
Script duration 214.0
Run total estimated duration= 215.000
script duration name:unknown120_60 seconds:214.0
script duration name:co2 seconds:0.0
Script duration 214.0
Run total estimated duration= 215.000
script duration name:unknown120_60 seconds:214.0
script duration name:co2 seconds:0.0
Script duration 214.0
Run total estimated duration= 215.000
script duration name:unknown120_60 seconds:214.0
script duration name:co2 seconds:0.0
Script duration 214.0
Run total estimated duration= 215.000
script duration name:unknown400_120 seconds:556.0
script duration name:cocktail_x1 seconds:108.0
Script duration 664.0
Run total estimated duration= 665.000
script duration name:unknown400_120 seconds:556.0
loading script "jan_unknown400_120.py"
loading script "jan_pump_ms.py"
loading script "jan_sniffair_x2.py"
loading script "jan_pump_extraction_line.py"
testing...
no interpolation path defined
calculate duration
testing...
no interpolation path defined
executed snippet estimated_duration=0, duration=3.981590271e-05
calculate duration
testing...
no interpolation path defined
executed snippet estimated_duration=0, duration=0.00031590461731
calculate duration
testing...
no interpolation path defined
executed snippet estimated_duration=32.0, duration=7.20024108887e-05
calculate duration
testing...
no interpolation path defined
executed snippet estimated_duration=34.0, duration=7.91549682617e-05
calculate duration
testing...
no interpolation path defined
executed snippet estimated_duration=4.0, duration=9.20295715332e-05
calculate duration
testing...
no interpolation path defined
executed snippet estimated_duration=36.0, duration=6.89029693604e-05
calculate duration
testing...
no interpolation path defined
executed snippet estimated_duration=34.0, duration=0.000118970870972
calculate duration
testing...
no interpolation path defined
executed snippet estimated_duration=4.0, duration=6.103515625e-05
calculate duration
testing...
no interpolation path defined
executed snippet estimated_duration=36.0, duration=0.000141143798828
calculate duration
testing...
no interpolation path defined
executed snippet estimated_duration=70.0, duration=9.79900360107e-05
executed snippet estimated_duration=250.0, duration=0.0106279850006
script duration name:sniffair_x2 seconds:250.0
Script duration 806.0
Run total estimated duration= 807.000
script duration name:unknown400_120 seconds:556.0
script duration name:cocktail_x1 seconds:108.0
Script duration 664.0
Run total estimated duration= 665.000
script duration name:unknown400_120 seconds:556.0
sniffair_x2 in script context. using previous estimated duration
script duration name:sniffair_x2 seconds:250.0
Script duration 806.0
Run total estimated duration= 807.000
loading script "jan_ic_peak_hop3.py"
loading script "jan_pump_ms.py"
loading script "jan_air_x1.py"
loading script "jan_pump_extraction_line.py"
testing...
no interpolation path defined
executed snippet estimated_duration=133.8, duration=0.00680112838745
script duration name:ic_peak_hop3 seconds:134.0
loading script "jan_ic_peak_hop3.py"
loading script "jan_pump_ms.py"
loading script "jan_air_x1.py"
loading script "jan_pump_extraction_line.py"
testing...
no interpolation path defined
calculate duration
testing...
no interpolation path defined
executed snippet estimated_duration=0, duration=3.91006469727e-05
calculate duration
testing...
no interpolation path defined
executed snippet estimated_duration=0, duration=7.39097595215e-05
calculate duration
testing...
no interpolation path defined
executed snippet estimated_duration=32.0, duration=8.29696655273e-05
calculate duration
testing...
no interpolation path defined
executed snippet estimated_duration=34.0, duration=7.70092010498e-05
calculate duration
testing...
no interpolation path defined
executed snippet estimated_duration=4.0, duration=7.79628753662e-05
calculate duration
testing...
no interpolation path defined
executed snippet estimated_duration=36.0, duration=6.8187713623e-05
executed snippet estimated_duration=106.0, duration=0.00684189796448
script duration name:air_x1 seconds:106.0
Script duration 240.0
Run total estimated duration= 241.000
script duration name:unknown120_60 seconds:214.0
script duration name:co2 seconds:0.0
Script duration 214.0
Run total estimated duration= 215.000
script duration name:unknown120_60 seconds:214.0
script duration name:co2 seconds:0.0
Script duration 214.0
Run total estimated duration= 215.000
script duration name:unknown120_60 seconds:214.0
script duration name:co2 seconds:0.0
Script duration 214.0
Run total estimated duration= 215.000
script duration name:unknown120_60 seconds:214.0
script duration name:co2 seconds:0.0
Script duration 214.0
Run total estimated duration= 215.000
script duration name:unknown120_60 seconds:214.0
script duration name:co2 seconds:0.0
Script duration 214.0
Run total estimated duration= 215.000
script duration name:unknown120_60 seconds:214.0
script duration name:co2 seconds:0.0
Script duration 214.0
Run total estimated duration= 215.000
script duration name:unknown400_120 seconds:556.0
script duration name:co2 seconds:0.0
Script duration 556.0
Run total estimated duration= 557.000
script duration name:unknown120_60 seconds:214.0
script duration name:co2 seconds:0.0
Script duration 214.0
Run total estimated duration= 215.000
script duration name:unknown120_60 seconds:214.0
script duration name:co2 seconds:0.0
Script duration 214.0
Run total estimated duration= 215.000
script duration name:unknown120_60 seconds:214.0
script duration name:co2 seconds:0.0
Script duration 214.0
Run total estimated duration= 215.000
script duration name:unknown120_60 seconds:214.0
script duration name:co2 seconds:0.0
Script duration 214.0
Run total estimated duration= 215.000
script duration name:unknown120_60 seconds:214.0
script duration name:co2 seconds:0.0
Script duration 214.0
Run total estimated duration= 215.000
script duration name:unknown120_60 seconds:214.0
script duration name:co2 seconds:0.0
Script duration 214.0
Run total estimated duration= 215.000
script duration name:unknown400_120 seconds:556.0
script duration name:cocktail_x1 seconds:108.0
Script duration 664.0
Run total estimated duration= 665.000
script duration name:unknown400_120 seconds:556.0
script duration name:cocktail_x1 seconds:108.0
Script duration 664.0
Run total estimated duration= 665.000
script duration name:unknown120_60 seconds:214.0
script duration name:co2 seconds:0.0
Script duration 214.0
Run total estimated duration= 215.000
script duration name:unknown120_60 seconds:214.0
script duration name:co2 seconds:0.0
Script duration 214.0
Run total estimated duration= 215.000
script duration name:unknown120_60 seconds:214.0
script duration name:co2 seconds:0.0
Script duration 214.0
Run total estimated duration= 215.000
script duration name:unknown120_60 seconds:214.0
script duration name:co2 seconds:0.0
Script duration 214.0
Run total estimated duration= 215.000
script duration name:unknown120_60 seconds:214.0
script duration name:co2 seconds:0.0
Script duration 214.0
Run total estimated duration= 215.000
script duration name:unknown120_60 seconds:214.0
script duration name:co2 seconds:0.0
Script duration 214.0
Run total estimated duration= 215.000
script duration name:unknown120_60 seconds:214.0
script duration name:co2 seconds:0.0
Script duration 214.0
Run total estimated duration= 215.000
script duration name:unknown120_60 seconds:214.0
script duration name:co2 seconds:0.0
Script duration 214.0
Run total estimated duration= 215.000
ic_peak_hop3 in script context. using previous estimated duration
script duration name:ic_peak_hop3 seconds:134.0
air_x1 in script context. using previous estimated duration
script duration name:air_x1 seconds:106.0
Script duration 240.0
Run total estimated duration= 241.000
script duration name:unknown120_60 seconds:214.0
script duration name:co2 seconds:0.0
Script duration 214.0
Run total estimated duration= 215.000
script duration name:unknown120_60 seconds:214.0
script duration name:co2 seconds:0.0
Script duration 214.0
Run total estimated duration= 215.000
script duration name:unknown120_60 seconds:214.0
script duration name:co2 seconds:0.0
Script duration 214.0
Run total estimated duration= 215.000
script duration name:unknown400_120 seconds:556.0
script duration name:sniffair_x2 seconds:250.0
Script duration 806.0
Run total estimated duration= 807.000
script duration name:unknown120_60 seconds:214.0
script duration name:co2 seconds:0.0
Script duration 214.0
Run total estimated duration= 215.000
script duration name:unknown400_120 seconds:556.0
script duration name:co2 seconds:0.0
Script duration 556.0
Run total estimated duration= 557.000
script duration name:unknown400_120 seconds:556.0
script duration name:cocktail_x1 seconds:108.0
Script duration 664.0
Run total estimated duration= 665.000
script duration name:unknown400_120 seconds:556.0
script duration name:cocktail_x1 seconds:108.0
Script duration 664.0
Run total estimated duration= 665.000
script duration name:unknown120_60 seconds:214.0
script duration name:co2 seconds:0.0
Script duration 214.0
Run total estimated duration= 215.000
script duration name:unknown400_120 seconds:556.0
script duration name:sniffair_x2 seconds:250.0
Script duration 806.0
Run total estimated duration= 807.000
script duration name:unknown120_60 seconds:214.0
script duration name:co2 seconds:0.0
Script duration 214.0
Run total estimated duration= 215.000
script duration name:unknown120_60 seconds:214.0
script duration name:co2 seconds:0.0
Script duration 214.0
Run total estimated duration= 215.000
script duration name:unknown120_60 seconds:214.0
script duration name:co2 seconds:0.0
Script duration 214.0
Run total estimated duration= 215.000
script duration name:unknown120_60 seconds:214.0
script duration name:co2 seconds:0.0
Script duration 214.0
Run total estimated duration= 215.000
script duration name:unknown120_60 seconds:214.0
script duration name:co2 seconds:0.0
Script duration 214.0
Run total estimated duration= 215.000
script duration name:unknown120_60 seconds:214.0
script duration name:co2 seconds:0.0
Script duration 214.0
Run total estimated duration= 215.000
script duration name:unknown120_60 seconds:214.0
script duration name:co2 seconds:0.0
Script duration 214.0
Run total estimated duration= 215.000
script duration name:unknown120_60 seconds:214.0
script duration name:co2 seconds:0.0
Script duration 214.0
Run total estimated duration= 215.000
script duration name:unknown120_60 seconds:214.0
script duration name:co2 seconds:0.0
Script duration 214.0
Run total estimated duration= 215.000
script duration name:unknown120_60 seconds:214.0
script duration name:co2 seconds:0.0
Script duration 214.0
Run total estimated duration= 215.000
script duration name:unknown120_60 seconds:214.0
script duration name:co2 seconds:0.0
Script duration 214.0
Run total estimated duration= 215.000
script duration name:unknown400_120 seconds:556.0
script duration name:cocktail_x1 seconds:108.0
Script duration 664.0
Run total estimated duration= 665.000
script duration name:unknown400_120 seconds:556.0
script duration name:cocktail_x1 seconds:108.0
Script duration 664.0
Run total estimated duration= 665.000
script duration name:unknown120_60 seconds:214.0
script duration name:co2 seconds:0.0
Script duration 214.0
Run total estimated duration= 215.000
script duration name:unknown120_60 seconds:214.0
script duration name:co2 seconds:0.0
Script duration 214.0
Run total estimated duration= 215.000
script duration name:unknown120_60 seconds:214.0
script duration name:co2 seconds:0.0
Script duration 214.0
Run total estimated duration= 215.000
script duration name:unknown120_60 seconds:214.0
script duration name:co2 seconds:0.0
Script duration 214.0
Run total estimated duration= 215.000
script duration name:ic_peak_hop3 seconds:134.0
script duration name:air_x1 seconds:106.0
Script duration 240.0
Run total estimated duration= 241.000
script duration name:unknown120_60 seconds:214.0
script duration name:co2 seconds:0.0
Script duration 214.0
Run total estimated duration= 215.000
nruns=79 before=5.0, run_dur=24957.0, btw=2340.0
write rem/ex queues
/Users/jan/PychronDev/experiments/rem/Load1786.rem.txt
/Users/jan/PychronDev/experiments/rem/Load1786.ex.txt
doing event level: 3
