do run
loading script "jan_unknown120_60.py"
loading script "jan_pump_ms.py"
loading script "jan_co2.py"
loading script "jan_pump_extraction_line.py"
testing...
no interpolation path defined
executed snippet estimated_duration=213.652928, duration=0.000545978546143
script duration name:unknown120_60 seconds:214.0
loading script "jan_unknown120_60.py"
loading script "jan_pump_ms.py"
loading script "jan_co2.py"
loading script "jan_pump_extraction_line.py"
testing...
no interpolation path defined
executed snippet estimated_duration=0, duration=2.78949737549e-05
loading script "jan_unknown120_60.py"
loading script "jan_pump_ms.py"
loading script "jan_co2.py"
loading script "jan_pump_extraction_line.py"
testing...
no interpolation path defined
calculate duration
testing...
no interpolation path defined
executed snippet estimated_duration=0, duration=6.41345977783e-05
calculate duration
testing...
no interpolation path defined
executed snippet estimated_duration=0, duration=0.000234842300415
executed snippet estimated_duration=0.0, duration=0.00392198562622
script duration name:co2 seconds:0.0
loading script "jan_unknown120_60.py"
loading script "jan_pump_ms.py"
loading script "jan_co2.py"
loading script "jan_pump_extraction_line.py"
testing...
no interpolation path defined
calculate duration
testing...
no interpolation path defined
executed snippet estimated_duration=4.0, duration=0.000200033187866
executed snippet estimated_duration=4.0, duration=0.00182199478149
Script duration 214.0
Run total estimated duration= 215.000
run duration: 0:03:35
doing event level: 2
16:03:10 -- Setting default integration. t=1.048576
setting integration time = 1.048576
SetIntegrationTime 1.048576 ===>> OK
----------------- start -----------------
**************** Experiment Type: Ar/Ar, Ar/Ar
$$$$$ Clearing conditionals
adding conditionals 
Add queue conditionals
add default conditionals
adding default conditionals from /Users/jan/PychronDev/setupfiles/spectrometer/default_conditionals.yaml
Start automated run 65555-04C
loading script "jan_unknown120_60.py"
loading script "jan_pump_ms.py"
loading script "jan_co2.py"
loading script "jan_pump_extraction_line.py"
%%%%%%%%%%%%%%%%%% setting automated run 65555-04C
No value "sensitivity_multiplier" in metadata
$$$$$$$$$$$$$$$ auto_save_detector_ic=False
============================= Pre Extraction Check =============================
loading queue conditionals pre_run_terminations
loading system conditionals pre_run_terminations
loading conditionals from /Users/jan/PychronDev/setupfiles/spectrometer/default_conditionals.yaml
16:03:10 -- ******* Pre Extraction Check *******
Get a measurement from the spectrometer
GetData ===>> H2,-0.144487641841059,H1,-0.0369505159411031,AX,-0.024648132382569,L1,0.0010742036158901,L2,0.154...
Pre Extraction Termination data. keys=H2,H1,AX,L1,L2,CDD, signals=-0.14449,-0.03695,-0.02465,0.00107,0.15459,0.00372
16:03:10 -- testing system defined conditionals
Checking default pre extraction terminations n=2
testing CDD
evaluate ot="CDD.inactive" t="CDD", ctx="{'CDD': False}"
GetDeflection CDD ===>> 50
testing CDD==2000
evaluate ot="CDD.deflection==2000" t="CDD==2000", ctx="{'CDD': 50.0}"
16:03:10 -- ******* Pre Extraction Check Passed *******
=================================================================================
16:03:10 -- stopping status monitor
stop 4984189200
Alive clients [4991693744]
16:03:10 -- starting status monitor
start 4984189200
Monitor already running
start extraction
do extraction
Analysis started at 16:03:10.386581
Extraction Started jan_co2.py
16:03:10 -- ******* Extraction Started jan_co2.py *******
state changed from not run to extraction
DO EXTRACTION <pychron.extraction_line.pyscript_runner.RemotePyScriptRunner object at 0x12c301530>
testing...
no interpolation path defined
calculate duration
testing...
no interpolation path defined
executed snippet estimated_duration=0, duration=4.91142272949e-05
calculate duration
testing...
no interpolation path defined
executed snippet estimated_duration=0, duration=9.60826873779e-05
executed snippet estimated_duration=100.0, duration=0.00265789031982
Jan CO2 laser analysis
doing GOSUB
testing...
no interpolation path defined
executed snippet estimated_duration=0, duration=4.6968460083e-05
Waiting for CO2 access
wait ('FelixCO2Flag', 0) {}
waiting for FelixCO2Flag = 0
Read FelixCO2Flag ===>> 0
finished waiting
CO2 free
wait ('CO2PumpTimeFlag', 0) {}
waiting for CO2PumpTimeFlag = 0
Read CO2PumpTimeFlag ===>> 0
finished waiting
acquire ('JanCO2Flag',) {'clear': True}
acquire JanCO2Flag
Set JanCO2Flag 1 ===>> OK
JanCO2Flag acquired
set extraction state False (0.75, 'red', 1.5)
CO2 acquired
executed snippet estimated_duration=0, duration=0.0183529853821
WaitForCO2Access.py completed successfully
gosub finished
doing GOSUB
testing...
no interpolation path defined
executed snippet estimated_duration=0, duration=9.70363616943e-05
Prepare for CO2 analysis
close () {'description': 'Jan Inlet'}
closing name=--- desc=Jan Inlet
checking ownership. requestor=129.138.12.150
check software interlocks R
interlocks []
actuate state mode=None-script, software_lock=False
doing actuation None-script close_channel False
Close R ===>> OK
GetIndicatorState R ===>> False
change switch state (True, True)
update switch state R False args=() kw={} ncanvase=2
16:03:10 -- CLOSE  VALVE-R (Jan Inlet)
---------------------------------------- close None (Jan Inlet) result=[(True, True)]
action=close, ok=True, locked=[False]
open () {'description': 'Jan Ion Pump'}
opening name=--- desc=Jan Ion Pump
checking ownership. requestor=129.138.12.150
check software interlocks O
interlocks []
actuate state mode=None-script, software_lock=False
doing actuation None-script open_channel False
Open O ===>> OK
GetIndicatorState O ===>> OK
change switch state (True, True)
update switch state O True args=() kw={} ncanvase=2
16:03:11 -- OPEN   VALVE-O (Jan Ion Pump)
---------------------------------------- open None (Jan Ion Pump) result=[(True, True)], time=0.10 sec
action=open, ok=True, locked=[False]
close () {'description': 'Microbone to Minibone'}
closing name=--- desc=Microbone to Minibone
checking ownership. requestor=129.138.12.150
check software interlocks L
interlocks []
actuate state mode=None-script, software_lock=False
doing actuation None-script close_channel False
Close L ===>> OK
GetIndicatorState L ===>> False
change switch state (True, True)
update switch state L False args=() kw={} ncanvase=2
16:03:11 -- CLOSE  VALVE-L (Microbone to Minibone)
---------------------------------------- close None (Microbone to Minibone) result=[(True, True)]
action=close, ok=True, locked=[False]
open () {'description': 'Microbone to Turbo'}
opening name=--- desc=Microbone to Turbo
checking ownership. requestor=129.138.12.150
check software interlocks U
interlocks []
actuate state mode=None-script, software_lock=False
doing actuation None-script open_channel False
Open U ===>> OK
GetIndicatorState U ===>> OK
change switch state (True, True)
update switch state U True args=() kw={} ncanvase=2
16:03:12 -- OPEN   VALVE-U (Microbone to Turbo)
---------------------------------------- open None (Microbone to Turbo) result=[(True, True)], time=0.13 sec
action=open, ok=True, locked=[False]
open () {'description': 'Microbone to Inlet Pipette'}
opening name=--- desc=Microbone to Inlet Pipette
checking ownership. requestor=129.138.12.150
check software interlocks S
interlocks []
actuate state mode=None-script, software_lock=False
doing actuation None-script open_channel False
Open S ===>> OK
GetIndicatorState S ===>> OK
change switch state (True, True)
update switch state S True args=() kw={} ncanvase=2
16:03:12 -- OPEN   VALVE-S (Microbone to Inlet Pipette)
---------------------------------------- open None (Microbone to Inlet Pipette) result=[(True, True)], time=0.43 sec
action=open, ok=True, locked=[False]
open () {'description': 'Microbone to Getter D-50'}
opening name=--- desc=Microbone to Getter D-50
checking ownership. requestor=129.138.12.150
check software interlocks K
interlocks []
actuate state mode=None-script, software_lock=False
doing actuation None-script open_channel False
Open K ===>> OK
GetIndicatorState K ===>> OK
change switch state (True, True)
update switch state K True args=() kw={} ncanvase=2
16:03:13 -- OPEN   VALVE-K (Microbone to Getter D-50)
---------------------------------------- open None (Microbone to Getter D-50) result=[(True, True)], time=0.41 sec
action=open, ok=True, locked=[False]
open () {'description': 'Microbone to Getter NP-10'}
opening name=--- desc=Microbone to Getter NP-10
checking ownership. requestor=129.138.12.150
check software interlocks M
interlocks []
actuate state mode=None-script, software_lock=False
doing actuation None-script open_channel False
Open M ===>> OK
GetIndicatorState M ===>> OK
change switch state (True, True)
update switch state M True args=() kw={} ncanvase=2
16:03:13 -- OPEN   VALVE-M (Microbone to Getter NP-10)
---------------------------------------- open None (Microbone to Getter NP-10) result=[(True, True)], time=0.13 sec
action=open, ok=True, locked=[False]
close () {'description': 'CO2 Laser to Felix'}
closing name=--- desc=CO2 Laser to Felix
checking ownership. requestor=129.138.12.150
check software interlocks F
interlocks []
actuate state mode=None-script, software_lock=True
VALVE-F(CO2 Laser to Felix) software locked
change switch state (True, False)
---------------------------------------- close None (CO2 Laser to Felix) result=[(True, False)]
action=close, ok=True, locked=[True]
open () {'description': 'CO2 Laser to Jan'}
opening name=--- desc=CO2 Laser to Jan
checking ownership. requestor=129.138.12.150
check software interlocks A
interlocks []
actuate state mode=None-script, software_lock=False
doing actuation None-script open_channel False
Open A ===>> OK
GetIndicatorState A ===>> OK
change switch state (True, True)
update switch state A True args=() kw={} ncanvase=2
16:03:14 -- OPEN   VALVE-A (CO2 Laser to Jan)
---------------------------------------- open None (CO2 Laser to Jan) result=[(True, True)], time=0.12 sec
action=open, ok=True, locked=[False]
open () {'description': 'Microbone to CO2 Laser'}
opening name=--- desc=Microbone to CO2 Laser
checking ownership. requestor=129.138.12.150
check software interlocks T
interlocks []
actuate state mode=None-script, software_lock=False
doing actuation None-script open_channel False
Open T ===>> OK
GetIndicatorState T ===>> OK
change switch state (True, True)
update switch state T True args=() kw={} ncanvase=2
16:03:14 -- OPEN   VALVE-T (Microbone to CO2 Laser)
---------------------------------------- open None (Microbone to CO2 Laser) result=[(True, True)], time=0.40 sec
action=open, ok=True, locked=[False]
executed snippet estimated_duration=0, duration=4.81807208061
PrepareForCO2Analysis.py completed successfully
gosub finished
set_motor ('beam', '1.25') {}
setting motor "beam" to 1.25
set motor beam to 1.25
SetMotor beam,1.25 ===>> OK
GetMotorMoving beam ===>> False
GetMotorMoving beam ===>> False
Block completed
move_to_position ('190',) {'autocenter': True}
FusionsCO2 move to position 190
sending GoToHole 190,True
GoToHole 190,True ===>> OK
GetDriveMoving ===>> False
GetDriveMoving ===>> False
Block completed
GetAutoCorrecting ===>> False
GetAutoCorrecting ===>> False
Block completed
update position
GetPosition ===>> 0.00000,-9.96950,1.00000
got position (0.0, -9.9695, 1.0)
move to position succeeded
sleep (5,) {}
SLEEP 5.0
block started
WaitControl setup for 5.0  
Join finished
block finished. duration 5.04267501831
close () {'description': 'Microbone to Turbo'}
closing name=--- desc=Microbone to Turbo
checking ownership. requestor=129.138.12.150
check software interlocks U
interlocks []
actuate state mode=None-script, software_lock=False
doing actuation None-script close_channel True
Close U ===>> OK
GetIndicatorState U ===>> False
change switch state (True, True)
update switch state U False args=() kw={} ncanvase=2
16:03:23 -- CLOSE  VALVE-U (Microbone to Turbo)
---------------------------------------- close None (Microbone to Turbo) result=[(True, True)]
action=close, ok=True, locked=[False]
enable laser
enable () {}
set extraction state FusionsCO2 Enabled (False, 'red', 1.5)
enabling laser
Enable ===>> OK
begin interval
BEGIN INTERVAL Interval 1 waiting for 30.0
set extract to 5.0
block started
WaitControl setup for 30.0  
extract (5.0,) {}
GetPosition ===>> 0.00000,-9.96950,1.00000
set extraction state FusionsCO2 ON! 5.0(watts) (0.75, 'red', 1.5)
extract sample to 5.0 (watts)
set laser output
SetLaserOutput 5.0,watts ===>> OK
executing pattern triangle.lp
execute_pattern ('triangle.lp',) {}
executing pattern triangle.lp
IsPatterning ===>> OK
IsPatterning ===>> OK
IsPatterning ===>> OK
IsPatterning ===>> OK
IsPatterning ===>> OK
IsPatterning ===>> OK
IsPatterning ===>> OK
IsPatterning ===>> OK
IsPatterning ===>> OK
IsPatterning ===>> OK
IsPatterning ===>> OK
IsPatterning ===>> OK
IsPatterning ===>> OK
IsPatterning ===>> OK
IsPatterning ===>> OK
IsPatterning ===>> OK
IsPatterning ===>> OK
IsPatterning ===>> OK
IsPatterning ===>> OK
IsPatterning ===>> OK
IsPatterning ===>> OK
IsPatterning ===>> OK
IsPatterning ===>> OK
IsPatterning ===>> OK
IsPatterning ===>> OK
IsPatterning ===>> OK
IsPatterning ===>> False
IsPatterning ===>> False
Block completed
COMPLETE INTERVAL waiting for Interval 1 to complete
Join finished
block finished. duration 30.0700218678
Interval 1 finished
end_extract () {}
ending extraction. set laser power to 0
set laser power 0
SetLaserPower 0 ===>> OK
disable () {}
%%%%%%%%%%%%%%%%%%%%%%%%%%%%%%%%%%% disable
set extraction state False (0.75, 'red', 1.5)
disabling laser
Disable ===>> OK
sleep (30.0,) {}
SLEEP 30.0
block started
WaitControl setup for 30.0  
Join finished
block finished. duration 30.0671308041
executed snippet estimated_duration=166.5, duration=74.2385621071
jan_co2.py completed successfully
GetAchievedOutput ===>> No Response
Requested Output= 0.000
Achieved Output=  0.000
GetResponseBlob ===>> No Response
GetOutputBlob ===>> No Response
persistence save...
persistence save - db
AutomatedRunPersister post_extraction_save deprecated
persistence save - dvc
no extraction position for 190
create new session 4991427888
close session 4991427888
Extraction Finished
16:04:24 -- ******* Extraction Finished *******
no overlap. not waiting for min ms pumptime
16:04:24 -- Sending spectrometer configuration
======== Sending configuration ========
SetDeflection CDD,50.0 ===>> OK
SetDeflection H2,0.0 ===>> OK
SetDeflection H1,0.0 ===>> OK
SetDeflection L2,825.0 ===>> OK
SetDeflection L1,400.0 ===>> OK
SetDeflection AX,190.0 ===>> OK
SetZFocus 74.64 ===>> OK
SetZSymmetry -50.72 ===>> OK
SetExtractionLens 26.13 ===>> OK
SetIonRepeller -3.81 ===>> OK
SetElectronEnergy 75.08 ===>> OK
SetYSymmetry -2.81 ===>> OK
SetIonCounterVoltage 1590.0 ===>> OK
send trap current 200.0
GetParameter Trap Current Readback ===>> 197.923274125618
SetParameter Trap Current Set,200.0 ===>> OK
updating mftable name mftable
Using mftable located at /Users/jan/PychronDev/setupfiles/spectrometer/mftables/mftable.csv
============ MFtable ===========
Isotope  H2     H1     AX     L1     L2     CDD    
Ar40     5.7969 5.8794 5.9927 6.1368 6.2310 6.3651
Ar39     5.6962 5.7717 5.8851 6.0229 6.1162 6.2515
Ar36     5.3737 5.4407 5.5484 5.6818 5.7711 5.9027
================================
get initial guess parabolic
get initial guess parabolic
get initial guess parabolic
get initial guess parabolic
get initial guess parabolic
get initial guess parabolic
======== Configuration Finished ========
GetYSymmetry ===>> -2.81
GetZSymmetry ===>> -50.72
GetParameter Trap Current Readback ===>> 198.147042666178
GetHighVoltage ===>> 4500
start measurement
do measurement
L#=65555 analysis type=unknown
Measurement Started jan_unknown120_60.py
16:04:24 -- ******* Measurement Started jan_unknown120_60.py *******
state changed from extraction to measurement
setting spec, defl, and gains
GetExtractionLens ===>> 26.13
GetYSymmetry ===>> -2.81
GetZSymmetry ===>> -50.72
GetZFocus ===>> 74.64
GetDeflection H2 ===>> 0
GetDeflection H1 ===>> 0
GetDeflection AX ===>> 190
GetDeflection L1 ===>> 400
GetDeflection L2 ===>> 825
GetDeflection CDD ===>> 50
GetGain H2 ===>> 0.0113
GetGain H1 ===>> 0.1
GetGain AX ===>> 0.097049
GetGain L1 ===>> 0.010355
GetGain L2 ===>> 0.095649
GetGain CDD ===>> 0
pre measurement save
New frame /Users/jan/PychronDev/data/isotopes/9d/2f0930-bd58-48e5-a141-c68736f1c9cf.h5
flush and close file /Users/jan/PychronDev/data/isotopes/9d/2f0930-bd58-48e5-a141-c68736f1c9cf.h5
testing...
no interpolation path defined
executed snippet estimated_duration=226.132928, duration=0.000247001647949
unknown measurement script
activate_detectors ('H2', 'H1', 'AX', 'L1', 'L2', 'CDD') {}
activate detectors
*************** Set Analysis View Ar/Ar
create graphs
clearing graphs
clear isotope group
setting isotope det=H2, iso=PM41
setting isotope det=H1, iso=Ar40
setting isotope det=AX, iso=Ar39
setting isotope det=L1, iso=Ar38
setting isotope det=L2, iso=Ar37
setting isotope det=CDD, iso=Ar36
setting previous blanks
 - setting Ar40 blank 0.179+/-0.007
 - setting Ar36 blank 0.00450+/-0.00019
 - setting Ar37 blank 0.051+/-0.005
 - setting Ar38 blank 0.0076+/-0.0023
 - setting PM41 blank 0.04+/-0.07
 - setting Ar39 blank 0.011+/-0.009
load analysis view
position_magnet ('Ar40',) {'detector': 'H1'}
detector Detector(H1)
POSITION Ar40 H1
setting detector H2 to PM41 (40.9624)
setting detector H1 to Ar40 (39.9624)
setting detector AX to Ar39 (38.9624)
setting detector L1 to Ar38 (37.9624)
setting detector L2 to Ar37 (36.9624)
setting detector CDD to Ar36 (35.9624)
Mapping mass to dac mass func: "parabolic"
H1 map mass coeffs = [-0.00063987  0.15840543  0.57104999]
H1 map mass to dac 39.9624 >> 5.87944
GetDeflection H1 ===>> 0
GetHighVoltage ===>> 4500
positioning Ar40 (5.87944) on H1
setting magnet DAC
current  : 5.879441
requested: 5.879440
Delta Dac: 0.000001
Checking detector protection. dv=0.00000
Checking detector "CDD". Protection Threshold: 0.1 (V)
SetMagnetDAC 5.87944 ===>> OK
Magnet settling time: 0.500
equilibrate () {'delay': 3, 'inlet': 'R', 'outlet': 'O', 'eqtime': 12.0}
Equilibration Started
16:04:26 -- ******* Equilibration Started *******
checking ownership. requestor=129.138.12.150
check software interlocks O
interlocks []
actuate state mode=None-script, software_lock=False
doing actuation None-script close_channel True
Close O ===>> OK
GetIndicatorState O ===>> False
change switch state (True, True)
update switch state O False args=() kw={} ncanvase=2
16:04:26 -- CLOSE  VALVE-O (Jan Ion Pump)
waiting 3s before opening inlet value ('R',)
update labels <pychron.experiment.plot_panel.PlotPanel object at 0x1bea86fb0>
update labels "<pychron.graph.stacked_regression_graph.StackedRegressionGraph object at 0x1d202b4d0>"
setting label 0 H2 PM41
setting label 1 H1 Ar40
setting label 2 AX Ar39
setting label 3 L1 Ar38
setting label 4 L2 Ar37
setting label 5 CDD Ar36
update labels "<pychron.graph.stacked_graph.StackedGraph object at 0x1d202b9b0>"
setting label 0 H2 PM41
setting label 1 H1 Ar40
setting label 2 AX Ar39
setting label 3 L1 Ar38
setting label 4 L2 Ar37
setting label 5 CDD Ar36
checking ownership. requestor=129.138.12.150
check software interlocks R
interlocks []
actuate state mode=None-script, software_lock=False
doing actuation None-script open_channel True
Open R ===>> OK
GetIndicatorState R ===>> OK
change switch state (True, True)
update switch state R True args=() kw={} ncanvase=2
16:04:30 -- OPEN   VALVE-R (Jan Inlet)
equilibrating for 12.0sec
set_time_zero () {}
sniff (12.0,) {}
py_sniff
build tables- sniff [Detector(H2), Detector(H1), Detector(AX), Detector(L1), Detector(L2), Detector(CDD)]
add group /sniff/PM41 (Group) '' table H2
add group /sniff/Ar40 (Group) '' table H1
add group /sniff/Ar39 (Group) '' table AX
add group /sniff/Ar38 (Group) '' table L1
add group /sniff/Ar37 (Group) '' table L2
add group /sniff/Ar36 (Group) '' table CDD
flush and close file /Users/jan/PychronDev/data/isotopes/9d/2f0930-bd58-48e5-a141-c68736f1c9cf.h5
measuring sniff. ncounts=12.0
"sniff" increment series count="1" fit count="0" regressing="False"
starting measurement
GetData ===>> H2,-0.0549234005098136,H1,16.7973210221995,AX,4.57762106923187,L1,-0.00114608453678455,L2,0.22236...
GetData ===>> H2,1.0516837026725,H1,322.29222354825,AX,82.3134002557402,L1,0.446232972501458,L2,0.8317838823211...
GetData ===>> H2,0.594063097136561,H1,536.415056406031,AX,131.917431952678,L1,1.0879275265358,L2,0.860932179777...
GetData ===>> H2,0.188654359567981,H1,605.031237565029,AX,145.849371988934,L1,1.4783987402319,L2,0.939231168459...
GetData ===>> H2,0.0714050892680052,H1,629.680959717944,AX,150.358766131048,L1,1.68549878125701,L2,0.9115134981...
GetData ===>> H2,-0.127217763976417,H1,639.468120841506,AX,152.087460448078,L1,1.79557051702679,L2,0.8662661194...
GetData ===>> H2,-0.250273483621406,H1,644.143129308578,AX,152.791788305793,L1,1.86516765268406,L2,0.8151480257...
GetData ===>> H2,-0.17272199879791,H1,645.816095117689,AX,153.112406764208,L1,1.88082293234287,L2,0.83830629035...
GetData ===>> H2,-0.0277326484865078,H1,646.556602770553,AX,153.479545565385,L1,1.90020120107513,L2,0.782916708...
GetData ===>> H2,-0.00253777664852557,H1,647.141309897312,AX,153.434585148178,L1,1.89610463277349,L2,0.78567558...
GetData ===>> H2,-0.141425637821348,H1,647.046633175508,AX,153.345424845938,L1,1.90810000923633,L2,0.8093250126...
Equilibration Finished
GetData ===>> H2,-0.130329350383061,H1,646.967055700531,AX,153.302250810934,L1,1.91238920097188,L2,0.9079634649...
16:04:42 -- ******* Equilibration Finished *******
checking ownership. requestor=129.138.12.150
check software interlocks R
interlocks []
actuate state mode=None-script, software_lock=False
doing actuation None-script close_channel True
Close R ===>> OK
set states for children of R. state=False
handle state [('R', False)]
update switch state R False args=() kw={'refresh': False} ncanvase=2
refresh_canvas_needed fired
GetIndicatorState R ===>> False
change switch state (True, True)
update switch state R False args=() kw={} ncanvase=2
16:04:42 -- CLOSE  VALVE-R (Jan Inlet)
Post Equilibration Started jan_pump_extraction_line.py
16:04:42 -- ******* Post Equilibration Started jan_pump_extraction_line.py *******
testing...
no interpolation path defined
calculate duration
testing...
no interpolation path defined
executed snippet estimated_duration=4.0, duration=0.000148057937622
executed snippet estimated_duration=4.0, duration=0.00122094154358
Pump after analysis
doing GOSUB
testing...
no interpolation path defined
executed snippet estimated_duration=4.0, duration=0.000140905380249
Pump Microbone
close () {'description': 'Jan Inlet'}
closing name=--- desc=Jan Inlet
checking ownership. requestor=129.138.12.150
check software interlocks R
interlocks []
actuate state mode=None-script, software_lock=False
doing actuation None-script close_channel False
measurement finished
estimated time: 12.583 actual time: :12.662
flush and close file /Users/jan/PychronDev/data/isotopes/9d/2f0930-bd58-48e5-a141-c68736f1c9cf.h5
set_fits () {}
Close R ===>> OK
using default fits file=/Users/jan/PychronDev/scripts/measurement/fits/nominal_linear.yaml
set "Ar40" to "('Linear', 'SEM')"
No fit for "PM41". defaulting to linear. check the measurement script "jan_unknown120_60.py"
set "PM41" to "linear"
set "Ar36" to "('Linear', 'SEM')"
set "Ar37" to "('linear', 'SEM')"
set "Ar38" to "('linear', 'SEM')"
set "Ar39" to "('Linear', 'SEM')"
set_baseline_fits () {}
using default fits file=/Users/jan/PychronDev/scripts/measurement/fits/nominal_linear.yaml
set "H1" to "('average', 'SEM')"
set "H2" to "('average', 'SEM')"
set "CDD" to "('average', 'SEM')"
set "L2" to "('average', 'SEM')"
set "L1" to "('average', 'SEM')"
set "AX" to "('average', 'SEM')"
multicollect () {'integration_time': 1, 'ncounts': 120}
build tables- signal [Detector(H2), Detector(H1), Detector(AX), Detector(L1), Detector(L2), Detector(CDD)]
add group /signal/PM41 (Group) '' table H2
add group /signal/Ar40 (Group) '' table H1
add group /signal/Ar39 (Group) '' table AX
add group /signal/Ar38 (Group) '' table L1
add group /signal/Ar37 (Group) '' table L2
add group /signal/Ar36 (Group) '' table CDD
flush and close file /Users/jan/PychronDev/data/isotopes/9d/2f0930-bd58-48e5-a141-c68736f1c9cf.h5
measuring signal. ncounts=120
GetIndicatorState R ===>> False
change switch state (True, True)
update switch state R False args=() kw={} ncanvase=2
16:04:43 -- CLOSE  VALVE-R (Jan Inlet)
---------------------------------------- close None (Jan Inlet) result=[(True, True)]
"signal" increment series count="2" fit count="1" regressing="True"
action=close, ok=True, locked=[False]
is_closed ('F',) {}
is F () closed?
is closed True
open () {'description': 'CO2 Laser to Jan'}
opening name=--- desc=CO2 Laser to Jan
checking ownership. requestor=129.138.12.150
check software interlocks A
interlocks []
actuate state mode=None-script, software_lock=False
doing actuation None-script open_channel False
Open A ===>> OK
GetIndicatorState A ===>> OK
change switch state (True, True)
update switch state A True args=() kw={} ncanvase=2
16:04:43 -- OPEN   VALVE-A (CO2 Laser to Jan)
---------------------------------------- open None (CO2 Laser to Jan) result=[(True, True)], time=0.11 sec
starting measurement
GetData ===>> H2,-0.157434052428545,H1,646.869367868287,AX,153.307062638075,L1,1.94871773780957,L2,0.9459899944...
action=open, ok=True, locked=[False]
sleep (1,) {}
SLEEP 1.0
GetData ===>> H2,0.13758424970977,H1,646.712234583819,AX,153.663994910987,L1,1.98931724464115,L2,0.789796887093...
close () {'description': 'CO2 Laser to Roughing'}
closing name=--- desc=CO2 Laser to Roughing
checking ownership. requestor=129.138.12.150
check software interlocks G
interlocks []
actuate state mode=None-script, software_lock=True
VALVE-G(CO2 Laser to Roughing) software locked
change switch state (True, False)
---------------------------------------- close None (CO2 Laser to Roughing) result=[(True, False)]
action=close, ok=True, locked=[True]
open () {'description': 'Microbone to Turbo'}
opening name=--- desc=Microbone to Turbo
checking ownership. requestor=129.138.12.150
check software interlocks U
interlocks []
actuate state mode=None-script, software_lock=False
doing actuation None-script open_channel True
Open U ===>> OK
GetIndicatorState U ===>> OK
change switch state (True, True)
update switch state U True args=() kw={} ncanvase=2
16:04:45 -- OPEN   VALVE-U (Microbone to Turbo)
---------------------------------------- open None (Microbone to Turbo) result=[(True, True)], time=0.16 sec
action=open, ok=True, locked=[False]
open () {'description': 'Microbone to Getter NP-10'}
opening name=--- desc=Microbone to Getter NP-10
checking ownership. requestor=129.138.12.150
check software interlocks M
interlocks []
actuate state mode=None-script, software_lock=False
doing actuation None-script open_channel False
Open M ===>> OK
GetIndicatorState M ===>> OK
change switch state (True, True)
update switch state M True args=() kw={} ncanvase=2
16:04:45 -- OPEN   VALVE-M (Microbone to Getter NP-10)
---------------------------------------- open None (Microbone to Getter NP-10) result=[(True, True)], time=0.13 sec
action=open, ok=True, locked=[False]
open () {'description': 'Microbone to Getter D-50'}
opening name=--- desc=Microbone to Getter D-50
checking ownership. requestor=129.138.12.150
check software interlocks K
interlocks []
actuate state mode=None-script, software_lock=False
doing actuation None-script open_channel False
GetData ===>> H2,0.0957090954542542,H1,646.564172482906,AX,153.443982927877,L1,1.97244937804957,L2,0.8706616914...
Open K ===>> OK
GetIndicatorState K ===>> OK
change switch state (True, True)
update switch state K True args=() kw={} ncanvase=2
16:04:46 -- OPEN   VALVE-K (Microbone to Getter D-50)
---------------------------------------- open None (Microbone to Getter D-50) result=[(True, True)], time=0.40 sec
action=open, ok=True, locked=[False]
open () {'description': 'Microbone to CO2 Laser'}
opening name=--- desc=Microbone to CO2 Laser
checking ownership. requestor=129.138.12.150
check software interlocks T
interlocks []
actuate state mode=None-script, software_lock=False
doing actuation None-script open_channel False
Open T ===>> OK
GetIndicatorState T ===>> OK
change switch state (True, True)
update switch state T True args=() kw={} ncanvase=2
16:04:46 -- OPEN   VALVE-T (Microbone to CO2 Laser)
---------------------------------------- open None (Microbone to CO2 Laser) result=[(True, True)], time=0.41 sec
GetData ===>> H2,-0.053622311104578,H1,646.274915604932,AX,153.501646196905,L1,1.88622345011039,L2,0.8112812311...
action=open, ok=True, locked=[False]
open () {'description': 'Microbone to Inlet Pipette'}
opening name=--- desc=Microbone to Inlet Pipette
checking ownership. requestor=129.138.12.150
check software interlocks S
interlocks []
actuate state mode=None-script, software_lock=False
doing actuation None-script open_channel False
Open S ===>> OK
GetIndicatorState S ===>> OK
change switch state (True, True)
update switch state S True args=() kw={} ncanvase=2
16:04:47 -- OPEN   VALVE-S (Microbone to Inlet Pipette)
---------------------------------------- open None (Microbone to Inlet Pipette) result=[(True, True)], time=0.41 sec
action=open, ok=True, locked=[False]
sleep (1,) {}
SLEEP 1.0
GetData ===>> H2,-0.160266410100347,H1,645.654214713584,AX,153.201212443366,L1,1.90270180971053,L2,0.8304794538...
set_resource () {'name': 'CO2PumpTimeFlag', 'value': 30}
Set CO2PumpTimeFlag 30 ===>> OK
release ('JanCO2Flag',) {}
release JanCO2Flag
Set JanCO2Flag 0 ===>> OK
executed snippet estimated_duration=6.0, duration=5.86902093887
PumpMicrobone.py completed successfully
gosub finished
get_resource_value () {'name': 'JanMiniboneFlag'}
Read JanMiniboneFlag ===>> 0
Get Resource Value JanMiniboneFlag=0.0
get resource value 0.0
get_resource_value () {'name': 'JanMiniboneFlag'}
Read JanMiniboneFlag ===>> 0
Get Resource Value JanMiniboneFlag=0.0
executed snippet estimated_duration=4.0, duration=5.89306592941
jan_pump_extraction_line.py completed successfully
Post Equilibration Finished
16:04:48 -- ******* Post Equilibration Finished *******
GetData ===>> H2,-0.148780622287548,H1,645.657189124537,AX,152.787130515846,L1,1.94600332823838,L2,0.9001080513...
GetData ===>> H2,-0.0178093013440624,H1,645.982805737504,AX,152.941317933673,L1,1.95439212666078,L2,0.747664960...
GetData ===>> H2,-0.0954474484673485,H1,645.790431354282,AX,153.016977064648,L1,1.98059415898091,L2,0.947616765...
GetData ===>> H2,-0.148621251811735,H1,645.118372418818,AX,152.821042081444,L1,1.93747939906516,L2,0.8332370822...
GetData ===>> H2,-0.137113648221582,H1,644.845643383015,AX,152.9703692179,L1,1.95670562852249,L2,0.848296731752...
GetData ===>> H2,-0.076477362160744,H1,644.510433611427,AX,152.701616554546,L1,1.98244389585567,L2,0.8200789868...
GetData ===>> H2,-0.121355878537677,H1,644.420777916666,AX,152.81948920948,L1,1.96969599608107,L2,0.78810255455...
GetData ===>> H2,-0.0268902892724979,H1,644.037310397616,AX,152.846966740515,L1,1.96585031376392,L2,0.803398423...
GetData ===>> H2,-0.117948238523007,H1,643.825684048634,AX,152.70314849794,L1,1.94634407304322,L2,0.74990786816...
GetData ===>> H2,-0.133269324023685,H1,643.315270745719,AX,152.598241603289,L1,1.92763008874499,L2,0.7905066839...
GetData ===>> H2,-0.121453263297845,H1,643.480137431756,AX,152.495088561814,L1,1.93501262982353,L2,0.9152583526...
GetData ===>> H2,-0.153957807946646,H1,642.769562922308,AX,152.330374646926,L1,1.94920858691454,L2,0.9202975308...
GetData ===>> H2,-0.155667015896512,H1,642.48959860448,AX,152.526351337801,L1,1.96976976196899,L2,0.77298081571...
GetData ===>> H2,-0.20460392955003,H1,642.445028986784,AX,152.44604362652,L1,1.96004308616745,L2,0.954903206736...
GetData ===>> H2,-0.0739249472101831,H1,642.57563119221,AX,152.223535082064,L1,1.97010830101752,L2,0.9600704987...
GetData ===>> H2,-0.11912932683826,H1,642.17200810404,AX,152.151875038651,L1,1.92767741385518,L2,0.828511402319...
GetData ===>> H2,-0.213009644647644,H1,641.552115896814,AX,152.070704590852,L1,1.90104592183945,L2,0.7661018421...
GetData ===>> H2,-0.181367882558246,H1,641.410617300314,AX,152.080228991711,L1,1.89494778235783,L2,0.8813996374...
GetData ===>> H2,-0.153388915570506,H1,641.511847921571,AX,152.240834161242,L1,1.91455873540928,L2,0.7735073464...
16:05:09 -- collecting point 25
GetData ===>> H2,-0.208127842089507,H1,641.355798392513,AX,152.204631400632,L1,1.87473445399401,L2,0.9188201080...
GetData ===>> H2,-0.211184603675477,H1,641.057571359862,AX,152.000083023693,L1,1.91610960308124,L2,0.7923269933...
GetData ===>> H2,-0.1690750143987,H1,640.677939315037,AX,151.999504478877,L1,1.94729926703372,L2,0.865854044915...
GetData ===>> H2,-0.0295733943092714,H1,639.991762900402,AX,151.832481938511,L1,1.92642862477282,L2,0.874588114...
GetData ===>> H2,-0.153961861709117,H1,640.08695341745,AX,151.806646457957,L1,1.91520008474469,L2,0.84287223947...
GetData ===>> H2,-0.2663466579589,H1,639.721843784836,AX,151.598071358944,L1,1.90579123647368,L2,0.823900369706...
GetData ===>> H2,-0.0928277842784725,H1,639.83345831334,AX,151.697688326548,L1,1.93722019792575,L2,0.8082039229...
GetData ===>> H2,-0.093484788847022,H1,639.303933178195,AX,151.596069630729,L1,1.9222468679072,L2,0.81767639879...
GetData ===>> H2,-0.129358929750334,H1,639.419334747557,AX,151.64558308303,L1,1.92115240826416,L2,0.87826284258...
GetData ===>> H2,-0.116357024962786,H1,638.792855734568,AX,151.455818493226,L1,1.89099361062688,L2,0.8206510404...
GetData ===>> H2,-0.101418675606672,H1,638.364627953696,AX,151.490547357307,L1,1.90140616257637,L2,0.8377684610...
GetData ===>> H2,-0.0728959573379317,H1,638.162323280121,AX,151.693395813523,L1,1.88436974713205,L2,0.816532330...
GetData ===>> H2,-0.116386794610275,H1,638.173615260936,AX,151.427639432321,L1,1.83181374016038,L2,0.9183849025...
GetData ===>> H2,-0.210418133326979,H1,637.594336675726,AX,151.138041923557,L1,1.9005033488096,L2,0.92380220608...
GetData ===>> H2,-0.223892498913298,H1,637.360797263196,AX,151.182675346087,L1,1.94467202461911,L2,0.8827505514...
GetData ===>> H2,-0.209727053132037,H1,637.048199749493,AX,151.134930789471,L1,1.935184956857,L2,0.777879952571...
GetData ===>> H2,-0.266357412193849,H1,637.010677201409,AX,151.138721847731,L1,1.93286994815041,L2,0.8425747023...
GetData ===>> H2,-0.204420629107266,H1,636.958889634593,AX,151.042717863592,L1,1.9105747940376,L2,0.78101644709...
GetData ===>> H2,-0.297113528591751,H1,637.17523578592,AX,151.020014420017,L1,1.89832544311488,L2,0.74963322360...
GetData ===>> H2,-0.221047759211787,H1,636.530953484318,AX,150.977190905492,L1,1.91078893369675,L2,0.8423572719...
GetData ===>> H2,-0.219374523908664,H1,636.284832692902,AX,151.061261908245,L1,1.92148874924979,L2,0.8496128467...
GetData ===>> H2,-0.175862865451989,H1,636.12766092349,AX,150.835341218965,L1,1.85896967253648,L2,0.76514042749...
GetData ===>> H2,-0.162183961433704,H1,636.066454087798,AX,150.750779426368,L1,1.88997379060265,L2,0.7131010567...
GetData ===>> H2,-0.0963142157654257,H1,635.433514539024,AX,150.564999068189,L1,1.92429549416421,L2,0.850150742...
GetData ===>> H2,-0.107110760540375,H1,634.996803021509,AX,150.647786602992,L1,1.90338316855144,L2,0.8458476614...
16:05:35 -- collecting point 50
GetData ===>> H2,-0.159908521282353,H1,634.875457620493,AX,150.599105028092,L1,1.91881494342396,L2,0.7362223700...
GetData ===>> H2,-0.121013672685522,H1,634.771587209491,AX,150.72886351697,L1,1.85553248687083,L2,0.83445000612...
GetData ===>> H2,-0.173610967189327,H1,634.612660657809,AX,150.594167680724,L1,1.87520277986468,L2,0.8085356725...
GetData ===>> H2,-0.21478860768464,H1,634.317779807974,AX,150.628937839056,L1,1.92117868453436,L2,0.81550268043...
GetData ===>> H2,-0.19455068341877,H1,634.151241848389,AX,150.405514443999,L1,1.93207033070286,L2,0.81850013649...
GetData ===>> H2,-0.238453594138967,H1,633.896656599401,AX,150.263785084775,L1,1.91145896808435,L2,0.8402287687...
GetData ===>> H2,-0.147639318192576,H1,633.61921730871,AX,150.413553798776,L1,1.89197414438449,L2,0.81510226399...
GetData ===>> H2,-0.106979520138943,H1,633.196058544404,AX,150.291495001255,L1,1.85456523470907,L2,0.8851433185...
GetData ===>> H2,-0.0303530744999288,H1,632.929386228689,AX,150.316968205914,L1,1.87699493343863,L2,0.814370078...
GetData ===>> H2,-0.0366578308102828,H1,632.624578337264,AX,150.173553152836,L1,1.86061261239992,L2,0.729769350...
GetData ===>> H2,-0.104024180159068,H1,632.276649620007,AX,150.164458624881,L1,1.87016505911184,L2,0.8531836146...
GetData ===>> H2,-0.158541687154996,H1,632.167362904304,AX,149.989367041788,L1,1.90056377935059,L2,0.7708747215...
GetData ===>> H2,-0.0520795338287653,H1,632.103542856707,AX,150.101554742941,L1,1.84319918987637,L2,0.774972490...
GetData ===>> H2,-0.284324699184461,H1,631.822323294331,AX,149.980055229087,L1,1.87543498243275,L2,0.8494526230...
GetData ===>> H2,-0.241849849652272,H1,631.405588976888,AX,149.759457045812,L1,1.89069303609655,L2,0.7860304722...
GetData ===>> H2,-0.164985433689095,H1,631.326685855989,AX,149.695422701846,L1,1.8953154401512,L2,0.82784776612...
GetData ===>> H2,-0.216242813118757,H1,631.020255128638,AX,149.605603010274,L1,1.86374042626846,L2,0.8245639786...
GetData ===>> H2,-0.24109880381734,H1,630.777019036826,AX,149.787335843305,L1,1.85003548527872,L2,0.77831493474...
GetData ===>> H2,-0.174446702676308,H1,630.306575638315,AX,149.63042757087,L1,1.88407066505716,L2,0.84971584778...
GetData ===>> H2,-0.146176390050883,H1,630.513218359363,AX,149.374568357219,L1,1.88961549787234,L2,0.8001581518...
GetData ===>> H2,-0.126128101554971,H1,630.453517513017,AX,149.464029887504,L1,1.90702436039882,L2,0.7956929393...
GetData ===>> H2,-0.279436378668677,H1,629.876145944247,AX,149.262858772515,L1,1.85152641459907,L2,0.8315092643...
GetData ===>> H2,-0.267048350297645,H1,629.417437891036,AX,149.337747421714,L1,1.86363034486934,L2,0.7409594371...
GetData ===>> H2,-0.0982520141499137,H1,629.293213906528,AX,149.444081173697,L1,1.90390964228221,L2,0.804337320...
GetData ===>> H2,-0.12680137927239,H1,629.239178532897,AX,149.214578138101,L1,1.87643337809122,L2,0.85862013482...
16:06:01 -- collecting point 75
GetData ===>> H2,-0.160340687495383,H1,629.021079532181,AX,149.236018070264,L1,1.88848951087301,L2,0.8387296900...
GetData ===>> H2,-0.197577084502211,H1,628.516011110421,AX,149.08910771928,L1,1.86337873437867,L2,0.80505867526...
GetData ===>> H2,-0.0835352026148164,H1,628.080150551313,AX,149.035532511661,L1,1.87196032700525,L2,0.827481623...
GetData ===>> H2,-0.10831350142965,H1,627.817385123196,AX,149.28999035627,L1,1.88697262880059,L2,0.881994953118...
GetData ===>> H2,-0.205380227905368,H1,628.281630758525,AX,149.111146511816,L1,1.85474740713696,L2,0.8840785870...
GetData ===>> H2,-0.246372565807005,H1,627.922156839103,AX,148.917371935169,L1,1.82315780340643,L2,0.8399083530...
GetData ===>> H2,-0.177052089381082,H1,627.787878139234,AX,148.913257233812,L1,1.8485683356887,L2,0.77575085771...
GetData ===>> H2,-0.102967161772351,H1,627.50977806078,AX,148.961534412184,L1,1.86914363125491,L2,0.77462909554...
GetData ===>> H2,-0.107248764275444,H1,626.840427154844,AX,148.783768189395,L1,1.88542446980277,L2,0.7990361045...
GetData ===>> H2,-0.0537525624134606,H1,626.585169362222,AX,148.639157356694,L1,1.89126137825134,L2,0.821440480...
GetData ===>> H2,-0.19643609115051,H1,626.63109829062,AX,148.846079519226,L1,1.83826400031109,L2,0.793861117395...
GetData ===>> H2,-0.114942876798814,H1,626.363360550302,AX,148.921015882333,L1,1.82948257421921,L2,0.8277562304...
GetData ===>> H2,-0.0319598081398937,H1,625.933036596721,AX,148.651413510111,L1,1.85069838671242,L2,0.784748322...
GetData ===>> H2,-0.151381555970392,H1,625.61914989738,AX,148.580139556603,L1,1.84450063955257,L2,0.79221250747...
GetData ===>> H2,-0.148183646782273,H1,625.473702964887,AX,148.658370647617,L1,1.86230683332774,L2,0.7896480593...
GetData ===>> H2,-0.205837086927185,H1,625.595673142968,AX,148.412163615347,L1,1.86940979651813,L2,0.8332256396...
GetData ===>> H2,-0.160491941776587,H1,625.18005528597,AX,148.404824280082,L1,1.86276283714766,L2,0.74610868817...
GetData ===>> H2,-0.169327359304229,H1,625.056579973522,AX,148.182814807914,L1,1.85399907779299,L2,0.7663307517...
GetData ===>> H2,-0.21088152407124,H1,624.216644591598,AX,148.338580034945,L1,1.85634777088488,L2,0.82883178005...
GetData ===>> H2,-0.251296915014724,H1,624.411428205682,AX,148.24972944236,L1,1.84096517287444,L2,0.89662714039...
GetData ===>> H2,-0.189278596386227,H1,624.145809920175,AX,147.938171937114,L1,1.8638518192816,L2,0.82828256173...
GetData ===>> H2,-0.148672574751869,H1,623.929288739089,AX,148.032638707325,L1,1.8798648235173,L2,0.86567090123...
GetData ===>> H2,-0.234501424273373,H1,623.772006409386,AX,148.179158241598,L1,1.90844282048017,L2,0.7267489370...
GetData ===>> H2,-0.175258081659979,H1,623.331830831962,AX,148.258169692083,L1,1.86364213925228,L2,0.8043373208...
GetData ===>> H2,-0.0703413825538587,H1,622.931207514982,AX,148.201956877551,L1,1.88027299393305,L2,0.803341173...
16:06:27 -- collecting point 100
GetData ===>> H2,-0.228082875225926,H1,622.664623692292,AX,147.83752666098,L1,1.87850523957995,L2,0.78150867999...
GetData ===>> H2,-0.161207671264604,H1,622.725483406144,AX,148.055593552113,L1,1.86163858601322,L2,0.7502969492...
GetData ===>> H2,-0.139130619809182,H1,622.467012463958,AX,147.825832779798,L1,1.83416242210045,L2,0.7681734944...
GetData ===>> H2,-0.173327691968169,H1,622.155060546356,AX,147.761767628119,L1,1.91165604477113,L2,0.7243464033...
GetData ===>> H2,-0.266233737872929,H1,622.526827373975,AX,147.734235583424,L1,1.92168582881105,L2,0.7835119794...
GetData ===>> H2,-0.317113870939051,H1,621.812728442743,AX,147.756175142129,L1,1.8697769315827,L2,0.83395796912...
GetData ===>> H2,-0.228470594998699,H1,621.523565894587,AX,147.782186757954,L1,1.84574855240179,L2,0.8693681819...
GetData ===>> H2,-0.245574729349604,H1,621.337321736842,AX,147.559345228985,L1,1.8754021851628,L2,0.70446488421...
GetData ===>> H2,-0.115493671233043,H1,621.117351938037,AX,147.386850245893,L1,1.87915220211827,L2,0.7813827597...
GetData ===>> H2,-0.117151306544224,H1,621.096537748009,AX,147.336600619739,L1,1.84398344542645,L2,0.7675439821...
GetData ===>> H2,-0.13622401193516,H1,620.59164009221,AX,147.57497063324,L1,1.82820136352459,L2,0.8351480164284...
GetData ===>> H2,-0.0642776396154303,H1,620.26587471303,AX,147.493269217843,L1,1.81458625713698,L2,0.7446439842...
GetData ===>> H2,-0.18332280842132,H1,619.962095713427,AX,147.277706062563,L1,1.87092037354054,L2,0.82809948965...
GetData ===>> H2,-0.101552687558681,H1,619.848908527418,AX,147.097103309044,L1,1.88899474721298,L2,0.8694139696...
GetData ===>> H2,-0.228750606560461,H1,619.709604203253,AX,147.057437411629,L1,1.84256423263548,L2,0.7714355790...
GetData ===>> H2,-0.146057510405561,H1,619.564858804301,AX,147.050861255877,L1,1.84598558018972,L2,0.7781775717...
GetData ===>> H2,-0.0639224870944193,H1,619.371147285764,AX,146.889833894597,L1,1.88656457594416,L2,0.821955335...
GetData ===>> H2,-0.0593682328065868,H1,618.92836374401,AX,146.918816262342,L1,1.90312978741566,L2,0.7597154824...
GetData ===>> H2,-0.174870625070553,H1,618.707240852105,AX,146.822346164376,L1,1.883595823361,L2,0.805699883736...
GetData ===>> H2,-0.114769648456765,H1,618.191445272784,AX,147.007503541548,L1,1.8531630012082,L2,0.76342363958...
GetData ===>> H2,-0.0464263255258238,H1,617.883604592686,AX,147.056826612507,L1,1.84405414901029,L2,0.858860493...
measurement finished
estimated time: 125.829 actual time: :126.117
flush and close file /Users/jan/PychronDev/data/isotopes/9d/2f0930-bd58-48e5-a141-c68736f1c9cf.h5
baselines () {'settling_time': 15.0, 'detector': 'H1', 'mass': 34.2, 'ncounts': 60}
%%%%%%%%%%%%%%%%%%%%%%%%%%%%%%%% Baseline
build tables- baseline [Detector(H2), Detector(H1), Detector(AX), Detector(L1), Detector(L2), Detector(CDD)]
add group baseline table H2
add group baseline table H1
add group baseline table AX
add group baseline table L1
add group baseline table L2
add group baseline table CDD
flush and close file /Users/jan/PychronDev/data/isotopes/9d/2f0930-bd58-48e5-a141-c68736f1c9cf.h5
detector Detector(H1)
POSITION 34.2 H1
Mapping mass to dac mass func: "parabolic"
H1 map mass coeffs = [-0.00063987  0.15840543  0.57104999]
H1 map mass to dac 34.2 >> 5.24009599104
GetDeflection H1 ===>> 0
GetHighVoltage ===>> 4500
positioning 34.2 (5.24009599104) on H1
setting magnet DAC
current  : 5.879440
requested: 5.240096
Delta Dac: 0.639344
Checking detector protection. dv=0.63934
Checking detector "CDD". Protection Threshold: 0.1 (V)
ProtectDetector CDD,On ===>> OK
GetDeflection CDD ===>> 2000
Protected = 2000
SetMagnetDAC 5.24009599104 ===>> OK
Magnet settling time: 0.500
GetMagnetMoving ===>> True
GetMagnetMoving ===>> True
GetMagnetMoving ===>> True
GetMagnetMoving ===>> True
GetMagnetMoving ===>> True
GetMagnetMoving ===>> True
GetMagnetMoving ===>> True
GetMagnetMoving ===>> True
GetMagnetMoving ===>> False
ProtectDetector CDD,Off ===>> OK
GetDeflection CDD ===>> 50
Delaying 15.0s for detectors to settle
Join finished
measuring baseline. ncounts=60
"baseline" increment series count="2" fit count="1" regressing="True"
starting measurement
GetData ===>> H2,-0.101452517157871,H1,-0.09476608680814,AX,-0.0736366872341047,L1,-0.0379314589230772,L2,-0.09...
GetData ===>> H2,-0.21879381833461,H1,-0.112652344779573,AX,-0.0780531413492571,L1,-0.0633319178251357,L2,-0.09...
GetData ===>> H2,-0.264175436798231,H1,-0.129062073903818,AX,-0.139452129998687,L1,-0.09793239556905,L2,-0.0203...
GetData ===>> H2,-0.27359537447057,H1,-0.0308332244119079,AX,-0.108000916277009,L1,-0.0297053792504499,L2,-0.00...
GetData ===>> H2,-0.272382204314659,H1,-0.0165342367645092,AX,-0.137991125243511,L1,-0.0424804055094278,L2,0.00...
GetData ===>> H2,-0.244373159290779,H1,-0.08206144585563,AX,-0.0899336830120725,L1,-0.0564984249505164,L2,-0.11...
GetData ===>> H2,-0.24424128827232,H1,-0.0568619164241334,AX,-0.159579295108211,L1,-0.0497845932963768,L2,-0.01...
GetData ===>> H2,-0.250691743405648,H1,0.0592403547163613,AX,-0.195869547704562,L1,-0.0415619189583384,L2,-0.06...
GetData ===>> H2,-0.243657269533583,H1,-0.00837610095711912,AX,-0.0672608749670369,L1,-0.0807943956839768,L2,0....
GetData ===>> H2,-0.124842273501354,H1,-0.0550020970549568,AX,-0.00341016487456191,L1,-0.0468405743166576,L2,-0...
GetData ===>> H2,-0.121639915086451,H1,-0.0222826991939538,AX,0.00754120414899352,L1,-0.0275431237314956,L2,0.0...
GetData ===>> H2,-0.0782134361191629,H1,-0.0097954735326365,AX,0.0305384483493565,L1,0.0096929912456718,L2,0.10...
GetData ===>> H2,-0.221024858307111,H1,-0.0351260997004442,AX,-0.00578821248305365,L1,-0.00583468441985448,L2,0...
GetData ===>> H2,-0.174908426296946,H1,-0.0325026977931795,AX,-0.0482352866125695,L1,-0.0344434971543051,L2,0.0...
GetData ===>> H2,-0.195189475728908,H1,0.00991055741421678,AX,-0.142524806486522,L1,-0.0182862919967785,L2,-0.1...
GetData ===>> H2,-0.307151358018773,H1,-0.0129442618465923,AX,-0.122693279953,L1,-0.0101470359500718,L2,-0.0992...
GetData ===>> H2,-0.339233469822757,H1,-0.038464875403643,AX,-0.0683158109305329,L1,-0.0252006548029577,L2,-0.0...
GetData ===>> H2,-0.203283021700957,H1,-0.0862329411202677,AX,0.0249336747599449,L1,-0.00365622071634812,L2,-0....
GetData ===>> H2,-0.190163065729001,H1,-0.0372128475676135,AX,-0.0712718892422962,L1,-0.0174696327065255,L2,0.0...
GetData ===>> H2,-0.158819929598854,H1,0.0169732270578706,AX,0.0480510933195319,L1,-0.0235132598750744,L2,0.005...
GetData ===>> H2,-0.158143221274381,H1,-0.0323953753419424,AX,-0.0297626467724319,L1,-0.0264120968805554,L2,-0....
GetData ===>> H2,-0.158548440693261,H1,-0.0163195574987228,AX,-0.0709936739353874,L1,0.000616904243716569,L2,-0...
GetData ===>> H2,-0.14072015168132,H1,0.0148018803030282,AX,-0.07042564854705,L1,0.00177039476005396,L2,-0.1227...
GetData ===>> H2,-0.122458171130314,H1,-0.0395141819065302,AX,-0.128764239737803,L1,-0.0168292103284809,L2,0.01...
16:07:33 -- collecting point 25
GetData ===>> H2,-0.159537115275929,H1,-0.0891409663674956,AX,-0.0765114622934517,L1,0.000976980751432034,L2,-0...
GetData ===>> H2,-0.13217785567183,H1,-0.00612176196825836,AX,-0.0159029658682169,L1,0.0055233714970814,L2,-0.0...
GetData ===>> H2,-0.205349230902044,H1,-0.0225927728449314,AX,-0.116031008299902,L1,0.00797453888309674,L2,-0.0...
GetData ===>> H2,-0.196661331813583,H1,-0.0801544186670221,AX,0.0197237294873839,L1,-0.00767809299124958,L2,-0....
GetData ===>> H2,-0.120402275287643,H1,-0.0489574453864659,AX,0.00404916137252628,L1,-0.0428240679430051,L2,0.0...
GetData ===>> H2,-0.221232311867492,H1,-0.0163553374083357,AX,-0.0696373629225044,L1,-0.00983770182919072,L2,-0...
GetData ===>> H2,-0.236366143944194,H1,0.0542513798769797,AX,-0.0323719893479785,L1,-0.0135239144522732,L2,-0.0...
GetData ===>> H2,-0.095042482963605,H1,0.0836677041931246,AX,-0.0166104952907528,L1,-0.0215918256794575,L2,-0.1...
GetData ===>> H2,-0.109923597495665,H1,0.024501722556436,AX,-0.0581253467467818,L1,-0.013883472675064,L2,0.1007...
GetData ===>> H2,-0.222067475990817,H1,0.0150882090474315,AX,-0.0479801955634911,L1,0.00594805381819008,L2,-0.0...
GetData ===>> H2,-0.215370312305151,H1,-0.0391803128489297,AX,-0.105451542099045,L1,-0.0195093581371018,L2,0.04...
GetData ===>> H2,-0.189693874136496,H1,-0.0314413929396239,AX,-0.146084351855204,L1,-0.0132338614576982,L2,-0.0...
GetData ===>> H2,-0.210713143003085,H1,0.0221035191179777,AX,-0.0197305227073231,L1,0.000930170077371339,L2,-0....
GetData ===>> H2,-0.145183436565008,H1,-0.0454878650071987,AX,-0.0644785714134157,L1,-0.0739277965942441,L2,-0....
GetData ===>> H2,-0.060821887356645,H1,-0.0147213751584772,AX,-0.0746335946566895,L1,-0.0599845540991347,L2,-0....
GetData ===>> H2,-0.171410676784679,H1,-0.0821329586681906,AX,-0.109368280356312,L1,-0.0620675159514864,L2,0.00...
GetData ===>> H2,-0.217225359985399,H1,-0.0291637231822904,AX,-0.261692917220205,L1,-0.0416505380082107,L2,-0.1...
GetData ===>> H2,-0.232809994532745,H1,-0.0356149988177677,AX,-0.0973510416968678,L1,-0.0315270630208803,L2,-0....
GetData ===>> H2,-0.190772446461485,H1,-0.0784619015941733,AX,-0.0626932180644075,L1,-0.000520852904237642,L2,-...
GetData ===>> H2,-0.180346437832356,H1,0.0569606726917417,AX,-0.0411504638747678,L1,0.0185635208379619,L2,0.005...
GetData ===>> H2,-0.21549015051103,H1,0.0585361542053022,AX,0.0235760452328516,L1,-0.0269608524887908,L2,-0.102...
GetData ===>> H2,-0.1649921833882,H1,-0.0120735840770657,AX,-0.18651720717925,L1,-0.0548452919246592,L2,0.04253...
GetData ===>> H2,-0.17979857085933,H1,-0.000622870312105661,AX,-0.0242885985846359,L1,-0.0131859180088562,L2,0....
GetData ===>> H2,-0.129094009420437,H1,0.0392620801784151,AX,-0.136912750514829,L1,-0.0195189502250783,L2,-0.03...
GetData ===>> H2,-0.187313910354898,H1,0.128893916701523,AX,-0.0781226902045067,L1,-0.015664592520911,L2,-0.012...
16:07:59 -- collecting point 50
GetData ===>> H2,-0.189359495844278,H1,0.0484391796322427,AX,0.0378959287232013,L1,-0.00650996043972577,L2,-0.0...
GetData ===>> H2,-0.167223413538608,H1,-0.0370339851695654,AX,0.00432759208099713,L1,-0.00265800058401567,L2,-0...
GetData ===>> H2,-0.157104442660926,H1,-0.0240834981408476,AX,-0.0981970482442937,L1,-0.0298898382521074,L2,-0....
GetData ===>> H2,-0.19596806178199,H1,-0.09138151833723,AX,-0.192682667759882,L1,-0.0295221146835776,L2,-0.0623...
GetData ===>> H2,-0.185044050962549,H1,0.0341070434849879,AX,-0.106367006877694,L1,-0.019048927158894,L2,-0.020...
GetData ===>> H2,-0.11659382681806,H1,-0.0657551901927398,AX,-0.177592821864772,L1,-0.0192659558442888,L2,-0.01...
GetData ===>> H2,-0.131235077930166,H1,0.0178441650888985,AX,-0.0787834018500354,L1,-0.00318471801065681,L2,-0....
GetData ===>> H2,-0.108363556501579,H1,0.0245375170727204,AX,-0.0102193462051291,L1,0.0077333549911238,L2,0.024...
GetData ===>> H2,-0.134773133201411,H1,-0.00878163803246219,AX,-0.0573601493651787,L1,-0.00413489934903992,L2,-...
GetData ===>> H2,-0.148492943445061,H1,0.047245751108105,AX,-0.0756304918656828,L1,-0.018841486525589,L2,-0.084...
GetData ===>> H2,-0.194047979726845,H1,0.0135253412821391,AX,-0.0671217616787881,L1,-0.001209685579302,L2,-0.03...
measurement finished
estimated time: 62.915 actual time: :63.102
flush and close file /Users/jan/PychronDev/data/isotopes/9d/2f0930-bd58-48e5-a141-c68736f1c9cf.h5
activate_detectors ('H1', 'AX', 'CDD') {'peak_center': True}
peak_center () {'detector': 'H1', 'integration_time': 0.262144, 'isotope': 'Ar40'}
peak center: mean=619.243314371 threshold=3
peak center started
setup peak center. detector=['H1', 'AX', 'CDD'], isotope=Ar40
VersionedUnpickler [<apptools.sweet_pickle.versioned_unpickler.VersionedUnpickler object at 0x1d2200fb0>] using Updater [<apptools.sweet_pickle.updater.Updater object at 0x1373f1ad0>]
VersionedUnpickler [<apptools.sweet_pickle.versioned_unpickler.VersionedUnpickler object at 0x1d2200fb0>] using Updater [<apptools.sweet_pickle.updater.Updater object at 0x1373f1ad0>]
VersionedUnpickler [<apptools.sweet_pickle.versioned_unpickler.VersionedUnpickler object at 0x1be307830>] using Updater [<apptools.sweet_pickle.updater.Updater object at 0x1373f1ad0>]
setting integration time = 0.524288
SetIntegrationTime 0.524288 ===>> OK
Mapping mass to dac mass func: "parabolic"
H1 map mass coeffs = [-0.00063987  0.15840543  0.57104999]
H1 map mass to dac 39.9624 >> 5.87944
GetDeflection H1 ===>> 0
GetHighVoltage ===>> 4500
do peak center. <pychron.spectrometer.jobs.peak_center.PeakCenter object at 0x1376ecfb0>
doing pc
starting peak center. center dac= 5.87944 step_width=0.001
width = 0.001
get scan parameters. half-width=0.015,window=0.015, i=0, scalar=1
Scan parameters center=5.87944 width=0.03000 (5.86444 - 5.89444)
GetData ===>> H2,-0.121795455899351,H1,0.0463984254911899,AX,-0.00539380860580302,L1,-0.0013788863968978,L2,0.0...
Moving to starting dac 5.86444
setting magnet DAC
current  : 5.240096
requested: 5.864440
Delta Dac: 0.624344
Checking detector protection. dv=0.62434
Checking detector "CDD". Protection Threshold: 0.1 (V)
ProtectDetector CDD,On ===>> OK
GetDeflection CDD ===>> 2000
Protected = 2000
SetMagnetDAC 5.86444 ===>> OK
Magnet settling time: 0.500
GetMagnetMoving ===>> True
GetMagnetMoving ===>> True
GetMagnetMoving ===>> True
GetMagnetMoving ===>> True
GetMagnetMoving ===>> True
GetMagnetMoving ===>> True
GetMagnetMoving ===>> True
GetMagnetMoving ===>> True
GetMagnetMoving ===>> False
ProtectDetector CDD,Off ===>> OK
GetDeflection CDD ===>> 50
Wait until signal near baseline. tol= 0.0347988191184. timeout= 10
GetData ===>> H2,4.5309999373311,H1,2.08790573802646,AX,-0.0926341306186164,L1,0.0205849082181894,L2,-0.1152478...
GetData ===>> H2,48.2855603125886,H1,24.0798959701733,AX,1.85503555841137,L1,-0.00346426299205269,L2,-0.1675355...
GetData ===>> H2,48.1075803323093,H1,22.4375231670855,AX,3.30862777425594,L1,0.0126087290158543,L2,-0.280534119...
GetData ===>> H2,25.040728242992,H1,10.8748577554532,AX,1.39576194742815,L1,-0.0112715891976633,L2,-0.099332260...
GetData ===>> H2,10.1956279261375,H1,5.47442405210041,AX,0.632027064344627,L1,-0.0357616600096857,L2,-0.0834969...
GetData ===>> H2,3.41379074360754,H1,2.94435445450218,AX,0.328177240011514,L1,-0.0150399645064375,L2,0.11995525...
GetData ===>> H2,0.934076592878687,H1,1.62871572794299,AX,0.0937558240274938,L1,0.0174191165364079,L2,-0.035634...
GetData ===>> H2,0.205668901901471,H1,0.946951920092665,AX,0.175939857816503,L1,0.0186286724044003,L2,-0.049451...
GetData ===>> H2,0.0627877488167006,H1,0.622581870569961,AX,0.132868075294007,L1,0.0339983427617944,L2,-0.01780...
GetData ===>> H2,0.0490389571028692,H1,0.495197501021072,AX,0.0758858030916715,L1,0.02953082139919,L2,-0.088684...
GetData ===>> H2,0.0380371083821476,H1,0.497705388764325,AX,0.0868484751378364,L1,0.00979553670956169,L2,-0.011...
GetData ===>> H2,-0.0580405696036715,H1,0.545438856265235,AX,0.00674069158170599,L1,0.0178510841122326,L2,-0.16...
GetData ===>> H2,-0.0222940646206485,H1,0.474754582771664,AX,0.0127040882640554,L1,0.0262084995340802,L2,-0.014...
GetData ===>> H2,0.0449300713394418,H1,0.443987093556486,AX,-0.0586470687843554,L1,-0.00348105943903015,L2,0.09...
GetData ===>> H2,0.138343528147922,H1,0.49553188243221,AX,-0.0114720908895802,L1,-0.0203353585616073,L2,-0.0390...
GetData ===>> H2,0.113080386305978,H1,0.549740283594713,AX,-0.020635195967405,L1,-0.0142082625592334,L2,-0.0520...
GetData ===>> H2,0.164187393915845,H1,0.452095468531355,AX,-0.117896490354781,L1,-0.0212911078619585,L2,0.03717...
GetData ===>> H2,0.153259991626787,H1,0.463245332949414,AX,-0.0402343853078609,L1,-0.0237842519093111,L2,-0.042...
GetData ===>> H2,0.104968880734434,H1,0.382490025692506,AX,0.124473962703425,L1,0.0120378728557962,L2,-0.048449...
GetData ===>> H2,0.104968880734434,H1,0.382490025692506,AX,0.124473962703425,L1,0.0120378728557962,L2,-0.048449...
GetData ===>> H2,-0.0065430218229588,H1,0.385956003844412,AX,0.161418109135736,L1,0.0461344172825442,L2,-0.0205...
Peak center failed to move to a baseline position
_do_sweep sm= 5.86444, em= 5.89444, stm= 0.001
calculated step values: start=5.86444, end=5.89444, width=0.001, nsteps=31.0
setting magnet DAC
current  : 5.864440
requested: 5.864440
Delta Dac: 0.000000
Checking detector protection. dv=0.00000
Checking detector "CDD". Protection Threshold: 0.1 (V)
SetMagnetDAC 5.86444 ===>> OK
GetData ===>> H2,-0.0065430218229588,H1,0.385956003844412,AX,0.161418109135736,L1,0.0461344172825442,L2,-0.0205...
setting magnet DAC
current  : 5.864440
requested: 5.865474
Delta Dac: 0.001034
Checking detector protection. dv=0.00103
Checking detector "CDD". Protection Threshold: 0.1 (V)
SetMagnetDAC 5.86547448276 ===>> OK
Magnet settling time: 1.049
GetData ===>> H2,-0.218450693356528,H1,1.02615039582454,AX,0.117912218248215,L1,-0.00319071691149182,L2,-0.0497...
setting magnet DAC
current  : 5.865474
requested: 5.866509
Delta Dac: 0.001034
Checking detector protection. dv=0.00103
Checking detector "CDD". Protection Threshold: 0.1 (V)
SetMagnetDAC 5.86650896552 ===>> OK
Magnet settling time: 1.049
GetData ===>> H2,-0.0223700382995479,H1,3.19283240230648,AX,0.506482236192499,L1,-0.0160273715118462,L2,0.04182...
setting magnet DAC
current  : 5.866509
requested: 5.867543
Delta Dac: 0.001034
Checking detector protection. dv=0.00103
Checking detector "CDD". Protection Threshold: 0.1 (V)
SetMagnetDAC 5.86754344828 ===>> OK
Magnet settling time: 1.049
GetData ===>> H2,0.00794834124199355,H1,12.0412877654401,AX,1.86121947025929,L1,-0.0369502550304306,L2,0.004440...
setting magnet DAC
current  : 5.867543
requested: 5.868578
Delta Dac: 0.001034
Checking detector protection. dv=0.00103
Checking detector "CDD". Protection Threshold: 0.1 (V)
SetMagnetDAC 5.86857793103 ===>> OK
Magnet settling time: 1.049
GetData ===>> H2,-0.180143216337075,H1,42.5992234808195,AX,6.41199332540424,L1,-0.00233643744803586,L2,-0.01489...
setting magnet DAC
current  : 5.868578
requested: 5.869612
Delta Dac: 0.001034
Checking detector protection. dv=0.00103
Checking detector "CDD". Protection Threshold: 0.1 (V)
SetMagnetDAC 5.86961241379 ===>> OK
Magnet settling time: 1.049
GetData ===>> H2,-0.0478655153821074,H1,121.881446584031,AX,19.9171243918848,L1,0.0704493809600065,L2,-0.103427...
setting magnet DAC
current  : 5.869612
requested: 5.870647
Delta Dac: 0.001034
Checking detector protection. dv=0.00103
Checking detector "CDD". Protection Threshold: 0.1 (V)
SetMagnetDAC 5.87064689655 ===>> OK
Magnet settling time: 1.049
GetData ===>> H2,-0.0123344181395104,H1,258.409197558993,AX,46.6590784483672,L1,0.263322507401913,L2,-0.0029832...
setting magnet DAC
current  : 5.870647
requested: 5.871681
Delta Dac: 0.001034
Checking detector protection. dv=0.00103
Checking detector "CDD". Protection Threshold: 0.1 (V)
SetMagnetDAC 5.87168137931 ===>> OK
Magnet settling time: 1.049
GetData ===>> H2,-0.181173144556596,H1,404.376760507978,AX,80.855696663221,L1,0.545769374899627,L2,0.1165805945...
setting magnet DAC
current  : 5.871681
requested: 5.872716
Delta Dac: 0.001034
Checking detector protection. dv=0.00103
Checking detector "CDD". Protection Threshold: 0.1 (V)
SetMagnetDAC 5.87271586207 ===>> OK
Magnet settling time: 1.049
GetData ===>> H2,-0.091113877577167,H1,509.830008015007,AX,109.958517672828,L1,0.911074542423642,L2,0.241202581...
setting magnet DAC
current  : 5.872716
requested: 5.873750
Delta Dac: 0.001034
Checking detector protection. dv=0.00103
Checking detector "CDD". Protection Threshold: 0.1 (V)
SetMagnetDAC 5.87375034483 ===>> OK
Magnet settling time: 1.049
GetData ===>> H2,-0.196260751003612,H1,563.982473828645,AX,128.434801682754,L1,1.16900963707659,L2,0.4684561039...
setting magnet DAC
current  : 5.873750
requested: 5.874785
Delta Dac: 0.001034
Checking detector protection. dv=0.00103
Checking detector "CDD". Protection Threshold: 0.1 (V)
SetMagnetDAC 5.87478482759 ===>> OK
Magnet settling time: 1.049
GetData ===>> H2,-0.243166078313801,H1,584.029492020925,AX,136.608562649101,L1,1.41427325013114,L2,0.5795312460...
setting magnet DAC
current  : 5.874785
requested: 5.875819
Delta Dac: 0.001034
Checking detector protection. dv=0.00103
Checking detector "CDD". Protection Threshold: 0.1 (V)
SetMagnetDAC 5.87581931034 ===>> OK
Magnet settling time: 1.049
GetData ===>> H2,-0.261964123499248,H1,590.289435890885,AX,139.752849771063,L1,1.64043192095685,L2,0.7960100575...
setting magnet DAC
current  : 5.875819
requested: 5.876854
Delta Dac: 0.001034
Checking detector protection. dv=0.00103
Checking detector "CDD". Protection Threshold: 0.1 (V)
SetMagnetDAC 5.8768537931 ===>> OK
Magnet settling time: 1.049
GetData ===>> H2,-0.195729318884165,H1,591.204394773489,AX,140.18179549135,L1,1.68007457057208,L2,0.77823678290...
setting magnet DAC
current  : 5.876854
requested: 5.877888
Delta Dac: 0.001034
Checking detector protection. dv=0.00103
Checking detector "CDD". Protection Threshold: 0.1 (V)
SetMagnetDAC 5.87788827586 ===>> OK
Magnet settling time: 1.049
GetData ===>> H2,-0.104060538664948,H1,591.379459113584,AX,139.912122496208,L1,1.75737745900273,L2,0.7785341208...
setting magnet DAC
current  : 5.877888
requested: 5.878923
Delta Dac: 0.001034
Checking detector protection. dv=0.00103
Checking detector "CDD". Protection Threshold: 0.1 (V)
SetMagnetDAC 5.87892275862 ===>> OK
Magnet settling time: 1.049
GetData ===>> H2,-0.154129415956304,H1,591.25146596717,AX,140.175531749192,L1,1.79166750808991,L2,0.84896050922...
setting magnet DAC
current  : 5.878923
requested: 5.879957
Delta Dac: 0.001034
Checking detector protection. dv=0.00103
Checking detector "CDD". Protection Threshold: 0.1 (V)
SetMagnetDAC 5.87995724138 ===>> OK
Magnet settling time: 1.049
GetData ===>> H2,-0.133415763412348,H1,591.336283713306,AX,140.004665903858,L1,1.80210294458169,L2,0.7748975127...
setting magnet DAC
current  : 5.879957
requested: 5.880992
Delta Dac: 0.001034
Checking detector protection. dv=0.00103
Checking detector "CDD". Protection Threshold: 0.1 (V)
SetMagnetDAC 5.88099172414 ===>> OK
Magnet settling time: 1.049
GetData ===>> H2,-0.209322893095216,H1,590.822052266477,AX,140.092688879348,L1,1.79094431762152,L2,0.8316351308...
setting magnet DAC
current  : 5.880992
requested: 5.882026
Delta Dac: 0.001034
Checking detector protection. dv=0.00103
Checking detector "CDD". Protection Threshold: 0.1 (V)
SetMagnetDAC 5.8820262069 ===>> OK
Magnet settling time: 1.049
GetData ===>> H2,-0.181124616010671,H1,590.912193984601,AX,139.761495071887,L1,1.71019193456255,L2,0.6870203991...
setting magnet DAC
current  : 5.882026
requested: 5.883061
Delta Dac: 0.001034
Checking detector protection. dv=0.00103
Checking detector "CDD". Protection Threshold: 0.1 (V)
SetMagnetDAC 5.88306068966 ===>> OK
Magnet settling time: 1.049
GetData ===>> H2,-0.178153194367377,H1,589.929859482154,AX,139.091479990221,L1,1.72790784451141,L2,0.7175076631...
setting magnet DAC
current  : 5.883061
requested: 5.884095
Delta Dac: 0.001034
Checking detector protection. dv=0.00103
Checking detector "CDD". Protection Threshold: 0.1 (V)
SetMagnetDAC 5.88409517241 ===>> OK
Magnet settling time: 1.049
GetData ===>> H2,-0.216738277430076,H1,586.794852862061,AX,137.647016457073,L1,1.73669836056856,L2,0.7170733687...
setting magnet DAC
current  : 5.884095
requested: 5.885130
Delta Dac: 0.001034
Checking detector protection. dv=0.00103
Checking detector "CDD". Protection Threshold: 0.1 (V)
SetMagnetDAC 5.88512965517 ===>> OK
Magnet settling time: 1.049
GetData ===>> H2,-0.0717814522504157,H1,573.474569321196,AX,132.165999656667,L1,1.66826603556543,L2,0.635734972...
setting magnet DAC
current  : 5.885130
requested: 5.886164
Delta Dac: 0.001034
Checking detector protection. dv=0.00103
Checking detector "CDD". Protection Threshold: 0.1 (V)
SetMagnetDAC 5.88616413793 ===>> OK
Magnet settling time: 1.049
GetData ===>> H2,-0.115309624959315,H1,532.570587328643,AX,116.018872796786,L1,1.48178563580553,L2,0.5719850349...
setting magnet DAC
current  : 5.886164
requested: 5.887199
Delta Dac: 0.001034
Checking detector protection. dv=0.00103
Checking detector "CDD". Protection Threshold: 0.1 (V)
SetMagnetDAC 5.88719862069 ===>> OK
Magnet settling time: 1.049
GetData ===>> H2,-0.21321839439721,H1,434.372271498924,AX,84.7410484310273,L1,1.17515534724099,L2,0.35588961346...
setting magnet DAC
current  : 5.887199
requested: 5.888233
Delta Dac: 0.001034
Checking detector protection. dv=0.00103
Checking detector "CDD". Protection Threshold: 0.1 (V)
SetMagnetDAC 5.88823310345 ===>> OK
Magnet settling time: 1.049
GetData ===>> H2,-0.220082093633795,H1,286.512145739963,AX,48.2028340140791,L1,0.835307783376537,L2,0.152431009...
setting magnet DAC
current  : 5.888233
requested: 5.889268
Delta Dac: 0.001034
Checking detector protection. dv=0.00103
Checking detector "CDD". Protection Threshold: 0.1 (V)
SetMagnetDAC 5.88926758621 ===>> OK
Magnet settling time: 1.049
GetData ===>> H2,-0.179986831608902,H1,145.904678559568,AX,20.9883635257093,L1,0.536110513225348,L2,0.083205257...
setting magnet DAC
current  : 5.889268
requested: 5.890302
Delta Dac: 0.001034
Checking detector protection. dv=0.00103
Checking detector "CDD". Protection Threshold: 0.1 (V)
SetMagnetDAC 5.89030206897 ===>> OK
Magnet settling time: 1.049
GetData ===>> H2,-0.19052718024956,H1,56.8925710602081,AX,6.66169178140479,L1,0.32614621327704,L2,-0.0774670801...
setting magnet DAC
current  : 5.890302
requested: 5.891337
Delta Dac: 0.001034
Checking detector protection. dv=0.00103
Checking detector "CDD". Protection Threshold: 0.1 (V)
SetMagnetDAC 5.89133655172 ===>> OK
Magnet settling time: 1.049
GetData ===>> H2,-0.137001110261136,H1,17.520457751543,AX,1.61024077633471,L1,0.244360748051304,L2,-0.017055884...
setting magnet DAC
current  : 5.891337
requested: 5.892371
Delta Dac: 0.001034
Checking detector protection. dv=0.00103
Checking detector "CDD". Protection Threshold: 0.1 (V)
SetMagnetDAC 5.89237103448 ===>> OK
Magnet settling time: 1.049
GetData ===>> H2,-0.269286612796601,H1,4.49266023627086,AX,0.196821564848987,L1,0.159475382122025,L2,0.04626430...
setting magnet DAC
current  : 5.892371
requested: 5.893406
Delta Dac: 0.001034
Checking detector protection. dv=0.00103
Checking detector "CDD". Protection Threshold: 0.1 (V)
SetMagnetDAC 5.89340551724 ===>> OK
Magnet settling time: 1.049
GetData ===>> H2,-0.291946038177705,H1,0.8968682043071,AX,0.0076688227028898,L1,0.0872317079341786,L2,-0.101993...
setting magnet DAC
current  : 5.893406
requested: 5.894440
Delta Dac: 0.001034
Checking detector protection. dv=0.00103
Checking detector "CDD". Protection Threshold: 0.1 (V)
SetMagnetDAC 5.89444 ===>> OK
Magnet settling time: 1.049
GetData ===>> H2,-0.208123799989061,H1,0.139334269250013,AX,-0.140163644330682,L1,0.0296077065904756,L2,-0.0264...
result of _do_sweep=True
result of _calculate_peak_center=([5.8720151503006015, 5.8795903006012029, 5.8871654509018043], [438.4007541926274, 591.37715061996118, 437.520914892257], 5.8779069338677354, 591.37715061996118)
Failed to find a valid peak. No peak greater than 1.0. max = 0.0257898561702
new center pos Detector(H1) (Ar40) @ 5.8795903006
GetHighVoltage ===>> 4500
GetDeflection H1 ===>> 0
dac uncorrected for HV and deflection 5.8795903006
update mftable H1 Ar40 5.8795903006 message=automated run peakcenter
get initial guess parabolic
get initial guess parabolic
get initial guess parabolic
get initial guess parabolic
get initial guess parabolic
get initial guess parabolic
dump mftable to /Users/jan/PychronDev/setupfiles/spectrometer/mftables/mftable.csv
add to repo msg=modified - automated run peakcenter
sweep finished
locally archiving mftable
setting magnet DAC
current  : 5.894440
requested: 5.879590
Delta Dac: 0.014850
Checking detector protection. dv=0.01485
Checking detector "CDD". Protection Threshold: 0.1 (V)
SetMagnetDAC 5.8795903006 ===>> OK
Magnet settling time: 0.500
setting integration time = 1.048576
SetIntegrationTime 1.048576 ===>> OK
Failed to find a valid peak. No peak greater than 1.0. max = 0.0257898561702
flush and close file /Users/jan/PychronDev/data/isotopes/9d/2f0930-bd58-48e5-a141-c68736f1c9cf.h5
finished measure script
executed snippet estimated_duration=226.132928, duration=272.762735128
jan_unknown120_60.py completed successfully
Measurement Finished
16:08:57 -- ******* Measurement Finished *******
Post Measurement Started jan_pump_ms.py
16:08:57 -- ******* Post Measurement Started jan_pump_ms.py *******
testing...
no interpolation path defined
executed snippet estimated_duration=0, duration=2.78949737549e-05
Pumping spectrometer
open () {'name': 'O'}
opening name=O desc=---
checking ownership. requestor=129.138.12.150
check software interlocks O
interlocks []
actuate state mode=None-script, software_lock=False
doing actuation None-script open_channel True
Open O ===>> OK
GetIndicatorState O ===>> OK
change switch state (True, True)
update switch state O True args=() kw={} ncanvase=2
16:08:57 -- OPEN   VALVE-O (Jan Ion Pump)
---------------------------------------- open O () result=[(True, True)], time=0.12 sec
action=open, ok=True, locked=[False]
executed snippet estimated_duration=0, duration=0.37140583992
jan_pump_ms.py completed successfully
setting _ms_pumptime
Post Measurement Finished
16:08:58 -- ******* Post Measurement Finished *******
$$$$$$$$$$$$$$$$$$$$ state at run end measurement
state changed from measurement to success
post measurement save measured=True aborted=False
Set filtering
setting fod for Ar40= {'filter_outliers': True, 'std_devs': 2, 'iterations': 1}
setting fod for H1= {'filter_outliers': True, 'std_devs': 2, 'iterations': 1}
setting fod for PM41= {'filter_outliers': False, 'std_devs': 2, 'iterations': 1}
setting fod for H2= {'filter_outliers': True, 'std_devs': 2, 'iterations': 1}
setting fod for Ar36= {'filter_outliers': True, 'std_devs': 2, 'iterations': 1}
setting fod for CDD= {'filter_outliers': True, 'std_devs': 10, 'iterations': 1}
setting fod for Ar37= {'filter_outliers': True, 'std_devs': 2, 'iterations': 1}
setting fod for L2= {'filter_outliers': True, 'std_devs': 2, 'iterations': 1}
setting fod for Ar38= {'filter_outliers': True, 'std_devs': 2, 'iterations': 1}
setting fod for L1= {'filter_outliers': True, 'std_devs': 2, 'iterations': 1}
setting fod for Ar39= {'filter_outliers': True, 'std_devs': 2, 'iterations': 1}
setting fod for AX= {'filter_outliers': True, 'std_devs': 2, 'iterations': 1}
persistence save...
persistence save - db
post measurement save
7811936624 connecting to database sqlite:////Users/jan/PychronDev/.appdata/local_lab.db
connected to db sqlite:////Users/jan/PychronDev/.appdata/local_lab.db
create new session 7811936624
close session 7811936624
No database instance. Not saving post measurement to isotopedb database
$$$$$$$$$$$$$$$ auto_save_detector_ic=False
massspec enabled True
create new session 4985911824
MassSpec Database Version: 16.0
close session 4985911824
saving post measurement to secondary database
saving to massspec database 129.138.12.160/massspecdata
setting labnumber to 65555
setting aliquot to 4
setting step to C
setting uuid to 9d2f0930-bd58-48e5-a141-c68736f1c9cf
setting irradpos to 65555
setting extract_device to Fusions CO2
setting tray to 
setting position to 190
setting power_requested to 5.0
setting extract_value to 5.0
setting duration to 30.0
setting duration_at_request to 30.0
setting first_stage_delay to 30.0
setting cleanup to 30.0
setting comment to N:14 without inclusions
setting irradiation to NM-289
setting level to N
setting irradiation_level to N
setting sample to Bw-2014-7 WO
setting material to Sanidine
setting project to Bustos Wells
setting mass_spectrometer to Jan
no attribute chron_dosages
no attribute production_ratios
no attribute interference_corrections
no attribute production_name
no attribute j
Reference Isotope=Ar40
Reference Detector=H1
%%%%%%%%%%%%%%%%%%%% Comment: N:14 without inclusions %%%%%%%%%%%%%%%%%%%
adding isotope PM41 H2
add baseline dbdet= PM41. original det= H2
get baseline data PM41 H2
Get data baseline <pychron.processing.isotope.Baseline object at 0x1d001ac10> len t=60
baseline PM41. v=-0.179271886109, e=0.00635096003301
get signal data PM41 H2
Get data signal PM41 0.06+/-0.07 len t=120
adding isotope Ar40 H1
add baseline dbdet= Ar40. original det= H1
get baseline data Ar40 H1
Get data baseline <pychron.processing.isotope.Baseline object at 0x1d001a090> len t=60
baseline Ar40. v=-0.0196808635833, e=0.00575727843981
get signal data Ar40 H1
Get data signal Ar40 650.04+/-0.04 len t=120
adding isotope Ar39 AX
add baseline dbdet= Ar39. original det= AX
get baseline data Ar39 AX
Get data baseline <pychron.processing.isotope.Baseline object at 0x1d001a490> len t=60
baseline Ar39. v=-0.0687327887838, e=0.00786000099699
get signal data Ar39 AX
Get data signal Ar39 154.124+/-0.026 len t=120
adding isotope Ar38 L1
add baseline dbdet= Ar38. original det= L1
get baseline data Ar38 L1
Get data baseline <pychron.processing.isotope.Baseline object at 0x1d001a250> len t=60
baseline Ar38. v=-0.0196493703725, e=0.00264267481308
get signal data Ar38 L1
Get data signal Ar38 1.980+/-0.005 len t=120
adding isotope Ar37 L2
add baseline dbdet= Ar37. original det= L2
get baseline data Ar37 L2
Get data baseline <pychron.processing.isotope.Baseline object at 0x1d2dd7890> len t=60
baseline Ar37. v=-0.0339350378379, e=0.006206717414
get signal data Ar37 L2
Get data signal Ar37 0.881+/-0.010 len t=120
adding isotope Ar36 CDD
add baseline dbdet= Ar36. original det= CDD
get baseline data Ar36 CDD
Get data baseline <pychron.processing.isotope.Baseline object at 0x1d2dd7990> len t=60
baseline Ar36. v=0.000173676315009, e=2.09832512261e-05
get signal data Ar36 CDD
Get data signal Ar36 0.01549+/-0.00035 len t=120
65555-04C added analysis time 0.620392084122s
analysis added to mass spec database
mass spec save time= 0.630
persistence save - dvc
================= post measurement started
create new session 4991427888
close session 4991427888
---------------- Experiment Queue saving disabled
DVC saving peakcenter
Failed to find a valid peak. No peak greater than 1.0. max = 0.0257898561702
Smart pull ahead: 0 behind: 0
Up-to-date with origin
add to repo msg=modified - ad8224ebc6dbfeb9f5997218dfa5fe690569839d.json
add to repo msg=modified - 55-04C.json
add to repo msg=modified - 55-04C.dat.json
add to repo msg=modified - 55-04C.blan.json
add to repo msg=modified - 55-04C.inte.json
add to repo msg=modified - 55-04C.icfa.json
add to repo msg=modified - 55-04C.base.json
not at valid file /Users/jan/PychronDev/data/.dvc/repositories/Load1786/655/tags/55-04C.tags.json
add to repo msg=modified - 55-04C.peak.json
add to repo msg=modified - 55-04C.extr.json
not at valid file /Users/jan/PychronDev/data/.dvc/repositories/Load1786/655/monitor/55-04C.moni.json
commit message=<COLLECTION>
add to repo msg=modified - 55-04C.inte.json
add to repo msg=modified - 55-04C.base.json
commit message=<ISOEVO> default collection fits
add to repo msg=modified - 55-04C.blan.json
commit message=<BLANKS> preceding bc-02-J-326
add to repo msg=modified - 55-04C.icfa.json
commit message=<ICFactor> default
push repository <pychron.git_archive.repo_manager.GitRepoManager object at 0x1a44c2b30>
pushing to remote=origin, url=https://github.com
no changes to meta repo
create new session 4991427888
add association Load1786
get identifier "65555"
setting analysis irradiation position=<pychron.dvc.dvc_orm.IrradiationPositionTbl object at 0x1cd3c7790>
close session 4991427888
================= post measurement finished
16:09:13 -- ******* Post Run Check *******
loading queue conditionals post_run_actions
loading system conditionals post_run_actions
loading conditionals from /Users/jan/PychronDev/setupfiles/spectrometer/default_conditionals.yaml
loading queue conditionals post_run_terminations
loading system conditionals post_run_terminations
loading conditionals from /Users/jan/PychronDev/setupfiles/spectrometer/default_conditionals.yaml
Checking default post run terminations n=1
GetDeflection CDD ===>> 50
testing CDD==2000
evaluate ot="CDD.deflection==2000" t="CDD==2000", ctx="{'CDD': 50.0}"
16:09:13 -- ******* Post Run Check Passed *******
16:09:13 -- Automated run 65555-04C success duration: 363.445 s
----------------- finish -----------------
----------------- stop -----------------
retroactive repository identifiers disabled
finish run. runs completed=200
update duration runid=65555-04C, duration=363.445341825, md5=301e91d8
loading script "jan_unknown120_60.py"
loading script "jan_pump_ms.py"
loading script "jan_co2.py"
loading script "jan_pump_extraction_line.py"
testing...
no interpolation path defined
executed snippet estimated_duration=213.652928, duration=0.000336885452271
script duration name:unknown120_60 seconds:214.0
loading script "jan_unknown120_60.py"
loading script "jan_pump_ms.py"
loading script "jan_co2.py"
loading script "jan_pump_extraction_line.py"
testing...
no interpolation path defined
executed snippet estimated_duration=0, duration=2.8133392334e-05
loading script "jan_unknown120_60.py"
loading script "jan_pump_ms.py"
loading script "jan_co2.py"
loading script "jan_pump_extraction_line.py"
testing...
no interpolation path defined
calculate duration
testing...
no interpolation path defined
executed snippet estimated_duration=0, duration=6.19888305664e-05
calculate duration
testing...
no interpolation path defined
executed snippet estimated_duration=0, duration=9.3936920166e-05
executed snippet estimated_duration=0.0, duration=0.00309491157532
script duration name:co2 seconds:0.0
loading script "jan_unknown120_60.py"
loading script "jan_pump_ms.py"
loading script "jan_co2.py"
loading script "jan_pump_extraction_line.py"
testing...
no interpolation path defined
calculate duration
testing...
no interpolation path defined
executed snippet estimated_duration=4.0, duration=0.000155925750732
executed snippet estimated_duration=4.0, duration=0.00153684616089
Script duration 214.0
Run total estimated duration= 215.000
unknown120_60 in script context. using previous estimated duration
script duration name:unknown120_60 seconds:214.0
pump_ms in script context. using previous estimated duration
co2 in script context. using previous estimated duration
script duration name:co2 seconds:0.0
pump_extraction_line in script context. using previous estimated duration
Script duration 214.0
Run total estimated duration= 215.000
loading script "jan_unknown400_120.py"
loading script "jan_pump_ms.py"
loading script "jan_cocktail_x1.py"
loading script "jan_pump_extraction_line.py"
testing...
no interpolation path defined
executed snippet estimated_duration=556.052928, duration=0.000152111053467
script duration name:unknown400_120 seconds:556.0
loading script "jan_unknown400_120.py"
loading script "jan_pump_ms.py"
loading script "jan_cocktail_x1.py"
loading script "jan_pump_extraction_line.py"
testing...
no interpolation path defined
calculate duration
testing...
no interpolation path defined
executed snippet estimated_duration=0, duration=7.29560852051e-05
calculate duration
testing...
no interpolation path defined
executed snippet estimated_duration=0, duration=0.000101089477539
calculate duration
testing...
no interpolation path defined
executed snippet estimated_duration=32.0, duration=0.000110864639282
calculate duration
testing...
no interpolation path defined
executed snippet estimated_duration=34.0, duration=0.000107049942017
calculate duration
testing...
no interpolation path defined
executed snippet estimated_duration=4.0, duration=7.29560852051e-05
calculate duration
testing...
no interpolation path defined
executed snippet estimated_duration=38.0, duration=0.000103950500488
executed snippet estimated_duration=108.0, duration=0.02214884758
script duration name:cocktail_x1 seconds:108.0
Script duration 664.0
Run total estimated duration= 665.000
unknown400_120 in script context. using previous estimated duration
script duration name:unknown400_120 seconds:556.0
loading script "jan_unknown400_120.py"
loading script "jan_pump_ms.py"
loading script "jan_sniffair_x2.py"
loading script "jan_pump_extraction_line.py"
testing...
no interpolation path defined
calculate duration
testing...
no interpolation path defined
executed snippet estimated_duration=0, duration=6.89029693604e-05
calculate duration
testing...
no interpolation path defined
executed snippet estimated_duration=0, duration=0.000118970870972
calculate duration
testing...
no interpolation path defined
executed snippet estimated_duration=32.0, duration=0.000178098678589
calculate duration
testing...
no interpolation path defined
executed snippet estimated_duration=34.0, duration=0.000116109848022
calculate duration
testing...
no interpolation path defined
executed snippet estimated_duration=4.0, duration=6.69956207275e-05
calculate duration
testing...
no interpolation path defined
executed snippet estimated_duration=36.0, duration=0.000102043151855
calculate duration
testing...
no interpolation path defined
executed snippet estimated_duration=34.0, duration=0.000108003616333
calculate duration
testing...
no interpolation path defined
executed snippet estimated_duration=4.0, duration=6.19888305664e-05
calculate duration
testing...
no interpolation path defined
executed snippet estimated_duration=36.0, duration=9.20295715332e-05
calculate duration
testing...
no interpolation path defined
executed snippet estimated_duration=70.0, duration=9.70363616943e-05
executed snippet estimated_duration=250.0, duration=0.0192198753357
script duration name:sniffair_x2 seconds:250.0
Script duration 806.0
Run total estimated duration= 807.000
script duration name:unknown400_120 seconds:556.0
cocktail_x1 in script context. using previous estimated duration
script duration name:cocktail_x1 seconds:108.0
Script duration 664.0
Run total estimated duration= 665.000
script duration name:unknown400_120 seconds:556.0
sniffair_x2 in script context. using previous estimated duration
script duration name:sniffair_x2 seconds:250.0
Script duration 806.0
Run total estimated duration= 807.000
loading script "jan_ic_peak_hop3.py"
loading script "jan_pump_ms.py"
loading script "jan_air_x1.py"
loading script "jan_pump_extraction_line.py"
testing...
no interpolation path defined
executed snippet estimated_duration=133.8, duration=0.0125842094421
script duration name:ic_peak_hop3 seconds:134.0
loading script "jan_ic_peak_hop3.py"
loading script "jan_pump_ms.py"
loading script "jan_air_x1.py"
loading script "jan_pump_extraction_line.py"
testing...
no interpolation path defined
calculate duration
testing...
no interpolation path defined
executed snippet estimated_duration=0, duration=4.60147857666e-05
calculate duration
testing...
no interpolation path defined
executed snippet estimated_duration=0, duration=9.89437103271e-05
calculate duration
testing...
no interpolation path defined
executed snippet estimated_duration=32.0, duration=9.91821289062e-05
calculate duration
testing...
no interpolation path defined
executed snippet estimated_duration=34.0, duration=9.70363616943e-05
calculate duration
testing...
no interpolation path defined
executed snippet estimated_duration=4.0, duration=0.000154972076416
calculate duration
testing...
no interpolation path defined
executed snippet estimated_duration=36.0, duration=9.01222229004e-05
executed snippet estimated_duration=106.0, duration=0.0113260746002
script duration name:air_x1 seconds:106.0
Script duration 240.0
Run total estimated duration= 241.000
script duration name:unknown120_60 seconds:214.0
script duration name:co2 seconds:0.0
Script duration 214.0
Run total estimated duration= 215.000
script duration name:unknown120_60 seconds:214.0
script duration name:co2 seconds:0.0
Script duration 214.0
Run total estimated duration= 215.000
script duration name:unknown120_60 seconds:214.0
script duration name:co2 seconds:0.0
Script duration 214.0
Run total estimated duration= 215.000
script duration name:unknown120_60 seconds:214.0
script duration name:co2 seconds:0.0
Script duration 214.0
Run total estimated duration= 215.000
script duration name:unknown120_60 seconds:214.0
script duration name:co2 seconds:0.0
Script duration 214.0
Run total estimated duration= 215.000
script duration name:unknown120_60 seconds:214.0
script duration name:co2 seconds:0.0
Script duration 214.0
Run total estimated duration= 215.000
script duration name:unknown400_120 seconds:556.0
script duration name:co2 seconds:0.0
Script duration 556.0
Run total estimated duration= 557.000
script duration name:unknown120_60 seconds:214.0
script duration name:co2 seconds:0.0
Script duration 214.0
Run total estimated duration= 215.000
script duration name:unknown120_60 seconds:214.0
script duration name:co2 seconds:0.0
Script duration 214.0
Run total estimated duration= 215.000
script duration name:unknown120_60 seconds:214.0
script duration name:co2 seconds:0.0
Script duration 214.0
Run total estimated duration= 215.000
script duration name:unknown120_60 seconds:214.0
script duration name:co2 seconds:0.0
Script duration 214.0
Run total estimated duration= 215.000
script duration name:unknown120_60 seconds:214.0
script duration name:co2 seconds:0.0
Script duration 214.0
Run total estimated duration= 215.000
script duration name:unknown120_60 seconds:214.0
script duration name:co2 seconds:0.0
Script duration 214.0
Run total estimated duration= 215.000
script duration name:unknown400_120 seconds:556.0
script duration name:cocktail_x1 seconds:108.0
Script duration 664.0
Run total estimated duration= 665.000
script duration name:unknown400_120 seconds:556.0
script duration name:cocktail_x1 seconds:108.0
Script duration 664.0
Run total estimated duration= 665.000
script duration name:unknown120_60 seconds:214.0
script duration name:co2 seconds:0.0
Script duration 214.0
Run total estimated duration= 215.000
script duration name:unknown120_60 seconds:214.0
script duration name:co2 seconds:0.0
Script duration 214.0
Run total estimated duration= 215.000
script duration name:unknown120_60 seconds:214.0
script duration name:co2 seconds:0.0
Script duration 214.0
Run total estimated duration= 215.000
script duration name:unknown120_60 seconds:214.0
script duration name:co2 seconds:0.0
Script duration 214.0
Run total estimated duration= 215.000
script duration name:unknown120_60 seconds:214.0
script duration name:co2 seconds:0.0
Script duration 214.0
Run total estimated duration= 215.000
script duration name:unknown120_60 seconds:214.0
script duration name:co2 seconds:0.0
Script duration 214.0
Run total estimated duration= 215.000
script duration name:unknown120_60 seconds:214.0
script duration name:co2 seconds:0.0
Script duration 214.0
Run total estimated duration= 215.000
script duration name:unknown120_60 seconds:214.0
script duration name:co2 seconds:0.0
Script duration 214.0
Run total estimated duration= 215.000
ic_peak_hop3 in script context. using previous estimated duration
script duration name:ic_peak_hop3 seconds:134.0
air_x1 in script context. using previous estimated duration
script duration name:air_x1 seconds:106.0
Script duration 240.0
Run total estimated duration= 241.000
script duration name:unknown120_60 seconds:214.0
script duration name:co2 seconds:0.0
Script duration 214.0
Run total estimated duration= 215.000
script duration name:unknown120_60 seconds:214.0
script duration name:co2 seconds:0.0
Script duration 214.0
Run total estimated duration= 215.000
script duration name:unknown120_60 seconds:214.0
script duration name:co2 seconds:0.0
Script duration 214.0
Run total estimated duration= 215.000
script duration name:unknown400_120 seconds:556.0
script duration name:sniffair_x2 seconds:250.0
Script duration 806.0
Run total estimated duration= 807.000
script duration name:unknown120_60 seconds:214.0
script duration name:co2 seconds:0.0
Script duration 214.0
Run total estimated duration= 215.000
script duration name:unknown400_120 seconds:556.0
script duration name:co2 seconds:0.0
Script duration 556.0
Run total estimated duration= 557.000
script duration name:unknown400_120 seconds:556.0
script duration name:cocktail_x1 seconds:108.0
Script duration 664.0
Run total estimated duration= 665.000
script duration name:unknown400_120 seconds:556.0
script duration name:cocktail_x1 seconds:108.0
Script duration 664.0
Run total estimated duration= 665.000
script duration name:unknown120_60 seconds:214.0
script duration name:co2 seconds:0.0
Script duration 214.0
Run total estimated duration= 215.000
script duration name:unknown400_120 seconds:556.0
script duration name:sniffair_x2 seconds:250.0
Script duration 806.0
Run total estimated duration= 807.000
script duration name:unknown120_60 seconds:214.0
script duration name:co2 seconds:0.0
Script duration 214.0
Run total estimated duration= 215.000
script duration name:unknown120_60 seconds:214.0
script duration name:co2 seconds:0.0
Script duration 214.0
Run total estimated duration= 215.000
script duration name:unknown120_60 seconds:214.0
script duration name:co2 seconds:0.0
Script duration 214.0
Run total estimated duration= 215.000
script duration name:unknown120_60 seconds:214.0
script duration name:co2 seconds:0.0
Script duration 214.0
Run total estimated duration= 215.000
script duration name:unknown120_60 seconds:214.0
script duration name:co2 seconds:0.0
Script duration 214.0
Run total estimated duration= 215.000
script duration name:unknown120_60 seconds:214.0
script duration name:co2 seconds:0.0
Script duration 214.0
Run total estimated duration= 215.000
script duration name:unknown120_60 seconds:214.0
script duration name:co2 seconds:0.0
Script duration 214.0
Run total estimated duration= 215.000
script duration name:unknown120_60 seconds:214.0
script duration name:co2 seconds:0.0
Script duration 214.0
Run total estimated duration= 215.000
script duration name:unknown120_60 seconds:214.0
script duration name:co2 seconds:0.0
Script duration 214.0
Run total estimated duration= 215.000
script duration name:unknown120_60 seconds:214.0
script duration name:co2 seconds:0.0
Script duration 214.0
Run total estimated duration= 215.000
script duration name:unknown120_60 seconds:214.0
script duration name:co2 seconds:0.0
Script duration 214.0
Run total estimated duration= 215.000
script duration name:unknown400_120 seconds:556.0
script duration name:cocktail_x1 seconds:108.0
Script duration 664.0
Run total estimated duration= 665.000
script duration name:unknown400_120 seconds:556.0
script duration name:cocktail_x1 seconds:108.0
Script duration 664.0
Run total estimated duration= 665.000
script duration name:unknown120_60 seconds:214.0
script duration name:co2 seconds:0.0
Script duration 214.0
Run total estimated duration= 215.000
script duration name:unknown120_60 seconds:214.0
script duration name:co2 seconds:0.0
Script duration 214.0
Run total estimated duration= 215.000
script duration name:unknown120_60 seconds:214.0
script duration name:co2 seconds:0.0
Script duration 214.0
Run total estimated duration= 215.000
script duration name:unknown120_60 seconds:214.0
script duration name:co2 seconds:0.0
Script duration 214.0
Run total estimated duration= 215.000
script duration name:ic_peak_hop3 seconds:134.0
script duration name:air_x1 seconds:106.0
Script duration 240.0
Run total estimated duration= 241.000
script duration name:unknown120_60 seconds:214.0
script duration name:co2 seconds:0.0
Script duration 214.0
Run total estimated duration= 215.000
nruns=60 before=5.0, run_dur=19630.0, btw=1770.0
write rem/ex queues
/Users/jan/PychronDev/experiments/rem/Load1786.rem.txt
/Users/jan/PychronDev/experiments/rem/Load1786.ex.txt
doing event level: 3
