do run
loading script "jan_unknown120_60.py"
loading script "jan_pump_ms.py"
loading script "jan_co2.py"
loading script "jan_pump_extraction_line.py"
testing...
no interpolation path defined
executed snippet estimated_duration=213.652928, duration=0.000335931777954
script duration name:unknown120_60 seconds:214.0
loading script "jan_unknown120_60.py"
loading script "jan_pump_ms.py"
loading script "jan_co2.py"
loading script "jan_pump_extraction_line.py"
testing...
no interpolation path defined
executed snippet estimated_duration=0, duration=2.19345092773e-05
loading script "jan_unknown120_60.py"
loading script "jan_pump_ms.py"
loading script "jan_co2.py"
loading script "jan_pump_extraction_line.py"
testing...
no interpolation path defined
calculate duration
testing...
no interpolation path defined
executed snippet estimated_duration=0, duration=4.79221343994e-05
calculate duration
testing...
no interpolation path defined
executed snippet estimated_duration=0, duration=7.20024108887e-05
executed snippet estimated_duration=0.0, duration=0.00170493125916
script duration name:co2 seconds:0.0
loading script "jan_unknown120_60.py"
loading script "jan_pump_ms.py"
loading script "jan_co2.py"
loading script "jan_pump_extraction_line.py"
testing...
no interpolation path defined
calculate duration
testing...
no interpolation path defined
executed snippet estimated_duration=4.0, duration=0.000118017196655
executed snippet estimated_duration=4.0, duration=0.000926971435547
Script duration 214.0
Run total estimated duration= 215.000
run duration: 0:03:35
doing event level: 2
17:51:16 -- Setting default integration. t=1.048576
setting integration time = 1.048576
SetIntegrationTime 1.048576 ===>> OK
----------------- start -----------------
**************** Experiment Type: Ar/Ar, Ar/Ar
$$$$$ Clearing conditionals
adding conditionals 
Add queue conditionals
add default conditionals
adding default conditionals from /Users/jan/PychronDev/setupfiles/spectrometer/default_conditionals.yaml
Start automated run 65555-06C
loading script "jan_unknown120_60.py"
loading script "jan_pump_ms.py"
loading script "jan_co2.py"
loading script "jan_pump_extraction_line.py"
%%%%%%%%%%%%%%%%%% setting automated run 65555-06C
No value "sensitivity_multiplier" in metadata
$$$$$$$$$$$$$$$ auto_save_detector_ic=False
============================= Pre Extraction Check =============================
loading queue conditionals pre_run_terminations
loading system conditionals pre_run_terminations
loading conditionals from /Users/jan/PychronDev/setupfiles/spectrometer/default_conditionals.yaml
17:51:16 -- ******* Pre Extraction Check *******
Get a measurement from the spectrometer
GetData ===>> H2,-0.167765969334207,H1,-0.0938007814146989,AX,-0.130084970885489,L1,-0.0446176274585388,L2,-0.0...
Pre Extraction Termination data. keys=H2,H1,AX,L1,L2,CDD, signals=-0.16777,-0.09380,-0.13008,-0.04462,-0.00533,0.00387
17:51:16 -- testing system defined conditionals
Checking default pre extraction terminations n=2
testing CDD
evaluate ot="CDD.inactive" t="CDD", ctx="{'CDD': False}"
GetDeflection CDD ===>> 50
testing CDD==2000
evaluate ot="CDD.deflection==2000" t="CDD==2000", ctx="{'CDD': 50.0}"
17:51:16 -- ******* Pre Extraction Check Passed *******
=================================================================================
17:51:16 -- stopping status monitor
stop 4984189200
Alive clients [4991693744]
17:51:16 -- starting status monitor
start 4984189200
Monitor already running
start extraction
do extraction
Analysis started at 17:51:16.963754
Extraction Started jan_co2.py
17:51:16 -- ******* Extraction Started jan_co2.py *******
state changed from not run to extraction
DO EXTRACTION <pychron.extraction_line.pyscript_runner.RemotePyScriptRunner object at 0x12c301530>
testing...
no interpolation path defined
calculate duration
testing...
no interpolation path defined
executed snippet estimated_duration=0, duration=5.29289245605e-05
calculate duration
testing...
no interpolation path defined
executed snippet estimated_duration=0, duration=9.58442687988e-05
executed snippet estimated_duration=100.0, duration=0.00320506095886
Jan CO2 laser analysis
doing GOSUB
testing...
no interpolation path defined
executed snippet estimated_duration=0, duration=5.00679016113e-05
Waiting for CO2 access
wait ('FelixCO2Flag', 0) {}
waiting for FelixCO2Flag = 0
Read FelixCO2Flag ===>> 0
finished waiting
CO2 free
wait ('CO2PumpTimeFlag', 0) {}
waiting for CO2PumpTimeFlag = 0
Read CO2PumpTimeFlag ===>> 0
finished waiting
acquire ('JanCO2Flag',) {'clear': True}
acquire JanCO2Flag
Set JanCO2Flag 1 ===>> OK
JanCO2Flag acquired
set extraction state False (0.75, 'red', 1.5)
CO2 acquired
executed snippet estimated_duration=0, duration=0.0205750465393
WaitForCO2Access.py completed successfully
gosub finished
doing GOSUB
testing...
no interpolation path defined
executed snippet estimated_duration=0, duration=0.000102043151855
Prepare for CO2 analysis
close () {'description': 'Jan Inlet'}
closing name=--- desc=Jan Inlet
checking ownership. requestor=129.138.12.150
check software interlocks R
interlocks []
actuate state mode=None-script, software_lock=False
doing actuation None-script close_channel False
Close R ===>> OK
GetIndicatorState R ===>> False
change switch state (True, True)
update switch state R False args=() kw={} ncanvase=2
17:51:17 -- CLOSE  VALVE-R (Jan Inlet)
---------------------------------------- close None (Jan Inlet) result=[(True, True)]
action=close, ok=True, locked=[False]
open () {'description': 'Jan Ion Pump'}
opening name=--- desc=Jan Ion Pump
checking ownership. requestor=129.138.12.150
check software interlocks O
interlocks []
actuate state mode=None-script, software_lock=False
doing actuation None-script open_channel False
Open O ===>> OK
GetIndicatorState O ===>> OK
change switch state (True, True)
update switch state O True args=() kw={} ncanvase=2
17:51:17 -- OPEN   VALVE-O (Jan Ion Pump)
---------------------------------------- open None (Jan Ion Pump) result=[(True, True)], time=0.09 sec
action=open, ok=True, locked=[False]
close () {'description': 'Microbone to Minibone'}
closing name=--- desc=Microbone to Minibone
checking ownership. requestor=129.138.12.150
check software interlocks L
interlocks []
actuate state mode=None-script, software_lock=False
doing actuation None-script close_channel False
Close L ===>> OK
GetIndicatorState L ===>> False
change switch state (True, True)
update switch state L False args=() kw={} ncanvase=2
17:51:18 -- CLOSE  VALVE-L (Microbone to Minibone)
---------------------------------------- close None (Microbone to Minibone) result=[(True, True)]
action=close, ok=True, locked=[False]
open () {'description': 'Microbone to Turbo'}
opening name=--- desc=Microbone to Turbo
checking ownership. requestor=129.138.12.150
check software interlocks U
interlocks []
actuate state mode=None-script, software_lock=False
doing actuation None-script open_channel False
Open U ===>> OK
GetIndicatorState U ===>> OK
change switch state (True, True)
update switch state U True args=() kw={} ncanvase=2
17:51:18 -- OPEN   VALVE-U (Microbone to Turbo)
---------------------------------------- open None (Microbone to Turbo) result=[(True, True)], time=0.11 sec
action=open, ok=True, locked=[False]
open () {'description': 'Microbone to Inlet Pipette'}
opening name=--- desc=Microbone to Inlet Pipette
checking ownership. requestor=129.138.12.150
check software interlocks S
interlocks []
actuate state mode=None-script, software_lock=False
doing actuation None-script open_channel False
Open S ===>> OK
GetIndicatorState S ===>> OK
change switch state (True, True)
update switch state S True args=() kw={} ncanvase=2
17:51:19 -- OPEN   VALVE-S (Microbone to Inlet Pipette)
---------------------------------------- open None (Microbone to Inlet Pipette) result=[(True, True)], time=0.40 sec
action=open, ok=True, locked=[False]
open () {'description': 'Microbone to Getter D-50'}
opening name=--- desc=Microbone to Getter D-50
checking ownership. requestor=129.138.12.150
check software interlocks K
interlocks []
actuate state mode=None-script, software_lock=False
doing actuation None-script open_channel False
Open K ===>> OK
GetIndicatorState K ===>> OK
change switch state (True, True)
update switch state K True args=() kw={} ncanvase=2
17:51:20 -- OPEN   VALVE-K (Microbone to Getter D-50)
---------------------------------------- open None (Microbone to Getter D-50) result=[(True, True)], time=0.40 sec
action=open, ok=True, locked=[False]
open () {'description': 'Microbone to Getter NP-10'}
opening name=--- desc=Microbone to Getter NP-10
checking ownership. requestor=129.138.12.150
check software interlocks M
interlocks []
actuate state mode=None-script, software_lock=False
doing actuation None-script open_channel False
Open M ===>> OK
GetIndicatorState M ===>> OK
change switch state (True, True)
update switch state M True args=() kw={} ncanvase=2
17:51:20 -- OPEN   VALVE-M (Microbone to Getter NP-10)
---------------------------------------- open None (Microbone to Getter NP-10) result=[(True, True)], time=0.13 sec
action=open, ok=True, locked=[False]
close () {'description': 'CO2 Laser to Felix'}
closing name=--- desc=CO2 Laser to Felix
checking ownership. requestor=129.138.12.150
check software interlocks F
interlocks []
actuate state mode=None-script, software_lock=True
VALVE-F(CO2 Laser to Felix) software locked
change switch state (True, False)
---------------------------------------- close None (CO2 Laser to Felix) result=[(True, False)]
action=close, ok=True, locked=[True]
open () {'description': 'CO2 Laser to Jan'}
opening name=--- desc=CO2 Laser to Jan
checking ownership. requestor=129.138.12.150
check software interlocks A
interlocks []
actuate state mode=None-script, software_lock=False
doing actuation None-script open_channel False
Open A ===>> OK
GetIndicatorState A ===>> OK
change switch state (True, True)
update switch state A True args=() kw={} ncanvase=2
17:51:20 -- OPEN   VALVE-A (CO2 Laser to Jan)
---------------------------------------- open None (CO2 Laser to Jan) result=[(True, True)], time=0.13 sec
action=open, ok=True, locked=[False]
open () {'description': 'Microbone to CO2 Laser'}
opening name=--- desc=Microbone to CO2 Laser
checking ownership. requestor=129.138.12.150
check software interlocks T
interlocks []
actuate state mode=None-script, software_lock=False
doing actuation None-script open_channel False
Open T ===>> OK
GetIndicatorState T ===>> OK
change switch state (True, True)
update switch state T True args=() kw={} ncanvase=2
17:51:21 -- OPEN   VALVE-T (Microbone to CO2 Laser)
---------------------------------------- open None (Microbone to CO2 Laser) result=[(True, True)], time=0.39 sec
action=open, ok=True, locked=[False]
executed snippet estimated_duration=0, duration=4.73751401901
PrepareForCO2Analysis.py completed successfully
gosub finished
set_motor ('beam', '1.25') {}
setting motor "beam" to 1.25
set motor beam to 1.25
SetMotor beam,1.25 ===>> OK
GetMotorMoving beam ===>> False
GetMotorMoving beam ===>> False
Block completed
move_to_position ('192',) {'autocenter': True}
FusionsCO2 move to position 192
sending GoToHole 192,True
GoToHole 192,True ===>> OK
GetDriveMoving ===>> False
GetDriveMoving ===>> False
Block completed
GetAutoCorrecting ===>> False
GetAutoCorrecting ===>> False
Block completed
update position
GetPosition ===>> 3.98780,-9.96950,1.00000
got position (3.9878, -9.9695, 1.0)
move to position succeeded
sleep (5,) {}
SLEEP 5.0
block started
WaitControl setup for 5.0  
Join finished
block finished. duration 5.03392720222
close () {'description': 'Microbone to Turbo'}
closing name=--- desc=Microbone to Turbo
checking ownership. requestor=129.138.12.150
check software interlocks U
interlocks []
actuate state mode=None-script, software_lock=False
doing actuation None-script close_channel True
Close U ===>> OK
GetIndicatorState U ===>> False
change switch state (True, True)
update switch state U False args=() kw={} ncanvase=2
17:51:30 -- CLOSE  VALVE-U (Microbone to Turbo)
---------------------------------------- close None (Microbone to Turbo) result=[(True, True)]
action=close, ok=True, locked=[False]
enable laser
enable () {}
set extraction state FusionsCO2 Enabled (False, 'red', 1.5)
enabling laser
Enable ===>> OK
begin interval
BEGIN INTERVAL Interval 1 waiting for 30.0
block started
WaitControl setup for 30.0  
set extract to 5.0
extract (5.0,) {}
GetPosition ===>> 3.98780,-9.96950,1.00000
set extraction state FusionsCO2 ON! 5.0(watts) (0.75, 'red', 1.5)
extract sample to 5.0 (watts)
set laser output
SetLaserOutput 5.0,watts ===>> OK
executing pattern triangle.lp
execute_pattern ('triangle.lp',) {}
executing pattern triangle.lp
IsPatterning ===>> OK
IsPatterning ===>> OK
IsPatterning ===>> OK
IsPatterning ===>> OK
IsPatterning ===>> OK
IsPatterning ===>> OK
IsPatterning ===>> OK
IsPatterning ===>> OK
IsPatterning ===>> OK
IsPatterning ===>> OK
IsPatterning ===>> OK
IsPatterning ===>> OK
IsPatterning ===>> OK
IsPatterning ===>> OK
IsPatterning ===>> OK
IsPatterning ===>> OK
IsPatterning ===>> OK
IsPatterning ===>> OK
IsPatterning ===>> OK
IsPatterning ===>> OK
IsPatterning ===>> OK
IsPatterning ===>> OK
IsPatterning ===>> OK
IsPatterning ===>> OK
IsPatterning ===>> OK
IsPatterning ===>> OK
IsPatterning ===>> OK
IsPatterning ===>> False
IsPatterning ===>> False
Block completed
COMPLETE INTERVAL waiting for Interval 1 to complete
Join finished
block finished. duration 30.0479879379
Interval 1 finished
end_extract () {}
ending extraction. set laser power to 0
set laser power 0
SetLaserPower 0 ===>> OK
disable () {}
%%%%%%%%%%%%%%%%%%%%%%%%%%%%%%%%%%% disable
set extraction state False (0.75, 'red', 1.5)
disabling laser
Disable ===>> OK
sleep (30.0,) {}
SLEEP 30.0
block started
WaitControl setup for 30.0  
Join finished
block finished. duration 30.0368828773
executed snippet estimated_duration=165.5, duration=74.1162259579
jan_co2.py completed successfully
GetAchievedOutput ===>> No Response
Requested Output= 0.000
Achieved Output=  0.000
GetResponseBlob ===>> No Response
GetOutputBlob ===>> No Response
persistence save...
persistence save - db
AutomatedRunPersister post_extraction_save deprecated
persistence save - dvc
no extraction position for 192
create new session 4991427888
close session 4991427888
Extraction Finished
17:52:31 -- ******* Extraction Finished *******
no overlap. not waiting for min ms pumptime
17:52:31 -- Sending spectrometer configuration
======== Sending configuration ========
SetDeflection CDD,50.0 ===>> OK
SetDeflection H2,0.0 ===>> OK
SetDeflection H1,0.0 ===>> OK
SetDeflection L2,825.0 ===>> OK
SetDeflection L1,400.0 ===>> OK
SetDeflection AX,190.0 ===>> OK
SetZFocus 74.64 ===>> OK
SetZSymmetry -50.72 ===>> OK
SetExtractionLens 26.13 ===>> OK
SetIonRepeller -3.81 ===>> OK
SetElectronEnergy 75.08 ===>> OK
SetYSymmetry -2.81 ===>> OK
SetIonCounterVoltage 1590.0 ===>> OK
send trap current 200.0
GetParameter Trap Current Readback ===>> 198.370811206739
SetParameter Trap Current Set,200.0 ===>> OK
updating mftable name mftable
Using mftable located at /Users/jan/PychronDev/setupfiles/spectrometer/mftables/mftable.csv
============ MFtable ===========
Isotope  H2     H1     AX     L1     L2     CDD    
Ar40     5.7974 5.8796 5.9930 6.1373 6.2314 6.3656
Ar39     5.6967 5.7719 5.8854 6.0234 6.1165 6.2521
Ar36     5.3742 5.4409 5.5487 5.6823 5.7715 5.9032
================================
get initial guess parabolic
get initial guess parabolic
get initial guess parabolic
get initial guess parabolic
get initial guess parabolic
get initial guess parabolic
======== Configuration Finished ========
GetYSymmetry ===>> -2.81
GetZSymmetry ===>> -50.72
GetParameter Trap Current Readback ===>> 198.035158395898
GetHighVoltage ===>> 4500
start measurement
do measurement
L#=65555 analysis type=unknown
Measurement Started jan_unknown120_60.py
17:52:31 -- ******* Measurement Started jan_unknown120_60.py *******
state changed from extraction to measurement
setting spec, defl, and gains
GetExtractionLens ===>> 26.13
GetYSymmetry ===>> -2.81
GetZSymmetry ===>> -50.72
GetZFocus ===>> 74.64
GetDeflection H2 ===>> 0
GetDeflection H1 ===>> 0
GetDeflection AX ===>> 190
GetDeflection L1 ===>> 400
GetDeflection L2 ===>> 825
GetDeflection CDD ===>> 50
GetGain H2 ===>> 0.0113
GetGain H1 ===>> 0.1
GetGain AX ===>> 0.097049
GetGain L1 ===>> 0.010355
GetGain L2 ===>> 0.095649
GetGain CDD ===>> 0
pre measurement save
New frame /Users/jan/PychronDev/data/isotopes/92/1171ba-1dcf-4b23-acb4-226a5cf36dea.h5
flush and close file /Users/jan/PychronDev/data/isotopes/92/1171ba-1dcf-4b23-acb4-226a5cf36dea.h5
testing...
no interpolation path defined
executed snippet estimated_duration=226.132928, duration=0.000262975692749
unknown measurement script
activate_detectors ('H2', 'H1', 'AX', 'L1', 'L2', 'CDD') {}
activate detectors
*************** Set Analysis View Ar/Ar
create graphs
clearing graphs
clear isotope group
setting isotope det=H2, iso=PM41
setting isotope det=H1, iso=Ar40
setting isotope det=AX, iso=Ar39
setting isotope det=L1, iso=Ar38
setting isotope det=L2, iso=Ar37
setting isotope det=CDD, iso=Ar36
setting previous blanks
 - setting Ar40 blank 0.083+/-0.007
 - setting Ar36 blank 0.00456+/-0.00016
 - setting Ar37 blank 0.059+/-0.005
 - setting Ar38 blank 0.0111+/-0.0023
 - setting PM41 blank 0.02+/-0.06
 - setting Ar39 blank 0.034+/-0.009
load analysis view
position_magnet ('Ar40',) {'detector': 'H1'}
detector Detector(H1)
POSITION Ar40 H1
setting detector H2 to PM41 (40.9624)
setting detector H1 to Ar40 (39.9624)
setting detector AX to Ar39 (38.9624)
setting detector L1 to Ar38 (37.9624)
setting detector L2 to Ar37 (36.9624)
setting detector CDD to Ar36 (35.9624)
Mapping mass to dac mass func: "parabolic"
H1 map mass coeffs = [-0.00063987  0.15840543  0.57121999]
H1 map mass to dac 39.9624 >> 5.87961
GetDeflection H1 ===>> 0
GetHighVoltage ===>> 4500
positioning Ar40 (5.87961) on H1
setting magnet DAC
current  : 5.879610
requested: 5.879610
Delta Dac: 0.000000
Checking detector protection. dv=0.00000
Checking detector "CDD". Protection Threshold: 0.1 (V)
SetMagnetDAC 5.87961 ===>> OK
Magnet settling time: 0.500
update labels <pychron.experiment.plot_panel.PlotPanel object at 0x1cddb1530>
update labels "<pychron.graph.stacked_regression_graph.StackedRegressionGraph object at 0x1c6981710>"
setting label 0 H2 PM41
setting label 1 H1 Ar40
setting label 2 AX Ar39
setting label 3 L1 Ar38
setting label 4 L2 Ar37
setting label 5 CDD Ar36
update labels "<pychron.graph.stacked_graph.StackedGraph object at 0x1d2801110>"
setting label 0 H2 PM41
setting label 1 H1 Ar40
setting label 2 AX Ar39
setting label 3 L1 Ar38
setting label 4 L2 Ar37
setting label 5 CDD Ar36
equilibrate () {'delay': 3, 'inlet': 'R', 'outlet': 'O', 'eqtime': 12.0}
Equilibration Started
17:52:32 -- ******* Equilibration Started *******
checking ownership. requestor=129.138.12.150
check software interlocks O
interlocks []
actuate state mode=None-script, software_lock=False
doing actuation None-script close_channel True
Close O ===>> OK
GetIndicatorState O ===>> False
change switch state (True, True)
update switch state O False args=() kw={} ncanvase=2
17:52:32 -- CLOSE  VALVE-O (Jan Ion Pump)
waiting 3s before opening inlet value ('R',)
checking ownership. requestor=129.138.12.150
check software interlocks R
interlocks []
actuate state mode=None-script, software_lock=False
doing actuation None-script open_channel True
Open R ===>> OK
GetIndicatorState R ===>> OK
change switch state (True, True)
update switch state R True args=() kw={} ncanvase=2
17:52:36 -- OPEN   VALVE-R (Jan Inlet)
equilibrating for 12.0sec
set_time_zero () {}
sniff (12.0,) {}
py_sniff
build tables- sniff [Detector(H2), Detector(H1), Detector(AX), Detector(L1), Detector(L2), Detector(CDD)]
add group /sniff/PM41 (Group) '' table H2
add group /sniff/Ar40 (Group) '' table H1
add group /sniff/Ar39 (Group) '' table AX
add group /sniff/Ar38 (Group) '' table L1
add group /sniff/Ar37 (Group) '' table L2
add group /sniff/Ar36 (Group) '' table CDD
flush and close file /Users/jan/PychronDev/data/isotopes/92/1171ba-1dcf-4b23-acb4-226a5cf36dea.h5
measuring sniff. ncounts=12.0
"sniff" increment series count="1" fit count="0" regressing="False"
starting measurement
GetData ===>> H2,-0.0394621430088513,H1,8.01496956232495,AX,2.19140668953744,L1,-0.0301521474984578,L2,0.077848...
GetData ===>> H2,0.816311834590025,H1,247.421907297017,AX,63.7253893631452,L1,0.363764756695654,L2,0.7665482164...
GetData ===>> H2,0.586976292958131,H1,440.272248149618,AX,108.29006888876,L1,0.931536027309135,L2,0.69709901453...
GetData ===>> H2,0.170607971237791,H1,502.36263009012,AX,120.905556245359,L1,1.26170741410718,L2,0.682769213586...
GetData ===>> H2,0.0765034508897053,H1,524.198877854068,AX,124.926904658051,L1,1.42527113630606,L2,0.7995742276...
GetData ===>> H2,0.00863394204481873,H1,532.981930183924,AX,126.846818571917,L1,1.47018374059684,L2,0.748557539...
GetData ===>> H2,-0.102437938927745,H1,536.633806398419,AX,127.405800685007,L1,1.48796789803894,L2,0.7326868853...
GetData ===>> H2,-0.029078935333121,H1,538.736966471867,AX,127.614723661321,L1,1.57446399941586,L2,0.8924021251...
GetData ===>> H2,-0.0324269815016932,H1,539.426419997378,AX,127.69014261567,L1,1.59827532534176,L2,0.7568200148...
GetData ===>> H2,-0.106078385301852,H1,539.887830605032,AX,127.71874843917,L1,1.60715665519556,L2,0.80665025416...
GetData ===>> H2,-0.134205171144306,H1,539.807646825152,AX,127.868338607795,L1,1.63776831981179,L2,0.7179513804...
Equilibration Finished
17:52:48 -- ******* Equilibration Finished *******
checking ownership. requestor=129.138.12.150
check software interlocks R
interlocks []
actuate state mode=None-script, software_lock=False
doing actuation None-script close_channel True
GetData ===>> H2,-0.103014533459203,H1,539.910059428945,AX,127.821410348133,L1,1.63694561706194,L2,0.7311079731...
Close R ===>> OK
GetIndicatorState R ===>> False
change switch state (True, True)
update switch state R False args=() kw={} ncanvase=2
17:52:48 -- CLOSE  VALVE-R (Jan Inlet)
Post Equilibration Started jan_pump_extraction_line.py
17:52:48 -- ******* Post Equilibration Started jan_pump_extraction_line.py *******
testing...
no interpolation path defined
calculate duration
testing...
no interpolation path defined
executed snippet estimated_duration=4.0, duration=0.000257968902588
executed snippet estimated_duration=4.0, duration=0.0290658473969
Pump after analysis
doing GOSUB
testing...
no interpolation path defined
executed snippet estimated_duration=4.0, duration=0.000113964080811
Pump Microbone
close () {'description': 'Jan Inlet'}
closing name=--- desc=Jan Inlet
checking ownership. requestor=129.138.12.150
check software interlocks R
interlocks []
actuate state mode=None-script, software_lock=False
doing actuation None-script close_channel False
Close R ===>> OK
measurement finished
estimated time: 12.583 actual time: :12.659
flush and close file /Users/jan/PychronDev/data/isotopes/92/1171ba-1dcf-4b23-acb4-226a5cf36dea.h5
set_fits () {}
using default fits file=/Users/jan/PychronDev/scripts/measurement/fits/nominal_linear.yaml
set "Ar40" to "('Linear', 'SEM')"
No fit for "PM41". defaulting to linear. check the measurement script "jan_unknown120_60.py"
set "PM41" to "linear"
set "Ar36" to "('Linear', 'SEM')"
set "Ar37" to "('linear', 'SEM')"
set "Ar38" to "('linear', 'SEM')"
set "Ar39" to "('Linear', 'SEM')"
set_baseline_fits () {}
using default fits file=/Users/jan/PychronDev/scripts/measurement/fits/nominal_linear.yaml
GetIndicatorState R ===>> False
change switch state (True, True)
update switch state R False args=() kw={} ncanvase=2
set "H1" to "('average', 'SEM')"
set "H2" to "('average', 'SEM')"
set "CDD" to "('average', 'SEM')"
17:52:49 -- CLOSE  VALVE-R (Jan Inlet)
set "L2" to "('average', 'SEM')"
---------------------------------------- close None (Jan Inlet) result=[(True, True)]
set "L1" to "('average', 'SEM')"
set "AX" to "('average', 'SEM')"
multicollect () {'integration_time': 1, 'ncounts': 120}
build tables- signal [Detector(H2), Detector(H1), Detector(AX), Detector(L1), Detector(L2), Detector(CDD)]
add group /signal/PM41 (Group) '' table H2
add group /signal/Ar40 (Group) '' table H1
add group /signal/Ar39 (Group) '' table AX
add group /signal/Ar38 (Group) '' table L1
add group /signal/Ar37 (Group) '' table L2
add group /signal/Ar36 (Group) '' table CDD
flush and close file /Users/jan/PychronDev/data/isotopes/92/1171ba-1dcf-4b23-acb4-226a5cf36dea.h5
measuring signal. ncounts=120
"signal" increment series count="2" fit count="1" regressing="True"
action=close, ok=True, locked=[False]
is_closed ('F',) {}
is F () closed?
is closed True
open () {'description': 'CO2 Laser to Jan'}
opening name=--- desc=CO2 Laser to Jan
checking ownership. requestor=129.138.12.150
check software interlocks A
interlocks []
actuate state mode=None-script, software_lock=False
doing actuation None-script open_channel False
Open A ===>> OK
GetIndicatorState A ===>> OK
change switch state (True, True)
update switch state A True args=() kw={} ncanvase=2
17:52:49 -- OPEN   VALVE-A (CO2 Laser to Jan)
---------------------------------------- open None (CO2 Laser to Jan) result=[(True, True)], time=0.11 sec
starting measurement
GetData ===>> H2,0.105646786418623,H1,540.043544321177,AX,128.163900540928,L1,1.60715535997946,L2,0.79062116778...
action=open, ok=True, locked=[False]
sleep (1,) {}
SLEEP 1.0
GetData ===>> H2,-0.0186950041480084,H1,539.713802664107,AX,127.674218537589,L1,1.64070668054572,L2,0.683455348...
close () {'description': 'CO2 Laser to Roughing'}
closing name=--- desc=CO2 Laser to Roughing
checking ownership. requestor=129.138.12.150
check software interlocks G
interlocks []
actuate state mode=None-script, software_lock=True
VALVE-G(CO2 Laser to Roughing) software locked
change switch state (True, False)
---------------------------------------- close None (CO2 Laser to Roughing) result=[(True, False)]
action=close, ok=True, locked=[True]
open () {'description': 'Microbone to Turbo'}
opening name=--- desc=Microbone to Turbo
checking ownership. requestor=129.138.12.150
check software interlocks U
interlocks []
actuate state mode=None-script, software_lock=False
doing actuation None-script open_channel True
Open U ===>> OK
GetIndicatorState U ===>> OK
change switch state (True, True)
update switch state U True args=() kw={} ncanvase=2
17:52:51 -- OPEN   VALVE-U (Microbone to Turbo)
---------------------------------------- open None (Microbone to Turbo) result=[(True, True)], time=0.16 sec
action=open, ok=True, locked=[False]
open () {'description': 'Microbone to Getter NP-10'}
opening name=--- desc=Microbone to Getter NP-10
checking ownership. requestor=129.138.12.150
check software interlocks M
interlocks []
actuate state mode=None-script, software_lock=False
doing actuation None-script open_channel False
Open M ===>> OK
GetIndicatorState M ===>> OK
change switch state (True, True)
update switch state M True args=() kw={} ncanvase=2
17:52:51 -- OPEN   VALVE-M (Microbone to Getter NP-10)
---------------------------------------- open None (Microbone to Getter NP-10) result=[(True, True)], time=0.12 sec
action=open, ok=True, locked=[False]
open () {'description': 'Microbone to Getter D-50'}
opening name=--- desc=Microbone to Getter D-50
checking ownership. requestor=129.138.12.150
check software interlocks K
interlocks []
actuate state mode=None-script, software_lock=False
doing actuation None-script open_channel False
GetData ===>> H2,-0.149070994938015,H1,539.606693555544,AX,127.72201470565,L1,1.6084545392607,L2,0.767017484056...
Open K ===>> OK
GetIndicatorState K ===>> OK
change switch state (True, True)
update switch state K True args=() kw={} ncanvase=2
17:52:52 -- OPEN   VALVE-K (Microbone to Getter D-50)
---------------------------------------- open None (Microbone to Getter D-50) result=[(True, True)], time=0.40 sec
action=open, ok=True, locked=[False]
open () {'description': 'Microbone to CO2 Laser'}
opening name=--- desc=Microbone to CO2 Laser
checking ownership. requestor=129.138.12.150
check software interlocks T
interlocks []
actuate state mode=None-script, software_lock=False
doing actuation None-script open_channel False
Open T ===>> OK
GetIndicatorState T ===>> OK
change switch state (True, True)
update switch state T True args=() kw={} ncanvase=2
17:52:52 -- OPEN   VALVE-T (Microbone to CO2 Laser)
---------------------------------------- open None (Microbone to CO2 Laser) result=[(True, True)], time=0.40 sec
GetData ===>> H2,-0.161947661016789,H1,539.411696707233,AX,127.765635312698,L1,1.63811870105456,L2,0.6046438220...
action=open, ok=True, locked=[False]
open () {'description': 'Microbone to Inlet Pipette'}
opening name=--- desc=Microbone to Inlet Pipette
checking ownership. requestor=129.138.12.150
check software interlocks S
interlocks []
actuate state mode=None-script, software_lock=False
doing actuation None-script open_channel False
Open S ===>> OK
GetIndicatorState S ===>> OK
change switch state (True, True)
update switch state S True args=() kw={} ncanvase=2
17:52:53 -- OPEN   VALVE-S (Microbone to Inlet Pipette)
---------------------------------------- open None (Microbone to Inlet Pipette) result=[(True, True)], time=0.40 sec
action=open, ok=True, locked=[False]
sleep (1,) {}
SLEEP 1.0
GetData ===>> H2,-0.177907821389522,H1,538.936953677366,AX,127.607715543238,L1,1.68428999101603,L2,0.7615352083...
set_resource () {'name': 'CO2PumpTimeFlag', 'value': 30}
Set CO2PumpTimeFlag 30 ===>> OK
release ('JanCO2Flag',) {}
release JanCO2Flag
Set JanCO2Flag 0 ===>> OK
executed snippet estimated_duration=6.0, duration=5.85984611511
PumpMicrobone.py completed successfully
gosub finished
get_resource_value () {'name': 'JanMiniboneFlag'}
Read JanMiniboneFlag ===>> 0
Get Resource Value JanMiniboneFlag=0.0
get resource value 0.0
get_resource_value () {'name': 'JanMiniboneFlag'}
Read JanMiniboneFlag ===>> 0
Get Resource Value JanMiniboneFlag=0.0
executed snippet estimated_duration=4.0, duration=5.87183594704
jan_pump_extraction_line.py completed successfully
Post Equilibration Finished
17:52:54 -- ******* Post Equilibration Finished *******
GetData ===>> H2,-0.149277627690742,H1,538.544556162714,AX,127.626417336864,L1,1.6456931305264,L2,0.68682891607...
GetData ===>> H2,-0.127070408798403,H1,538.557631205788,AX,127.275115225412,L1,1.64594354235963,L2,0.7476992904...
GetData ===>> H2,-0.104143274657875,H1,538.207393084713,AX,127.30235642638,L1,1.64292395449959,L2,0.82069680489...
GetData ===>> H2,-0.0844183098719828,H1,537.996188008567,AX,127.301090183903,L1,1.63451161144547,L2,0.803215224...
GetData ===>> H2,-0.136809449133821,H1,537.824840757612,AX,127.265025640613,L1,1.62172982492586,L2,0.7398495236...
GetData ===>> H2,-0.133637180654286,H1,537.567394349508,AX,127.204461639245,L1,1.62172204321292,L2,0.7440031832...
GetData ===>> H2,-0.0288507162633444,H1,537.339053468899,AX,127.217392800764,L1,1.5916983146662,L2,0.7753273337...
GetData ===>> H2,-0.151700217093141,H1,537.240203363391,AX,127.142947330422,L1,1.61666121792962,L2,0.8300332060...
GetData ===>> H2,-0.257079374175267,H1,537.190107159449,AX,127.053911210436,L1,1.63336875070745,L2,0.7923956849...
GetData ===>> H2,-0.117822410876576,H1,536.877821365304,AX,127.152018589407,L1,1.63097834143695,L2,0.7792650342...
GetData ===>> H2,-0.0928724888861919,H1,536.66296302366,AX,127.144692501197,L1,1.60583302482433,L2,0.7429390054...
GetData ===>> H2,-0.0647534181811053,H1,536.747899235392,AX,126.960357593381,L1,1.58204109688885,L2,0.693953823...
GetData ===>> H2,-0.0580961327805243,H1,536.411324457369,AX,127.025653183498,L1,1.58275443158595,L2,0.671974670...
GetData ===>> H2,-0.0480268822266665,H1,536.071953420931,AX,126.855261697998,L1,1.61172065941027,L2,0.692981693...
GetData ===>> H2,-0.086906082233131,H1,535.603877179113,AX,126.943779110958,L1,1.54985152709931,L2,0.7896022662...
GetData ===>> H2,-0.193551992804146,H1,535.609008165146,AX,127.078005917275,L1,1.58402586294002,L2,0.7364626504...
GetData ===>> H2,-0.130227987206688,H1,535.063746365478,AX,126.86581608582,L1,1.61843865698391,L2,0.75786145757...
GetData ===>> H2,-0.0604313715352838,H1,535.124133001705,AX,126.684061427368,L1,1.61950837187249,L2,0.837322179...
GetData ===>> H2,-0.0898796014527731,H1,534.811026834148,AX,126.850358261715,L1,1.58907198959943,L2,0.778200465...
17:53:15 -- collecting point 25
GetData ===>> H2,-0.204839789719967,H1,534.709018599584,AX,126.769662210377,L1,1.61497479919512,L2,0.7796542343...
GetData ===>> H2,-0.244702830098734,H1,534.29509184288,AX,126.618854298313,L1,1.60222292461607,L2,0.76148942864...
GetData ===>> H2,-0.155210351571884,H1,534.139888435541,AX,126.626628663315,L1,1.6139418186133,L2,0.76869999886...
GetData ===>> H2,-0.113657134718483,H1,534.325017702575,AX,126.558031922654,L1,1.58084885800451,L2,0.7548859369...
GetData ===>> H2,-0.16221096688189,H1,533.910397167505,AX,126.417355275269,L1,1.60885222536196,L2,0.76312606613...
GetData ===>> H2,-0.158098646253806,H1,533.845908383003,AX,126.49015324784,L1,1.58511226486339,L2,0.72308795728...
GetData ===>> H2,-0.0925216207245248,H1,533.435892187276,AX,126.114675604912,L1,1.58456581312743,L2,0.690259784...
GetData ===>> H2,-0.167689041361969,H1,533.299654920453,AX,126.430635675464,L1,1.56489598569595,L2,0.6919867012...
GetData ===>> H2,-0.107112113526311,H1,532.970349634544,AX,126.251543812179,L1,1.60399313759426,L2,0.7557785834...
GetData ===>> H2,-0.142354055579949,H1,532.649363688117,AX,126.133653144341,L1,1.58996634444878,L2,0.8643545662...
GetData ===>> H2,-0.183448268326333,H1,532.711689791265,AX,125.974218185284,L1,1.59321174931917,L2,0.7220697721...
GetData ===>> H2,-0.0929185479950949,H1,532.670065086199,AX,125.998501811783,L1,1.57932929913832,L2,0.684530302...
GetData ===>> H2,-0.141086415288472,H1,532.635126696465,AX,125.889251437777,L1,1.57824218136222,L2,0.6680642357...
GetData ===>> H2,-0.1423797312648,H1,531.910526949377,AX,125.841323215878,L1,1.59603074338726,L2,0.806306745698...
GetData ===>> H2,-0.116650658528491,H1,531.532216187823,AX,125.874770216869,L1,1.58196212805133,L2,0.6722033563...
GetData ===>> H2,-0.148478086593024,H1,531.260614553277,AX,125.896148626951,L1,1.55439356410944,L2,0.7053113091...
GetData ===>> H2,-0.289352004159434,H1,531.647620198837,AX,125.977733447203,L1,1.53868126578455,L2,0.6570083994...
GetData ===>> H2,-0.199407019142439,H1,531.554805642231,AX,125.851962081664,L1,1.56140482629898,L2,0.7694668691...
GetData ===>> H2,-0.117926590855192,H1,531.420734944116,AX,125.689864068894,L1,1.54937223671198,L2,0.6791670861...
GetData ===>> H2,-0.107288000325398,H1,531.087004942921,AX,125.760647448157,L1,1.58690565219419,L2,0.7378128085...
GetData ===>> H2,-0.0955842395745621,H1,531.234413095108,AX,125.705539893907,L1,1.59096303499155,L2,0.708319609...
GetData ===>> H2,0.00881079020112521,H1,530.679964600386,AX,125.73790835681,L1,1.56624840530953,L2,0.8234427110...
GetData ===>> H2,-0.0795414012488395,H1,530.508062333526,AX,125.607729498465,L1,1.58724079801529,L2,0.724380724...
GetData ===>> H2,-0.115707485952295,H1,530.104464388955,AX,125.420543764687,L1,1.60604153124575,L2,0.7281218404...
GetData ===>> H2,-0.0486078598889313,H1,529.984519859341,AX,125.391481328923,L1,1.57494913756947,L2,0.820147633...
17:53:41 -- collecting point 50
GetData ===>> H2,-0.215473992624784,H1,530.101025662635,AX,125.716615092069,L1,1.53361357862736,L2,0.8013832592...
GetData ===>> H2,-0.201533255248886,H1,529.740581463381,AX,125.461247673028,L1,1.54701097501683,L2,0.7081365924...
GetData ===>> H2,-0.17946255066012,H1,528.991917964002,AX,125.222248787904,L1,1.56413013689772,L2,0.66992796132...
GetData ===>> H2,-0.123096505138739,H1,528.960172415006,AX,125.307236233142,L1,1.59986870288232,L2,0.7513039901...
GetData ===>> H2,-0.0976345545174709,H1,529.183084331046,AX,125.347534304312,L1,1.62470066700462,L2,0.641792986...
GetData ===>> H2,-0.244858915776685,H1,529.17217502358,AX,125.208679379319,L1,1.57785265730975,L2,0.73837347302...
GetData ===>> H2,-0.191726897239796,H1,528.814913949412,AX,125.177233597764,L1,1.55648884006582,L2,0.8062609446...
GetData ===>> H2,-0.131465030943535,H1,528.628652147898,AX,125.091808748781,L1,1.55602089016432,L2,0.6796359268...
GetData ===>> H2,-0.102417635770077,H1,528.008432975035,AX,125.088398039029,L1,1.56520389284328,L2,0.6864629640...
GetData ===>> H2,-0.123118142950698,H1,527.673495510203,AX,124.943951578057,L1,1.58176923937044,L2,0.7048995339...
GetData ===>> H2,-0.19902811077061,H1,527.351594600242,AX,124.973440376302,L1,1.59350177283943,L2,0.79438776264...
GetData ===>> H2,-0.147878393768847,H1,527.363171739177,AX,124.952009023372,L1,1.57080610889932,L2,0.7557785834...
GetData ===>> H2,-0.214649909802939,H1,527.665297724045,AX,124.785282998046,L1,1.55764975321349,L2,0.7383391465...
GetData ===>> H2,-0.0944424573783318,H1,527.373535108641,AX,124.651659269747,L1,1.56619152691668,L2,0.621412069...
GetData ===>> H2,-0.0739019010251417,H1,527.061846868157,AX,124.751262191586,L1,1.57154069239008,L2,0.669676413...
GetData ===>> H2,-0.209733789010275,H1,526.739309828382,AX,124.576332352441,L1,1.58330856055945,L2,0.7163955895...
GetData ===>> H2,-0.205269716461582,H1,526.611026034129,AX,124.695953395339,L1,1.57226368488818,L2,0.6822774866...
GetData ===>> H2,-0.132582265731233,H1,526.255878360599,AX,124.493704379555,L1,1.57853336295275,L2,0.7218867287...
GetData ===>> H2,-0.0558635112701995,H1,526.161416650284,AX,124.67526985821,L1,1.59470726604096,L2,0.7103785767...
GetData ===>> H2,-0.0832900333758586,H1,525.756187342748,AX,124.537885241821,L1,1.5525274160083,L2,0.7234769297...
GetData ===>> H2,-0.0682840176657515,H1,525.803560292282,AX,124.446436984407,L1,1.57672557505633,L2,0.774182683...
GetData ===>> H2,-0.111909645542893,H1,525.497103708052,AX,124.474518137249,L1,1.55442458313391,L2,0.7140047541...
GetData ===>> H2,-0.106018848350758,H1,525.32277030399,AX,124.468947143246,L1,1.59726630703026,L2,0.82652050748...
GetData ===>> H2,-0.0602605166503995,H1,525.002978590554,AX,124.314909810498,L1,1.57216926631872,L2,0.713284083...
GetData ===>> H2,-0.157508348388427,H1,524.895507601124,AX,124.19169932328,L1,1.52760877741993,L2,0.73661139577...
17:54:07 -- collecting point 75
GetData ===>> H2,-0.119593340519125,H1,525.066986883261,AX,124.311279711849,L1,1.56183291473371,L2,0.8222070435...
GetData ===>> H2,-0.149681428540032,H1,524.611400476712,AX,124.243964244976,L1,1.58909658013778,L2,0.7416116603...
GetData ===>> H2,-0.154248323919625,H1,524.199180091897,AX,124.103344061438,L1,1.57199595217765,L2,0.7487406342...
GetData ===>> H2,-0.237161179715004,H1,524.24193603961,AX,124.142035017478,L1,1.57758219866163,L2,0.60346580838...
GetData ===>> H2,-0.28997908471248,H1,523.89662384824,AX,124.199566474327,L1,1.57168813239007,L2,0.723305324061...
GetData ===>> H2,-0.22358543080776,H1,523.713255558984,AX,124.077878115796,L1,1.5643526414515,L2,0.728911268778...
GetData ===>> H2,-0.301020456486345,H1,523.204732121635,AX,124.079606101247,L1,1.57769736922418,L2,0.7765521244...
GetData ===>> H2,-0.214441186482705,H1,522.998494099338,AX,123.907205103416,L1,1.52337111038574,L2,0.7918461535...
GetData ===>> H2,-0.200179629276933,H1,523.049530386088,AX,123.827390566054,L1,1.52507551426057,L2,0.7400211589...
GetData ===>> H2,-0.198258119076107,H1,523.276141728338,AX,123.704782890542,L1,1.54139430437422,L2,0.7297922327...
GetData ===>> H2,-0.213925421366369,H1,522.686066846582,AX,123.920396356651,L1,1.51082746340488,L2,0.7197817549...
GetData ===>> H2,-0.228381743725887,H1,522.370316488635,AX,123.727259588136,L1,1.59161287468436,L2,0.7858358591...
GetData ===>> H2,-0.125919891123397,H1,522.286695065626,AX,123.974672298578,L1,1.622601411993,L2,0.848228065379...
GetData ===>> H2,-0.162286581794436,H1,522.430607132366,AX,123.817425879723,L1,1.61476223306681,L2,0.6857882435...
GetData ===>> H2,-0.165085328825329,H1,522.06255850831,AX,123.570591209099,L1,1.54453840259188,L2,0.74828289928...
GetData ===>> H2,-0.174029515147707,H1,521.522353968314,AX,123.4788057119,L1,1.50652872808863,L2,0.716784534885...
GetData ===>> H2,-0.1555994631618,H1,521.517579122927,AX,123.48580264458,L1,1.54467281922082,L2,0.8506199729649...
GetData ===>> H2,-0.15275647913477,H1,521.287287970432,AX,123.550417588531,L1,1.56499172059586,L2,0.74178329876...
GetData ===>> H2,-0.153074053122743,H1,521.064458410097,AX,123.416889634612,L1,1.57138290794155,L2,0.7362566958...
GetData ===>> H2,-0.22484327969359,H1,521.328742599556,AX,123.516372799783,L1,1.59530423537977,L2,0.75766690148...
GetData ===>> H2,-0.211321997086681,H1,520.838554871683,AX,123.260277893859,L1,1.57481459041596,L2,0.6209087508...
GetData ===>> H2,-0.130452336488001,H1,520.307544929065,AX,123.383723451581,L1,1.53451226159919,L2,0.8503224118...
GetData ===>> H2,-0.0944763197107284,H1,520.111939696045,AX,123.229265591085,L1,1.5430134075465,L2,0.6768686563...
GetData ===>> H2,-0.166892738680921,H1,519.856688255297,AX,122.930330729534,L1,1.53382791291356,L2,0.7213376006...
GetData ===>> H2,-0.241801396589645,H1,519.827210774094,AX,122.93292404787,L1,1.53180481774553,L2,0.69115183029...
17:54:33 -- collecting point 100
GetData ===>> H2,-0.215129285549965,H1,519.730605364496,AX,123.059554716258,L1,1.50532569610718,L2,0.7151372476...
GetData ===>> H2,-0.138616947945515,H1,519.619129708346,AX,123.058324040333,L1,1.53138139699686,L2,0.7345289825...
GetData ===>> H2,-0.170802182599118,H1,519.43105795469,AX,123.119187652148,L1,1.54827421190489,L2,0.59137770789...
GetData ===>> H2,-0.0651004122269968,H1,519.227933680122,AX,123.121290078942,L1,1.5493270217311,L2,0.8096338865...
GetData ===>> H2,0.0318496316333749,H1,518.794451930328,AX,123.076330726468,L1,1.53183450945539,L2,0.7467952758...
GetData ===>> H2,-0.149021024360471,H1,518.534386739741,AX,122.758959200945,L1,1.54031288332393,L2,0.6937593964...
GetData ===>> H2,-0.164489994795165,H1,518.490487391781,AX,122.920260726995,L1,1.51358759938998,L2,0.7199190344...
GetData ===>> H2,-0.226280072792234,H1,518.462192590811,AX,122.919352186743,L1,1.51259696495974,L2,0.6744559361...
GetData ===>> H2,-0.173739113176212,H1,518.465019646527,AX,122.780444561782,L1,1.49486127535008,L2,0.7080450839...
GetData ===>> H2,-0.132482178965063,H1,517.785849457175,AX,122.784302516831,L1,1.55500749879731,L2,0.7539475226...
GetData ===>> H2,-0.228189230237822,H1,517.857097697604,AX,122.688857979094,L1,1.57429323594377,L2,0.7652205450...
GetData ===>> H2,-0.0290898027939017,H1,517.866812517035,AX,122.715998194739,L1,1.57294274673489,L2,0.733213195...
GetData ===>> H2,-0.0947932662506284,H1,517.567260414159,AX,122.671668424826,L1,1.56495420276419,L2,0.818877685...
GetData ===>> H2,-0.155612973740954,H1,517.208234032983,AX,122.590579640811,L1,1.55103627913241,L2,0.7463375501...
GetData ===>> H2,-0.273415355252387,H1,516.912648908751,AX,122.535218652641,L1,1.53778611204193,L2,0.6739528172...
GetData ===>> H2,-0.150452526663503,H1,516.664162679916,AX,122.470655246492,L1,1.55110863459487,L2,0.7098180757...
GetData ===>> H2,-0.17517168133892,H1,516.610977753224,AX,122.221931954475,L1,1.58036216183429,L2,0.70481946673...
GetData ===>> H2,-0.158182393117432,H1,516.798166088883,AX,122.451193099707,L1,1.57816453425669,L2,0.7199075944...
GetData ===>> H2,-0.0547511062826734,H1,516.283305606435,AX,122.482390374737,L1,1.58151421731268,L2,0.817504787...
GetData ===>> H2,-0.143987724132162,H1,516.027932960894,AX,122.667073512867,L1,1.54739070560599,L2,0.6725120823...
GetData ===>> H2,-0.0974991422178643,H1,515.646085702379,AX,122.407912558559,L1,1.52707454747966,L2,0.652538407...
measurement finished
estimated time: 125.829 actual time: :126.128
flush and close file /Users/jan/PychronDev/data/isotopes/92/1171ba-1dcf-4b23-acb4-226a5cf36dea.h5
baselines () {'settling_time': 15.0, 'detector': 'H1', 'mass': 34.2, 'ncounts': 60}
%%%%%%%%%%%%%%%%%%%%%%%%%%%%%%%% Baseline
build tables- baseline [Detector(H2), Detector(H1), Detector(AX), Detector(L1), Detector(L2), Detector(CDD)]
add group baseline table H2
add group baseline table H1
add group baseline table AX
add group baseline table L1
add group baseline table L2
add group baseline table CDD
flush and close file /Users/jan/PychronDev/data/isotopes/92/1171ba-1dcf-4b23-acb4-226a5cf36dea.h5
detector Detector(H1)
POSITION 34.2 H1
Mapping mass to dac mass func: "parabolic"
H1 map mass coeffs = [-0.00063987  0.15840543  0.57121999]
H1 map mass to dac 34.2 >> 5.24026599104
GetDeflection H1 ===>> 0
GetHighVoltage ===>> 4500
positioning 34.2 (5.24026599104) on H1
setting magnet DAC
current  : 5.879610
requested: 5.240266
Delta Dac: 0.639344
Checking detector protection. dv=0.63934
Checking detector "CDD". Protection Threshold: 0.1 (V)
ProtectDetector CDD,On ===>> OK
GetDeflection CDD ===>> 2000
Protected = 2000
SetMagnetDAC 5.24026599104 ===>> OK
Magnet settling time: 0.500
GetMagnetMoving ===>> True
GetMagnetMoving ===>> True
GetMagnetMoving ===>> True
GetMagnetMoving ===>> True
GetMagnetMoving ===>> True
GetMagnetMoving ===>> True
GetMagnetMoving ===>> True
GetMagnetMoving ===>> True
GetMagnetMoving ===>> False
ProtectDetector CDD,Off ===>> OK
GetDeflection CDD ===>> 50
Delaying 15.0s for detectors to settle
Join finished
measuring baseline. ncounts=60
"baseline" increment series count="2" fit count="1" regressing="True"
starting measurement
GetData ===>> H2,-0.21896897629029,H1,-0.0460244059179658,AX,-0.0946739040132331,L1,-0.00800548159405285,L2,-0....
GetData ===>> H2,-0.196521062705794,H1,-0.0674717632956455,AX,0.0243650925683316,L1,-0.0175104072828894,L2,-0.0...
GetData ===>> H2,-0.24104361747593,H1,-0.0267190461362031,AX,-0.0240566405908086,L1,-0.0426025447240525,L2,-0.0...
GetData ===>> H2,-0.266809080803207,H1,-0.0356746204979384,AX,-0.165873976162076,L1,-0.04681543873314,L2,-0.044...
GetData ===>> H2,-0.235981385727085,H1,-0.0294737755163642,AX,-0.125311717471335,L1,-0.0434646616637079,L2,-0.0...
GetData ===>> H2,-0.0911613962097171,H1,-0.0413742891241185,AX,-0.0993327714944872,L1,0.0153508341450659,L2,-0....
GetData ===>> H2,-0.0155662094227878,H1,0.0370663839510012,AX,-0.0922864377058503,L1,-0.00581069509578452,L2,-0...
GetData ===>> H2,-0.146396584283688,H1,-0.0190864994238591,AX,-0.037416519963009,L1,-0.0303078529469822,L2,0.07...
GetData ===>> H2,-0.232271698055215,H1,0.0276516889828439,AX,-0.0868738578093489,L1,-0.0288537097228763,L2,-0.0...
GetData ===>> H2,-0.191664887346054,H1,-0.0486832217619025,AX,4.68079455483901E-05,L1,-0.0585474054677575,L2,-0...
GetData ===>> H2,-0.195895225499679,H1,-0.111615720253577,AX,-0.0394806433117588,L1,-0.0324467621825635,L2,-0.0...
GetData ===>> H2,-0.108017225000737,H1,-0.113200440762617,AX,-0.0830373500968751,L1,-0.052338967512583,L2,0.020...
GetData ===>> H2,-0.0739764620432261,H1,0.0518285942088916,AX,-0.109843376935878,L1,-0.065732288099466,L2,-0.06...
GetData ===>> H2,-0.116890160468581,H1,-0.027923504240923,AX,-0.0165988964892466,L1,-0.042052906567291,L2,-0.06...
GetData ===>> H2,-0.146385777304554,H1,-0.038071382628657,AX,-0.138524510475198,L1,-0.0586407485942551,L2,0.025...
GetData ===>> H2,-0.153676743547482,H1,-0.0620358474493042,AX,-0.165166859192136,L1,-0.0232184160840416,L2,-0.0...
GetData ===>> H2,-0.168651278223468,H1,-0.0428766581766603,AX,-0.0295654936019674,L1,0.0208015970633292,L2,-0.1...
GetData ===>> H2,-0.199149470705236,H1,0.0158517563697337,AX,-0.115949899572995,L1,0.00338382267678784,L2,0.004...
GetData ===>> H2,-0.216355910145956,H1,-0.0178580820620276,AX,-0.0110777100426996,L1,-0.0137672169217239,L2,-0....
GetData ===>> H2,-0.180211497688681,H1,0.0124277693445809,AX,-0.0478758399415709,L1,-0.0555168726286043,L2,-0.0...
GetData ===>> H2,-0.177280200922216,H1,0.0432120679908945,AX,-0.0181415249593182,L1,-0.0531081435841157,L2,0.01...
GetData ===>> H2,-0.153019998604107,H1,0.00558014661364861,AX,-0.071967424029436,L1,-0.00855350388664948,L2,-0....
GetData ===>> H2,-0.107624883590718,H1,0.0101372231938292,AX,-0.0365583883840829,L1,-0.0220809092537547,L2,0.02...
GetData ===>> H2,-0.138119475127423,H1,0.0097912598415963,AX,-0.0764998706290428,L1,-0.0323713212781669,L2,-0.0...
17:55:39 -- collecting point 25
GetData ===>> H2,-0.217052870183731,H1,-0.0557770259926425,AX,-0.238621581611568,L1,-0.0514369348395346,L2,-0.0...
GetData ===>> H2,-0.297706631676062,H1,-0.0115130067106726,AX,-0.0854250433686932,L1,-0.0332933379565416,L2,-0....
GetData ===>> H2,-0.205709060448865,H1,-0.0108927897960463,AX,-0.0190578114987842,L1,-0.0165401674033271,L2,-0....
GetData ===>> H2,-0.17163059014493,H1,0.0281170333344296,AX,-0.0598991902623392,L1,0.00897653378763881,L2,-0.01...
GetData ===>> H2,-0.22497525143984,H1,0.0172953539397948,AX,-0.0545543741526278,L1,-0.0252354064107662,L2,-0.10...
GetData ===>> H2,-0.22987731371166,H1,-0.0382502431727215,AX,-0.134245750916351,L1,-0.0610613832817638,L2,-0.21...
GetData ===>> H2,-0.251208158542429,H1,-0.0387748989244983,AX,-0.0970844901647376,L1,0.011136861816249,L2,-0.00...
GetData ===>> H2,-0.259495808850992,H1,-0.0311074969505441,AX,0.00665948052963997,L1,-0.010697339431993,L2,-0.0...
GetData ===>> H2,-0.262455640617897,H1,0.0405508808260404,AX,0.0259548102984385,L1,-0.012597393564455,L2,-0.018...
GetData ===>> H2,-0.17177899552124,H1,0.0076200688595264,AX,-0.171287307873944,L1,-0.0361942194240555,L2,-0.095...
GetData ===>> H2,-0.126528287502753,H1,-0.0243697148569531,AX,-0.107189759012322,L1,-0.03036893673368,L2,-0.018...
GetData ===>> H2,-0.149746251417025,H1,-0.00315168229996206,AX,-0.11707382876475,L1,-0.0274233175885574,L2,0.03...
GetData ===>> H2,-0.216525553565307,H1,0.0825107728075426,AX,-0.0653248638298183,L1,-0.0394024862784183,L2,-0.1...
GetData ===>> H2,-0.270814159831909,H1,-0.0557531821147926,AX,-0.124338501136789,L1,-0.0809916079451497,L2,-0.0...
GetData ===>> H2,-0.334870048758827,H1,-0.0072549016687294,AX,-0.0658001755208078,L1,-0.0330670326019597,L2,0.0...
GetData ===>> H2,-0.295050843283767,H1,-0.0920727423284305,AX,-0.0649886663537797,L1,0.0123960666455187,L2,0.03...
GetData ===>> H2,-0.224226493344354,H1,-0.0793915976146085,AX,-0.0376252535273454,L1,0.010033836463381,L2,-0.00...
GetData ===>> H2,-0.194326962817732,H1,-0.0363662293924925,AX,-0.063585898833498,L1,0.058438679376319,L2,-0.058...
GetData ===>> H2,-0.178231740924545,H1,-0.0265640158222389,AX,-0.0527572442212429,L1,0.0385856786553706,L2,0.03...
GetData ===>> H2,-0.108221507749266,H1,0.0144320402202027,AX,0.0468788431007257,L1,0.0207691576271317,L2,0.0182...
GetData ===>> H2,-0.141722956001181,H1,0.0126305806440687,AX,-0.12612272364587,L1,-0.00177127735071975,L2,-0.13...
GetData ===>> H2,-0.108018577878705,H1,0.0221393127768589,AX,-0.16764754200882,L1,-0.00637083089714257,L2,-0.07...
GetData ===>> H2,-0.193060027778293,H1,0.0210297153035778,AX,-0.0521311395465859,L1,-0.00803666090567214,L2,0.0...
GetData ===>> H2,-0.251615625685237,H1,-0.0260750724900614,AX,-0.154687014854579,L1,0.00930415374021994,L2,-0.0...
GetData ===>> H2,-0.226578988979669,H1,-0.0379282939632518,AX,-0.0538007430607255,L1,-0.0630400548983069,L2,-0....
17:56:05 -- collecting point 50
GetData ===>> H2,-0.110080652795159,H1,-0.0240238695553117,AX,-0.0323835862699629,L1,-0.0504331189057122,L2,-0....
GetData ===>> H2,-0.0890516423894196,H1,-0.0356865448297271,AX,0.00536011291080889,L1,0.0248621566097943,L2,-0....
GetData ===>> H2,-0.173184702737297,H1,0.0396678119263473,AX,-0.0156477900604621,L1,0.0279524018628479,L2,0.058...
GetData ===>> H2,-0.187907262601242,H1,-0.0735391363971381,AX,-0.0724658875685243,L1,-0.020261110302868,L2,-0.0...
GetData ===>> H2,-0.0968017433217855,H1,-0.00974776385700411,AX,-0.0198929005783464,L1,-0.0129905460930271,L2,-...
GetData ===>> H2,-0.185303024054953,H1,0.0335462105950814,AX,-0.0455336065408584,L1,-0.0373659904737956,L2,-0.0...
GetData ===>> H2,-0.213820380155953,H1,-0.117191918774462,AX,-0.0477830792948367,L1,-0.0399091502481244,L2,-0.0...
GetData ===>> H2,-0.185066981110828,H1,0.0105309070836281,AX,-0.124083609535489,L1,0.00414500860887634,L2,0.017...
GetData ===>> H2,-0.170300251485676,H1,-0.0214836588200427,AX,-0.221059606327931,L1,0.00261309049047067,L2,0.03...
GetData ===>> H2,-0.166297499614593,H1,0.0104593280794376,AX,-0.10348152538622,L1,-0.00451278745770185,L2,-0.04...
GetData ===>> H2,-0.191388534775404,H1,-0.0242862350659621,AX,-0.167334562150697,L1,-0.0235276422779466,L2,0.02...
measurement finished
estimated time: 62.915 actual time: :63.069
flush and close file /Users/jan/PychronDev/data/isotopes/92/1171ba-1dcf-4b23-acb4-226a5cf36dea.h5
activate_detectors ('H1', 'AX', 'CDD') {'peak_center': True}
peak_center () {'detector': 'H1', 'integration_time': 0.262144, 'isotope': 'Ar40'}
peak center: mean=516.758558666 threshold=3
peak center started
setup peak center. detector=['H1', 'AX', 'CDD'], isotope=Ar40
VersionedUnpickler [<apptools.sweet_pickle.versioned_unpickler.VersionedUnpickler object at 0x1c48fccb0>] using Updater [<apptools.sweet_pickle.updater.Updater object at 0x1373f1ad0>]
VersionedUnpickler [<apptools.sweet_pickle.versioned_unpickler.VersionedUnpickler object at 0x1c48fccb0>] using Updater [<apptools.sweet_pickle.updater.Updater object at 0x1373f1ad0>]
VersionedUnpickler [<apptools.sweet_pickle.versioned_unpickler.VersionedUnpickler object at 0x1b4e3ad10>] using Updater [<apptools.sweet_pickle.updater.Updater object at 0x1373f1ad0>]
setting integration time = 0.524288
SetIntegrationTime 0.524288 ===>> OK
Mapping mass to dac mass func: "parabolic"
H1 map mass coeffs = [-0.00063987  0.15840543  0.57121999]
H1 map mass to dac 39.9624 >> 5.87961
GetDeflection H1 ===>> 0
GetHighVoltage ===>> 4500
do peak center. <pychron.spectrometer.jobs.peak_center.PeakCenter object at 0x1376ecfb0>
doing pc
starting peak center. center dac= 5.87961 step_width=0.001
width = 0.001
get scan parameters. half-width=0.015,window=0.015, i=0, scalar=1
Scan parameters center=5.87961 width=0.03000 (5.86461 - 5.89461)
GetData ===>> H2,-0.149441040469069,H1,0.0215904780809019,AX,-0.100642313479108,L1,-0.0320779346019989,L2,-0.05...
Moving to starting dac 5.86461
setting magnet DAC
current  : 5.240266
requested: 5.864610
Delta Dac: 0.624344
Checking detector protection. dv=0.62434
Checking detector "CDD". Protection Threshold: 0.1 (V)
ProtectDetector CDD,On ===>> OK
GetDeflection CDD ===>> 2000
Protected = 2000
SetMagnetDAC 5.86461 ===>> OK
Magnet settling time: 0.500
GetMagnetMoving ===>> True
GetMagnetMoving ===>> True
GetMagnetMoving ===>> True
GetMagnetMoving ===>> True
GetMagnetMoving ===>> True
GetMagnetMoving ===>> True
GetMagnetMoving ===>> True
GetMagnetMoving ===>> True
GetMagnetMoving ===>> True
GetMagnetMoving ===>> False
ProtectDetector CDD,Off ===>> OK
GetDeflection CDD ===>> 50
Wait until signal near baseline. tol= 0.0161928585607. timeout= 10
GetData ===>> H2,24.4394337485334,H1,12.1501179755972,AX,0.658435270111896,L1,-0.0544178801851518,L2,0.08208838...
GetData ===>> H2,34.849198168015,H1,21.009537039189,AX,3.32349260986394,L1,-0.0574553331669882,L2,-0.1960937141...
GetData ===>> H2,19.8059930013717,H1,10.0884680632723,AX,1.41131948645297,L1,-0.0466957446155772,L2,-0.14632769...
GetData ===>> H2,8.52370250837111,H1,5.03084007451042,AX,0.686968810053251,L1,-0.041046954961001,L2,0.066271269...
GetData ===>> H2,2.94861468025726,H1,2.61158036968794,AX,0.284922009446208,L1,-0.0172590978182533,L2,0.09811329...
GetData ===>> H2,0.917776157240598,H1,1.4634614708781,AX,0.242544925009884,L1,-0.0146732571348358,L2,0.01696781...
GetData ===>> H2,0.267565725492721,H1,0.904407895347625,AX,-0.083732800786899,L1,-0.0174316233159419,L2,-0.0460...
GetData ===>> H2,0.0544770531609663,H1,0.664513050654781,AX,0.0409945923704703,L1,-0.0443279018744077,L2,-0.025...
GetData ===>> H2,0.0544770531609663,H1,0.664513050654781,AX,0.0409945923704703,L1,-0.0443279018744077,L2,-0.025...
GetData ===>> H2,0.07228568054871,H1,0.53346752067267,AX,0.0896530778575679,L1,-0.0261139806798398,L2,-0.203812...
GetData ===>> H2,0.0683478317270623,H1,0.493979406731771,AX,-0.0768012534538578,L1,-0.0555994868249095,L2,0.000...
GetData ===>> H2,0.0465810774591274,H1,0.444704622433467,AX,-0.0861436580277707,L1,-0.0414014446359872,L2,-0.04...
GetData ===>> H2,0.0355761482813472,H1,0.466946296246751,AX,-0.0444320416390286,L1,-0.00826690514011115,L2,-0.1...
GetData ===>> H2,0.102943602921854,H1,0.414309812044445,AX,-0.0803714097353955,L1,-0.00930054092370111,L2,-0.12...
GetData ===>> H2,0.0863612710260446,H1,0.437457816606268,AX,0.0155582945398986,L1,0.0111432767871989,L2,-0.0325...
GetData ===>> H2,-0.0559591240969731,H1,0.468235696170871,AX,0.0916233016217666,L1,0.00530037666333122,L2,-0.00...
GetData ===>> H2,-0.135842143164677,H1,0.441021361974925,AX,0.0455673323568184,L1,0.0150508233622063,L2,-0.1072...
GetData ===>> H2,-0.165654984257026,H1,0.43097679346118,AX,0.0811699814282008,L1,0.0070958026796498,L2,0.097976...
GetData ===>> H2,-0.184946949911551,H1,0.452501374250747,AX,0.124566711376343,L1,-0.0223904665596186,L2,0.11402...
GetData ===>> H2,-0.19608001293138,H1,0.497562079204861,AX,0.0305964704673543,L1,-0.0181408637273455,L2,0.02102...
GetData ===>> H2,-0.135682742157855,H1,0.483996367600681,AX,0.00312106476282832,L1,0.00398652351537745,L2,-0.06...
Peak center failed to move to a baseline position
_do_sweep sm= 5.86461, em= 5.89461, stm= 0.001
calculated step values: start=5.86461, end=5.89461, width=0.001, nsteps=31.0
setting magnet DAC
current  : 5.864610
requested: 5.864610
Delta Dac: 0.000000
Checking detector protection. dv=0.00000
Checking detector "CDD". Protection Threshold: 0.1 (V)
SetMagnetDAC 5.86461 ===>> OK
GetData ===>> H2,-0.135682742157855,H1,0.483996367600681,AX,0.00312106476282832,L1,0.00398652351537745,L2,-0.06...
setting magnet DAC
current  : 5.864610
requested: 5.865644
Delta Dac: 0.001034
Checking detector protection. dv=0.00103
Checking detector "CDD". Protection Threshold: 0.1 (V)
SetMagnetDAC 5.86564448276 ===>> OK
Magnet settling time: 1.049
GetData ===>> H2,-0.0784261919836445,H1,0.673580907480731,AX,0.162461932602944,L1,-0.023994979278048,L2,-0.0346...
setting magnet DAC
current  : 5.865644
requested: 5.866679
Delta Dac: 0.001034
Checking detector protection. dv=0.00103
Checking detector "CDD". Protection Threshold: 0.1 (V)
SetMagnetDAC 5.86667896552 ===>> OK
Magnet settling time: 1.049
GetData ===>> H2,-0.070745488304975,H1,2.71497178511659,AX,0.491311549418461,L1,-0.0590573988581377,L2,-0.15013...
setting magnet DAC
current  : 5.866679
requested: 5.867713
Delta Dac: 0.001034
Checking detector protection. dv=0.00103
Checking detector "CDD". Protection Threshold: 0.1 (V)
SetMagnetDAC 5.86771344828 ===>> OK
Magnet settling time: 1.049
GetData ===>> H2,-0.0798842078827411,H1,9.40515628684466,AX,1.34401469006612,L1,-0.0373312466715713,L2,-0.09587...
setting magnet DAC
current  : 5.867713
requested: 5.868748
Delta Dac: 0.001034
Checking detector protection. dv=0.00103
Checking detector "CDD". Protection Threshold: 0.1 (V)
SetMagnetDAC 5.86874793103 ===>> OK
Magnet settling time: 1.049
GetData ===>> H2,-0.210063842128758,H1,31.2525470444818,AX,4.82296265988704,L1,-0.011187671651848,L2,-0.0473800...
setting magnet DAC
current  : 5.868748
requested: 5.869782
Delta Dac: 0.001034
Checking detector protection. dv=0.00103
Checking detector "CDD". Protection Threshold: 0.1 (V)
SetMagnetDAC 5.86978241379 ===>> OK
Magnet settling time: 1.049
GetData ===>> H2,-0.0897953859716602,H1,124.146819079816,AX,20.4877450850862,L1,0.0951345639469585,L2,0.0031200...
setting magnet DAC
current  : 5.869782
requested: 5.870817
Delta Dac: 0.001034
Checking detector protection. dv=0.00103
Checking detector "CDD". Protection Threshold: 0.1 (V)
SetMagnetDAC 5.87081689655 ===>> OK
Magnet settling time: 1.049
GetData ===>> H2,0.0017553144021598,H1,250.042551018633,AX,46.3011331237085,L1,0.301115667711825,L2,0.056267266...
setting magnet DAC
current  : 5.870817
requested: 5.871851
Delta Dac: 0.001034
Checking detector protection. dv=0.00103
Checking detector "CDD". Protection Threshold: 0.1 (V)
SetMagnetDAC 5.87185137931 ===>> OK
Magnet settling time: 1.049
GetData ===>> H2,-0.156672153026925,H1,372.429628579442,AX,76.2954622739429,L1,0.562017881747881,L2,0.217096041...
setting magnet DAC
current  : 5.871851
requested: 5.872886
Delta Dac: 0.001034
Checking detector protection. dv=0.00103
Checking detector "CDD". Protection Threshold: 0.1 (V)
SetMagnetDAC 5.87288586207 ===>> OK
Magnet settling time: 1.049
GetData ===>> H2,-0.220399731647805,H1,448.449344325766,AX,98.8722613764528,L1,0.852338546501168,L2,0.346148134...
setting magnet DAC
current  : 5.872886
requested: 5.873920
Delta Dac: 0.001034
Checking detector protection. dv=0.00103
Checking detector "CDD". Protection Threshold: 0.1 (V)
SetMagnetDAC 5.87392034483 ===>> OK
Magnet settling time: 1.049
GetData ===>> H2,-0.149650193190784,H1,480.549310491048,AX,110.802314135424,L1,1.09892595136179,L2,0.5560027479...
setting magnet DAC
current  : 5.873920
requested: 5.874955
Delta Dac: 0.001034
Checking detector protection. dv=0.00103
Checking detector "CDD". Protection Threshold: 0.1 (V)
SetMagnetDAC 5.87495482759 ===>> OK
Magnet settling time: 1.049
GetData ===>> H2,-0.390888381527987,H1,490.524915512777,AX,115.411959681061,L1,1.27058440003784,L2,0.7790144378...
setting magnet DAC
current  : 5.874955
requested: 5.875989
Delta Dac: 0.001034
Checking detector protection. dv=0.00103
Checking detector "CDD". Protection Threshold: 0.1 (V)
SetMagnetDAC 5.87598931034 ===>> OK
Magnet settling time: 1.049
GetData ===>> H2,-0.325522585804027,H1,493.12302374455,AX,116.322115873838,L1,1.36450389527613,L2,0.68107948097...
setting magnet DAC
current  : 5.875989
requested: 5.877024
Delta Dac: 0.001034
Checking detector protection. dv=0.00103
Checking detector "CDD". Protection Threshold: 0.1 (V)
SetMagnetDAC 5.8770237931 ===>> OK
Magnet settling time: 1.049
GetData ===>> H2,-0.166116627127365,H1,494.006794239085,AX,116.693362615318,L1,1.40315959026175,L2,0.8759274851...
setting magnet DAC
current  : 5.877024
requested: 5.878058
Delta Dac: 0.001034
Checking detector protection. dv=0.00103
Checking detector "CDD". Protection Threshold: 0.1 (V)
SetMagnetDAC 5.87805827586 ===>> OK
Magnet settling time: 1.049
GetData ===>> H2,-0.245620475290731,H1,494.155986371691,AX,116.353856508992,L1,1.41312285239044,L2,0.6146632411...
setting magnet DAC
current  : 5.878058
requested: 5.879093
Delta Dac: 0.001034
Checking detector protection. dv=0.00103
Checking detector "CDD". Protection Threshold: 0.1 (V)
SetMagnetDAC 5.87909275862 ===>> OK
Magnet settling time: 1.049
GetData ===>> H2,-0.259489089783506,H1,493.562927305783,AX,116.739530963861,L1,1.46137639058092,L2,0.7945688587...
setting magnet DAC
current  : 5.879093
requested: 5.880127
Delta Dac: 0.001034
Checking detector protection. dv=0.00103
Checking detector "CDD". Protection Threshold: 0.1 (V)
SetMagnetDAC 5.88012724138 ===>> OK
Magnet settling time: 1.049
GetData ===>> H2,-0.259002618665616,H1,494.020861646813,AX,116.876262127078,L1,1.46793763704337,L2,0.6580733172...
setting magnet DAC
current  : 5.880127
requested: 5.881162
Delta Dac: 0.001034
Checking detector protection. dv=0.00103
Checking detector "CDD". Protection Threshold: 0.1 (V)
SetMagnetDAC 5.88116172414 ===>> OK
Magnet settling time: 1.049
GetData ===>> H2,-0.215101008331276,H1,493.863173811223,AX,116.769019120699,L1,1.50818826674509,L2,0.6417644424...
setting magnet DAC
current  : 5.881162
requested: 5.882196
Delta Dac: 0.001034
Checking detector protection. dv=0.00103
Checking detector "CDD". Protection Threshold: 0.1 (V)
SetMagnetDAC 5.8821962069 ===>> OK
Magnet settling time: 1.049
GetData ===>> H2,-0.231683546507885,H1,493.091709136385,AX,116.457160262146,L1,1.51459474520659,L2,0.6411706141...
setting magnet DAC
current  : 5.882196
requested: 5.883231
Delta Dac: 0.001034
Checking detector protection. dv=0.00103
Checking detector "CDD". Protection Threshold: 0.1 (V)
SetMagnetDAC 5.88323068966 ===>> OK
Magnet settling time: 1.049
GetData ===>> H2,-0.127609800546725,H1,492.450434420264,AX,116.200636379555,L1,1.47825633953423,L2,0.6630761746...
setting magnet DAC
current  : 5.883231
requested: 5.884265
Delta Dac: 0.001034
Checking detector protection. dv=0.00103
Checking detector "CDD". Protection Threshold: 0.1 (V)
SetMagnetDAC 5.88426517241 ===>> OK
Magnet settling time: 1.049
GetData ===>> H2,-0.193853531501369,H1,490.00300214473,AX,114.88596793225,L1,1.48531093357249,L2,0.683821397515...
setting magnet DAC
current  : 5.884265
requested: 5.885300
Delta Dac: 0.001034
Checking detector protection. dv=0.00103
Checking detector "CDD". Protection Threshold: 0.1 (V)
SetMagnetDAC 5.88529965517 ===>> OK
Magnet settling time: 1.049
GetData ===>> H2,-0.166027539617086,H1,481.059615079735,AX,111.056742981417,L1,1.44457277426947,L2,0.6188497467...
setting magnet DAC
current  : 5.885300
requested: 5.886334
Delta Dac: 0.001034
Checking detector protection. dv=0.00103
Checking detector "CDD". Protection Threshold: 0.1 (V)
SetMagnetDAC 5.88633413793 ===>> OK
Magnet settling time: 1.049
GetData ===>> H2,-0.239626178290817,H1,430.857815429411,AX,91.4954424617406,L1,1.16951466503421,L2,0.3665447775...
setting magnet DAC
current  : 5.886334
requested: 5.887369
Delta Dac: 0.001034
Checking detector protection. dv=0.00103
Checking detector "CDD". Protection Threshold: 0.1 (V)
SetMagnetDAC 5.88736862069 ===>> OK
Magnet settling time: 1.049
GetData ===>> H2,-0.180318472517575,H1,332.625362983107,AX,62.2131957581195,L1,0.94027629843866,L2,0.4376247166...
setting magnet DAC
current  : 5.887369
requested: 5.888403
Delta Dac: 0.001034
Checking detector protection. dv=0.00103
Checking detector "CDD". Protection Threshold: 0.1 (V)
SetMagnetDAC 5.88840310345 ===>> OK
Magnet settling time: 1.049
GetData ===>> H2,-0.124751678650258,H1,202.234394312992,AX,32.3986856694383,L1,0.619132469798614,L2,-0.10290393...
setting magnet DAC
current  : 5.888403
requested: 5.889438
Delta Dac: 0.001034
Checking detector protection. dv=0.00103
Checking detector "CDD". Protection Threshold: 0.1 (V)
SetMagnetDAC 5.88943758621 ===>> OK
Magnet settling time: 1.049
GetData ===>> H2,-0.134596594322361,H1,93.8995911906015,AX,12.5720541741283,L1,0.399215906661315,L2,0.001571389...
setting magnet DAC
current  : 5.889438
requested: 5.890472
Delta Dac: 0.001034
Checking detector protection. dv=0.00103
Checking detector "CDD". Protection Threshold: 0.1 (V)
SetMagnetDAC 5.89047206897 ===>> OK
Magnet settling time: 1.049
GetData ===>> H2,-0.241483754696801,H1,33.7641442327982,AX,3.81273721871195,L1,0.225445535373541,L2,0.089222900...
setting magnet DAC
current  : 5.890472
requested: 5.891507
Delta Dac: 0.001034
Checking detector protection. dv=0.00103
Checking detector "CDD". Protection Threshold: 0.1 (V)
SetMagnetDAC 5.89150655172 ===>> OK
Magnet settling time: 1.049
GetData ===>> H2,-0.240447318586642,H1,9.74467638668923,AX,0.834099676400728,L1,0.159760887877513,L2,-0.1545516...
setting magnet DAC
current  : 5.891507
requested: 5.892541
Delta Dac: 0.001034
Checking detector protection. dv=0.00103
Checking detector "CDD". Protection Threshold: 0.1 (V)
SetMagnetDAC 5.89254103448 ===>> OK
Magnet settling time: 1.049
GetData ===>> H2,-0.174695441123896,H1,2.45909107683355,AX,0.0928981735332319,L1,0.106503634077947,L2,-0.044853...
setting magnet DAC
current  : 5.892541
requested: 5.893576
Delta Dac: 0.001034
Checking detector protection. dv=0.00103
Checking detector "CDD". Protection Threshold: 0.1 (V)
SetMagnetDAC 5.89357551724 ===>> OK
Magnet settling time: 1.049
GetData ===>> H2,-0.0934066599394537,H1,0.527566010433689,AX,-0.169165861278575,L1,0.0826372788518453,L2,-0.056...
setting magnet DAC
current  : 5.893576
requested: 5.894610
Delta Dac: 0.001034
Checking detector protection. dv=0.00103
Checking detector "CDD". Protection Threshold: 0.1 (V)
SetMagnetDAC 5.89461 ===>> OK
Magnet settling time: 1.049
GetData ===>> H2,-0.132580730995441,H1,0.0425557148093116,AX,-0.124222641400792,L1,0.0530110252356239,L2,-0.053...
result of _do_sweep=True
result of _calculate_peak_center=([5.8717943687374756, 5.8793995791583171, 5.8870047895791586], [365.68484975592128, 494.15000672709755, 367.17405116815166], 5.878016813627255, 494.15000672709755)
Failed to find a valid peak. No peak greater than 1.0. max = 0.0234581212343
new center pos Detector(H1) (Ar40) @ 5.87939957916
GetHighVoltage ===>> 4500
GetDeflection H1 ===>> 0
dac uncorrected for HV and deflection 5.87939957916
update mftable H1 Ar40 5.87939957916 message=automated run peakcenter
get initial guess parabolic
get initial guess parabolic
get initial guess parabolic
get initial guess parabolic
get initial guess parabolic
get initial guess parabolic
dump mftable to /Users/jan/PychronDev/setupfiles/spectrometer/mftables/mftable.csv
add to repo msg=modified - automated run peakcenter
sweep finished
locally archiving mftable
setting magnet DAC
current  : 5.894610
requested: 5.879400
Delta Dac: 0.015210
Checking detector protection. dv=0.01521
Checking detector "CDD". Protection Threshold: 0.1 (V)
SetMagnetDAC 5.87939957916 ===>> OK
Magnet settling time: 0.500
setting integration time = 1.048576
SetIntegrationTime 1.048576 ===>> OK
Failed to find a valid peak. No peak greater than 1.0. max = 0.0234581212343
flush and close file /Users/jan/PychronDev/data/isotopes/92/1171ba-1dcf-4b23-acb4-226a5cf36dea.h5
finished measure script
executed snippet estimated_duration=226.132928, duration=272.004750013
jan_unknown120_60.py completed successfully
Measurement Finished
17:57:03 -- ******* Measurement Finished *******
Post Measurement Started jan_pump_ms.py
17:57:03 -- ******* Post Measurement Started jan_pump_ms.py *******
testing...
no interpolation path defined
executed snippet estimated_duration=0, duration=6.19888305664e-05
Pumping spectrometer
open () {'name': 'O'}
opening name=O desc=---
checking ownership. requestor=129.138.12.150
check software interlocks O
interlocks []
actuate state mode=None-script, software_lock=False
doing actuation None-script open_channel True
Open O ===>> OK
GetIndicatorState O ===>> OK
change switch state (True, True)
update switch state O True args=() kw={} ncanvase=2
17:57:03 -- OPEN   VALVE-O (Jan Ion Pump)
---------------------------------------- open O () result=[(True, True)], time=0.09 sec
action=open, ok=True, locked=[False]
executed snippet estimated_duration=0, duration=0.34733915329
jan_pump_ms.py completed successfully
setting _ms_pumptime
Post Measurement Finished
17:57:03 -- ******* Post Measurement Finished *******
$$$$$$$$$$$$$$$$$$$$ state at run end measurement
state changed from measurement to success
post measurement save measured=True aborted=False
Set filtering
setting fod for Ar40= {'filter_outliers': True, 'std_devs': 2, 'iterations': 1}
setting fod for H1= {'filter_outliers': True, 'std_devs': 2, 'iterations': 1}
setting fod for PM41= {'filter_outliers': False, 'std_devs': 2, 'iterations': 1}
setting fod for H2= {'filter_outliers': True, 'std_devs': 2, 'iterations': 1}
setting fod for Ar36= {'filter_outliers': True, 'std_devs': 2, 'iterations': 1}
setting fod for CDD= {'filter_outliers': True, 'std_devs': 10, 'iterations': 1}
setting fod for Ar37= {'filter_outliers': True, 'std_devs': 2, 'iterations': 1}
setting fod for L2= {'filter_outliers': True, 'std_devs': 2, 'iterations': 1}
setting fod for Ar38= {'filter_outliers': True, 'std_devs': 2, 'iterations': 1}
setting fod for L1= {'filter_outliers': True, 'std_devs': 2, 'iterations': 1}
setting fod for Ar39= {'filter_outliers': True, 'std_devs': 2, 'iterations': 1}
setting fod for AX= {'filter_outliers': True, 'std_devs': 2, 'iterations': 1}
persistence save...
persistence save - db
post measurement save
7911248048 connecting to database sqlite:////Users/jan/PychronDev/.appdata/local_lab.db
connected to db sqlite:////Users/jan/PychronDev/.appdata/local_lab.db
create new session 7911248048
close session 7911248048
No database instance. Not saving post measurement to isotopedb database
$$$$$$$$$$$$$$$ auto_save_detector_ic=False
massspec enabled True
create new session 4985911824
MassSpec Database Version: 16.0
close session 4985911824
saving post measurement to secondary database
saving to massspec database 129.138.12.160/massspecdata
setting labnumber to 65555
setting aliquot to 6
setting step to C
setting uuid to 921171ba-1dcf-4b23-acb4-226a5cf36dea
setting irradpos to 65555
setting extract_device to Fusions CO2
setting tray to 
setting position to 192
setting power_requested to 5.0
setting extract_value to 5.0
setting duration to 30.0
setting duration_at_request to 30.0
setting first_stage_delay to 30.0
setting cleanup to 30.0
setting comment to N:14 without inclusions
setting irradiation to NM-289
setting level to N
setting irradiation_level to N
setting sample to Bw-2014-7 WO
setting material to Sanidine
setting project to Bustos Wells
setting mass_spectrometer to Jan
no attribute chron_dosages
no attribute production_ratios
no attribute interference_corrections
no attribute production_name
no attribute j
Reference Isotope=Ar40
Reference Detector=H1
%%%%%%%%%%%%%%%%%%%% Comment: N:14 without inclusions %%%%%%%%%%%%%%%%%%%
adding isotope PM41 H2
add baseline dbdet= PM41. original det= H2
get baseline data PM41 H2
Get data baseline <pychron.processing.isotope.Baseline object at 0x1c1823190> len t=60
baseline PM41. v=-0.184514378805, e=0.00711737053721
get signal data PM41 H2
Get data signal PM41 0.07+/-0.07 len t=120
adding isotope Ar40 H1
add baseline dbdet= Ar40. original det= H1
get baseline data Ar40 H1
Get data baseline <pychron.processing.isotope.Baseline object at 0x1c1823090> len t=60
baseline Ar40. v=-0.0142092332995, e=0.0045453374919
get signal data Ar40 H1
Get data signal Ar40 542.32+/-0.04 len t=120
adding isotope Ar39 AX
add baseline dbdet= Ar39. original det= AX
get baseline data Ar39 AX
Get data baseline <pychron.processing.isotope.Baseline object at 0x1c1823210> len t=60
baseline Ar39. v=-0.072402827694, e=0.00687808640826
get signal data Ar39 AX
Get data signal Ar39 128.396+/-0.022 len t=120
adding isotope Ar38 L1
add baseline dbdet= Ar38. original det= L1
get baseline data Ar38 L1
Get data baseline <pychron.processing.isotope.Baseline object at 0x1c1823690> len t=60
baseline Ar38. v=-0.0213255764494, e=0.00332367186856
get signal data Ar38 L1
Get data signal Ar38 1.648+/-0.005 len t=120
adding isotope Ar37 L2
add baseline dbdet= Ar37. original det= L2
get baseline data Ar37 L2
Get data baseline <pychron.processing.isotope.Baseline object at 0x1d73a9550> len t=60
baseline Ar37. v=-0.0276423630977, e=0.00562249542558
get signal data Ar37 L2
Get data signal Ar37 0.782+/-0.010 len t=120
adding isotope Ar36 CDD
add baseline dbdet= Ar36. original det= CDD
get baseline data Ar36 CDD
Get data baseline <pychron.processing.isotope.Baseline object at 0x1cc1e0910> len t=60
baseline Ar36. v=0.000161270863744, e=1.97934511838e-05
get signal data Ar36 CDD
Get data signal Ar36 0.01575+/-0.00035 len t=120
65555-06C added analysis time 0.537358999252s
analysis added to mass spec database
mass spec save time= 0.547
persistence save - dvc
================= post measurement started
create new session 4991427888
close session 4991427888
---------------- Experiment Queue saving disabled
DVC saving peakcenter
Failed to find a valid peak. No peak greater than 1.0. max = 0.0234581212343
Smart pull ahead: 0 behind: 0
Up-to-date with origin
add to repo msg=modified - ad8224ebc6dbfeb9f5997218dfa5fe690569839d.json
add to repo msg=modified - 55-06C.json
add to repo msg=modified - 55-06C.dat.json
add to repo msg=modified - 55-06C.blan.json
add to repo msg=modified - 55-06C.inte.json
add to repo msg=modified - 55-06C.icfa.json
add to repo msg=modified - 55-06C.base.json
not at valid file /Users/jan/PychronDev/data/.dvc/repositories/Load1786/655/tags/55-06C.tags.json
add to repo msg=modified - 55-06C.peak.json
add to repo msg=modified - 55-06C.extr.json
not at valid file /Users/jan/PychronDev/data/.dvc/repositories/Load1786/655/monitor/55-06C.moni.json
commit message=<COLLECTION>
add to repo msg=modified - 55-06C.inte.json
add to repo msg=modified - 55-06C.base.json
commit message=<ISOEVO> default collection fits
add to repo msg=modified - 55-06C.blan.json
commit message=<BLANKS> preceding ba-01-J-2282
add to repo msg=modified - 55-06C.icfa.json
commit message=<ICFactor> default
push repository <pychron.git_archive.repo_manager.GitRepoManager object at 0x1a8199e30>
pushing to remote=origin, url=https://github.com
no changes to meta repo
create new session 4991427888
add association Load1786
get identifier "65555"
setting analysis irradiation position=<pychron.dvc.dvc_orm.IrradiationPositionTbl object at 0x1dc227a90>
close session 4991427888
================= post measurement finished
17:57:16 -- ******* Post Run Check *******
loading queue conditionals post_run_actions
loading system conditionals post_run_actions
loading conditionals from /Users/jan/PychronDev/setupfiles/spectrometer/default_conditionals.yaml
loading queue conditionals post_run_terminations
loading system conditionals post_run_terminations
loading conditionals from /Users/jan/PychronDev/setupfiles/spectrometer/default_conditionals.yaml
Checking default post run terminations n=1
GetDeflection CDD ===>> 50
testing CDD==2000
evaluate ot="CDD.deflection==2000" t="CDD==2000", ctx="{'CDD': 50.0}"
17:57:16 -- ******* Post Run Check Passed *******
17:57:16 -- Automated run 65555-06C success duration: 360.391 s
----------------- finish -----------------
----------------- stop -----------------
retroactive repository identifiers disabled
finish run. runs completed=211
update duration runid=65555-06C, duration=360.391226053, md5=301e91d8
loading script "jan_unknown120_60.py"
loading script "jan_pump_ms.py"
loading script "jan_co2.py"
loading script "jan_pump_extraction_line.py"
testing...
no interpolation path defined
executed snippet estimated_duration=213.652928, duration=0.000231027603149
script duration name:unknown120_60 seconds:214.0
loading script "jan_unknown120_60.py"
loading script "jan_pump_ms.py"
loading script "jan_co2.py"
loading script "jan_pump_extraction_line.py"
testing...
no interpolation path defined
executed snippet estimated_duration=0, duration=2.88486480713e-05
loading script "jan_unknown120_60.py"
loading script "jan_pump_ms.py"
loading script "jan_co2.py"
loading script "jan_pump_extraction_line.py"
testing...
no interpolation path defined
calculate duration
testing...
no interpolation path defined
executed snippet estimated_duration=0, duration=5.29289245605e-05
calculate duration
testing...
no interpolation path defined
executed snippet estimated_duration=0, duration=9.89437103271e-05
executed snippet estimated_duration=0.0, duration=0.00379490852356
script duration name:co2 seconds:0.0
loading script "jan_unknown120_60.py"
loading script "jan_pump_ms.py"
loading script "jan_co2.py"
loading script "jan_pump_extraction_line.py"
testing...
no interpolation path defined
calculate duration
testing...
no interpolation path defined
executed snippet estimated_duration=4.0, duration=0.00019097328186
executed snippet estimated_duration=4.0, duration=0.00181698799133
Script duration 214.0
Run total estimated duration= 215.000
unknown120_60 in script context. using previous estimated duration
script duration name:unknown120_60 seconds:214.0
pump_ms in script context. using previous estimated duration
co2 in script context. using previous estimated duration
script duration name:co2 seconds:0.0
pump_extraction_line in script context. using previous estimated duration
Script duration 214.0
Run total estimated duration= 215.000
loading script "jan_unknown400_120.py"
loading script "jan_pump_ms.py"
loading script "jan_co2.py"
loading script "jan_pump_extraction_line.py"
testing...
no interpolation path defined
executed snippet estimated_duration=556.052928, duration=0.000146865844727
script duration name:unknown400_120 seconds:556.0
script duration name:co2 seconds:0.0
Script duration 556.0
Run total estimated duration= 557.000
script duration name:unknown120_60 seconds:214.0
script duration name:co2 seconds:0.0
Script duration 214.0
Run total estimated duration= 215.000
script duration name:unknown120_60 seconds:214.0
script duration name:co2 seconds:0.0
Script duration 214.0
Run total estimated duration= 215.000
script duration name:unknown120_60 seconds:214.0
script duration name:co2 seconds:0.0
Script duration 214.0
Run total estimated duration= 215.000
script duration name:unknown120_60 seconds:214.0
script duration name:co2 seconds:0.0
Script duration 214.0
Run total estimated duration= 215.000
script duration name:unknown120_60 seconds:214.0
script duration name:co2 seconds:0.0
Script duration 214.0
Run total estimated duration= 215.000
script duration name:unknown120_60 seconds:214.0
script duration name:co2 seconds:0.0
Script duration 214.0
Run total estimated duration= 215.000
unknown400_120 in script context. using previous estimated duration
script duration name:unknown400_120 seconds:556.0
loading script "jan_unknown400_120.py"
loading script "jan_pump_ms.py"
loading script "jan_cocktail_x1.py"
loading script "jan_pump_extraction_line.py"
testing...
no interpolation path defined
calculate duration
testing...
no interpolation path defined
executed snippet estimated_duration=0, duration=5.41210174561e-05
calculate duration
testing...
no interpolation path defined
executed snippet estimated_duration=0, duration=0.000114917755127
calculate duration
testing...
no interpolation path defined
executed snippet estimated_duration=32.0, duration=0.000107049942017
calculate duration
testing...
no interpolation path defined
executed snippet estimated_duration=34.0, duration=0.000108003616333
calculate duration
testing...
no interpolation path defined
executed snippet estimated_duration=4.0, duration=6.69956207275e-05
calculate duration
testing...
no interpolation path defined
executed snippet estimated_duration=38.0, duration=9.3936920166e-05
executed snippet estimated_duration=108.0, duration=0.0123100280762
script duration name:cocktail_x1 seconds:108.0
Script duration 664.0
Run total estimated duration= 665.000
script duration name:unknown400_120 seconds:556.0
cocktail_x1 in script context. using previous estimated duration
script duration name:cocktail_x1 seconds:108.0
Script duration 664.0
Run total estimated duration= 665.000
script duration name:unknown120_60 seconds:214.0
script duration name:co2 seconds:0.0
Script duration 214.0
Run total estimated duration= 215.000
script duration name:unknown120_60 seconds:214.0
script duration name:co2 seconds:0.0
Script duration 214.0
Run total estimated duration= 215.000
script duration name:unknown120_60 seconds:214.0
script duration name:co2 seconds:0.0
Script duration 214.0
Run total estimated duration= 215.000
script duration name:unknown120_60 seconds:214.0
script duration name:co2 seconds:0.0
Script duration 214.0
Run total estimated duration= 215.000
script duration name:unknown120_60 seconds:214.0
script duration name:co2 seconds:0.0
Script duration 214.0
Run total estimated duration= 215.000
script duration name:unknown120_60 seconds:214.0
script duration name:co2 seconds:0.0
Script duration 214.0
Run total estimated duration= 215.000
script duration name:unknown120_60 seconds:214.0
script duration name:co2 seconds:0.0
Script duration 214.0
Run total estimated duration= 215.000
script duration name:unknown120_60 seconds:214.0
script duration name:co2 seconds:0.0
Script duration 214.0
Run total estimated duration= 215.000
loading script "jan_ic_peak_hop3.py"
loading script "jan_pump_ms.py"
loading script "jan_air_x1.py"
loading script "jan_pump_extraction_line.py"
testing...
no interpolation path defined
executed snippet estimated_duration=133.8, duration=0.00894784927368
script duration name:ic_peak_hop3 seconds:134.0
loading script "jan_ic_peak_hop3.py"
loading script "jan_pump_ms.py"
loading script "jan_air_x1.py"
loading script "jan_pump_extraction_line.py"
testing...
no interpolation path defined
calculate duration
testing...
no interpolation path defined
executed snippet estimated_duration=0, duration=5.10215759277e-05
calculate duration
testing...
no interpolation path defined
executed snippet estimated_duration=0, duration=0.000103950500488
calculate duration
testing...
no interpolation path defined
executed snippet estimated_duration=32.0, duration=9.29832458496e-05
calculate duration
testing...
no interpolation path defined
executed snippet estimated_duration=34.0, duration=0.000119924545288
calculate duration
testing...
no interpolation path defined
executed snippet estimated_duration=4.0, duration=6.89029693604e-05
calculate duration
testing...
no interpolation path defined
executed snippet estimated_duration=36.0, duration=0.000128984451294
executed snippet estimated_duration=106.0, duration=0.0111620426178
script duration name:air_x1 seconds:106.0
Script duration 240.0
Run total estimated duration= 241.000
script duration name:unknown120_60 seconds:214.0
script duration name:co2 seconds:0.0
Script duration 214.0
Run total estimated duration= 215.000
script duration name:unknown120_60 seconds:214.0
script duration name:co2 seconds:0.0
Script duration 214.0
Run total estimated duration= 215.000
script duration name:unknown120_60 seconds:214.0
script duration name:co2 seconds:0.0
Script duration 214.0
Run total estimated duration= 215.000
script duration name:unknown400_120 seconds:556.0
loading script "jan_unknown400_120.py"
loading script "jan_pump_ms.py"
loading script "jan_sniffair_x2.py"
loading script "jan_pump_extraction_line.py"
testing...
no interpolation path defined
calculate duration
testing...
no interpolation path defined
executed snippet estimated_duration=0, duration=4.91142272949e-05
calculate duration
testing...
no interpolation path defined
executed snippet estimated_duration=0, duration=0.000139951705933
calculate duration
testing...
no interpolation path defined
executed snippet estimated_duration=32.0, duration=9.48905944824e-05
calculate duration
testing...
no interpolation path defined
executed snippet estimated_duration=34.0, duration=0.000118017196655
calculate duration
testing...
no interpolation path defined
executed snippet estimated_duration=4.0, duration=7.70092010498e-05
calculate duration
testing...
no interpolation path defined
executed snippet estimated_duration=36.0, duration=0.000125885009766
calculate duration
testing...
no interpolation path defined
executed snippet estimated_duration=34.0, duration=0.000102043151855
calculate duration
testing...
no interpolation path defined
executed snippet estimated_duration=4.0, duration=7.29560852051e-05
calculate duration
testing...
no interpolation path defined
executed snippet estimated_duration=36.0, duration=8.58306884766e-05
calculate duration
testing...
no interpolation path defined
executed snippet estimated_duration=70.0, duration=0.000157833099365
executed snippet estimated_duration=250.0, duration=0.0313818454742
script duration name:sniffair_x2 seconds:250.0
Script duration 806.0
Run total estimated duration= 807.000
script duration name:unknown120_60 seconds:214.0
script duration name:co2 seconds:0.0
Script duration 214.0
Run total estimated duration= 215.000
script duration name:unknown400_120 seconds:556.0
script duration name:co2 seconds:0.0
Script duration 556.0
Run total estimated duration= 557.000
script duration name:unknown400_120 seconds:556.0
script duration name:cocktail_x1 seconds:108.0
Script duration 664.0
Run total estimated duration= 665.000
script duration name:unknown400_120 seconds:556.0
script duration name:cocktail_x1 seconds:108.0
Script duration 664.0
Run total estimated duration= 665.000
script duration name:unknown120_60 seconds:214.0
script duration name:co2 seconds:0.0
Script duration 214.0
Run total estimated duration= 215.000
script duration name:unknown400_120 seconds:556.0
sniffair_x2 in script context. using previous estimated duration
script duration name:sniffair_x2 seconds:250.0
Script duration 806.0
Run total estimated duration= 807.000
script duration name:unknown120_60 seconds:214.0
script duration name:co2 seconds:0.0
Script duration 214.0
Run total estimated duration= 215.000
script duration name:unknown120_60 seconds:214.0
script duration name:co2 seconds:0.0
Script duration 214.0
Run total estimated duration= 215.000
script duration name:unknown120_60 seconds:214.0
script duration name:co2 seconds:0.0
Script duration 214.0
Run total estimated duration= 215.000
script duration name:unknown120_60 seconds:214.0
script duration name:co2 seconds:0.0
Script duration 214.0
Run total estimated duration= 215.000
script duration name:unknown120_60 seconds:214.0
script duration name:co2 seconds:0.0
Script duration 214.0
Run total estimated duration= 215.000
script duration name:unknown120_60 seconds:214.0
script duration name:co2 seconds:0.0
Script duration 214.0
Run total estimated duration= 215.000
script duration name:unknown120_60 seconds:214.0
script duration name:co2 seconds:0.0
Script duration 214.0
Run total estimated duration= 215.000
script duration name:unknown120_60 seconds:214.0
script duration name:co2 seconds:0.0
Script duration 214.0
Run total estimated duration= 215.000
script duration name:unknown120_60 seconds:214.0
script duration name:co2 seconds:0.0
Script duration 214.0
Run total estimated duration= 215.000
script duration name:unknown120_60 seconds:214.0
script duration name:co2 seconds:0.0
Script duration 214.0
Run total estimated duration= 215.000
script duration name:unknown120_60 seconds:214.0
script duration name:co2 seconds:0.0
Script duration 214.0
Run total estimated duration= 215.000
script duration name:unknown400_120 seconds:556.0
script duration name:cocktail_x1 seconds:108.0
Script duration 664.0
Run total estimated duration= 665.000
script duration name:unknown400_120 seconds:556.0
script duration name:cocktail_x1 seconds:108.0
Script duration 664.0
Run total estimated duration= 665.000
script duration name:unknown120_60 seconds:214.0
script duration name:co2 seconds:0.0
Script duration 214.0
Run total estimated duration= 215.000
script duration name:unknown120_60 seconds:214.0
script duration name:co2 seconds:0.0
Script duration 214.0
Run total estimated duration= 215.000
script duration name:unknown120_60 seconds:214.0
script duration name:co2 seconds:0.0
Script duration 214.0
Run total estimated duration= 215.000
script duration name:unknown120_60 seconds:214.0
script duration name:co2 seconds:0.0
Script duration 214.0
Run total estimated duration= 215.000
ic_peak_hop3 in script context. using previous estimated duration
script duration name:ic_peak_hop3 seconds:134.0
air_x1 in script context. using previous estimated duration
script duration name:air_x1 seconds:106.0
Script duration 240.0
Run total estimated duration= 241.000
script duration name:unknown120_60 seconds:214.0
script duration name:co2 seconds:0.0
Script duration 214.0
Run total estimated duration= 215.000
nruns=49 before=5.0, run_dur=15155.0, btw=1440.0
write rem/ex queues
/Users/jan/PychronDev/experiments/rem/Load1786.rem.txt
/Users/jan/PychronDev/experiments/rem/Load1786.ex.txt
doing event level: 3
