do run
loading script "jan_unknown120_60.py"
loading script "jan_pump_ms.py"
loading script "jan_co2.py"
loading script "jan_pump_extraction_line.py"
testing...
no interpolation path defined
executed snippet estimated_duration=213.652928, duration=0.000265121459961
script duration name:unknown120_60 seconds:214.0
loading script "jan_unknown120_60.py"
loading script "jan_pump_ms.py"
loading script "jan_co2.py"
loading script "jan_pump_extraction_line.py"
testing...
no interpolation path defined
executed snippet estimated_duration=0, duration=5.98430633545e-05
loading script "jan_unknown120_60.py"
loading script "jan_pump_ms.py"
loading script "jan_co2.py"
loading script "jan_pump_extraction_line.py"
testing...
no interpolation path defined
calculate duration
testing...
no interpolation path defined
executed snippet estimated_duration=0, duration=6.79492950439e-05
calculate duration
testing...
no interpolation path defined
executed snippet estimated_duration=0, duration=0.000195980072021
executed snippet estimated_duration=0.0, duration=0.00318884849548
script duration name:co2 seconds:0.0
loading script "jan_unknown120_60.py"
loading script "jan_pump_ms.py"
loading script "jan_co2.py"
loading script "jan_pump_extraction_line.py"
testing...
no interpolation path defined
calculate duration
testing...
no interpolation path defined
executed snippet estimated_duration=4.0, duration=0.000216007232666
executed snippet estimated_duration=4.0, duration=0.00171303749084
Script duration 214.0
Run total estimated duration= 215.000
run duration: 0:03:35
doing event level: 2
15:14:13 -- Setting default integration. t=1.048576
setting integration time = 1.048576
SetIntegrationTime 1.048576 ===>> OK
----------------- start -----------------
**************** Experiment Type: Ar/Ar, Ar/Ar
$$$$$ Clearing conditionals
adding conditionals 
Add queue conditionals
add default conditionals
adding default conditionals from /Users/jan/PychronDev/setupfiles/spectrometer/default_conditionals.yaml
Start automated run 65555-02B
loading script "jan_unknown120_60.py"
loading script "jan_pump_ms.py"
loading script "jan_co2.py"
loading script "jan_pump_extraction_line.py"
%%%%%%%%%%%%%%%%%% setting automated run 65555-02B
No value "sensitivity_multiplier" in metadata
$$$$$$$$$$$$$$$ auto_save_detector_ic=False
============================= Pre Extraction Check =============================
loading queue conditionals pre_run_terminations
loading system conditionals pre_run_terminations
loading conditionals from /Users/jan/PychronDev/setupfiles/spectrometer/default_conditionals.yaml
15:14:13 -- ******* Pre Extraction Check *******
Get a measurement from the spectrometer
GetData ===>> H2,-0.270342494545553,H1,-0.00921102843902659,AX,-0.0157521802445087,L1,-0.0126297573100317,L2,-0...
Pre Extraction Termination data. keys=H2,H1,AX,L1,L2,CDD, signals=-0.27034,-0.00921,-0.01575,-0.01263,-0.03497,0.00342
15:14:13 -- testing system defined conditionals
Checking default pre extraction terminations n=2
testing CDD
evaluate ot="CDD.inactive" t="CDD", ctx="{'CDD': False}"
GetDeflection CDD ===>> 50
testing CDD==2000
evaluate ot="CDD.deflection==2000" t="CDD==2000", ctx="{'CDD': 50.0}"
15:14:13 -- ******* Pre Extraction Check Passed *******
=================================================================================
15:14:13 -- stopping status monitor
stop 4984189200
Alive clients [4991693744]
15:14:13 -- starting status monitor
start 4984189200
Monitor already running
start extraction
do extraction
Analysis started at 15:14:13.194498
Extraction Started jan_co2.py
15:14:13 -- ******* Extraction Started jan_co2.py *******
state changed from not run to extraction
DO EXTRACTION <pychron.extraction_line.pyscript_runner.RemotePyScriptRunner object at 0x12c301530>
testing...
no interpolation path defined
calculate duration
testing...
no interpolation path defined
executed snippet estimated_duration=0, duration=0.000107765197754
calculate duration
testing...
no interpolation path defined
executed snippet estimated_duration=0, duration=8.48770141602e-05
executed snippet estimated_duration=100.0, duration=0.00297808647156
Jan CO2 laser analysis
doing GOSUB
testing...
no interpolation path defined
executed snippet estimated_duration=0, duration=5.00679016113e-05
Waiting for CO2 access
wait ('FelixCO2Flag', 0) {}
waiting for FelixCO2Flag = 0
Read FelixCO2Flag ===>> 0
finished waiting
CO2 free
wait ('CO2PumpTimeFlag', 0) {}
waiting for CO2PumpTimeFlag = 0
Read CO2PumpTimeFlag ===>> 0
finished waiting
acquire ('JanCO2Flag',) {'clear': True}
acquire JanCO2Flag
Set JanCO2Flag 1 ===>> OK
JanCO2Flag acquired
set extraction state False (0.75, 'red', 1.5)
CO2 acquired
executed snippet estimated_duration=0, duration=0.0176351070404
WaitForCO2Access.py completed successfully
gosub finished
doing GOSUB
testing...
no interpolation path defined
executed snippet estimated_duration=0, duration=0.000137090682983
Prepare for CO2 analysis
close () {'description': 'Jan Inlet'}
closing name=--- desc=Jan Inlet
checking ownership. requestor=129.138.12.150
check software interlocks R
interlocks []
actuate state mode=None-script, software_lock=False
doing actuation None-script close_channel False
Close R ===>> OK
GetIndicatorState R ===>> False
change switch state (True, True)
update switch state R False args=() kw={} ncanvase=2
15:14:13 -- CLOSE  VALVE-R (Jan Inlet)
---------------------------------------- close None (Jan Inlet) result=[(True, True)]
action=close, ok=True, locked=[False]
open () {'description': 'Jan Ion Pump'}
opening name=--- desc=Jan Ion Pump
checking ownership. requestor=129.138.12.150
check software interlocks O
interlocks []
actuate state mode=None-script, software_lock=False
doing actuation None-script open_channel False
Open O ===>> OK
GetIndicatorState O ===>> OK
change switch state (True, True)
update switch state O True args=() kw={} ncanvase=2
15:14:13 -- OPEN   VALVE-O (Jan Ion Pump)
---------------------------------------- open None (Jan Ion Pump) result=[(True, True)], time=0.08 sec
action=open, ok=True, locked=[False]
close () {'description': 'Microbone to Minibone'}
closing name=--- desc=Microbone to Minibone
checking ownership. requestor=129.138.12.150
check software interlocks L
interlocks []
actuate state mode=None-script, software_lock=False
doing actuation None-script close_channel False
Close L ===>> OK
GetIndicatorState L ===>> False
change switch state (True, True)
update switch state L False args=() kw={} ncanvase=2
15:14:14 -- CLOSE  VALVE-L (Microbone to Minibone)
---------------------------------------- close None (Microbone to Minibone) result=[(True, True)]
action=close, ok=True, locked=[False]
open () {'description': 'Microbone to Turbo'}
opening name=--- desc=Microbone to Turbo
checking ownership. requestor=129.138.12.150
check software interlocks U
interlocks []
actuate state mode=None-script, software_lock=False
doing actuation None-script open_channel False
Open U ===>> OK
GetIndicatorState U ===>> OK
change switch state (True, True)
update switch state U True args=() kw={} ncanvase=2
15:14:15 -- OPEN   VALVE-U (Microbone to Turbo)
---------------------------------------- open None (Microbone to Turbo) result=[(True, True)], time=0.11 sec
action=open, ok=True, locked=[False]
open () {'description': 'Microbone to Inlet Pipette'}
opening name=--- desc=Microbone to Inlet Pipette
checking ownership. requestor=129.138.12.150
check software interlocks S
interlocks []
actuate state mode=None-script, software_lock=False
doing actuation None-script open_channel False
Open S ===>> OK
GetIndicatorState S ===>> OK
change switch state (True, True)
update switch state S True args=() kw={} ncanvase=2
15:14:15 -- OPEN   VALVE-S (Microbone to Inlet Pipette)
---------------------------------------- open None (Microbone to Inlet Pipette) result=[(True, True)], time=0.42 sec
action=open, ok=True, locked=[False]
open () {'description': 'Microbone to Getter D-50'}
opening name=--- desc=Microbone to Getter D-50
checking ownership. requestor=129.138.12.150
check software interlocks K
interlocks []
actuate state mode=None-script, software_lock=False
doing actuation None-script open_channel False
Open K ===>> OK
GetIndicatorState K ===>> OK
change switch state (True, True)
update switch state K True args=() kw={} ncanvase=2
15:14:16 -- OPEN   VALVE-K (Microbone to Getter D-50)
---------------------------------------- open None (Microbone to Getter D-50) result=[(True, True)], time=0.39 sec
action=open, ok=True, locked=[False]
open () {'description': 'Microbone to Getter NP-10'}
opening name=--- desc=Microbone to Getter NP-10
checking ownership. requestor=129.138.12.150
check software interlocks M
interlocks []
actuate state mode=None-script, software_lock=False
doing actuation None-script open_channel False
Open M ===>> OK
GetIndicatorState M ===>> OK
change switch state (True, True)
update switch state M True args=() kw={} ncanvase=2
15:14:17 -- OPEN   VALVE-M (Microbone to Getter NP-10)
---------------------------------------- open None (Microbone to Getter NP-10) result=[(True, True)], time=0.15 sec
action=open, ok=True, locked=[False]
close () {'description': 'CO2 Laser to Felix'}
closing name=--- desc=CO2 Laser to Felix
checking ownership. requestor=129.138.12.150
check software interlocks F
interlocks []
actuate state mode=None-script, software_lock=True
VALVE-F(CO2 Laser to Felix) software locked
change switch state (True, False)
---------------------------------------- close None (CO2 Laser to Felix) result=[(True, False)]
action=close, ok=True, locked=[True]
open () {'description': 'CO2 Laser to Jan'}
opening name=--- desc=CO2 Laser to Jan
checking ownership. requestor=129.138.12.150
check software interlocks A
interlocks []
actuate state mode=None-script, software_lock=False
doing actuation None-script open_channel False
Open A ===>> OK
GetIndicatorState A ===>> OK
change switch state (True, True)
update switch state A True args=() kw={} ncanvase=2
15:14:17 -- OPEN   VALVE-A (CO2 Laser to Jan)
---------------------------------------- open None (CO2 Laser to Jan) result=[(True, True)], time=0.14 sec
action=open, ok=True, locked=[False]
open () {'description': 'Microbone to CO2 Laser'}
opening name=--- desc=Microbone to CO2 Laser
checking ownership. requestor=129.138.12.150
check software interlocks T
interlocks []
actuate state mode=None-script, software_lock=False
doing actuation None-script open_channel False
Open T ===>> OK
GetIndicatorState T ===>> OK
change switch state (True, True)
update switch state T True args=() kw={} ncanvase=2
15:14:18 -- OPEN   VALVE-T (Microbone to CO2 Laser)
---------------------------------------- open None (Microbone to CO2 Laser) result=[(True, True)], time=0.40 sec
action=open, ok=True, locked=[False]
executed snippet estimated_duration=0, duration=5.10420489311
PrepareForCO2Analysis.py completed successfully
gosub finished
set_motor ('beam', '1.25') {}
setting motor "beam" to 1.25
set motor beam to 1.25
SetMotor beam,1.25 ===>> OK
GetMotorMoving beam ===>> False
GetMotorMoving beam ===>> False
Block completed
move_to_position ('188',) {'autocenter': True}
FusionsCO2 move to position 188
sending GoToHole 188,True
GoToHole 188,True ===>> OK
GetDriveMoving ===>> False
GetDriveMoving ===>> False
Block completed
GetAutoCorrecting ===>> False
GetAutoCorrecting ===>> False
Block completed
update position
GetPosition ===>> -3.98780,-9.96950,1.00000
got position (-3.9878, -9.9695, 1.0)
move to position succeeded
sleep (5,) {}
SLEEP 5.0
block started
WaitControl setup for 5.0  
Join finished
block finished. duration 5.01302289963
close () {'description': 'Microbone to Turbo'}
closing name=--- desc=Microbone to Turbo
checking ownership. requestor=129.138.12.150
check software interlocks U
interlocks []
actuate state mode=None-script, software_lock=False
doing actuation None-script close_channel True
Close U ===>> OK
GetIndicatorState U ===>> False
change switch state (True, True)
update switch state U False args=() kw={} ncanvase=2
15:14:26 -- CLOSE  VALVE-U (Microbone to Turbo)
---------------------------------------- close None (Microbone to Turbo) result=[(True, True)]
action=close, ok=True, locked=[False]
enable laser
enable () {}
set extraction state FusionsCO2 Enabled (False, 'red', 1.5)
enabling laser
Enable ===>> OK
begin interval
BEGIN INTERVAL Interval 1 waiting for 30.0
set extract to 0.4
block started
WaitControl setup for 30.0  
extract (0.4,) {}
GetPosition ===>> -3.98780,-9.96950,1.00000
set extraction state FusionsCO2 ON! 0.4(watts) (0.75, 'red', 1.5)
extract sample to 0.4 (watts)
set laser output
SetLaserOutput 0.4,watts ===>> OK
executing pattern triangle.lp
execute_pattern ('triangle.lp',) {}
executing pattern triangle.lp
IsPatterning ===>> OK
IsPatterning ===>> OK
IsPatterning ===>> OK
IsPatterning ===>> OK
IsPatterning ===>> OK
IsPatterning ===>> OK
IsPatterning ===>> OK
IsPatterning ===>> OK
IsPatterning ===>> OK
IsPatterning ===>> OK
IsPatterning ===>> OK
IsPatterning ===>> OK
IsPatterning ===>> OK
IsPatterning ===>> OK
IsPatterning ===>> OK
IsPatterning ===>> OK
IsPatterning ===>> OK
IsPatterning ===>> OK
IsPatterning ===>> OK
IsPatterning ===>> OK
IsPatterning ===>> OK
IsPatterning ===>> OK
IsPatterning ===>> OK
IsPatterning ===>> OK
IsPatterning ===>> OK
IsPatterning ===>> OK
IsPatterning ===>> OK
IsPatterning ===>> OK
IsPatterning ===>> False
Join finished
block finished. duration 30.0482680798
Interval 1 finished
IsPatterning ===>> False
Block completed
COMPLETE INTERVAL waiting for Interval 1 to complete
end_extract () {}
ending extraction. set laser power to 0
set laser power 0
SetLaserPower 0 ===>> OK
disable () {}
%%%%%%%%%%%%%%%%%%%%%%%%%%%%%%%%%%% disable
set extraction state False (0.75, 'red', 1.5)
disabling laser
Disable ===>> OK
sleep (30.0,) {}
SLEEP 30.0
block started
WaitControl setup for 30.0  
Join finished
block finished. duration 30.0502150059
executed snippet estimated_duration=165.0, duration=74.9634740353
jan_co2.py completed successfully
GetAchievedOutput ===>> No Response
Requested Output= 0.000
Achieved Output=  0.000
GetResponseBlob ===>> No Response
GetOutputBlob ===>> No Response
persistence save...
persistence save - db
AutomatedRunPersister post_extraction_save deprecated
persistence save - dvc
no extraction position for 188
create new session 4991427888
close session 4991427888
Extraction Finished
15:15:28 -- ******* Extraction Finished *******
no overlap. not waiting for min ms pumptime
15:15:28 -- Sending spectrometer configuration
======== Sending configuration ========
SetDeflection CDD,50.0 ===>> OK
SetDeflection H2,0.0 ===>> OK
SetDeflection H1,0.0 ===>> OK
SetDeflection L2,825.0 ===>> OK
SetDeflection L1,400.0 ===>> OK
SetDeflection AX,190.0 ===>> OK
SetZFocus 74.64 ===>> OK
SetZSymmetry -50.72 ===>> OK
SetExtractionLens 26.13 ===>> OK
SetIonRepeller -3.81 ===>> OK
SetElectronEnergy 75.08 ===>> OK
SetYSymmetry -2.81 ===>> OK
SetIonCounterVoltage 1590.0 ===>> OK
send trap current 200.0
GetParameter Trap Current Readback ===>> 198.370811206739
SetParameter Trap Current Set,200.0 ===>> OK
updating mftable name mftable
Using mftable located at /Users/jan/PychronDev/setupfiles/spectrometer/mftables/mftable.csv
============ MFtable ===========
Isotope  H2     H1     AX     L1     L2     CDD    
Ar40     5.7972 5.8797 5.9930 6.1371 6.2313 6.3653
Ar39     5.6964 5.7720 5.8854 6.0232 6.1165 6.2518
Ar36     5.3739 5.4410 5.5487 5.6820 5.7714 5.9029
================================
get initial guess parabolic
get initial guess parabolic
get initial guess parabolic
get initial guess parabolic
get initial guess parabolic
get initial guess parabolic
======== Configuration Finished ========
GetYSymmetry ===>> -2.81
GetZSymmetry ===>> -50.72
GetParameter Trap Current Readback ===>> 198.258926936459
GetHighVoltage ===>> 4500
start measurement
do measurement
L#=65555 analysis type=unknown
Measurement Started jan_unknown120_60.py
15:15:28 -- ******* Measurement Started jan_unknown120_60.py *******
state changed from extraction to measurement
setting spec, defl, and gains
GetExtractionLens ===>> 26.13
GetYSymmetry ===>> -2.81
GetZSymmetry ===>> -50.72
GetZFocus ===>> 74.64
GetDeflection H2 ===>> 0
GetDeflection H1 ===>> 0
GetDeflection AX ===>> 190
GetDeflection L1 ===>> 400
GetDeflection L2 ===>> 825
GetDeflection CDD ===>> 50
GetGain H2 ===>> 0.0113
GetGain H1 ===>> 0.1
GetGain AX ===>> 0.097049
GetGain L1 ===>> 0.010355
GetGain L2 ===>> 0.095649
GetGain CDD ===>> 0
pre measurement save
New frame /Users/jan/PychronDev/data/isotopes/40/6db14d-9a27-41b1-a7d8-e81066816503.h5
flush and close file /Users/jan/PychronDev/data/isotopes/40/6db14d-9a27-41b1-a7d8-e81066816503.h5
testing...
no interpolation path defined
executed snippet estimated_duration=226.132928, duration=0.0002601146698
unknown measurement script
activate_detectors ('H2', 'H1', 'AX', 'L1', 'L2', 'CDD') {}
activate detectors
*************** Set Analysis View Ar/Ar
create graphs
clearing graphs
clear isotope group
setting isotope det=H2, iso=PM41
setting isotope det=H1, iso=Ar40
setting isotope det=AX, iso=Ar39
setting isotope det=L1, iso=Ar38
setting isotope det=L2, iso=Ar37
setting isotope det=CDD, iso=Ar36
setting previous blanks
 - setting Ar40 blank 0.179+/-0.007
 - setting Ar36 blank 0.00450+/-0.00019
 - setting Ar37 blank 0.051+/-0.005
 - setting Ar38 blank 0.0076+/-0.0023
 - setting PM41 blank 0.04+/-0.07
 - setting Ar39 blank 0.011+/-0.009
load analysis view
position_magnet ('Ar40',) {'detector': 'H1'}
detector Detector(H1)
POSITION Ar40 H1
setting detector H2 to PM41 (40.9624)
setting detector H1 to Ar40 (39.9624)
setting detector AX to Ar39 (38.9624)
setting detector L1 to Ar38 (37.9624)
setting detector L2 to Ar37 (36.9624)
setting detector CDD to Ar36 (35.9624)
Mapping mass to dac mass func: "parabolic"
H1 map mass coeffs = [-0.00063987  0.15840543  0.57133999]
H1 map mass to dac 39.9624 >> 5.87973
GetDeflection H1 ===>> 0
GetHighVoltage ===>> 4500
positioning Ar40 (5.87973) on H1
setting magnet DAC
current  : 5.879729
requested: 5.879730
Delta Dac: 0.000001
Checking detector protection. dv=0.00000
Checking detector "CDD". Protection Threshold: 0.1 (V)
SetMagnetDAC 5.87973 ===>> OK
Magnet settling time: 0.500
equilibrate () {'delay': 3, 'inlet': 'R', 'outlet': 'O', 'eqtime': 12.0}
Equilibration Started
15:15:30 -- ******* Equilibration Started *******
checking ownership. requestor=129.138.12.150
check software interlocks O
interlocks []
actuate state mode=None-script, software_lock=False
doing actuation None-script close_channel True
Close O ===>> OK
GetIndicatorState O ===>> False
change switch state (True, True)
update switch state O False args=() kw={} ncanvase=2
15:15:30 -- CLOSE  VALVE-O (Jan Ion Pump)
waiting 3s before opening inlet value ('R',)
update labels <pychron.experiment.plot_panel.PlotPanel object at 0x1d72e7b30>
update labels "<pychron.graph.stacked_regression_graph.StackedRegressionGraph object at 0x1c7dd8d10>"
setting label 0 H2 PM41
setting label 1 H1 Ar40
setting label 2 AX Ar39
setting label 3 L1 Ar38
setting label 4 L2 Ar37
setting label 5 CDD Ar36
update labels "<pychron.graph.stacked_graph.StackedGraph object at 0x1c7dd81d0>"
setting label 0 H2 PM41
setting label 1 H1 Ar40
setting label 2 AX Ar39
setting label 3 L1 Ar38
setting label 4 L2 Ar37
setting label 5 CDD Ar36
checking ownership. requestor=129.138.12.150
check software interlocks R
interlocks []
actuate state mode=None-script, software_lock=False
doing actuation None-script open_channel True
Open R ===>> OK
GetIndicatorState R ===>> OK
change switch state (True, True)
update switch state R True args=() kw={} ncanvase=2
15:15:33 -- OPEN   VALVE-R (Jan Inlet)
equilibrating for 12.0sec
set_time_zero () {}
sniff (12.0,) {}
py_sniff
build tables- sniff [Detector(H2), Detector(H1), Detector(AX), Detector(L1), Detector(L2), Detector(CDD)]
add group /sniff/PM41 (Group) '' table H2
add group /sniff/Ar40 (Group) '' table H1
add group /sniff/Ar39 (Group) '' table AX
add group /sniff/Ar38 (Group) '' table L1
add group /sniff/Ar37 (Group) '' table L2
add group /sniff/Ar36 (Group) '' table CDD
flush and close file /Users/jan/PychronDev/data/isotopes/40/6db14d-9a27-41b1-a7d8-e81066816503.h5
measuring sniff. ncounts=12.0
"sniff" increment series count="1" fit count="0" regressing="False"
starting measurement
GetData ===>> H2,0.00302247642862448,H1,8.10573869922313,AX,2.44228826935543,L1,0.0154060716930928,L2,0.2263635...
GetData ===>> H2,0.907441429769933,H1,63.524775165631,AX,16.5710189500185,L1,0.250286458894726,L2,0.36158422392...
GetData ===>> H2,0.520234161344927,H1,92.1653871230974,AX,22.5115956784289,L1,0.322104394996136,L2,0.1290309344...
GetData ===>> H2,0.176202009504914,H1,101.470018621974,AX,24.0892205268391,L1,0.331284162447149,L2,0.2288974432...
GetData ===>> H2,-0.0437324386757026,H1,104.768159471741,AX,24.6380030411949,L1,0.332036707695561,L2,0.16920914...
GetData ===>> H2,-0.0390454761909676,H1,106.232569281923,AX,24.7700230622571,L1,0.333537084553625,L2,0.07020102...
GetData ===>> H2,-0.0357686138568883,H1,106.901709152783,AX,24.7634987561814,L1,0.346432592793864,L2,0.05786052...
GetData ===>> H2,-0.18218146414276,H1,107.149205455472,AX,24.8763457596348,L1,0.29793725512366,L2,0.25646634592...
GetData ===>> H2,-0.178965924235131,H1,107.28122503532,AX,24.9807874904048,L1,0.327896564513135,L2,0.1885230411...
GetData ===>> H2,-0.168716054206441,H1,107.316690716232,AX,25.1535819940272,L1,0.310291547141307,L2,0.133683125...
GetData ===>> H2,-0.14891973197358,H1,107.367833586353,AX,25.0201538926588,L1,0.317945424465387,L2,0.2545254181...
Equilibration Finished
15:15:45 -- ******* Equilibration Finished *******
GetData ===>> H2,-0.228089606585472,H1,107.516506159335,AX,25.0093257435652,L1,0.311408802397349,L2,0.157175582...
checking ownership. requestor=129.138.12.150
check software interlocks R
interlocks []
actuate state mode=None-script, software_lock=False
doing actuation None-script close_channel True
Close R ===>> OK
GetIndicatorState R ===>> False
change switch state (True, True)
update switch state R False args=() kw={} ncanvase=2
15:15:46 -- CLOSE  VALVE-R (Jan Inlet)
Post Equilibration Started jan_pump_extraction_line.py
15:15:46 -- ******* Post Equilibration Started jan_pump_extraction_line.py *******
testing...
no interpolation path defined
calculate duration
testing...
no interpolation path defined
executed snippet estimated_duration=4.0, duration=0.00015115737915
executed snippet estimated_duration=4.0, duration=0.00198101997375
Pump after analysis
doing GOSUB
testing...
no interpolation path defined
executed snippet estimated_duration=4.0, duration=0.000148057937622
Pump Microbone
close () {'description': 'Jan Inlet'}
closing name=--- desc=Jan Inlet
checking ownership. requestor=129.138.12.150
check software interlocks R
interlocks []
actuate state mode=None-script, software_lock=False
doing actuation None-script close_channel False
measurement finished
estimated time: 12.583 actual time: :12.663
flush and close file /Users/jan/PychronDev/data/isotopes/40/6db14d-9a27-41b1-a7d8-e81066816503.h5
set_fits () {}
using default fits file=/Users/jan/PychronDev/scripts/measurement/fits/nominal_linear.yaml
Close R ===>> OK
set "Ar40" to "('Linear', 'SEM')"
No fit for "PM41". defaulting to linear. check the measurement script "jan_unknown120_60.py"
set "PM41" to "linear"
set "Ar36" to "('Linear', 'SEM')"
set "Ar37" to "('linear', 'SEM')"
set "Ar38" to "('linear', 'SEM')"
set "Ar39" to "('Linear', 'SEM')"
set_baseline_fits () {}
using default fits file=/Users/jan/PychronDev/scripts/measurement/fits/nominal_linear.yaml
set "H1" to "('average', 'SEM')"
set "H2" to "('average', 'SEM')"
set "CDD" to "('average', 'SEM')"
set "L2" to "('average', 'SEM')"
set "L1" to "('average', 'SEM')"
set "AX" to "('average', 'SEM')"
multicollect () {'integration_time': 1, 'ncounts': 120}
build tables- signal [Detector(H2), Detector(H1), Detector(AX), Detector(L1), Detector(L2), Detector(CDD)]
add group /signal/PM41 (Group) '' table H2
add group /signal/Ar40 (Group) '' table H1
add group /signal/Ar39 (Group) '' table AX
add group /signal/Ar38 (Group) '' table L1
add group /signal/Ar37 (Group) '' table L2
add group /signal/Ar36 (Group) '' table CDD
flush and close file /Users/jan/PychronDev/data/isotopes/40/6db14d-9a27-41b1-a7d8-e81066816503.h5
GetIndicatorState R ===>> False
measuring signal. ncounts=120
change switch state (True, True)
update switch state R False args=() kw={} ncanvase=2
15:15:46 -- CLOSE  VALVE-R (Jan Inlet)
---------------------------------------- close None (Jan Inlet) result=[(True, True)]
action=close, ok=True, locked=[False]
is_closed ('F',) {}
is F () closed?
is closed True
open () {'description': 'CO2 Laser to Jan'}
opening name=--- desc=CO2 Laser to Jan
checking ownership. requestor=129.138.12.150
check software interlocks A
interlocks []
actuate state mode=None-script, software_lock=False
doing actuation None-script open_channel False
Open A ===>> OK
GetIndicatorState A ===>> OK
change switch state (True, True)
update switch state A True args=() kw={} ncanvase=2
15:15:47 -- OPEN   VALVE-A (CO2 Laser to Jan)
---------------------------------------- open None (CO2 Laser to Jan) result=[(True, True)], time=0.12 sec
starting measurement
GetData ===>> H2,-0.138817012384245,H1,107.579586719139,AX,24.8959496288918,L1,0.325248726685586,L2,0.041496411...
action=open, ok=True, locked=[False]
sleep (1,) {}
SLEEP 1.0
"signal" increment series count="2" fit count="1" regressing="True"
GetData ===>> H2,0.0176131261140322,H1,107.555158271528,AX,24.9390145777321,L1,0.343515346397208,L2,0.068912155...
close () {'description': 'CO2 Laser to Roughing'}
closing name=--- desc=CO2 Laser to Roughing
checking ownership. requestor=129.138.12.150
check software interlocks G
interlocks []
actuate state mode=None-script, software_lock=True
VALVE-G(CO2 Laser to Roughing) software locked
change switch state (True, False)
---------------------------------------- close None (CO2 Laser to Roughing) result=[(True, False)]
action=close, ok=True, locked=[True]
open () {'description': 'Microbone to Turbo'}
opening name=--- desc=Microbone to Turbo
checking ownership. requestor=129.138.12.150
check software interlocks U
interlocks []
actuate state mode=None-script, software_lock=False
doing actuation None-script open_channel True
Open U ===>> OK
GetIndicatorState U ===>> OK
change switch state (True, True)
update switch state U True args=() kw={} ncanvase=2
15:15:48 -- OPEN   VALVE-U (Microbone to Turbo)
---------------------------------------- open None (Microbone to Turbo) result=[(True, True)], time=0.15 sec
action=open, ok=True, locked=[False]
open () {'description': 'Microbone to Getter NP-10'}
opening name=--- desc=Microbone to Getter NP-10
checking ownership. requestor=129.138.12.150
check software interlocks M
interlocks []
actuate state mode=None-script, software_lock=False
doing actuation None-script open_channel False
Open M ===>> OK
GetIndicatorState M ===>> OK
change switch state (True, True)
update switch state M True args=() kw={} ncanvase=2
15:15:49 -- OPEN   VALVE-M (Microbone to Getter NP-10)
---------------------------------------- open None (Microbone to Getter NP-10) result=[(True, True)], time=0.14 sec
action=open, ok=True, locked=[False]
open () {'description': 'Microbone to Getter D-50'}
opening name=--- desc=Microbone to Getter D-50
checking ownership. requestor=129.138.12.150
check software interlocks K
interlocks []
actuate state mode=None-script, software_lock=False
doing actuation None-script open_channel False
GetData ===>> H2,-0.0303897480387596,H1,107.592572787866,AX,24.9176631358822,L1,0.297672948530977,L2,0.23965008...
Open K ===>> OK
GetIndicatorState K ===>> OK
change switch state (True, True)
update switch state K True args=() kw={} ncanvase=2
15:15:49 -- OPEN   VALVE-K (Microbone to Getter D-50)
---------------------------------------- open None (Microbone to Getter D-50) result=[(True, True)], time=0.40 sec
action=open, ok=True, locked=[False]
open () {'description': 'Microbone to CO2 Laser'}
opening name=--- desc=Microbone to CO2 Laser
checking ownership. requestor=129.138.12.150
check software interlocks T
interlocks []
actuate state mode=None-script, software_lock=False
doing actuation None-script open_channel False
Open T ===>> OK
GetIndicatorState T ===>> OK
change switch state (True, True)
update switch state T True args=() kw={} ncanvase=2
15:15:50 -- OPEN   VALVE-T (Microbone to CO2 Laser)
---------------------------------------- open None (Microbone to CO2 Laser) result=[(True, True)], time=0.41 sec
GetData ===>> H2,-0.132217080021159,H1,107.538086336001,AX,25.0614704965463,L1,0.331268307145628,L2,0.146785731...
action=open, ok=True, locked=[False]
open () {'description': 'Microbone to Inlet Pipette'}
opening name=--- desc=Microbone to Inlet Pipette
checking ownership. requestor=129.138.12.150
check software interlocks S
interlocks []
actuate state mode=None-script, software_lock=False
doing actuation None-script open_channel False
Open S ===>> OK
GetIndicatorState S ===>> OK
change switch state (True, True)
update switch state S True args=() kw={} ncanvase=2
15:15:51 -- OPEN   VALVE-S (Microbone to Inlet Pipette)
---------------------------------------- open None (Microbone to Inlet Pipette) result=[(True, True)], time=0.41 sec
action=open, ok=True, locked=[False]
sleep (1,) {}
SLEEP 1.0
GetData ===>> H2,-0.116390854101613,H1,107.399066404414,AX,24.7522030794095,L1,0.332841760619296,L2,0.012709213...
set_resource () {'name': 'CO2PumpTimeFlag', 'value': 30}
Set CO2PumpTimeFlag 30 ===>> OK
release ('JanCO2Flag',) {}
release JanCO2Flag
Set JanCO2Flag 0 ===>> OK
executed snippet estimated_duration=6.0, duration=5.84860897064
PumpMicrobone.py completed successfully
gosub finished
get_resource_value () {'name': 'JanMiniboneFlag'}
Read JanMiniboneFlag ===>> 0
Get Resource Value JanMiniboneFlag=0.0
get resource value 0.0
get_resource_value () {'name': 'JanMiniboneFlag'}
Read JanMiniboneFlag ===>> 0
Get Resource Value JanMiniboneFlag=0.0
executed snippet estimated_duration=4.0, duration=5.86169719696
jan_pump_extraction_line.py completed successfully
Post Equilibration Finished
15:15:52 -- ******* Post Equilibration Finished *******
GetData ===>> H2,-0.188485751095728,H1,107.405812352946,AX,24.8288901009284,L1,0.312406759535846,L2,0.148998184...
GetData ===>> H2,-0.128981821906552,H1,107.217911241183,AX,24.9307456346208,L1,0.323274266004672,L2,0.143638205...
GetData ===>> H2,-0.136004972237938,H1,107.423503541818,AX,24.9260880863883,L1,0.354202547214691,L2,0.129532630...
GetData ===>> H2,-0.213226474955194,H1,107.556295245354,AX,24.8493917698391,L1,0.355641215003479,L2,0.211595304...
GetData ===>> H2,-0.190044421416536,H1,107.407352230502,AX,24.6832514621743,L1,0.342630941894012,L2,0.219869353...
GetData ===>> H2,-0.0514295237376249,H1,107.358853492383,AX,24.8607070241806,L1,0.351438136399034,L2,0.09999405...
GetData ===>> H2,-0.15506308015938,H1,107.152538378402,AX,24.7869305342568,L1,0.306812633376981,L2,0.1890592769...
GetData ===>> H2,-0.189959482110727,H1,107.261923990196,AX,24.6971402371645,L1,0.294158442557938,L2,0.152499439...
GetData ===>> H2,-0.15662892315672,H1,107.240190891369,AX,24.7516932325407,L1,0.317312665529864,L2,0.2089705824...
GetData ===>> H2,-0.0753848956491293,H1,107.247593726696,AX,24.8650872145904,L1,0.33552084712248,L2,0.222254695...
GetData ===>> H2,-0.204846528509694,H1,107.324642306587,AX,24.8778365246386,L1,0.28368298889956,L2,0.1163867833...
GetData ===>> H2,-0.215799838867786,H1,107.266553868568,AX,24.7816997928402,L1,0.274936680761022,L2,0.091536602...
GetData ===>> H2,-0.299012153546557,H1,107.156091134084,AX,24.6671540051626,L1,0.264259369583387,L2,0.214368457...
GetData ===>> H2,-0.234407238345406,H1,107.161457049657,AX,24.7994722523736,L1,0.286811843498706,L2,0.147983186...
GetData ===>> H2,-0.223103263174395,H1,107.043666362415,AX,24.7738018457903,L1,0.305979623819893,L2,0.058727270...
GetData ===>> H2,-0.187112972657898,H1,107.013162682397,AX,24.6671540051626,L1,0.318113679093706,L2,0.261149709...
GetData ===>> H2,-0.216544402676978,H1,107.000366123341,AX,24.5805473553057,L1,0.313341442632677,L2,0.141323243...
GetData ===>> H2,-0.140061928684378,H1,106.963703203072,AX,24.6654021140548,L1,0.308210878009811,L2,0.142475015...
GetData ===>> H2,-0.169950775561139,H1,106.874948400144,AX,24.8423655592064,L1,0.292905641762548,L2,0.169505726...
15:16:12 -- collecting point 25
GetData ===>> H2,-0.258854791795243,H1,106.936856780282,AX,24.7716705435759,L1,0.30279070144512,L2,0.0531277559...
GetData ===>> H2,-0.222789439110033,H1,106.949227146005,AX,24.7275893307838,L1,0.302600785568167,L2,0.151244903...
GetData ===>> H2,-0.190864120369532,H1,106.793084372985,AX,24.7898075483198,L1,0.283898279830347,L2,0.134538332...
GetData ===>> H2,-0.08679639878763,H1,106.985117824906,AX,24.8179801166726,L1,0.315924146798305,L2,0.1986207509...
GetData ===>> H2,-0.168705258234997,H1,106.953271520167,AX,24.6708797825105,L1,0.334189756128749,L2,0.114813507...
GetData ===>> H2,-0.187899171643422,H1,106.870793764889,AX,24.6554534721335,L1,0.305267235281662,L2,0.099230349...
GetData ===>> H2,-0.240910361539705,H1,106.897592960584,AX,24.8137027569365,L1,0.315252507837843,L2,0.205204803...
GetData ===>> H2,-0.236308296517931,H1,106.898086897821,AX,24.6130936046167,L1,0.30579208424532,L2,0.1205595106...
GetData ===>> H2,-0.169512228742357,H1,106.920645058207,AX,24.5539530987683,L1,0.301818028525154,L2,0.280509399...
GetData ===>> H2,-0.189336574389875,H1,106.606153189037,AX,24.5789013544981,L1,0.310302511975976,L2,0.086635723...
GetData ===>> H2,-0.197270942734377,H1,106.732546985493,AX,24.7795814135053,L1,0.288708843747818,L2,0.128540643...
GetData ===>> H2,-0.196220287506914,H1,106.641697383812,AX,24.6085854184042,L1,0.285315420966241,L2,0.122554731...
GetData ===>> H2,-0.054976309237405,H1,106.621931308429,AX,24.7221915146074,L1,0.315965592389423,L2,0.128472230...
GetData ===>> H2,-0.178403144596404,H1,106.646104413851,AX,24.6387088474357,L1,0.298247854556757,L2,0.078977177...
GetData ===>> H2,-0.211429755456726,H1,106.680981103646,AX,24.5837610471572,L1,0.262960422891639,L2,0.180719439...
GetData ===>> H2,-0.168357082639781,H1,106.558517869244,AX,24.6401858270466,L1,0.276964710893082,L2,0.178871310...
GetData ===>> H2,-0.20618746777311,H1,106.51869907618,AX,24.6538455634807,L1,0.270509748633788,L2,0.18677744333...
GetData ===>> H2,-0.135441128378044,H1,106.428718661298,AX,24.4731160238721,L1,0.272277858802769,L2,0.137845203...
GetData ===>> H2,-0.17900101268677,H1,106.301608144036,AX,24.6292592628518,L1,0.302768787894616,L2,0.2263863848...
GetData ===>> H2,-0.189339271033976,H1,106.354496889237,AX,24.5588116855644,L1,0.323086590189126,L2,0.074820570...
GetData ===>> H2,-0.178118370141249,H1,106.244292737251,AX,24.5144915903283,L1,0.314460249974143,L2,0.186743216...
GetData ===>> H2,-0.116562704570385,H1,106.396179416919,AX,24.4748271357515,L1,0.24973135936147,L2,0.1501956677...
GetData ===>> H2,-0.185885691852326,H1,106.417207639426,AX,24.6080496752641,L1,0.257398536059727,L2,0.206037826...
GetData ===>> H2,-0.194906470926754,H1,106.406044600883,AX,24.6456495174462,L1,0.295729226181314,L2,0.188568678...
GetData ===>> H2,-0.0885190607473993,H1,106.222672608254,AX,24.4481316094131,L1,0.280101834135156,L2,0.16721295...
15:16:38 -- collecting point 50
GetData ===>> H2,-0.0895286408985286,H1,106.075628876085,AX,24.4577302792553,L1,0.281084056491325,L2,0.19823279...
GetData ===>> H2,-0.0744292402766771,H1,106.16149906237,AX,24.3530131291049,L1,0.292592769910705,L2,0.073987894...
GetData ===>> H2,-0.270671721682068,H1,106.188313106644,AX,24.4422552877758,L1,0.27609846036801,L2,0.1243105600...
GetData ===>> H2,-0.294275057779326,H1,106.160002433055,AX,24.5248191565606,L1,0.307431345219771,L2,0.201701620...
GetData ===>> H2,-0.202518711712864,H1,106.10859697109,AX,24.4695110206447,L1,0.346083601962855,L2,0.0665511728...
GetData ===>> H2,-0.251397773795164,H1,106.052559081829,AX,24.526490459773,L1,0.312381169674679,L2,0.0954118943...
GetData ===>> H2,-0.212555768989326,H1,106.013819137935,AX,24.3830134587484,L1,0.293425492833667,L2,0.149648245...
GetData ===>> H2,-0.120641698102565,H1,106.046828675005,AX,24.4019261099775,L1,0.282397419455009,L2,0.141174996...
GetData ===>> H2,-0.12295450597431,H1,105.77449152145,AX,24.3913012096803,L1,0.29857308055101,L2,0.174410851384...
GetData ===>> H2,-0.178358606883912,H1,106.018380562855,AX,24.5565652154413,L1,0.303845042212061,L2,0.107255301...
GetData ===>> H2,-0.163778522852604,H1,106.077070853629,AX,24.4902367346913,L1,0.310186772647452,L2,0.065558893...
GetData ===>> H2,-0.145533344380755,H1,105.898183853202,AX,24.4014170310518,L1,0.30357231546674,L2,0.0898383626...
GetData ===>> H2,-0.221733417747104,H1,105.844376434583,AX,24.4288062266774,L1,0.296761934879274,L2,0.121961861...
GetData ===>> H2,-0.202603637595212,H1,105.80976728839,AX,24.3020483761652,L1,0.314272554795522,L2,0.1404565723...
GetData ===>> H2,-0.170292155640308,H1,105.905152841593,AX,24.3170470559684,L1,0.3386607600588,L2,0.17729700715...
GetData ===>> H2,-0.226284112252877,H1,106.010772181795,AX,24.4637641592946,L1,0.313587618494979,L2,0.137343463...
GetData ===>> H2,-0.248652748697275,H1,105.8529843503,AX,24.3527913216916,L1,0.248861723704453,L2,0.16392787920...
GetData ===>> H2,-0.193530427662188,H1,105.779996557725,AX,24.3911706890576,L1,0.287720753471598,L2,0.191455260...
GetData ===>> H2,-0.254900376247728,H1,105.67487376881,AX,24.4268477632649,L1,0.299405072801197,L2,0.1296466525...
GetData ===>> H2,-0.203808707589348,H1,105.701379226169,AX,24.2819517897641,L1,0.297073716506286,L2,0.185191601...
GetData ===>> H2,-0.210706407708209,H1,105.792465650469,AX,24.4912157018626,L1,0.288610273800267,L2,0.254582503...
GetData ===>> H2,-0.14866312054351,H1,105.782402794735,AX,24.3706547808751,L1,0.295165421021473,L2,0.2183400274...
GetData ===>> H2,-0.17117456873115,H1,105.72030408936,AX,24.307578085094,L1,0.302121141947761,L2,0.181700558708...
GetData ===>> H2,-0.153442968330084,H1,105.693248453042,AX,24.4599635597584,L1,0.295721919651984,L2,0.227299489...
GetData ===>> H2,-0.263317588441799,H1,105.603492301143,AX,24.3178948687824,L1,0.292501466701601,L2,0.041462203...
15:17:05 -- collecting point 75
GetData ===>> H2,-0.240419050814707,H1,105.539347907847,AX,24.3676012147082,L1,0.278366440470525,L2,0.150412356...
GetData ===>> H2,-0.231147921493577,H1,105.431542395413,AX,24.4488629070461,L1,0.246656388242065,L2,0.113023652...
GetData ===>> H2,-0.246011999146033,H1,105.440192447977,AX,24.3584671232988,L1,0.292606161116651,L2,0.221832405...
GetData ===>> H2,-0.183177111302966,H1,105.648063086407,AX,24.2203075900157,L1,0.320725638448139,L2,0.158395979...
GetData ===>> H2,-0.100717455984537,H1,105.576912723115,AX,24.1951510773135,L1,0.315067235885909,L2,0.150172858...
GetData ===>> H2,-0.183773378384842,H1,105.509647351621,AX,24.1410105117231,L1,0.299334417826099,L2,0.119784236...
GetData ===>> H2,-0.255585979256675,H1,105.580155220603,AX,24.1757757673144,L1,0.28162761475723,L2,0.2072360232...
GetData ===>> H2,-0.178177754978814,H1,105.525608405642,AX,24.2910872167077,L1,0.293893016153132,L2,0.119453606...
GetData ===>> H2,-0.18477428102466,H1,105.465253048295,AX,24.3009659422429,L1,0.311675645866091,L2,0.1860472680...
GetData ===>> H2,-0.259341269286415,H1,105.286493080133,AX,24.3181687789407,L1,0.290744951819254,L2,0.124447379...
GetData ===>> H2,-0.241999245286567,H1,105.242936646986,AX,24.3175296563039,L1,0.276344214986346,L2,0.089781375...
GetData ===>> H2,-0.152221313053467,H1,105.125495978121,AX,24.2796811019232,L1,0.259917446723664,L2,0.086692709...
GetData ===>> H2,-0.262087174809721,H1,105.308011957149,AX,24.2627437785501,L1,0.297054229875901,L2,0.151701096...
GetData ===>> H2,-0.279984195316476,H1,105.199847478798,AX,24.2793548575396,L1,0.27733824328095,L2,0.0947963963...
GetData ===>> H2,-0.297262478230458,H1,105.217824082694,AX,24.1281343979199,L1,0.256185498913476,L2,0.087912207...
GetData ===>> H2,-0.194708363353733,H1,105.062040219609,AX,24.0631995279414,L1,0.286471175191955,L2,0.105932962...
GetData ===>> H2,-0.200310414950309,H1,105.105717801858,AX,24.0803158510355,L1,0.297584035868221,L2,0.131938527...
GetData ===>> H2,-0.154092932581143,H1,105.097385170087,AX,24.185019683143,L1,0.321593836974654,L2,0.1032769390...
GetData ===>> H2,-0.252825837400889,H1,105.104953655111,AX,24.1997281150693,L1,0.347084236871783,L2,0.125530537...
GetData ===>> H2,-0.345793499832337,H1,105.154922349123,AX,24.1012814558584,L1,0.294213233270726,L2,0.139874994...
GetData ===>> H2,-0.168307149603426,H1,104.964922269667,AX,24.1909914853906,L1,0.301082662839373,L2,0.223202000...
GetData ===>> H2,-0.185506691439801,H1,104.976685816456,AX,24.2550719551108,L1,0.294711233442775,L2,0.095833626...
GetData ===>> H2,-0.201224524141108,H1,104.914184514108,AX,24.1968592940863,L1,0.305704404585488,L2,0.161064938...
GetData ===>> H2,-0.169703842056207,H1,104.907693481183,AX,24.1022855066651,L1,0.299509837973725,L2,0.103083154...
GetData ===>> H2,-0.11776152603092,H1,104.934423036695,AX,24.0884903943665,L1,0.301605002381909,L2,0.1846211605...
15:17:31 -- collecting point 100
GetData ===>> H2,-0.0315795366147524,H1,104.922094129213,AX,24.1210844553696,L1,0.334292235445424,L2,0.14851919...
GetData ===>> H2,-0.0425615572354556,H1,104.849050338217,AX,24.2138777186463,L1,0.304244405217604,L2,0.16874146...
GetData ===>> H2,-0.161635736921377,H1,104.955428116079,AX,24.1543573950245,L1,0.271363364680623,L2,0.136932951...
GetData ===>> H2,-0.217454443934243,H1,104.725141735842,AX,24.1989848224147,L1,0.282245399710737,L2,0.127708293...
GetData ===>> H2,-0.147922966623869,H1,104.716510572352,AX,24.1337642531442,L1,0.352557730600605,L2,0.183058171...
GetData ===>> H2,-0.148742805767177,H1,104.770885972966,AX,24.106210520973,L1,0.375116813404871,L2,0.1010541434...
GetData ===>> H2,-0.279637784942495,H1,104.69830496254,AX,24.0495527113579,L1,0.302273310709515,L2,0.1292931842...
GetData ===>> H2,-0.182758896196094,H1,104.784337425878,AX,24.1185955823093,L1,0.315407310002808,L2,0.252493194...
GetData ===>> H2,-0.103691250277932,H1,104.82082750125,AX,24.1432522572607,L1,0.302256267695551,L2,0.0502197871...
GetData ===>> H2,-0.184082291740393,H1,104.77086779613,AX,24.0665626153204,L1,0.305576539762869,L2,0.1931781242...
GetData ===>> H2,-0.208875605815833,H1,104.712640335614,AX,24.091541337421,L1,0.296244349667289,L2,0.1799893099...
GetData ===>> H2,-0.226123879206567,H1,104.718818225049,AX,24.0190197282238,L1,0.265278958091482,L2,0.062890054...
GetData ===>> H2,-0.170849406155965,H1,104.54532257706,AX,23.9074843493269,L1,0.301908109487101,L2,0.2050792797...
GetData ===>> H2,-0.170939804987071,H1,104.566336670013,AX,23.9072368272612,L1,0.288060246617799,L2,0.127571470...
GetData ===>> H2,-0.22631777436876,H1,104.550643935918,AX,24.072924086647,L1,0.321068339931941,L2,0.20340184610...
GetData ===>> H2,-0.171619796950804,H1,104.636418515238,AX,24.0247529716573,L1,0.348474305362783,L2,0.223761257...
GetData ===>> H2,-0.0629952427786141,H1,104.444143160347,AX,24.0210784492307,L1,0.268339550739662,L2,0.11843892...
GetData ===>> H2,-0.130256368987335,H1,104.431439208406,AX,23.9251901448736,L1,0.244769602176866,L2,0.158795177...
GetData ===>> H2,-0.088310357829177,H1,104.390831830266,AX,24.0155538677524,L1,0.274799222393141,L2,0.206117705...
GetData ===>> H2,-0.203181925459933,H1,104.464453535841,AX,23.9906315728152,L1,0.308301015322125,L2,0.147606841...
GetData ===>> H2,-0.165197372322133,H1,104.411060653021,AX,23.9555441502891,L1,0.306676229504169,L2,0.133762944...
measurement finished
estimated time: 125.829 actual time: :126.070
flush and close file /Users/jan/PychronDev/data/isotopes/40/6db14d-9a27-41b1-a7d8-e81066816503.h5
baselines () {'settling_time': 15.0, 'detector': 'H1', 'mass': 34.2, 'ncounts': 60}
%%%%%%%%%%%%%%%%%%%%%%%%%%%%%%%% Baseline
build tables- baseline [Detector(H2), Detector(H1), Detector(AX), Detector(L1), Detector(L2), Detector(CDD)]
add group baseline table H2
add group baseline table H1
add group baseline table AX
add group baseline table L1
add group baseline table L2
add group baseline table CDD
flush and close file /Users/jan/PychronDev/data/isotopes/40/6db14d-9a27-41b1-a7d8-e81066816503.h5
detector Detector(H1)
POSITION 34.2 H1
Mapping mass to dac mass func: "parabolic"
H1 map mass coeffs = [-0.00063987  0.15840543  0.57133999]
H1 map mass to dac 34.2 >> 5.24038599104
GetDeflection H1 ===>> 0
GetHighVoltage ===>> 4500
positioning 34.2 (5.24038599104) on H1
setting magnet DAC
current  : 5.879730
requested: 5.240386
Delta Dac: 0.639344
Checking detector protection. dv=0.63934
Checking detector "CDD". Protection Threshold: 0.1 (V)
ProtectDetector CDD,On ===>> OK
GetDeflection CDD ===>> 2000
Protected = 2000
SetMagnetDAC 5.24038599104 ===>> OK
Magnet settling time: 0.500
GetMagnetMoving ===>> True
GetMagnetMoving ===>> True
GetMagnetMoving ===>> True
GetMagnetMoving ===>> True
GetMagnetMoving ===>> True
GetMagnetMoving ===>> True
GetMagnetMoving ===>> True
GetMagnetMoving ===>> True
GetMagnetMoving ===>> False
ProtectDetector CDD,Off ===>> OK
GetDeflection CDD ===>> 50
Delaying 15.0s for detectors to settle
Join finished
measuring baseline. ncounts=60
"baseline" increment series count="2" fit count="1" regressing="True"
starting measurement
GetData ===>> H2,-0.203095655953101,H1,-0.0277446252409107,AX,-0.0352595802503266,L1,-0.00664668932373937,L2,0....
GetData ===>> H2,-0.274052126754274,H1,-0.064074350496379,AX,-0.0342274792845286,L1,-0.00766250279218983,L2,-0....
GetData ===>> H2,-0.197745661234269,H1,-0.0317514382177862,AX,-0.107966152532942,L1,-0.0508925655849242,L2,0.00...
GetData ===>> H2,-0.2214262909726,H1,-0.0495535811084523,AX,-0.00671621530219915,L1,-0.0501806535810326,L2,-0.0...
GetData ===>> H2,-0.206998692532599,H1,-0.0602714954982318,AX,-0.0989735135326082,L1,-0.0222822896964285,L2,0.0...
GetData ===>> H2,-0.16919376564268,H1,-0.120917264366782,AX,-0.165201635556754,L1,-0.0183678343653553,L2,-0.016...
GetData ===>> H2,-0.165106927657911,H1,-0.0513419669680769,AX,-0.085285956047411,L1,0.00307408209283959,L2,-0.0...
GetData ===>> H2,-0.139925413588449,H1,0.00253823451392701,AX,-0.00200650950730446,L1,-0.0282128137821958,L2,-0...
GetData ===>> H2,-0.129262964426831,H1,-0.0324788483695436,AX,-0.12655139560664,L1,-0.0353614361066134,L2,-0.13...
GetData ===>> H2,-0.163121012857736,H1,-0.115619176301451,AX,-0.066379820782371,L1,-0.0521607207938875,L2,-0.09...
GetData ===>> H2,-0.182057339388455,H1,-0.0587455443999517,AX,-0.156031836795163,L1,-0.0418050206995901,L2,-0.0...
GetData ===>> H2,-0.242446074486188,H1,-0.0774845195406602,AX,-0.181672642485681,L1,-0.0334813231873103,L2,0.01...
GetData ===>> H2,-0.238124295294545,H1,-0.0669710991824111,AX,-0.0763723622298219,L1,-0.0108891592819123,L2,-0....
GetData ===>> H2,-0.25106560880816,H1,-0.0762329798011717,AX,-0.112914067160609,L1,0.011819861875603,L2,-0.1113...
GetData ===>> H2,-0.220922477224686,H1,-0.0490051363749132,AX,-0.0644669783155103,L1,-0.0170246993841558,L2,0.0...
GetData ===>> H2,-0.201575047895452,H1,0.00221615511526458,AX,-0.00844459696826162,L1,-0.0467950908337583,L2,-0...
GetData ===>> H2,-0.222456749148411,H1,0.0737209162594567,AX,-0.0250772516286321,L1,-0.0118386137058801,L2,-0.0...
GetData ===>> H2,-0.271828643672277,H1,-0.0312744450843059,AX,0.00668268368049584,L1,-0.0103592480464826,L2,-0....
GetData ===>> H2,-0.198933718810304,H1,-0.0583759746181965,AX,-0.0354567218864057,L1,-0.0320611693904897,L2,-0....
GetData ===>> H2,-0.200968365297964,H1,-0.0334447454819252,AX,-0.0151954313024887,L1,-0.0657275046737268,L2,-0....
GetData ===>> H2,-0.180544796924083,H1,-0.00244791556809325,AX,-0.145353902027792,L1,-0.0331879689013855,L2,-0....
GetData ===>> H2,-0.264374426782336,H1,0.0341189761338569,AX,-0.0692779952979616,L1,-0.0451072686500276,L2,-0.0...
GetData ===>> H2,-0.247834895356448,H1,-0.000849511728539909,AX,-0.111500402945511,L1,-0.0648987417539525,L2,-0...
GetData ===>> H2,-0.206702238403754,H1,-0.00985511059521367,AX,-0.0756536754001664,L1,-0.0767070457451048,L2,0....
15:18:36 -- collecting point 25
GetData ===>> H2,-0.0688170424272772,H1,0.0248715998420359,AX,0.0272312447836215,L1,-0.0378727571104863,L2,-0.1...
GetData ===>> H2,-0.163650264144622,H1,0.026315327485338,AX,0.0161036198948585,L1,-0.0184889475459599,L2,-0.053...
GetData ===>> H2,-0.190293842677856,H1,0.00189407675288429,AX,-0.117178110196371,L1,-0.021048771204877,L2,0.122...
GetData ===>> H2,-0.219402817385575,H1,-0.0719895475999042,AX,-0.148507550887902,L1,-0.0462193478954943,L2,-0.0...
GetData ===>> H2,-0.139915952085277,H1,-0.0270529567658827,AX,0.0316756881653662,L1,-0.0177346644992569,L2,-0.0...
GetData ===>> H2,-0.128837192993155,H1,-0.00943765041105922,AX,0.0471457899293517,L1,0.0133312691042599,L2,-0.0...
GetData ===>> H2,-0.252550189477759,H1,-0.163506211631303,AX,-0.128949606594657,L1,0.0504114860473271,L2,0.0262...
GetData ===>> H2,-0.163283031183199,H1,-0.0664227498984758,AX,-0.00969736449457021,L1,0.0130011171177399,L2,-0....
GetData ===>> H2,-0.196268843685582,H1,-0.100235974793139,AX,-0.110944201557675,L1,-0.0155014633013584,L2,0.027...
GetData ===>> H2,-0.249988358743572,H1,-0.0260512215347174,AX,0.00471043560548276,L1,0.029522412116953,L2,-0.12...
GetData ===>> H2,-0.178420689707774,H1,-0.0513061995640605,AX,0.00547612717164203,L1,0.018403763062333,L2,-0.02...
GetData ===>> H2,-0.193775728726978,H1,0.00744112664830001,AX,-0.110770387971784,L1,0.0014523014558008,L2,-0.11...
GetData ===>> H2,-0.13984701803823,H1,-0.0475267051650573,AX,-0.101696887574143,L1,-0.0551469700962077,L2,-0.11...
GetData ===>> H2,-0.123408897047992,H1,0.0245255855658712,AX,-0.166720191352069,L1,-0.0436466546734886,L2,0.023...
GetData ===>> H2,-0.118803288389188,H1,-0.050125868060724,AX,-0.0660204411269492,L1,-0.0258261653724941,L2,-0.1...
GetData ===>> H2,-0.118803288389188,H1,-0.050125868060724,AX,-0.0660204411269492,L1,-0.0258261653724941,L2,-0.1...
GetData ===>> H2,-0.240081178158608,H1,-0.0238211320987556,AX,-0.0252280228064417,L1,-0.0509966560533053,L2,0.0...
GetData ===>> H2,-0.265554849243247,H1,-0.0802497708896731,AX,0.0058009678374751,L1,-0.054976977955328,L2,-0.02...
GetData ===>> H2,-0.314309913443613,H1,-0.0643604528640427,AX,0.111617499547713,L1,-0.00772966040073826,L2,-0.0...
GetData ===>> H2,-0.206199596146483,H1,-0.0443313114830922,AX,-0.0236507127713242,L1,-0.0349132622855276,L2,-0....
GetData ===>> H2,-0.206199596146483,H1,-0.0443313114830922,AX,-0.0236507127713242,L1,-0.0349132622855276,L2,-0....
GetData ===>> H2,-0.309148054594092,H1,-0.0837181462227886,AX,-0.151290097323582,L1,-0.0225400028342779,L2,0.04...
GetData ===>> H2,-0.229995766239619,H1,-0.0116322787537147,AX,-0.179505259091729,L1,-0.0229643161272845,L2,0.00...
GetData ===>> H2,-0.363080611672333,H1,0.015386469027079,AX,-0.0772765090885939,L1,-0.0607826152506988,L2,0.030...
GetData ===>> H2,-0.322975652889158,H1,0.0221751064484412,AX,-0.0491628847910092,L1,-0.0175631741364308,L2,-0.1...
15:19:03 -- collecting point 50
GetData ===>> H2,-0.322975652889158,H1,0.0221751064484412,AX,-0.0491628847910092,L1,-0.0175631741364308,L2,-0.1...
GetData ===>> H2,-0.139322564904015,H1,0.00642712682685804,AX,-0.00694821462451773,L1,0.0190692369569324,L2,0.0...
GetData ===>> H2,-0.166912984357735,H1,-0.0186452250192868,AX,-0.012307245055203,L1,0.022022356908953,L2,-0.099...
GetData ===>> H2,-0.232417040631989,H1,-0.0462509445499968,AX,-0.0229200384299662,L1,-0.0309186741158737,L2,0.0...
GetData ===>> H2,-0.232417040631989,H1,-0.0462509445499968,AX,-0.0229200384299662,L1,-0.0309186741158737,L2,0.0...
GetData ===>> H2,-0.165251368792421,H1,-0.00510788925767154,AX,-0.097096079376976,L1,-0.0368580001657393,L2,-0....
GetData ===>> H2,-0.155346812365507,H1,-0.0596992665631955,AX,-0.0789456812170483,L1,-0.0142813688000289,L2,0.0...
GetData ===>> H2,-0.162875280642966,H1,-0.123004211403788,AX,0.0598468192791611,L1,-0.0421582861467295,L2,0.033...
GetData ===>> H2,-0.129644117682961,H1,-0.0477532403963419,AX,-0.0443392777096606,L1,-0.014875310417028,L2,0.07...
GetData ===>> H2,-0.0993663355483621,H1,-0.116250659204486,AX,-0.121511484184259,L1,-0.0436358788634003,L2,-0.0...
GetData ===>> H2,-0.166490517069092,H1,-0.0246440051085316,AX,-0.0055214100351048,L1,-0.0391269845109857,L2,-0....
measurement finished
estimated time: 62.915 actual time: :63.062
flush and close file /Users/jan/PychronDev/data/isotopes/40/6db14d-9a27-41b1-a7d8-e81066816503.h5
activate_detectors ('H1', 'AX', 'CDD') {'peak_center': True}
peak_center () {'detector': 'H1', 'integration_time': 0.262144, 'isotope': 'Ar40'}
peak center: mean=104.515946831 threshold=3
peak center started
setup peak center. detector=['H1', 'AX', 'CDD'], isotope=Ar40
VersionedUnpickler [<apptools.sweet_pickle.versioned_unpickler.VersionedUnpickler object at 0x1d405d050>] using Updater [<apptools.sweet_pickle.updater.Updater object at 0x1373f1ad0>]
VersionedUnpickler [<apptools.sweet_pickle.versioned_unpickler.VersionedUnpickler object at 0x1d405d050>] using Updater [<apptools.sweet_pickle.updater.Updater object at 0x1373f1ad0>]
VersionedUnpickler [<apptools.sweet_pickle.versioned_unpickler.VersionedUnpickler object at 0x1c9bb3fb0>] using Updater [<apptools.sweet_pickle.updater.Updater object at 0x1373f1ad0>]
setting integration time = 0.524288
SetIntegrationTime 0.524288 ===>> OK
Mapping mass to dac mass func: "parabolic"
H1 map mass coeffs = [-0.00063987  0.15840543  0.57133999]
H1 map mass to dac 39.9624 >> 5.87973
GetDeflection H1 ===>> 0
GetHighVoltage ===>> 4500
do peak center. <pychron.spectrometer.jobs.peak_center.PeakCenter object at 0x1376ecfb0>
doing pc
starting peak center. center dac= 5.87973 step_width=0.001
width = 0.001
get scan parameters. half-width=0.015,window=0.015, i=0, scalar=1
Scan parameters center=5.87973 width=0.03000 (5.86473 - 5.89473)
GetData ===>> H2,-0.169342202947153,H1,-0.0487905267479547,AX,0.00124169623018649,L1,-0.00177727709371139,L2,0....
Moving to starting dac 5.86473
setting magnet DAC
current  : 5.240386
requested: 5.864730
Delta Dac: 0.624344
Checking detector protection. dv=0.62434
Checking detector "CDD". Protection Threshold: 0.1 (V)
ProtectDetector CDD,On ===>> OK
GetDeflection CDD ===>> 2000
Protected = 2000
SetMagnetDAC 5.86473 ===>> OK
Magnet settling time: 0.500
GetMagnetMoving ===>> True
GetMagnetMoving ===>> True
GetMagnetMoving ===>> True
GetMagnetMoving ===>> True
GetMagnetMoving ===>> True
GetMagnetMoving ===>> True
GetMagnetMoving ===>> True
GetMagnetMoving ===>> True
GetMagnetMoving ===>> True
GetMagnetMoving ===>> False
ProtectDetector CDD,Off ===>> OK
GetDeflection CDD ===>> 50
Wait until signal near baseline. tol= -0.036592895061. timeout= 10
GetData ===>> H2,4.88846008315215,H1,2.41456577832369,AX,0.206498273090165,L1,-0.00199326546050301,L2,0.0760028...
GetData ===>> H2,6.88802112507985,H1,4.11277197827464,AX,0.499628417958183,L1,-0.0130936262268027,L2,-0.2370714...
GetData ===>> H2,3.81610244532475,H1,1.98185539214084,AX,0.319743054710524,L1,-0.0183253538834289,L2,-0.0364990...
GetData ===>> H2,1.56146433314753,H1,0.969536055138787,AX,-0.0208671621154524,L1,-0.000147615518385169,L2,0.019...
GetData ===>> H2,0.497327051887675,H1,0.41081894432613,AX,-0.0353407562665286,L1,-0.00467833397079191,L2,-0.007...
GetData ===>> H2,0.120842274391577,H1,0.180117463796292,AX,-0.0211455207634615,L1,-0.0133021804776636,L2,-0.059...
GetData ===>> H2,-0.106704875422453,H1,0.21604904858934,AX,-0.015531800835756,L1,-0.021214459638103,L2,-0.07614...
GetData ===>> H2,-0.249941285547492,H1,0.203974980459054,AX,-0.0152070302712599,L1,-0.0411810876599299,L2,0.012...
GetData ===>> H2,-0.249941285547492,H1,0.203974980459054,AX,-0.0152070302712599,L1,-0.0411810876599299,L2,0.012...
GetData ===>> H2,-0.278061425920445,H1,0.0943965881410992,AX,-0.0119360663107233,L1,-0.0463988970505006,L2,-0.0...
GetData ===>> H2,-0.214115301077883,H1,0.0739250417247429,AX,0.0427586696614831,L1,-0.0436861658782794,L2,-0.19...
GetData ===>> H2,-0.237133084408398,H1,0.11236924119793,AX,-0.0462177300454488,L1,-0.0394204535226772,L2,0.0204...
GetData ===>> H2,-0.240199636654957,H1,0.0806451578358348,AX,-0.068733145077585,L1,-0.0231448588959887,L2,-0.01...
GetData ===>> H2,-0.188964669740695,H1,0.113823403228541,AX,0.0140035539151417,L1,-0.0196598118049113,L2,0.0348...
GetData ===>> H2,-0.202061718637526,H1,0.117613859236854,AX,0.0102908409322103,L1,-0.0330664362516272,L2,-0.004...
GetData ===>> H2,-0.17636780930837,H1,0.0799063996046236,AX,-0.083732800786899,L1,-0.0243709250966931,L2,0.1097...
GetData ===>> H2,-0.132286157972077,H1,0.0487852765650444,AX,-0.0438058833998529,L1,-0.0168900750173724,L2,0.06...
GetData ===>> H2,-0.179800784894944,H1,0.0456585132117439,AX,-0.0240218468439965,L1,-0.0218994824240932,L2,0.04...
GetData ===>> H2,-0.224469015341632,H1,0.0502412836612677,AX,-0.125288545767021,L1,-0.0535806253394961,L2,-0.07...
GetData ===>> H2,-0.238253852285137,H1,0.0611739476901409,AX,-0.11968083102131,L1,-0.0280051415816778,L2,0.0819...
GetData ===>> H2,-0.294163651668022,H1,0.0111989802576541,AX,-0.0148358625849279,L1,-0.00969622026443013,L2,-0....
Peak center failed to move to a baseline position
_do_sweep sm= 5.86473, em= 5.89473, stm= 0.001
calculated step values: start=5.86473, end=5.89473, width=0.001, nsteps=31.0
setting magnet DAC
current  : 5.864730
requested: 5.864730
Delta Dac: 0.000000
Checking detector protection. dv=0.00000
Checking detector "CDD". Protection Threshold: 0.1 (V)
SetMagnetDAC 5.86473 ===>> OK
GetData ===>> H2,-0.294163651668022,H1,0.0111989802576541,AX,-0.0148358625849279,L1,-0.00969622026443013,L2,-0....
setting magnet DAC
current  : 5.864730
requested: 5.865764
Delta Dac: 0.001034
Checking detector protection. dv=0.00103
Checking detector "CDD". Protection Threshold: 0.1 (V)
SetMagnetDAC 5.86576448276 ===>> OK
Magnet settling time: 1.049
GetData ===>> H2,-0.229593904588505,H1,0.275271222841966,AX,0.00284263750546294,L1,-0.0127412316370609,L2,0.001...
setting magnet DAC
current  : 5.865764
requested: 5.866799
Delta Dac: 0.001034
Checking detector protection. dv=0.00103
Checking detector "CDD". Protection Threshold: 0.1 (V)
SetMagnetDAC 5.86679896552 ===>> OK
Magnet settling time: 1.049
GetData ===>> H2,-0.248050125664483,H1,0.619759978470014,AX,0.0142820130971829,L1,-0.00925977307747159,L2,-0.10...
setting magnet DAC
current  : 5.866799
requested: 5.867833
Delta Dac: 0.001034
Checking detector protection. dv=0.00103
Checking detector "CDD". Protection Threshold: 0.1 (V)
SetMagnetDAC 5.86783344828 ===>> OK
Magnet settling time: 1.049
GetData ===>> H2,-0.22954280168216,H1,2.08848371138417,AX,0.239619844490126,L1,-0.0301304777119552,L2,0.0494542...
setting magnet DAC
current  : 5.867833
requested: 5.868868
Delta Dac: 0.001034
Checking detector protection. dv=0.00103
Checking detector "CDD". Protection Threshold: 0.1 (V)
SetMagnetDAC 5.86886793103 ===>> OK
Magnet settling time: 1.049
GetData ===>> H2,-0.19318295313416,H1,7.50695216844746,AX,1.00974527390857,L1,-0.0331932350325623,L2,-0.0715050...
setting magnet DAC
current  : 5.868868
requested: 5.869902
Delta Dac: 0.001034
Checking detector protection. dv=0.00103
Checking detector "CDD". Protection Threshold: 0.1 (V)
SetMagnetDAC 5.86990241379 ===>> OK
Magnet settling time: 1.049
GetData ===>> H2,-0.263374730408409,H1,19.8983767267901,AX,3.06998736479541,L1,-0.0217294286726554,L2,0.0770968...
setting magnet DAC
current  : 5.869902
requested: 5.870937
Delta Dac: 0.001034
Checking detector protection. dv=0.00103
Checking detector "CDD". Protection Threshold: 0.1 (V)
SetMagnetDAC 5.87093689655 ===>> OK
Magnet settling time: 1.049
GetData ===>> H2,-0.202172261428196,H1,41.0062312086045,AX,7.03858510713002,L1,-0.00696691549467931,L2,0.056290...
setting magnet DAC
current  : 5.870937
requested: 5.871971
Delta Dac: 0.001034
Checking detector protection. dv=0.00103
Checking detector "CDD". Protection Threshold: 0.1 (V)
SetMagnetDAC 5.87197137931 ===>> OK
Magnet settling time: 1.049
GetData ===>> H2,-0.248814160118734,H1,78.5599946993653,AX,15.6559205227564,L1,0.0954212247080578,L2,-0.0134810...
setting magnet DAC
current  : 5.871971
requested: 5.873006
Delta Dac: 0.001034
Checking detector protection. dv=0.00103
Checking detector "CDD". Protection Threshold: 0.1 (V)
SetMagnetDAC 5.87300586207 ===>> OK
Magnet settling time: 1.049
GetData ===>> H2,-0.063992812263274,H1,92.6565453366385,AX,19.6360365660064,L1,0.106629037398398,L2,-0.03347129...
setting magnet DAC
current  : 5.873006
requested: 5.874040
Delta Dac: 0.001034
Checking detector protection. dv=0.00103
Checking detector "CDD". Protection Threshold: 0.1 (V)
SetMagnetDAC 5.87404034483 ===>> OK
Magnet settling time: 1.049
GetData ===>> H2,-0.0669832239317949,H1,98.6884846206101,AX,21.8538341686203,L1,0.195467063733993,L2,0.12310199...
setting magnet DAC
current  : 5.874040
requested: 5.875075
Delta Dac: 0.001034
Checking detector protection. dv=0.00103
Checking detector "CDD". Protection Threshold: 0.1 (V)
SetMagnetDAC 5.87507482759 ===>> OK
Magnet settling time: 1.049
GetData ===>> H2,-0.134466898079265,H1,100.464956849077,AX,22.5803199250138,L1,0.246966203159634,L2,0.042573277...
setting magnet DAC
current  : 5.875075
requested: 5.876109
Delta Dac: 0.001034
Checking detector protection. dv=0.00103
Checking detector "CDD". Protection Threshold: 0.1 (V)
SetMagnetDAC 5.87610931034 ===>> OK
Magnet settling time: 1.049
GetData ===>> H2,-0.0916986216158108,H1,100.975035353517,AX,22.8808731195235,L1,0.283729072977855,L2,0.15484888...
setting magnet DAC
current  : 5.876109
requested: 5.877144
Delta Dac: 0.001034
Checking detector protection. dv=0.00103
Checking detector "CDD". Protection Threshold: 0.1 (V)
SetMagnetDAC 5.8771437931 ===>> OK
Magnet settling time: 1.049
GetData ===>> H2,-0.152661880908042,H1,101.01135099725,AX,22.9029596791648,L1,0.271746420729557,L2,0.2115268321...
setting magnet DAC
current  : 5.877144
requested: 5.878178
Delta Dac: 0.001034
Checking detector protection. dv=0.00103
Checking detector "CDD". Protection Threshold: 0.1 (V)
SetMagnetDAC 5.87817827586 ===>> OK
Magnet settling time: 1.049
GetData ===>> H2,-0.212784729313832,H1,101.050080585588,AX,22.9657960915805,L1,0.320841497095926,L2,0.071011572...
setting magnet DAC
current  : 5.878178
requested: 5.879213
Delta Dac: 0.001034
Checking detector protection. dv=0.00103
Checking detector "CDD". Protection Threshold: 0.1 (V)
SetMagnetDAC 5.87921275862 ===>> OK
Magnet settling time: 1.049
GetData ===>> H2,-0.19962680715105,H1,101.093811403661,AX,22.9085857283895,L1,0.296289307891751,L2,0.0650634415...
setting magnet DAC
current  : 5.879213
requested: 5.880247
Delta Dac: 0.001034
Checking detector protection. dv=0.00103
Checking detector "CDD". Protection Threshold: 0.1 (V)
SetMagnetDAC 5.88024724138 ===>> OK
Magnet settling time: 1.049
GetData ===>> H2,-0.265542690858519,H1,101.093560040846,AX,22.9042819042114,L1,0.338651456842038,L2,0.054694978...
setting magnet DAC
current  : 5.880247
requested: 5.881282
Delta Dac: 0.001034
Checking detector protection. dv=0.00103
Checking detector "CDD". Protection Threshold: 0.1 (V)
SetMagnetDAC 5.88128172414 ===>> OK
Magnet settling time: 1.049
GetData ===>> H2,-0.158268840843715,H1,101.145385559381,AX,22.9667818464561,L1,0.341917374620326,L2,0.176224670...
setting magnet DAC
current  : 5.881282
requested: 5.882316
Delta Dac: 0.001034
Checking detector protection. dv=0.00103
Checking detector "CDD". Protection Threshold: 0.1 (V)
SetMagnetDAC 5.8823162069 ===>> OK
Magnet settling time: 1.049
GetData ===>> H2,-0.0919936893642564,H1,100.986051130383,AX,22.8832319161156,L1,0.26184508895826,L2,0.177730508...
setting magnet DAC
current  : 5.882316
requested: 5.883351
Delta Dac: 0.001034
Checking detector protection. dv=0.00103
Checking detector "CDD". Protection Threshold: 0.1 (V)
SetMagnetDAC 5.88335068966 ===>> OK
Magnet settling time: 1.049
GetData ===>> H2,-0.0899822041426783,H1,101.015298877544,AX,22.807335433245,L1,0.283053471064408,L2,0.151792335...
setting magnet DAC
current  : 5.883351
requested: 5.884385
Delta Dac: 0.001034
Checking detector protection. dv=0.00103
Checking detector "CDD". Protection Threshold: 0.1 (V)
SetMagnetDAC 5.88438517241 ===>> OK
Magnet settling time: 1.049
GetData ===>> H2,-0.196552083908236,H1,100.088713498178,AX,22.5260358095176,L1,0.258128189678072,L2,0.195962154...
setting magnet DAC
current  : 5.884385
requested: 5.885420
Delta Dac: 0.001034
Checking detector protection. dv=0.00103
Checking detector "CDD". Protection Threshold: 0.1 (V)
SetMagnetDAC 5.88541965517 ===>> OK
Magnet settling time: 1.049
GetData ===>> H2,-0.169998002667475,H1,96.8684157093992,AX,21.1924608760725,L1,0.254767141319752,L2,-0.03144513...
setting magnet DAC
current  : 5.885420
requested: 5.886454
Delta Dac: 0.001034
Checking detector protection. dv=0.00103
Checking detector "CDD". Protection Threshold: 0.1 (V)
SetMagnetDAC 5.88645413793 ===>> OK
Magnet settling time: 1.049
GetData ===>> H2,-0.206393648351623,H1,87.6551230884472,AX,17.8605445244535,L1,0.237321987125225,L2,0.171068495...
setting magnet DAC
current  : 5.886454
requested: 5.887489
Delta Dac: 0.001034
Checking detector protection. dv=0.00103
Checking detector "CDD". Protection Threshold: 0.1 (V)
SetMagnetDAC 5.88748862069 ===>> OK
Magnet settling time: 1.049
GetData ===>> H2,-0.0891482674125726,H1,67.587406553353,AX,12.1334196517987,L1,0.127262464205203,L2,0.061781872...
setting magnet DAC
current  : 5.887489
requested: 5.888523
Delta Dac: 0.001034
Checking detector protection. dv=0.00103
Checking detector "CDD". Protection Threshold: 0.1 (V)
SetMagnetDAC 5.88852310345 ===>> OK
Magnet settling time: 1.049
GetData ===>> H2,-0.148068817130592,H1,41.1009667286755,AX,6.25888958553555,L1,0.0839414999341963,L2,-0.0291457...
setting magnet DAC
current  : 5.888523
requested: 5.889558
Delta Dac: 0.001034
Checking detector protection. dv=0.00103
Checking detector "CDD". Protection Threshold: 0.1 (V)
SetMagnetDAC 5.88955758621 ===>> OK
Magnet settling time: 1.049
GetData ===>> H2,-0.183938927899094,H1,18.94346822646,AX,2.42255370522471,L1,0.0438487770138626,L2,-0.067158450...
setting magnet DAC
current  : 5.889558
requested: 5.890592
Delta Dac: 0.001034
Checking detector protection. dv=0.00103
Checking detector "CDD". Protection Threshold: 0.1 (V)
SetMagnetDAC 5.89059206897 ===>> OK
Magnet settling time: 1.049
GetData ===>> H2,0.0774464489283244,H1,6.67209182854049,AX,0.648662238301524,L1,0.0198095693449064,L2,-0.066680...
setting magnet DAC
current  : 5.890592
requested: 5.891627
Delta Dac: 0.001034
Checking detector protection. dv=0.00103
Checking detector "CDD". Protection Threshold: 0.1 (V)
SetMagnetDAC 5.89162655172 ===>> OK
Magnet settling time: 1.049
GetData ===>> H2,-0.0537769920623738,H1,1.79816200729006,AX,0.0980441897967322,L1,-0.0153946752617911,L2,-0.017...
setting magnet DAC
current  : 5.891627
requested: 5.892661
Delta Dac: 0.001034
Checking detector protection. dv=0.00103
Checking detector "CDD". Protection Threshold: 0.1 (V)
SetMagnetDAC 5.89266103448 ===>> OK
Magnet settling time: 1.049
GetData ===>> H2,-0.215615373346469,H1,0.392290687212138,AX,-0.0390283953120109,L1,0.0177046930265378,L2,0.0935...
setting magnet DAC
current  : 5.892661
requested: 5.893696
Delta Dac: 0.001034
Checking detector protection. dv=0.00103
Checking detector "CDD". Protection Threshold: 0.1 (V)
SetMagnetDAC 5.89369551724 ===>> OK
Magnet settling time: 1.049
GetData ===>> H2,-0.123009953478476,H1,0.113132077663214,AX,-0.0298902162581807,L1,-0.0160297680129207,L2,-0.02...
setting magnet DAC
current  : 5.893696
requested: 5.894730
Delta Dac: 0.001034
Checking detector protection. dv=0.00103
Checking detector "CDD". Protection Threshold: 0.1 (V)
SetMagnetDAC 5.89473 ===>> OK
Magnet settling time: 1.049
GetData ===>> H2,-0.23073155680852,H1,0.0223660062467214,AX,0.0253514107310923,L1,-0.0332578300230919,L2,-0.077...
result of _do_sweep=True
result of _calculate_peak_center=([5.8718542484969944, 5.879489519038076, 5.8871247895791585], [74.307915266045057, 101.14445083058978, 74.645290825720267], 5.8812630661322647, 101.14445083058978)
Failed to find a valid peak. No peak greater than 1.0. max = 0.0184575426731
new center pos Detector(H1) (Ar40) @ 5.87948951904
GetHighVoltage ===>> 4500
GetDeflection H1 ===>> 0
dac uncorrected for HV and deflection 5.87948951904
update mftable H1 Ar40 5.87948951904 message=automated run peakcenter
get initial guess parabolic
get initial guess parabolic
get initial guess parabolic
get initial guess parabolic
get initial guess parabolic
get initial guess parabolic
dump mftable to /Users/jan/PychronDev/setupfiles/spectrometer/mftables/mftable.csv
add to repo msg=modified - automated run peakcenter
sweep finished
locally archiving mftable
setting magnet DAC
current  : 5.894730
requested: 5.879490
Delta Dac: 0.015240
Checking detector protection. dv=0.01524
Checking detector "CDD". Protection Threshold: 0.1 (V)
SetMagnetDAC 5.87948951904 ===>> OK
Magnet settling time: 0.500
setting integration time = 1.048576
SetIntegrationTime 1.048576 ===>> OK
Failed to find a valid peak. No peak greater than 1.0. max = 0.0184575426731
flush and close file /Users/jan/PychronDev/data/isotopes/40/6db14d-9a27-41b1-a7d8-e81066816503.h5
finished measure script
executed snippet estimated_duration=226.132928, duration=272.672832966
jan_unknown120_60.py completed successfully
Measurement Finished
15:20:01 -- ******* Measurement Finished *******
Post Measurement Started jan_pump_ms.py
15:20:01 -- ******* Post Measurement Started jan_pump_ms.py *******
testing...
no interpolation path defined
executed snippet estimated_duration=0, duration=2.90870666504e-05
Pumping spectrometer
open () {'name': 'O'}
opening name=O desc=---
checking ownership. requestor=129.138.12.150
check software interlocks O
interlocks []
actuate state mode=None-script, software_lock=False
doing actuation None-script open_channel True
Open O ===>> OK
GetIndicatorState O ===>> OK
change switch state (True, True)
update switch state O True args=() kw={} ncanvase=2
15:20:01 -- OPEN   VALVE-O (Jan Ion Pump)
---------------------------------------- open O () result=[(True, True)], time=0.08 sec
action=open, ok=True, locked=[False]
executed snippet estimated_duration=0, duration=0.337760925293
jan_pump_ms.py completed successfully
setting _ms_pumptime
Post Measurement Finished
15:20:01 -- ******* Post Measurement Finished *******
$$$$$$$$$$$$$$$$$$$$ state at run end measurement
state changed from measurement to success
post measurement save measured=True aborted=False
Set filtering
setting fod for Ar40= {'filter_outliers': True, 'std_devs': 2, 'iterations': 1}
setting fod for H1= {'filter_outliers': True, 'std_devs': 2, 'iterations': 1}
setting fod for PM41= {'filter_outliers': False, 'std_devs': 2, 'iterations': 1}
setting fod for H2= {'filter_outliers': True, 'std_devs': 2, 'iterations': 1}
setting fod for Ar36= {'filter_outliers': True, 'std_devs': 2, 'iterations': 1}
setting fod for CDD= {'filter_outliers': True, 'std_devs': 10, 'iterations': 1}
setting fod for Ar37= {'filter_outliers': True, 'std_devs': 2, 'iterations': 1}
setting fod for L2= {'filter_outliers': True, 'std_devs': 2, 'iterations': 1}
setting fod for Ar38= {'filter_outliers': True, 'std_devs': 2, 'iterations': 1}
setting fod for L1= {'filter_outliers': True, 'std_devs': 2, 'iterations': 1}
setting fod for Ar39= {'filter_outliers': True, 'std_devs': 2, 'iterations': 1}
setting fod for AX= {'filter_outliers': True, 'std_devs': 2, 'iterations': 1}
persistence save...
persistence save - db
post measurement save
7985883952 connecting to database sqlite:////Users/jan/PychronDev/.appdata/local_lab.db
connected to db sqlite:////Users/jan/PychronDev/.appdata/local_lab.db
create new session 7985883952
close session 7985883952
No database instance. Not saving post measurement to isotopedb database
$$$$$$$$$$$$$$$ auto_save_detector_ic=False
massspec enabled True
create new session 4985911824
MassSpec Database Version: 16.0
close session 4985911824
saving post measurement to secondary database
saving to massspec database 129.138.12.160/massspecdata
setting labnumber to 65555
setting aliquot to 2
setting step to B
setting uuid to 406db14d-9a27-41b1-a7d8-e81066816503
setting irradpos to 65555
setting extract_device to Fusions CO2
setting tray to 
setting position to 188
setting power_requested to 0.4
setting extract_value to 0.4
setting duration to 30.0
setting duration_at_request to 30.0
setting first_stage_delay to 30.0
setting cleanup to 30.0
setting comment to N:14 without inclusions
setting irradiation to NM-289
setting level to N
setting irradiation_level to N
setting sample to Bw-2014-7 WO
setting material to Sanidine
setting project to Bustos Wells
setting mass_spectrometer to Jan
no attribute chron_dosages
no attribute production_ratios
no attribute interference_corrections
no attribute production_name
no attribute j
Reference Isotope=Ar40
Reference Detector=H1
%%%%%%%%%%%%%%%%%%%% Comment: N:14 without inclusions %%%%%%%%%%%%%%%%%%%
adding isotope PM41 H2
add baseline dbdet= PM41. original det= H2
get baseline data PM41 H2
Get data baseline <pychron.processing.isotope.Baseline object at 0x1ce07b150> len t=60
baseline PM41. v=-0.19640260015, e=0.0066535142782
get signal data PM41 H2
Get data signal PM41 0.03+/-0.06 len t=120
adding isotope Ar40 H1
add baseline dbdet= Ar40. original det= H1
get baseline data Ar40 H1
Get data baseline <pychron.processing.isotope.Baseline object at 0x1ce07b610> len t=60
baseline Ar40. v=-0.0373910408593, e=0.00515230185247
get signal data Ar40 H1
Get data signal Ar40 107.987+/-0.017 len t=120
adding isotope Ar39 AX
add baseline dbdet= Ar39. original det= AX
get baseline data Ar39 AX
Get data baseline <pychron.processing.isotope.Baseline object at 0x1ce07bd50> len t=60
baseline Ar39. v=-0.0613432963031, e=0.00795351983686
get signal data Ar39 AX
Get data signal Ar39 25.070+/-0.016 len t=120
adding isotope Ar38 L1
add baseline dbdet= Ar38. original det= L1
get baseline data Ar38 L1
Get data baseline <pychron.processing.isotope.Baseline object at 0x1ce07b410> len t=60
baseline Ar38. v=-0.0257508335374, e=0.00289091473178
get signal data Ar38 L1
Get data signal Ar38 0.342+/-0.004 len t=120
adding isotope Ar37 L2
add baseline dbdet= Ar37. original det= L2
get baseline data Ar37 L2
Get data baseline <pychron.processing.isotope.Baseline object at 0x1c88e5810> len t=60
baseline Ar37. v=-0.029175484178, e=0.00761368849732
get signal data Ar37 L2
Get data signal Ar37 0.173+/-0.011 len t=120
adding isotope Ar36 CDD
add baseline dbdet= Ar36. original det= CDD
get baseline data Ar36 CDD
Get data baseline <pychron.processing.isotope.Baseline object at 0x1c88e5c50> len t=60
baseline Ar36. v=5.21028940625e-05, e=1.1091070122e-05
get signal data Ar36 CDD
Get data signal Ar36 0.01339+/-0.00030 len t=120
65555-02B added analysis time 0.519750118256s
analysis added to mass spec database
mass spec save time= 0.545
persistence save - dvc
================= post measurement started
create new session 4991427888
close session 4991427888
---------------- Experiment Queue saving disabled
DVC saving peakcenter
Failed to find a valid peak. No peak greater than 1.0. max = 0.0184575426731
Smart pull ahead: 0 behind: 0
Up-to-date with origin
add to repo msg=modified - ad8224ebc6dbfeb9f5997218dfa5fe690569839d.json
add to repo msg=modified - 55-02B.json
add to repo msg=modified - 55-02B.dat.json
add to repo msg=modified - 55-02B.blan.json
add to repo msg=modified - 55-02B.inte.json
add to repo msg=modified - 55-02B.icfa.json
add to repo msg=modified - 55-02B.base.json
not at valid file /Users/jan/PychronDev/data/.dvc/repositories/Load1786/655/tags/55-02B.tags.json
add to repo msg=modified - 55-02B.peak.json
add to repo msg=modified - 55-02B.extr.json
not at valid file /Users/jan/PychronDev/data/.dvc/repositories/Load1786/655/monitor/55-02B.moni.json
commit message=<COLLECTION>
add to repo msg=modified - 55-02B.inte.json
add to repo msg=modified - 55-02B.base.json
commit message=<ISOEVO> default collection fits
add to repo msg=modified - 55-02B.blan.json
commit message=<BLANKS> preceding bc-02-J-326
add to repo msg=modified - 55-02B.icfa.json
commit message=<ICFactor> default
push repository <pychron.git_archive.repo_manager.GitRepoManager object at 0x1d63c77d0>
pushing to remote=origin, url=https://github.com
no changes to meta repo
create new session 4991427888
add association Load1786
get identifier "65555"
setting analysis irradiation position=<pychron.dvc.dvc_orm.IrradiationPositionTbl object at 0x1b84fc890>
close session 4991427888
================= post measurement finished
15:20:16 -- ******* Post Run Check *******
loading queue conditionals post_run_actions
loading system conditionals post_run_actions
loading conditionals from /Users/jan/PychronDev/setupfiles/spectrometer/default_conditionals.yaml
loading queue conditionals post_run_terminations
loading system conditionals post_run_terminations
loading conditionals from /Users/jan/PychronDev/setupfiles/spectrometer/default_conditionals.yaml
Checking default post run terminations n=1
GetDeflection CDD ===>> 50
testing CDD==2000
evaluate ot="CDD.deflection==2000" t="CDD==2000", ctx="{'CDD': 50.0}"
15:20:16 -- ******* Post Run Check Passed *******
15:20:16 -- Automated run 65555-02B success duration: 363.335 s
----------------- finish -----------------
----------------- stop -----------------
retroactive repository identifiers disabled
finish run. runs completed=193
update duration runid=65555-02B, duration=363.335330009, md5=301e91d8
loading script "jan_unknown120_60.py"
loading script "jan_pump_ms.py"
loading script "jan_co2.py"
loading script "jan_pump_extraction_line.py"
testing...
no interpolation path defined
executed snippet estimated_duration=213.652928, duration=0.000302076339722
script duration name:unknown120_60 seconds:214.0
loading script "jan_unknown120_60.py"
loading script "jan_pump_ms.py"
loading script "jan_co2.py"
loading script "jan_pump_extraction_line.py"
testing...
no interpolation path defined
executed snippet estimated_duration=0, duration=4.29153442383e-05
loading script "jan_unknown120_60.py"
loading script "jan_pump_ms.py"
loading script "jan_co2.py"
loading script "jan_pump_extraction_line.py"
testing...
no interpolation path defined
calculate duration
testing...
no interpolation path defined
executed snippet estimated_duration=0, duration=8.70227813721e-05
calculate duration
testing...
no interpolation path defined
executed snippet estimated_duration=0, duration=0.000135898590088
executed snippet estimated_duration=0.0, duration=0.00296115875244
script duration name:co2 seconds:0.0
loading script "jan_unknown120_60.py"
loading script "jan_pump_ms.py"
loading script "jan_co2.py"
loading script "jan_pump_extraction_line.py"
testing...
no interpolation path defined
calculate duration
testing...
no interpolation path defined
executed snippet estimated_duration=4.0, duration=0.000153064727783
executed snippet estimated_duration=4.0, duration=0.00151801109314
Script duration 214.0
Run total estimated duration= 215.000
unknown120_60 in script context. using previous estimated duration
script duration name:unknown120_60 seconds:214.0
pump_ms in script context. using previous estimated duration
co2 in script context. using previous estimated duration
script duration name:co2 seconds:0.0
pump_extraction_line in script context. using previous estimated duration
Script duration 214.0
Run total estimated duration= 215.000
script duration name:unknown120_60 seconds:214.0
script duration name:co2 seconds:0.0
Script duration 214.0
Run total estimated duration= 215.000
script duration name:unknown120_60 seconds:214.0
script duration name:co2 seconds:0.0
Script duration 214.0
Run total estimated duration= 215.000
script duration name:unknown120_60 seconds:214.0
script duration name:co2 seconds:0.0
Script duration 214.0
Run total estimated duration= 215.000
script duration name:unknown120_60 seconds:214.0
script duration name:co2 seconds:0.0
Script duration 214.0
Run total estimated duration= 215.000
script duration name:unknown120_60 seconds:214.0
script duration name:co2 seconds:0.0
Script duration 214.0
Run total estimated duration= 215.000
script duration name:unknown120_60 seconds:214.0
script duration name:co2 seconds:0.0
Script duration 214.0
Run total estimated duration= 215.000
script duration name:unknown120_60 seconds:214.0
script duration name:co2 seconds:0.0
Script duration 214.0
Run total estimated duration= 215.000
loading script "jan_unknown400_120.py"
loading script "jan_pump_ms.py"
loading script "jan_cocktail_x1.py"
loading script "jan_pump_extraction_line.py"
testing...
no interpolation path defined
executed snippet estimated_duration=556.052928, duration=0.000232934951782
script duration name:unknown400_120 seconds:556.0
loading script "jan_unknown400_120.py"
loading script "jan_pump_ms.py"
loading script "jan_cocktail_x1.py"
loading script "jan_pump_extraction_line.py"
testing...
no interpolation path defined
calculate duration
testing...
no interpolation path defined
executed snippet estimated_duration=0, duration=4.91142272949e-05
calculate duration
testing...
no interpolation path defined
executed snippet estimated_duration=0, duration=0.000137090682983
calculate duration
testing...
no interpolation path defined
executed snippet estimated_duration=32.0, duration=9.48905944824e-05
calculate duration
testing...
no interpolation path defined
executed snippet estimated_duration=34.0, duration=9.89437103271e-05
calculate duration
testing...
no interpolation path defined
executed snippet estimated_duration=4.0, duration=6.103515625e-05
calculate duration
testing...
no interpolation path defined
executed snippet estimated_duration=38.0, duration=0.000154972076416
executed snippet estimated_duration=108.0, duration=0.0109050273895
script duration name:cocktail_x1 seconds:108.0
Script duration 664.0
Run total estimated duration= 665.000
unknown400_120 in script context. using previous estimated duration
script duration name:unknown400_120 seconds:556.0
loading script "jan_unknown400_120.py"
loading script "jan_pump_ms.py"
loading script "jan_sniffair_x2.py"
loading script "jan_pump_extraction_line.py"
testing...
no interpolation path defined
calculate duration
testing...
no interpolation path defined
executed snippet estimated_duration=0, duration=4.72068786621e-05
calculate duration
testing...
no interpolation path defined
executed snippet estimated_duration=0, duration=0.000102996826172
calculate duration
testing...
no interpolation path defined
executed snippet estimated_duration=32.0, duration=9.60826873779e-05
calculate duration
testing...
no interpolation path defined
executed snippet estimated_duration=34.0, duration=0.000100135803223
calculate duration
testing...
no interpolation path defined
executed snippet estimated_duration=4.0, duration=7.20024108887e-05
calculate duration
testing...
no interpolation path defined
executed snippet estimated_duration=36.0, duration=9.29832458496e-05
calculate duration
testing...
no interpolation path defined
executed snippet estimated_duration=34.0, duration=0.000102996826172
calculate duration
testing...
no interpolation path defined
executed snippet estimated_duration=4.0, duration=7.41481781006e-05
calculate duration
testing...
no interpolation path defined
executed snippet estimated_duration=36.0, duration=0.000143766403198
calculate duration
testing...
no interpolation path defined
executed snippet estimated_duration=70.0, duration=0.000102043151855
executed snippet estimated_duration=250.0, duration=0.0285918712616
script duration name:sniffair_x2 seconds:250.0
Script duration 806.0
Run total estimated duration= 807.000
script duration name:unknown400_120 seconds:556.0
cocktail_x1 in script context. using previous estimated duration
script duration name:cocktail_x1 seconds:108.0
Script duration 664.0
Run total estimated duration= 665.000
script duration name:unknown400_120 seconds:556.0
sniffair_x2 in script context. using previous estimated duration
script duration name:sniffair_x2 seconds:250.0
Script duration 806.0
Run total estimated duration= 807.000
loading script "jan_ic_peak_hop3.py"
loading script "jan_pump_ms.py"
loading script "jan_air_x1.py"
loading script "jan_pump_extraction_line.py"
testing...
no interpolation path defined
executed snippet estimated_duration=133.8, duration=0.00791096687317
script duration name:ic_peak_hop3 seconds:134.0
loading script "jan_ic_peak_hop3.py"
loading script "jan_pump_ms.py"
loading script "jan_air_x1.py"
loading script "jan_pump_extraction_line.py"
testing...
no interpolation path defined
calculate duration
testing...
no interpolation path defined
executed snippet estimated_duration=0, duration=4.81605529785e-05
calculate duration
testing...
no interpolation path defined
executed snippet estimated_duration=0, duration=0.000101089477539
calculate duration
testing...
no interpolation path defined
executed snippet estimated_duration=32.0, duration=9.20295715332e-05
calculate duration
testing...
no interpolation path defined
executed snippet estimated_duration=34.0, duration=9.79900360107e-05
calculate duration
testing...
no interpolation path defined
executed snippet estimated_duration=4.0, duration=7.00950622559e-05
calculate duration
testing...
no interpolation path defined
executed snippet estimated_duration=36.0, duration=9.20295715332e-05
executed snippet estimated_duration=106.0, duration=0.00682497024536
script duration name:air_x1 seconds:106.0
Script duration 240.0
Run total estimated duration= 241.000
script duration name:unknown120_60 seconds:214.0
script duration name:co2 seconds:0.0
Script duration 214.0
Run total estimated duration= 215.000
script duration name:unknown120_60 seconds:214.0
script duration name:co2 seconds:0.0
Script duration 214.0
Run total estimated duration= 215.000
script duration name:unknown120_60 seconds:214.0
script duration name:co2 seconds:0.0
Script duration 214.0
Run total estimated duration= 215.000
script duration name:unknown120_60 seconds:214.0
script duration name:co2 seconds:0.0
Script duration 214.0
Run total estimated duration= 215.000
script duration name:unknown120_60 seconds:214.0
script duration name:co2 seconds:0.0
Script duration 214.0
Run total estimated duration= 215.000
script duration name:unknown120_60 seconds:214.0
script duration name:co2 seconds:0.0
Script duration 214.0
Run total estimated duration= 215.000
script duration name:unknown400_120 seconds:556.0
script duration name:co2 seconds:0.0
Script duration 556.0
Run total estimated duration= 557.000
script duration name:unknown120_60 seconds:214.0
script duration name:co2 seconds:0.0
Script duration 214.0
Run total estimated duration= 215.000
script duration name:unknown120_60 seconds:214.0
script duration name:co2 seconds:0.0
Script duration 214.0
Run total estimated duration= 215.000
script duration name:unknown120_60 seconds:214.0
script duration name:co2 seconds:0.0
Script duration 214.0
Run total estimated duration= 215.000
script duration name:unknown120_60 seconds:214.0
script duration name:co2 seconds:0.0
Script duration 214.0
Run total estimated duration= 215.000
script duration name:unknown120_60 seconds:214.0
script duration name:co2 seconds:0.0
Script duration 214.0
Run total estimated duration= 215.000
script duration name:unknown120_60 seconds:214.0
script duration name:co2 seconds:0.0
Script duration 214.0
Run total estimated duration= 215.000
script duration name:unknown400_120 seconds:556.0
script duration name:cocktail_x1 seconds:108.0
Script duration 664.0
Run total estimated duration= 665.000
script duration name:unknown400_120 seconds:556.0
script duration name:cocktail_x1 seconds:108.0
Script duration 664.0
Run total estimated duration= 665.000
script duration name:unknown120_60 seconds:214.0
script duration name:co2 seconds:0.0
Script duration 214.0
Run total estimated duration= 215.000
script duration name:unknown120_60 seconds:214.0
script duration name:co2 seconds:0.0
Script duration 214.0
Run total estimated duration= 215.000
script duration name:unknown120_60 seconds:214.0
script duration name:co2 seconds:0.0
Script duration 214.0
Run total estimated duration= 215.000
script duration name:unknown120_60 seconds:214.0
script duration name:co2 seconds:0.0
Script duration 214.0
Run total estimated duration= 215.000
script duration name:unknown120_60 seconds:214.0
script duration name:co2 seconds:0.0
Script duration 214.0
Run total estimated duration= 215.000
script duration name:unknown120_60 seconds:214.0
script duration name:co2 seconds:0.0
Script duration 214.0
Run total estimated duration= 215.000
script duration name:unknown120_60 seconds:214.0
script duration name:co2 seconds:0.0
Script duration 214.0
Run total estimated duration= 215.000
script duration name:unknown120_60 seconds:214.0
script duration name:co2 seconds:0.0
Script duration 214.0
Run total estimated duration= 215.000
ic_peak_hop3 in script context. using previous estimated duration
script duration name:ic_peak_hop3 seconds:134.0
air_x1 in script context. using previous estimated duration
script duration name:air_x1 seconds:106.0
Script duration 240.0
Run total estimated duration= 241.000
script duration name:unknown120_60 seconds:214.0
script duration name:co2 seconds:0.0
Script duration 214.0
Run total estimated duration= 215.000
script duration name:unknown120_60 seconds:214.0
script duration name:co2 seconds:0.0
Script duration 214.0
Run total estimated duration= 215.000
script duration name:unknown120_60 seconds:214.0
script duration name:co2 seconds:0.0
Script duration 214.0
Run total estimated duration= 215.000
script duration name:unknown400_120 seconds:556.0
script duration name:sniffair_x2 seconds:250.0
Script duration 806.0
Run total estimated duration= 807.000
script duration name:unknown120_60 seconds:214.0
script duration name:co2 seconds:0.0
Script duration 214.0
Run total estimated duration= 215.000
script duration name:unknown400_120 seconds:556.0
script duration name:co2 seconds:0.0
Script duration 556.0
Run total estimated duration= 557.000
script duration name:unknown400_120 seconds:556.0
script duration name:cocktail_x1 seconds:108.0
Script duration 664.0
Run total estimated duration= 665.000
script duration name:unknown400_120 seconds:556.0
script duration name:cocktail_x1 seconds:108.0
Script duration 664.0
Run total estimated duration= 665.000
script duration name:unknown120_60 seconds:214.0
script duration name:co2 seconds:0.0
Script duration 214.0
Run total estimated duration= 215.000
script duration name:unknown400_120 seconds:556.0
script duration name:sniffair_x2 seconds:250.0
Script duration 806.0
Run total estimated duration= 807.000
script duration name:unknown120_60 seconds:214.0
script duration name:co2 seconds:0.0
Script duration 214.0
Run total estimated duration= 215.000
script duration name:unknown120_60 seconds:214.0
script duration name:co2 seconds:0.0
Script duration 214.0
Run total estimated duration= 215.000
script duration name:unknown120_60 seconds:214.0
script duration name:co2 seconds:0.0
Script duration 214.0
Run total estimated duration= 215.000
script duration name:unknown120_60 seconds:214.0
script duration name:co2 seconds:0.0
Script duration 214.0
Run total estimated duration= 215.000
script duration name:unknown120_60 seconds:214.0
script duration name:co2 seconds:0.0
Script duration 214.0
Run total estimated duration= 215.000
script duration name:unknown120_60 seconds:214.0
script duration name:co2 seconds:0.0
Script duration 214.0
Run total estimated duration= 215.000
script duration name:unknown120_60 seconds:214.0
script duration name:co2 seconds:0.0
Script duration 214.0
Run total estimated duration= 215.000
script duration name:unknown120_60 seconds:214.0
script duration name:co2 seconds:0.0
Script duration 214.0
Run total estimated duration= 215.000
script duration name:unknown120_60 seconds:214.0
script duration name:co2 seconds:0.0
Script duration 214.0
Run total estimated duration= 215.000
script duration name:unknown120_60 seconds:214.0
script duration name:co2 seconds:0.0
Script duration 214.0
Run total estimated duration= 215.000
script duration name:unknown120_60 seconds:214.0
script duration name:co2 seconds:0.0
Script duration 214.0
Run total estimated duration= 215.000
script duration name:unknown400_120 seconds:556.0
script duration name:cocktail_x1 seconds:108.0
Script duration 664.0
Run total estimated duration= 665.000
script duration name:unknown400_120 seconds:556.0
script duration name:cocktail_x1 seconds:108.0
Script duration 664.0
Run total estimated duration= 665.000
script duration name:unknown120_60 seconds:214.0
script duration name:co2 seconds:0.0
Script duration 214.0
Run total estimated duration= 215.000
script duration name:unknown120_60 seconds:214.0
script duration name:co2 seconds:0.0
Script duration 214.0
Run total estimated duration= 215.000
script duration name:unknown120_60 seconds:214.0
script duration name:co2 seconds:0.0
Script duration 214.0
Run total estimated duration= 215.000
script duration name:unknown120_60 seconds:214.0
script duration name:co2 seconds:0.0
Script duration 214.0
Run total estimated duration= 215.000
script duration name:ic_peak_hop3 seconds:134.0
script duration name:air_x1 seconds:106.0
Script duration 240.0
Run total estimated duration= 241.000
script duration name:unknown120_60 seconds:214.0
script duration name:co2 seconds:0.0
Script duration 214.0
Run total estimated duration= 215.000
nruns=67 before=5.0, run_dur=21135.0, btw=1980.0
write rem/ex queues
/Users/jan/PychronDev/experiments/rem/Load1786.rem.txt
/Users/jan/PychronDev/experiments/rem/Load1786.ex.txt
doing event level: 3
