do run
loading script "jan_unknown120_60.py"
loading script "jan_pump_ms.py"
loading script "jan_co2.py"
loading script "jan_pump_extraction_line.py"
testing...
no interpolation path defined
executed snippet estimated_duration=213.652928, duration=0.000194072723389
script duration name:unknown120_60 seconds:214.0
loading script "jan_unknown120_60.py"
loading script "jan_pump_ms.py"
loading script "jan_co2.py"
loading script "jan_pump_extraction_line.py"
testing...
no interpolation path defined
executed snippet estimated_duration=0, duration=1.69277191162e-05
loading script "jan_unknown120_60.py"
loading script "jan_pump_ms.py"
loading script "jan_co2.py"
loading script "jan_pump_extraction_line.py"
testing...
no interpolation path defined
calculate duration
testing...
no interpolation path defined
executed snippet estimated_duration=0, duration=4.29153442383e-05
calculate duration
testing...
no interpolation path defined
executed snippet estimated_duration=0, duration=7.20024108887e-05
executed snippet estimated_duration=0.0, duration=0.00189805030823
script duration name:co2 seconds:0.0
loading script "jan_unknown120_60.py"
loading script "jan_pump_ms.py"
loading script "jan_co2.py"
loading script "jan_pump_extraction_line.py"
testing...
no interpolation path defined
calculate duration
testing...
no interpolation path defined
executed snippet estimated_duration=4.0, duration=0.00011682510376
executed snippet estimated_duration=4.0, duration=0.001051902771
Script duration 214.0
Run total estimated duration= 215.000
run duration: 0:03:35
doing event level: 2
15:35:09 -- Setting default integration. t=1.048576
setting integration time = 1.048576
SetIntegrationTime 1.048576 ===>> OK
----------------- start -----------------
**************** Experiment Type: Ar/Ar, Ar/Ar
$$$$$ Clearing conditionals
adding conditionals 
Add queue conditionals
add default conditionals
adding default conditionals from /Users/jan/PychronDev/setupfiles/spectrometer/default_conditionals.yaml
Start automated run 65555-03B
loading script "jan_unknown120_60.py"
loading script "jan_pump_ms.py"
loading script "jan_co2.py"
loading script "jan_pump_extraction_line.py"
%%%%%%%%%%%%%%%%%% setting automated run 65555-03B
No value "sensitivity_multiplier" in metadata
$$$$$$$$$$$$$$$ auto_save_detector_ic=False
============================= Pre Extraction Check =============================
loading queue conditionals pre_run_terminations
loading system conditionals pre_run_terminations
loading conditionals from /Users/jan/PychronDev/setupfiles/spectrometer/default_conditionals.yaml
15:35:09 -- ******* Pre Extraction Check *******
Get a measurement from the spectrometer
GetData ===>> H2,-0.0957318637737827,H1,0.0402406124872414,AX,-0.0947666199696705,L1,-0.0258836816327182,L2,0.0...
Pre Extraction Termination data. keys=H2,H1,AX,L1,L2,CDD, signals=-0.09573,0.04024,-0.09477,-0.02588,0.07110,0.00417
15:35:09 -- testing system defined conditionals
Checking default pre extraction terminations n=2
testing CDD
evaluate ot="CDD.inactive" t="CDD", ctx="{'CDD': False}"
GetDeflection CDD ===>> 50
testing CDD==2000
evaluate ot="CDD.deflection==2000" t="CDD==2000", ctx="{'CDD': 50.0}"
15:35:09 -- ******* Pre Extraction Check Passed *******
=================================================================================
15:35:09 -- stopping status monitor
stop 4984189200
Alive clients [4991693744]
15:35:09 -- starting status monitor
start 4984189200
Monitor already running
start extraction
do extraction
Analysis started at 15:35:09.430490
Extraction Started jan_co2.py
15:35:09 -- ******* Extraction Started jan_co2.py *******
state changed from not run to extraction
DO EXTRACTION <pychron.extraction_line.pyscript_runner.RemotePyScriptRunner object at 0x12c301530>
testing...
no interpolation path defined
calculate duration
testing...
no interpolation path defined
executed snippet estimated_duration=0, duration=4.10079956055e-05
calculate duration
testing...
no interpolation path defined
executed snippet estimated_duration=0, duration=9.67979431152e-05
executed snippet estimated_duration=100.0, duration=0.00231885910034
Jan CO2 laser analysis
doing GOSUB
testing...
no interpolation path defined
executed snippet estimated_duration=0, duration=5.19752502441e-05
Waiting for CO2 access
wait ('FelixCO2Flag', 0) {}
waiting for FelixCO2Flag = 0
Read FelixCO2Flag ===>> 0
finished waiting
CO2 free
wait ('CO2PumpTimeFlag', 0) {}
waiting for CO2PumpTimeFlag = 0
Read CO2PumpTimeFlag ===>> 0
finished waiting
acquire ('JanCO2Flag',) {'clear': True}
acquire JanCO2Flag
Set JanCO2Flag 1 ===>> OK
JanCO2Flag acquired
set extraction state False (0.75, 'red', 1.5)
CO2 acquired
executed snippet estimated_duration=0, duration=0.0154240131378
WaitForCO2Access.py completed successfully
gosub finished
doing GOSUB
testing...
no interpolation path defined
executed snippet estimated_duration=0, duration=0.0001380443573
Prepare for CO2 analysis
close () {'description': 'Jan Inlet'}
closing name=--- desc=Jan Inlet
checking ownership. requestor=129.138.12.150
check software interlocks R
interlocks []
actuate state mode=None-script, software_lock=False
doing actuation None-script close_channel False
Close R ===>> OK
GetIndicatorState R ===>> False
change switch state (True, True)
update switch state R False args=() kw={} ncanvase=2
15:35:09 -- CLOSE  VALVE-R (Jan Inlet)
---------------------------------------- close None (Jan Inlet) result=[(True, True)]
action=close, ok=True, locked=[False]
open () {'description': 'Jan Ion Pump'}
opening name=--- desc=Jan Ion Pump
checking ownership. requestor=129.138.12.150
check software interlocks O
interlocks []
actuate state mode=None-script, software_lock=False
doing actuation None-script open_channel False
Open O ===>> OK
GetIndicatorState O ===>> OK
change switch state (True, True)
update switch state O True args=() kw={} ncanvase=2
15:35:10 -- OPEN   VALVE-O (Jan Ion Pump)
---------------------------------------- open None (Jan Ion Pump) result=[(True, True)], time=0.13 sec
action=open, ok=True, locked=[False]
close () {'description': 'Microbone to Minibone'}
closing name=--- desc=Microbone to Minibone
checking ownership. requestor=129.138.12.150
check software interlocks L
interlocks []
actuate state mode=None-script, software_lock=False
doing actuation None-script close_channel False
Close L ===>> OK
GetIndicatorState L ===>> False
change switch state (True, True)
update switch state L False args=() kw={} ncanvase=2
15:35:10 -- CLOSE  VALVE-L (Microbone to Minibone)
---------------------------------------- close None (Microbone to Minibone) result=[(True, True)]
action=close, ok=True, locked=[False]
open () {'description': 'Microbone to Turbo'}
opening name=--- desc=Microbone to Turbo
checking ownership. requestor=129.138.12.150
check software interlocks U
interlocks []
actuate state mode=None-script, software_lock=False
doing actuation None-script open_channel False
Open U ===>> OK
GetIndicatorState U ===>> OK
change switch state (True, True)
update switch state U True args=() kw={} ncanvase=2
15:35:11 -- OPEN   VALVE-U (Microbone to Turbo)
---------------------------------------- open None (Microbone to Turbo) result=[(True, True)], time=0.14 sec
action=open, ok=True, locked=[False]
open () {'description': 'Microbone to Inlet Pipette'}
opening name=--- desc=Microbone to Inlet Pipette
checking ownership. requestor=129.138.12.150
check software interlocks S
interlocks []
actuate state mode=None-script, software_lock=False
doing actuation None-script open_channel False
Open S ===>> OK
GetIndicatorState S ===>> OK
change switch state (True, True)
update switch state S True args=() kw={} ncanvase=2
15:35:11 -- OPEN   VALVE-S (Microbone to Inlet Pipette)
---------------------------------------- open None (Microbone to Inlet Pipette) result=[(True, True)], time=0.40 sec
action=open, ok=True, locked=[False]
open () {'description': 'Microbone to Getter D-50'}
opening name=--- desc=Microbone to Getter D-50
checking ownership. requestor=129.138.12.150
check software interlocks K
interlocks []
actuate state mode=None-script, software_lock=False
doing actuation None-script open_channel False
Open K ===>> OK
GetIndicatorState K ===>> OK
change switch state (True, True)
update switch state K True args=() kw={} ncanvase=2
15:35:12 -- OPEN   VALVE-K (Microbone to Getter D-50)
---------------------------------------- open None (Microbone to Getter D-50) result=[(True, True)], time=0.40 sec
action=open, ok=True, locked=[False]
open () {'description': 'Microbone to Getter NP-10'}
opening name=--- desc=Microbone to Getter NP-10
checking ownership. requestor=129.138.12.150
check software interlocks M
interlocks []
actuate state mode=None-script, software_lock=False
doing actuation None-script open_channel False
Open M ===>> OK
GetIndicatorState M ===>> OK
change switch state (True, True)
update switch state M True args=() kw={} ncanvase=2
15:35:12 -- OPEN   VALVE-M (Microbone to Getter NP-10)
---------------------------------------- open None (Microbone to Getter NP-10) result=[(True, True)], time=0.13 sec
action=open, ok=True, locked=[False]
close () {'description': 'CO2 Laser to Felix'}
closing name=--- desc=CO2 Laser to Felix
checking ownership. requestor=129.138.12.150
check software interlocks F
interlocks []
actuate state mode=None-script, software_lock=True
VALVE-F(CO2 Laser to Felix) software locked
change switch state (True, False)
---------------------------------------- close None (CO2 Laser to Felix) result=[(True, False)]
action=close, ok=True, locked=[True]
open () {'description': 'CO2 Laser to Jan'}
opening name=--- desc=CO2 Laser to Jan
checking ownership. requestor=129.138.12.150
check software interlocks A
interlocks []
actuate state mode=None-script, software_lock=False
doing actuation None-script open_channel False
Open A ===>> OK
GetIndicatorState A ===>> OK
change switch state (True, True)
update switch state A True args=() kw={} ncanvase=2
15:35:13 -- OPEN   VALVE-A (CO2 Laser to Jan)
---------------------------------------- open None (CO2 Laser to Jan) result=[(True, True)], time=0.13 sec
action=open, ok=True, locked=[False]
open () {'description': 'Microbone to CO2 Laser'}
opening name=--- desc=Microbone to CO2 Laser
checking ownership. requestor=129.138.12.150
check software interlocks T
interlocks []
actuate state mode=None-script, software_lock=False
doing actuation None-script open_channel False
Open T ===>> OK
GetIndicatorState T ===>> OK
change switch state (True, True)
update switch state T True args=() kw={} ncanvase=2
15:35:14 -- OPEN   VALVE-T (Microbone to CO2 Laser)
---------------------------------------- open None (Microbone to CO2 Laser) result=[(True, True)], time=0.40 sec
action=open, ok=True, locked=[False]
executed snippet estimated_duration=0, duration=4.83874511719
PrepareForCO2Analysis.py completed successfully
gosub finished
set_motor ('beam', '1.25') {}
setting motor "beam" to 1.25
set motor beam to 1.25
SetMotor beam,1.25 ===>> OK
GetMotorMoving beam ===>> False
GetMotorMoving beam ===>> False
Block completed
move_to_position ('189',) {'autocenter': True}
FusionsCO2 move to position 189
sending GoToHole 189,True
GoToHole 189,True ===>> OK
GetDriveMoving ===>> False
GetDriveMoving ===>> False
Block completed
GetAutoCorrecting ===>> False
GetAutoCorrecting ===>> False
Block completed
update position
GetPosition ===>> -1.99390,-9.96950,1.00000
got position (-1.9939, -9.9695, 1.0)
move to position succeeded
sleep (5,) {}
SLEEP 5.0
block started
WaitControl setup for 5.0  
Join finished
block finished. duration 5.03993010521
close () {'description': 'Microbone to Turbo'}
closing name=--- desc=Microbone to Turbo
checking ownership. requestor=129.138.12.150
check software interlocks U
interlocks []
actuate state mode=None-script, software_lock=False
doing actuation None-script close_channel True
Close U ===>> OK
State checksums do not match. Local:-1965264452 Remote:1551197106
State checksum failed
GetIndicatorState U ===>> False
change switch state (True, True)
update switch state U False args=() kw={} ncanvase=2
15:35:22 -- CLOSE  VALVE-U (Microbone to Turbo)
---------------------------------------- close None (Microbone to Turbo) result=[(True, True)]
action=close, ok=True, locked=[False]
enable laser
enable () {}
set extraction state FusionsCO2 Enabled (False, 'red', 1.5)
enabling laser
Enable ===>> OK
begin interval
BEGIN INTERVAL Interval 1 waiting for 30.0
block started
set extract to 0.4
WaitControl setup for 30.0  
extract (0.4,) {}
GetPosition ===>> -1.99390,-9.96950,1.00000
set extraction state FusionsCO2 ON! 0.4(watts) (0.75, 'red', 1.5)
extract sample to 0.4 (watts)
set laser output
SetLaserOutput 0.4,watts ===>> OK
executing pattern triangle.lp
execute_pattern ('triangle.lp',) {}
executing pattern triangle.lp
IsPatterning ===>> OK
IsPatterning ===>> OK
IsPatterning ===>> OK
IsPatterning ===>> OK
IsPatterning ===>> OK
IsPatterning ===>> OK
IsPatterning ===>> OK
IsPatterning ===>> OK
IsPatterning ===>> OK
IsPatterning ===>> OK
IsPatterning ===>> OK
IsPatterning ===>> OK
IsPatterning ===>> OK
IsPatterning ===>> OK
IsPatterning ===>> OK
IsPatterning ===>> OK
IsPatterning ===>> OK
IsPatterning ===>> OK
IsPatterning ===>> OK
IsPatterning ===>> OK
IsPatterning ===>> OK
IsPatterning ===>> OK
IsPatterning ===>> OK
IsPatterning ===>> OK
IsPatterning ===>> OK
IsPatterning ===>> OK
IsPatterning ===>> False
IsPatterning ===>> False
Block completed
COMPLETE INTERVAL waiting for Interval 1 to complete
Join finished
block finished. duration 30.0612180233
Interval 1 finished
end_extract () {}
ending extraction. set laser power to 0
set laser power 0
SetLaserPower 0 ===>> OK
disable () {}
%%%%%%%%%%%%%%%%%%%%%%%%%%%%%%%%%%% disable
set extraction state False (0.75, 'red', 1.5)
disabling laser
Disable ===>> OK
sleep (30.0,) {}
SLEEP 30.0
block started
WaitControl setup for 30.0  
Join finished
block finished. duration 30.02658391
executed snippet estimated_duration=166.5, duration=74.2185049057
jan_co2.py completed successfully
GetAchievedOutput ===>> No Response
Requested Output= 0.000
Achieved Output=  0.000
GetResponseBlob ===>> No Response
GetOutputBlob ===>> No Response
persistence save...
persistence save - db
AutomatedRunPersister post_extraction_save deprecated
persistence save - dvc
no extraction position for 189
create new session 4991427888
close session 4991427888
Extraction Finished
15:36:23 -- ******* Extraction Finished *******
no overlap. not waiting for min ms pumptime
15:36:23 -- Sending spectrometer configuration
======== Sending configuration ========
SetDeflection CDD,50.0 ===>> OK
SetDeflection H2,0.0 ===>> OK
SetDeflection H1,0.0 ===>> OK
SetDeflection L2,825.0 ===>> OK
SetDeflection L1,400.0 ===>> OK
SetDeflection AX,190.0 ===>> OK
SetZFocus 74.64 ===>> OK
SetZSymmetry -50.72 ===>> OK
SetExtractionLens 26.13 ===>> OK
SetIonRepeller -3.81 ===>> OK
SetElectronEnergy 75.08 ===>> OK
SetYSymmetry -2.81 ===>> OK
SetIonCounterVoltage 1590.0 ===>> OK
send trap current 200.0
GetParameter Trap Current Readback ===>> 198.482695477019
SetParameter Trap Current Set,200.0 ===>> OK
updating mftable name mftable
Using mftable located at /Users/jan/PychronDev/setupfiles/spectrometer/mftables/mftable.csv
============ MFtable ===========
Isotope  H2     H1     AX     L1     L2     CDD    
Ar40     5.7971 5.8797 5.9929 6.1371 6.2313 6.3653
Ar39     5.6964 5.7719 5.8853 6.0231 6.1164 6.2518
Ar36     5.3739 5.4409 5.5487 5.6820 5.7714 5.9029
================================
get initial guess parabolic
get initial guess parabolic
get initial guess parabolic
get initial guess parabolic
get initial guess parabolic
get initial guess parabolic
======== Configuration Finished ========
GetYSymmetry ===>> -2.81
GetZSymmetry ===>> -50.72
GetParameter Trap Current Readback ===>> 198.147042666178
GetHighVoltage ===>> 4500
start measurement
do measurement
L#=65555 analysis type=unknown
Measurement Started jan_unknown120_60.py
15:36:23 -- ******* Measurement Started jan_unknown120_60.py *******
state changed from extraction to measurement
setting spec, defl, and gains
GetExtractionLens ===>> 26.13
GetYSymmetry ===>> -2.81
GetZSymmetry ===>> -50.72
GetZFocus ===>> 74.64
GetDeflection H2 ===>> 0
GetDeflection H1 ===>> 0
GetDeflection AX ===>> 190
GetDeflection L1 ===>> 400
GetDeflection L2 ===>> 825
GetDeflection CDD ===>> 50
GetGain H2 ===>> 0.0113
GetGain H1 ===>> 0.1
GetGain AX ===>> 0.097049
GetGain L1 ===>> 0.010355
GetGain L2 ===>> 0.095649
GetGain CDD ===>> 0
pre measurement save
New frame /Users/jan/PychronDev/data/isotopes/ce/d61f43-36bf-4a17-9ce2-cb995693789a.h5
flush and close file /Users/jan/PychronDev/data/isotopes/ce/d61f43-36bf-4a17-9ce2-cb995693789a.h5
testing...
no interpolation path defined
executed snippet estimated_duration=226.132928, duration=0.000186920166016
unknown measurement script
activate_detectors ('H2', 'H1', 'AX', 'L1', 'L2', 'CDD') {}
activate detectors
*************** Set Analysis View Ar/Ar
create graphs
clearing graphs
clear isotope group
setting isotope det=H2, iso=PM41
setting isotope det=H1, iso=Ar40
setting isotope det=AX, iso=Ar39
setting isotope det=L1, iso=Ar38
setting isotope det=L2, iso=Ar37
setting isotope det=CDD, iso=Ar36
setting previous blanks
 - setting Ar40 blank 0.179+/-0.007
 - setting Ar36 blank 0.00450+/-0.00019
 - setting Ar37 blank 0.051+/-0.005
 - setting Ar38 blank 0.0076+/-0.0023
 - setting PM41 blank 0.04+/-0.07
 - setting Ar39 blank 0.011+/-0.009
load analysis view
position_magnet ('Ar40',) {'detector': 'H1'}
detector Detector(H1)
POSITION Ar40 H1
setting detector H2 to PM41 (40.9624)
setting detector H1 to Ar40 (39.9624)
setting detector AX to Ar39 (38.9624)
setting detector L1 to Ar38 (37.9624)
setting detector L2 to Ar37 (36.9624)
setting detector CDD to Ar36 (35.9624)
Mapping mass to dac mass func: "parabolic"
H1 map mass coeffs = [-0.00063987  0.15840543  0.57127999]
H1 map mass to dac 39.9624 >> 5.87967
GetDeflection H1 ===>> 0
GetHighVoltage ===>> 4500
positioning Ar40 (5.87967) on H1
setting magnet DAC
current  : 5.879670
requested: 5.879670
Delta Dac: 0.000000
Checking detector protection. dv=0.00000
Checking detector "CDD". Protection Threshold: 0.1 (V)
SetMagnetDAC 5.87967 ===>> OK
Magnet settling time: 0.500
update labels <pychron.experiment.plot_panel.PlotPanel object at 0x1dbfd6dd0>
update labels "<pychron.graph.stacked_regression_graph.StackedRegressionGraph object at 0x1beaa98f0>"
setting label 0 H2 PM41
setting label 1 H1 Ar40
setting label 2 AX Ar39
setting label 3 L1 Ar38
setting label 4 L2 Ar37
setting label 5 CDD Ar36
update labels "<pychron.graph.stacked_graph.StackedGraph object at 0x1d7277d10>"
setting label 0 H2 PM41
setting label 1 H1 Ar40
setting label 2 AX Ar39
setting label 3 L1 Ar38
setting label 4 L2 Ar37
setting label 5 CDD Ar36
equilibrate () {'delay': 3, 'inlet': 'R', 'outlet': 'O', 'eqtime': 12.0}
Equilibration Started
15:36:25 -- ******* Equilibration Started *******
checking ownership. requestor=129.138.12.150
check software interlocks O
interlocks []
actuate state mode=None-script, software_lock=False
doing actuation None-script close_channel True
Close O ===>> OK
GetIndicatorState O ===>> False
change switch state (True, True)
update switch state O False args=() kw={} ncanvase=2
15:36:25 -- CLOSE  VALVE-O (Jan Ion Pump)
waiting 3s before opening inlet value ('R',)
checking ownership. requestor=129.138.12.150
check software interlocks R
interlocks []
actuate state mode=None-script, software_lock=False
doing actuation None-script open_channel True
Open R ===>> OK
GetIndicatorState R ===>> OK
change switch state (True, True)
update switch state R True args=() kw={} ncanvase=2
15:36:28 -- OPEN   VALVE-R (Jan Inlet)
equilibrating for 12.0sec
set_time_zero () {}
sniff (12.0,) {}
py_sniff
build tables- sniff [Detector(H2), Detector(H1), Detector(AX), Detector(L1), Detector(L2), Detector(CDD)]
add group /sniff/PM41 (Group) '' table H2
add group /sniff/Ar40 (Group) '' table H1
add group /sniff/Ar39 (Group) '' table AX
add group /sniff/Ar38 (Group) '' table L1
add group /sniff/Ar37 (Group) '' table L2
add group /sniff/Ar36 (Group) '' table CDD
flush and close file /Users/jan/PychronDev/data/isotopes/ce/d61f43-36bf-4a17-9ce2-cb995693789a.h5
measuring sniff. ncounts=12.0
"sniff" increment series count="1" fit count="0" regressing="False"
starting measurement
GetData ===>> H2,-0.139573981030296,H1,-0.0244174175633603,AX,0.0215222314211275,L1,-0.0367369892543063,L2,0.04...
GetData ===>> H2,0.390848291498059,H1,56.0839565218272,AX,15.1197549692334,L1,0.0651706746582308,L2,0.356388721...
GetData ===>> H2,1.05073742053658,H1,228.118202665451,AX,57.2378177349975,L1,0.500045770904064,L2,0.57443177173...
GetData ===>> H2,0.490255656223208,H1,296.733317426764,AX,72.0333380817072,L1,0.762160102643004,L2,0.6200165103...
GetData ===>> H2,0.0909755332404594,H1,319.44976321074,AX,76.5217098422981,L1,0.868521874396108,L2,0.5332228745...
GetData ===>> H2,-0.160879521657966,H1,327.882670970251,AX,77.9047115240975,L1,0.938105342040143,L2,0.493162625...
GetData ===>> H2,-0.136570140118986,H1,331.539069745098,AX,78.3543988625165,L1,0.968087336683342,L2,0.412857814...
GetData ===>> H2,-0.117692522811152,H1,333.075892373777,AX,78.6342450074936,L1,0.983537129551002,L2,0.441230554...
GetData ===>> H2,-0.0897888134679861,H1,333.847144561377,AX,78.9306158024942,L1,0.974949789603706,L2,0.52504035...
GetData ===>> H2,-0.00134335982261107,H1,334.23599699189,AX,78.8733750075519,L1,0.977887771043554,L2,0.43800777...
GetData ===>> H2,-0.111322125579446,H1,334.369537307943,AX,78.8270332082387,L1,0.991144000381504,L2,0.527657315...
Equilibration Finished
15:36:40 -- ******* Equilibration Finished *******
checking ownership. requestor=129.138.12.150
check software interlocks R
interlocks []
actuate state mode=None-script, software_lock=False
doing actuation None-script close_channel True
GetData ===>> H2,-0.155164413905423,H1,334.081132553967,AX,78.9991045117236,L1,0.986565624400221,L2,0.512984986...
Close R ===>> OK
set states for children of R. state=False
handle state [('R', False)]
update switch state R False args=() kw={'refresh': False} ncanvase=2
refresh_canvas_needed fired
GetIndicatorState R ===>> False
change switch state (True, True)
update switch state R False args=() kw={} ncanvase=2
15:36:41 -- CLOSE  VALVE-R (Jan Inlet)
Post Equilibration Started jan_pump_extraction_line.py
15:36:41 -- ******* Post Equilibration Started jan_pump_extraction_line.py *******
testing...
no interpolation path defined
calculate duration
testing...
no interpolation path defined
executed snippet estimated_duration=4.0, duration=0.000119924545288
executed snippet estimated_duration=4.0, duration=0.00108695030212
Pump after analysis
doing GOSUB
testing...
no interpolation path defined
executed snippet estimated_duration=4.0, duration=0.000112056732178
Pump Microbone
close () {'description': 'Jan Inlet'}
closing name=--- desc=Jan Inlet
checking ownership. requestor=129.138.12.150
check software interlocks R
interlocks []
actuate state mode=None-script, software_lock=False
doing actuation None-script close_channel False
Close R ===>> OK
GetIndicatorState R ===>> False
change switch state (True, True)
update switch state R False args=() kw={} ncanvase=2
15:36:41 -- CLOSE  VALVE-R (Jan Inlet)
---------------------------------------- close None (Jan Inlet) result=[(True, True)]
measurement finished
estimated time: 12.583 actual time: :12.675
flush and close file /Users/jan/PychronDev/data/isotopes/ce/d61f43-36bf-4a17-9ce2-cb995693789a.h5
set_fits () {}
using default fits file=/Users/jan/PychronDev/scripts/measurement/fits/nominal_linear.yaml
set "Ar40" to "('Linear', 'SEM')"
No fit for "PM41". defaulting to linear. check the measurement script "jan_unknown120_60.py"
set "PM41" to "linear"
set "Ar36" to "('Linear', 'SEM')"
set "Ar37" to "('linear', 'SEM')"
set "Ar38" to "('linear', 'SEM')"
set "Ar39" to "('Linear', 'SEM')"
set_baseline_fits () {}
using default fits file=/Users/jan/PychronDev/scripts/measurement/fits/nominal_linear.yaml
set "H1" to "('average', 'SEM')"
set "H2" to "('average', 'SEM')"
set "CDD" to "('average', 'SEM')"
set "L2" to "('average', 'SEM')"
set "L1" to "('average', 'SEM')"
set "AX" to "('average', 'SEM')"
multicollect () {'integration_time': 1, 'ncounts': 120}
build tables- signal [Detector(H2), Detector(H1), Detector(AX), Detector(L1), Detector(L2), Detector(CDD)]
add group /signal/PM41 (Group) '' table H2
add group /signal/Ar40 (Group) '' table H1
add group /signal/Ar39 (Group) '' table AX
add group /signal/Ar38 (Group) '' table L1
add group /signal/Ar37 (Group) '' table L2
add group /signal/Ar36 (Group) '' table CDD
flush and close file /Users/jan/PychronDev/data/isotopes/ce/d61f43-36bf-4a17-9ce2-cb995693789a.h5
measuring signal. ncounts=120
"signal" increment series count="2" fit count="1" regressing="True"
action=close, ok=True, locked=[False]
is_closed ('F',) {}
is F () closed?
is closed True
open () {'description': 'CO2 Laser to Jan'}
opening name=--- desc=CO2 Laser to Jan
checking ownership. requestor=129.138.12.150
check software interlocks A
interlocks []
actuate state mode=None-script, software_lock=False
doing actuation None-script open_channel False
Open A ===>> OK
GetIndicatorState A ===>> OK
change switch state (True, True)
update switch state A True args=() kw={} ncanvase=2
15:36:42 -- OPEN   VALVE-A (CO2 Laser to Jan)
---------------------------------------- open None (CO2 Laser to Jan) result=[(True, True)], time=0.11 sec
action=open, ok=True, locked=[False]
sleep (1,) {}
SLEEP 1.0
starting measurement
GetData ===>> H2,-0.0894514010207269,H1,334.567772231649,AX,78.9129000735489,L1,1.01763481839252,L2,0.543429143...
close () {'description': 'CO2 Laser to Roughing'}
closing name=--- desc=CO2 Laser to Roughing
checking ownership. requestor=129.138.12.150
check software interlocks G
interlocks []
actuate state mode=None-script, software_lock=True
VALVE-G(CO2 Laser to Roughing) software locked
change switch state (True, False)
---------------------------------------- close None (CO2 Laser to Roughing) result=[(True, False)]
action=close, ok=True, locked=[True]
open () {'description': 'Microbone to Turbo'}
opening name=--- desc=Microbone to Turbo
checking ownership. requestor=129.138.12.150
check software interlocks U
interlocks []
actuate state mode=None-script, software_lock=False
doing actuation None-script open_channel True
GetData ===>> H2,0.00345622621993658,H1,334.532046670103,AX,79.2397549740545,L1,1.05954222781263,L2,0.509134443...
Open U ===>> OK
GetIndicatorState U ===>> OK
change switch state (True, True)
update switch state U True args=() kw={} ncanvase=2
15:36:43 -- OPEN   VALVE-U (Microbone to Turbo)
---------------------------------------- open None (Microbone to Turbo) result=[(True, True)], time=0.17 sec
action=open, ok=True, locked=[False]
open () {'description': 'Microbone to Getter NP-10'}
opening name=--- desc=Microbone to Getter NP-10
checking ownership. requestor=129.138.12.150
check software interlocks M
interlocks []
actuate state mode=None-script, software_lock=False
doing actuation None-script open_channel False
Open M ===>> OK
GetIndicatorState M ===>> OK
change switch state (True, True)
update switch state M True args=() kw={} ncanvase=2
15:36:44 -- OPEN   VALVE-M (Microbone to Getter NP-10)
---------------------------------------- open None (Microbone to Getter NP-10) result=[(True, True)], time=0.13 sec
action=open, ok=True, locked=[False]
open () {'description': 'Microbone to Getter D-50'}
opening name=--- desc=Microbone to Getter D-50
checking ownership. requestor=129.138.12.150
check software interlocks K
interlocks []
actuate state mode=None-script, software_lock=False
doing actuation None-script open_channel False
GetData ===>> H2,-0.0293601275463153,H1,334.004602412956,AX,78.9980934793049,L1,1.01698202578566,L2,0.451874436...
Open K ===>> OK
GetIndicatorState K ===>> OK
change switch state (True, True)
update switch state K True args=() kw={} ncanvase=2
15:36:44 -- OPEN   VALVE-K (Microbone to Getter D-50)
---------------------------------------- open None (Microbone to Getter D-50) result=[(True, True)], time=0.42 sec
action=open, ok=True, locked=[False]
open () {'description': 'Microbone to CO2 Laser'}
opening name=--- desc=Microbone to CO2 Laser
checking ownership. requestor=129.138.12.150
check software interlocks T
interlocks []
actuate state mode=None-script, software_lock=False
doing actuation None-script open_channel False
Open T ===>> OK
GetIndicatorState T ===>> OK
change switch state (True, True)
update switch state T True args=() kw={} ncanvase=2
15:36:45 -- OPEN   VALVE-T (Microbone to CO2 Laser)
---------------------------------------- open None (Microbone to CO2 Laser) result=[(True, True)], time=0.40 sec
action=open, ok=True, locked=[False]
open () {'description': 'Microbone to Inlet Pipette'}
opening name=--- desc=Microbone to Inlet Pipette
checking ownership. requestor=129.138.12.150
check software interlocks S
interlocks []
actuate state mode=None-script, software_lock=False
doing actuation None-script open_channel False
GetData ===>> H2,-0.0973014373628308,H1,333.786736031703,AX,78.7446738757512,L1,1.04481818795067,L2,0.419244662...
Open S ===>> OK
GetIndicatorState S ===>> OK
change switch state (True, True)
update switch state S True args=() kw={} ncanvase=2
15:36:46 -- OPEN   VALVE-S (Microbone to Inlet Pipette)
---------------------------------------- open None (Microbone to Inlet Pipette) result=[(True, True)], time=0.40 sec
action=open, ok=True, locked=[False]
sleep (1,) {}
SLEEP 1.0
GetData ===>> H2,-0.099810408886502,H1,333.942397290577,AX,79.0287212914996,L1,1.01666698585021,L2,0.3781546209...
set_resource () {'name': 'CO2PumpTimeFlag', 'value': 30}
Set CO2PumpTimeFlag 30 ===>> OK
release ('JanCO2Flag',) {}
release JanCO2Flag
Set JanCO2Flag 0 ===>> OK
executed snippet estimated_duration=6.0, duration=5.83651590347
PumpMicrobone.py completed successfully
gosub finished
get_resource_value () {'name': 'JanMiniboneFlag'}
Read JanMiniboneFlag ===>> 0
Get Resource Value JanMiniboneFlag=0.0
get resource value 0.0
get_resource_value () {'name': 'JanMiniboneFlag'}
Read JanMiniboneFlag ===>> 0
Get Resource Value JanMiniboneFlag=0.0
executed snippet estimated_duration=4.0, duration=5.85076093674
jan_pump_extraction_line.py completed successfully
Post Equilibration Finished
15:36:47 -- ******* Post Equilibration Finished *******
GetData ===>> H2,-0.129699532515988,H1,333.68660510684,AX,78.8897279724785,L1,1.0477938919827,L2,0.455893971539...
GetData ===>> H2,-0.167482547906218,H1,333.351673814576,AX,78.7832649808252,L1,1.04443444989492,L2,0.3937569379...
GetData ===>> H2,-0.13748273216214,H1,333.302205785177,AX,78.8545136466731,L1,1.01322232134573,L2,0.56980131799...
GetData ===>> H2,-0.10416222139485,H1,333.169215459674,AX,78.7565970222787,L1,1.01875524554608,L2,0.41737083795...
GetData ===>> H2,-0.0818609030489919,H1,332.951198764895,AX,78.7087230890936,L1,0.984881341789014,L2,0.44834606...
GetData ===>> H2,-0.174398099094914,H1,332.903307362429,AX,78.6363784385686,L1,0.964472806007701,L2,0.515041720...
GetData ===>> H2,-0.22424265411485,H1,332.646924571301,AX,78.6264281400528,L1,1.03750431230962,L2,0.54910992245...
GetData ===>> H2,-0.257698987681423,H1,332.652990074803,AX,78.5623304117472,L1,1.03866364617168,L2,0.4340880146...
GetData ===>> H2,-0.142970255974366,H1,332.825119583506,AX,78.5560638961226,L1,0.994200502554152,L2,0.484001166...
GetData ===>> H2,-0.133234160633028,H1,332.819084097527,AX,78.6012869151802,L1,0.976914222588314,L2,0.484206775...
GetData ===>> H2,-0.118835757368204,H1,332.370484430822,AX,78.4376597363707,L1,0.97714816789959,L2,0.5430176714...
GetData ===>> H2,-0.002295638465424,H1,332.102010108803,AX,78.6370135886048,L1,0.964300536742872,L2,0.461763708...
GetData ===>> H2,-0.120199370644282,H1,331.977200134904,AX,78.5554942271367,L1,0.918924517153028,L2,0.510471261...
GetData ===>> H2,-0.216633262351543,H1,332.138972705945,AX,78.4171570371204,L1,0.969921486398474,L2,0.555225422...
GetData ===>> H2,-0.241415110571295,H1,332.25084183241,AX,78.3397973306782,L1,0.969935325502171,L2,0.5264573912...
GetData ===>> H2,-0.168880691496136,H1,331.923435948681,AX,78.2537588296653,L1,0.98592486042659,L2,0.4812940196...
GetData ===>> H2,-0.101176367155585,H1,331.735151926766,AX,78.3314009427208,L1,0.971409923057959,L2,0.482904591...
GetData ===>> H2,-0.154759073485909,H1,331.647060121935,AX,78.185376667359,L1,0.985121757329533,L2,0.4433106490...
GetData ===>> H2,-0.134660895334746,H1,331.347205032247,AX,78.1800128974428,L1,0.959954497677979,L2,0.564302229...
15:37:07 -- collecting point 25
GetData ===>> H2,-0.110607313766347,H1,331.590777796448,AX,78.2618577031443,L1,0.921663174361137,L2,0.495207509...
GetData ===>> H2,-0.18103865548462,H1,331.236788554373,AX,78.330310751934,L1,0.936040272251949,L2,0.52089222467...
GetData ===>> H2,-0.242598153885468,H1,331.221588501501,AX,78.1597889199851,L1,0.919887921393562,L2,0.416948090...
GetData ===>> H2,-0.203195405010945,H1,331.155626166952,AX,78.2427822081059,L1,0.920122513635052,L2,0.490855043...
GetData ===>> H2,-0.208975303910311,H1,331.113287587978,AX,78.2112882710984,L1,0.949648307435457,L2,0.573585696...
GetData ===>> H2,-0.179369434864542,H1,330.711209855754,AX,78.0492023907904,L1,0.977457587401675,L2,0.392877383...
GetData ===>> H2,-0.252251675353683,H1,330.485183123811,AX,78.1115314116006,L1,0.982936820358013,L2,0.348236346...
GetData ===>> H2,-0.222769235545519,H1,330.6681208533,AX,78.2066225187121,L1,0.977455071759408,L2,0.47614265659...
GetData ===>> H2,-0.12461646110958,H1,330.306571085223,AX,78.0488286651151,L1,0.970487646361774,L2,0.4582692303...
GetData ===>> H2,-0.10280338956176,H1,330.15819739001,AX,77.9942919479052,L1,0.972412817408105,L2,0.56954979357...
GetData ===>> H2,-0.101835596489058,H1,330.10443879689,AX,78.0092845279933,L1,0.95738819593843,L2,0.42878573727...
GetData ===>> H2,-0.150032548023987,H1,330.078242938487,AX,78.1472839039334,L1,1.03798115026173,L2,0.4569217205...
GetData ===>> H2,-0.252536743065403,H1,329.831460485573,AX,78.1212205656804,L1,0.979660262192017,L2,0.477616078...
GetData ===>> H2,-0.226603225080738,H1,329.887721890811,AX,77.7330165902925,L1,0.978935630850865,L2,0.408310729...
GetData ===>> H2,-0.19748537770512,H1,329.720598911341,AX,77.9856674944521,L1,0.998182331710795,L2,0.4533360662...
GetData ===>> H2,-0.163840626547434,H1,329.529090669865,AX,77.9354950521306,L1,0.96338139571822,L2,0.4579723198...
GetData ===>> H2,-0.21928021180748,H1,329.545916109857,AX,77.6367706871232,L1,0.959907992043812,L2,0.3670654991...
GetData ===>> H2,-0.125053207964807,H1,329.125226531259,AX,77.533402566935,L1,0.975100693389782,L2,0.4082993048...
GetData ===>> H2,-0.113114372524161,H1,329.258520901548,AX,77.7977948264547,L1,0.962104035814065,L2,0.527520180...
GetData ===>> H2,-0.12014932027467,H1,329.221917418954,AX,77.909389522569,L1,0.941800880934975,L2,0.51802406165...
GetData ===>> H2,-0.161504753248042,H1,329.214660433108,AX,77.7492833649052,L1,0.959321033147924,L2,0.353066030...
GetData ===>> H2,-0.0229643461169914,H1,329.170838777344,AX,77.4761559806411,L1,0.96493681531565,L2,0.430579794...
GetData ===>> H2,-0.141789175807268,H1,328.865746110069,AX,77.6125698111015,L1,0.945942478586469,L2,0.497640864...
GetData ===>> H2,-0.15401726298426,H1,328.676788265534,AX,77.6439733869877,L1,0.95154256557185,L2,0.54115464005...
GetData ===>> H2,-0.271395987552988,H1,328.586588642995,AX,77.5620186681703,L1,0.94948366006132,L2,0.4589201529...
15:37:34 -- collecting point 50
GetData ===>> H2,-0.097245916887717,H1,328.403299980585,AX,77.5581736380417,L1,0.95071417857757,L2,0.4155998792...
GetData ===>> H2,-0.143921517161492,H1,328.119668684442,AX,77.4121648145296,L1,0.971640190247169,L2,0.360419493...
GetData ===>> H2,-0.0406211295156747,H1,328.027861671759,AX,77.3488191459402,L1,0.952359702986131,L2,0.49895467...
GetData ===>> H2,-0.171000520214921,H1,327.924910410149,AX,77.428722808394,L1,0.982266074975966,L2,0.4833614958...
GetData ===>> H2,-0.0934184127904252,H1,327.960537922928,AX,77.3687259957761,L1,0.978794736086563,L2,0.45404405...
GetData ===>> H2,-0.0986216614277853,H1,327.842546613425,AX,77.2756038678687,L1,0.984882600494873,L2,0.51844685...
GetData ===>> H2,0.0217587486453308,H1,327.705959122333,AX,77.2267923999831,L1,0.992286385268403,L2,0.481705226...
GetData ===>> H2,-0.204434107182181,H1,327.656693010237,AX,77.3447343871792,L1,0.996507842004451,L2,0.572145099...
GetData ===>> H2,-0.242775801563437,H1,327.48083605088,AX,77.2882087361365,L1,0.996870415768091,L2,0.4200101983...
GetData ===>> H2,-0.108156570585128,H1,327.357066634418,AX,77.2738379834947,L1,0.981060602177736,L2,0.397355197...
GetData ===>> H2,-0.0500438877787274,H1,327.21211853759,AX,77.2859728259278,L1,0.965198379689998,L2,0.523383368...
GetData ===>> H2,-0.194643674415448,H1,327.325435943642,AX,77.3919921710217,L1,0.936308896732882,L2,0.411452536...
GetData ===>> H2,-0.203625394258988,H1,327.230283765501,AX,77.1922130046774,L1,0.945408514313924,L2,0.462368974...
GetData ===>> H2,-0.240406936033645,H1,327.100180168841,AX,77.245441176389,L1,0.947901416747115,L2,0.4961671348...
GetData ===>> H2,-0.20469557865747,H1,326.973502951344,AX,77.1281655187013,L1,0.94512458197313,L2,0.39933144150...
GetData ===>> H2,-0.158960398917473,H1,326.668468445277,AX,77.0731159336592,L1,0.953067520871966,L2,0.535177182...
GetData ===>> H2,-0.149898853810075,H1,326.427068740968,AX,77.0414365561095,L1,0.941125215026166,L2,0.418250616...
GetData ===>> H2,-0.128716892773158,H1,326.369273521901,AX,76.9837135539594,L1,0.958545593628822,L2,0.449031174...
GetData ===>> H2,-0.158965801548806,H1,326.348216362019,AX,76.9984941352145,L1,0.915871810440475,L2,0.397640779...
GetData ===>> H2,-0.196709886099594,H1,326.184329099869,AX,76.9188469577847,L1,0.927413786259033,L2,0.450766810...
GetData ===>> H2,-0.0883686324061669,H1,326.074109798584,AX,77.0356226662345,L1,0.937930831129258,L2,0.51333919...
GetData ===>> H2,-0.148717144485095,H1,325.93967480387,AX,76.9224714193541,L1,0.976431255116479,L2,0.3778005714...
GetData ===>> H2,-0.124770608977412,H1,325.824930873401,AX,76.9814957960886,L1,0.972508455973513,L2,0.489861200...
GetData ===>> H2,-0.0651708940998013,H1,325.685920485377,AX,76.9910307929485,L1,0.987540062972245,L2,0.38807995...
GetData ===>> H2,-0.0398896517557113,H1,325.49681015656,AX,76.8890459016281,L1,0.971379724454903,L2,0.323429533...
15:38:00 -- collecting point 75
GetData ===>> H2,-0.110500358887183,H1,325.31803229631,AX,76.9948838338479,L1,0.946507881999348,L2,0.4952874778...
GetData ===>> H2,-0.15506172903665,H1,325.303033059165,AX,76.8578613133496,L1,0.960319008397339,L2,0.3271393018...
GetData ===>> H2,-0.11725278655935,H1,325.277796191692,AX,76.8735008237582,L1,0.945426103294513,L2,0.4461651599...
GetData ===>> H2,-0.130546940277101,H1,325.050972016475,AX,76.7598044505244,L1,0.95140805825095,L2,0.5044728657...
GetData ===>> H2,-0.178982118918627,H1,325.043490122838,AX,76.4795853313159,L1,0.953960731450055,L2,0.515910131...
GetData ===>> H2,-0.154606391503182,H1,325.100713207738,AX,76.7867990181841,L1,0.964553283124384,L2,0.500702637...
GetData ===>> H2,-0.132517344686207,H1,324.801798257499,AX,76.7534002961707,L1,0.972773983374885,L2,0.408619193...
GetData ===>> H2,-0.11170117419605,H1,324.835621797942,AX,76.6027844184224,L1,0.961696721275634,L2,0.4024158348...
GetData ===>> H2,-0.122258008158959,H1,324.59605335061,AX,76.6150378919906,L1,0.983246409517507,L2,0.3827459614...
GetData ===>> H2,-0.130032015831646,H1,324.56859626069,AX,76.7199127848201,L1,0.980047759077192,L2,0.5556369471...
GetData ===>> H2,-0.193061375656897,H1,324.31540290144,AX,76.5885116489773,L1,0.972600320148223,L2,0.4316311039...
GetData ===>> H2,-0.171743918062317,H1,324.113888357762,AX,76.5127440350043,L1,0.942062116538686,L2,0.461352586...
GetData ===>> H2,-0.148912979115614,H1,323.934905610895,AX,76.4468791139807,L1,0.913237722809622,L2,0.519292441...
GetData ===>> H2,-0.1134730586768,H1,323.932375133967,AX,76.3595127143943,L1,0.942722770078285,L2,0.39961702931...
GetData ===>> H2,-0.189064210025847,H1,323.678411863643,AX,76.4025185668448,L1,0.951558907699681,L2,0.374020318...
GetData ===>> H2,-0.213417713141812,H1,323.937529834998,AX,76.3251081701604,L1,0.95741332808999,L2,0.3064120986...
GetData ===>> H2,-0.189289383014043,H1,323.750994232404,AX,76.4153276783442,L1,0.943115916264435,L2,0.398794538...
GetData ===>> H2,-0.107787233403956,H1,323.406444258664,AX,76.3870781701859,L1,0.935375016800295,L2,0.463659459...
GetData ===>> H2,-0.174780171623804,H1,323.284358133623,AX,76.4448271588582,L1,0.915078051029659,L2,0.548012602...
GetData ===>> H2,-0.292283003943522,H1,323.24698660139,AX,76.2774882584946,L1,0.946517933889887,L2,0.5037873586...
GetData ===>> H2,-0.287243575952433,H1,323.312905093738,AX,76.0823547916101,L1,1.0084339753195,L2,0.44199626636...
GetData ===>> H2,-0.144724081729954,H1,323.333123840616,AX,76.2955914758573,L1,0.965368148498631,L2,0.587741283...
GetData ===>> H2,-0.236566589710684,H1,323.307195452639,AX,76.2284392441735,L1,0.966908768084194,L2,0.516801404...
GetData ===>> H2,-0.232266314960905,H1,322.887237323361,AX,75.9522493501187,L1,0.950748117282269,L2,0.379536568...
GetData ===>> H2,-0.215030988247277,H1,322.664039260568,AX,75.8427580195892,L1,0.958622255288689,L2,0.372101697...
15:38:26 -- collecting point 100
GetData ===>> H2,-0.123009953478476,H1,322.714643648188,AX,76.0667684473442,L1,0.98615145228158,L2,0.4663546871...
GetData ===>> H2,-0.0869561841956732,H1,322.643258152965,AX,76.2479081887461,L1,0.980469240988849,L2,0.56376491...
GetData ===>> H2,-0.154306426220794,H1,322.407139678977,AX,76.2555286371062,L1,0.955552454197095,L2,0.493916599...
GetData ===>> H2,-0.0836408540272495,H1,322.181036700593,AX,76.1072547144754,L1,0.914478695744261,L2,0.48815912...
GetData ===>> H2,-0.0080579493869737,H1,322.06757847391,AX,75.8769332037171,L1,0.940914235288673,L2,0.379319567...
GetData ===>> H2,-0.11982872213325,H1,322.276407073716,AX,76.0324396418389,L1,0.959546009250564,L2,0.4023472917...
GetData ===>> H2,-0.202897503188377,H1,321.944042053763,AX,75.9713855674764,L1,0.967752745666669,L2,0.415668431...
GetData ===>> H2,-0.0999051783884751,H1,321.726900914814,AX,76.0696725990623,L1,0.984202921159606,L2,0.58817581...
GetData ===>> H2,-0.137243437349763,H1,321.461413428825,AX,75.9630020557746,L1,0.926132114384475,L2,0.488718865...
GetData ===>> H2,-0.275047513958269,H1,321.708831017536,AX,76.025326537527,L1,0.920069824013426,L2,0.3997769588...
GetData ===>> H2,-0.170939804987071,H1,321.172034178092,AX,75.9841552986768,L1,0.941574816887876,L2,0.492191606...
GetData ===>> H2,-0.164820739784769,H1,321.375850370663,AX,75.9699345378995,L1,0.914948898366394,L2,0.410709918...
GetData ===>> H2,-0.261218408517843,H1,321.186761968183,AX,75.8757723954397,L1,0.947758159415777,L2,0.505558261...
GetData ===>> H2,-0.268080645882054,H1,320.939408486273,AX,75.8007279365109,L1,0.971367141729125,L2,0.450915254...
GetData ===>> H2,-0.170458119314011,H1,320.8613095766,AX,75.6617486194782,L1,0.948524734460073,L2,0.44720422303...
GetData ===>> H2,-0.17122179073557,H1,320.80923369437,AX,75.8090587824029,L1,0.945412283378722,L2,0.45142910093...
GetData ===>> H2,-0.116070149814373,H1,320.880689306593,AX,75.6724446143116,L1,0.937019403833124,L2,0.533371446...
GetData ===>> H2,-0.15148417663175,H1,320.783556694863,AX,75.7398617425042,L1,0.94084642126987,L2,0.43463654287...
GetData ===>> H2,-0.236547756031699,H1,320.564401958468,AX,75.6083296420666,L1,0.973435840993055,L2,0.435036513...
GetData ===>> H2,-0.14910610926616,H1,320.334942606196,AX,75.5956745157006,L1,0.964428795344115,L2,0.4258718950...
GetData ===>> H2,-0.174044366747467,H1,320.524652896906,AX,75.7739824609839,L1,0.926782345660304,L2,0.501673742...
measurement finished
estimated time: 125.829 actual time: :126.103
flush and close file /Users/jan/PychronDev/data/isotopes/ce/d61f43-36bf-4a17-9ce2-cb995693789a.h5
baselines () {'settling_time': 15.0, 'detector': 'H1', 'mass': 34.2, 'ncounts': 60}
%%%%%%%%%%%%%%%%%%%%%%%%%%%%%%%% Baseline
build tables- baseline [Detector(H2), Detector(H1), Detector(AX), Detector(L1), Detector(L2), Detector(CDD)]
add group baseline table H2
add group baseline table H1
add group baseline table AX
add group baseline table L1
add group baseline table L2
add group baseline table CDD
flush and close file /Users/jan/PychronDev/data/isotopes/ce/d61f43-36bf-4a17-9ce2-cb995693789a.h5
detector Detector(H1)
POSITION 34.2 H1
Mapping mass to dac mass func: "parabolic"
H1 map mass coeffs = [-0.00063987  0.15840543  0.57127999]
H1 map mass to dac 34.2 >> 5.24032599104
GetDeflection H1 ===>> 0
GetHighVoltage ===>> 4500
positioning 34.2 (5.24032599104) on H1
setting magnet DAC
current  : 5.879670
requested: 5.240326
Delta Dac: 0.639344
Checking detector protection. dv=0.63934
Checking detector "CDD". Protection Threshold: 0.1 (V)
ProtectDetector CDD,On ===>> OK
GetDeflection CDD ===>> 2000
Protected = 2000
SetMagnetDAC 5.24032599104 ===>> OK
Magnet settling time: 0.500
GetMagnetMoving ===>> True
GetMagnetMoving ===>> True
GetMagnetMoving ===>> True
GetMagnetMoving ===>> True
GetMagnetMoving ===>> True
GetMagnetMoving ===>> True
GetMagnetMoving ===>> True
GetMagnetMoving ===>> True
GetMagnetMoving ===>> False
ProtectDetector CDD,Off ===>> OK
GetDeflection CDD ===>> 50
Delaying 15.0s for detectors to settle
Join finished
measuring baseline. ncounts=60
"baseline" increment series count="2" fit count="1" regressing="True"
starting measurement
GetData ===>> H2,-0.107842702391648,H1,-0.107659767034129,AX,-0.0866420489485746,L1,-0.0301629271841206,L2,-0.1...
GetData ===>> H2,-0.285035346718607,H1,0.00983897885358256,AX,0.0169738262561114,L1,-0.0241149061645936,L2,-0.0...
GetData ===>> H2,-0.250956678080772,H1,-0.0762210602998302,AX,-0.0512383536912797,L1,-0.0310647866211984,L2,-0....
GetData ===>> H2,-0.254960872306314,H1,-0.0648968925987202,AX,-0.153203051823217,L1,-0.0520075935700003,L2,-0.0...
GetData ===>> H2,-0.253312574855006,H1,-0.0422685591341619,AX,-0.13292332363792,L1,-0.00207126012104875,L2,0.01...
GetData ===>> H2,-0.221544832120152,H1,0.0431046644485679,AX,-0.13790995766921,L1,-0.0321030823668473,L2,0.0067...
GetData ===>> H2,-0.23643744385265,H1,-0.045058630207495,AX,-0.0277910970953181,L1,0.00373559388395412,L2,-0.04...
GetData ===>> H2,-0.0688523052713768,H1,-0.0443313114830922,AX,0.00558054012453762,L1,-0.011077378956097,L2,0.0...
GetData ===>> H2,-0.0608856160975488,H1,0.0216501338803578,AX,-0.120144290775062,L1,-0.0387807998445596,L2,0.00...
GetData ===>> H2,-0.0822564717885818,H1,-0.0417677689130034,AX,-0.13905789278214,L1,-0.0263569800337236,L2,-0.0...
GetData ===>> H2,-0.147228690749877,H1,-0.0522838373392397,AX,-0.126435538506241,L1,-0.027279548332989,L2,0.001...
GetData ===>> H2,-0.214983859100402,H1,-0.0202075661884347,AX,-0.105185012759624,L1,-0.0366686953245797,L2,-0.0...
GetData ===>> H2,-0.10707152387822,H1,0.00691623134077015,AX,-0.0180719332241207,L1,-0.0264983661213571,L2,-0.1...
GetData ===>> H2,-0.240888825079172,H1,0.00367148508042554,AX,-0.0334736907642491,L1,-0.00504300654175877,L2,0....
GetData ===>> H2,-0.187622727109994,H1,-0.047932083637847,AX,-0.0669594625910618,L1,-0.0125434537572117,L2,0.02...
GetData ===>> H2,-0.163254678143465,H1,-0.0175241407554648,AX,-0.172249388828108,L1,-0.013119995393757,L2,0.067...
GetData ===>> H2,-0.133307192168671,H1,-0.0176076261865664,AX,-0.154524707500749,L1,0.00282077419964698,L2,-0.0...
GetData ===>> H2,-0.282635891926868,H1,-0.0543463832667566,AX,0.0145836781099393,L1,-0.0424360997411214,L2,0.04...
GetData ===>> H2,-0.230063068259055,H1,0.0190730357466197,AX,-0.00346816672695279,L1,-0.0486274334625714,L2,-0....
GetData ===>> H2,-0.227144484460687,H1,-0.082812327838133,AX,-0.127930084510575,L1,-0.00777283291249254,L2,-0.0...
GetData ===>> H2,-0.290214063083151,H1,0.0402883460152161,AX,-0.0514122736561233,L1,-0.0318587871316608,L2,-0.0...
GetData ===>> H2,-0.275020649060675,H1,-0.0735272165748977,AX,-0.0894237188273825,L1,-0.0722906116630558,L2,-0....
GetData ===>> H2,-0.146512758658955,H1,-0.0657075071861744,AX,-0.0842312040570362,L1,-0.0426288882816016,L2,-0....
GetData ===>> H2,-0.141243188715957,H1,0.0645996022244467,AX,-0.0314094400080549,L1,-0.0404888479033036,L2,-0.0...
15:39:32 -- collecting point 25
GetData ===>> H2,-0.190335637054214,H1,-0.0599138527973107,AX,-0.103643763564035,L1,0.00338142155035997,L2,-0.0...
GetData ===>> H2,-0.0908050555128676,H1,-0.0456786354383397,AX,-0.14749885814659,L1,-0.0207382699330745,L2,-0.0...
GetData ===>> H2,-0.165316164217091,H1,-0.121191551319444,AX,-0.0128756097645061,L1,-0.0623019866044859,L2,-0.0...
GetData ===>> H2,-0.173172562059083,H1,-0.0446770866177502,AX,-0.168227131679032,L1,-0.0399127435183935,L2,-0.0...
GetData ===>> H2,-0.135787280447578,H1,-0.0545490588964136,AX,-0.096377545607932,L1,-0.0684465145297919,L2,0.09...
GetData ===>> H2,-0.196003130935879,H1,-0.00069444134116452,AX,-0.152553810877392,L1,-0.0597631915674673,L2,-0....
GetData ===>> H2,-0.284050637879898,H1,-0.0221634398416491,AX,-0.183156171186055,L1,-0.0322455851795533,L2,-0.0...
GetData ===>> H2,-0.221364325787018,H1,0.000701202955944069,AX,-0.122415211651979,L1,-0.0113459155824974,L2,-0....
GetData ===>> H2,-0.206923232218884,H1,0.00870565846409228,AX,-0.0673536170487415,L1,-0.0669352472955708,L2,0.0...
GetData ===>> H2,-0.167340834533315,H1,0.0612813706168282,AX,-0.0439102433861341,L1,-0.0553660402314142,L2,-0.0...
GetData ===>> H2,-0.104649412350211,H1,-0.0487309128809564,AX,-0.0212499050512142,L1,0.0104695110480445,L2,-0.0...
GetData ===>> H2,-0.197964132942092,H1,-0.0226166246244606,AX,-0.114652150745366,L1,0.010996426417779,L2,-0.015...
GetData ===>> H2,-0.241999245286567,H1,0.0109126626371526,AX,-0.0759782443031334,L1,-0.0193187134913684,L2,0.04...
GetData ===>> H2,-0.163438296571317,H1,-0.0194323617862977,AX,-0.094418934677566,L1,3.48077867147007E-05,L2,-0....
GetData ===>> H2,-0.131888402832922,H1,-0.0244651202470745,AX,-0.102183610224099,L1,-0.021453966944718,L2,-0.09...
GetData ===>> H2,-0.0979202691756593,H1,-0.000229228737524778,AX,-0.11729397832268,L1,-0.0387448630368788,L2,-0...
GetData ===>> H2,-0.120739088989343,H1,0.0331882337972768,AX,-0.0767664785601452,L1,-0.018719178483114,L2,0.099...
GetData ===>> H2,-0.223690481361742,H1,0.0315415570135482,AX,-0.0643626403722577,L1,-0.0426360728762179,L2,-0.1...
GetData ===>> H2,-0.260336125367978,H1,-0.0905353583299682,AX,-0.036685948962424,L1,-0.0137000995866446,L2,-0.0...
GetData ===>> H2,-0.134996253373718,H1,-0.117942537147653,AX,-0.162697705519405,L1,-0.00167408101621718,L2,0.04...
GetData ===>> H2,-0.183714022888247,H1,-0.0647061588003204,AX,-0.00264453718344107,L1,0.00981300585213676,L2,0....
GetData ===>> H2,-0.213417713141812,H1,-0.0483136148180961,AX,-0.0362452844374384,L1,0.0164676520863079,L2,-0.0...
GetData ===>> H2,-0.178085978280408,H1,-0.0076246602687789,AX,-0.0246017409994161,L1,0.0123612533387657,L2,-0.0...
GetData ===>> H2,-0.189385113885445,H1,-0.0529395646420071,AX,-0.0278490844205698,L1,-0.00283917529057563,L2,-0...
GetData ===>> H2,-0.2996078398698,H1,0.0731723212137993,AX,-0.0298902162581807,L1,0.00147270713977076,L2,-0.024...
15:39:58 -- collecting point 50
GetData ===>> H2,-0.338832968435736,H1,-0.0942178898261535,AX,0.0286817588316425,L1,-0.00405572099570936,L2,-0....
GetData ===>> H2,-0.289237863688058,H1,-0.0576249092435031,AX,-0.0305512554607043,L1,-0.0201268301453652,L2,-0....
GetData ===>> H2,-0.146231776732781,H1,-0.0233560269702114,AX,-0.00148448375253717,L1,-0.0158265196454357,L2,-0...
GetData ===>> H2,-0.162530976543032,H1,0.0153029561432262,AX,-0.149806082463964,L1,-0.0476748006233575,L2,-0.07...
GetData ===>> H2,-0.103348836605356,H1,0.053201101058842,AX,-0.0259702775074517,L1,-0.0412481533380472,L2,0.001...
GetData ===>> H2,-0.135346475582735,H1,0.0258619231729764,AX,-0.0346333629926142,L1,0.00109700911506151,L2,-0.0...
GetData ===>> H2,-0.138815660609338,H1,-0.0468232503887165,AX,-0.0603049669142667,L1,-0.00978374722976343,L2,-0...
GetData ===>> H2,-0.0423403923034347,H1,-0.0190626468030473,AX,-0.0526065156862107,L1,-0.000417643949804563,L2,...
GetData ===>> H2,-0.0434638113938731,H1,-0.0431508977124072,AX,-0.0732425582265985,L1,0.0252153786619133,L2,0.0...
GetData ===>> H2,-0.232414349119781,H1,-0.0656836656744318,AX,-0.0633424412540743,L1,-0.00358303726562111,L2,-0...
GetData ===>> H2,-0.282477343328687,H1,-0.0573268658658364,AX,-0.088044484119361,L1,-0.0461654825232971,L2,0.01...
measurement finished
estimated time: 62.915 actual time: :63.085
flush and close file /Users/jan/PychronDev/data/isotopes/ce/d61f43-36bf-4a17-9ce2-cb995693789a.h5
activate_detectors ('H1', 'AX', 'CDD') {'peak_center': True}
peak_center () {'detector': 'H1', 'integration_time': 0.262144, 'isotope': 'Ar40'}
peak center: mean=320.826080756 threshold=3
peak center started
setup peak center. detector=['H1', 'AX', 'CDD'], isotope=Ar40
VersionedUnpickler [<apptools.sweet_pickle.versioned_unpickler.VersionedUnpickler object at 0x1dd292fb0>] using Updater [<apptools.sweet_pickle.updater.Updater object at 0x1373f1ad0>]
VersionedUnpickler [<apptools.sweet_pickle.versioned_unpickler.VersionedUnpickler object at 0x1dd292fb0>] using Updater [<apptools.sweet_pickle.updater.Updater object at 0x1373f1ad0>]
VersionedUnpickler [<apptools.sweet_pickle.versioned_unpickler.VersionedUnpickler object at 0x1d25666b0>] using Updater [<apptools.sweet_pickle.updater.Updater object at 0x1373f1ad0>]
setting integration time = 0.524288
SetIntegrationTime 0.524288 ===>> OK
Mapping mass to dac mass func: "parabolic"
H1 map mass coeffs = [-0.00063987  0.15840543  0.57127999]
H1 map mass to dac 39.9624 >> 5.87967
GetDeflection H1 ===>> 0
GetHighVoltage ===>> 4500
do peak center. <pychron.spectrometer.jobs.peak_center.PeakCenter object at 0x1376ecfb0>
doing pc
starting peak center. center dac= 5.87967 step_width=0.001
width = 0.001
get scan parameters. half-width=0.015,window=0.015, i=0, scalar=1
Scan parameters center=5.87967 width=0.03000 (5.86467 - 5.89467)
GetData ===>> H2,-0.173544870271417,H1,-0.0546444355212781,AX,-0.0705995342221922,L1,-0.0243833582359879,L2,-0....
Moving to starting dac 5.86467
setting magnet DAC
current  : 5.240326
requested: 5.864670
Delta Dac: 0.624344
Checking detector protection. dv=0.62434
Checking detector "CDD". Protection Threshold: 0.1 (V)
ProtectDetector CDD,On ===>> OK
GetDeflection CDD ===>> 2000
Protected = 2000
SetMagnetDAC 5.86467 ===>> OK
Magnet settling time: 0.500
GetMagnetMoving ===>> True
GetMagnetMoving ===>> True
GetMagnetMoving ===>> True
GetMagnetMoving ===>> True
GetMagnetMoving ===>> True
GetMagnetMoving ===>> True
GetMagnetMoving ===>> True
GetMagnetMoving ===>> True
GetMagnetMoving ===>> False
ProtectDetector CDD,Off ===>> OK
GetDeflection CDD ===>> 50
Wait until signal near baseline. tol= -0.040983326641. timeout= 10
GetData ===>> H2,1.9460865574258,H1,0.789740989726684,AX,-0.119518619585888,L1,0.0139424517954323,L2,-0.1318371...
GetData ===>> H2,18.3081724119406,H1,9.54371582205298,AX,0.862444320042996,L1,0.0137049594619085,L2,-0.04410223...
GetData ===>> H2,18.1927727298238,H1,10.8818695938401,AX,1.73181328902114,L1,-0.0380620392766543,L2,-0.10117498...
GetData ===>> H2,9.39042912009921,H1,5.1800572963683,AX,0.819069645050699,L1,-0.0319012480609057,L2,-0.07578318...
GetData ===>> H2,3.81409842405587,H1,2.63231305566214,AX,0.386655729896483,L1,-0.0430419941283735,L2,0.02070341...
GetData ===>> H2,1.36484391642282,H1,1.36196232382082,AX,0.150029562022642,L1,-0.0211018815004964,L2,-0.1219021...
GetData ===>> H2,0.421432935220572,H1,0.93244135571553,AX,-0.0163205248379287,L1,-0.013992536129891,L2,0.036194...
GetData ===>> H2,0.105504641583191,H1,0.579210017625331,AX,0.0800574990020916,L1,-0.0151837676710332,L2,0.01375...
GetData ===>> H2,0.00602234976306873,H1,0.418039914551449,AX,-0.0411388679974027,L1,-0.0563026442231255,L2,0.08...
GetData ===>> H2,-0.0604792793444627,H1,0.27476980001,AX,-0.0544036484011066,L1,-0.0671355659568698,L2,0.119499...
GetData ===>> H2,0.039409378136023,H1,0.26631762120608,AX,-0.0770794521558961,L1,-0.0364949630609476,L2,0.13694...
GetData ===>> H2,0.0458590735096979,H1,0.171053096781582,AX,0.0233091630226252,L1,-0.0213653602718952,L2,0.0661...
GetData ===>> H2,-0.0330869670437248,H1,0.30519399222968,AX,-0.10647129978694,L1,-0.0175969574752957,L2,0.01031...
GetData ===>> H2,-0.0893107274176213,H1,0.278423080936041,AX,-0.0233955572754207,L1,-0.0139374053004603,L2,-0.0...
GetData ===>> H2,-0.121227383478553,H1,0.350513064736435,AX,0.0552617105009515,L1,-0.0253550224536091,L2,-0.045...
GetData ===>> H2,-0.136639114605895,H1,0.219914966802448,AX,-0.0915446886724088,L1,-0.0121802515280505,L2,-0.04...
GetData ===>> H2,-0.162609289767245,H1,0.289121035301432,AX,0.0227986077895649,L1,-0.00883769625962381,L2,-0.06...
GetData ===>> H2,-0.190551424402761,H1,0.234878907896685,AX,0.0315480381364399,L1,-0.0169475859545314,L2,0.1136...
GetData ===>> H2,-0.159381796427591,H1,0.252327727646873,AX,-0.0559804600932744,L1,-0.0192980642188675,L2,0.063...
GetData ===>> H2,-0.116462571542599,H1,0.333333841656125,AX,0.0136090714374175,L1,-0.0368639907670744,L2,-0.087...
GetData ===>> H2,-0.104712216633677,H1,0.271450921654171,AX,0.0234716129764782,L1,-0.0581750987789341,L2,-0.063...
Peak center failed to move to a baseline position
_do_sweep sm= 5.86467, em= 5.89467, stm= 0.001
calculated step values: start=5.86467, end=5.89467, width=0.001, nsteps=31.0
setting magnet DAC
current  : 5.864670
requested: 5.864670
Delta Dac: 0.000000
Checking detector protection. dv=0.00000
Checking detector "CDD". Protection Threshold: 0.1 (V)
SetMagnetDAC 5.86467 ===>> OK
GetData ===>> H2,-0.104712216633677,H1,0.271450921654171,AX,0.0234716129764782,L1,-0.0581750987789341,L2,-0.063...
setting magnet DAC
current  : 5.864670
requested: 5.865704
Delta Dac: 0.001034
Checking detector protection. dv=0.00103
Checking detector "CDD". Protection Threshold: 0.1 (V)
SetMagnetDAC 5.86570448276 ===>> OK
Magnet settling time: 1.049
GetData ===>> H2,-0.145396707987616,H1,0.548282557016955,AX,0.0154422682627537,L1,-0.0422325301868844,L2,-0.182...
setting magnet DAC
current  : 5.865704
requested: 5.866739
Delta Dac: 0.001034
Checking detector protection. dv=0.00103
Checking detector "CDD". Protection Threshold: 0.1 (V)
SetMagnetDAC 5.86673896552 ===>> OK
Magnet settling time: 1.049
GetData ===>> H2,-0.323180555578692,H1,2.18898085380233,AX,0.279998355682305,L1,-0.0254507932106693,L2,-0.01933...
setting magnet DAC
current  : 5.866739
requested: 5.867773
Delta Dac: 0.001034
Checking detector protection. dv=0.00103
Checking detector "CDD". Protection Threshold: 0.1 (V)
SetMagnetDAC 5.86777344828 ===>> OK
Magnet settling time: 1.049
GetData ===>> H2,-0.155531910024503,H1,7.83665407714695,AX,1.17933401271054,L1,-0.00268679678176284,L2,-0.03205...
setting magnet DAC
current  : 5.867773
requested: 5.868808
Delta Dac: 0.001034
Checking detector protection. dv=0.00103
Checking detector "CDD". Protection Threshold: 0.1 (V)
SetMagnetDAC 5.86880793103 ===>> OK
Magnet settling time: 1.049
GetData ===>> H2,-0.171104409961067,H1,26.4405760194035,AX,3.8544444300769,L1,0.00111981466587685,L2,0.04503394...
setting magnet DAC
current  : 5.868808
requested: 5.869842
Delta Dac: 0.001034
Checking detector protection. dv=0.00103
Checking detector "CDD". Protection Threshold: 0.1 (V)
SetMagnetDAC 5.86984241379 ===>> OK
Magnet settling time: 1.049
GetData ===>> H2,-0.206323574328285,H1,71.8550263678332,AX,11.9220200006453,L1,0.0234107189401973,L2,-0.0709588...
setting magnet DAC
current  : 5.869842
requested: 5.870877
Delta Dac: 0.001034
Checking detector protection. dv=0.00103
Checking detector "CDD". Protection Threshold: 0.1 (V)
SetMagnetDAC 5.87087689655 ===>> OK
Magnet settling time: 1.049
GetData ===>> H2,-0.216915993032917,H1,145.833247345056,AX,26.8327934459996,L1,0.119652907881726,L2,-0.07505500...
setting magnet DAC
current  : 5.870877
requested: 5.871911
Delta Dac: 0.001034
Checking detector protection. dv=0.00103
Checking detector "CDD". Protection Threshold: 0.1 (V)
SetMagnetDAC 5.87191137931 ===>> OK
Magnet settling time: 1.049
GetData ===>> H2,-0.0866433818428207,H1,221.223020160968,AX,44.7094786020396,L1,0.275344200960054,L2,0.19434193...
setting magnet DAC
current  : 5.871911
requested: 5.872946
Delta Dac: 0.001034
Checking detector protection. dv=0.00103
Checking detector "CDD". Protection Threshold: 0.1 (V)
SetMagnetDAC 5.87294586207 ===>> OK
Magnet settling time: 1.049
GetData ===>> H2,-0.168222127981059,H1,272.235822045837,AX,59.0023691099345,L1,0.446253582002572,L2,0.161144780...
setting magnet DAC
current  : 5.872946
requested: 5.873980
Delta Dac: 0.001034
Checking detector protection. dv=0.00103
Checking detector "CDD". Protection Threshold: 0.1 (V)
SetMagnetDAC 5.87398034483 ===>> OK
Magnet settling time: 1.049
GetData ===>> H2,-0.228601391006533,H1,296.249227449744,AX,67.4644377586973,L1,0.643533521805887,L2,0.302175514...
setting magnet DAC
current  : 5.873980
requested: 5.875015
Delta Dac: 0.001034
Checking detector protection. dv=0.00103
Checking detector "CDD". Protection Threshold: 0.1 (V)
SetMagnetDAC 5.87501482759 ===>> OK
Magnet settling time: 1.049
GetData ===>> H2,-0.328735353641294,H1,304.209532501388,AX,71.0939209414409,L1,0.752735549025122,L2,0.454318111...
setting magnet DAC
current  : 5.875015
requested: 5.876049
Delta Dac: 0.001034
Checking detector protection. dv=0.00103
Checking detector "CDD". Protection Threshold: 0.1 (V)
SetMagnetDAC 5.87604931034 ===>> OK
Magnet settling time: 1.049
GetData ===>> H2,-0.262308059157196,H1,306.178165206115,AX,71.907268986871,L1,0.781939317909406,L2,0.3643086920...
setting magnet DAC
current  : 5.876049
requested: 5.877084
Delta Dac: 0.001034
Checking detector protection. dv=0.00103
Checking detector "CDD". Protection Threshold: 0.1 (V)
SetMagnetDAC 5.8770837931 ===>> OK
Magnet settling time: 1.049
GetData ===>> H2,-0.178231399664381,H1,307.22015000775,AX,72.3012373829084,L1,0.86488073446796,L2,0.44086725525...
setting magnet DAC
current  : 5.877084
requested: 5.878118
Delta Dac: 0.001034
Checking detector protection. dv=0.00103
Checking detector "CDD". Protection Threshold: 0.1 (V)
SetMagnetDAC 5.87811827586 ===>> OK
Magnet settling time: 1.049
GetData ===>> H2,-0.113068351593991,H1,307.048130029054,AX,72.006079690323,L1,0.90255413070183,L2,0.45561990699...
setting magnet DAC
current  : 5.878118
requested: 5.879153
Delta Dac: 0.001034
Checking detector protection. dv=0.00103
Checking detector "CDD". Protection Threshold: 0.1 (V)
SetMagnetDAC 5.87915275862 ===>> OK
Magnet settling time: 1.049
GetData ===>> H2,-0.169757817052504,H1,307.17548025081,AX,72.1901478023358,L1,0.927452919604174,L2,0.3536994053...
setting magnet DAC
current  : 5.879153
requested: 5.880187
Delta Dac: 0.001034
Checking detector protection. dv=0.00103
Checking detector "CDD". Protection Threshold: 0.1 (V)
SetMagnetDAC 5.88018724138 ===>> OK
Magnet settling time: 1.049
GetData ===>> H2,-0.0649299323282977,H1,307.020261351914,AX,72.3307731296627,L1,0.910366962736235,L2,0.39157880...
setting magnet DAC
current  : 5.880187
requested: 5.881222
Delta Dac: 0.001034
Checking detector protection. dv=0.00103
Checking detector "CDD". Protection Threshold: 0.1 (V)
SetMagnetDAC 5.88122172414 ===>> OK
Magnet settling time: 1.049
GetData ===>> H2,-0.0870766988229553,H1,306.757130723726,AX,72.3716379763298,L1,0.870784297576683,L2,0.46804495...
setting magnet DAC
current  : 5.881222
requested: 5.882256
Delta Dac: 0.001034
Checking detector protection. dv=0.00103
Checking detector "CDD". Protection Threshold: 0.1 (V)
SetMagnetDAC 5.8822562069 ===>> OK
Magnet settling time: 1.049
GetData ===>> H2,-0.120929810389155,H1,306.802495462471,AX,72.1242596763287,L1,0.894311175473932,L2,0.432943780...
setting magnet DAC
current  : 5.882256
requested: 5.883291
Delta Dac: 0.001034
Checking detector protection. dv=0.00103
Checking detector "CDD". Protection Threshold: 0.1 (V)
SetMagnetDAC 5.88329068966 ===>> OK
Magnet settling time: 1.049
GetData ===>> H2,-0.190244327958161,H1,306.137620291823,AX,71.7732932719588,L1,0.912748333350418,L2,0.481042727...
setting magnet DAC
current  : 5.883291
requested: 5.884325
Delta Dac: 0.001034
Checking detector protection. dv=0.00103
Checking detector "CDD". Protection Threshold: 0.1 (V)
SetMagnetDAC 5.88432517241 ===>> OK
Magnet settling time: 1.049
GetData ===>> H2,-0.111446671520366,H1,304.481319781705,AX,70.9072775662607,L1,0.88950221904722,L2,0.4243588522...
setting magnet DAC
current  : 5.884325
requested: 5.885360
Delta Dac: 0.001034
Checking detector protection. dv=0.00103
Checking detector "CDD". Protection Threshold: 0.1 (V)
SetMagnetDAC 5.88535965517 ===>> OK
Magnet settling time: 1.049
GetData ===>> H2,-0.144122511028304,H1,297.811267695594,AX,68.1965602860524,L1,0.827193359551239,L2,0.477387639...
setting magnet DAC
current  : 5.885360
requested: 5.886394
Delta Dac: 0.001034
Checking detector protection. dv=0.00103
Checking detector "CDD". Protection Threshold: 0.1 (V)
SetMagnetDAC 5.88639413793 ===>> OK
Magnet settling time: 1.049
GetData ===>> H2,-0.174571352352752,H1,278.301052559337,AX,60.7482210295546,L1,0.785147749510883,L2,0.178072747...
setting magnet DAC
current  : 5.886394
requested: 5.887429
Delta Dac: 0.001034
Checking detector protection. dv=0.00103
Checking detector "CDD". Protection Threshold: 0.1 (V)
SetMagnetDAC 5.88742862069 ===>> OK
Magnet settling time: 1.049
GetData ===>> H2,-0.260526466422796,H1,206.138460688136,AX,38.1577560843194,L1,0.515249418199408,L2,0.149055207...
setting magnet DAC
current  : 5.887429
requested: 5.888463
Delta Dac: 0.001034
Checking detector protection. dv=0.00103
Checking detector "CDD". Protection Threshold: 0.1 (V)
SetMagnetDAC 5.88846310345 ===>> OK
Magnet settling time: 1.049
GetData ===>> H2,-0.310679989408855,H1,123.958689025989,AX,19.6202514633865,L1,0.365529687979009,L2,0.236408183...
setting magnet DAC
current  : 5.888463
requested: 5.889498
Delta Dac: 0.001034
Checking detector protection. dv=0.00103
Checking detector "CDD". Protection Threshold: 0.1 (V)
SetMagnetDAC 5.88949758621 ===>> OK
Magnet settling time: 1.049
GetData ===>> H2,-0.240969586594379,H1,56.6295059568656,AX,7.4840205728738,L1,0.212856047009664,L2,-0.012684038...
setting magnet DAC
current  : 5.889498
requested: 5.890532
Delta Dac: 0.001034
Checking detector protection. dv=0.00103
Checking detector "CDD". Protection Threshold: 0.1 (V)
SetMagnetDAC 5.89053206897 ===>> OK
Magnet settling time: 1.049
GetData ===>> H2,-0.0804288833375241,H1,20.201510636911,AX,2.20863900844288,L1,0.130395920407702,L2,-0.05675766...
setting magnet DAC
current  : 5.890532
requested: 5.891567
Delta Dac: 0.001034
Checking detector protection. dv=0.00103
Checking detector "CDD". Protection Threshold: 0.1 (V)
SetMagnetDAC 5.89156655172 ===>> OK
Magnet settling time: 1.049
GetData ===>> H2,-0.209169308493735,H1,5.8617530603658,AX,0.361712085192495,L1,0.0662199379142231,L2,-0.0024595...
setting magnet DAC
current  : 5.891567
requested: 5.892601
Delta Dac: 0.001034
Checking detector protection. dv=0.00103
Checking detector "CDD". Protection Threshold: 0.1 (V)
SetMagnetDAC 5.89260103448 ===>> OK
Magnet settling time: 1.049
GetData ===>> H2,-0.11903056929239,H1,1.39585604283818,AX,0.0181341135050033,L1,0.0419217026372123,L2,-0.011978...
setting magnet DAC
current  : 5.892601
requested: 5.893636
Delta Dac: 0.001034
Checking detector protection. dv=0.00103
Checking detector "CDD". Protection Threshold: 0.1 (V)
SetMagnetDAC 5.89363551724 ===>> OK
Magnet settling time: 1.049
GetData ===>> H2,-0.0914603961940465,H1,0.315058761919551,AX,-0.0245553495941108,L1,0.0039841222452634,L2,0.055...
setting magnet DAC
current  : 5.893636
requested: 5.894670
Delta Dac: 0.001034
Checking detector protection. dv=0.00103
Checking detector "CDD". Protection Threshold: 0.1 (V)
SetMagnetDAC 5.89467 ===>> OK
Magnet settling time: 1.049
GetData ===>> H2,-0.250021982334873,H1,-0.033027383675832,AX,-0.01404712655179,L1,-0.0286466191836959,L2,-0.175...
result of _do_sweep=True
result of _calculate_peak_center=([5.8720347294589175, 5.8795798196392779, 5.8871249098196383], [227.3057089628785, 307.21497906650671, 227.32447212931805], 5.8771148897795591, 307.21497906650671)
Failed to find a valid peak. No peak greater than 1.0. max = 0.0217105138277
new center pos Detector(H1) (Ar40) @ 5.87957981964
GetHighVoltage ===>> 4500
GetDeflection H1 ===>> 0
dac uncorrected for HV and deflection 5.87957981964
update mftable H1 Ar40 5.87957981964 message=automated run peakcenter
get initial guess parabolic
get initial guess parabolic
get initial guess parabolic
get initial guess parabolic
get initial guess parabolic
get initial guess parabolic
dump mftable to /Users/jan/PychronDev/setupfiles/spectrometer/mftables/mftable.csv
add to repo msg=modified - automated run peakcenter
sweep finished
locally archiving mftable
setting magnet DAC
current  : 5.894670
requested: 5.879580
Delta Dac: 0.015090
Checking detector protection. dv=0.01509
Checking detector "CDD". Protection Threshold: 0.1 (V)
SetMagnetDAC 5.87957981964 ===>> OK
Magnet settling time: 0.500
setting integration time = 1.048576
SetIntegrationTime 1.048576 ===>> OK
Failed to find a valid peak. No peak greater than 1.0. max = 0.0217105138277
flush and close file /Users/jan/PychronDev/data/isotopes/ce/d61f43-36bf-4a17-9ce2-cb995693789a.h5
finished measure script
executed snippet estimated_duration=226.132928, duration=272.066971064
jan_unknown120_60.py completed successfully
Measurement Finished
15:40:56 -- ******* Measurement Finished *******
Post Measurement Started jan_pump_ms.py
15:40:56 -- ******* Post Measurement Started jan_pump_ms.py *******
testing...
no interpolation path defined
executed snippet estimated_duration=0, duration=3.00407409668e-05
Pumping spectrometer
open () {'name': 'O'}
opening name=O desc=---
checking ownership. requestor=129.138.12.150
check software interlocks O
interlocks []
actuate state mode=None-script, software_lock=False
doing actuation None-script open_channel True
Open O ===>> OK
GetIndicatorState O ===>> OK
change switch state (True, True)
update switch state O True args=() kw={} ncanvase=2
15:40:56 -- OPEN   VALVE-O (Jan Ion Pump)
---------------------------------------- open O () result=[(True, True)], time=0.11 sec
action=open, ok=True, locked=[False]
executed snippet estimated_duration=0, duration=0.364403963089
jan_pump_ms.py completed successfully
setting _ms_pumptime
Post Measurement Finished
15:40:56 -- ******* Post Measurement Finished *******
$$$$$$$$$$$$$$$$$$$$ state at run end measurement
state changed from measurement to success
post measurement save measured=True aborted=False
Set filtering
setting fod for Ar40= {'filter_outliers': True, 'std_devs': 2, 'iterations': 1}
setting fod for H1= {'filter_outliers': True, 'std_devs': 2, 'iterations': 1}
setting fod for PM41= {'filter_outliers': False, 'std_devs': 2, 'iterations': 1}
setting fod for H2= {'filter_outliers': True, 'std_devs': 2, 'iterations': 1}
setting fod for Ar36= {'filter_outliers': True, 'std_devs': 2, 'iterations': 1}
setting fod for CDD= {'filter_outliers': True, 'std_devs': 10, 'iterations': 1}
setting fod for Ar37= {'filter_outliers': True, 'std_devs': 2, 'iterations': 1}
setting fod for L2= {'filter_outliers': True, 'std_devs': 2, 'iterations': 1}
setting fod for Ar38= {'filter_outliers': True, 'std_devs': 2, 'iterations': 1}
setting fod for L1= {'filter_outliers': True, 'std_devs': 2, 'iterations': 1}
setting fod for Ar39= {'filter_outliers': True, 'std_devs': 2, 'iterations': 1}
setting fod for AX= {'filter_outliers': True, 'std_devs': 2, 'iterations': 1}
persistence save...
persistence save - db
post measurement save
8015961456 connecting to database sqlite:////Users/jan/PychronDev/.appdata/local_lab.db
connected to db sqlite:////Users/jan/PychronDev/.appdata/local_lab.db
create new session 8015961456
close session 8015961456
No database instance. Not saving post measurement to isotopedb database
$$$$$$$$$$$$$$$ auto_save_detector_ic=False
massspec enabled True
create new session 4985911824
MassSpec Database Version: 16.0
close session 4985911824
saving post measurement to secondary database
saving to massspec database 129.138.12.160/massspecdata
setting labnumber to 65555
setting aliquot to 3
setting step to B
setting uuid to ced61f43-36bf-4a17-9ce2-cb995693789a
setting irradpos to 65555
setting extract_device to Fusions CO2
setting tray to 
setting position to 189
setting power_requested to 0.4
setting extract_value to 0.4
setting duration to 30.0
setting duration_at_request to 30.0
setting first_stage_delay to 30.0
setting cleanup to 30.0
setting comment to N:14 without inclusions
setting irradiation to NM-289
setting level to N
setting irradiation_level to N
setting sample to Bw-2014-7 WO
setting material to Sanidine
setting project to Bustos Wells
setting mass_spectrometer to Jan
no attribute chron_dosages
no attribute production_ratios
no attribute interference_corrections
no attribute production_name
no attribute j
Reference Isotope=Ar40
Reference Detector=H1
%%%%%%%%%%%%%%%%%%%% Comment: N:14 without inclusions %%%%%%%%%%%%%%%%%%%
adding isotope PM41 H2
add baseline dbdet= PM41. original det= H2
get baseline data PM41 H2
Get data baseline <pychron.processing.isotope.Baseline object at 0x1dc0e9390> len t=60
baseline PM41. v=-0.184759909904, e=0.00873515933602
get signal data PM41 H2
Get data signal PM41 0.05+/-0.06 len t=120
adding isotope Ar40 H1
add baseline dbdet= Ar40. original det= H1
get baseline data Ar40 H1
Get data baseline <pychron.processing.isotope.Baseline object at 0x1dc0e9490> len t=60
baseline Ar40. v=-0.0248917510131, e=0.00546063116692
get signal data Ar40 H1
Get data signal Ar40 335.728+/-0.029 len t=120
adding isotope Ar39 AX
add baseline dbdet= Ar39. original det= AX
get baseline data Ar39 AX
Get data baseline <pychron.processing.isotope.Baseline object at 0x1dc0e9650> len t=60
baseline Ar39. v=-0.0752230614398, e=0.00712168919349
get signal data Ar39 AX
Get data signal Ar39 79.386+/-0.020 len t=120
adding isotope Ar38 L1
add baseline dbdet= Ar38. original det= L1
get baseline data Ar38 L1
Get data baseline <pychron.processing.isotope.Baseline object at 0x1dc0e9810> len t=60
baseline Ar38. v=-0.0219841222109, e=0.00288831551134
get signal data Ar38 L1
Get data signal Ar38 1.018+/-0.005 len t=120
adding isotope Ar37 L2
add baseline dbdet= Ar37. original det= L2
get baseline data Ar37 L2
Get data baseline <pychron.processing.isotope.Baseline object at 0x1dc0e99d0> len t=60
baseline Ar37. v=-0.0244148477002, e=0.00546969880677
get signal data Ar37 L2
Get data signal Ar37 0.505+/-0.012 len t=120
adding isotope Ar36 CDD
add baseline dbdet= Ar36. original det= CDD
get baseline data Ar36 CDD
Get data baseline <pychron.processing.isotope.Baseline object at 0x1dc0e9b90> len t=60
baseline Ar36. v=8.43570667262e-05, e=1.38706562018e-05
get signal data Ar36 CDD
Get data signal Ar36 0.01355+/-0.00030 len t=120
65555-03B added analysis time 0.520957946777s
analysis added to mass spec database
mass spec save time= 0.530
persistence save - dvc
================= post measurement started
create new session 4991427888
close session 4991427888
---------------- Experiment Queue saving disabled
DVC saving peakcenter
Failed to find a valid peak. No peak greater than 1.0. max = 0.0217105138277
Smart pull ahead: 0 behind: 0
Up-to-date with origin
add to repo msg=modified - ad8224ebc6dbfeb9f5997218dfa5fe690569839d.json
add to repo msg=modified - 55-03B.json
add to repo msg=modified - 55-03B.dat.json
add to repo msg=modified - 55-03B.blan.json
add to repo msg=modified - 55-03B.inte.json
add to repo msg=modified - 55-03B.icfa.json
add to repo msg=modified - 55-03B.base.json
not at valid file /Users/jan/PychronDev/data/.dvc/repositories/Load1786/655/tags/55-03B.tags.json
add to repo msg=modified - 55-03B.peak.json
add to repo msg=modified - 55-03B.extr.json
not at valid file /Users/jan/PychronDev/data/.dvc/repositories/Load1786/655/monitor/55-03B.moni.json
commit message=<COLLECTION>
add to repo msg=modified - 55-03B.inte.json
add to repo msg=modified - 55-03B.base.json
commit message=<ISOEVO> default collection fits
add to repo msg=modified - 55-03B.blan.json
commit message=<BLANKS> preceding bc-02-J-326
add to repo msg=modified - 55-03B.icfa.json
commit message=<ICFactor> default
push repository <pychron.git_archive.repo_manager.GitRepoManager object at 0x1dbfd6410>
pushing to remote=origin, url=https://github.com
no changes to meta repo
create new session 4991427888
add association Load1786
get identifier "65555"
setting analysis irradiation position=<pychron.dvc.dvc_orm.IrradiationPositionTbl object at 0x1ddce7ad0>
close session 4991427888
================= post measurement finished
15:41:08 -- ******* Post Run Check *******
loading queue conditionals post_run_actions
loading system conditionals post_run_actions
loading conditionals from /Users/jan/PychronDev/setupfiles/spectrometer/default_conditionals.yaml
loading queue conditionals post_run_terminations
loading system conditionals post_run_terminations
loading conditionals from /Users/jan/PychronDev/setupfiles/spectrometer/default_conditionals.yaml
Checking default post run terminations n=1
GetDeflection CDD ===>> 50
testing CDD==2000
evaluate ot="CDD.deflection==2000" t="CDD==2000", ctx="{'CDD': 50.0}"
15:41:08 -- ******* Post Run Check Passed *******
15:41:08 -- Automated run 65555-03B success duration: 359.549 s
----------------- finish -----------------
----------------- stop -----------------
retroactive repository identifiers disabled
finish run. runs completed=196
update duration runid=65555-03B, duration=359.548509121, md5=301e91d8
loading script "jan_unknown120_60.py"
loading script "jan_pump_ms.py"
loading script "jan_co2.py"
loading script "jan_pump_extraction_line.py"
testing...
no interpolation path defined
executed snippet estimated_duration=213.652928, duration=0.000200986862183
script duration name:unknown120_60 seconds:214.0
loading script "jan_unknown120_60.py"
loading script "jan_pump_ms.py"
loading script "jan_co2.py"
loading script "jan_pump_extraction_line.py"
testing...
no interpolation path defined
executed snippet estimated_duration=0, duration=2.28881835938e-05
loading script "jan_unknown120_60.py"
loading script "jan_pump_ms.py"
loading script "jan_co2.py"
loading script "jan_pump_extraction_line.py"
testing...
no interpolation path defined
calculate duration
testing...
no interpolation path defined
executed snippet estimated_duration=0, duration=5.72204589844e-05
calculate duration
testing...
no interpolation path defined
executed snippet estimated_duration=0, duration=9.79900360107e-05
executed snippet estimated_duration=0.0, duration=0.00282597541809
script duration name:co2 seconds:0.0
loading script "jan_unknown120_60.py"
loading script "jan_pump_ms.py"
loading script "jan_co2.py"
loading script "jan_pump_extraction_line.py"
testing...
no interpolation path defined
calculate duration
testing...
no interpolation path defined
executed snippet estimated_duration=4.0, duration=0.000155925750732
executed snippet estimated_duration=4.0, duration=0.0014021396637
Script duration 214.0
Run total estimated duration= 215.000
unknown120_60 in script context. using previous estimated duration
script duration name:unknown120_60 seconds:214.0
pump_ms in script context. using previous estimated duration
co2 in script context. using previous estimated duration
script duration name:co2 seconds:0.0
pump_extraction_line in script context. using previous estimated duration
Script duration 214.0
Run total estimated duration= 215.000
script duration name:unknown120_60 seconds:214.0
script duration name:co2 seconds:0.0
Script duration 214.0
Run total estimated duration= 215.000
script duration name:unknown120_60 seconds:214.0
script duration name:co2 seconds:0.0
Script duration 214.0
Run total estimated duration= 215.000
script duration name:unknown120_60 seconds:214.0
script duration name:co2 seconds:0.0
Script duration 214.0
Run total estimated duration= 215.000
script duration name:unknown120_60 seconds:214.0
script duration name:co2 seconds:0.0
Script duration 214.0
Run total estimated duration= 215.000
loading script "jan_unknown400_120.py"
loading script "jan_pump_ms.py"
loading script "jan_cocktail_x1.py"
loading script "jan_pump_extraction_line.py"
testing...
no interpolation path defined
executed snippet estimated_duration=556.052928, duration=0.000168085098267
script duration name:unknown400_120 seconds:556.0
loading script "jan_unknown400_120.py"
loading script "jan_pump_ms.py"
loading script "jan_cocktail_x1.py"
loading script "jan_pump_extraction_line.py"
testing...
no interpolation path defined
calculate duration
testing...
no interpolation path defined
executed snippet estimated_duration=0, duration=4.98294830322e-05
calculate duration
testing...
no interpolation path defined
executed snippet estimated_duration=0, duration=0.000130891799927
calculate duration
testing...
no interpolation path defined
executed snippet estimated_duration=32.0, duration=9.01222229004e-05
calculate duration
testing...
no interpolation path defined
executed snippet estimated_duration=34.0, duration=0.000109910964966
calculate duration
testing...
no interpolation path defined
executed snippet estimated_duration=4.0, duration=6.8187713623e-05
calculate duration
testing...
no interpolation path defined
executed snippet estimated_duration=38.0, duration=0.000119924545288
executed snippet estimated_duration=108.0, duration=0.0145349502563
script duration name:cocktail_x1 seconds:108.0
Script duration 664.0
Run total estimated duration= 665.000
unknown400_120 in script context. using previous estimated duration
script duration name:unknown400_120 seconds:556.0
loading script "jan_unknown400_120.py"
loading script "jan_pump_ms.py"
loading script "jan_sniffair_x2.py"
loading script "jan_pump_extraction_line.py"
testing...
no interpolation path defined
calculate duration
testing...
no interpolation path defined
executed snippet estimated_duration=0, duration=4.60147857666e-05
calculate duration
testing...
no interpolation path defined
executed snippet estimated_duration=0, duration=0.000113964080811
calculate duration
testing...
no interpolation path defined
executed snippet estimated_duration=32.0, duration=0.000159978866577
calculate duration
testing...
no interpolation path defined
executed snippet estimated_duration=34.0, duration=0.000155925750732
calculate duration
testing...
no interpolation path defined
executed snippet estimated_duration=4.0, duration=6.98566436768e-05
calculate duration
testing...
no interpolation path defined
executed snippet estimated_duration=36.0, duration=9.10758972168e-05
calculate duration
testing...
no interpolation path defined
executed snippet estimated_duration=34.0, duration=0.0001220703125
calculate duration
testing...
no interpolation path defined
executed snippet estimated_duration=4.0, duration=6.29425048828e-05
calculate duration
testing...
no interpolation path defined
executed snippet estimated_duration=36.0, duration=8.98838043213e-05
calculate duration
testing...
no interpolation path defined
executed snippet estimated_duration=70.0, duration=0.000136852264404
executed snippet estimated_duration=250.0, duration=0.0202479362488
script duration name:sniffair_x2 seconds:250.0
Script duration 806.0
Run total estimated duration= 807.000
script duration name:unknown400_120 seconds:556.0
cocktail_x1 in script context. using previous estimated duration
script duration name:cocktail_x1 seconds:108.0
Script duration 664.0
Run total estimated duration= 665.000
script duration name:unknown400_120 seconds:556.0
sniffair_x2 in script context. using previous estimated duration
script duration name:sniffair_x2 seconds:250.0
Script duration 806.0
Run total estimated duration= 807.000
loading script "jan_ic_peak_hop3.py"
loading script "jan_pump_ms.py"
loading script "jan_air_x1.py"
loading script "jan_pump_extraction_line.py"
testing...
no interpolation path defined
executed snippet estimated_duration=133.8, duration=0.00761795043945
script duration name:ic_peak_hop3 seconds:134.0
loading script "jan_ic_peak_hop3.py"
loading script "jan_pump_ms.py"
loading script "jan_air_x1.py"
loading script "jan_pump_extraction_line.py"
testing...
no interpolation path defined
calculate duration
testing...
no interpolation path defined
executed snippet estimated_duration=0, duration=4.50611114502e-05
calculate duration
testing...
no interpolation path defined
executed snippet estimated_duration=0, duration=0.000101804733276
calculate duration
testing...
no interpolation path defined
executed snippet estimated_duration=32.0, duration=0.000142097473145
calculate duration
testing...
no interpolation path defined
executed snippet estimated_duration=34.0, duration=0.000102043151855
calculate duration
testing...
no interpolation path defined
executed snippet estimated_duration=4.0, duration=7.08103179932e-05
calculate duration
testing...
no interpolation path defined
executed snippet estimated_duration=36.0, duration=9.29832458496e-05
executed snippet estimated_duration=106.0, duration=0.00997805595398
script duration name:air_x1 seconds:106.0
Script duration 240.0
Run total estimated duration= 241.000
script duration name:unknown120_60 seconds:214.0
script duration name:co2 seconds:0.0
Script duration 214.0
Run total estimated duration= 215.000
script duration name:unknown120_60 seconds:214.0
script duration name:co2 seconds:0.0
Script duration 214.0
Run total estimated duration= 215.000
script duration name:unknown120_60 seconds:214.0
script duration name:co2 seconds:0.0
Script duration 214.0
Run total estimated duration= 215.000
script duration name:unknown120_60 seconds:214.0
script duration name:co2 seconds:0.0
Script duration 214.0
Run total estimated duration= 215.000
script duration name:unknown120_60 seconds:214.0
script duration name:co2 seconds:0.0
Script duration 214.0
Run total estimated duration= 215.000
script duration name:unknown120_60 seconds:214.0
script duration name:co2 seconds:0.0
Script duration 214.0
Run total estimated duration= 215.000
script duration name:unknown400_120 seconds:556.0
script duration name:co2 seconds:0.0
Script duration 556.0
Run total estimated duration= 557.000
script duration name:unknown120_60 seconds:214.0
script duration name:co2 seconds:0.0
Script duration 214.0
Run total estimated duration= 215.000
script duration name:unknown120_60 seconds:214.0
script duration name:co2 seconds:0.0
Script duration 214.0
Run total estimated duration= 215.000
script duration name:unknown120_60 seconds:214.0
script duration name:co2 seconds:0.0
Script duration 214.0
Run total estimated duration= 215.000
script duration name:unknown120_60 seconds:214.0
script duration name:co2 seconds:0.0
Script duration 214.0
Run total estimated duration= 215.000
script duration name:unknown120_60 seconds:214.0
script duration name:co2 seconds:0.0
Script duration 214.0
Run total estimated duration= 215.000
script duration name:unknown120_60 seconds:214.0
script duration name:co2 seconds:0.0
Script duration 214.0
Run total estimated duration= 215.000
script duration name:unknown400_120 seconds:556.0
script duration name:cocktail_x1 seconds:108.0
Script duration 664.0
Run total estimated duration= 665.000
script duration name:unknown400_120 seconds:556.0
script duration name:cocktail_x1 seconds:108.0
Script duration 664.0
Run total estimated duration= 665.000
script duration name:unknown120_60 seconds:214.0
script duration name:co2 seconds:0.0
Script duration 214.0
Run total estimated duration= 215.000
script duration name:unknown120_60 seconds:214.0
script duration name:co2 seconds:0.0
Script duration 214.0
Run total estimated duration= 215.000
script duration name:unknown120_60 seconds:214.0
script duration name:co2 seconds:0.0
Script duration 214.0
Run total estimated duration= 215.000
script duration name:unknown120_60 seconds:214.0
script duration name:co2 seconds:0.0
Script duration 214.0
Run total estimated duration= 215.000
script duration name:unknown120_60 seconds:214.0
script duration name:co2 seconds:0.0
Script duration 214.0
Run total estimated duration= 215.000
script duration name:unknown120_60 seconds:214.0
script duration name:co2 seconds:0.0
Script duration 214.0
Run total estimated duration= 215.000
script duration name:unknown120_60 seconds:214.0
script duration name:co2 seconds:0.0
Script duration 214.0
Run total estimated duration= 215.000
script duration name:unknown120_60 seconds:214.0
script duration name:co2 seconds:0.0
Script duration 214.0
Run total estimated duration= 215.000
ic_peak_hop3 in script context. using previous estimated duration
script duration name:ic_peak_hop3 seconds:134.0
air_x1 in script context. using previous estimated duration
script duration name:air_x1 seconds:106.0
Script duration 240.0
Run total estimated duration= 241.000
script duration name:unknown120_60 seconds:214.0
script duration name:co2 seconds:0.0
Script duration 214.0
Run total estimated duration= 215.000
script duration name:unknown120_60 seconds:214.0
script duration name:co2 seconds:0.0
Script duration 214.0
Run total estimated duration= 215.000
script duration name:unknown120_60 seconds:214.0
script duration name:co2 seconds:0.0
Script duration 214.0
Run total estimated duration= 215.000
script duration name:unknown400_120 seconds:556.0
script duration name:sniffair_x2 seconds:250.0
Script duration 806.0
Run total estimated duration= 807.000
script duration name:unknown120_60 seconds:214.0
script duration name:co2 seconds:0.0
Script duration 214.0
Run total estimated duration= 215.000
script duration name:unknown400_120 seconds:556.0
script duration name:co2 seconds:0.0
Script duration 556.0
Run total estimated duration= 557.000
script duration name:unknown400_120 seconds:556.0
script duration name:cocktail_x1 seconds:108.0
Script duration 664.0
Run total estimated duration= 665.000
script duration name:unknown400_120 seconds:556.0
script duration name:cocktail_x1 seconds:108.0
Script duration 664.0
Run total estimated duration= 665.000
script duration name:unknown120_60 seconds:214.0
script duration name:co2 seconds:0.0
Script duration 214.0
Run total estimated duration= 215.000
script duration name:unknown400_120 seconds:556.0
script duration name:sniffair_x2 seconds:250.0
Script duration 806.0
Run total estimated duration= 807.000
script duration name:unknown120_60 seconds:214.0
script duration name:co2 seconds:0.0
Script duration 214.0
Run total estimated duration= 215.000
script duration name:unknown120_60 seconds:214.0
script duration name:co2 seconds:0.0
Script duration 214.0
Run total estimated duration= 215.000
script duration name:unknown120_60 seconds:214.0
script duration name:co2 seconds:0.0
Script duration 214.0
Run total estimated duration= 215.000
script duration name:unknown120_60 seconds:214.0
script duration name:co2 seconds:0.0
Script duration 214.0
Run total estimated duration= 215.000
script duration name:unknown120_60 seconds:214.0
script duration name:co2 seconds:0.0
Script duration 214.0
Run total estimated duration= 215.000
script duration name:unknown120_60 seconds:214.0
script duration name:co2 seconds:0.0
Script duration 214.0
Run total estimated duration= 215.000
script duration name:unknown120_60 seconds:214.0
script duration name:co2 seconds:0.0
Script duration 214.0
Run total estimated duration= 215.000
script duration name:unknown120_60 seconds:214.0
script duration name:co2 seconds:0.0
Script duration 214.0
Run total estimated duration= 215.000
script duration name:unknown120_60 seconds:214.0
script duration name:co2 seconds:0.0
Script duration 214.0
Run total estimated duration= 215.000
script duration name:unknown120_60 seconds:214.0
script duration name:co2 seconds:0.0
Script duration 214.0
Run total estimated duration= 215.000
script duration name:unknown120_60 seconds:214.0
script duration name:co2 seconds:0.0
Script duration 214.0
Run total estimated duration= 215.000
script duration name:unknown400_120 seconds:556.0
script duration name:cocktail_x1 seconds:108.0
Script duration 664.0
Run total estimated duration= 665.000
script duration name:unknown400_120 seconds:556.0
script duration name:cocktail_x1 seconds:108.0
Script duration 664.0
Run total estimated duration= 665.000
script duration name:unknown120_60 seconds:214.0
script duration name:co2 seconds:0.0
Script duration 214.0
Run total estimated duration= 215.000
script duration name:unknown120_60 seconds:214.0
script duration name:co2 seconds:0.0
Script duration 214.0
Run total estimated duration= 215.000
script duration name:unknown120_60 seconds:214.0
script duration name:co2 seconds:0.0
Script duration 214.0
Run total estimated duration= 215.000
script duration name:unknown120_60 seconds:214.0
script duration name:co2 seconds:0.0
Script duration 214.0
Run total estimated duration= 215.000
script duration name:ic_peak_hop3 seconds:134.0
script duration name:air_x1 seconds:106.0
Script duration 240.0
Run total estimated duration= 241.000
script duration name:unknown120_60 seconds:214.0
script duration name:co2 seconds:0.0
Script duration 214.0
Run total estimated duration= 215.000
nruns=64 before=5.0, run_dur=20490.0, btw=1890.0
write rem/ex queues
/Users/jan/PychronDev/experiments/rem/Load1786.rem.txt
/Users/jan/PychronDev/experiments/rem/Load1786.ex.txt
doing event level: 3
