do run
loading script "jan_unknown120_60.py"
loading script "jan_pump_ms.py"
loading script "jan_co2.py"
loading script "jan_pump_extraction_line.py"
testing...
no interpolation path defined
executed snippet estimated_duration=213.652928, duration=0.000190019607544
script duration name:unknown120_60 seconds:214.0
loading script "jan_unknown120_60.py"
loading script "jan_pump_ms.py"
loading script "jan_co2.py"
loading script "jan_pump_extraction_line.py"
testing...
no interpolation path defined
executed snippet estimated_duration=0, duration=1.81198120117e-05
loading script "jan_unknown120_60.py"
loading script "jan_pump_ms.py"
loading script "jan_co2.py"
loading script "jan_pump_extraction_line.py"
testing...
no interpolation path defined
calculate duration
testing...
no interpolation path defined
executed snippet estimated_duration=0, duration=4.6968460083e-05
calculate duration
testing...
no interpolation path defined
executed snippet estimated_duration=0, duration=7.10487365723e-05
executed snippet estimated_duration=0.0, duration=0.00165200233459
script duration name:co2 seconds:0.0
loading script "jan_unknown120_60.py"
loading script "jan_pump_ms.py"
loading script "jan_co2.py"
loading script "jan_pump_extraction_line.py"
testing...
no interpolation path defined
calculate duration
testing...
no interpolation path defined
executed snippet estimated_duration=4.0, duration=0.000113010406494
executed snippet estimated_duration=4.0, duration=0.00100183486938
Script duration 214.0
Run total estimated duration= 215.000
run duration: 0:03:35
doing event level: 2
15:48:53 -- Setting default integration. t=1.048576
setting integration time = 1.048576
SetIntegrationTime 1.048576 ===>> OK
----------------- start -----------------
**************** Experiment Type: Ar/Ar, Ar/Ar
$$$$$ Clearing conditionals
adding conditionals 
Add queue conditionals
add default conditionals
adding default conditionals from /Users/jan/PychronDev/setupfiles/spectrometer/default_conditionals.yaml
Start automated run 65555-04A
loading script "jan_unknown120_60.py"
loading script "jan_pump_ms.py"
loading script "jan_co2.py"
loading script "jan_pump_extraction_line.py"
%%%%%%%%%%%%%%%%%% setting automated run 65555-04A
No value "sensitivity_multiplier" in metadata
$$$$$$$$$$$$$$$ auto_save_detector_ic=False
============================= Pre Extraction Check =============================
loading queue conditionals pre_run_terminations
loading system conditionals pre_run_terminations
loading conditionals from /Users/jan/PychronDev/setupfiles/spectrometer/default_conditionals.yaml
15:48:54 -- ******* Pre Extraction Check *******
Get a measurement from the spectrometer
GetData ===>> H2,-0.170217943454763,H1,0.0130242743394905,AX,-0.0953345032746916,L1,0.0546793489479312,L2,0.042...
Pre Extraction Termination data. keys=H2,H1,AX,L1,L2,CDD, signals=-0.17022,0.01302,-0.09533,0.05468,0.04217,0.00402
15:48:54 -- testing system defined conditionals
Checking default pre extraction terminations n=2
testing CDD
evaluate ot="CDD.inactive" t="CDD", ctx="{'CDD': False}"
GetDeflection CDD ===>> 50
testing CDD==2000
evaluate ot="CDD.deflection==2000" t="CDD==2000", ctx="{'CDD': 50.0}"
15:48:54 -- ******* Pre Extraction Check Passed *******
=================================================================================
15:48:54 -- stopping status monitor
stop 4984189200
Alive clients [4991693744]
15:48:54 -- starting status monitor
start 4984189200
Monitor already running
start extraction
do extraction
Analysis started at 15:48:54.065525
Extraction Started jan_co2.py
15:48:54 -- ******* Extraction Started jan_co2.py *******
state changed from not run to extraction
DO EXTRACTION <pychron.extraction_line.pyscript_runner.RemotePyScriptRunner object at 0x12c301530>
testing...
no interpolation path defined
calculate duration
testing...
no interpolation path defined
executed snippet estimated_duration=0, duration=4.79221343994e-05
calculate duration
testing...
no interpolation path defined
executed snippet estimated_duration=0, duration=9.79900360107e-05
executed snippet estimated_duration=100.0, duration=0.00255799293518
Jan CO2 laser analysis
doing GOSUB
testing...
no interpolation path defined
executed snippet estimated_duration=0, duration=5.41210174561e-05
Waiting for CO2 access
wait ('FelixCO2Flag', 0) {}
waiting for FelixCO2Flag = 0
Read FelixCO2Flag ===>> 0
finished waiting
CO2 free
wait ('CO2PumpTimeFlag', 0) {}
waiting for CO2PumpTimeFlag = 0
Read CO2PumpTimeFlag ===>> 0
finished waiting
acquire ('JanCO2Flag',) {'clear': True}
acquire JanCO2Flag
Set JanCO2Flag 1 ===>> OK
JanCO2Flag acquired
set extraction state False (0.75, 'red', 1.5)
CO2 acquired
executed snippet estimated_duration=0, duration=0.016049861908
WaitForCO2Access.py completed successfully
gosub finished
doing GOSUB
testing...
no interpolation path defined
executed snippet estimated_duration=0, duration=0.0001220703125
Prepare for CO2 analysis
close () {'description': 'Jan Inlet'}
closing name=--- desc=Jan Inlet
checking ownership. requestor=129.138.12.150
check software interlocks R
interlocks []
actuate state mode=None-script, software_lock=False
doing actuation None-script close_channel False
Close R ===>> OK
GetIndicatorState R ===>> False
change switch state (True, True)
update switch state R False args=() kw={} ncanvase=2
15:48:54 -- CLOSE  VALVE-R (Jan Inlet)
---------------------------------------- close None (Jan Inlet) result=[(True, True)]
action=close, ok=True, locked=[False]
open () {'description': 'Jan Ion Pump'}
opening name=--- desc=Jan Ion Pump
checking ownership. requestor=129.138.12.150
check software interlocks O
interlocks []
actuate state mode=None-script, software_lock=False
doing actuation None-script open_channel False
Open O ===>> OK
GetIndicatorState O ===>> OK
change switch state (True, True)
update switch state O True args=() kw={} ncanvase=2
15:48:54 -- OPEN   VALVE-O (Jan Ion Pump)
---------------------------------------- open None (Jan Ion Pump) result=[(True, True)], time=0.09 sec
action=open, ok=True, locked=[False]
close () {'description': 'Microbone to Minibone'}
closing name=--- desc=Microbone to Minibone
checking ownership. requestor=129.138.12.150
check software interlocks L
interlocks []
actuate state mode=None-script, software_lock=False
doing actuation None-script close_channel False
Close L ===>> OK
GetIndicatorState L ===>> False
change switch state (True, True)
update switch state L False args=() kw={} ncanvase=2
15:48:55 -- CLOSE  VALVE-L (Microbone to Minibone)
---------------------------------------- close None (Microbone to Minibone) result=[(True, True)]
action=close, ok=True, locked=[False]
open () {'description': 'Microbone to Turbo'}
opening name=--- desc=Microbone to Turbo
checking ownership. requestor=129.138.12.150
check software interlocks U
interlocks []
actuate state mode=None-script, software_lock=False
doing actuation None-script open_channel False
Open U ===>> OK
GetIndicatorState U ===>> OK
change switch state (True, True)
update switch state U True args=() kw={} ncanvase=2
15:48:55 -- OPEN   VALVE-U (Microbone to Turbo)
---------------------------------------- open None (Microbone to Turbo) result=[(True, True)], time=0.13 sec
action=open, ok=True, locked=[False]
open () {'description': 'Microbone to Inlet Pipette'}
opening name=--- desc=Microbone to Inlet Pipette
checking ownership. requestor=129.138.12.150
check software interlocks S
interlocks []
actuate state mode=None-script, software_lock=False
doing actuation None-script open_channel False
Open S ===>> OK
GetIndicatorState S ===>> OK
change switch state (True, True)
update switch state S True args=() kw={} ncanvase=2
15:48:56 -- OPEN   VALVE-S (Microbone to Inlet Pipette)
---------------------------------------- open None (Microbone to Inlet Pipette) result=[(True, True)], time=0.40 sec
action=open, ok=True, locked=[False]
open () {'description': 'Microbone to Getter D-50'}
opening name=--- desc=Microbone to Getter D-50
checking ownership. requestor=129.138.12.150
check software interlocks K
interlocks []
actuate state mode=None-script, software_lock=False
doing actuation None-script open_channel False
Open K ===>> OK
GetIndicatorState K ===>> OK
change switch state (True, True)
update switch state K True args=() kw={} ncanvase=2
15:48:57 -- OPEN   VALVE-K (Microbone to Getter D-50)
---------------------------------------- open None (Microbone to Getter D-50) result=[(True, True)], time=0.40 sec
action=open, ok=True, locked=[False]
open () {'description': 'Microbone to Getter NP-10'}
opening name=--- desc=Microbone to Getter NP-10
checking ownership. requestor=129.138.12.150
check software interlocks M
interlocks []
actuate state mode=None-script, software_lock=False
doing actuation None-script open_channel False
Open M ===>> OK
GetIndicatorState M ===>> OK
change switch state (True, True)
update switch state M True args=() kw={} ncanvase=2
15:48:57 -- OPEN   VALVE-M (Microbone to Getter NP-10)
---------------------------------------- open None (Microbone to Getter NP-10) result=[(True, True)], time=0.13 sec
action=open, ok=True, locked=[False]
close () {'description': 'CO2 Laser to Felix'}
closing name=--- desc=CO2 Laser to Felix
checking ownership. requestor=129.138.12.150
check software interlocks F
interlocks []
actuate state mode=None-script, software_lock=True
VALVE-F(CO2 Laser to Felix) software locked
change switch state (True, False)
---------------------------------------- close None (CO2 Laser to Felix) result=[(True, False)]
action=close, ok=True, locked=[True]
open () {'description': 'CO2 Laser to Jan'}
opening name=--- desc=CO2 Laser to Jan
checking ownership. requestor=129.138.12.150
check software interlocks A
interlocks []
actuate state mode=None-script, software_lock=False
doing actuation None-script open_channel False
Open A ===>> OK
GetIndicatorState A ===>> OK
change switch state (True, True)
update switch state A True args=() kw={} ncanvase=2
15:48:57 -- OPEN   VALVE-A (CO2 Laser to Jan)
---------------------------------------- open None (CO2 Laser to Jan) result=[(True, True)], time=0.12 sec
action=open, ok=True, locked=[False]
open () {'description': 'Microbone to CO2 Laser'}
opening name=--- desc=Microbone to CO2 Laser
checking ownership. requestor=129.138.12.150
check software interlocks T
interlocks []
actuate state mode=None-script, software_lock=False
doing actuation None-script open_channel False
Open T ===>> OK
GetIndicatorState T ===>> OK
change switch state (True, True)
update switch state T True args=() kw={} ncanvase=2
15:48:58 -- OPEN   VALVE-T (Microbone to CO2 Laser)
---------------------------------------- open None (Microbone to CO2 Laser) result=[(True, True)], time=0.40 sec
action=open, ok=True, locked=[False]
executed snippet estimated_duration=0, duration=4.77107191086
PrepareForCO2Analysis.py completed successfully
gosub finished
set_motor ('beam', '1.25') {}
setting motor "beam" to 1.25
set motor beam to 1.25
SetMotor beam,1.25 ===>> OK
GetMotorMoving beam ===>> False
GetMotorMoving beam ===>> False
Block completed
move_to_position ('190',) {'autocenter': True}
FusionsCO2 move to position 190
sending GoToHole 190,True
GoToHole 190,True ===>> OK
GetDriveMoving ===>> OK
GetDriveMoving ===>> OK
GetDriveMoving ===>> OK
GetDriveMoving ===>> False
GetDriveMoving ===>> OK
GetDriveMoving ===>> OK
GetDriveMoving ===>> OK
GetDriveMoving ===>> OK
GetDriveMoving ===>> OK
GetDriveMoving ===>> OK
GetDriveMoving ===>> OK
GetDriveMoving ===>> False
Block completed
GetAutoCorrecting ===>> False
GetAutoCorrecting ===>> False
Block completed
update position
GetPosition ===>> 0.00000,-9.96950,1.00000
got position (0.0, -9.9695, 1.0)
move to position succeeded
sleep (5,) {}
SLEEP 5.0
block started
WaitControl setup for 5.0  
Join finished
block finished. duration 5.01630091667
close () {'description': 'Microbone to Turbo'}
closing name=--- desc=Microbone to Turbo
checking ownership. requestor=129.138.12.150
check software interlocks U
interlocks []
actuate state mode=None-script, software_lock=False
doing actuation None-script close_channel True
Close U ===>> OK
GetIndicatorState U ===>> False
change switch state (True, True)
update switch state U False args=() kw={} ncanvase=2
15:49:09 -- CLOSE  VALVE-U (Microbone to Turbo)
---------------------------------------- close None (Microbone to Turbo) result=[(True, True)]
action=close, ok=True, locked=[False]
enable laser
enable () {}
set extraction state FusionsCO2 Enabled (False, 'red', 1.5)
enabling laser
Enable ===>> OK
begin interval
BEGIN INTERVAL Interval 1 waiting for 30.0
block started
set extract to 0.3
WaitControl setup for 30.0  
extract (0.3,) {}
GetPosition ===>> 0.00000,-9.96950,1.00000
set extraction state FusionsCO2 ON! 0.3(watts) (0.75, 'red', 1.5)
extract sample to 0.3 (watts)
set laser output
SetLaserOutput 0.3,watts ===>> OK
executing pattern triangle.lp
execute_pattern ('triangle.lp',) {}
executing pattern triangle.lp
IsPatterning ===>> OK
IsPatterning ===>> OK
IsPatterning ===>> OK
IsPatterning ===>> OK
IsPatterning ===>> OK
IsPatterning ===>> OK
IsPatterning ===>> OK
IsPatterning ===>> OK
IsPatterning ===>> OK
IsPatterning ===>> OK
IsPatterning ===>> OK
IsPatterning ===>> OK
IsPatterning ===>> OK
IsPatterning ===>> OK
IsPatterning ===>> OK
IsPatterning ===>> OK
IsPatterning ===>> OK
IsPatterning ===>> OK
IsPatterning ===>> OK
IsPatterning ===>> OK
IsPatterning ===>> OK
IsPatterning ===>> OK
IsPatterning ===>> OK
IsPatterning ===>> OK
IsPatterning ===>> OK
IsPatterning ===>> OK
IsPatterning ===>> False
IsPatterning ===>> False
Block completed
COMPLETE INTERVAL waiting for Interval 1 to complete
Join finished
block finished. duration 30.0453219414
Interval 1 finished
end_extract () {}
ending extraction. set laser power to 0
set laser power 0
SetLaserPower 0 ===>> OK
disable () {}
%%%%%%%%%%%%%%%%%%%%%%%%%%%%%%%%%%% disable
set extraction state False (0.75, 'red', 1.5)
disabling laser
Disable ===>> OK
sleep (30.0,) {}
SLEEP 30.0
block started
WaitControl setup for 30.0  
Join finished
block finished. duration 30.0402700901
executed snippet estimated_duration=166.5, duration=76.7342681885
jan_co2.py completed successfully
GetAchievedOutput ===>> No Response
Requested Output= 0.000
Achieved Output=  0.000
GetResponseBlob ===>> No Response
GetOutputBlob ===>> No Response
persistence save...
persistence save - db
AutomatedRunPersister post_extraction_save deprecated
persistence save - dvc
no extraction position for 190
create new session 4991427888
close session 4991427888
Extraction Finished
15:50:10 -- ******* Extraction Finished *******
no overlap. not waiting for min ms pumptime
15:50:10 -- Sending spectrometer configuration
======== Sending configuration ========
SetDeflection CDD,50.0 ===>> OK
SetDeflection H2,0.0 ===>> OK
SetDeflection H1,0.0 ===>> OK
SetDeflection L2,825.0 ===>> OK
SetDeflection L1,400.0 ===>> OK
SetDeflection AX,190.0 ===>> OK
SetZFocus 74.64 ===>> OK
SetZSymmetry -50.72 ===>> OK
SetExtractionLens 26.13 ===>> OK
SetIonRepeller -3.81 ===>> OK
SetElectronEnergy 75.08 ===>> OK
SetYSymmetry -2.81 ===>> OK
SetIonCounterVoltage 1590.0 ===>> OK
send trap current 200.0
GetParameter Trap Current Readback ===>> 198.370811206739
SetParameter Trap Current Set,200.0 ===>> OK
updating mftable name mftable
Using mftable located at /Users/jan/PychronDev/setupfiles/spectrometer/mftables/mftable.csv
============ MFtable ===========
Isotope  H2     H1     AX     L1     L2     CDD    
Ar40     5.7971 5.8796 5.9929 6.1370 6.2313 6.3652
Ar39     5.6963 5.7719 5.8853 6.0231 6.1164 6.2518
Ar36     5.3739 5.4409 5.5487 5.6819 5.7713 5.9028
================================
get initial guess parabolic
get initial guess parabolic
get initial guess parabolic
get initial guess parabolic
get initial guess parabolic
get initial guess parabolic
======== Configuration Finished ========
GetYSymmetry ===>> -2.81
GetZSymmetry ===>> -50.72
GetParameter Trap Current Readback ===>> 197.363852774217
GetHighVoltage ===>> 4500
start measurement
do measurement
L#=65555 analysis type=unknown
Measurement Started jan_unknown120_60.py
15:50:11 -- ******* Measurement Started jan_unknown120_60.py *******
state changed from extraction to measurement
setting spec, defl, and gains
GetExtractionLens ===>> 26.13
GetYSymmetry ===>> -2.81
GetZSymmetry ===>> -50.72
GetZFocus ===>> 74.64
GetDeflection H2 ===>> 0
GetDeflection H1 ===>> 0
GetDeflection AX ===>> 190
GetDeflection L1 ===>> 400
GetDeflection L2 ===>> 825
GetDeflection CDD ===>> 50
GetGain H2 ===>> 0.0113
GetGain H1 ===>> 0.1
GetGain AX ===>> 0.097049
GetGain L1 ===>> 0.010355
GetGain L2 ===>> 0.095649
GetGain CDD ===>> 0
pre measurement save
New frame /Users/jan/PychronDev/data/isotopes/63/faa0ac-c8f8-4561-822f-2093de47c5b9.h5
flush and close file /Users/jan/PychronDev/data/isotopes/63/faa0ac-c8f8-4561-822f-2093de47c5b9.h5
testing...
no interpolation path defined
executed snippet estimated_duration=226.132928, duration=0.000123023986816
unknown measurement script
activate_detectors ('H2', 'H1', 'AX', 'L1', 'L2', 'CDD') {}
activate detectors
*************** Set Analysis View Ar/Ar
create graphs
clearing graphs
clear isotope group
setting isotope det=H2, iso=PM41
setting isotope det=H1, iso=Ar40
setting isotope det=AX, iso=Ar39
setting isotope det=L1, iso=Ar38
setting isotope det=L2, iso=Ar37
setting isotope det=CDD, iso=Ar36
setting previous blanks
 - setting Ar40 blank 0.179+/-0.007
 - setting Ar36 blank 0.00450+/-0.00019
 - setting Ar37 blank 0.051+/-0.005
 - setting Ar38 blank 0.0076+/-0.0023
 - setting PM41 blank 0.04+/-0.07
 - setting Ar39 blank 0.011+/-0.009
load analysis view
position_magnet ('Ar40',) {'detector': 'H1'}
detector Detector(H1)
POSITION Ar40 H1
setting detector H2 to PM41 (40.9624)
setting detector H1 to Ar40 (39.9624)
setting detector AX to Ar39 (38.9624)
setting detector L1 to Ar38 (37.9624)
setting detector L2 to Ar37 (36.9624)
setting detector CDD to Ar36 (35.9624)
Mapping mass to dac mass func: "parabolic"
H1 map mass coeffs = [-0.00063987  0.15840543  0.57124999]
H1 map mass to dac 39.9624 >> 5.87964
GetDeflection H1 ===>> 0
GetHighVoltage ===>> 4500
positioning Ar40 (5.87964) on H1
setting magnet DAC
current  : 5.879640
requested: 5.879640
Delta Dac: 0.000000
Checking detector protection. dv=0.00000
Checking detector "CDD". Protection Threshold: 0.1 (V)
SetMagnetDAC 5.87964 ===>> OK
Magnet settling time: 0.500
update labels <pychron.experiment.plot_panel.PlotPanel object at 0x1ddce6a70>
update labels "<pychron.graph.stacked_regression_graph.StackedRegressionGraph object at 0x1d78bfd70>"
setting label 0 H2 PM41
setting label 1 H1 Ar40
setting label 2 AX Ar39
setting label 3 L1 Ar38
setting label 4 L2 Ar37
setting label 5 CDD Ar36
update labels "<pychron.graph.stacked_graph.StackedGraph object at 0x1d938f1d0>"
setting label 0 H2 PM41
setting label 1 H1 Ar40
equilibrate () {'delay': 3, 'inlet': 'R', 'outlet': 'O', 'eqtime': 12.0}
setting label 2 AX Ar39
Equilibration Started
setting label 3 L1 Ar38
setting label 4 L2 Ar37
15:50:12 -- ******* Equilibration Started *******
setting label 5 CDD Ar36
checking ownership. requestor=129.138.12.150
check software interlocks O
interlocks []
actuate state mode=None-script, software_lock=False
doing actuation None-script close_channel True
Close O ===>> OK
set states for children of O. state=False
handle state [('O', False)]
update switch state O False args=() kw={'refresh': False} ncanvase=2
refresh_canvas_needed fired
GetIndicatorState O ===>> False
change switch state (True, True)
update switch state O False args=() kw={} ncanvase=2
15:50:12 -- CLOSE  VALVE-O (Jan Ion Pump)
waiting 3s before opening inlet value ('R',)
checking ownership. requestor=129.138.12.150
check software interlocks R
interlocks []
actuate state mode=None-script, software_lock=False
doing actuation None-script open_channel True
Open R ===>> OK
GetIndicatorState R ===>> OK
change switch state (True, True)
update switch state R True args=() kw={} ncanvase=2
15:50:15 -- OPEN   VALVE-R (Jan Inlet)
set_time_zero () {}
equilibrating for 12.0sec
sniff (12.0,) {}
py_sniff
build tables- sniff [Detector(H2), Detector(H1), Detector(AX), Detector(L1), Detector(L2), Detector(CDD)]
add group /sniff/PM41 (Group) '' table H2
add group /sniff/Ar40 (Group) '' table H1
add group /sniff/Ar39 (Group) '' table AX
add group /sniff/Ar38 (Group) '' table L1
add group /sniff/Ar37 (Group) '' table L2
add group /sniff/Ar36 (Group) '' table CDD
flush and close file /Users/jan/PychronDev/data/isotopes/63/faa0ac-c8f8-4561-822f-2093de47c5b9.h5
measuring sniff. ncounts=12.0
"sniff" increment series count="1" fit count="0" regressing="False"
starting measurement
GetData ===>> H2,-0.0750595751739289,H1,5.47797005946362,AX,1.54978931808757,L1,-0.00616813010495601,L2,0.12624...
GetData ===>> H2,0.95370576421668,H1,99.6811401655388,AX,26.0766909813212,L1,0.230175766968315,L2,0.49519608535...
GetData ===>> H2,0.550608364768905,H1,164.982712627009,AX,40.6315905507827,L1,0.430884255201909,L2,0.3917579633...
GetData ===>> H2,0.020073495029751,H1,185.89971895158,AX,44.3790257976203,L1,0.510222110788625,L2,0.34621548657...
GetData ===>> H2,-0.00647248208628095,H1,193.343428132206,AX,45.8011694705389,L1,0.540609962079498,L2,0.2186481...
GetData ===>> H2,-0.0260628145382848,H1,196.274565895571,AX,46.3002283207009,L1,0.577360844968057,L2,0.33637439...
GetData ===>> H2,-0.0577448562347759,H1,197.774136210081,AX,46.4999888610143,L1,0.60991273731222,L2,0.334970238...
GetData ===>> H2,0.0671543250181523,H1,198.434177265967,AX,46.5909672496193,L1,0.602831971428137,L2,0.244090751...
GetData ===>> H2,-0.0700566014235589,H1,198.605918625045,AX,46.7949959866642,L1,0.625479080404154,L2,0.30529368...
GetData ===>> H2,-0.000924025289707426,H1,198.549806843644,AX,46.6217901011206,L1,0.619640599879396,L2,0.265940...
GetData ===>> H2,-0.141014785328843,H1,198.769154864087,AX,46.6256578899295,L1,0.579606306226019,L2,0.320039501...
Equilibration Finished
15:50:27 -- ******* Equilibration Finished *******
checking ownership. requestor=129.138.12.150
check software interlocks R
interlocks []
actuate state mode=None-script, software_lock=False
doing actuation None-script close_channel True
GetData ===>> H2,-0.210977163401404,H1,198.665749358064,AX,46.4441992670783,L1,0.600616903228868,L2,0.284457111...
Close R ===>> OK
set states for children of R. state=False
handle state [('R', False)]
update switch state R False args=() kw={'refresh': False} ncanvase=2
refresh_canvas_needed fired
GetIndicatorState R ===>> False
change switch state (True, True)
update switch state R False args=() kw={} ncanvase=2
15:50:28 -- CLOSE  VALVE-R (Jan Inlet)
Post Equilibration Started jan_pump_extraction_line.py
15:50:28 -- ******* Post Equilibration Started jan_pump_extraction_line.py *******
testing...
no interpolation path defined
calculate duration
testing...
no interpolation path defined
executed snippet estimated_duration=4.0, duration=0.000204801559448
executed snippet estimated_duration=4.0, duration=0.00146222114563
Pump after analysis
doing GOSUB
testing...
no interpolation path defined
executed snippet estimated_duration=4.0, duration=0.000146865844727
Pump Microbone
close () {'description': 'Jan Inlet'}
closing name=--- desc=Jan Inlet
checking ownership. requestor=129.138.12.150
check software interlocks R
interlocks []
actuate state mode=None-script, software_lock=False
doing actuation None-script close_channel False
Close R ===>> OK
measurement finished
estimated time: 12.583 actual time: :12.664
flush and close file /Users/jan/PychronDev/data/isotopes/63/faa0ac-c8f8-4561-822f-2093de47c5b9.h5
set_fits () {}
using default fits file=/Users/jan/PychronDev/scripts/measurement/fits/nominal_linear.yaml
GetIndicatorState R ===>> False
change switch state (True, True)
update switch state R False args=() kw={} ncanvase=2
set "Ar40" to "('Linear', 'SEM')"
No fit for "PM41". defaulting to linear. check the measurement script "jan_unknown120_60.py"
set "PM41" to "linear"
set "Ar36" to "('Linear', 'SEM')"
set "Ar37" to "('linear', 'SEM')"
15:50:29 -- CLOSE  VALVE-R (Jan Inlet)
set "Ar38" to "('linear', 'SEM')"
---------------------------------------- close None (Jan Inlet) result=[(True, True)]
set "Ar39" to "('Linear', 'SEM')"
set_baseline_fits () {}
using default fits file=/Users/jan/PychronDev/scripts/measurement/fits/nominal_linear.yaml
set "H1" to "('average', 'SEM')"
set "H2" to "('average', 'SEM')"
set "CDD" to "('average', 'SEM')"
set "L2" to "('average', 'SEM')"
set "L1" to "('average', 'SEM')"
set "AX" to "('average', 'SEM')"
multicollect () {'integration_time': 1, 'ncounts': 120}
build tables- signal [Detector(H2), Detector(H1), Detector(AX), Detector(L1), Detector(L2), Detector(CDD)]
add group /signal/PM41 (Group) '' table H2
add group /signal/Ar40 (Group) '' table H1
add group /signal/Ar39 (Group) '' table AX
add group /signal/Ar38 (Group) '' table L1
add group /signal/Ar37 (Group) '' table L2
add group /signal/Ar36 (Group) '' table CDD
flush and close file /Users/jan/PychronDev/data/isotopes/63/faa0ac-c8f8-4561-822f-2093de47c5b9.h5
measuring signal. ncounts=120
"signal" increment series count="2" fit count="1" regressing="True"
action=close, ok=True, locked=[False]
is_closed ('F',) {}
is F () closed?
is closed True
open () {'description': 'CO2 Laser to Jan'}
opening name=--- desc=CO2 Laser to Jan
checking ownership. requestor=129.138.12.150
check software interlocks A
interlocks []
actuate state mode=None-script, software_lock=False
doing actuation None-script open_channel False
Open A ===>> OK
GetIndicatorState A ===>> OK
change switch state (True, True)
update switch state A True args=() kw={} ncanvase=2
15:50:29 -- OPEN   VALVE-A (CO2 Laser to Jan)
---------------------------------------- open None (CO2 Laser to Jan) result=[(True, True)], time=0.11 sec
starting measurement
GetData ===>> H2,0.0362751151106014,H1,198.913388580885,AX,46.6980040700755,L1,0.620277343002009,L2,0.336910948...
action=open, ok=True, locked=[False]
sleep (1,) {}
SLEEP 1.0
close () {'description': 'CO2 Laser to Roughing'}
closing name=--- desc=CO2 Laser to Roughing
checking ownership. requestor=129.138.12.150
check software interlocks G
interlocks []
actuate state mode=None-script, software_lock=True
VALVE-G(CO2 Laser to Roughing) software locked
change switch state (True, False)
---------------------------------------- close None (CO2 Laser to Roughing) result=[(True, False)]
action=close, ok=True, locked=[True]
open () {'description': 'Microbone to Turbo'}
opening name=--- desc=Microbone to Turbo
checking ownership. requestor=129.138.12.150
check software interlocks U
interlocks []
actuate state mode=None-script, software_lock=False
doing actuation None-script open_channel True
GetData ===>> H2,0.00405316902671309,H1,198.764779844078,AX,46.4662418384819,L1,0.656659909551893,L2,0.33748175...
Open U ===>> OK
GetIndicatorState U ===>> OK
change switch state (True, True)
update switch state U True args=() kw={} ncanvase=2
15:50:30 -- OPEN   VALVE-U (Microbone to Turbo)
---------------------------------------- open None (Microbone to Turbo) result=[(True, True)], time=0.16 sec
action=open, ok=True, locked=[False]
open () {'description': 'Microbone to Getter NP-10'}
opening name=--- desc=Microbone to Getter NP-10
checking ownership. requestor=129.138.12.150
check software interlocks M
interlocks []
actuate state mode=None-script, software_lock=False
doing actuation None-script open_channel False
Open M ===>> OK
GetIndicatorState M ===>> OK
change switch state (True, True)
update switch state M True args=() kw={} ncanvase=2
15:50:31 -- OPEN   VALVE-M (Microbone to Getter NP-10)
---------------------------------------- open None (Microbone to Getter NP-10) result=[(True, True)], time=0.13 sec
action=open, ok=True, locked=[False]
open () {'description': 'Microbone to Getter D-50'}
opening name=--- desc=Microbone to Getter D-50
checking ownership. requestor=129.138.12.150
check software interlocks K
interlocks []
actuate state mode=None-script, software_lock=False
doing actuation None-script open_channel False
GetData ===>> H2,-0.0142522129547724,H1,198.622629250343,AX,46.5281957969492,L1,0.616658109577556,L2,0.33368025...
Open K ===>> OK
GetIndicatorState K ===>> OK
change switch state (True, True)
update switch state K True args=() kw={} ncanvase=2
15:50:31 -- OPEN   VALVE-K (Microbone to Getter D-50)
---------------------------------------- open None (Microbone to Getter D-50) result=[(True, True)], time=0.40 sec
action=open, ok=True, locked=[False]
open () {'description': 'Microbone to CO2 Laser'}
opening name=--- desc=Microbone to CO2 Laser
checking ownership. requestor=129.138.12.150
check software interlocks T
interlocks []
actuate state mode=None-script, software_lock=False
doing actuation None-script open_channel False
Open T ===>> OK
GetIndicatorState T ===>> OK
change switch state (True, True)
update switch state T True args=() kw={} ncanvase=2
15:50:32 -- OPEN   VALVE-T (Microbone to CO2 Laser)
---------------------------------------- open None (Microbone to CO2 Laser) result=[(True, True)], time=0.40 sec
action=open, ok=True, locked=[False]
open () {'description': 'Microbone to Inlet Pipette'}
opening name=--- desc=Microbone to Inlet Pipette
checking ownership. requestor=129.138.12.150
check software interlocks S
interlocks []
actuate state mode=None-script, software_lock=False
doing actuation None-script open_channel False
GetData ===>> H2,-0.0405722753218528,H1,198.740267240636,AX,46.4793629613916,L1,0.58364577443482,L2,0.195870873...
Open S ===>> OK
GetIndicatorState S ===>> OK
change switch state (True, True)
update switch state S True args=() kw={} ncanvase=2
15:50:33 -- OPEN   VALVE-S (Microbone to Inlet Pipette)
---------------------------------------- open None (Microbone to Inlet Pipette) result=[(True, True)], time=0.45 sec
action=open, ok=True, locked=[False]
sleep (1,) {}
SLEEP 1.0
GetData ===>> H2,-0.0497195078965858,H1,198.535454650606,AX,46.5137721764518,L1,0.550469045271284,L2,0.28533567...
set_resource () {'name': 'CO2PumpTimeFlag', 'value': 30}
Set CO2PumpTimeFlag 30 ===>> OK
release ('JanCO2Flag',) {}
release JanCO2Flag
Set JanCO2Flag 0 ===>> OK
executed snippet estimated_duration=6.0, duration=5.93868803978
PumpMicrobone.py completed successfully
gosub finished
get_resource_value () {'name': 'JanMiniboneFlag'}
Read JanMiniboneFlag ===>> 0
Get Resource Value JanMiniboneFlag=0.0
get resource value 0.0
get_resource_value () {'name': 'JanMiniboneFlag'}
Read JanMiniboneFlag ===>> 0
Get Resource Value JanMiniboneFlag=0.0
executed snippet estimated_duration=4.0, duration=5.95284581184
jan_pump_extraction_line.py completed successfully
Post Equilibration Finished
15:50:34 -- ******* Post Equilibration Finished *******
GetData ===>> H2,-0.112922166225801,H1,198.327308118457,AX,46.5266585361433,L1,0.557859967471221,L2,0.270104648...
GetData ===>> H2,-0.122101121200633,H1,198.187332274511,AX,46.4978614273554,L1,0.625998655245679,L2,0.228440882...
GetData ===>> H2,-0.0917751431600954,H1,198.438533116006,AX,46.4934773074409,L1,0.607058343949591,L2,0.34669500...
GetData ===>> H2,-0.0532586849812447,H1,198.267829233895,AX,46.4827835982666,L1,0.589105816546296,L2,0.26708154...
GetData ===>> H2,0.00263769025378362,H1,198.130904842425,AX,46.3546478769114,L1,0.576463149984577,L2,0.30112829...
GetData ===>> H2,-0.141191832142162,H1,198.049718237252,AX,46.4326335584838,L1,0.611239450736101,L2,0.281296646...
GetData ===>> H2,-0.157324633855402,H1,198.008277304006,AX,46.3897423706076,L1,0.576506365979862,L2,0.237972044...
GetData ===>> H2,-0.030301459689824,H1,197.941339698891,AX,46.4126655677748,L1,0.55645611243926,L2,0.3203933376...
GetData ===>> H2,-0.137416487210866,H1,198.073544241322,AX,46.4439119068399,L1,0.60669124857708,L2,0.3072337966...
GetData ===>> H2,-0.23920885460232,H1,198.007731461522,AX,46.4190578379606,L1,0.626389590600095,L2,0.3091282939...
GetData ===>> H2,-0.201037124293805,H1,197.92833918704,AX,46.4233961559774,L1,0.612531706571754,L2,0.2836356089...
GetData ===>> H2,-0.233285019868472,H1,197.678774230248,AX,46.287346386335,L1,0.555952843477644,L2,0.1522029113...
GetData ===>> H2,-0.319789785235292,H1,197.552559796209,AX,46.270445424389,L1,0.564840891060635,L2,0.3102353367...
GetData ===>> H2,-0.251494597376518,H1,197.286692975444,AX,46.3202504707432,L1,0.579558182734621,L2,0.277143703...
GetData ===>> H2,-0.16782265276897,H1,197.390667298013,AX,46.3642533326653,L1,0.581654846720993,L2,0.2409057785...
GetData ===>> H2,-0.0877194638532194,H1,197.229627696974,AX,46.1708253298614,L1,0.593168758757754,L2,0.26809684...
GetData ===>> H2,-0.175374181053452,H1,197.534311073015,AX,46.301090037697,L1,0.589723370066643,L2,0.2286577484...
GetData ===>> H2,-0.175374181053452,H1,197.534311073015,AX,46.301090037697,L1,0.589723370066643,L2,0.2286577484...
GetData ===>> H2,-0.163729919723576,H1,197.245994683278,AX,46.1166933378387,L1,0.590928940556488,L2,0.245095352...
15:50:54 -- collecting point 25
GetData ===>> H2,-0.192871323189163,H1,197.157449028099,AX,46.1141245268141,L1,0.578885711178442,L2,0.227253833...
GetData ===>> H2,-0.153783494789067,H1,197.100104510622,AX,46.1506271821762,L1,0.554504848237537,L2,0.219492726...
GetData ===>> H2,-0.138622355138901,H1,197.202012944169,AX,46.1293085740116,L1,0.541836752491658,L2,0.167030445...
GetData ===>> H2,-0.139090067613002,H1,196.840645534312,AX,46.1090731700206,L1,0.561993465654715,L2,0.295936066...
GetData ===>> H2,-0.234767831645892,H1,196.946522256971,AX,46.2449907613317,L1,0.549316423906207,L2,0.348441859...
GetData ===>> H2,-0.229384645555355,H1,197.139834593471,AX,46.1679560683509,L1,0.56653195907515,L2,0.2737553092...
GetData ===>> H2,-0.307922972935366,H1,196.940204445937,AX,46.2911232210389,L1,0.537110120412657,L2,0.165878377...
GetData ===>> H2,-0.213238595781342,H1,196.903570993677,AX,45.9239212537403,L1,0.579570522070077,L2,0.245186680...
GetData ===>> H2,-0.201643803203854,H1,196.561607356391,AX,45.9709318766195,L1,0.566353094909916,L2,0.314013074...
GetData ===>> H2,-0.342382065654522,H1,196.749641244488,AX,46.0982966939012,L1,0.588296877103466,L2,0.254479749...
GetData ===>> H2,-0.148605044519219,H1,196.520097520666,AX,46.123165836568,L1,0.568296095328232,L2,0.2660776737...
GetData ===>> H2,-0.187629469739919,H1,196.422936842684,AX,46.0352786499373,L1,0.578253997848024,L2,0.253828977...
GetData ===>> H2,-0.187723866137134,H1,196.426576554888,AX,45.9846069879287,L1,0.54992045545109,L2,0.3446285136...
GetData ===>> H2,-0.118390653692547,H1,196.617948146349,AX,46.1455638311013,L1,0.553901782222916,L2,0.314458195...
GetData ===>> H2,-0.18486735237959,H1,196.514091563472,AX,46.1126320584302,L1,0.576079152916584,L2,0.2330979064...
GetData ===>> H2,-0.197152259997162,H1,196.127793171916,AX,45.8849252073996,L1,0.591768970092914,L2,0.162296790...
GetData ===>> H2,-0.197152259997162,H1,196.127793171916,AX,45.8849252073996,L1,0.591768970092914,L2,0.162296790...
GetData ===>> H2,-0.207339605174267,H1,196.122005908116,AX,46.0623294755557,L1,0.563766694457239,L2,0.237641006...
GetData ===>> H2,-0.13239561672561,H1,195.922429627984,AX,45.9461202374241,L1,0.567458401546262,L2,0.2465109447...
GetData ===>> H2,-0.103474705281359,H1,195.992439085323,AX,45.805080116736,L1,0.562484217634993,L2,0.2510775140...
GetData ===>> H2,-0.103474705281359,H1,195.992439085323,AX,45.805080116736,L1,0.562484217634993,L2,0.2510775140...
GetData ===>> H2,0.00823672386465193,H1,196.023506619744,AX,45.938834848077,L1,0.57851432816744,L2,0.3220027377...
GetData ===>> H2,-0.137371873046105,H1,195.867287341323,AX,45.857692820107,L1,0.577391716192941,L2,0.3035932714...
GetData ===>> H2,-0.11769928785124,H1,195.78495657535,AX,45.7760756031543,L1,0.5797420403549,L2,0.2989258412447...
GetData ===>> H2,-0.11769928785124,H1,195.78495657535,AX,45.7760756031543,L1,0.5797420403549,L2,0.2989258412447...
15:51:21 -- collecting point 50
GetData ===>> H2,-0.100647060890967,H1,195.880150928086,AX,45.9098840881951,L1,0.553113779604534,L2,0.304243762...
GetData ===>> H2,-0.124316272411812,H1,195.685913917697,AX,45.7938928556959,L1,0.574580342390519,L2,0.337321927...
GetData ===>> H2,-0.0791945191966009,H1,195.484960163642,AX,45.6574278843168,L1,0.555942975703444,L2,0.32139778...
GetData ===>> H2,-0.125341208306136,H1,195.286844854243,AX,45.7106610667251,L1,0.546648012760877,L2,0.213695133...
GetData ===>> H2,-0.125341208306136,H1,195.286844854243,AX,45.7106610667251,L1,0.546648012760877,L2,0.213695133...
GetData ===>> H2,-0.142735130826564,H1,195.534199879981,AX,45.7507053202714,L1,0.534066532189512,L2,0.266260195...
GetData ===>> H2,-0.162894183310218,H1,195.365550918068,AX,45.6055492995962,L1,0.558026518270358,L2,0.309162532...
GetData ===>> H2,-0.154428034724398,H1,194.983816440741,AX,45.755921367731,L1,0.5728928968655,L2,0.252584529707...
GetData ===>> H2,-0.231283857296238,H1,194.916040606421,AX,45.6572847006672,L1,0.573626105694361,L2,0.296997311...
GetData ===>> H2,-0.231283857296238,H1,194.916040606421,AX,45.6572847006672,L1,0.573626105694361,L2,0.296997311...
GetData ===>> H2,-0.158964450891214,H1,195.196391614723,AX,45.6580865313019,L1,0.558981645920761,L2,0.255986818...
GetData ===>> H2,-0.201126105903333,H1,195.089655622003,AX,45.6230830150062,L1,0.57775847338343,L2,0.2916455606...
GetData ===>> H2,-0.204118716019955,H1,195.140635040926,AX,45.6536049394082,L1,0.561651925871794,L2,0.316797967...
GetData ===>> H2,-0.204118716019955,H1,195.140635040926,AX,45.6536049394082,L1,0.561651925871794,L2,0.316797967...
GetData ===>> H2,-0.167813205549539,H1,194.944438629874,AX,45.5598315033103,L1,0.567147522128209,L2,0.227756044...
GetData ===>> H2,-0.19964298769459,H1,194.747164970418,AX,45.4318559023535,L1,0.556868120446262,L2,0.2722493946...
GetData ===>> H2,-0.164080937637951,H1,194.916676338396,AX,45.5213085646756,L1,0.538829157890631,L2,0.247983639...
GetData ===>> H2,-0.177884876737714,H1,194.591729184794,AX,45.6634990280313,L1,0.585727215100652,L2,0.244136414...
GetData ===>> H2,-0.14469300705449,H1,194.688472846055,AX,45.667379565939,L1,0.578300881498377,L2,0.26424106468...
GetData ===>> H2,-0.134866438534537,H1,194.617825309563,AX,45.5076259461639,L1,0.569181977797913,L2,0.297716226...
GetData ===>> H2,-0.191264510940133,H1,194.313375307186,AX,45.5374549144984,L1,0.551989222530883,L2,0.261982426...
GetData ===>> H2,-0.225136847397473,H1,194.286178594489,AX,45.5323445317655,L1,0.566269214848487,L2,0.237424119...
GetData ===>> H2,-0.147710906323217,H1,194.164713225651,AX,45.3714418497538,L1,0.577793050488693,L2,0.207578367...
GetData ===>> H2,-0.0974233106252911,H1,194.33041923803,AX,45.4095603454809,L1,0.540016326605418,L2,0.326032063...
GetData ===>> H2,-0.228364242635242,H1,194.285684998223,AX,45.5135940096272,L1,0.57222391995579,L2,0.2486800379...
15:51:47 -- collecting point 75
GetData ===>> H2,-0.172821825736707,H1,194.044098155003,AX,45.3951211856613,L1,0.573840893868023,L2,0.223179174...
GetData ===>> H2,-0.0158882309622213,H1,194.19110717663,AX,45.3664490393286,L1,0.560276016928272,L2,0.247150251...
GetData ===>> H2,-0.0345127312553155,H1,194.198323234982,AX,45.4002582866031,L1,0.539107465295562,L2,0.28135369...
GetData ===>> H2,-0.132126458043322,H1,194.119266562351,AX,45.4669021887451,L1,0.579485380954561,L2,0.325038984...
GetData ===>> H2,-0.16157902252702,H1,193.911658177254,AX,45.4223737066479,L1,0.563242586173361,L2,0.3457588010...
GetData ===>> H2,-0.0606198513300994,H1,193.938124962236,AX,45.2658502681006,L1,0.583896364666573,L2,0.25624941...
GetData ===>> H2,-0.0745905551135213,H1,193.718525265138,AX,45.2253771634568,L1,0.532239577468741,L2,0.19908858...
GetData ===>> H2,-0.087903782701121,H1,193.574501408662,AX,45.3744748331336,L1,0.555955310422663,L2,0.214927662...
GetData ===>> H2,-0.10296039437239,H1,193.476042388091,AX,45.2125371323477,L1,0.580715676369449,L2,0.3333149578...
GetData ===>> H2,-0.104527616570027,H1,193.441727739601,AX,45.2411674812841,L1,0.54959747909486,L2,0.3236578227...
GetData ===>> H2,-0.279218855851286,H1,193.465377634278,AX,45.2926254708983,L1,0.543781932375853,L2,0.284673898...
GetData ===>> H2,-0.220585690805353,H1,193.483829109047,AX,45.2654357497326,L1,0.583375440044101,L2,0.339570926...
GetData ===>> H2,-0.203707616046646,H1,193.40381875798,AX,45.1151471523147,L1,0.563489222060386,L2,0.2453008403...
GetData ===>> H2,-0.211810942449069,H1,193.16459426679,AX,45.1649042078902,L1,0.597965126531753,L2,0.2680854358...
GetData ===>> H2,-0.184901073696154,H1,192.936999581327,AX,45.216712347935,L1,0.580157891437923,L2,0.3060583141...
GetData ===>> H2,-0.149322195045678,H1,193.145750115934,AX,45.2789869541129,L1,0.593943480335326,L2,0.256603354...
GetData ===>> H2,-0.13558445825051,H1,193.089075994185,AX,45.1492689509859,L1,0.570955204218707,L2,0.1596277971...
GetData ===>> H2,-0.221330648913234,H1,192.869011825863,AX,45.1044039393957,L1,0.594015148095758,L2,0.262769521...
GetData ===>> H2,-0.221870813865305,H1,192.961103696837,AX,45.1285060801743,L1,0.572627522625232,L2,0.209404227...
GetData ===>> H2,-0.225915168890345,H1,192.777856562963,AX,45.2303641071455,L1,0.571626567502946,L2,0.354938598...
GetData ===>> H2,-0.208874258538265,H1,192.832984985761,AX,45.2249056293667,L1,0.580547844116545,L2,0.123432641...
GetData ===>> H2,-0.188202578603677,H1,192.867184557952,AX,44.9850942599488,L1,0.608401999077484,L2,0.269180596...
GetData ===>> H2,-0.207792342835982,H1,192.824037860744,AX,45.1518556306357,L1,0.57946440426542,L2,0.3138076345...
GetData ===>> H2,-0.196653239412326,H1,192.714082394116,AX,44.9875794155053,L1,0.588174615412916,L2,0.257904941...
GetData ===>> H2,-0.27742346096569,H1,192.44884697541,AX,45.0625974325497,L1,0.567990125678247,L2,0.29773904928...
15:52:13 -- collecting point 100
GetData ===>> H2,-0.151075038727504,H1,192.485610672075,AX,45.1462964819471,L1,0.53444354348147,L2,0.2035273673...
GetData ===>> H2,-0.145338802371821,H1,192.620490451161,AX,44.8471632896334,L1,0.51399636206592,L2,0.3834312550...
GetData ===>> H2,-0.131667926791377,H1,192.605345823336,AX,45.0019200554354,L1,0.532590652941332,L2,0.348818635...
GetData ===>> H2,-0.159431768811053,H1,192.443161034886,AX,45.0075482256553,L1,0.538300690598517,L2,0.262472933...
GetData ===>> H2,-0.251790442062347,H1,192.346267977529,AX,44.9804954298529,L1,0.57203631795353,L2,0.1936231072...
GetData ===>> H2,-0.197802302452488,H1,192.111285273016,AX,45.0166624222577,L1,0.537578444293708,L2,0.332287556...
GetData ===>> H2,-0.151179012465516,H1,192.092463853418,AX,44.8359365034204,L1,0.56214512772735,L2,0.2779081055...
GetData ===>> H2,-0.126774340776404,H1,191.974362685382,AX,44.7749095619945,L1,0.546298027445868,L2,0.220588374...
GetData ===>> H2,-0.0885813998369958,H1,192.158587723566,AX,44.9417551507224,L1,0.568086357093519,L2,0.21835144...
GetData ===>> H2,-0.00621138915632151,H1,192.019953975648,AX,44.9221398972598,L1,0.583059441660354,L2,0.2762880...
GetData ===>> H2,-0.234742267574599,H1,191.756616315301,AX,44.9013146971881,L1,0.59334050224684,L2,0.2235444026...
GetData ===>> H2,-0.155623782192672,H1,191.668116832952,AX,44.9031843924472,L1,0.586970600046706,L2,0.238188932...
GetData ===>> H2,-0.0938139541757127,H1,191.718749807795,AX,44.8122270677589,L1,0.523012417410714,L2,0.25197943...
GetData ===>> H2,-0.233139688458792,H1,191.687079311366,AX,44.782828748742,L1,0.558465175435339,L2,0.1907592782...
GetData ===>> H2,-0.2758077640236,H1,191.832712136193,AX,44.7695733243456,L1,0.574519851296665,L2,0.29804715732...
GetData ===>> H2,-0.25061239627765,H1,191.766941611093,AX,44.7725410421324,L1,0.502365462455772,L2,0.3357579335...
GetData ===>> H2,-0.190242610651123,H1,191.484685723514,AX,44.7501280323856,L1,0.523208104293034,L2,0.326043478...
GetData ===>> H2,-0.139674005251462,H1,191.301901074974,AX,44.757688922503,L1,0.56043505081777,L2,0.24798363953...
GetData ===>> H2,-0.206836991243832,H1,191.336690324194,AX,44.694178024357,L1,0.552446675628045,L2,0.2636592890...
GetData ===>> H2,-0.228532521230193,H1,191.380798361804,AX,44.6699691771579,L1,0.568181355649949,L2,0.298777491...
GetData ===>> H2,-0.236545065503559,H1,191.184136938195,AX,44.876711655489,L1,0.566984684253466,L2,0.3038671619...
measurement finished
estimated time: 125.829 actual time: :126.104
flush and close file /Users/jan/PychronDev/data/isotopes/63/faa0ac-c8f8-4561-822f-2093de47c5b9.h5
baselines () {'settling_time': 15.0, 'detector': 'H1', 'mass': 34.2, 'ncounts': 60}
%%%%%%%%%%%%%%%%%%%%%%%%%%%%%%%% Baseline
build tables- baseline [Detector(H2), Detector(H1), Detector(AX), Detector(L1), Detector(L2), Detector(CDD)]
add group baseline table H2
add group baseline table H1
add group baseline table AX
add group baseline table L1
add group baseline table L2
add group baseline table CDD
flush and close file /Users/jan/PychronDev/data/isotopes/63/faa0ac-c8f8-4561-822f-2093de47c5b9.h5
detector Detector(H1)
POSITION 34.2 H1
Mapping mass to dac mass func: "parabolic"
H1 map mass coeffs = [-0.00063987  0.15840543  0.57124999]
H1 map mass to dac 34.2 >> 5.24029599104
GetDeflection H1 ===>> 0
GetHighVoltage ===>> 4500
positioning 34.2 (5.24029599104) on H1
setting magnet DAC
current  : 5.879640
requested: 5.240296
Delta Dac: 0.639344
Checking detector protection. dv=0.63934
Checking detector "CDD". Protection Threshold: 0.1 (V)
ProtectDetector CDD,On ===>> OK
GetDeflection CDD ===>> 2000
Protected = 2000
SetMagnetDAC 5.24029599104 ===>> OK
Magnet settling time: 0.500
GetMagnetMoving ===>> True
GetMagnetMoving ===>> True
GetMagnetMoving ===>> True
GetMagnetMoving ===>> True
GetMagnetMoving ===>> True
GetMagnetMoving ===>> True
GetMagnetMoving ===>> True
GetMagnetMoving ===>> True
GetMagnetMoving ===>> False
ProtectDetector CDD,Off ===>> OK
GetDeflection CDD ===>> 50
Delaying 15.0s for detectors to settle
Join finished
measuring baseline. ncounts=60
"baseline" increment series count="2" fit count="1" regressing="True"
starting measurement
GetData ===>> H2,-0.159412860367547,H1,-0.0325384719179976,AX,-0.120503470565469,L1,-0.0389329309070796,L2,-0.0...
GetData ===>> H2,-0.239192699826924,H1,-0.0165223101506794,AX,-0.0745292676142325,L1,-0.0580675123628525,L2,-0....
GetData ===>> H2,-0.165649584813926,H1,-0.0966609184600341,AX,0.00551093147683279,L1,-0.0475766599472798,L2,-0....
GetData ===>> H2,-0.187185796127981,H1,-0.11731106492403,AX,-0.0985331309954149,L1,0.00241261374681222,L2,0.013...
GetData ===>> H2,-0.233470718393285,H1,0.00394585293614926,AX,-0.0371961896039576,L1,-0.0195669105277717,L2,-0....
GetData ===>> H2,-0.204171281824384,H1,-0.067209510977295,AX,0.0293548046903564,L1,0.00564453609658824,L2,-0.08...
GetData ===>> H2,-0.162356795190007,H1,0.0345008216467992,AX,0.0111493932231977,L1,0.00472133906198036,L2,0.038...
GetData ===>> H2,-0.130613162460203,H1,-0.0643127691928978,AX,-0.113377559152836,L1,-0.0174420498111702,L2,-0.0...
GetData ===>> H2,-0.205789919445888,H1,-0.0788552355800885,AX,-0.0895975705542921,L1,-0.0728534761611404,L2,-0....
GetData ===>> H2,-0.110535559338352,H1,0.00717867865052142,AX,-0.119089916633006,L1,-0.0551433787427059,L2,0.02...
GetData ===>> H2,-0.162610639990501,H1,-0.0596277377162611,AX,-0.0683969593770673,L1,-0.0138810756627808,L2,-0....
GetData ===>> H2,-0.120557833058347,H1,-0.0604383949879271,AX,-0.0911622221174217,L1,0.0197527748363746,L2,-0.1...
GetData ===>> H2,-0.262446227407628,H1,-0.0187287095153142,AX,-0.0344710097125115,L1,-0.0210595606520618,L2,0.0...
GetData ===>> H2,-0.188868696911683,H1,-0.0654452502441448,AX,-0.117166523376137,L1,-0.015291550488183,L2,-0.07...
GetData ===>> H2,-0.208546865331081,H1,-0.0685326861145306,AX,-0.0415331270518726,L1,0.0120299327146976,L2,-0.0...
GetData ===>> H2,-0.256775603281904,H1,-0.0192773201854067,AX,-0.102334261979393,L1,0.0339526722321088,L2,-0.01...
GetData ===>> H2,-0.196332236160794,H1,0.0146229252536269,AX,-0.121221826167869,L1,0.0111428633726189,L2,-0.001...
GetData ===>> H2,-0.0924769147368282,H1,-0.037785205093299,AX,-0.0312006931119136,L1,-0.0256500197793842,L2,0.0...
GetData ===>> H2,-0.272781234816892,H1,0.0714631999994221,AX,-0.11024894535101,L1,-0.0467148957702125,L2,-0.123...
GetData ===>> H2,-0.217864088363545,H1,0.0537501090667859,AX,-0.0769171696763589,L1,-0.0100439256327494,L2,0.01...
GetData ===>> H2,-0.138288456112823,H1,-0.0226166246244606,AX,-0.110399584617419,L1,0.00628277368804164,L2,-0.0...
GetData ===>> H2,-0.0892522010191973,H1,-0.012646085380985,AX,-0.0421940871775129,L1,-0.0085822832262502,L2,-0....
GetData ===>> H2,-0.191176884584986,H1,-0.0774606808347176,AX,-0.00856059463879138,L1,-0.0157713447697547,L2,-0...
GetData ===>> H2,-0.284716971416771,H1,-0.0574580050613392,AX,-0.0518180856986149,L1,-0.0421355338310688,L2,-0....
15:53:19 -- collecting point 25
GetData ===>> H2,-0.207556544232106,H1,-0.0961961517537134,AX,-0.117861730146681,L1,-0.0454723889711028,L2,-0.0...
GetData ===>> H2,-0.0695683886164947,H1,-0.0551093952658064,AX,-0.0340419318827308,L1,-0.0251970598021944,L2,0....
GetData ===>> H2,-0.196623567224856,H1,-0.0125745228970463,AX,0.0689276077241547,L1,-0.0309090928938102,L2,-0.1...
GetData ===>> H2,-0.252434549807966,H1,-0.103524913797703,AX,-0.111732152585273,L1,-0.0276952754756881,L2,-0.02...
GetData ===>> H2,-0.178960526002152,H1,-0.0764952084715496,AX,-0.110573398865775,L1,-0.0325102279018091,L2,-0.1...
GetData ===>> H2,-0.1421716214086,H1,-0.0653618047093517,AX,-0.00662341541841058,L1,-0.0219118904133129,L2,-0.0...
GetData ===>> H2,-0.231344422226149,H1,0.0152552345265235,AX,-0.119124676402278,L1,-0.0216337823106923,L2,-0.14...
GetData ===>> H2,-0.188760826161634,H1,0.0153626081960347,AX,-0.0266545385453728,L1,-0.0293592100423023,L2,0.01...
GetData ===>> H2,-0.192589608340137,H1,0.0314938276556156,AX,-0.178125989963461,L1,-0.0179685102835764,L2,0.000...
GetData ===>> H2,-0.263593236484196,H1,0.0650173729902949,AX,-0.205557021419245,L1,-0.000495650815306401,L2,-0....
GetData ===>> H2,-0.274472591177739,H1,-0.0479678522477432,AX,-0.062716404681505,L1,-0.0508255642530596,L2,-0.1...
GetData ===>> H2,-0.231635129370141,H1,-0.0567784637315992,AX,0.0354240318122157,L1,-0.046674199522976,L2,-0.04...
GetData ===>> H2,-0.202106205500244,H1,-0.0810840989618587,AX,-0.0820289377668589,L1,-0.0340153257505723,L2,0.0...
GetData ===>> H2,-0.226242371089918,H1,-0.00528680871749716,AX,-0.100051283438451,L1,-0.0124080036334326,L2,0.0...
GetData ===>> H2,-0.155340056919324,H1,0.0707231024795753,AX,-0.00904778334546847,L1,-0.0444344548166508,L2,-0....
GetData ===>> H2,-0.0945995777487196,H1,-0.0576129875254015,AX,-0.0246945237436552,L1,-0.0473995255685933,L2,0....
GetData ===>> H2,-0.16923694760459,H1,-0.00721911850589656,AX,-0.0563050946230148,L1,-0.0378464010831121,L2,-0....
GetData ===>> H2,-0.169000794239072,H1,0.0432598029356026,AX,-0.176062845005076,L1,-0.00330709488039629,L2,-0.0...
GetData ===>> H2,-0.194496775244701,H1,-0.0325265472111756,AX,-0.11122230264909,L1,-0.0150216561510287,L2,-0.01...
GetData ===>> H2,-0.0420486651204703,H1,0.0387608844069522,AX,-0.0294263264176007,L1,-0.00562117742599483,L2,0....
GetData ===>> H2,-0.199243860865475,H1,-0.0139938359392076,AX,-0.102114078566021,L1,-0.0417463415073716,L2,-0.0...
GetData ===>> H2,-0.141998644076681,H1,-0.0449513212198881,AX,-0.0937235603659905,L1,-0.0283541737810857,L2,0.0...
GetData ===>> H2,-0.246742538283653,H1,-0.0634783012697813,AX,-0.0605484320932336,L1,-0.0141627206981338,L2,-0....
GetData ===>> H2,-0.140990458069842,H1,0.0355151058626159,AX,-0.127814229052183,L1,0.00911454089389164,L2,-0.04...
GetData ===>> H2,-0.209700109578972,H1,0.020755300621045,AX,-0.0499861207687713,L1,-0.0425977549788956,L2,-0.14...
15:53:45 -- collecting point 50
GetData ===>> H2,-0.271371801317296,H1,-0.082442846931907,AX,-0.00756301015456494,L1,-0.0191604397201383,L2,-0....
GetData ===>> H2,-0.311569647464864,H1,-0.105800891622132,AX,-0.109310341590345,L1,0.0181310996250076,L2,-0.164...
GetData ===>> H2,-0.321260194675955,H1,-0.0159975377367559,AX,-0.0338563841272243,L1,-0.00370900844894504,L2,0....
GetData ===>> H2,-0.321660938404591,H1,-0.0321568805938586,AX,-0.0366743525531383,L1,-0.0123756391747322,L2,-0....
GetData ===>> H2,-0.199367915306978,H1,0.0143008069709129,AX,-0.0823187124950466,L1,0.027070804726658,L2,-0.063...
GetData ===>> H2,-0.178716253266884,H1,-0.0180608315974993,AX,-0.10578759979068,L1,0.0319710107720225,L2,-0.005...
GetData ===>> H2,-0.18951455152262,H1,-0.0652425966817692,AX,-0.147417698505846,L1,-0.0208066050123044,L2,-0.08...
GetData ===>> H2,-0.218444841701446,H1,-0.0497801117517181,AX,-0.104721481734327,L1,-0.036908321105991,L2,0.014...
GetData ===>> H2,-0.123161418450867,H1,-0.0494343542481122,AX,-0.0227692636767554,L1,-0.0346028842128858,L2,0.0...
GetData ===>> H2,-0.211480940322751,H1,-0.00435642403389098,AX,-0.12612272364587,L1,-0.0265379059427431,L2,0.15...
GetData ===>> H2,-0.356627463767238,H1,-0.0270171806802775,AX,-0.164506105901558,L1,-0.0420576965721485,L2,-0.0...
measurement finished
estimated time: 62.915 actual time: :63.080
flush and close file /Users/jan/PychronDev/data/isotopes/63/faa0ac-c8f8-4561-822f-2093de47c5b9.h5
activate_detectors ('H1', 'AX', 'CDD') {'peak_center': True}
peak_center () {'detector': 'H1', 'integration_time': 0.262144, 'isotope': 'Ar40'}
peak center: mean=191.536181212 threshold=3
peak center started
setup peak center. detector=['H1', 'AX', 'CDD'], isotope=Ar40
VersionedUnpickler [<apptools.sweet_pickle.versioned_unpickler.VersionedUnpickler object at 0x1cd106ad0>] using Updater [<apptools.sweet_pickle.updater.Updater object at 0x1373f1ad0>]
VersionedUnpickler [<apptools.sweet_pickle.versioned_unpickler.VersionedUnpickler object at 0x1cd106ad0>] using Updater [<apptools.sweet_pickle.updater.Updater object at 0x1373f1ad0>]
VersionedUnpickler [<apptools.sweet_pickle.versioned_unpickler.VersionedUnpickler object at 0x1df194110>] using Updater [<apptools.sweet_pickle.updater.Updater object at 0x1373f1ad0>]
setting integration time = 0.524288
SetIntegrationTime 0.524288 ===>> OK
Mapping mass to dac mass func: "parabolic"
H1 map mass coeffs = [-0.00063987  0.15840543  0.57124999]
H1 map mass to dac 39.9624 >> 5.87964
GetDeflection H1 ===>> 0
GetHighVoltage ===>> 4500
do peak center. <pychron.spectrometer.jobs.peak_center.PeakCenter object at 0x1376ecfb0>
doing pc
starting peak center. center dac= 5.87964 step_width=0.001
width = 0.001
get scan parameters. half-width=0.015,window=0.015, i=0, scalar=1
Scan parameters center=5.87964 width=0.03000 (5.86464 - 5.89464)
GetData ===>> H2,-0.157138214594249,H1,-0.134165657586194,AX,-0.124431188826269,L1,-0.00963746886078914,L2,-0.0...
Moving to starting dac 5.86464
setting magnet DAC
current  : 5.240296
requested: 5.864640
Delta Dac: 0.624344
Checking detector protection. dv=0.62434
Checking detector "CDD". Protection Threshold: 0.1 (V)
ProtectDetector CDD,On ===>> OK
GetDeflection CDD ===>> 2000
Protected = 2000
SetMagnetDAC 5.86464 ===>> OK
Magnet settling time: 0.500
GetMagnetMoving ===>> True
GetMagnetMoving ===>> True
GetMagnetMoving ===>> True
GetMagnetMoving ===>> True
GetMagnetMoving ===>> True
GetMagnetMoving ===>> True
GetMagnetMoving ===>> True
GetMagnetMoving ===>> True
GetMagnetMoving ===>> False
ProtectDetector CDD,Off ===>> OK
GetDeflection CDD ===>> 50
Wait until signal near baseline. tol= -0.10062424319. timeout= 10
GetData ===>> H2,1.60038085159082,H1,0.841785778411652,AX,-0.0522238960488904,L1,0.00870212918812049,L2,-0.0537...
GetData ===>> H2,11.5976848463936,H1,6.78202201042251,AX,0.696070574838881,L1,0.00869014072825182,L2,-0.1153845...
GetData ===>> H2,9.96347076798786,H1,5.5662416903125,AX,0.884837278448417,L1,-0.0204239907626412,L2,-0.10943629...
GetData ===>> H2,4.94988224260667,H1,2.7131336550813,AX,0.21455132645035,L1,-0.0413798881885007,L2,-0.050930915...
GetData ===>> H2,1.93638023735299,H1,1.41367161744477,AX,0.136903071923022,L1,-0.0446032610975003,L2,-0.0823138...
GetData ===>> H2,0.524684660576823,H1,0.794627827410621,AX,0.0750978361528296,L1,-0.0378440050771995,L2,0.10130...
GetData ===>> H2,0.0615599934010831,H1,0.567640980218509,AX,-0.000660837423960339,L1,-0.0510564776734784,L2,-0....
GetData ===>> H2,-0.122252598299941,H1,0.3548382007877,AX,-0.0785167994452272,L1,-0.0453814094109461,L2,-0.0645...
GetData ===>> H2,-0.175210664740294,H1,0.170051296018792,AX,0.00804007762920319,L1,-0.0213485936465914,L2,-0.00...
GetData ===>> H2,-0.142235248688141,H1,0.134422326433481,AX,-0.0806032335361056,L1,-0.0122953269202186,L2,-0.03...
GetData ===>> H2,-0.00940377403416701,H1,0.224950429594295,AX,-0.12540440423351,L1,-0.0335927603559123,L2,-0.01...
GetData ===>> H2,0.0417840117162928,H1,0.125648193076233,AX,-0.000266412770645371,L1,-0.0186799488392878,L2,-0....
GetData ===>> H2,0.0317714144288901,H1,0.119211138376563,AX,-0.0879749423557827,L1,-0.011715141745184,L2,-0.052...
GetData ===>> H2,-0.0847284647049865,H1,0.166258855303014,AX,-0.0689418114798533,L1,-0.0343487049498637,L2,-0.0...
GetData ===>> H2,-0.12082430532992,H1,0.166902844550543,AX,0.00312106476282832,L1,-0.0473540446161187,L2,0.0038...
GetData ===>> H2,-0.151398625315882,H1,0.170409080855527,AX,-0.0305860468733494,L1,-0.0228095803980569,L2,-0.06...
GetData ===>> H2,-0.171339170293719,H1,0.142267243158556,AX,0.0300162508435318,L1,-0.0304583330437697,L2,0.0184...
GetData ===>> H2,-0.198947203424281,H1,0.107005711343944,AX,-0.107444694881424,L1,-0.0388095491981899,L2,0.0326...
GetData ===>> H2,-0.272465553494094,H1,0.0480930838957285,AX,-0.120144290775062,L1,-0.0170170778983543,L2,0.026...
GetData ===>> H2,-0.23175884170475,H1,0.157171892812236,AX,-0.0302845208842668,L1,-0.00375219820611681,L2,0.021...
GetData ===>> H2,-0.23175884170475,H1,0.157171892812236,AX,-0.0302845208842668,L1,-0.00375219820611681,L2,0.021...
Peak center failed to move to a baseline position
_do_sweep sm= 5.86464, em= 5.89464, stm= 0.001
calculated step values: start=5.86464, end=5.89464, width=0.001, nsteps=31.0
setting magnet DAC
current  : 5.864640
requested: 5.864640
Delta Dac: 0.000000
Checking detector protection. dv=0.00000
Checking detector "CDD". Protection Threshold: 0.1 (V)
SetMagnetDAC 5.86464 ===>> OK
GetData ===>> H2,-0.211863472511206,H1,0.222253681085971,AX,0.0537324573809358,L1,0.0241407087186771,L2,0.00737...
setting magnet DAC
current  : 5.864640
requested: 5.865674
Delta Dac: 0.001034
Checking detector protection. dv=0.00103
Checking detector "CDD". Protection Threshold: 0.1 (V)
SetMagnetDAC 5.86567448276 ===>> OK
Magnet settling time: 1.049
GetData ===>> H2,-0.132821248251535,H1,0.414955396783046,AX,-0.0359669689725313,L1,0.0104597917619219,L2,-0.077...
setting magnet DAC
current  : 5.865674
requested: 5.866709
Delta Dac: 0.001034
Checking detector protection. dv=0.00103
Checking detector "CDD". Protection Threshold: 0.1 (V)
SetMagnetDAC 5.86670896552 ===>> OK
Magnet settling time: 1.049
GetData ===>> H2,-0.0669018346051688,H1,1.23038419323611,AX,0.21708109729186,L1,0.0113663187763228,L2,-0.033334...
setting magnet DAC
current  : 5.866709
requested: 5.867743
Delta Dac: 0.001034
Checking detector protection. dv=0.00103
Checking detector "CDD". Protection Threshold: 0.1 (V)
SetMagnetDAC 5.86774344828 ===>> OK
Magnet settling time: 1.049
GetData ===>> H2,-0.194817586589127,H1,4.63039271078436,AX,0.713764411118074,L1,-0.0089312261718071,L2,-0.19174...
setting magnet DAC
current  : 5.867743
requested: 5.868778
Delta Dac: 0.001034
Checking detector protection. dv=0.00103
Checking detector "CDD". Protection Threshold: 0.1 (V)
SetMagnetDAC 5.86877793103 ===>> OK
Magnet settling time: 1.049
GetData ===>> H2,-0.124118846688515,H1,15.8090775243293,AX,2.33507202211999,L1,-0.0288907528937654,L2,0.0016624...
setting magnet DAC
current  : 5.868778
requested: 5.869812
Delta Dac: 0.001034
Checking detector protection. dv=0.00103
Checking detector "CDD". Protection Threshold: 0.1 (V)
SetMagnetDAC 5.86981241379 ===>> OK
Magnet settling time: 1.049
GetData ===>> H2,-0.186768708512942,H1,43.7458721273378,AX,6.98051836729234,L1,-0.0025908091356757,L2,0.0400898...
setting magnet DAC
current  : 5.869812
requested: 5.870847
Delta Dac: 0.001034
Checking detector protection. dv=0.00103
Checking detector "CDD". Protection Threshold: 0.1 (V)
SetMagnetDAC 5.87084689655 ===>> OK
Magnet settling time: 1.049
GetData ===>> H2,-0.086938580828588,H1,88.6325999792331,AX,16.0875973658895,L1,0.117315727813876,L2,-0.03624865...
setting magnet DAC
current  : 5.870847
requested: 5.871881
Delta Dac: 0.001034
Checking detector protection. dv=0.00103
Checking detector "CDD". Protection Threshold: 0.1 (V)
SetMagnetDAC 5.87188137931 ===>> OK
Magnet settling time: 1.049
GetData ===>> H2,-0.302477157567164,H1,134.156155309292,AX,26.7639172696327,L1,0.185858063070564,L2,0.052917640...
setting magnet DAC
current  : 5.871881
requested: 5.872916
Delta Dac: 0.001034
Checking detector protection. dv=0.00103
Checking detector "CDD". Protection Threshold: 0.1 (V)
SetMagnetDAC 5.87291586207 ===>> OK
Magnet settling time: 1.049
GetData ===>> H2,-0.264642782638515,H1,164.235515689597,AX,35.4398296289264,L1,0.295162755272124,L2,0.200982741...
setting magnet DAC
current  : 5.872916
requested: 5.873950
Delta Dac: 0.001034
Checking detector protection. dv=0.00103
Checking detector "CDD". Protection Threshold: 0.1 (V)
SetMagnetDAC 5.87395034483 ===>> OK
Magnet settling time: 1.049
GetData ===>> H2,-0.331925759087056,H1,177.860216665281,AX,40.2435370189625,L1,0.35481316252282,L2,0.1848721539...
setting magnet DAC
current  : 5.873950
requested: 5.874985
Delta Dac: 0.001034
Checking detector protection. dv=0.00103
Checking detector "CDD". Protection Threshold: 0.1 (V)
SetMagnetDAC 5.87498482759 ===>> OK
Magnet settling time: 1.049
GetData ===>> H2,-0.228757401626584,H1,182.673604161272,AX,42.1134437414757,L1,0.441947006126058,L2,0.193839894...
setting magnet DAC
current  : 5.874985
requested: 5.876019
Delta Dac: 0.001034
Checking detector protection. dv=0.00103
Checking detector "CDD". Protection Threshold: 0.1 (V)
SetMagnetDAC 5.87601931034 ===>> OK
Magnet settling time: 1.049
GetData ===>> H2,-0.148837943957554,H1,183.72815548995,AX,42.6124605733533,L1,0.464435515656682,L2,0.2326413254...
setting magnet DAC
current  : 5.876019
requested: 5.877054
Delta Dac: 0.001034
Checking detector protection. dv=0.00103
Checking detector "CDD". Protection Threshold: 0.1 (V)
SetMagnetDAC 5.8770537931 ===>> OK
Magnet settling time: 1.049
GetData ===>> H2,-0.0959262922195846,H1,184.141881254373,AX,42.4561143836592,L1,0.476020110776318,L2,0.37368691...
setting magnet DAC
current  : 5.877054
requested: 5.878088
Delta Dac: 0.001034
Checking detector protection. dv=0.00103
Checking detector "CDD". Protection Threshold: 0.1 (V)
SetMagnetDAC 5.87808827586 ===>> OK
Magnet settling time: 1.049
GetData ===>> H2,-0.145061975193734,H1,184.180399316609,AX,42.5823116432119,L1,0.528544428678089,L2,0.329017395...
setting magnet DAC
current  : 5.878088
requested: 5.879123
Delta Dac: 0.001034
Checking detector protection. dv=0.00103
Checking detector "CDD". Protection Threshold: 0.1 (V)
SetMagnetDAC 5.87912275862 ===>> OK
Magnet settling time: 1.049
GetData ===>> H2,-0.138005992882494,H1,184.029027945586,AX,42.8027227944721,L1,0.491489427089225,L2,0.204246264...
setting magnet DAC
current  : 5.879123
requested: 5.880157
Delta Dac: 0.001034
Checking detector protection. dv=0.00103
Checking detector "CDD". Protection Threshold: 0.1 (V)
SetMagnetDAC 5.88015724138 ===>> OK
Magnet settling time: 1.049
GetData ===>> H2,-0.23937040108533,H1,183.998914414141,AX,42.82416638284,L1,0.536647290403941,L2,0.251499932709...
setting magnet DAC
current  : 5.880157
requested: 5.881192
Delta Dac: 0.001034
Checking detector protection. dv=0.00103
Checking detector "CDD". Protection Threshold: 0.1 (V)
SetMagnetDAC 5.88119172414 ===>> OK
Magnet settling time: 1.049
GetData ===>> H2,-0.131642935249521,H1,184.003536397258,AX,42.7306407593889,L1,0.52425681482454,L2,0.2846878676...
setting magnet DAC
current  : 5.881192
requested: 5.882226
Delta Dac: 0.001034
Checking detector protection. dv=0.00103
Checking detector "CDD". Protection Threshold: 0.1 (V)
SetMagnetDAC 5.8822262069 ===>> OK
Magnet settling time: 1.049
GetData ===>> H2,-0.198995747901512,H1,183.977544908254,AX,42.7209162876594,L1,0.532107723898479,L2,0.269186495...
setting magnet DAC
current  : 5.882226
requested: 5.883261
Delta Dac: 0.001034
Checking detector protection. dv=0.00103
Checking detector "CDD". Protection Threshold: 0.1 (V)
SetMagnetDAC 5.88326068966 ===>> OK
Magnet settling time: 1.049
GetData ===>> H2,-0.116643892863596,H1,183.688683718326,AX,42.4926172327845,L1,0.516409061382797,L2,0.272696880...
setting magnet DAC
current  : 5.883261
requested: 5.884295
Delta Dac: 0.001034
Checking detector protection. dv=0.00103
Checking detector "CDD". Protection Threshold: 0.1 (V)
SetMagnetDAC 5.88429517241 ===>> OK
Magnet settling time: 1.049
GetData ===>> H2,-0.28281056152945,H1,182.418305846934,AX,41.9044433618389,L1,0.484893945017196,L2,0.1880210358...
setting magnet DAC
current  : 5.884295
requested: 5.885330
Delta Dac: 0.001034
Checking detector protection. dv=0.00103
Checking detector "CDD". Protection Threshold: 0.1 (V)
SetMagnetDAC 5.88532965517 ===>> OK
Magnet settling time: 1.049
GetData ===>> H2,-0.213102572431491,H1,178.156221953886,AX,39.991020650577,L1,0.482476330789339,L2,0.3433650360...
setting magnet DAC
current  : 5.885330
requested: 5.886364
Delta Dac: 0.001034
Checking detector protection. dv=0.00103
Checking detector "CDD". Protection Threshold: 0.1 (V)
SetMagnetDAC 5.88636413793 ===>> OK
Magnet settling time: 1.049
GetData ===>> H2,-0.166343392174479,H1,164.372974002367,AX,34.9546631934435,L1,0.460396127717481,L2,0.139407454...
setting magnet DAC
current  : 5.886364
requested: 5.887399
Delta Dac: 0.001034
Checking detector protection. dv=0.00103
Checking detector "CDD". Protection Threshold: 0.1 (V)
SetMagnetDAC 5.88739862069 ===>> OK
Magnet settling time: 1.049
GetData ===>> H2,-0.071103476041274,H1,133.529159954837,AX,25.6456155747904,L1,0.38605678650202,L2,0.1338883743...
setting magnet DAC
current  : 5.887399
requested: 5.888433
Delta Dac: 0.001034
Checking detector protection. dv=0.00103
Checking detector "CDD". Protection Threshold: 0.1 (V)
SetMagnetDAC 5.88843310345 ===>> OK
Magnet settling time: 1.049
GetData ===>> H2,-0.139329492759754,H1,88.7186431258005,AX,14.6435418168946,L1,0.311323511432941,L2,-0.05379881...
setting magnet DAC
current  : 5.888433
requested: 5.889468
Delta Dac: 0.001034
Checking detector protection. dv=0.00103
Checking detector "CDD". Protection Threshold: 0.1 (V)
SetMagnetDAC 5.88946758621 ===>> OK
Magnet settling time: 1.049
GetData ===>> H2,-0.0770682804673027,H1,45.4533110531493,AX,6.34097762456622,L1,0.163473141946219,L2,0.09357681...
setting magnet DAC
current  : 5.889468
requested: 5.890502
Delta Dac: 0.001034
Checking detector protection. dv=0.00103
Checking detector "CDD". Protection Threshold: 0.1 (V)
SetMagnetDAC 5.89050206897 ===>> OK
Magnet settling time: 1.049
GetData ===>> H2,-0.132042926775825,H1,17.4352698727372,AX,2.0577212225982,L1,0.149197686613446,L2,-0.153617706...
setting magnet DAC
current  : 5.890502
requested: 5.891537
Delta Dac: 0.001034
Checking detector protection. dv=0.00103
Checking detector "CDD". Protection Threshold: 0.1 (V)
SetMagnetDAC 5.89153655172 ===>> OK
Magnet settling time: 1.049
GetData ===>> H2,-0.232439164838021,H1,5.21271067367224,AX,0.436851259436299,L1,0.0687496879509413,L2,-0.059420...
setting magnet DAC
current  : 5.891537
requested: 5.892571
Delta Dac: 0.001034
Checking detector protection. dv=0.00103
Checking detector "CDD". Protection Threshold: 0.1 (V)
SetMagnetDAC 5.89257103448 ===>> OK
Magnet settling time: 1.049
GetData ===>> H2,-0.317917864580983,H1,1.21128563603519,AX,-0.00690181480429031,L1,0.00342944418776953,L2,0.048...
setting magnet DAC
current  : 5.892571
requested: 5.893606
Delta Dac: 0.001034
Checking detector protection. dv=0.00103
Checking detector "CDD". Protection Threshold: 0.1 (V)
SetMagnetDAC 5.89360551724 ===>> OK
Magnet settling time: 1.049
GetData ===>> H2,-0.208862133032944,H1,0.105527811372963,AX,0.0533849032033427,L1,-0.039535443125321,L2,-0.1058...
setting magnet DAC
current  : 5.893606
requested: 5.894640
Delta Dac: 0.001034
Checking detector protection. dv=0.00103
Checking detector "CDD". Protection Threshold: 0.1 (V)
SetMagnetDAC 5.89464 ===>> OK
Magnet settling time: 1.049
GetData ===>> H2,-0.175450734755247,H1,0.00148849806700397,AX,-0.0710284508922212,L1,-0.0253741766779771,L2,-0....
result of _do_sweep=True
result of _calculate_peak_center=([5.8719446092184384, 5.879609939879761, 5.8872752705410836], [135.99467332852953, 184.17885550649933, 137.20692936531844], 5.8780468136272566, 184.17885550649933)
Failed to find a valid peak. No peak greater than 1.0. max = 0.0214247153161
new center pos Detector(H1) (Ar40) @ 5.87960993988
GetHighVoltage ===>> 4500
GetDeflection H1 ===>> 0
dac uncorrected for HV and deflection 5.87960993988
update mftable H1 Ar40 5.87960993988 message=automated run peakcenter
get initial guess parabolic
get initial guess parabolic
get initial guess parabolic
get initial guess parabolic
get initial guess parabolic
get initial guess parabolic
dump mftable to /Users/jan/PychronDev/setupfiles/spectrometer/mftables/mftable.csv
add to repo msg=modified - automated run peakcenter
sweep finished
locally archiving mftable
setting magnet DAC
current  : 5.894640
requested: 5.879610
Delta Dac: 0.015030
Checking detector protection. dv=0.01503
Checking detector "CDD". Protection Threshold: 0.1 (V)
SetMagnetDAC 5.87960993988 ===>> OK
Magnet settling time: 0.500
setting integration time = 1.048576
SetIntegrationTime 1.048576 ===>> OK
Failed to find a valid peak. No peak greater than 1.0. max = 0.0214247153161
flush and close file /Users/jan/PychronDev/data/isotopes/63/faa0ac-c8f8-4561-822f-2093de47c5b9.h5
finished measure script
executed snippet estimated_duration=226.132928, duration=271.775819063
jan_unknown120_60.py completed successfully
Measurement Finished
15:54:43 -- ******* Measurement Finished *******
Post Measurement Started jan_pump_ms.py
15:54:43 -- ******* Post Measurement Started jan_pump_ms.py *******
testing...
no interpolation path defined
executed snippet estimated_duration=0, duration=2.98023223877e-05
Pumping spectrometer
open () {'name': 'O'}
opening name=O desc=---
checking ownership. requestor=129.138.12.150
check software interlocks O
interlocks []
actuate state mode=None-script, software_lock=False
doing actuation None-script open_channel True
Open O ===>> OK
GetIndicatorState O ===>> OK
change switch state (True, True)
update switch state O True args=() kw={} ncanvase=2
15:54:43 -- OPEN   VALVE-O (Jan Ion Pump)
---------------------------------------- open O () result=[(True, True)], time=0.08 sec
action=open, ok=True, locked=[False]
executed snippet estimated_duration=0, duration=0.337663173676
jan_pump_ms.py completed successfully
setting _ms_pumptime
Post Measurement Finished
15:54:43 -- ******* Post Measurement Finished *******
$$$$$$$$$$$$$$$$$$$$ state at run end measurement
state changed from measurement to success
post measurement save measured=True aborted=False
Set filtering
setting fod for Ar40= {'filter_outliers': True, 'std_devs': 2, 'iterations': 1}
setting fod for H1= {'filter_outliers': True, 'std_devs': 2, 'iterations': 1}
setting fod for PM41= {'filter_outliers': False, 'std_devs': 2, 'iterations': 1}
setting fod for H2= {'filter_outliers': True, 'std_devs': 2, 'iterations': 1}
setting fod for Ar36= {'filter_outliers': True, 'std_devs': 2, 'iterations': 1}
setting fod for CDD= {'filter_outliers': True, 'std_devs': 10, 'iterations': 1}
setting fod for Ar37= {'filter_outliers': True, 'std_devs': 2, 'iterations': 1}
setting fod for L2= {'filter_outliers': True, 'std_devs': 2, 'iterations': 1}
setting fod for Ar38= {'filter_outliers': True, 'std_devs': 2, 'iterations': 1}
setting fod for L1= {'filter_outliers': True, 'std_devs': 2, 'iterations': 1}
setting fod for Ar39= {'filter_outliers': True, 'std_devs': 2, 'iterations': 1}
setting fod for AX= {'filter_outliers': True, 'std_devs': 2, 'iterations': 1}
persistence save...
persistence save - db
post measurement save
7832856912 connecting to database sqlite:////Users/jan/PychronDev/.appdata/local_lab.db
connected to db sqlite:////Users/jan/PychronDev/.appdata/local_lab.db
create new session 7832856912
close session 7832856912
No database instance. Not saving post measurement to isotopedb database
$$$$$$$$$$$$$$$ auto_save_detector_ic=False
massspec enabled True
create new session 4985911824
MassSpec Database Version: 16.0
close session 4985911824
saving post measurement to secondary database
saving to massspec database 129.138.12.160/massspecdata
setting labnumber to 65555
setting aliquot to 4
setting step to A
setting uuid to 63faa0ac-c8f8-4561-822f-2093de47c5b9
setting irradpos to 65555
setting extract_device to Fusions CO2
setting tray to 
setting position to 190
setting power_requested to 0.3
setting extract_value to 0.3
setting duration to 30.0
setting duration_at_request to 30.0
setting first_stage_delay to 30.0
setting cleanup to 30.0
setting comment to N:14 without inclusions
setting irradiation to NM-289
setting level to N
setting irradiation_level to N
setting sample to Bw-2014-7 WO
setting material to Sanidine
setting project to Bustos Wells
setting mass_spectrometer to Jan
no attribute chron_dosages
no attribute production_ratios
no attribute interference_corrections
no attribute production_name
no attribute j
Reference Isotope=Ar40
Reference Detector=H1
%%%%%%%%%%%%%%%%%%%% Comment: N:14 without inclusions %%%%%%%%%%%%%%%%%%%
adding isotope PM41 H2
add baseline dbdet= PM41. original det= H2
get baseline data PM41 H2
Get data baseline <pychron.processing.isotope.Baseline object at 0x1be3b17d0> len t=60
baseline PM41. v=-0.1989028543, e=0.00735383917041
get signal data PM41 H2
Get data signal PM41 0.08+/-0.07 len t=120
adding isotope Ar40 H1
add baseline dbdet= Ar40. original det= H1
get baseline data Ar40 H1
Get data baseline <pychron.processing.isotope.Baseline object at 0x1be3b1bd0> len t=60
baseline Ar40. v=-0.0318992868508, e=0.00575634777792
get signal data Ar40 H1
Get data signal Ar40 199.614+/-0.027 len t=120
adding isotope Ar39 AX
add baseline dbdet= Ar39. original det= AX
get baseline data Ar39 AX
Get data baseline <pychron.processing.isotope.Baseline object at 0x1be3b19d0> len t=60
baseline Ar39. v=-0.0743196631806, e=0.0066062246003
get signal data Ar39 AX
Get data signal Ar39 46.865+/-0.015 len t=120
adding isotope Ar38 L1
add baseline dbdet= Ar38. original det= L1
get baseline data Ar38 L1
Get data baseline <pychron.processing.isotope.Baseline object at 0x1be3b16d0> len t=60
baseline Ar38. v=-0.021792020379, e=0.00264423880503
get signal data Ar38 L1
Get data signal Ar38 0.606+/-0.004 len t=120
adding isotope Ar37 L2
add baseline dbdet= Ar37. original det= L2
get baseline data Ar37 L2
Get data baseline <pychron.processing.isotope.Baseline object at 0x1be3b1850> len t=60
baseline Ar37. v=-0.0366156685156, e=0.00708946946709
get signal data Ar37 L2
Get data signal Ar37 0.319+/-0.009 len t=120
adding isotope Ar36 CDD
add baseline dbdet= Ar36. original det= CDD
get baseline data Ar36 CDD
Get data baseline <pychron.processing.isotope.Baseline object at 0x1be3b1110> len t=60
baseline Ar36. v=5.21028940625e-05, e=1.10910700897e-05
get signal data Ar36 CDD
Get data signal Ar36 0.01476+/-0.00029 len t=120
65555-04A added analysis time 0.488676071167s
analysis added to mass spec database
mass spec save time= 0.497
persistence save - dvc
================= post measurement started
create new session 4991427888
close session 4991427888
---------------- Experiment Queue saving disabled
DVC saving peakcenter
Failed to find a valid peak. No peak greater than 1.0. max = 0.0214247153161
Smart pull ahead: 0 behind: 0
Up-to-date with origin
add to repo msg=modified - ad8224ebc6dbfeb9f5997218dfa5fe690569839d.json
add to repo msg=modified - 55-04A.json
add to repo msg=modified - 55-04A.dat.json
add to repo msg=modified - 55-04A.blan.json
add to repo msg=modified - 55-04A.inte.json
add to repo msg=modified - 55-04A.icfa.json
add to repo msg=modified - 55-04A.base.json
not at valid file /Users/jan/PychronDev/data/.dvc/repositories/Load1786/655/tags/55-04A.tags.json
add to repo msg=modified - 55-04A.peak.json
add to repo msg=modified - 55-04A.extr.json
not at valid file /Users/jan/PychronDev/data/.dvc/repositories/Load1786/655/monitor/55-04A.moni.json
commit message=<COLLECTION>
add to repo msg=modified - 55-04A.inte.json
add to repo msg=modified - 55-04A.base.json
commit message=<ISOEVO> default collection fits
add to repo msg=modified - 55-04A.blan.json
commit message=<BLANKS> preceding bc-02-J-326
add to repo msg=modified - 55-04A.icfa.json
commit message=<ICFactor> default
push repository <pychron.git_archive.repo_manager.GitRepoManager object at 0x1bea8e5f0>
pushing to remote=origin, url=https://github.com
no changes to meta repo
create new session 4991427888
add association Load1786
get identifier "65555"
setting analysis irradiation position=<pychron.dvc.dvc_orm.IrradiationPositionTbl object at 0x17bbfa890>
close session 4991427888
================= post measurement finished
15:54:55 -- ******* Post Run Check *******
loading queue conditionals post_run_actions
loading system conditionals post_run_actions
loading conditionals from /Users/jan/PychronDev/setupfiles/spectrometer/default_conditionals.yaml
loading queue conditionals post_run_terminations
loading system conditionals post_run_terminations
loading conditionals from /Users/jan/PychronDev/setupfiles/spectrometer/default_conditionals.yaml
Checking default post run terminations n=1
GetDeflection CDD ===>> 50
testing CDD==2000
evaluate ot="CDD.deflection==2000" t="CDD==2000", ctx="{'CDD': 50.0}"
15:54:55 -- ******* Post Run Check Passed *******
15:54:55 -- Automated run 65555-04A success duration: 361.976 s
----------------- finish -----------------
----------------- stop -----------------
retroactive repository identifiers disabled
finish run. runs completed=198
update duration runid=65555-04A, duration=361.975651979, md5=301e91d8
loading script "jan_unknown120_60.py"
loading script "jan_pump_ms.py"
loading script "jan_co2.py"
loading script "jan_pump_extraction_line.py"
testing...
no interpolation path defined
executed snippet estimated_duration=213.652928, duration=0.00026798248291
script duration name:unknown120_60 seconds:214.0
loading script "jan_unknown120_60.py"
loading script "jan_pump_ms.py"
loading script "jan_co2.py"
loading script "jan_pump_extraction_line.py"
testing...
no interpolation path defined
executed snippet estimated_duration=0, duration=2.8133392334e-05
loading script "jan_unknown120_60.py"
loading script "jan_pump_ms.py"
loading script "jan_co2.py"
loading script "jan_pump_extraction_line.py"
testing...
no interpolation path defined
calculate duration
testing...
no interpolation path defined
executed snippet estimated_duration=0, duration=5.60283660889e-05
calculate duration
testing...
no interpolation path defined
executed snippet estimated_duration=0, duration=9.3936920166e-05
executed snippet estimated_duration=0.0, duration=0.00339317321777
script duration name:co2 seconds:0.0
loading script "jan_unknown120_60.py"
loading script "jan_pump_ms.py"
loading script "jan_co2.py"
loading script "jan_pump_extraction_line.py"
testing...
no interpolation path defined
calculate duration
testing...
no interpolation path defined
executed snippet estimated_duration=4.0, duration=0.000156164169312
executed snippet estimated_duration=4.0, duration=0.00162220001221
Script duration 214.0
Run total estimated duration= 215.000
unknown120_60 in script context. using previous estimated duration
script duration name:unknown120_60 seconds:214.0
pump_ms in script context. using previous estimated duration
co2 in script context. using previous estimated duration
script duration name:co2 seconds:0.0
pump_extraction_line in script context. using previous estimated duration
Script duration 214.0
Run total estimated duration= 215.000
script duration name:unknown120_60 seconds:214.0
script duration name:co2 seconds:0.0
Script duration 214.0
Run total estimated duration= 215.000
script duration name:unknown120_60 seconds:214.0
script duration name:co2 seconds:0.0
Script duration 214.0
Run total estimated duration= 215.000
loading script "jan_unknown400_120.py"
loading script "jan_pump_ms.py"
loading script "jan_cocktail_x1.py"
loading script "jan_pump_extraction_line.py"
testing...
no interpolation path defined
executed snippet estimated_duration=556.052928, duration=0.000149965286255
script duration name:unknown400_120 seconds:556.0
loading script "jan_unknown400_120.py"
loading script "jan_pump_ms.py"
loading script "jan_cocktail_x1.py"
loading script "jan_pump_extraction_line.py"
testing...
no interpolation path defined
calculate duration
testing...
no interpolation path defined
executed snippet estimated_duration=0, duration=4.6968460083e-05
calculate duration
testing...
no interpolation path defined
executed snippet estimated_duration=0, duration=0.000195026397705
calculate duration
testing...
no interpolation path defined
executed snippet estimated_duration=32.0, duration=0.000133037567139
calculate duration
testing...
no interpolation path defined
executed snippet estimated_duration=34.0, duration=0.000119209289551
calculate duration
testing...
no interpolation path defined
executed snippet estimated_duration=4.0, duration=6.60419464111e-05
calculate duration
testing...
no interpolation path defined
executed snippet estimated_duration=38.0, duration=0.0001220703125
executed snippet estimated_duration=108.0, duration=0.0162360668182
script duration name:cocktail_x1 seconds:108.0
Script duration 664.0
Run total estimated duration= 665.000
unknown400_120 in script context. using previous estimated duration
script duration name:unknown400_120 seconds:556.0
loading script "jan_unknown400_120.py"
loading script "jan_pump_ms.py"
loading script "jan_sniffair_x2.py"
loading script "jan_pump_extraction_line.py"
testing...
no interpolation path defined
calculate duration
testing...
no interpolation path defined
executed snippet estimated_duration=0, duration=4.6968460083e-05
calculate duration
testing...
no interpolation path defined
executed snippet estimated_duration=0, duration=0.000123023986816
calculate duration
testing...
no interpolation path defined
executed snippet estimated_duration=32.0, duration=9.01222229004e-05
calculate duration
testing...
no interpolation path defined
executed snippet estimated_duration=34.0, duration=0.000101089477539
calculate duration
testing...
no interpolation path defined
executed snippet estimated_duration=4.0, duration=6.79492950439e-05
calculate duration
testing...
no interpolation path defined
executed snippet estimated_duration=36.0, duration=0.000211000442505
calculate duration
testing...
no interpolation path defined
executed snippet estimated_duration=34.0, duration=0.000115871429443
calculate duration
testing...
no interpolation path defined
executed snippet estimated_duration=4.0, duration=9.70363616943e-05
calculate duration
testing...
no interpolation path defined
executed snippet estimated_duration=36.0, duration=0.000113010406494
calculate duration
testing...
no interpolation path defined
executed snippet estimated_duration=70.0, duration=9.98973846436e-05
executed snippet estimated_duration=250.0, duration=0.0206780433655
script duration name:sniffair_x2 seconds:250.0
Script duration 806.0
Run total estimated duration= 807.000
script duration name:unknown400_120 seconds:556.0
cocktail_x1 in script context. using previous estimated duration
script duration name:cocktail_x1 seconds:108.0
Script duration 664.0
Run total estimated duration= 665.000
script duration name:unknown400_120 seconds:556.0
sniffair_x2 in script context. using previous estimated duration
script duration name:sniffair_x2 seconds:250.0
Script duration 806.0
Run total estimated duration= 807.000
loading script "jan_ic_peak_hop3.py"
loading script "jan_pump_ms.py"
loading script "jan_air_x1.py"
loading script "jan_pump_extraction_line.py"
testing...
no interpolation path defined
executed snippet estimated_duration=133.8, duration=0.00752282142639
script duration name:ic_peak_hop3 seconds:134.0
loading script "jan_ic_peak_hop3.py"
loading script "jan_pump_ms.py"
loading script "jan_air_x1.py"
loading script "jan_pump_extraction_line.py"
testing...
no interpolation path defined
calculate duration
testing...
no interpolation path defined
executed snippet estimated_duration=0, duration=6.38961791992e-05
calculate duration
testing...
no interpolation path defined
executed snippet estimated_duration=0, duration=0.000102043151855
calculate duration
testing...
no interpolation path defined
executed snippet estimated_duration=32.0, duration=9.60826873779e-05
calculate duration
testing...
no interpolation path defined
executed snippet estimated_duration=34.0, duration=9.48905944824e-05
calculate duration
testing...
no interpolation path defined
executed snippet estimated_duration=4.0, duration=6.50882720947e-05
calculate duration
testing...
no interpolation path defined
executed snippet estimated_duration=36.0, duration=8.89301300049e-05
executed snippet estimated_duration=106.0, duration=0.010223865509
script duration name:air_x1 seconds:106.0
Script duration 240.0
Run total estimated duration= 241.000
script duration name:unknown120_60 seconds:214.0
script duration name:co2 seconds:0.0
Script duration 214.0
Run total estimated duration= 215.000
script duration name:unknown120_60 seconds:214.0
script duration name:co2 seconds:0.0
Script duration 214.0
Run total estimated duration= 215.000
script duration name:unknown120_60 seconds:214.0
script duration name:co2 seconds:0.0
Script duration 214.0
Run total estimated duration= 215.000
script duration name:unknown120_60 seconds:214.0
script duration name:co2 seconds:0.0
Script duration 214.0
Run total estimated duration= 215.000
script duration name:unknown120_60 seconds:214.0
script duration name:co2 seconds:0.0
Script duration 214.0
Run total estimated duration= 215.000
script duration name:unknown120_60 seconds:214.0
script duration name:co2 seconds:0.0
Script duration 214.0
Run total estimated duration= 215.000
script duration name:unknown400_120 seconds:556.0
script duration name:co2 seconds:0.0
Script duration 556.0
Run total estimated duration= 557.000
script duration name:unknown120_60 seconds:214.0
script duration name:co2 seconds:0.0
Script duration 214.0
Run total estimated duration= 215.000
script duration name:unknown120_60 seconds:214.0
script duration name:co2 seconds:0.0
Script duration 214.0
Run total estimated duration= 215.000
script duration name:unknown120_60 seconds:214.0
script duration name:co2 seconds:0.0
Script duration 214.0
Run total estimated duration= 215.000
script duration name:unknown120_60 seconds:214.0
script duration name:co2 seconds:0.0
Script duration 214.0
Run total estimated duration= 215.000
script duration name:unknown120_60 seconds:214.0
script duration name:co2 seconds:0.0
Script duration 214.0
Run total estimated duration= 215.000
script duration name:unknown120_60 seconds:214.0
script duration name:co2 seconds:0.0
Script duration 214.0
Run total estimated duration= 215.000
script duration name:unknown400_120 seconds:556.0
script duration name:cocktail_x1 seconds:108.0
Script duration 664.0
Run total estimated duration= 665.000
script duration name:unknown400_120 seconds:556.0
script duration name:cocktail_x1 seconds:108.0
Script duration 664.0
Run total estimated duration= 665.000
script duration name:unknown120_60 seconds:214.0
script duration name:co2 seconds:0.0
Script duration 214.0
Run total estimated duration= 215.000
script duration name:unknown120_60 seconds:214.0
script duration name:co2 seconds:0.0
Script duration 214.0
Run total estimated duration= 215.000
script duration name:unknown120_60 seconds:214.0
script duration name:co2 seconds:0.0
Script duration 214.0
Run total estimated duration= 215.000
script duration name:unknown120_60 seconds:214.0
script duration name:co2 seconds:0.0
Script duration 214.0
Run total estimated duration= 215.000
script duration name:unknown120_60 seconds:214.0
script duration name:co2 seconds:0.0
Script duration 214.0
Run total estimated duration= 215.000
script duration name:unknown120_60 seconds:214.0
script duration name:co2 seconds:0.0
Script duration 214.0
Run total estimated duration= 215.000
script duration name:unknown120_60 seconds:214.0
script duration name:co2 seconds:0.0
Script duration 214.0
Run total estimated duration= 215.000
script duration name:unknown120_60 seconds:214.0
script duration name:co2 seconds:0.0
Script duration 214.0
Run total estimated duration= 215.000
ic_peak_hop3 in script context. using previous estimated duration
script duration name:ic_peak_hop3 seconds:134.0
air_x1 in script context. using previous estimated duration
script duration name:air_x1 seconds:106.0
Script duration 240.0
Run total estimated duration= 241.000
script duration name:unknown120_60 seconds:214.0
script duration name:co2 seconds:0.0
Script duration 214.0
Run total estimated duration= 215.000
script duration name:unknown120_60 seconds:214.0
script duration name:co2 seconds:0.0
Script duration 214.0
Run total estimated duration= 215.000
script duration name:unknown120_60 seconds:214.0
script duration name:co2 seconds:0.0
Script duration 214.0
Run total estimated duration= 215.000
script duration name:unknown400_120 seconds:556.0
script duration name:sniffair_x2 seconds:250.0
Script duration 806.0
Run total estimated duration= 807.000
script duration name:unknown120_60 seconds:214.0
script duration name:co2 seconds:0.0
Script duration 214.0
Run total estimated duration= 215.000
script duration name:unknown400_120 seconds:556.0
script duration name:co2 seconds:0.0
Script duration 556.0
Run total estimated duration= 557.000
script duration name:unknown400_120 seconds:556.0
script duration name:cocktail_x1 seconds:108.0
Script duration 664.0
Run total estimated duration= 665.000
script duration name:unknown400_120 seconds:556.0
script duration name:cocktail_x1 seconds:108.0
Script duration 664.0
Run total estimated duration= 665.000
script duration name:unknown120_60 seconds:214.0
script duration name:co2 seconds:0.0
Script duration 214.0
Run total estimated duration= 215.000
script duration name:unknown400_120 seconds:556.0
script duration name:sniffair_x2 seconds:250.0
Script duration 806.0
Run total estimated duration= 807.000
script duration name:unknown120_60 seconds:214.0
script duration name:co2 seconds:0.0
Script duration 214.0
Run total estimated duration= 215.000
script duration name:unknown120_60 seconds:214.0
script duration name:co2 seconds:0.0
Script duration 214.0
Run total estimated duration= 215.000
script duration name:unknown120_60 seconds:214.0
script duration name:co2 seconds:0.0
Script duration 214.0
Run total estimated duration= 215.000
script duration name:unknown120_60 seconds:214.0
script duration name:co2 seconds:0.0
Script duration 214.0
Run total estimated duration= 215.000
script duration name:unknown120_60 seconds:214.0
script duration name:co2 seconds:0.0
Script duration 214.0
Run total estimated duration= 215.000
script duration name:unknown120_60 seconds:214.0
script duration name:co2 seconds:0.0
Script duration 214.0
Run total estimated duration= 215.000
script duration name:unknown120_60 seconds:214.0
script duration name:co2 seconds:0.0
Script duration 214.0
Run total estimated duration= 215.000
script duration name:unknown120_60 seconds:214.0
script duration name:co2 seconds:0.0
Script duration 214.0
Run total estimated duration= 215.000
script duration name:unknown120_60 seconds:214.0
script duration name:co2 seconds:0.0
Script duration 214.0
Run total estimated duration= 215.000
script duration name:unknown120_60 seconds:214.0
script duration name:co2 seconds:0.0
Script duration 214.0
Run total estimated duration= 215.000
script duration name:unknown120_60 seconds:214.0
script duration name:co2 seconds:0.0
Script duration 214.0
Run total estimated duration= 215.000
script duration name:unknown400_120 seconds:556.0
script duration name:cocktail_x1 seconds:108.0
Script duration 664.0
Run total estimated duration= 665.000
script duration name:unknown400_120 seconds:556.0
script duration name:cocktail_x1 seconds:108.0
Script duration 664.0
Run total estimated duration= 665.000
script duration name:unknown120_60 seconds:214.0
script duration name:co2 seconds:0.0
Script duration 214.0
Run total estimated duration= 215.000
script duration name:unknown120_60 seconds:214.0
script duration name:co2 seconds:0.0
Script duration 214.0
Run total estimated duration= 215.000
script duration name:unknown120_60 seconds:214.0
script duration name:co2 seconds:0.0
Script duration 214.0
Run total estimated duration= 215.000
script duration name:unknown120_60 seconds:214.0
script duration name:co2 seconds:0.0
Script duration 214.0
Run total estimated duration= 215.000
script duration name:ic_peak_hop3 seconds:134.0
script duration name:air_x1 seconds:106.0
Script duration 240.0
Run total estimated duration= 241.000
script duration name:unknown120_60 seconds:214.0
script duration name:co2 seconds:0.0
Script duration 214.0
Run total estimated duration= 215.000
nruns=62 before=5.0, run_dur=20060.0, btw=1830.0
write rem/ex queues
/Users/jan/PychronDev/experiments/rem/Load1786.rem.txt
/Users/jan/PychronDev/experiments/rem/Load1786.ex.txt
doing event level: 3
