do run
loading script "jan_unknown120_60.py"
loading script "jan_pump_ms.py"
loading script "jan_co2.py"
loading script "jan_pump_extraction_line.py"
testing...
no interpolation path defined
executed snippet estimated_duration=213.652928, duration=0.000384092330933
script duration name:unknown120_60 seconds:214.0
loading script "jan_unknown120_60.py"
loading script "jan_pump_ms.py"
loading script "jan_co2.py"
loading script "jan_pump_extraction_line.py"
testing...
no interpolation path defined
executed snippet estimated_duration=0, duration=3.60012054443e-05
loading script "jan_unknown120_60.py"
loading script "jan_pump_ms.py"
loading script "jan_co2.py"
loading script "jan_pump_extraction_line.py"
testing...
no interpolation path defined
calculate duration
testing...
no interpolation path defined
executed snippet estimated_duration=0, duration=9.20295715332e-05
calculate duration
testing...
no interpolation path defined
executed snippet estimated_duration=0, duration=0.000103950500488
executed snippet estimated_duration=0.0, duration=0.00337195396423
script duration name:co2 seconds:0.0
loading script "jan_unknown120_60.py"
loading script "jan_pump_ms.py"
loading script "jan_co2.py"
loading script "jan_pump_extraction_line.py"
testing...
no interpolation path defined
calculate duration
testing...
no interpolation path defined
executed snippet estimated_duration=4.0, duration=0.000165939331055
executed snippet estimated_duration=4.0, duration=0.00163412094116
Script duration 214.0
Run total estimated duration= 215.000
run duration: 0:03:35
doing event level: 2
19:32:53 -- Setting default integration. t=1.048576
setting integration time = 1.048576
SetIntegrationTime 1.048576 ===>> OK
----------------- start -----------------
**************** Experiment Type: Ar/Ar, Ar/Ar
$$$$$ Clearing conditionals
adding conditionals 
Add queue conditionals
add default conditionals
adding default conditionals from /Users/jan/PychronDev/setupfiles/spectrometer/default_conditionals.yaml
Start automated run 65555-09C
loading script "jan_unknown120_60.py"
loading script "jan_pump_ms.py"
loading script "jan_co2.py"
loading script "jan_pump_extraction_line.py"
%%%%%%%%%%%%%%%%%% setting automated run 65555-09C
No value "sensitivity_multiplier" in metadata
$$$$$$$$$$$$$$$ auto_save_detector_ic=False
============================= Pre Extraction Check =============================
loading queue conditionals pre_run_terminations
loading system conditionals pre_run_terminations
loading conditionals from /Users/jan/PychronDev/setupfiles/spectrometer/default_conditionals.yaml
19:32:53 -- ******* Pre Extraction Check *******
Get a measurement from the spectrometer
GetData ===>> H2,-0.201031731446487,H1,0.0111274007757125,AX,-0.0832691675458702,L1,0.000352856320382589,L2,0.0...
Pre Extraction Termination data. keys=H2,H1,AX,L1,L2,CDD, signals=-0.20103,0.01113,-0.08327,0.00035,0.06462,0.00402
19:32:53 -- testing system defined conditionals
Checking default pre extraction terminations n=2
testing CDD
evaluate ot="CDD.inactive" t="CDD", ctx="{'CDD': False}"
GetDeflection CDD ===>> 50
testing CDD==2000
evaluate ot="CDD.deflection==2000" t="CDD==2000", ctx="{'CDD': 50.0}"
19:32:53 -- ******* Pre Extraction Check Passed *******
=================================================================================
19:32:53 -- stopping status monitor
stop 4984189200
Alive clients [4991693744]
19:32:53 -- starting status monitor
start 4984189200
Monitor already running
start extraction
do extraction
Analysis started at 19:32:53.464165
Extraction Started jan_co2.py
19:32:53 -- ******* Extraction Started jan_co2.py *******
state changed from not run to extraction
DO EXTRACTION <pychron.extraction_line.pyscript_runner.RemotePyScriptRunner object at 0x12c301530>
testing...
no interpolation path defined
calculate duration
testing...
no interpolation path defined
executed snippet estimated_duration=0, duration=5.10215759277e-05
calculate duration
testing...
no interpolation path defined
executed snippet estimated_duration=0, duration=0.00014591217041
executed snippet estimated_duration=100.0, duration=0.00775599479675
Jan CO2 laser analysis
doing GOSUB
testing...
no interpolation path defined
executed snippet estimated_duration=0, duration=8.79764556885e-05
Waiting for CO2 access
wait ('FelixCO2Flag', 0) {}
waiting for FelixCO2Flag = 0
Read FelixCO2Flag ===>> 0
finished waiting
CO2 free
wait ('CO2PumpTimeFlag', 0) {}
waiting for CO2PumpTimeFlag = 0
Read CO2PumpTimeFlag ===>> 0
finished waiting
acquire ('JanCO2Flag',) {'clear': True}
acquire JanCO2Flag
Set JanCO2Flag 1 ===>> OK
JanCO2Flag acquired
set extraction state False (0.75, 'red', 1.5)
CO2 acquired
executed snippet estimated_duration=0, duration=0.0235779285431
WaitForCO2Access.py completed successfully
gosub finished
doing GOSUB
testing...
no interpolation path defined
executed snippet estimated_duration=0, duration=9.51290130615e-05
Prepare for CO2 analysis
close () {'description': 'Jan Inlet'}
closing name=--- desc=Jan Inlet
checking ownership. requestor=129.138.12.150
check software interlocks R
interlocks []
actuate state mode=None-script, software_lock=False
doing actuation None-script close_channel False
Close R ===>> OK
GetIndicatorState R ===>> False
change switch state (True, True)
update switch state R False args=() kw={} ncanvase=2
19:32:53 -- CLOSE  VALVE-R (Jan Inlet)
---------------------------------------- close None (Jan Inlet) result=[(True, True)]
action=close, ok=True, locked=[False]
open () {'description': 'Jan Ion Pump'}
opening name=--- desc=Jan Ion Pump
checking ownership. requestor=129.138.12.150
check software interlocks O
interlocks []
actuate state mode=None-script, software_lock=False
doing actuation None-script open_channel False
Open O ===>> OK
GetIndicatorState O ===>> OK
change switch state (True, True)
update switch state O True args=() kw={} ncanvase=2
19:32:54 -- OPEN   VALVE-O (Jan Ion Pump)
---------------------------------------- open None (Jan Ion Pump) result=[(True, True)], time=0.09 sec
action=open, ok=True, locked=[False]
close () {'description': 'Microbone to Minibone'}
closing name=--- desc=Microbone to Minibone
checking ownership. requestor=129.138.12.150
check software interlocks L
interlocks []
actuate state mode=None-script, software_lock=False
doing actuation None-script close_channel False
Close L ===>> OK
GetIndicatorState L ===>> False
change switch state (True, True)
update switch state L False args=() kw={} ncanvase=2
19:32:54 -- CLOSE  VALVE-L (Microbone to Minibone)
---------------------------------------- close None (Microbone to Minibone) result=[(True, True)]
action=close, ok=True, locked=[False]
open () {'description': 'Microbone to Turbo'}
opening name=--- desc=Microbone to Turbo
checking ownership. requestor=129.138.12.150
check software interlocks U
interlocks []
actuate state mode=None-script, software_lock=False
doing actuation None-script open_channel False
Open U ===>> OK
GetIndicatorState U ===>> OK
change switch state (True, True)
update switch state U True args=() kw={} ncanvase=2
19:32:55 -- OPEN   VALVE-U (Microbone to Turbo)
---------------------------------------- open None (Microbone to Turbo) result=[(True, True)], time=0.13 sec
action=open, ok=True, locked=[False]
open () {'description': 'Microbone to Inlet Pipette'}
opening name=--- desc=Microbone to Inlet Pipette
checking ownership. requestor=129.138.12.150
check software interlocks S
interlocks []
actuate state mode=None-script, software_lock=False
doing actuation None-script open_channel False
Open S ===>> OK
GetIndicatorState S ===>> OK
change switch state (True, True)
update switch state S True args=() kw={} ncanvase=2
19:32:56 -- OPEN   VALVE-S (Microbone to Inlet Pipette)
---------------------------------------- open None (Microbone to Inlet Pipette) result=[(True, True)], time=0.42 sec
action=open, ok=True, locked=[False]
open () {'description': 'Microbone to Getter D-50'}
opening name=--- desc=Microbone to Getter D-50
checking ownership. requestor=129.138.12.150
check software interlocks K
interlocks []
actuate state mode=None-script, software_lock=False
doing actuation None-script open_channel False
Open K ===>> OK
GetIndicatorState K ===>> OK
change switch state (True, True)
update switch state K True args=() kw={} ncanvase=2
19:32:56 -- OPEN   VALVE-K (Microbone to Getter D-50)
---------------------------------------- open None (Microbone to Getter D-50) result=[(True, True)], time=0.41 sec
action=open, ok=True, locked=[False]
open () {'description': 'Microbone to Getter NP-10'}
opening name=--- desc=Microbone to Getter NP-10
checking ownership. requestor=129.138.12.150
check software interlocks M
interlocks []
actuate state mode=None-script, software_lock=False
doing actuation None-script open_channel False
Open M ===>> OK
GetIndicatorState M ===>> OK
change switch state (True, True)
update switch state M True args=() kw={} ncanvase=2
19:32:57 -- OPEN   VALVE-M (Microbone to Getter NP-10)
---------------------------------------- open None (Microbone to Getter NP-10) result=[(True, True)], time=0.16 sec
action=open, ok=True, locked=[False]
close () {'description': 'CO2 Laser to Felix'}
closing name=--- desc=CO2 Laser to Felix
checking ownership. requestor=129.138.12.150
check software interlocks F
interlocks []
actuate state mode=None-script, software_lock=True
VALVE-F(CO2 Laser to Felix) software locked
change switch state (True, False)
---------------------------------------- close None (CO2 Laser to Felix) result=[(True, False)]
action=close, ok=True, locked=[True]
open () {'description': 'CO2 Laser to Jan'}
opening name=--- desc=CO2 Laser to Jan
checking ownership. requestor=129.138.12.150
check software interlocks A
interlocks []
actuate state mode=None-script, software_lock=False
doing actuation None-script open_channel False
Open A ===>> OK
GetIndicatorState A ===>> OK
change switch state (True, True)
update switch state A True args=() kw={} ncanvase=2
19:32:57 -- OPEN   VALVE-A (CO2 Laser to Jan)
---------------------------------------- open None (CO2 Laser to Jan) result=[(True, True)], time=0.12 sec
action=open, ok=True, locked=[False]
open () {'description': 'Microbone to CO2 Laser'}
opening name=--- desc=Microbone to CO2 Laser
checking ownership. requestor=129.138.12.150
check software interlocks T
interlocks []
actuate state mode=None-script, software_lock=False
doing actuation None-script open_channel False
Open T ===>> OK
GetIndicatorState T ===>> OK
change switch state (True, True)
update switch state T True args=() kw={} ncanvase=2
19:32:58 -- OPEN   VALVE-T (Microbone to CO2 Laser)
---------------------------------------- open None (Microbone to CO2 Laser) result=[(True, True)], time=0.42 sec
action=open, ok=True, locked=[False]
executed snippet estimated_duration=0, duration=4.94785904884
PrepareForCO2Analysis.py completed successfully
gosub finished
set_motor ('beam', '1.25') {}
setting motor "beam" to 1.25
set motor beam to 1.25
SetMotor beam,1.25 ===>> OK
GetMotorMoving beam ===>> False
GetMotorMoving beam ===>> False
Block completed
move_to_position ('195',) {'autocenter': True}
FusionsCO2 move to position 195
sending GoToHole 195,True
GoToHole 195,True ===>> OK
GetDriveMoving ===>> False
GetDriveMoving ===>> False
Block completed
GetAutoCorrecting ===>> False
GetAutoCorrecting ===>> False
Block completed
update position
GetPosition ===>> 9.96950,-9.96950,1.00000
got position (9.9695, -9.9695, 1.0)
move to position succeeded
sleep (5,) {}
SLEEP 5.0
block started
WaitControl setup for 5.0  
Join finished
block finished. duration 5.03181815147
close () {'description': 'Microbone to Turbo'}
closing name=--- desc=Microbone to Turbo
checking ownership. requestor=129.138.12.150
check software interlocks U
interlocks []
actuate state mode=None-script, software_lock=False
doing actuation None-script close_channel True
Close U ===>> OK
GetIndicatorState U ===>> False
change switch state (True, True)
update switch state U False args=() kw={} ncanvase=2
19:33:06 -- CLOSE  VALVE-U (Microbone to Turbo)
---------------------------------------- close None (Microbone to Turbo) result=[(True, True)]
action=close, ok=True, locked=[False]
enable laser
enable () {}
set extraction state FusionsCO2 Enabled (False, 'red', 1.5)
enabling laser
Enable ===>> OK
begin interval
BEGIN INTERVAL Interval 1 waiting for 30.0
block started
set extract to 5.0
WaitControl setup for 30.0  
extract (5.0,) {}
GetPosition ===>> 9.96950,-9.96950,1.00000
set extraction state FusionsCO2 ON! 5.0(watts) (0.75, 'red', 1.5)
extract sample to 5.0 (watts)
set laser output
SetLaserOutput 5.0,watts ===>> OK
executing pattern triangle.lp
execute_pattern ('triangle.lp',) {}
executing pattern triangle.lp
IsPatterning ===>> OK
IsPatterning ===>> OK
IsPatterning ===>> OK
IsPatterning ===>> OK
IsPatterning ===>> OK
IsPatterning ===>> OK
IsPatterning ===>> OK
IsPatterning ===>> OK
IsPatterning ===>> OK
IsPatterning ===>> OK
IsPatterning ===>> OK
IsPatterning ===>> OK
IsPatterning ===>> OK
IsPatterning ===>> OK
IsPatterning ===>> OK
IsPatterning ===>> OK
IsPatterning ===>> OK
IsPatterning ===>> OK
IsPatterning ===>> OK
IsPatterning ===>> OK
IsPatterning ===>> OK
IsPatterning ===>> OK
IsPatterning ===>> OK
IsPatterning ===>> OK
IsPatterning ===>> OK
IsPatterning ===>> OK
IsPatterning ===>> OK
IsPatterning ===>> OK
IsPatterning ===>> False
Join finished
block finished. duration 30.1161620617
Interval 1 finished
IsPatterning ===>> False
Block completed
COMPLETE INTERVAL waiting for Interval 1 to complete
end_extract () {}
ending extraction. set laser power to 0
set laser power 0
SetLaserPower 0 ===>> OK
disable () {}
%%%%%%%%%%%%%%%%%%%%%%%%%%%%%%%%%%% disable
set extraction state False (0.75, 'red', 1.5)
disabling laser
Disable ===>> OK
sleep (30.0,) {}
SLEEP 30.0
block started
WaitControl setup for 30.0  
Join finished
block finished. duration 30.0933380127
executed snippet estimated_duration=165.0, duration=74.95342803
jan_co2.py completed successfully
GetAchievedOutput ===>> No Response
Requested Output= 0.000
Achieved Output=  0.000
GetResponseBlob ===>> No Response
GetOutputBlob ===>> No Response
persistence save...
persistence save - db
AutomatedRunPersister post_extraction_save deprecated
persistence save - dvc
no extraction position for 195
create new session 4991427888
close session 4991427888
Extraction Finished
19:34:08 -- ******* Extraction Finished *******
no overlap. not waiting for min ms pumptime
19:34:08 -- Sending spectrometer configuration
======== Sending configuration ========
SetDeflection CDD,50.0 ===>> OK
SetDeflection H2,0.0 ===>> OK
SetDeflection H1,0.0 ===>> OK
SetDeflection L2,825.0 ===>> OK
SetDeflection L1,400.0 ===>> OK
SetDeflection AX,190.0 ===>> OK
SetZFocus 74.64 ===>> OK
SetZSymmetry -50.72 ===>> OK
SetExtractionLens 26.13 ===>> OK
SetIonRepeller -3.81 ===>> OK
SetElectronEnergy 75.08 ===>> OK
SetYSymmetry -2.81 ===>> OK
SetIonCounterVoltage 1590.0 ===>> OK
send trap current 200.0
GetParameter Trap Current Readback ===>> 198.258926936459
SetParameter Trap Current Set,200.0 ===>> OK
updating mftable name mftable
Using mftable located at /Users/jan/PychronDev/setupfiles/spectrometer/mftables/mftable.csv
============ MFtable ===========
Isotope  H2     H1     AX     L1     L2     CDD    
Ar40     5.7973 5.8795 5.9928 6.1372 6.2313 6.3655
Ar39     5.6966 5.7718 5.8853 6.0233 6.1164 6.2520
Ar36     5.3741 5.4408 5.5486 5.6822 5.7714 5.9031
================================
get initial guess parabolic
get initial guess parabolic
get initial guess parabolic
get initial guess parabolic
get initial guess parabolic
get initial guess parabolic
======== Configuration Finished ========
GetYSymmetry ===>> -2.81
GetZSymmetry ===>> -50.72
GetParameter Trap Current Readback ===>> 197.923274125618
GetHighVoltage ===>> 4500
start measurement
do measurement
L#=65555 analysis type=unknown
Measurement Started jan_unknown120_60.py
19:34:08 -- ******* Measurement Started jan_unknown120_60.py *******
state changed from extraction to measurement
setting spec, defl, and gains
GetExtractionLens ===>> 26.13
GetYSymmetry ===>> -2.81
GetZSymmetry ===>> -50.72
GetZFocus ===>> 74.64
GetDeflection H2 ===>> 0
GetDeflection H1 ===>> 0
GetDeflection AX ===>> 190
GetDeflection L1 ===>> 400
GetDeflection L2 ===>> 825
GetDeflection CDD ===>> 50
GetGain H2 ===>> 0.0113
GetGain H1 ===>> 0.1
GetGain AX ===>> 0.097049
GetGain L1 ===>> 0.010355
GetGain L2 ===>> 0.095649
GetGain CDD ===>> 0
pre measurement save
New frame /Users/jan/PychronDev/data/isotopes/74/2aad51-9fb4-49d1-b4d6-7afa4d427830.h5
flush and close file /Users/jan/PychronDev/data/isotopes/74/2aad51-9fb4-49d1-b4d6-7afa4d427830.h5
testing...
no interpolation path defined
executed snippet estimated_duration=226.132928, duration=0.00014591217041
unknown measurement script
activate_detectors ('H2', 'H1', 'AX', 'L1', 'L2', 'CDD') {}
activate detectors
*************** Set Analysis View Ar/Ar
create graphs
clearing graphs
clear isotope group
setting isotope det=H2, iso=PM41
setting isotope det=H1, iso=Ar40
setting isotope det=AX, iso=Ar39
setting isotope det=L1, iso=Ar38
setting isotope det=L2, iso=Ar37
setting isotope det=CDD, iso=Ar36
setting previous blanks
 - setting Ar40 blank 0.166+/-0.007
 - setting Ar36 blank 0.00460+/-0.00019
 - setting Ar37 blank 0.046+/-0.005
 - setting Ar38 blank 0.0069+/-0.0022
 - setting PM41 blank 0.03+/-0.06
 - setting Ar39 blank 0.027+/-0.009
load analysis view
position_magnet ('Ar40',) {'detector': 'H1'}
detector Detector(H1)
POSITION Ar40 H1
setting detector H2 to PM41 (40.9624)
setting detector H1 to Ar40 (39.9624)
setting detector AX to Ar39 (38.9624)
setting detector L1 to Ar38 (37.9624)
setting detector L2 to Ar37 (36.9624)
setting detector CDD to Ar36 (35.9624)
Mapping mass to dac mass func: "parabolic"
H1 map mass coeffs = [-0.00063987  0.15840543  0.57110999]
H1 map mass to dac 39.9624 >> 5.8795
GetDeflection H1 ===>> 0
GetHighVoltage ===>> 4500
positioning Ar40 (5.8795) on H1
setting magnet DAC
current  : 5.879500
requested: 5.879500
Delta Dac: 0.000000
Checking detector protection. dv=0.00000
Checking detector "CDD". Protection Threshold: 0.1 (V)
SetMagnetDAC 5.8795 ===>> OK
Magnet settling time: 0.500
equilibrate () {'delay': 3, 'inlet': 'R', 'outlet': 'O', 'eqtime': 12.0}
Equilibration Started
19:34:10 -- ******* Equilibration Started *******
checking ownership. requestor=129.138.12.150
check software interlocks O
interlocks []
actuate state mode=None-script, software_lock=False
doing actuation None-script close_channel True
Close O ===>> OK
GetIndicatorState O ===>> False
change switch state (True, True)
update switch state O False args=() kw={} ncanvase=2
19:34:10 -- CLOSE  VALVE-O (Jan Ion Pump)
waiting 3s before opening inlet value ('R',)
update labels <pychron.experiment.plot_panel.PlotPanel object at 0x1d15450b0>
update labels "<pychron.graph.stacked_regression_graph.StackedRegressionGraph object at 0x1b7ef9530>"
setting label 0 H2 PM41
setting label 1 H1 Ar40
setting label 2 AX Ar39
setting label 3 L1 Ar38
setting label 4 L2 Ar37
setting label 5 CDD Ar36
update labels "<pychron.graph.stacked_graph.StackedGraph object at 0x175af2f50>"
setting label 0 H2 PM41
setting label 1 H1 Ar40
setting label 2 AX Ar39
setting label 3 L1 Ar38
setting label 4 L2 Ar37
setting label 5 CDD Ar36
checking ownership. requestor=129.138.12.150
check software interlocks R
interlocks []
actuate state mode=None-script, software_lock=False
doing actuation None-script open_channel True
Open R ===>> OK
GetIndicatorState R ===>> OK
change switch state (True, True)
update switch state R True args=() kw={} ncanvase=2
19:34:13 -- OPEN   VALVE-R (Jan Inlet)
set_time_zero () {}
sniff (12.0,) {}
equilibrating for 12.0sec
py_sniff
build tables- sniff [Detector(H2), Detector(H1), Detector(AX), Detector(L1), Detector(L2), Detector(CDD)]
add group /sniff/PM41 (Group) '' table H2
add group /sniff/Ar40 (Group) '' table H1
add group /sniff/Ar39 (Group) '' table AX
add group /sniff/Ar38 (Group) '' table L1
add group /sniff/Ar37 (Group) '' table L2
add group /sniff/Ar36 (Group) '' table CDD
flush and close file /Users/jan/PychronDev/data/isotopes/74/2aad51-9fb4-49d1-b4d6-7afa4d427830.h5
measuring sniff. ncounts=12.0
"sniff" increment series count="1" fit count="0" regressing="False"
starting measurement
GetData ===>> H2,0.28649617791813,H1,345.06921087885,AX,89.1944117906922,L1,0.235642715021514,L2,0.894989781816...
GetData ===>> H2,1.00100172216138,H1,1746.40543868418,AX,437.554644306465,L1,2.43370976948963,L2,3.008909017107...
GetData ===>> H2,0.466145440049434,H1,2355.96723684094,AX,573.906881820114,L1,4.7343698798602,L2,3.442106599782...
GetData ===>> H2,0.138485812936711,H1,2556.13923933181,AX,613.481574525096,L1,6.13957836093064,L2,3.51990162379...
GetData ===>> H2,-0.0110216112135909,H1,2631.39205886816,AX,627.556007429059,L1,6.89865832433544,L2,3.596930425...
GetData ===>> H2,0.0325632594706255,H1,2661.51748943846,AX,633.529656319024,L1,7.34905997616637,L2,3.6071003972...
GetData ===>> H2,0.0216077185449649,H1,2675.19522886515,AX,635.770350634443,L1,7.80798823758958,L2,3.5677266824...
GetData ===>> H2,0.0583561721892617,H1,2681.16751949282,AX,636.774434453088,L1,7.96759691585937,L2,3.6406827719...
GetData ===>> H2,-0.0561850031979243,H1,2683.56399862869,AX,637.303790488574,L1,7.998085127231,L2,3.53666882697...
GetData ===>> H2,-0.00770035464996865,H1,2684.19067086151,AX,637.396690783312,L1,8.04339069277458,L2,3.62937123...
GetData ===>> H2,-0.113247020044118,H1,2684.44484276633,AX,637.243795724496,L1,8.08376174000264,L2,3.5531396962...
Equilibration Finished
19:34:25 -- ******* Equilibration Finished *******
checking ownership. requestor=129.138.12.150
check software interlocks R
interlocks []
actuate state mode=None-script, software_lock=False
doing actuation None-script close_channel True
GetData ===>> H2,-0.244073083207501,H1,2684.17399495478,AX,637.290898321767,L1,8.09392967743484,L2,3.5898956555...
Close R ===>> OK
GetIndicatorState R ===>> False
change switch state (True, True)
update switch state R False args=() kw={} ncanvase=2
19:34:26 -- CLOSE  VALVE-R (Jan Inlet)
Post Equilibration Started jan_pump_extraction_line.py
19:34:26 -- ******* Post Equilibration Started jan_pump_extraction_line.py *******
testing...
no interpolation path defined
calculate duration
testing...
no interpolation path defined
executed snippet estimated_duration=4.0, duration=0.000149011611938
executed snippet estimated_duration=4.0, duration=0.00164198875427
Pump after analysis
doing GOSUB
testing...
no interpolation path defined
executed snippet estimated_duration=4.0, duration=0.000134944915771
Pump Microbone
close () {'description': 'Jan Inlet'}
closing name=--- desc=Jan Inlet
checking ownership. requestor=129.138.12.150
check software interlocks R
interlocks []
actuate state mode=None-script, software_lock=False
doing actuation None-script close_channel False
measurement finished
estimated time: 12.583 actual time: :12.664
flush and close file /Users/jan/PychronDev/data/isotopes/74/2aad51-9fb4-49d1-b4d6-7afa4d427830.h5
set_fits () {}
Close R ===>> OK
using default fits file=/Users/jan/PychronDev/scripts/measurement/fits/nominal_linear.yaml
set "Ar40" to "('Linear', 'SEM')"
No fit for "PM41". defaulting to linear. check the measurement script "jan_unknown120_60.py"
set "PM41" to "linear"
set "Ar36" to "('Linear', 'SEM')"
set "Ar37" to "('linear', 'SEM')"
set "Ar38" to "('linear', 'SEM')"
set "Ar39" to "('Linear', 'SEM')"
set_baseline_fits () {}
using default fits file=/Users/jan/PychronDev/scripts/measurement/fits/nominal_linear.yaml
set "H1" to "('average', 'SEM')"
set "H2" to "('average', 'SEM')"
set "CDD" to "('average', 'SEM')"
set "L2" to "('average', 'SEM')"
set "L1" to "('average', 'SEM')"
set "AX" to "('average', 'SEM')"
multicollect () {'integration_time': 1, 'ncounts': 120}
build tables- signal [Detector(H2), Detector(H1), Detector(AX), Detector(L1), Detector(L2), Detector(CDD)]
add group /signal/PM41 (Group) '' table H2
add group /signal/Ar40 (Group) '' table H1
add group /signal/Ar39 (Group) '' table AX
add group /signal/Ar38 (Group) '' table L1
add group /signal/Ar37 (Group) '' table L2
add group /signal/Ar36 (Group) '' table CDD
flush and close file /Users/jan/PychronDev/data/isotopes/74/2aad51-9fb4-49d1-b4d6-7afa4d427830.h5
measuring signal. ncounts=120
GetIndicatorState R ===>> False
change switch state (True, True)
update switch state R False args=() kw={} ncanvase=2
19:34:27 -- CLOSE  VALVE-R (Jan Inlet)
---------------------------------------- close None (Jan Inlet) result=[(True, True)]
action=close, ok=True, locked=[False]
is_closed ('F',) {}
is F () closed?
is closed True
open () {'description': 'CO2 Laser to Jan'}
opening name=--- desc=CO2 Laser to Jan
checking ownership. requestor=129.138.12.150
check software interlocks A
interlocks []
actuate state mode=None-script, software_lock=False
doing actuation None-script open_channel False
Open A ===>> OK
GetIndicatorState A ===>> OK
change switch state (True, True)
update switch state A True args=() kw={} ncanvase=2
19:34:27 -- OPEN   VALVE-A (CO2 Laser to Jan)
---------------------------------------- open None (CO2 Laser to Jan) result=[(True, True)], time=0.12 sec
starting measurement
GetData ===>> H2,-0.0796890939113525,H1,2684.66325956766,AX,636.941142261566,L1,8.09999255308399,L2,3.627176435...
action=open, ok=True, locked=[False]
sleep (1,) {}
"signal" increment series count="2" fit count="1" regressing="True"
SLEEP 1.0
GetData ===>> H2,0.128583444915666,H1,2684.69373415686,AX,637.644754367952,L1,8.11236596241093,L2,3.58829374920...
close () {'description': 'CO2 Laser to Roughing'}
closing name=--- desc=CO2 Laser to Roughing
checking ownership. requestor=129.138.12.150
check software interlocks G
interlocks []
actuate state mode=None-script, software_lock=True
VALVE-G(CO2 Laser to Roughing) software locked
change switch state (True, False)
---------------------------------------- close None (CO2 Laser to Roughing) result=[(True, False)]
action=close, ok=True, locked=[True]
open () {'description': 'Microbone to Turbo'}
opening name=--- desc=Microbone to Turbo
checking ownership. requestor=129.138.12.150
check software interlocks U
interlocks []
actuate state mode=None-script, software_lock=False
doing actuation None-script open_channel True
Open U ===>> OK
GetIndicatorState U ===>> OK
change switch state (True, True)
update switch state U True args=() kw={} ncanvase=2
19:34:28 -- OPEN   VALVE-U (Microbone to Turbo)
---------------------------------------- open None (Microbone to Turbo) result=[(True, True)], time=0.18 sec
action=open, ok=True, locked=[False]
open () {'description': 'Microbone to Getter NP-10'}
opening name=--- desc=Microbone to Getter NP-10
checking ownership. requestor=129.138.12.150
check software interlocks M
interlocks []
actuate state mode=None-script, software_lock=False
doing actuation None-script open_channel False
Open M ===>> OK
GetIndicatorState M ===>> OK
change switch state (True, True)
update switch state M True args=() kw={} ncanvase=2
19:34:29 -- OPEN   VALVE-M (Microbone to Getter NP-10)
---------------------------------------- open None (Microbone to Getter NP-10) result=[(True, True)], time=0.16 sec
action=open, ok=True, locked=[False]
open () {'description': 'Microbone to Getter D-50'}
opening name=--- desc=Microbone to Getter D-50
checking ownership. requestor=129.138.12.150
check software interlocks K
interlocks []
actuate state mode=None-script, software_lock=False
doing actuation None-script open_channel False
GetData ===>> H2,0.017319061026688,H1,2682.80316007929,AX,636.801046887877,L1,8.11894112705672,L2,3.54005977568...
Open K ===>> OK
GetIndicatorState K ===>> OK
change switch state (True, True)
update switch state K True args=() kw={} ncanvase=2
19:34:30 -- OPEN   VALVE-K (Microbone to Getter D-50)
---------------------------------------- open None (Microbone to Getter D-50) result=[(True, True)], time=0.42 sec
action=open, ok=True, locked=[False]
open () {'description': 'Microbone to CO2 Laser'}
opening name=--- desc=Microbone to CO2 Laser
checking ownership. requestor=129.138.12.150
check software interlocks T
interlocks []
actuate state mode=None-script, software_lock=False
doing actuation None-script open_channel False
Open T ===>> OK
GetIndicatorState T ===>> OK
change switch state (True, True)
update switch state T True args=() kw={} ncanvase=2
19:34:30 -- OPEN   VALVE-T (Microbone to CO2 Laser)
---------------------------------------- open None (Microbone to CO2 Laser) result=[(True, True)], time=0.42 sec
GetData ===>> H2,-0.110688544647188,H1,2680.51377007502,AX,636.453656101115,L1,8.1736561140783,L2,3.45615686809...
action=open, ok=True, locked=[False]
open () {'description': 'Microbone to Inlet Pipette'}
opening name=--- desc=Microbone to Inlet Pipette
checking ownership. requestor=129.138.12.150
check software interlocks S
interlocks []
actuate state mode=None-script, software_lock=False
doing actuation None-script open_channel False
Open S ===>> OK
GetIndicatorState S ===>> OK
change switch state (True, True)
update switch state S True args=() kw={} ncanvase=2
19:34:31 -- OPEN   VALVE-S (Microbone to Inlet Pipette)
---------------------------------------- open None (Microbone to Inlet Pipette) result=[(True, True)], time=0.43 sec
action=open, ok=True, locked=[False]
sleep (1,) {}
SLEEP 1.0
GetData ===>> H2,-0.0690774423921715,H1,2679.40305802859,AX,636.76259073289,L1,8.15026324678038,L2,3.5510742533...
set_resource () {'name': 'CO2PumpTimeFlag', 'value': 30}
Set CO2PumpTimeFlag 30 ===>> OK
release ('JanCO2Flag',) {}
release JanCO2Flag
Set JanCO2Flag 0 ===>> OK
executed snippet estimated_duration=6.0, duration=5.99629402161
PumpMicrobone.py completed successfully
gosub finished
get_resource_value () {'name': 'JanMiniboneFlag'}
Read JanMiniboneFlag ===>> 0
Get Resource Value JanMiniboneFlag=0.0
get resource value 0.0
get_resource_value () {'name': 'JanMiniboneFlag'}
Read JanMiniboneFlag ===>> 0
Get Resource Value JanMiniboneFlag=0.0
executed snippet estimated_duration=4.0, duration=6.01177620888
jan_pump_extraction_line.py completed successfully
Post Equilibration Finished
19:34:32 -- ******* Post Equilibration Finished *******
GetData ===>> H2,-0.0679693450168148,H1,2678.30964838712,AX,636.308453266018,L1,8.09014990128705,L2,3.605869727...
GetData ===>> H2,-0.0164194786921386,H1,2677.40281780773,AX,636.279186476326,L1,8.12586271405976,L2,3.631519627...
GetData ===>> H2,-0.064470122228576,H1,2676.47853581058,AX,636.174674911987,L1,8.18756896021028,L2,3.4992600979...
GetData ===>> H2,-0.0903050757798874,H1,2675.11058301452,AX,635.663408374633,L1,8.13476282703266,L2,3.512633636...
GetData ===>> H2,0.0505897094568186,H1,2674.49040562302,AX,635.160267108802,L1,8.15577607755911,L2,3.5597772584...
GetData ===>> H2,-0.0407106949935865,H1,2672.29923144053,AX,634.711428872117,L1,8.13720274637452,L2,3.560705624...
GetData ===>> H2,-0.0545394657109161,H1,2671.87273212344,AX,634.458094115902,L1,8.13207232686854,L2,3.510160786...
GetData ===>> H2,-0.0572931990340662,H1,2670.81809817342,AX,634.276674292297,L1,8.11704655966001,L2,3.590476062...
GetData ===>> H2,-0.103252742376398,H1,2670.31332538657,AX,634.158083114444,L1,8.13030027961558,L2,3.5459456464...
GetData ===>> H2,-0.0500615316077748,H1,2669.138834616,AX,634.136743472104,L1,8.11598571287448,L2,3.63434164492...
GetData ===>> H2,-0.0404175689926344,H1,2668.21818224083,AX,633.971460906573,L1,8.08562458498809,L2,3.628686079...
GetData ===>> H2,-0.0298735910801574,H1,2666.96544372356,AX,633.655683348727,L1,8.00353252242518,L2,3.514189357...
GetData ===>> H2,-0.0823350420235528,H1,2665.97884997506,AX,633.279900842834,L1,8.04556491215773,L2,3.509626751...
GetData ===>> H2,-0.137131223919613,H1,2664.72848496653,AX,632.992583287355,L1,8.06161144934384,L2,3.5201222261...
GetData ===>> H2,-0.0302104540605354,H1,2663.80778942982,AX,632.750746910447,L1,8.00792802334226,L2,3.551132270...
GetData ===>> H2,-0.0767904442615141,H1,2662.54379617159,AX,632.385099533796,L1,8.02577813336803,L2,3.563502382...
GetData ===>> H2,-0.0430757830251577,H1,2661.96753476046,AX,632.14859196377,L1,8.04061917095949,L2,3.5519909332...
GetData ===>> H2,-0.100540113664235,H1,2660.31820786808,AX,631.811993256346,L1,8.04160341871156,L2,3.5078389186...
GetData ===>> H2,-0.0411951506009385,H1,2658.62484136928,AX,631.743425757515,L1,8.01320933809468,L2,3.514154527...
19:34:52 -- collecting point 25
GetData ===>> H2,-0.0994421541760936,H1,2658.33112851135,AX,631.757758970761,L1,8.0275466208076,L2,3.5083381154...
GetData ===>> H2,-0.202228880487996,H1,2657.35497567564,AX,631.369653231117,L1,7.99905772170904,L2,3.5585936041...
GetData ===>> H2,-0.127215060228906,H1,2655.95651928454,AX,631.217839238989,L1,7.99859489250388,L2,3.5606011832...
GetData ===>> H2,-0.0383125399267006,H1,2655.21556055811,AX,631.379745849516,L1,8.00962004214626,L2,3.617341098...
GetData ===>> H2,-0.0820600438261316,H1,2653.53726310298,AX,630.772571066898,L1,8.01125859315673,L2,3.609457288...
GetData ===>> H2,-0.0714628084640348,H1,2653.43844205922,AX,630.221807344926,L1,8.01747743044422,L2,3.545052228...
GetData ===>> H2,-0.146489794051244,H1,2651.80979263778,AX,629.774908367091,L1,8.02550969169001,L2,3.6401136795...
GetData ===>> H2,-0.106265112806286,H1,2651.1215225604,AX,630.212073572052,L1,7.99807003577745,L2,3.58425427612...
GetData ===>> H2,-0.160776888554593,H1,2649.91657633394,AX,630.203716475594,L1,7.98843828431519,L2,3.6553061007...
GetData ===>> H2,-0.0505664049793233,H1,2648.62275610895,AX,629.651632351607,L1,7.9786688766353,L2,3.4316195293...
GetData ===>> H2,-0.13365476173874,H1,2647.43382824004,AX,629.486840639111,L1,8.01155378741281,L2,3.54022235838...
GetData ===>> H2,-0.083344214878147,H1,2645.96909487679,AX,629.107448139802,L1,7.98119101883746,L2,3.5740286574...
GetData ===>> H2,-0.0120097804781124,H1,2644.46721154489,AX,628.957563174487,L1,7.96028540812155,L2,3.498993110...
GetData ===>> H2,-0.0348684655664393,H1,2643.48087406473,AX,628.70647335938,L1,7.99355506449542,L2,3.5247085462...
GetData ===>> H2,-0.0487191653104166,H1,2643.16653701563,AX,628.479373499892,L1,7.98309507501142,L2,3.562608803...
GetData ===>> H2,-0.117343441272514,H1,2642.1500477911,AX,628.412112710417,L1,7.99351650989651,L2,3.47763646475...
GetData ===>> H2,-0.148293049622967,H1,2641.02585917007,AX,627.89444663329,L1,7.96364688774713,L2,3.43558685016...
GetData ===>> H2,-0.120605176304621,H1,2638.96003890828,AX,627.651612007214,L1,7.94951299016337,L2,3.5244995446...
GetData ===>> H2,-0.048180274068377,H1,2638.75357573033,AX,627.66312931228,L1,7.96786481798728,L2,3.44551746123...
GetData ===>> H2,0.0846611838072235,H1,2637.49764885149,AX,627.434728644179,L1,7.97680898188292,L2,3.5342418163...
GetData ===>> H2,-0.0400701506324957,H1,2636.09000736323,AX,626.918029907079,L1,7.96142256009938,L2,3.515512901...
GetData ===>> H2,-0.0701745830423403,H1,2634.85647755462,AX,626.673467809204,L1,7.96443922202288,L2,3.562016957...
GetData ===>> H2,-0.109843715087724,H1,2634.4716322375,AX,626.830537331195,L1,7.95204171564075,L2,3.46516124379...
GetData ===>> H2,-0.071047880199831,H1,2633.09732307165,AX,626.352837625567,L1,7.91380174059528,L2,3.4964393517...
GetData ===>> H2,-0.0769408832446847,H1,2632.30823410487,AX,626.094819529125,L1,7.89934665353064,L2,3.493061528...
19:35:19 -- collecting point 50
GetData ===>> H2,-0.0419102617045342,H1,2631.01667192569,AX,625.75920180483,L1,7.90317363906433,L2,3.5808997835...
GetData ===>> H2,-0.000972957152157256,H1,2630.91525645628,AX,625.644083648429,L1,7.92836340390853,L2,3.4922374...
GetData ===>> H2,-0.11271912787043,H1,2629.63128916629,AX,625.308257590201,L1,7.95245177689704,L2,3.42307061853...
GetData ===>> H2,-0.141001270191394,H1,2628.53328606778,AX,625.043569844613,L1,7.93441418408684,L2,3.4171784548...
GetData ===>> H2,-0.135956296175347,H1,2626.28039628709,AX,624.84466686363,L1,7.89784789628052,L2,3.45119089339...
GetData ===>> H2,-0.0753116993533748,H1,2624.45637976466,AX,624.735085513539,L1,7.8875246935888,L2,3.4834278313...
GetData ===>> H2,-0.0441584305684727,H1,2623.70138517145,AX,624.004806132405,L1,7.94358061406145,L2,3.470882239...
GetData ===>> H2,-0.113799250209617,H1,2623.18456872898,AX,624.21845592922,L1,7.92843195811686,L2,3.41316549238...
GetData ===>> H2,-0.0433281386418758,H1,2623.27752362817,AX,623.794146862293,L1,7.89193797198047,L2,3.453198137...
GetData ===>> H2,-0.0178188107885555,H1,2621.5675670289,AX,623.763659889533,L1,7.86474711138851,L2,3.6956681130...
GetData ===>> H2,-0.0387048024214131,H1,2620.65681737759,AX,623.752294927255,L1,7.88388056923464,L2,3.545643972...
GetData ===>> H2,-0.0154697370650913,H1,2619.07487518786,AX,623.370527664689,L1,7.89594669344847,L2,3.500920081...
GetData ===>> H2,-0.0357346729036739,H1,2617.83840209117,AX,623.166488284957,L1,7.8923304419953,L2,3.4471997328...
GetData ===>> H2,-0.0691154168891553,H1,2616.67991783385,AX,622.878386109379,L1,7.89543718816957,L2,3.440006775...
GetData ===>> H2,-0.177455668211784,H1,2615.32920659168,AX,622.941993973084,L1,7.88343294184828,L2,3.5033578706...
GetData ===>> H2,-0.140117345234671,H1,2615.32568252883,AX,622.716189586434,L1,7.89228033882831,L2,3.5427772649...
GetData ===>> H2,-0.124498820538863,H1,2614.83856486248,AX,622.490324486134,L1,7.86405442112203,L2,3.5003628810...
GetData ===>> H2,-0.0761046341379844,H1,2613.06880616554,AX,622.114108906373,L1,7.82194758878318,L2,3.483601925...
GetData ===>> H2,0.0203641772294872,H1,2611.65475810829,AX,621.530046235966,L1,7.85379660292582,L2,3.4797022834...
GetData ===>> H2,0.0307588477109335,H1,2611.1960243017,AX,621.317196347743,L1,7.85937006388433,L2,3.51672036112...
GetData ===>> H2,0.00354053060027149,H1,2610.01059234966,AX,620.75978329651,L1,7.85426361413829,L2,3.4134322448...
GetData ===>> H2,0.0593394548555601,H1,2608.85131339313,AX,620.935866051069,L1,7.87719604072991,L2,3.5154432411...
GetData ===>> H2,0.00527570741805435,H1,2607.71715051816,AX,620.815963890042,L1,7.86193149718483,L2,3.508071102...
GetData ===>> H2,-0.0828430261313398,H1,2606.89634356176,AX,620.504380750056,L1,7.85932501355093,L2,3.525521334...
GetData ===>> H2,-0.147401588327635,H1,2606.10935643666,AX,620.158815061492,L1,7.85259745622177,L2,3.4574448141...
19:35:45 -- collecting point 75
GetData ===>> H2,-0.0788367859990957,H1,2604.6220156404,AX,620.026086714619,L1,7.84016261848595,L2,3.4883374158...
GetData ===>> H2,-0.0358717937338446,H1,2604.00604682557,AX,619.48259932318,L1,7.79800930959009,L2,3.4109503151...
GetData ===>> H2,-0.0327651270169721,H1,2602.28419129591,AX,619.302565281852,L1,7.84149995408965,L2,3.595862408...
GetData ===>> H2,-0.0399778658497555,H1,2601.26791921795,AX,619.223760898659,L1,7.84360626673772,L2,3.495591983...
GetData ===>> H2,-0.00564974713640114,H1,2600.53353793893,AX,619.000391056628,L1,7.8074854880731,L2,3.356942610...
GetData ===>> H2,0.0655523451256144,H1,2600.00536174385,AX,618.58332770366,L1,7.81741064471362,L2,3.43706013618...
GetData ===>> H2,0.0283897132085586,H1,2598.34022168461,AX,618.562971348643,L1,7.84434013184723,L2,3.4766499937...
GetData ===>> H2,-0.0788286555683825,H1,2597.87560776516,AX,618.227934144775,L1,7.86180132836031,L2,3.418419491...
GetData ===>> H2,-0.0928982278230016,H1,2597.34289983784,AX,618.038825466569,L1,7.86437322130165,L2,3.521155580...
GetData ===>> H2,-0.0346702333125914,H1,2596.5206290571,AX,617.890349605582,L1,7.84556443794409,L2,3.5184154735...
GetData ===>> H2,-0.0757495146240765,H1,2594.61846131325,AX,617.586305192008,L1,7.82521250015273,L2,3.462875260...
GetData ===>> H2,-0.0927478574204239,H1,2593.53873903406,AX,617.226763768938,L1,7.8307898505547,L2,3.3526499332...
GetData ===>> H2,-0.066347015186251,H1,2592.57096585296,AX,617.00691064175,L1,7.78785469403378,L2,3.38407066335...
GetData ===>> H2,-0.130814387121485,H1,2590.44722174376,AX,616.628430690606,L1,7.78302842280311,L2,3.4646738722...
GetData ===>> H2,-0.14417688477581,H1,2589.37271793686,AX,616.45960301899,L1,7.76863768849132,L2,3.461471205640...
GetData ===>> H2,-0.165949250014622,H1,2589.08369753657,AX,616.365980923765,L1,7.74004998871087,L2,3.5334870166...
GetData ===>> H2,-0.189931168867135,H1,2588.39265628244,AX,616.452464671148,L1,7.80959316170691,L2,3.3609570141...
GetData ===>> H2,-0.291680217435078,H1,2587.8817990547,AX,616.449418815023,L1,7.77299060102031,L2,3.46002075722...
GetData ===>> H2,-0.146593809843832,H1,2586.48706553005,AX,615.886035789044,L1,7.76978481022529,L2,3.5386778337...
GetData ===>> H2,-0.0560398581774484,H1,2585.27251818868,AX,615.946965934504,L1,7.761892035457,L2,3.43688612486...
GetData ===>> H2,-0.110397464635164,H1,2584.64520938998,AX,615.911605353601,L1,7.73423141409139,L2,3.4138265759...
GetData ===>> H2,-0.102488019894862,H1,2582.62495783553,AX,615.486132015975,L1,7.73903991059649,L2,3.4731219909...
GetData ===>> H2,-0.211688371355016,H1,2582.06771602484,AX,615.188375123175,L1,7.7456233472426,L2,3.44446170563...
GetData ===>> H2,-0.15541571768661,H1,2580.79729727249,AX,615.172062688247,L1,7.75776059084927,L2,3.53209355586...
GetData ===>> H2,-0.141318871664028,H1,2580.14540589726,AX,614.561374085679,L1,7.75436657292955,L2,3.4450765948...
19:36:11 -- collecting point 100
GetData ===>> H2,-0.106740036323372,H1,2578.98841632895,AX,613.907915493316,L1,7.79867689050353,L2,3.3940771902...
GetData ===>> H2,-0.100467009917395,H1,2577.37827450483,AX,613.563729384341,L1,7.8354779497759,L2,3.40626497551...
GetData ===>> H2,-0.0235922616977477,H1,2576.47957744947,AX,613.567004837864,L1,7.84295415981315,L2,3.552594322...
GetData ===>> H2,-0.0312712357438667,H1,2574.72263090045,AX,613.078195326331,L1,7.78699300659122,L2,3.474108426...
GetData ===>> H2,-0.015998286871982,H1,2574.01543656819,AX,613.102893675218,L1,7.77400170853672,L2,3.4622486548...
GetData ===>> H2,-0.0886803285601311,H1,2573.97922435155,AX,613.195399097444,L1,7.7612618487294,L2,3.4455870718...
GetData ===>> H2,0.0197398777057709,H1,2572.60923716633,AX,612.681970700157,L1,7.76391913514568,L2,3.5127729533...
GetData ===>> H2,0.0903394434653328,H1,2571.30635034553,AX,612.529739368071,L1,7.76565379471716,L2,3.4225718585...
GetData ===>> H2,-0.118498887195028,H1,2570.65026140327,AX,612.020879280406,L1,7.7737106750171,L2,3.51805554995...
GetData ===>> H2,-0.143293207283346,H1,2569.35794071227,AX,612.019100598728,L1,7.78111479092136,L2,3.3381838466...
GetData ===>> H2,-0.107296118111913,H1,2568.23683987894,AX,611.935409469617,L1,7.73529096788832,L2,3.4514925575...
GetData ===>> H2,0.0134778505997758,H1,2567.42789890415,AX,612.04746429533,L1,7.70248209670397,L2,3.46040367350...
GetData ===>> H2,-0.00380007677439515,H1,2565.6868001178,AX,611.443369992829,L1,7.73798173291857,L2,3.464058859...
GetData ===>> H2,0.0151628150331567,H1,2564.90198316154,AX,610.935785548177,L1,7.74758765830339,L2,3.4925043732...
GetData ===>> H2,-0.0455112327703727,H1,2563.90344288067,AX,611.048191303192,L1,7.77748293981418,L2,3.476220591...
GetData ===>> H2,0.106970856016207,H1,2563.20869915156,AX,611.288493422005,L1,7.81391938340435,L2,3.45598282263...
GetData ===>> H2,0.0466982371153591,H1,2562.67884594593,AX,610.719516333363,L1,7.81903831022154,L2,3.3642345762...
GetData ===>> H2,-0.025823664511061,H1,2561.5756329089,AX,610.429701930712,L1,7.76627087327816,L2,3.47023237339...
GetData ===>> H2,-0.0159425796923644,H1,2560.41956826816,AX,610.144770605598,L1,7.73483923604336,L2,3.410370434...
GetData ===>> H2,-0.0129040882173243,H1,2558.96806533808,AX,610.159161952044,L1,7.71272783950199,L2,3.462387900...
GetData ===>> H2,-0.0584148492248673,H1,2558.37004677963,AX,609.790245261395,L1,7.69507552140838,L2,3.451469352...
measurement finished
estimated time: 125.829 actual time: :126.269
flush and close file /Users/jan/PychronDev/data/isotopes/74/2aad51-9fb4-49d1-b4d6-7afa4d427830.h5
baselines () {'settling_time': 15.0, 'detector': 'H1', 'mass': 34.2, 'ncounts': 60}
%%%%%%%%%%%%%%%%%%%%%%%%%%%%%%%% Baseline
build tables- baseline [Detector(H2), Detector(H1), Detector(AX), Detector(L1), Detector(L2), Detector(CDD)]
add group baseline table H2
add group baseline table H1
add group baseline table AX
add group baseline table L1
add group baseline table L2
add group baseline table CDD
flush and close file /Users/jan/PychronDev/data/isotopes/74/2aad51-9fb4-49d1-b4d6-7afa4d427830.h5
detector Detector(H1)
POSITION 34.2 H1
Mapping mass to dac mass func: "parabolic"
H1 map mass coeffs = [-0.00063987  0.15840543  0.57110999]
H1 map mass to dac 34.2 >> 5.24015599104
GetDeflection H1 ===>> 0
GetHighVoltage ===>> 4500
positioning 34.2 (5.24015599104) on H1
setting magnet DAC
current  : 5.879500
requested: 5.240156
Delta Dac: 0.639344
Checking detector protection. dv=0.63934
Checking detector "CDD". Protection Threshold: 0.1 (V)
ProtectDetector CDD,On ===>> OK
GetDeflection CDD ===>> 2000
Protected = 2000
SetMagnetDAC 5.24015599104 ===>> OK
Magnet settling time: 0.500
GetMagnetMoving ===>> True
GetMagnetMoving ===>> True
GetMagnetMoving ===>> True
GetMagnetMoving ===>> True
GetMagnetMoving ===>> True
GetMagnetMoving ===>> True
GetMagnetMoving ===>> True
GetMagnetMoving ===>> True
GetMagnetMoving ===>> False
ProtectDetector CDD,Off ===>> OK
GetDeflection CDD ===>> 50
Delaying 15.0s for detectors to settle
Join finished
measuring baseline. ncounts=60
"baseline" increment series count="2" fit count="1" regressing="True"
starting measurement
GetData ===>> H2,0.00678400246856546,H1,-0.107492946292509,AX,-0.170348400417247,L1,-0.0983539999128774,L2,-0.0...
GetData ===>> H2,-0.18097523769459,H1,-0.131590049767349,AX,-0.129447778272278,L1,-0.108862099425543,L2,-0.0724...
GetData ===>> H2,-0.216048929868302,H1,-0.0815250981324621,AX,-0.0552848110256913,L1,-0.113378738175483,L2,0.02...
GetData ===>> H2,-0.0840011450520529,H1,-0.0411000447200437,AX,-0.0464844209562545,L1,-0.109398966275788,L2,0.0...
GetData ===>> H2,-0.138919746805936,H1,-0.112866817478374,AX,-0.0776126641115313,L1,-0.0890202318573542,L2,-0.0...
GetData ===>> H2,-0.153745659020982,H1,-0.0427097293956845,AX,-0.17846211617554,L1,-0.0742602946516257,L2,0.032...
GetData ===>> H2,-0.207281664224862,H1,-0.0305351012348297,AX,-0.156344853027485,L1,-0.0864761405927728,L2,-0.0...
GetData ===>> H2,-0.23566119232373,H1,-0.0149002774350702,AX,-0.0971540254174383,L1,-0.0734127242629296,L2,-0.0...
GetData ===>> H2,-0.302791007713901,H1,0.0217217208866362,AX,-0.0720485694307227,L1,-0.0562602277763325,L2,-0.0...
GetData ===>> H2,-0.174078120310856,H1,-0.0718107473483219,AX,-0.24910396650834,L1,-0.0540602612976663,L2,-0.09...
GetData ===>> H2,-0.146641089434146,H1,0.0282840805523101,AX,-0.152403093609449,L1,-0.078096381642654,L2,0.0120...
GetData ===>> H2,-0.084163678619907,H1,0.019586063882593,AX,-0.124558634255044,L1,-0.073945737418147,L2,-0.0124...
GetData ===>> H2,-0.137908583326622,H1,-0.00905597100471207,AX,-0.114744847664329,L1,-0.0846781657206237,L2,0.0...
GetData ===>> H2,-0.196600638663063,H1,-0.0404203923056066,AX,-0.139973912093167,L1,-0.116787386628951,L2,0.070...
GetData ===>> H2,-0.193491340737641,H1,0.0686699573511309,AX,-0.0819941647415056,L1,-0.0858597283824887,L2,0.02...
GetData ===>> H2,-0.121883369329165,H1,0.131554918228427,AX,-0.0713646275011715,L1,-0.0412134229534656,L2,-0.02...
GetData ===>> H2,-0.14262567435363,H1,-0.0149002774350702,AX,-0.0616382211429461,L1,-0.0343900684595414,L2,-0.1...
GetData ===>> H2,-0.208928149515712,H1,0.0528072493423572,AX,-0.0786674878507662,L1,-0.0556605204245562,L2,-0.0...
GetData ===>> H2,-0.21826563329757,H1,0.00524612821821715,AX,-0.0252628161220111,L1,-0.0274149311051003,L2,-0.0...
GetData ===>> H2,-0.205000171826175,H1,0.0250625047821586,AX,-0.0831764406325231,L1,-0.0358024004715091,L2,-0.0...
GetData ===>> H2,-0.201506292169159,H1,0.0704127406314871,AX,-0.00599701388877561,L1,-0.0189506032300653,L2,-0....
GetData ===>> H2,-0.245070166231865,H1,0.024621037660544,AX,-0.0962152953127388,L1,-0.00193686894498742,L2,-0.0...
GetData ===>> H2,-0.154982012510314,H1,0.117331910368734,AX,-0.0391791448787674,L1,0.00180760633129433,L2,-0.09...
GetData ===>> H2,-0.145875135799971,H1,0.00611696422698778,AX,-0.0711559662944171,L1,-0.017468433451779,L2,0.00...
19:37:17 -- collecting point 25
GetData ===>> H2,-0.164084987781195,H1,0.0297278574078465,AX,-0.17724510196477,L1,-0.0184817527442802,L2,-0.044...
GetData ===>> H2,-0.279404153330941,H1,0.0298949073135326,AX,-0.0587282252943876,L1,0.000321651114165644,L2,0.0...
GetData ===>> H2,-0.31852296123376,H1,0.0260170349435153,AX,-0.121928590212614,L1,-0.0194685916611739,L2,-0.000...
GetData ===>> H2,-0.333290118411469,H1,0.0845383933287593,AX,-0.0258774959794067,L1,-0.00324830617763343,L2,-0....
GetData ===>> H2,-0.266682722954843,H1,0.0120102179629768,AX,-0.0718283174697116,L1,-0.0574068738624045,L2,-0.1...
GetData ===>> H2,-0.152411867508918,H1,0.00274102577810815,AX,-0.0867811343312901,L1,-0.0204277590772491,L2,0.0...
GetData ===>> H2,-0.0812864910674849,H1,0.124180657006368,AX,-0.112647558265136,L1,0.0057525057795947,L2,-0.091...
GetData ===>> H2,-0.181509555197084,H1,0.0314938276556156,AX,-0.102983220719995,L1,-0.0199062231384014,L2,-0.01...
GetData ===>> H2,-0.251296915014724,H1,-0.0152342274959193,AX,-0.14015943394114,L1,-0.0398205158414151,L2,-0.10...
GetData ===>> H2,-0.181425901091346,H1,0.0238335606012942,AX,-0.22014435046535,L1,0.00144029813160154,L2,-0.045...
GetData ===>> H2,-0.193906463935477,H1,0.0351093909432223,AX,0.0247480149036541,L1,-0.00747541852015046,L2,-0.0...
GetData ===>> H2,-0.260205659961594,H1,0.0532607756965177,AX,-0.0270256611638659,L1,0.0113709251634981,L2,-0.02...
GetData ===>> H2,-0.31295931260252,H1,0.0160545746061615,AX,-0.0772765090885939,L1,-0.0100906850935939,L2,0.000...
GetData ===>> H2,-0.198873037848525,H1,0.0337609972881349,AX,0.0224156931218811,L1,0.0253979038190945,L2,-0.088...
GetData ===>> H2,-0.220688074938481,H1,0.0175697591382697,AX,-0.0313746488897719,L1,0.0120443377326953,L2,-0.02...
GetData ===>> H2,-0.177654077948501,H1,0.0688370722412791,AX,-0.0497426291625897,L1,-0.0339949719127484,L2,-0.1...
GetData ===>> H2,-0.0808597275321712,H1,0.0984585201676992,AX,-0.0413823811314143,L1,-0.00624489301527691,L2,-0...
GetData ===>> H2,-0.173061946391476,H1,-0.0223304028950764,AX,-0.118371545287531,L1,0.0234187221435571,L2,0.122...
GetData ===>> H2,-0.118283772096334,H1,0.0097912598415963,AX,-0.108951120471059,L1,0.0113673241477454,L2,0.0598...
GetData ===>> H2,-0.202445917591941,H1,0.0608516796015259,AX,-0.176966925149615,L1,0.0607751271586974,L2,-0.081...
GetData ===>> H2,-0.153951051672645,H1,0.0435581468555714,AX,0.00288904199303316,L1,0.0186175747939972,L2,-0.02...
GetData ===>> H2,-0.273518799482726,H1,0.0589897065091495,AX,-0.0643162679171094,L1,0.0328193882129099,L2,-0.04...
GetData ===>> H2,-0.217820968596358,H1,0.0467803178393346,AX,0.00889861006923354,L1,0.0059864440629622,L2,-0.05...
GetData ===>> H2,-0.176639047324355,H1,0.0825107728075426,AX,-0.0422288744281873,L1,-0.0174972155262692,L2,0.02...
GetData ===>> H2,-0.247670779489199,H1,0.0363026748113839,AX,0.0445692032754764,L1,-0.00913027411769755,L2,-0.0...
19:37:43 -- collecting point 50
GetData ===>> H2,-0.179870091943947,H1,0.0293818263470637,AX,-0.0808350567845095,L1,0.0156822639746983,L2,-0.10...
GetData ===>> H2,-0.113519077966944,H1,-0.0328485137976341,AX,-0.102913689633359,L1,0.0290683212887806,L2,-0.00...
GetData ===>> H2,-0.096005437495555,H1,0.00919477411096565,AX,-0.12760568887935,L1,0.013055141248064,L2,0.01260...
GetData ===>> H2,-0.23123136742768,H1,-0.0128488454742335,AX,-0.0405358804717083,L1,0.027583659078975,L2,-0.093...
GetData ===>> H2,-0.328846630910188,H1,0.105568431670888,AX,-0.0153578167395678,L1,0.0188325922890235,L2,-0.047...
GetData ===>> H2,-0.31301028161434,H1,0.0822603048861616,AX,-0.0174224079628007,L1,0.0173119525201435,L2,-0.008...
GetData ===>> H2,-0.286657980673428,H1,0.0269238470266277,AX,0.0639869970981831,L1,0.0634974514648751,L2,-0.096...
GetData ===>> H2,-0.277720251274161,H1,0.00629590407117426,AX,-0.10140717055499,L1,0.014194517594693,L2,-0.0450...
GetData ===>> H2,-0.351875567024291,H1,0.0940210459990488,AX,-0.0593311001069554,L1,0.021282193532479,L2,0.0121...
GetData ===>> H2,-0.270260522213098,H1,-0.0730623424000541,AX,-0.150200276119522,L1,0.0140516382592611,L2,0.031...
GetData ===>> H2,-0.172576303848697,H1,0.0542155747359054,AX,-0.0234999391500069,L1,0.0356366092831504,L2,-0.01...
measurement finished
estimated time: 62.915 actual time: :63.149
flush and close file /Users/jan/PychronDev/data/isotopes/74/2aad51-9fb4-49d1-b4d6-7afa4d427830.h5
activate_detectors ('H1', 'AX', 'CDD') {'peak_center': True}
peak_center () {'detector': 'H1', 'integration_time': 0.262144, 'isotope': 'Ar40'}
peak center: mean=2562.71409835 threshold=3
peak center started
setup peak center. detector=['H1', 'AX', 'CDD'], isotope=Ar40
VersionedUnpickler [<apptools.sweet_pickle.versioned_unpickler.VersionedUnpickler object at 0x1d9f00290>] using Updater [<apptools.sweet_pickle.updater.Updater object at 0x1373f1ad0>]
VersionedUnpickler [<apptools.sweet_pickle.versioned_unpickler.VersionedUnpickler object at 0x1d9f00290>] using Updater [<apptools.sweet_pickle.updater.Updater object at 0x1373f1ad0>]
VersionedUnpickler [<apptools.sweet_pickle.versioned_unpickler.VersionedUnpickler object at 0x1e3d68590>] using Updater [<apptools.sweet_pickle.updater.Updater object at 0x1373f1ad0>]
setting integration time = 0.524288
SetIntegrationTime 0.524288 ===>> OK
Mapping mass to dac mass func: "parabolic"
H1 map mass coeffs = [-0.00063987  0.15840543  0.57110999]
H1 map mass to dac 39.9624 >> 5.8795
GetDeflection H1 ===>> 0
GetHighVoltage ===>> 4500
do peak center. <pychron.spectrometer.jobs.peak_center.PeakCenter object at 0x1376ecfb0>
doing pc
starting peak center. center dac= 5.8795 step_width=0.001
width = 0.001
get scan parameters. half-width=0.015,window=0.015, i=0, scalar=1
Scan parameters center=5.87950 width=0.03000 (5.86450 - 5.89450)
GetData ===>> H2,-0.23344380575275,H1,0.0248954629396227,AX,-0.0787022620650323,L1,0.0477756468637014,L2,-0.001...
Moving to starting dac 5.8645
setting magnet DAC
current  : 5.240156
requested: 5.864500
Delta Dac: 0.624344
Checking detector protection. dv=0.62434
Checking detector "CDD". Protection Threshold: 0.1 (V)
ProtectDetector CDD,On ===>> OK
GetDeflection CDD ===>> 2000
Protected = 2000
SetMagnetDAC 5.8645 ===>> OK
Magnet settling time: 0.500
GetMagnetMoving ===>> True
GetMagnetMoving ===>> True
GetMagnetMoving ===>> True
GetMagnetMoving ===>> True
GetMagnetMoving ===>> True
GetMagnetMoving ===>> True
GetMagnetMoving ===>> True
GetMagnetMoving ===>> True
GetMagnetMoving ===>> False
ProtectDetector CDD,Off ===>> OK
GetDeflection CDD ===>> 50
Wait until signal near baseline. tol= 0.0186715972047. timeout= 10
GetData ===>> H2,20.1892108894005,H1,9.89995476750065,AX,0.19099743875009,L1,0.0408512647523678,L2,-0.005010054...
GetData ===>> H2,144.448433276152,H1,112.196594915259,AX,9.41816052831017,L1,0.130967717854964,L2,-0.0477214980...
GetData ===>> H2,151.717956715845,H1,93.9324248375211,AX,13.6392621275638,L1,0.221899606196112,L2,-0.0124335618...
GetData ===>> H2,147.42959676296,H1,45.4851252297793,AX,6.09895440809378,L1,0.19884096651035,L2,-0.154050532746...
GetData ===>> H2,101.032994748344,H1,23.0525534987028,AX,3.05172483208691,L1,0.142342812777772,L2,0.01785614657...
GetData ===>> H2,48.0993051507078,H1,12.3893215059887,AX,1.58108576415885,L1,0.106419228871522,L2,0.13261127702...
GetData ===>> H2,18.4178791399421,H1,7.1795824270106,AX,0.847084133507907,L1,0.0931353912118871,L2,-0.113401837...
GetData ===>> H2,6.14214045923725,H1,4.58257403258286,AX,0.500906211971837,L1,0.0807499517640746,L2,-0.06399509...
GetData ===>> H2,2.21399625275368,H1,3.33845796510379,AX,0.426287857992498,L1,0.0685209975409431,L2,-0.03208258...
GetData ===>> H2,1.23642165568428,H1,2.75923513308134,AX,0.24637552035422,L1,0.0357003183445528,L2,-0.008608022...
GetData ===>> H2,1.06697877064643,H1,2.40648771585106,AX,0.337309287990254,L1,0.0402860231436722,L2,0.014598973...
GetData ===>> H2,1.08007958305876,H1,2.26224207868861,AX,0.365826301103141,L1,0.0352916256935404,L2,0.077005657...
GetData ===>> H2,1.05532733856739,H1,2.20674870222994,AX,0.182157498234151,L1,0.0110353550165601,L2,-0.18930793...
GetData ===>> H2,0.955588436900333,H1,2.192934352127,AX,0.335473515005981,L1,0.0172439349626674,L2,0.0857125626...
GetData ===>> H2,0.839611384434695,H1,2.15984062257093,AX,0.30004289693743,L1,0.0223974654700674,L2,-0.09057313...
GetData ===>> H2,0.735678299286799,H1,2.1836294130875,AX,0.267783194293154,L1,0.0599765016716994,L2,-0.02513871...
GetData ===>> H2,0.69508078485567,H1,2.10565584321885,AX,0.25152964983424,L1,0.0484092823163625,L2,-0.187190120...
GetData ===>> H2,0.71168298374623,H1,2.05147600013429,AX,0.306105846930656,L1,0.0272485592535755,L2,-0.06133233...
GetData ===>> H2,0.682141910717606,H1,2.08609959257064,AX,0.303085939650086,L1,0.0238261342742125,L2,-0.1072711...
GetData ===>> H2,0.682141910717606,H1,2.08609959257064,AX,0.303085939650086,L1,0.0238261342742125,L2,-0.1072711...
GetData ===>> H2,0.552066060734289,H1,2.12736000064775,AX,0.306825992479954,L1,0.0455387611966365,L2,-0.0178300...
Peak center failed to move to a baseline position
_do_sweep sm= 5.8645, em= 5.8945, stm= 0.001
calculated step values: start=5.8645, end=5.8945, width=0.001, nsteps=31.0
setting magnet DAC
current  : 5.864500
requested: 5.864500
Delta Dac: 0.000000
Checking detector protection. dv=0.00000
Checking detector "CDD". Protection Threshold: 0.1 (V)
SetMagnetDAC 5.8645 ===>> OK
GetData ===>> H2,0.482260374482321,H1,2.01703271496003,AX,0.355947826042427,L1,0.0296942031313108,L2,-0.0436469...
setting magnet DAC
current  : 5.864500
requested: 5.865534
Delta Dac: 0.001034
Checking detector protection. dv=0.00103
Checking detector "CDD". Protection Threshold: 0.1 (V)
SetMagnetDAC 5.86553448276 ===>> OK
Magnet settling time: 1.049
GetData ===>> H2,0.340003487866009,H1,4.17312250364701,AX,0.906303950540644,L1,0.0448903046187157,L2,0.03341466...
setting magnet DAC
current  : 5.865534
requested: 5.866569
Delta Dac: 0.001034
Checking detector protection. dv=0.00103
Checking detector "CDD". Protection Threshold: 0.1 (V)
SetMagnetDAC 5.86656896552 ===>> OK
Magnet settling time: 1.049
GetData ===>> H2,0.229411716123929,H1,13.7634257460979,AX,2.57858994318577,L1,0.0452217327754876,L2,-0.05634798...
setting magnet DAC
current  : 5.866569
requested: 5.867603
Delta Dac: 0.001034
Checking detector protection. dv=0.00103
Checking detector "CDD". Protection Threshold: 0.1 (V)
SetMagnetDAC 5.86760344828 ===>> OK
Magnet settling time: 1.049
GetData ===>> H2,0.0983340818621351,H1,51.227972790541,AX,8.38368337250238,L1,0.0732523320398945,L2,-0.16660165...
setting magnet DAC
current  : 5.867603
requested: 5.868638
Delta Dac: 0.001034
Checking detector protection. dv=0.00103
Checking detector "CDD". Protection Threshold: 0.1 (V)
SetMagnetDAC 5.86863793103 ===>> OK
Magnet settling time: 1.049
GetData ===>> H2,0.139087806553195,H1,180.192899554882,AX,27.6897332093898,L1,0.119592540042162,L2,-0.139219407...
setting magnet DAC
current  : 5.868638
requested: 5.869672
Delta Dac: 0.001034
Checking detector protection. dv=0.00103
Checking detector "CDD". Protection Threshold: 0.1 (V)
SetMagnetDAC 5.86967241379 ===>> OK
Magnet settling time: 1.049
GetData ===>> H2,0.211601391477987,H1,514.039239161703,AX,84.531654875253,L1,0.425067850757766,L2,0.09585642309...
setting magnet DAC
current  : 5.869672
requested: 5.870707
Delta Dac: 0.001034
Checking detector protection. dv=0.00103
Checking detector "CDD". Protection Threshold: 0.1 (V)
SetMagnetDAC 5.87070689655 ===>> OK
Magnet settling time: 1.049
GetData ===>> H2,0.163629007347844,H1,1081.7516483768,AX,198.546081224354,L1,1.18114962184926,L2,0.342749115456...
setting magnet DAC
current  : 5.870707
requested: 5.871741
Delta Dac: 0.001034
Checking detector protection. dv=0.00103
Checking detector "CDD". Protection Threshold: 0.1 (V)
SetMagnetDAC 5.87174137931 ===>> OK
Magnet settling time: 1.049
GetData ===>> H2,0.069930983903561,H1,1683.60276234178,AX,339.105250568098,L1,2.4451646462998,L2,0.768676716374...
setting magnet DAC
current  : 5.871741
requested: 5.872776
Delta Dac: 0.001034
Checking detector protection. dv=0.00103
Checking detector "CDD". Protection Threshold: 0.1 (V)
SetMagnetDAC 5.87277586207 ===>> OK
Magnet settling time: 1.049
GetData ===>> H2,0.00277773460402242,H1,2123.62215722658,AX,462.929502496573,L1,3.84620740483461,L2,1.540842499...
setting magnet DAC
current  : 5.872776
requested: 5.873810
Delta Dac: 0.001034
Checking detector protection. dv=0.00103
Checking detector "CDD". Protection Threshold: 0.1 (V)
SetMagnetDAC 5.87381034483 ===>> OK
Magnet settling time: 1.049
GetData ===>> H2,-0.0277380828599891,H1,2338.13425866837,AX,537.025294661313,L1,5.1723708291235,L2,2.3339302553...
setting magnet DAC
current  : 5.873810
requested: 5.874845
Delta Dac: 0.001034
Checking detector protection. dv=0.00103
Checking detector "CDD". Protection Threshold: 0.1 (V)
SetMagnetDAC 5.87484482759 ===>> OK
Magnet settling time: 1.049
GetData ===>> H2,0.0205741252162875,H1,2413.22822316993,AX,568.750497748286,L1,6.07520526796292,L2,2.8484064353...
setting magnet DAC
current  : 5.874845
requested: 5.875879
Delta Dac: 0.001034
Checking detector protection. dv=0.00103
Checking detector "CDD". Protection Threshold: 0.1 (V)
SetMagnetDAC 5.87587931034 ===>> OK
Magnet settling time: 1.049
GetData ===>> H2,0.0349637128920836,H1,2434.91496680835,AX,578.445259787588,L1,6.66850982257416,L2,3.0606936113...
setting magnet DAC
current  : 5.875879
requested: 5.876914
Delta Dac: 0.001034
Checking detector protection. dv=0.00103
Checking detector "CDD". Protection Threshold: 0.1 (V)
SetMagnetDAC 5.8769137931 ===>> OK
Magnet settling time: 1.049
GetData ===>> H2,-0.073036957500506,H1,2440.76424373661,AX,580.800469832761,L1,7.06557377990652,L2,3.1973820662...
setting magnet DAC
current  : 5.876914
requested: 5.877948
Delta Dac: 0.001034
Checking detector protection. dv=0.00103
Checking detector "CDD". Protection Threshold: 0.1 (V)
SetMagnetDAC 5.87794827586 ===>> OK
Magnet settling time: 1.049
GetData ===>> H2,-0.140269354004427,H1,2441.5673923525,AX,581.419419519908,L1,7.26577463129819,L2,3.35375589103...
setting magnet DAC
current  : 5.877948
requested: 5.878983
Delta Dac: 0.001034
Checking detector protection. dv=0.00103
Checking detector "CDD". Protection Threshold: 0.1 (V)
SetMagnetDAC 5.87898275862 ===>> OK
Magnet settling time: 1.049
GetData ===>> H2,-0.149793207795221,H1,2440.96824204034,AX,580.873681984184,L1,7.35580190914587,L2,3.3220485130...
setting magnet DAC
current  : 5.878983
requested: 5.880017
Delta Dac: 0.001034
Checking detector protection. dv=0.00103
Checking detector "CDD". Protection Threshold: 0.1 (V)
SetMagnetDAC 5.88001724138 ===>> OK
Magnet settling time: 1.049
GetData ===>> H2,-0.145914984433885,H1,2440.23461126471,AX,580.877102586823,L1,7.3735591183767,L2,3.31697351036...
setting magnet DAC
current  : 5.880017
requested: 5.881052
Delta Dac: 0.001034
Checking detector protection. dv=0.00103
Checking detector "CDD". Protection Threshold: 0.1 (V)
SetMagnetDAC 5.88105172414 ===>> OK
Magnet settling time: 1.049
GetData ===>> H2,-0.0311068957487902,H1,2439.34584172595,AX,580.963261776928,L1,7.40019909072864,L2,3.249702600...
setting magnet DAC
current  : 5.881052
requested: 5.882086
Delta Dac: 0.001034
Checking detector protection. dv=0.00103
Checking detector "CDD". Protection Threshold: 0.1 (V)
SetMagnetDAC 5.8820862069 ===>> OK
Magnet settling time: 1.049
GetData ===>> H2,-0.112115405717211,H1,2437.79210695483,AX,579.872928491994,L1,7.45266021099243,L2,3.2202283245...
setting magnet DAC
current  : 5.882086
requested: 5.883121
Delta Dac: 0.001034
Checking detector protection. dv=0.00103
Checking detector "CDD". Protection Threshold: 0.1 (V)
SetMagnetDAC 5.88312068966 ===>> OK
Magnet settling time: 1.049
GetData ===>> H2,-0.0163909904139108,H1,2434.88449743371,AX,578.605145573833,L1,7.4641405666862,L2,3.0780847939...
setting magnet DAC
current  : 5.883121
requested: 5.884155
Delta Dac: 0.001034
Checking detector protection. dv=0.00103
Checking detector "CDD". Protection Threshold: 0.1 (V)
SetMagnetDAC 5.88415517241 ===>> OK
Magnet settling time: 1.049
GetData ===>> H2,-0.166068034026784,H1,2417.95914022995,AX,570.442706452694,L1,7.31136645736436,L2,3.1783360468...
setting magnet DAC
current  : 5.884155
requested: 5.885190
Delta Dac: 0.001034
Checking detector protection. dv=0.00103
Checking detector "CDD". Protection Threshold: 0.1 (V)
SetMagnetDAC 5.88518965517 ===>> OK
Magnet settling time: 1.049
GetData ===>> H2,-0.124172936269285,H1,2359.7765020783,AX,544.985080431968,L1,6.94382290075892,L2,2.79568327513...
setting magnet DAC
current  : 5.885190
requested: 5.886224
Delta Dac: 0.001034
Checking detector protection. dv=0.00103
Checking detector "CDD". Protection Threshold: 0.1 (V)
SetMagnetDAC 5.88622413793 ===>> OK
Magnet settling time: 1.049
GetData ===>> H2,-0.253252069960382,H1,2172.62616287815,AX,471.386446334862,L1,6.15133936662185,L2,2.2356139286...
setting magnet DAC
current  : 5.886224
requested: 5.887259
Delta Dac: 0.001034
Checking detector protection. dv=0.00103
Checking detector "CDD". Protection Threshold: 0.1 (V)
SetMagnetDAC 5.88725862069 ===>> OK
Magnet settling time: 1.049
GetData ===>> H2,-0.397090391576348,H1,1738.14170137924,AX,335.852112024174,L1,4.89173718624873,L2,1.2454241083...
setting magnet DAC
current  : 5.887259
requested: 5.888293
Delta Dac: 0.001034
Checking detector protection. dv=0.00103
Checking detector "CDD". Protection Threshold: 0.1 (V)
SetMagnetDAC 5.88829310345 ===>> OK
Magnet settling time: 1.049
GetData ===>> H2,-0.364207794711417,H1,1114.2020907995,AX,185.211084418663,L1,3.4319621747382,L2,0.606954143225...
setting magnet DAC
current  : 5.888293
requested: 5.889328
Delta Dac: 0.001034
Checking detector protection. dv=0.00103
Checking detector "CDD". Protection Threshold: 0.1 (V)
SetMagnetDAC 5.88932758621 ===>> OK
Magnet settling time: 1.049
GetData ===>> H2,-0.381094940169905,H1,547.774929871391,AX,76.81175866321,L1,2.15664059417998,L2,0.232709812422...
setting magnet DAC
current  : 5.889328
requested: 5.890362
Delta Dac: 0.001034
Checking detector protection. dv=0.00103
Checking detector "CDD". Protection Threshold: 0.1 (V)
SetMagnetDAC 5.89036206897 ===>> OK
Magnet settling time: 1.049
GetData ===>> H2,-0.29125328008726,H1,207.187519160302,AX,23.8585848400926,L1,1.2868699910285,L2,0.059799312285...
setting magnet DAC
current  : 5.890362
requested: 5.891397
Delta Dac: 0.001034
Checking detector protection. dv=0.00103
Checking detector "CDD". Protection Threshold: 0.1 (V)
SetMagnetDAC 5.89139655172 ===>> OK
Magnet settling time: 1.049
GetData ===>> H2,-0.289805868947523,H1,62.6795502092798,AX,5.65308233853695,L1,0.757140240981895,L2,0.046195955...
setting magnet DAC
current  : 5.891397
requested: 5.892431
Delta Dac: 0.001034
Checking detector protection. dv=0.00103
Checking detector "CDD". Protection Threshold: 0.1 (V)
SetMagnetDAC 5.89243103448 ===>> OK
Magnet settling time: 1.049
GetData ===>> H2,-0.31689182186177,H1,15.9909171694718,AX,0.854694106117299,L1,0.492933825890322,L2,-0.02618602...
setting magnet DAC
current  : 5.892431
requested: 5.893466
Delta Dac: 0.001034
Checking detector protection. dv=0.00103
Checking detector "CDD". Protection Threshold: 0.1 (V)
SetMagnetDAC 5.89346551724 ===>> OK
Magnet settling time: 1.049
GetData ===>> H2,-0.19294056563371,H1,3.4711583260777,AX,-0.244318252708239,L1,0.332325028475479,L2,-0.07400823...
setting magnet DAC
current  : 5.893466
requested: 5.894500
Delta Dac: 0.001034
Checking detector protection. dv=0.00103
Checking detector "CDD". Protection Threshold: 0.1 (V)
SetMagnetDAC 5.8945 ===>> OK
Magnet settling time: 1.049
GetData ===>> H2,-0.131169954102568,H1,0.635185695733065,AX,-0.458153681980065,L1,0.204229618704916,L2,-0.09248...
result of _do_sweep=True
result of _calculate_peak_center=([5.8720171031718618, 5.8795632299080927, 5.8871093566443236], [1800.8824808181964, 2441.5565860342444, 1800.832846124666], 5.8779669338677358, 2441.5565860342444)
Failed to find a valid peak. No peak greater than 1.0. max = 0.0538799178415
new center pos Detector(H1) (Ar40) @ 5.87956322991
GetHighVoltage ===>> 4500
GetDeflection H1 ===>> 0
dac uncorrected for HV and deflection 5.87956322991
update mftable H1 Ar40 5.87956322991 message=automated run peakcenter
get initial guess parabolic
get initial guess parabolic
get initial guess parabolic
get initial guess parabolic
get initial guess parabolic
get initial guess parabolic
dump mftable to /Users/jan/PychronDev/setupfiles/spectrometer/mftables/mftable.csv
add to repo msg=modified - automated run peakcenter
locally archiving mftable
setting magnet DAC
current  : 5.894500
requested: 5.879563
Delta Dac: 0.014937
Checking detector protection. dv=0.01494
Checking detector "CDD". Protection Threshold: 0.1 (V)
sweep finished
SetMagnetDAC 5.87956322991 ===>> OK
Magnet settling time: 0.500
setting integration time = 1.048576
SetIntegrationTime 1.048576 ===>> OK
Failed to find a valid peak. No peak greater than 1.0. max = 0.0538447149578
flush and close file /Users/jan/PychronDev/data/isotopes/74/2aad51-9fb4-49d1-b4d6-7afa4d427830.h5
finished measure script
executed snippet estimated_duration=226.132928, duration=272.878340006
jan_unknown120_60.py completed successfully
Measurement Finished
19:38:41 -- ******* Measurement Finished *******
Post Measurement Started jan_pump_ms.py
19:38:41 -- ******* Post Measurement Started jan_pump_ms.py *******
testing...
no interpolation path defined
executed snippet estimated_duration=0, duration=2.88486480713e-05
Pumping spectrometer
open () {'name': 'O'}
opening name=O desc=---
checking ownership. requestor=129.138.12.150
check software interlocks O
interlocks []
actuate state mode=None-script, software_lock=False
doing actuation None-script open_channel True
Open O ===>> OK
GetIndicatorState O ===>> OK
change switch state (True, True)
update switch state O True args=() kw={} ncanvase=2
19:38:41 -- OPEN   VALVE-O (Jan Ion Pump)
---------------------------------------- open O () result=[(True, True)], time=0.09 sec
action=open, ok=True, locked=[False]
executed snippet estimated_duration=0, duration=0.345889091492
jan_pump_ms.py completed successfully
setting _ms_pumptime
Post Measurement Finished
19:38:42 -- ******* Post Measurement Finished *******
$$$$$$$$$$$$$$$$$$$$ state at run end measurement
state changed from measurement to success
post measurement save measured=True aborted=False
Set filtering
setting fod for Ar40= {'filter_outliers': True, 'std_devs': 2, 'iterations': 1}
setting fod for H1= {'filter_outliers': True, 'std_devs': 2, 'iterations': 1}
setting fod for PM41= {'filter_outliers': False, 'std_devs': 2, 'iterations': 1}
setting fod for H2= {'filter_outliers': True, 'std_devs': 2, 'iterations': 1}
setting fod for Ar36= {'filter_outliers': True, 'std_devs': 2, 'iterations': 1}
setting fod for CDD= {'filter_outliers': True, 'std_devs': 10, 'iterations': 1}
setting fod for Ar37= {'filter_outliers': True, 'std_devs': 2, 'iterations': 1}
setting fod for L2= {'filter_outliers': True, 'std_devs': 2, 'iterations': 1}
setting fod for Ar38= {'filter_outliers': True, 'std_devs': 2, 'iterations': 1}
setting fod for L1= {'filter_outliers': True, 'std_devs': 2, 'iterations': 1}
setting fod for Ar39= {'filter_outliers': True, 'std_devs': 2, 'iterations': 1}
setting fod for AX= {'filter_outliers': True, 'std_devs': 2, 'iterations': 1}
persistence save...
persistence save - db
post measurement save
7882907280 connecting to database sqlite:////Users/jan/PychronDev/.appdata/local_lab.db
connected to db sqlite:////Users/jan/PychronDev/.appdata/local_lab.db
create new session 7882907280
close session 7882907280
No database instance. Not saving post measurement to isotopedb database
$$$$$$$$$$$$$$$ auto_save_detector_ic=False
massspec enabled True
create new session 4985911824
MassSpec Database Version: 16.0
close session 4985911824
saving post measurement to secondary database
saving to massspec database 129.138.12.160/massspecdata
setting labnumber to 65555
setting aliquot to 9
setting step to C
setting uuid to 742aad51-9fb4-49d1-b4d6-7afa4d427830
setting irradpos to 65555
setting extract_device to Fusions CO2
setting tray to 
setting position to 195
setting power_requested to 5.0
setting extract_value to 5.0
setting duration to 30.0
setting duration_at_request to 30.0
setting first_stage_delay to 30.0
setting cleanup to 30.0
setting comment to N:14 without inclusions
setting irradiation to NM-289
setting level to N
setting irradiation_level to N
setting sample to Bw-2014-7 WO
setting material to Sanidine
setting project to Bustos Wells
setting mass_spectrometer to Jan
no attribute chron_dosages
no attribute production_ratios
no attribute interference_corrections
no attribute production_name
no attribute j
Reference Isotope=Ar40
Reference Detector=H1
%%%%%%%%%%%%%%%%%%%% Comment: N:14 without inclusions %%%%%%%%%%%%%%%%%%%
adding isotope PM41 H2
add baseline dbdet= PM41. original det= H2
get baseline data PM41 H2
Get data baseline <pychron.processing.isotope.Baseline object at 0x1cd6318d0> len t=60
baseline PM41. v=-0.199734429228, e=0.00871219156884
get signal data PM41 H2
Get data signal PM41 0.13+/-0.07 len t=120
adding isotope Ar40 H1
add baseline dbdet= Ar40. original det= H1
get baseline data Ar40 H1
Get data baseline <pychron.processing.isotope.Baseline object at 0x1cd631110> len t=60
baseline Ar40. v=0.0263555814781, e=0.00639288886244
get signal data Ar40 H1
Get data signal Ar40 2697.31+/-0.12 len t=120
adding isotope Ar39 AX
add baseline dbdet= Ar39. original det= AX
get baseline data Ar39 AX
Get data baseline <pychron.processing.isotope.Baseline object at 0x1cd631190> len t=60
baseline Ar39. v=-0.0768583054163, e=0.00718316657435
get signal data Ar39 AX
Get data signal Ar39 640.42+/-0.05 len t=120
adding isotope Ar38 L1
add baseline dbdet= Ar38. original det= L1
get baseline data Ar38 L1
Get data baseline <pychron.processing.isotope.Baseline object at 0x18bef9110> len t=60
baseline Ar38. v=-0.0187482679279, e=0.00561081930477
get signal data Ar38 L1
Get data signal Ar38 8.181+/-0.006 len t=120
adding isotope Ar37 L2
add baseline dbdet= Ar37. original det= L2
get baseline data Ar37 L2
Get data baseline <pychron.processing.isotope.Baseline object at 0x18bef9c90> len t=60
baseline Ar37. v=-0.0307375808645, e=0.0064298210396
get signal data Ar37 L2
Get data signal Ar37 3.608+/-0.011 len t=120
adding isotope Ar36 CDD
add baseline dbdet= Ar36. original det= CDD
get baseline data Ar36 CDD
Get data baseline <pychron.processing.isotope.Baseline object at 0x18bef9b90> len t=60
baseline Ar36. v=0.000543358768821, e=3.33483848515e-05
get signal data Ar36 CDD
Get data signal Ar36 0.0408+/-0.0005 len t=120
65555-09C added analysis time 0.517695903778s
analysis added to mass spec database
mass spec save time= 0.530
persistence save - dvc
================= post measurement started
create new session 4991427888
close session 4991427888
---------------- Experiment Queue saving disabled
DVC saving peakcenter
Failed to find a valid peak. No peak greater than 1.0. max = 0.0538447149578
Smart pull ahead: 0 behind: 0
Up-to-date with origin
add to repo msg=modified - ad8224ebc6dbfeb9f5997218dfa5fe690569839d.json
add to repo msg=modified - 55-09C.json
add to repo msg=modified - 55-09C.dat.json
add to repo msg=modified - 55-09C.blan.json
add to repo msg=modified - 55-09C.inte.json
add to repo msg=modified - 55-09C.icfa.json
add to repo msg=modified - 55-09C.base.json
not at valid file /Users/jan/PychronDev/data/.dvc/repositories/Load1786/655/tags/55-09C.tags.json
add to repo msg=modified - 55-09C.peak.json
add to repo msg=modified - 55-09C.extr.json
not at valid file /Users/jan/PychronDev/data/.dvc/repositories/Load1786/655/monitor/55-09C.moni.json
commit message=<COLLECTION>
add to repo msg=modified - 55-09C.inte.json
add to repo msg=modified - 55-09C.base.json
commit message=<ISOEVO> default collection fits
add to repo msg=modified - 55-09C.blan.json
commit message=<BLANKS> preceding bc-02-J-328
add to repo msg=modified - 55-09C.icfa.json
commit message=<ICFactor> default
push repository <pychron.git_archive.repo_manager.GitRepoManager object at 0x1d15b1410>
pushing to remote=origin, url=https://github.com
no changes to meta repo
create new session 4991427888
add association Load1786
get identifier "65555"
setting analysis irradiation position=<pychron.dvc.dvc_orm.IrradiationPositionTbl object at 0x1d781f310>
close session 4991427888
================= post measurement finished
19:38:56 -- ******* Post Run Check *******
loading queue conditionals post_run_actions
loading system conditionals post_run_actions
loading conditionals from /Users/jan/PychronDev/setupfiles/spectrometer/default_conditionals.yaml
loading queue conditionals post_run_terminations
loading system conditionals post_run_terminations
loading conditionals from /Users/jan/PychronDev/setupfiles/spectrometer/default_conditionals.yaml
Checking default post run terminations n=1
GetDeflection CDD ===>> 50
testing CDD==2000
evaluate ot="CDD.deflection==2000" t="CDD==2000", ctx="{'CDD': 50.0}"
19:38:56 -- ******* Post Run Check Passed *******
19:38:56 -- Automated run 65555-09C success duration: 362.799 s
----------------- finish -----------------
----------------- stop -----------------
retroactive repository identifiers disabled
finish run. runs completed=223
update duration runid=65555-09C, duration=362.798741102, md5=301e91d8
loading script "jan_unknown120_60.py"
loading script "jan_pump_ms.py"
loading script "jan_co2.py"
loading script "jan_pump_extraction_line.py"
testing...
no interpolation path defined
executed snippet estimated_duration=213.652928, duration=0.000216960906982
script duration name:unknown120_60 seconds:214.0
loading script "jan_unknown120_60.py"
loading script "jan_pump_ms.py"
loading script "jan_co2.py"
loading script "jan_pump_extraction_line.py"
testing...
no interpolation path defined
executed snippet estimated_duration=0, duration=2.09808349609e-05
loading script "jan_unknown120_60.py"
loading script "jan_pump_ms.py"
loading script "jan_co2.py"
loading script "jan_pump_extraction_line.py"
testing...
no interpolation path defined
calculate duration
testing...
no interpolation path defined
executed snippet estimated_duration=0, duration=6.19888305664e-05
calculate duration
testing...
no interpolation path defined
executed snippet estimated_duration=0, duration=7.00950622559e-05
executed snippet estimated_duration=0.0, duration=0.00164389610291
script duration name:co2 seconds:0.0
loading script "jan_unknown120_60.py"
loading script "jan_pump_ms.py"
loading script "jan_co2.py"
loading script "jan_pump_extraction_line.py"
testing...
no interpolation path defined
calculate duration
testing...
no interpolation path defined
executed snippet estimated_duration=4.0, duration=0.000118017196655
executed snippet estimated_duration=4.0, duration=0.000911951065063
Script duration 214.0
Run total estimated duration= 215.000
unknown120_60 in script context. using previous estimated duration
script duration name:unknown120_60 seconds:214.0
pump_ms in script context. using previous estimated duration
co2 in script context. using previous estimated duration
script duration name:co2 seconds:0.0
pump_extraction_line in script context. using previous estimated duration
Script duration 214.0
Run total estimated duration= 215.000
script duration name:unknown120_60 seconds:214.0
script duration name:co2 seconds:0.0
Script duration 214.0
Run total estimated duration= 215.000
script duration name:unknown120_60 seconds:214.0
script duration name:co2 seconds:0.0
Script duration 214.0
Run total estimated duration= 215.000
script duration name:unknown120_60 seconds:214.0
script duration name:co2 seconds:0.0
Script duration 214.0
Run total estimated duration= 215.000
script duration name:unknown120_60 seconds:214.0
script duration name:co2 seconds:0.0
Script duration 214.0
Run total estimated duration= 215.000
script duration name:unknown120_60 seconds:214.0
script duration name:co2 seconds:0.0
Script duration 214.0
Run total estimated duration= 215.000
loading script "jan_ic_peak_hop3.py"
loading script "jan_pump_ms.py"
loading script "jan_air_x1.py"
loading script "jan_pump_extraction_line.py"
testing...
no interpolation path defined
executed snippet estimated_duration=133.8, duration=0.00925588607788
script duration name:ic_peak_hop3 seconds:134.0
loading script "jan_ic_peak_hop3.py"
loading script "jan_pump_ms.py"
loading script "jan_air_x1.py"
loading script "jan_pump_extraction_line.py"
testing...
no interpolation path defined
calculate duration
testing...
no interpolation path defined
executed snippet estimated_duration=0, duration=6.31809234619e-05
calculate duration
testing...
no interpolation path defined
executed snippet estimated_duration=0, duration=0.0001060962677
calculate duration
testing...
no interpolation path defined
executed snippet estimated_duration=32.0, duration=8.29696655273e-05
calculate duration
testing...
no interpolation path defined
executed snippet estimated_duration=34.0, duration=9.3936920166e-05
calculate duration
testing...
no interpolation path defined
executed snippet estimated_duration=4.0, duration=5.41210174561e-05
calculate duration
testing...
no interpolation path defined
executed snippet estimated_duration=36.0, duration=8.60691070557e-05
executed snippet estimated_duration=106.0, duration=0.00621700286865
script duration name:air_x1 seconds:106.0
Script duration 240.0
Run total estimated duration= 241.000
script duration name:unknown120_60 seconds:214.0
script duration name:co2 seconds:0.0
Script duration 214.0
Run total estimated duration= 215.000
script duration name:unknown120_60 seconds:214.0
script duration name:co2 seconds:0.0
Script duration 214.0
Run total estimated duration= 215.000
script duration name:unknown120_60 seconds:214.0
script duration name:co2 seconds:0.0
Script duration 214.0
Run total estimated duration= 215.000
loading script "jan_unknown400_120.py"
loading script "jan_pump_ms.py"
loading script "jan_sniffair_x2.py"
loading script "jan_pump_extraction_line.py"
testing...
no interpolation path defined
executed snippet estimated_duration=556.052928, duration=0.000149011611938
script duration name:unknown400_120 seconds:556.0
loading script "jan_unknown400_120.py"
loading script "jan_pump_ms.py"
loading script "jan_sniffair_x2.py"
loading script "jan_pump_extraction_line.py"
testing...
no interpolation path defined
calculate duration
testing...
no interpolation path defined
executed snippet estimated_duration=0, duration=5.00679016113e-05
calculate duration
testing...
no interpolation path defined
executed snippet estimated_duration=0, duration=7.60555267334e-05
calculate duration
testing...
no interpolation path defined
executed snippet estimated_duration=32.0, duration=6.98566436768e-05
calculate duration
testing...
no interpolation path defined
executed snippet estimated_duration=34.0, duration=7.48634338379e-05
calculate duration
testing...
no interpolation path defined
executed snippet estimated_duration=4.0, duration=5.10215759277e-05
calculate duration
testing...
no interpolation path defined
executed snippet estimated_duration=36.0, duration=6.69956207275e-05
calculate duration
testing...
no interpolation path defined
executed snippet estimated_duration=34.0, duration=7.70092010498e-05
calculate duration
testing...
no interpolation path defined
executed snippet estimated_duration=4.0, duration=4.81605529785e-05
calculate duration
testing...
no interpolation path defined
executed snippet estimated_duration=36.0, duration=7.39097595215e-05
calculate duration
testing...
no interpolation path defined
executed snippet estimated_duration=70.0, duration=7.60555267334e-05
executed snippet estimated_duration=250.0, duration=0.00841403007507
script duration name:sniffair_x2 seconds:250.0
Script duration 806.0
Run total estimated duration= 807.000
script duration name:unknown120_60 seconds:214.0
script duration name:co2 seconds:0.0
Script duration 214.0
Run total estimated duration= 215.000
unknown400_120 in script context. using previous estimated duration
script duration name:unknown400_120 seconds:556.0
script duration name:co2 seconds:0.0
Script duration 556.0
Run total estimated duration= 557.000
script duration name:unknown400_120 seconds:556.0
loading script "jan_unknown400_120.py"
loading script "jan_pump_ms.py"
loading script "jan_cocktail_x1.py"
loading script "jan_pump_extraction_line.py"
testing...
no interpolation path defined
calculate duration
testing...
no interpolation path defined
executed snippet estimated_duration=0, duration=5.22136688232e-05
calculate duration
testing...
no interpolation path defined
executed snippet estimated_duration=0, duration=7.70092010498e-05
calculate duration
testing...
no interpolation path defined
executed snippet estimated_duration=32.0, duration=8.79764556885e-05
calculate duration
testing...
no interpolation path defined
executed snippet estimated_duration=34.0, duration=7.5101852417e-05
calculate duration
testing...
no interpolation path defined
executed snippet estimated_duration=4.0, duration=4.88758087158e-05
calculate duration
testing...
no interpolation path defined
executed snippet estimated_duration=38.0, duration=0.000118017196655
executed snippet estimated_duration=108.0, duration=0.00512504577637
script duration name:cocktail_x1 seconds:108.0
Script duration 664.0
Run total estimated duration= 665.000
script duration name:unknown400_120 seconds:556.0
cocktail_x1 in script context. using previous estimated duration
script duration name:cocktail_x1 seconds:108.0
Script duration 664.0
Run total estimated duration= 665.000
script duration name:unknown120_60 seconds:214.0
script duration name:co2 seconds:0.0
Script duration 214.0
Run total estimated duration= 215.000
script duration name:unknown400_120 seconds:556.0
sniffair_x2 in script context. using previous estimated duration
script duration name:sniffair_x2 seconds:250.0
Script duration 806.0
Run total estimated duration= 807.000
script duration name:unknown120_60 seconds:214.0
script duration name:co2 seconds:0.0
Script duration 214.0
Run total estimated duration= 215.000
script duration name:unknown120_60 seconds:214.0
script duration name:co2 seconds:0.0
Script duration 214.0
Run total estimated duration= 215.000
script duration name:unknown120_60 seconds:214.0
script duration name:co2 seconds:0.0
Script duration 214.0
Run total estimated duration= 215.000
script duration name:unknown120_60 seconds:214.0
script duration name:co2 seconds:0.0
Script duration 214.0
Run total estimated duration= 215.000
script duration name:unknown120_60 seconds:214.0
script duration name:co2 seconds:0.0
Script duration 214.0
Run total estimated duration= 215.000
script duration name:unknown120_60 seconds:214.0
script duration name:co2 seconds:0.0
Script duration 214.0
Run total estimated duration= 215.000
script duration name:unknown120_60 seconds:214.0
script duration name:co2 seconds:0.0
Script duration 214.0
Run total estimated duration= 215.000
script duration name:unknown120_60 seconds:214.0
script duration name:co2 seconds:0.0
Script duration 214.0
Run total estimated duration= 215.000
script duration name:unknown120_60 seconds:214.0
script duration name:co2 seconds:0.0
Script duration 214.0
Run total estimated duration= 215.000
script duration name:unknown120_60 seconds:214.0
script duration name:co2 seconds:0.0
Script duration 214.0
Run total estimated duration= 215.000
script duration name:unknown120_60 seconds:214.0
script duration name:co2 seconds:0.0
Script duration 214.0
Run total estimated duration= 215.000
script duration name:unknown400_120 seconds:556.0
script duration name:cocktail_x1 seconds:108.0
Script duration 664.0
Run total estimated duration= 665.000
script duration name:unknown400_120 seconds:556.0
script duration name:cocktail_x1 seconds:108.0
Script duration 664.0
Run total estimated duration= 665.000
script duration name:unknown120_60 seconds:214.0
script duration name:co2 seconds:0.0
Script duration 214.0
Run total estimated duration= 215.000
script duration name:unknown120_60 seconds:214.0
script duration name:co2 seconds:0.0
Script duration 214.0
Run total estimated duration= 215.000
script duration name:unknown120_60 seconds:214.0
script duration name:co2 seconds:0.0
Script duration 214.0
Run total estimated duration= 215.000
script duration name:unknown120_60 seconds:214.0
script duration name:co2 seconds:0.0
Script duration 214.0
Run total estimated duration= 215.000
ic_peak_hop3 in script context. using previous estimated duration
script duration name:ic_peak_hop3 seconds:134.0
air_x1 in script context. using previous estimated duration
script duration name:air_x1 seconds:106.0
Script duration 240.0
Run total estimated duration= 241.000
script duration name:unknown120_60 seconds:214.0
script duration name:co2 seconds:0.0
Script duration 214.0
Run total estimated duration= 215.000
nruns=37 before=5.0, run_dur=11333.0, btw=1080.0
write rem/ex queues
/Users/jan/PychronDev/experiments/rem/Load1786.rem.txt
/Users/jan/PychronDev/experiments/rem/Load1786.ex.txt
doing event level: 3
