do run
loading script "jan_unknown120_60.py"
loading script "jan_pump_ms.py"
loading script "jan_co2.py"
loading script "jan_pump_extraction_line.py"
testing...
no interpolation path defined
executed snippet estimated_duration=213.652928, duration=0.000402927398682
script duration name:unknown120_60 seconds:214.0
loading script "jan_unknown120_60.py"
loading script "jan_pump_ms.py"
loading script "jan_co2.py"
loading script "jan_pump_extraction_line.py"
testing...
no interpolation path defined
executed snippet estimated_duration=0, duration=2.71797180176e-05
loading script "jan_unknown120_60.py"
loading script "jan_pump_ms.py"
loading script "jan_co2.py"
loading script "jan_pump_extraction_line.py"
testing...
no interpolation path defined
calculate duration
testing...
no interpolation path defined
executed snippet estimated_duration=0, duration=7.41481781006e-05
calculate duration
testing...
no interpolation path defined
executed snippet estimated_duration=0, duration=0.000147819519043
executed snippet estimated_duration=0.0, duration=0.00331997871399
script duration name:co2 seconds:0.0
loading script "jan_unknown120_60.py"
loading script "jan_pump_ms.py"
loading script "jan_co2.py"
loading script "jan_pump_extraction_line.py"
testing...
no interpolation path defined
calculate duration
testing...
no interpolation path defined
executed snippet estimated_duration=4.0, duration=0.000166893005371
executed snippet estimated_duration=4.0, duration=0.00177383422852
Script duration 214.0
Run total estimated duration= 215.000
run duration: 0:03:35
doing event level: 2
16:09:49 -- Setting default integration. t=1.048576
setting integration time = 1.048576
SetIntegrationTime 1.048576 ===>> OK
----------------- start -----------------
**************** Experiment Type: Ar/Ar, Ar/Ar
$$$$$ Clearing conditionals
adding conditionals 
Add queue conditionals
add default conditionals
adding default conditionals from /Users/jan/PychronDev/setupfiles/spectrometer/default_conditionals.yaml
Start automated run 65555-05A
loading script "jan_unknown120_60.py"
loading script "jan_pump_ms.py"
loading script "jan_co2.py"
loading script "jan_pump_extraction_line.py"
%%%%%%%%%%%%%%%%%% setting automated run 65555-05A
No value "sensitivity_multiplier" in metadata
$$$$$$$$$$$$$$$ auto_save_detector_ic=False
============================= Pre Extraction Check =============================
loading queue conditionals pre_run_terminations
loading system conditionals pre_run_terminations
loading conditionals from /Users/jan/PychronDev/setupfiles/spectrometer/default_conditionals.yaml
16:09:50 -- ******* Pre Extraction Check *******
Get a measurement from the spectrometer
GetData ===>> H2,-0.0955368369020365,H1,-0.028662867382878,AX,-0.123040864211562,L1,-0.0569783930478914,L2,0.00...
Pre Extraction Termination data. keys=H2,H1,AX,L1,L2,CDD, signals=-0.09554,-0.02866,-0.12304,-0.05698,0.00816,0.00298
16:09:50 -- testing system defined conditionals
Checking default pre extraction terminations n=2
testing CDD
evaluate ot="CDD.inactive" t="CDD", ctx="{'CDD': False}"
GetDeflection CDD ===>> 50
testing CDD==2000
evaluate ot="CDD.deflection==2000" t="CDD==2000", ctx="{'CDD': 50.0}"
16:09:50 -- ******* Pre Extraction Check Passed *******
=================================================================================
16:09:50 -- stopping status monitor
stop 4984189200
Alive clients [4991693744]
16:09:50 -- starting status monitor
start 4984189200
Monitor already running
start extraction
do extraction
Analysis started at 16:09:50.040046
Extraction Started jan_co2.py
16:09:50 -- ******* Extraction Started jan_co2.py *******
state changed from not run to extraction
DO EXTRACTION <pychron.extraction_line.pyscript_runner.RemotePyScriptRunner object at 0x12c301530>
testing...
no interpolation path defined
calculate duration
testing...
no interpolation path defined
executed snippet estimated_duration=0, duration=4.88758087158e-05
calculate duration
testing...
no interpolation path defined
executed snippet estimated_duration=0, duration=9.89437103271e-05
executed snippet estimated_duration=100.0, duration=0.00275802612305
Jan CO2 laser analysis
doing GOSUB
testing...
no interpolation path defined
executed snippet estimated_duration=0, duration=4.38690185547e-05
Waiting for CO2 access
wait ('FelixCO2Flag', 0) {}
waiting for FelixCO2Flag = 0
Read FelixCO2Flag ===>> 0
finished waiting
CO2 free
wait ('CO2PumpTimeFlag', 0) {}
waiting for CO2PumpTimeFlag = 0
Read CO2PumpTimeFlag ===>> 0
finished waiting
acquire ('JanCO2Flag',) {'clear': True}
acquire JanCO2Flag
Set JanCO2Flag 1 ===>> OK
JanCO2Flag acquired
set extraction state False (0.75, 'red', 1.5)
CO2 acquired
executed snippet estimated_duration=0, duration=0.0176560878754
WaitForCO2Access.py completed successfully
gosub finished
doing GOSUB
testing...
no interpolation path defined
executed snippet estimated_duration=0, duration=9.79900360107e-05
Prepare for CO2 analysis
close () {'description': 'Jan Inlet'}
closing name=--- desc=Jan Inlet
checking ownership. requestor=129.138.12.150
check software interlocks R
interlocks []
actuate state mode=None-script, software_lock=False
doing actuation None-script close_channel False
Close R ===>> OK
GetIndicatorState R ===>> False
change switch state (True, True)
update switch state R False args=() kw={} ncanvase=2
16:09:50 -- CLOSE  VALVE-R (Jan Inlet)
---------------------------------------- close None (Jan Inlet) result=[(True, True)]
action=close, ok=True, locked=[False]
open () {'description': 'Jan Ion Pump'}
opening name=--- desc=Jan Ion Pump
checking ownership. requestor=129.138.12.150
check software interlocks O
interlocks []
actuate state mode=None-script, software_lock=False
doing actuation None-script open_channel False
Open O ===>> OK
GetIndicatorState O ===>> OK
change switch state (True, True)
update switch state O True args=() kw={} ncanvase=2
16:09:50 -- OPEN   VALVE-O (Jan Ion Pump)
---------------------------------------- open None (Jan Ion Pump) result=[(True, True)], time=0.09 sec
action=open, ok=True, locked=[False]
close () {'description': 'Microbone to Minibone'}
closing name=--- desc=Microbone to Minibone
checking ownership. requestor=129.138.12.150
check software interlocks L
interlocks []
actuate state mode=None-script, software_lock=False
doing actuation None-script close_channel False
Close L ===>> OK
GetIndicatorState L ===>> False
change switch state (True, True)
update switch state L False args=() kw={} ncanvase=2
16:09:51 -- CLOSE  VALVE-L (Microbone to Minibone)
---------------------------------------- close None (Microbone to Minibone) result=[(True, True)]
action=close, ok=True, locked=[False]
open () {'description': 'Microbone to Turbo'}
opening name=--- desc=Microbone to Turbo
checking ownership. requestor=129.138.12.150
check software interlocks U
interlocks []
actuate state mode=None-script, software_lock=False
doing actuation None-script open_channel False
Open U ===>> OK
GetIndicatorState U ===>> OK
change switch state (True, True)
update switch state U True args=() kw={} ncanvase=2
16:09:51 -- OPEN   VALVE-U (Microbone to Turbo)
---------------------------------------- open None (Microbone to Turbo) result=[(True, True)], time=0.16 sec
action=open, ok=True, locked=[False]
open () {'description': 'Microbone to Inlet Pipette'}
opening name=--- desc=Microbone to Inlet Pipette
checking ownership. requestor=129.138.12.150
check software interlocks S
interlocks []
actuate state mode=None-script, software_lock=False
doing actuation None-script open_channel False
Open S ===>> OK
GetIndicatorState S ===>> OK
change switch state (True, True)
update switch state S True args=() kw={} ncanvase=2
16:09:52 -- OPEN   VALVE-S (Microbone to Inlet Pipette)
---------------------------------------- open None (Microbone to Inlet Pipette) result=[(True, True)], time=0.41 sec
action=open, ok=True, locked=[False]
open () {'description': 'Microbone to Getter D-50'}
opening name=--- desc=Microbone to Getter D-50
checking ownership. requestor=129.138.12.150
check software interlocks K
interlocks []
actuate state mode=None-script, software_lock=False
doing actuation None-script open_channel False
Open K ===>> OK
GetIndicatorState K ===>> OK
change switch state (True, True)
update switch state K True args=() kw={} ncanvase=2
16:09:53 -- OPEN   VALVE-K (Microbone to Getter D-50)
---------------------------------------- open None (Microbone to Getter D-50) result=[(True, True)], time=0.40 sec
action=open, ok=True, locked=[False]
open () {'description': 'Microbone to Getter NP-10'}
opening name=--- desc=Microbone to Getter NP-10
checking ownership. requestor=129.138.12.150
check software interlocks M
interlocks []
actuate state mode=None-script, software_lock=False
doing actuation None-script open_channel False
Open M ===>> OK
GetIndicatorState M ===>> OK
change switch state (True, True)
update switch state M True args=() kw={} ncanvase=2
16:09:53 -- OPEN   VALVE-M (Microbone to Getter NP-10)
---------------------------------------- open None (Microbone to Getter NP-10) result=[(True, True)], time=0.13 sec
action=open, ok=True, locked=[False]
close () {'description': 'CO2 Laser to Felix'}
closing name=--- desc=CO2 Laser to Felix
checking ownership. requestor=129.138.12.150
check software interlocks F
interlocks []
actuate state mode=None-script, software_lock=True
VALVE-F(CO2 Laser to Felix) software locked
change switch state (True, False)
---------------------------------------- close None (CO2 Laser to Felix) result=[(True, False)]
action=close, ok=True, locked=[True]
open () {'description': 'CO2 Laser to Jan'}
opening name=--- desc=CO2 Laser to Jan
checking ownership. requestor=129.138.12.150
check software interlocks A
interlocks []
actuate state mode=None-script, software_lock=False
doing actuation None-script open_channel False
Open A ===>> OK
GetIndicatorState A ===>> OK
change switch state (True, True)
update switch state A True args=() kw={} ncanvase=2
16:09:53 -- OPEN   VALVE-A (CO2 Laser to Jan)
---------------------------------------- open None (CO2 Laser to Jan) result=[(True, True)], time=0.12 sec
action=open, ok=True, locked=[False]
open () {'description': 'Microbone to CO2 Laser'}
opening name=--- desc=Microbone to CO2 Laser
checking ownership. requestor=129.138.12.150
check software interlocks T
interlocks []
actuate state mode=None-script, software_lock=False
doing actuation None-script open_channel False
Open T ===>> OK
GetIndicatorState T ===>> OK
change switch state (True, True)
update switch state T True args=() kw={} ncanvase=2
16:09:54 -- OPEN   VALVE-T (Microbone to CO2 Laser)
---------------------------------------- open None (Microbone to CO2 Laser) result=[(True, True)], time=0.41 sec
action=open, ok=True, locked=[False]
executed snippet estimated_duration=0, duration=4.83894085884
PrepareForCO2Analysis.py completed successfully
gosub finished
set_motor ('beam', '1.25') {}
setting motor "beam" to 1.25
set motor beam to 1.25
SetMotor beam,1.25 ===>> OK
GetMotorMoving beam ===>> False
GetMotorMoving beam ===>> False
Block completed
move_to_position ('191',) {'autocenter': True}
FusionsCO2 move to position 191
sending GoToHole 191,True
GoToHole 191,True ===>> OK
GetDriveMoving ===>> OK
GetDriveMoving ===>> OK
GetDriveMoving ===>> OK
GetDriveMoving ===>> OK
GetDriveMoving ===>> OK
GetDriveMoving ===>> OK
GetDriveMoving ===>> OK
GetDriveMoving ===>> False
GetDriveMoving ===>> False
Block completed
GetAutoCorrecting ===>> OK
GetAutoCorrecting ===>> OK
GetAutoCorrecting ===>> OK
GetAutoCorrecting ===>> OK
GetAutoCorrecting ===>> False
GetAutoCorrecting ===>> False
Block completed
update position
GetPosition ===>> 1.99390,-9.96950,1.00000
got position (1.9939, -9.9695, 1.0)
move to position succeeded
sleep (5,) {}
SLEEP 5.0
block started
WaitControl setup for 5.0  
Join finished
block finished. duration 5.01008200645
close () {'description': 'Microbone to Turbo'}
closing name=--- desc=Microbone to Turbo
checking ownership. requestor=129.138.12.150
check software interlocks U
interlocks []
actuate state mode=None-script, software_lock=False
doing actuation None-script close_channel True
Close U ===>> OK
GetIndicatorState U ===>> False
change switch state (True, True)
update switch state U False args=() kw={} ncanvase=2
16:10:07 -- CLOSE  VALVE-U (Microbone to Turbo)
---------------------------------------- close None (Microbone to Turbo) result=[(True, True)]
action=close, ok=True, locked=[False]
enable laser
enable () {}
set extraction state FusionsCO2 Enabled (False, 'red', 1.5)
enabling laser
Enable ===>> OK
begin interval
BEGIN INTERVAL Interval 1 waiting for 30.0
block started
set extract to 0.3
WaitControl setup for 30.0  
extract (0.3,) {}
GetPosition ===>> 1.99390,-9.96950,1.00000
set extraction state FusionsCO2 ON! 0.3(watts) (0.75, 'red', 1.5)
extract sample to 0.3 (watts)
set laser output
SetLaserOutput 0.3,watts ===>> OK
executing pattern triangle.lp
execute_pattern ('triangle.lp',) {}
executing pattern triangle.lp
IsPatterning ===>> OK
IsPatterning ===>> OK
IsPatterning ===>> OK
IsPatterning ===>> OK
IsPatterning ===>> OK
IsPatterning ===>> OK
IsPatterning ===>> OK
IsPatterning ===>> OK
IsPatterning ===>> OK
IsPatterning ===>> OK
IsPatterning ===>> OK
IsPatterning ===>> OK
IsPatterning ===>> OK
IsPatterning ===>> OK
IsPatterning ===>> OK
IsPatterning ===>> OK
IsPatterning ===>> OK
IsPatterning ===>> OK
IsPatterning ===>> OK
IsPatterning ===>> OK
IsPatterning ===>> OK
IsPatterning ===>> OK
IsPatterning ===>> OK
IsPatterning ===>> OK
IsPatterning ===>> OK
IsPatterning ===>> OK
IsPatterning ===>> False
IsPatterning ===>> False
Block completed
COMPLETE INTERVAL waiting for Interval 1 to complete
Join finished
block finished. duration 30.0572781563
Interval 1 finished
end_extract () {}
ending extraction. set laser power to 0
set laser power 0
SetLaserPower 0 ===>> OK
disable () {}
%%%%%%%%%%%%%%%%%%%%%%%%%%%%%%%%%%% disable
set extraction state False (0.75, 'red', 1.5)
disabling laser
Disable ===>> OK
sleep (30.0,) {}
SLEEP 30.0
block started
WaitControl setup for 30.0  
Join finished
block finished. duration 30.1031250954
executed snippet estimated_duration=166.5, duration=78.1521580219
jan_co2.py completed successfully
GetAchievedOutput ===>> No Response
Requested Output= 0.000
Achieved Output=  0.000
GetResponseBlob ===>> No Response
GetOutputBlob ===>> No Response
persistence save...
persistence save - db
AutomatedRunPersister post_extraction_save deprecated
persistence save - dvc
no extraction position for 191
create new session 4991427888
close session 4991427888
Extraction Finished
16:11:08 -- ******* Extraction Finished *******
no overlap. not waiting for min ms pumptime
16:11:08 -- Sending spectrometer configuration
======== Sending configuration ========
SetDeflection CDD,50.0 ===>> OK
SetDeflection H2,0.0 ===>> OK
SetDeflection H1,0.0 ===>> OK
SetDeflection L2,825.0 ===>> OK
SetDeflection L1,400.0 ===>> OK
SetDeflection AX,190.0 ===>> OK
SetZFocus 74.64 ===>> OK
SetZSymmetry -50.72 ===>> OK
SetExtractionLens 26.13 ===>> OK
SetIonRepeller -3.81 ===>> OK
SetElectronEnergy 75.08 ===>> OK
SetYSymmetry -2.81 ===>> OK
SetIonCounterVoltage 1590.0 ===>> OK
send trap current 200.0
GetParameter Trap Current Readback ===>> 198.258926936459
SetParameter Trap Current Set,200.0 ===>> OK
updating mftable name mftable
Using mftable located at /Users/jan/PychronDev/setupfiles/spectrometer/mftables/mftable.csv
============ MFtable ===========
Isotope  H2     H1     AX     L1     L2     CDD    
Ar40     5.7970 5.8796 5.9928 6.1370 6.2312 6.3652
Ar39     5.6963 5.7719 5.8852 6.0230 6.1163 6.2517
Ar36     5.3738 5.4409 5.5486 5.6819 5.7713 5.9028
================================
get initial guess parabolic
get initial guess parabolic
get initial guess parabolic
get initial guess parabolic
get initial guess parabolic
get initial guess parabolic
======== Configuration Finished ========
GetYSymmetry ===>> -2.81
GetZSymmetry ===>> -50.72
GetParameter Trap Current Readback ===>> 198.147042666178
GetHighVoltage ===>> 4500
start measurement
do measurement
L#=65555 analysis type=unknown
Measurement Started jan_unknown120_60.py
16:11:08 -- ******* Measurement Started jan_unknown120_60.py *******
state changed from extraction to measurement
setting spec, defl, and gains
GetExtractionLens ===>> 26.13
GetYSymmetry ===>> -2.81
GetZSymmetry ===>> -50.72
GetZFocus ===>> 74.64
GetDeflection H2 ===>> 0
GetDeflection H1 ===>> 0
GetDeflection AX ===>> 190
GetDeflection L1 ===>> 400
GetDeflection L2 ===>> 825
GetDeflection CDD ===>> 50
GetGain H2 ===>> 0.0113
GetGain H1 ===>> 0.1
GetGain AX ===>> 0.097049
GetGain L1 ===>> 0.010355
GetGain L2 ===>> 0.095649
GetGain CDD ===>> 0
pre measurement save
New frame /Users/jan/PychronDev/data/isotopes/dd/152c76-2626-4abb-a1c7-1115d3c154e5.h5
flush and close file /Users/jan/PychronDev/data/isotopes/dd/152c76-2626-4abb-a1c7-1115d3c154e5.h5
testing...
no interpolation path defined
executed snippet estimated_duration=226.132928, duration=0.000179052352905
unknown measurement script
activate_detectors ('H2', 'H1', 'AX', 'L1', 'L2', 'CDD') {}
activate detectors
*************** Set Analysis View Ar/Ar
create graphs
clearing graphs
clear isotope group
setting isotope det=H2, iso=PM41
setting isotope det=H1, iso=Ar40
setting isotope det=AX, iso=Ar39
setting isotope det=L1, iso=Ar38
setting isotope det=L2, iso=Ar37
setting isotope det=CDD, iso=Ar36
setting previous blanks
 - setting Ar40 blank 0.179+/-0.007
 - setting Ar36 blank 0.00450+/-0.00019
 - setting Ar37 blank 0.051+/-0.005
 - setting Ar38 blank 0.0076+/-0.0023
 - setting PM41 blank 0.04+/-0.07
 - setting Ar39 blank 0.011+/-0.009
load analysis view
position_magnet ('Ar40',) {'detector': 'H1'}
detector Detector(H1)
POSITION Ar40 H1
setting detector H2 to PM41 (40.9624)
setting detector H1 to Ar40 (39.9624)
setting detector AX to Ar39 (38.9624)
setting detector L1 to Ar38 (37.9624)
setting detector L2 to Ar37 (36.9624)
setting detector CDD to Ar36 (35.9624)
Mapping mass to dac mass func: "parabolic"
H1 map mass coeffs = [-0.00063987  0.15840543  0.57119999]
H1 map mass to dac 39.9624 >> 5.87959
GetDeflection H1 ===>> 0
GetHighVoltage ===>> 4500
positioning Ar40 (5.87959) on H1
setting magnet DAC
current  : 5.879590
requested: 5.879590
Delta Dac: 0.000000
Checking detector protection. dv=0.00000
Checking detector "CDD". Protection Threshold: 0.1 (V)
SetMagnetDAC 5.87959 ===>> OK
Magnet settling time: 0.500
equilibrate () {'delay': 3, 'inlet': 'R', 'outlet': 'O', 'eqtime': 12.0}
Equilibration Started
16:11:10 -- ******* Equilibration Started *******
checking ownership. requestor=129.138.12.150
check software interlocks O
interlocks []
actuate state mode=None-script, software_lock=False
doing actuation None-script close_channel True
Close O ===>> OK
GetIndicatorState O ===>> False
change switch state (True, True)
update switch state O False args=() kw={} ncanvase=2
16:11:10 -- CLOSE  VALVE-O (Jan Ion Pump)
waiting 3s before opening inlet value ('R',)
update labels <pychron.experiment.plot_panel.PlotPanel object at 0x1d9a68d10>
update labels "<pychron.graph.stacked_regression_graph.StackedRegressionGraph object at 0x1d7286c50>"
setting label 0 H2 PM41
setting label 1 H1 Ar40
setting label 2 AX Ar39
setting label 3 L1 Ar38
setting label 4 L2 Ar37
setting label 5 CDD Ar36
update labels "<pychron.graph.stacked_graph.StackedGraph object at 0x1b51e5770>"
setting label 0 H2 PM41
setting label 1 H1 Ar40
setting label 2 AX Ar39
setting label 3 L1 Ar38
setting label 4 L2 Ar37
setting label 5 CDD Ar36
checking ownership. requestor=129.138.12.150
check software interlocks R
interlocks []
actuate state mode=None-script, software_lock=False
doing actuation None-script open_channel True
Open R ===>> OK
GetIndicatorState R ===>> OK
change switch state (True, True)
update switch state R True args=() kw={} ncanvase=2
16:11:13 -- OPEN   VALVE-R (Jan Inlet)
equilibrating for 12.0sec
set_time_zero () {}
sniff (12.0,) {}
py_sniff
build tables- sniff [Detector(H2), Detector(H1), Detector(AX), Detector(L1), Detector(L2), Detector(CDD)]
add group /sniff/PM41 (Group) '' table H2
add group /sniff/Ar40 (Group) '' table H1
add group /sniff/Ar39 (Group) '' table AX
add group /sniff/Ar38 (Group) '' table L1
add group /sniff/Ar37 (Group) '' table L2
add group /sniff/Ar36 (Group) '' table CDD
flush and close file /Users/jan/PychronDev/data/isotopes/dd/152c76-2626-4abb-a1c7-1115d3c154e5.h5
measuring sniff. ncounts=12.0
starting measurement
"sniff" increment series count="1" fit count="0" regressing="False"
GetData ===>> H2,0.266576559743729,H1,19.9058937751839,AX,5.53449207735081,L1,0.0345764533934175,L2,0.262438712...
GetData ===>> H2,1.1307317090347,H1,125.452142904426,AX,32.17236951031,L1,0.373906599760847,L2,0.56618857597180...
GetData ===>> H2,0.47983759255517,H1,175.222438128257,AX,42.7514657663178,L1,0.557158016150475,L2,0.37218163897...
GetData ===>> H2,0.134566785264165,H1,191.404968488038,AX,45.5481774045726,L1,0.572381903225155,L2,0.3406440717...
GetData ===>> H2,0.0191816011224241,H1,197.429385097623,AX,46.6967379986668,L1,0.626045665680619,L2,0.382951549...
GetData ===>> H2,0.0219914205452056,H1,199.853224431015,AX,47.109507107569,L1,0.652301180196947,L2,0.3958930311...
GetData ===>> H2,-0.0171531305233795,H1,201.009587793618,AX,47.3824330520788,L1,0.65167918471489,L2,0.473538525...
GetData ===>> H2,-0.111217884992017,H1,201.690893795553,AX,47.4234927370243,L1,0.634804453124782,L2,0.281091277...
GetData ===>> H2,-0.219160299571088,H1,202.020844561263,AX,47.3155641544802,L1,0.600584786366575,L2,0.355292563...
GetData ===>> H2,-0.240677496381315,H1,201.896253220544,AX,47.4477389150202,L1,0.589631969825793,L2,0.295764899...
GetData ===>> H2,-0.279758626979619,H1,202.076604368407,AX,47.3833273873323,L1,0.570602262300403,L2,0.317973581...
Equilibration Finished
GetData ===>> H2,-0.303842879058733,H1,201.953279106282,AX,47.4986862563285,L1,0.600304385678498,L2,0.405237570...
16:11:25 -- ******* Equilibration Finished *******
checking ownership. requestor=129.138.12.150
check software interlocks R
interlocks []
actuate state mode=None-script, software_lock=False
doing actuation None-script close_channel True
Close R ===>> OK
set states for children of R. state=False
handle state [('R', False)]
update switch state R False args=() kw={'refresh': False} ncanvase=2
refresh_canvas_needed fired
GetIndicatorState R ===>> False
change switch state (True, True)
update switch state R False args=() kw={} ncanvase=2
16:11:26 -- CLOSE  VALVE-R (Jan Inlet)
Post Equilibration Started jan_pump_extraction_line.py
16:11:26 -- ******* Post Equilibration Started jan_pump_extraction_line.py *******
testing...
no interpolation path defined
calculate duration
testing...
no interpolation path defined
executed snippet estimated_duration=4.0, duration=0.000256061553955
executed snippet estimated_duration=4.0, duration=0.0019199848175
Pump after analysis
doing GOSUB
testing...
no interpolation path defined
executed snippet estimated_duration=4.0, duration=0.000143051147461
Pump Microbone
close () {'description': 'Jan Inlet'}
closing name=--- desc=Jan Inlet
checking ownership. requestor=129.138.12.150
check software interlocks R
interlocks []
actuate state mode=None-script, software_lock=False
doing actuation None-script close_channel False
measurement finished
estimated time: 12.583 actual time: :12.667
flush and close file /Users/jan/PychronDev/data/isotopes/dd/152c76-2626-4abb-a1c7-1115d3c154e5.h5
Close R ===>> OK
set_fits () {}
using default fits file=/Users/jan/PychronDev/scripts/measurement/fits/nominal_linear.yaml
set "Ar40" to "('Linear', 'SEM')"
No fit for "PM41". defaulting to linear. check the measurement script "jan_unknown120_60.py"
set "PM41" to "linear"
set "Ar36" to "('Linear', 'SEM')"
set "Ar37" to "('linear', 'SEM')"
set "Ar38" to "('linear', 'SEM')"
set "Ar39" to "('Linear', 'SEM')"
set_baseline_fits () {}
using default fits file=/Users/jan/PychronDev/scripts/measurement/fits/nominal_linear.yaml
set "H1" to "('average', 'SEM')"
set "H2" to "('average', 'SEM')"
set "CDD" to "('average', 'SEM')"
set "L2" to "('average', 'SEM')"
set "L1" to "('average', 'SEM')"
set "AX" to "('average', 'SEM')"
multicollect () {'integration_time': 1, 'ncounts': 120}
build tables- signal [Detector(H2), Detector(H1), Detector(AX), Detector(L1), Detector(L2), Detector(CDD)]
add group /signal/PM41 (Group) '' table H2
add group /signal/Ar40 (Group) '' table H1
add group /signal/Ar39 (Group) '' table AX
add group /signal/Ar38 (Group) '' table L1
add group /signal/Ar37 (Group) '' table L2
add group /signal/Ar36 (Group) '' table CDD
flush and close file /Users/jan/PychronDev/data/isotopes/dd/152c76-2626-4abb-a1c7-1115d3c154e5.h5
GetIndicatorState R ===>> False
measuring signal. ncounts=120
change switch state (True, True)
update switch state R False args=() kw={} ncanvase=2
16:11:26 -- CLOSE  VALVE-R (Jan Inlet)
---------------------------------------- close None (Jan Inlet) result=[(True, True)]
action=close, ok=True, locked=[False]
is_closed ('F',) {}
is F () closed?
is closed True
open () {'description': 'CO2 Laser to Jan'}
opening name=--- desc=CO2 Laser to Jan
checking ownership. requestor=129.138.12.150
check software interlocks A
interlocks []
actuate state mode=None-script, software_lock=False
doing actuation None-script open_channel False
Open A ===>> OK
GetIndicatorState A ===>> OK
change switch state (True, True)
update switch state A True args=() kw={} ncanvase=2
16:11:27 -- OPEN   VALVE-A (CO2 Laser to Jan)
---------------------------------------- open None (CO2 Laser to Jan) result=[(True, True)], time=0.11 sec
"signal" increment series count="2" fit count="1" regressing="True"
starting measurement
GetData ===>> H2,-0.204758923930057,H1,202.258768560292,AX,47.4878805131276,L1,0.587872054803867,L2,0.370742697...
action=open, ok=True, locked=[False]
sleep (1,) {}
SLEEP 1.0
GetData ===>> H2,0.0990676012374027,H1,202.432872811654,AX,47.64278496749,L1,0.635636532187236,L2,0.34052990676...
close () {'description': 'CO2 Laser to Roughing'}
closing name=--- desc=CO2 Laser to Roughing
checking ownership. requestor=129.138.12.150
check software interlocks G
interlocks []
actuate state mode=None-script, software_lock=True
VALVE-G(CO2 Laser to Roughing) software locked
change switch state (True, False)
---------------------------------------- close None (CO2 Laser to Roughing) result=[(True, False)]
action=close, ok=True, locked=[True]
open () {'description': 'Microbone to Turbo'}
opening name=--- desc=Microbone to Turbo
checking ownership. requestor=129.138.12.150
check software interlocks U
interlocks []
actuate state mode=None-script, software_lock=False
doing actuation None-script open_channel True
Open U ===>> OK
GetIndicatorState U ===>> OK
change switch state (True, True)
update switch state U True args=() kw={} ncanvase=2
16:11:28 -- OPEN   VALVE-U (Microbone to Turbo)
---------------------------------------- open None (Microbone to Turbo) result=[(True, True)], time=0.18 sec
action=open, ok=True, locked=[False]
open () {'description': 'Microbone to Getter NP-10'}
opening name=--- desc=Microbone to Getter NP-10
checking ownership. requestor=129.138.12.150
check software interlocks M
interlocks []
actuate state mode=None-script, software_lock=False
doing actuation None-script open_channel False
Open M ===>> OK
GetIndicatorState M ===>> OK
change switch state (True, True)
update switch state M True args=() kw={} ncanvase=2
16:11:29 -- OPEN   VALVE-M (Microbone to Getter NP-10)
---------------------------------------- open None (Microbone to Getter NP-10) result=[(True, True)], time=0.12 sec
action=open, ok=True, locked=[False]
open () {'description': 'Microbone to Getter D-50'}
opening name=--- desc=Microbone to Getter D-50
checking ownership. requestor=129.138.12.150
check software interlocks K
interlocks []
actuate state mode=None-script, software_lock=False
doing actuation None-script open_channel False
GetData ===>> H2,-0.0736944832587557,H1,202.359499422697,AX,47.5359150243847,L1,0.607970576577103,L2,0.36160706...
Open K ===>> OK
GetIndicatorState K ===>> OK
change switch state (True, True)
update switch state K True args=() kw={} ncanvase=2
16:11:29 -- OPEN   VALVE-K (Microbone to Getter D-50)
---------------------------------------- open None (Microbone to Getter D-50) result=[(True, True)], time=0.41 sec
action=open, ok=True, locked=[False]
open () {'description': 'Microbone to CO2 Laser'}
opening name=--- desc=Microbone to CO2 Laser
checking ownership. requestor=129.138.12.150
check software interlocks T
interlocks []
actuate state mode=None-script, software_lock=False
doing actuation None-script open_channel False
Open T ===>> OK
GetIndicatorState T ===>> OK
change switch state (True, True)
update switch state T True args=() kw={} ncanvase=2
16:11:30 -- OPEN   VALVE-T (Microbone to CO2 Laser)
---------------------------------------- open None (Microbone to CO2 Laser) result=[(True, True)], time=0.40 sec
GetData ===>> H2,-0.174745070091704,H1,202.189809287374,AX,47.3426274024864,L1,0.573556979413536,L2,0.305305099...
action=open, ok=True, locked=[False]
open () {'description': 'Microbone to Inlet Pipette'}
opening name=--- desc=Microbone to Inlet Pipette
checking ownership. requestor=129.138.12.150
check software interlocks S
interlocks []
actuate state mode=None-script, software_lock=False
doing actuation None-script open_channel False
Open S ===>> OK
GetIndicatorState S ===>> OK
change switch state (True, True)
update switch state S True args=() kw={} ncanvase=2
16:11:31 -- OPEN   VALVE-S (Microbone to Inlet Pipette)
---------------------------------------- open None (Microbone to Inlet Pipette) result=[(True, True)], time=0.43 sec
action=open, ok=True, locked=[False]
sleep (1,) {}
SLEEP 1.0
GetData ===>> H2,-0.11748415760251,H1,201.937559432348,AX,47.2928022625213,L1,0.583018708194877,L2,0.3080440890...
set_resource () {'name': 'CO2PumpTimeFlag', 'value': 30}
Set CO2PumpTimeFlag 30 ===>> OK
release ('JanCO2Flag',) {}
release JanCO2Flag
Set JanCO2Flag 0 ===>> OK
executed snippet estimated_duration=6.0, duration=5.91209721565
PumpMicrobone.py completed successfully
gosub finished
get_resource_value () {'name': 'JanMiniboneFlag'}
Read JanMiniboneFlag ===>> 0
Get Resource Value JanMiniboneFlag=0.0
get resource value 0.0
get_resource_value () {'name': 'JanMiniboneFlag'}
Read JanMiniboneFlag ===>> 0
Get Resource Value JanMiniboneFlag=0.0
executed snippet estimated_duration=4.0, duration=5.92558503151
jan_pump_extraction_line.py completed successfully
Post Equilibration Finished
16:11:32 -- ******* Post Equilibration Finished *******
GetData ===>> H2,-0.201519773717057,H1,202.048557995423,AX,47.3138918241485,L1,0.638158127584883,L2,0.454980426...
GetData ===>> H2,-0.210241662672812,H1,201.854761126807,AX,47.240719511057,L1,0.629220599674497,L2,0.3948078441...
GetData ===>> H2,-0.138220864020727,H1,201.72863299994,AX,47.2409357939665,L1,0.663915794167109,L2,0.3603509801...
GetData ===>> H2,-0.151663760554022,H1,201.640106329333,AX,47.1376542582964,L1,0.594687366378775,L2,0.418856183...
GetData ===>> H2,-0.212271582373132,H1,201.599396716894,AX,47.3601056623898,L1,0.573561916989721,L2,0.382437580...
GetData ===>> H2,-0.141031003472522,H1,201.510032133704,AX,47.257622734317,L1,0.574138395190135,L2,0.3627375495...
GetData ===>> H2,-0.16829095505788,H1,201.678586983545,AX,47.1749441971573,L1,0.584366700625014,L2,0.4025414974...
GetData ===>> H2,-0.0493666155230412,H1,201.497754492632,AX,47.2468188374251,L1,0.582305281338987,L2,0.17855188...
GetData ===>> H2,-0.0504591891191614,H1,201.429115250249,AX,47.1784749457092,L1,0.561744399429721,L2,0.41146396...
GetData ===>> H2,-0.198936415734391,H1,201.254342256753,AX,47.2165559359885,L1,0.594147364057318,L2,0.392386208...
GetData ===>> H2,-0.150279675602411,H1,201.22348007936,AX,47.1689061354697,L1,0.619248682270342,L2,0.3789312501...
GetData ===>> H2,-0.125036982376014,H1,201.205850096964,AX,47.0520644186461,L1,0.616018508622104,L2,0.344571428...
GetData ===>> H2,-0.193461688497924,H1,201.079746720768,AX,47.1154845879381,L1,0.598008349872062,L2,0.364907209...
GetData ===>> H2,-0.182992289112411,H1,201.233025315728,AX,47.0428440397767,L1,0.646418492588947,L2,0.362029565...
GetData ===>> H2,-0.227144484460687,H1,201.255873527096,AX,47.0068192720095,L1,0.619073127761685,L2,0.291462990...
GetData ===>> H2,-0.244274928984593,H1,201.163252691654,AX,46.9863125658888,L1,0.589601091548187,L2,0.395675992...
GetData ===>> H2,-0.258022893564726,H1,200.846931775836,AX,46.8191267076157,L1,0.567697735711298,L2,0.419358920...
GetData ===>> H2,-0.195030454854128,H1,200.832520486054,AX,46.9366443116256,L1,0.550832733209526,L2,0.331888014...
GetData ===>> H2,-0.174700517990429,H1,201.020155496647,AX,46.9681992835563,L1,0.593254012364328,L2,0.307964200...
16:11:52 -- collecting point 25
GetData ===>> H2,-0.148846800894709,H1,200.596062588634,AX,46.9621669250421,L1,0.599618856452038,L2,0.345553293...
GetData ===>> H2,-0.197991104465314,H1,200.779926871929,AX,46.9541338459832,L1,0.582840964037609,L2,0.433208090...
GetData ===>> H2,-0.154509106335369,H1,200.592169918624,AX,46.9727057526792,L1,0.548960185100784,L2,0.332995320...
GetData ===>> H2,-0.0500615316077748,H1,200.411332703028,AX,47.0120473106444,L1,0.576477966876934,L2,0.39945710...
GetData ===>> H2,-0.0726492028483139,H1,200.552363946825,AX,46.9208411323338,L1,0.566615841265271,L2,0.41774788...
GetData ===>> H2,-0.0763526690544544,H1,200.584934051978,AX,46.8979891889675,L1,0.553960977331219,L2,0.30570453...
GetData ===>> H2,-0.179142714942967,H1,200.376006753166,AX,46.9109256209245,L1,0.576397708963511,L2,0.385384368...
GetData ===>> H2,-0.193736642649715,H1,200.271292733848,AX,46.9193587907876,L1,0.558132618695557,L2,0.446325015...
GetData ===>> H2,-0.0880515066793549,H1,200.15748587176,AX,46.8862914728723,L1,0.568410836277994,L2,0.384013758...
GetData ===>> H2,-0.102191591497537,H1,200.290720326066,AX,46.8273296609125,L1,0.62381537875944,L2,0.3747854935...
GetData ===>> H2,-0.162787517846234,H1,200.198014693177,AX,46.7136748648743,L1,0.611616599683754,L2,0.431025456...
GetData ===>> H2,-0.266923339341017,H1,200.085172195985,AX,46.5760474479108,L1,0.606235178482442,L2,0.295719254...
GetData ===>> H2,-0.222703236983083,H1,199.995998802653,AX,46.6921917608102,L1,0.60544050262324,L2,0.2887472956...
GetData ===>> H2,-0.100255818673479,H1,199.908108333609,AX,46.7113025029138,L1,0.596758665855346,L2,0.425117738...
GetData ===>> H2,-0.0217305953041133,H1,199.892299653495,AX,46.7279962946959,L1,0.579924667261571,L2,0.37587045...
GetData ===>> H2,-0.0857360709261163,H1,200.010687379492,AX,46.7430672645238,L1,0.580605844661218,L2,0.31823609...
GetData ===>> H2,-0.189595449294167,H1,199.70951022289,AX,46.7232222959453,L1,0.580887213613801,L2,0.3142641678...
GetData ===>> H2,-0.273897639081848,H1,199.692375174421,AX,46.7225464740299,L1,0.612993000502244,L2,0.457663990...
GetData ===>> H2,-0.199702316156262,H1,199.60033814777,AX,46.6001241495733,L1,0.591162412523283,L2,0.3843449874...
GetData ===>> H2,-0.249982978959671,H1,199.509633644595,AX,46.7769406708262,L1,0.586829831998432,L2,0.375082428...
GetData ===>> H2,-0.217408627515864,H1,199.543151674848,AX,46.7665690770171,L1,0.604820129260717,L2,0.409064753...
GetData ===>> H2,-0.134040186360643,H1,199.545319701195,AX,46.7227765406401,L1,0.563077343416408,L2,0.338018312...
GetData ===>> H2,-0.127957214741063,H1,199.537648328968,AX,46.7627860405848,L1,0.576302635009165,L2,0.370057494...
GetData ===>> H2,-0.0515340163804471,H1,199.30067183332,AX,46.6209130361463,L1,0.605929906993075,L2,0.475286026...
GetData ===>> H2,-0.130666938741788,H1,199.322170530532,AX,46.6334369781921,L1,0.589755483856124,L2,0.292615472...
16:12:18 -- collecting point 50
GetData ===>> H2,-0.127959918311772,H1,199.402708924113,AX,46.4508805857102,L1,0.56934731801634,L2,0.4436417679...
GetData ===>> H2,-0.0905232268228652,H1,199.305933205397,AX,46.6115532808033,L1,0.599076641108028,L2,0.41627398...
GetData ===>> H2,-0.117332616867201,H1,199.241615893868,AX,46.487814122895,L1,0.609478779342371,L2,0.3189209314...
GetData ===>> H2,-0.208731446205977,H1,198.955037607025,AX,46.5240869006588,L1,0.6194650387422,L2,0.29708860224...
GetData ===>> H2,-0.258248681377954,H1,199.016604141122,AX,46.4921261681884,L1,0.572525077644708,L2,0.395687415...
GetData ===>> H2,-0.0776225773042035,H1,198.855389371849,AX,46.6095405250575,L1,0.557987039320045,L2,0.32358933...
GetData ===>> H2,-0.147629863122665,H1,198.925994164952,AX,46.5310261321115,L1,0.560701345592449,L2,0.348076502...
GetData ===>> H2,-0.219847419864986,H1,198.84861319644,AX,46.4702944316039,L1,0.549437227393731,L2,0.3724899864...
GetData ===>> H2,-0.189521293025672,H1,198.756505612054,AX,46.4904444521823,L1,0.583975369739952,L2,0.335894924...
GetData ===>> H2,-0.259589875375745,H1,198.742026531814,AX,46.4672046762843,L1,0.565667271992106,L2,0.389222181...
GetData ===>> H2,-0.269102095387214,H1,198.553537632544,AX,46.5217164472451,L1,0.601128315899143,L2,0.384253613...
GetData ===>> H2,-0.222474259390557,H1,198.614665975432,AX,46.5060838787451,L1,0.608587429733618,L2,0.305476284...
GetData ===>> H2,-0.238609766220086,H1,198.588924190709,AX,46.3651292045339,L1,0.561698779037894,L2,0.290744122...
GetData ===>> H2,-0.108949319732451,H1,198.34671086038,AX,46.3477852548382,L1,0.569907520172857,L2,0.3334747767...
GetData ===>> H2,-0.137063624931987,H1,198.292046037986,AX,46.359299750914,L1,0.587983198491037,L2,0.3810898555...
GetData ===>> H2,-0.16302110040229,H1,198.159057212925,AX,46.4001692995218,L1,0.545413258229542,L2,0.3236121648...
GetData ===>> H2,-0.138176253019314,H1,198.248576600845,AX,46.2365501316786,L1,0.543435739971945,L2,0.389233603...
GetData ===>> H2,-0.179816113808691,H1,198.410537121739,AX,46.2958767440133,L1,0.545707762141823,L2,0.329079853...
GetData ===>> H2,-0.128547929636701,H1,197.942715715161,AX,46.225239466894,L1,0.593623452761231,L2,0.3614129391...
GetData ===>> H2,-0.100997678283548,H1,198.001110274043,AX,46.3330276341368,L1,0.608509548454356,L2,0.437322090...
GetData ===>> H2,-0.184853863824834,H1,197.882037691963,AX,46.1632793186187,L1,0.619065710030927,L2,0.395150533...
GetData ===>> H2,-0.151933806209922,H1,197.771503776778,AX,46.2958336598813,L1,0.625698040917658,L2,0.186058677...
GetData ===>> H2,-0.0908619623812472,H1,197.713361968113,AX,46.12137187191,L1,0.600576139536031,L2,0.3894734720...
GetData ===>> H2,-0.0934698881333623,H1,197.58003083701,AX,46.0569073489192,L1,0.570682475316487,L2,0.349035567...
GetData ===>> H2,-0.123975508052908,H1,197.797711084079,AX,46.1045673090001,L1,0.605692617142256,L2,0.363217154...
16:12:45 -- collecting point 75
GetData ===>> H2,-0.177277501404217,H1,197.861358216301,AX,46.1675113389361,L1,0.591944396617761,L2,0.410035854...
GetData ===>> H2,-0.0926191604509882,H1,197.697217114585,AX,46.1513156996164,L1,0.5831804086532,L2,0.4714712606...
GetData ===>> H2,-0.0221800929042661,H1,197.58026787717,AX,46.1424705875954,L1,0.581844912576596,L2,0.409830208...
GetData ===>> H2,-0.0626888559764273,H1,197.617439269549,AX,46.0843647570689,L1,0.615881191313091,L2,0.39592730...
GetData ===>> H2,-0.140726909419544,H1,197.593518871385,AX,46.1743402683804,L1,0.561693847115687,L2,0.356993897...
GetData ===>> H2,-0.162308185962481,H1,197.440072917368,AX,46.1826617562557,L1,0.537913678625186,L2,0.227630491...
GetData ===>> H2,-0.183329553612865,H1,197.452657317459,AX,46.0575958593984,L1,0.546994312703447,L2,0.289682946...
GetData ===>> H2,-0.113705860230084,H1,197.315646369557,AX,46.0725288993646,L1,0.57131556292343,L2,0.3440234158...
GetData ===>> H2,-0.0551716624094244,H1,197.103403238945,AX,46.1070785164733,L1,0.571146488955942,L2,0.34420608...
GetData ===>> H2,-0.0927248275434648,H1,196.927829690691,AX,46.1440004031105,L1,0.592647367897915,L2,0.36161848...
GetData ===>> H2,-0.0367026292176851,H1,196.963678375833,AX,45.903762160218,L1,0.583176705561037,L2,0.427905861...
GetData ===>> H2,-0.0943896319383262,H1,196.918815297153,AX,46.126710789327,L1,0.577567066495666,L2,0.437687788...
GetData ===>> H2,-0.0946158314561734,H1,197.02145215143,AX,45.9776688965604,L1,0.55646598070278,L2,0.3467749293...
GetData ===>> H2,-0.136363275716311,H1,196.998799798898,AX,46.0650119406772,L1,0.573877926761955,L2,0.409853058...
GetData ===>> H2,-0.255077830433382,H1,196.752266466125,AX,45.9043786400287,L1,0.60120614177727,L2,0.3678077793...
GetData ===>> H2,-0.246994112642517,H1,196.757824482367,AX,45.9745296850183,L1,0.586354445265648,L2,0.256694692...
GetData ===>> H2,-0.143690465317459,H1,196.553002786065,AX,46.0837621761986,L1,0.557124708571548,L2,0.348213511...
GetData ===>> H2,-0.154736103761518,H1,196.617758977188,AX,45.9735549693298,L1,0.573895208824444,L2,0.326054893...
GetData ===>> H2,-0.0986108294441347,H1,196.633673463429,AX,45.9290404234114,L1,0.576612554619793,L2,0.45383850...
GetData ===>> H2,-0.263574411954111,H1,196.614566774813,AX,45.8436060628292,L1,0.577284284727349,L2,0.336203155...
GetData ===>> H2,-0.277651761896428,H1,196.622582847113,AX,45.8992748558611,L1,0.549862516202251,L2,0.348030833...
GetData ===>> H2,-0.251506700265792,H1,196.626484592404,AX,45.8944006574119,L1,0.557662577402267,L2,0.324331279...
GetData ===>> H2,-0.19284301722939,H1,196.272628412453,AX,45.7306170540504,L1,0.574198884056183,L2,0.4176679051...
GetData ===>> H2,-0.214385975153547,H1,196.074037179415,AX,45.9047083863408,L1,0.544582777719009,L2,0.402335867...
GetData ===>> H2,-0.202795055499783,H1,196.139864294604,AX,45.8512009558693,L1,0.566455478847036,L2,0.427414506...
16:13:11 -- collecting point 100
GetData ===>> H2,-0.193050592623573,H1,196.238938136207,AX,45.9802634665461,L1,0.557439284425165,L2,0.340438574...
GetData ===>> H2,-0.179110326012172,H1,196.178659589747,AX,45.829893480233,L1,0.554014006569983,L2,0.2524018598...
GetData ===>> H2,-0.186728618804141,H1,196.235559974167,AX,45.5534316309833,L1,0.569043785013934,L2,0.246294038...
GetData ===>> H2,-0.0361568911681421,H1,196.041356130321,AX,45.5374405993972,L1,0.601018372399945,L2,0.32267618...
GetData ===>> H2,-0.0970766454723953,H1,195.988992683409,AX,45.6894766772717,L1,0.60023521310634,L2,0.360191116...
GetData ===>> H2,-0.161049674491983,H1,195.761681981234,AX,45.7591600165745,L1,0.577557187526467,L2,0.363571149...
GetData ===>> H2,-0.15027832519312,H1,195.688674188305,AX,45.5265616157999,L1,0.576719979119001,L2,0.3874403205...
GetData ===>> H2,-0.125702212497353,H1,195.732890948417,AX,45.6920546995564,L1,0.560702578454563,L2,0.330735060...
GetData ===>> H2,-0.0887087873484428,H1,195.408742953219,AX,45.7544740351726,L1,0.540738053871819,L2,0.45291356...
GetData ===>> H2,-0.114214758634421,H1,195.431725255217,AX,45.6494957672089,L1,0.582001657821069,L2,0.345210781...
GetData ===>> H2,-0.0301683467324481,H1,195.307514243497,AX,45.6653605250431,L1,0.571231642652931,L2,0.29549103...
GetData ===>> H2,-0.0965227717798118,H1,195.473807466556,AX,45.6338192057848,L1,0.552144581692003,L2,0.34038149...
GetData ===>> H2,-0.0702640855232738,H1,195.412632078167,AX,45.7186688502869,L1,0.526346985275633,L2,0.31614739...
GetData ===>> H2,-0.197966830097308,H1,195.227723947263,AX,45.5845178738055,L1,0.600889900574258,L2,0.328337873...
GetData ===>> H2,-0.296082904159262,H1,195.356450622286,AX,45.629925436394,L1,0.595587020807701,L2,0.4137489767...
GetData ===>> H2,-0.268647830582007,H1,195.167920556414,AX,45.4564301449975,L1,0.559116006429086,L2,0.337139269...
GetData ===>> H2,-0.180216895325306,H1,195.148999371182,AX,45.6232977294206,L1,0.582655817115967,L2,0.321854352...
GetData ===>> H2,-0.164209191471156,H1,195.005464721198,AX,45.647605881526,L1,0.541224570810338,L2,0.3490926555...
GetData ===>> H2,-0.165298615492832,H1,194.841768231359,AX,45.609828721429,L1,0.554201460941137,L2,0.3532144647...
GetData ===>> H2,-0.227050237179157,H1,195.036475769959,AX,45.4962058745204,L1,0.57356808896327,L2,0.2894319172...
GetData ===>> H2,-0.226359515253183,H1,195.116769193611,AX,45.5416779438605,L1,0.5561119626358,L2,0.29327729953...
measurement finished
estimated time: 125.829 actual time: :126.161
flush and close file /Users/jan/PychronDev/data/isotopes/dd/152c76-2626-4abb-a1c7-1115d3c154e5.h5
baselines () {'settling_time': 15.0, 'detector': 'H1', 'mass': 34.2, 'ncounts': 60}
%%%%%%%%%%%%%%%%%%%%%%%%%%%%%%%% Baseline
build tables- baseline [Detector(H2), Detector(H1), Detector(AX), Detector(L1), Detector(L2), Detector(CDD)]
add group baseline table H2
add group baseline table H1
add group baseline table AX
add group baseline table L1
add group baseline table L2
add group baseline table CDD
flush and close file /Users/jan/PychronDev/data/isotopes/dd/152c76-2626-4abb-a1c7-1115d3c154e5.h5
detector Detector(H1)
POSITION 34.2 H1
Mapping mass to dac mass func: "parabolic"
H1 map mass coeffs = [-0.00063987  0.15840543  0.57119999]
H1 map mass to dac 34.2 >> 5.24024599104
GetDeflection H1 ===>> 0
GetHighVoltage ===>> 4500
positioning 34.2 (5.24024599104) on H1
setting magnet DAC
current  : 5.879590
requested: 5.240246
Delta Dac: 0.639344
Checking detector protection. dv=0.63934
Checking detector "CDD". Protection Threshold: 0.1 (V)
ProtectDetector CDD,On ===>> OK
GetDeflection CDD ===>> 2000
Protected = 2000
SetMagnetDAC 5.24024599104 ===>> OK
Magnet settling time: 0.500
GetMagnetMoving ===>> True
GetMagnetMoving ===>> True
GetMagnetMoving ===>> True
GetMagnetMoving ===>> True
GetMagnetMoving ===>> True
GetMagnetMoving ===>> True
GetMagnetMoving ===>> True
GetMagnetMoving ===>> True
GetMagnetMoving ===>> False
ProtectDetector CDD,Off ===>> OK
GetDeflection CDD ===>> 50
Delaying 15.0s for detectors to settle
Join finished
measuring baseline. ncounts=60
"baseline" increment series count="2" fit count="1" regressing="True"
starting measurement
GetData ===>> H2,-0.0860028549341493,H1,-0.0423162533102815,AX,-0.0496150856971633,L1,-0.0312037112964241,L2,-0...
GetData ===>> H2,-0.13385761843497,H1,-0.00700441926035895,AX,-0.158315672832575,L1,-0.0294873778858576,L2,-0.0...
GetData ===>> H2,-0.247121915650708,H1,-0.00998631200779239,AX,-0.0896902913482679,L1,-0.0387760082776297,L2,-0...
GetData ===>> H2,-0.258958270807858,H1,-0.0471332480181495,AX,0.0117643069502565,L1,-0.0237230012134776,L2,-0.0...
GetData ===>> H2,-0.272762425615371,H1,-0.0681750729379036,AX,-0.0750393098695871,L1,-0.029864684951132,L2,0.02...
GetData ===>> H2,-0.289013607865291,H1,-0.0579229517334799,AX,-0.0581137528919821,L1,-0.0303186324657178,L2,-0....
GetData ===>> H2,-0.281379127799132,H1,-0.0701776902659599,AX,-0.103968239107994,L1,-0.0141938809411556,L2,0.00...
GetData ===>> H2,-0.25949312122448,H1,-0.0279354294962396,AX,-0.122612176780703,L1,-0.0203450344911372,L2,-0.06...
GetData ===>> H2,-0.246367184299704,H1,-0.121286955300648,AX,-0.0996920281297538,L1,-0.012073565874506,L2,-0.08...
GetData ===>> H2,-0.193068115047514,H1,-0.0326696435996475,AX,-0.0341115121998656,L1,-0.0347766491794162,L2,-0....
GetData ===>> H2,-0.274272435947456,H1,0.0187866956046669,AX,0.103774148865769,L1,-0.00551802073919199,L2,0.103...
GetData ===>> H2,-0.27571777243272,H1,-0.0406111723966649,AX,-0.0654871656439072,L1,-0.0317797491670498,L2,-0.0...
GetData ===>> H2,-0.146697824682319,H1,-0.0361515926608601,AX,-0.0777517624020494,L1,-0.0125961949052106,L2,-0....
GetData ===>> H2,-0.204413890063783,H1,-0.0838492508359988,AX,-0.15568403980003,L1,-0.0220833066636923,L2,-0.09...
GetData ===>> H2,-0.0934400866474452,H1,-0.0264209107039946,AX,-0.0202408522468772,L1,4.20087744497767E-05,L2,0...
GetData ===>> H2,-0.164961134738994,H1,-0.0962080688757137,AX,0.00827211267708986,L1,-0.0232399903130322,L2,-0....
GetData ===>> H2,-0.224262855045458,H1,-0.0186690777395747,AX,-0.017805164444868,L1,-0.0119500967962622,L2,-0.0...
GetData ===>> H2,-0.271275055855819,H1,-0.0730981020286013,AX,0.0376406125208552,L1,-0.0403439266242315,L2,-0.0...
GetData ===>> H2,-0.154228055604971,H1,0.0194428929755076,AX,-0.0279766564145601,L1,-0.0717994238505038,L2,-0.0...
GetData ===>> H2,-0.274284525961516,H1,-0.0650876260335885,AX,-0.0903045643766356,L1,-0.043562842512648,L2,0.06...
GetData ===>> H2,-0.23215461517513,H1,-0.0173094636128688,AX,-0.163509171388215,L1,-0.0400864167165385,L2,-0.06...
GetData ===>> H2,-0.161434534573005,H1,-0.101308466783068,AX,-0.154397180104178,L1,-0.0578568787202021,L2,-0.10...
GetData ===>> H2,-0.211595431947455,H1,0.0203019214892521,AX,-0.113667240526628,L1,-0.0270039848481142,L2,-0.09...
GetData ===>> H2,-0.261208994275228,H1,-0.0481109265596523,AX,-0.0147082733658378,L1,0.000988983523424404,L2,-0...
16:14:17 -- collecting point 25
GetData ===>> H2,-0.300773630269879,H1,-0.020171787655898,AX,-0.0778908604936681,L1,-0.0232483802784766,L2,-0.0...
GetData ===>> H2,-0.362544105883713,H1,0.0425079802002905,AX,-0.153991410002693,L1,-0.0389401181444078,L2,0.012...
GetData ===>> H2,-0.310517894937798,H1,-0.0821567962610235,AX,-0.116262747147001,L1,-0.0568431425139785,L2,0.02...
GetData ===>> H2,-0.210146017121641,H1,-0.0884020499288816,AX,-0.100642313479108,L1,-0.0101578265036272,L2,-0.0...
GetData ===>> H2,-0.208059126185446,H1,-0.0253953180351594,AX,-0.137608477514687,L1,-0.0110150390716874,L2,-0.1...
GetData ===>> H2,-0.191945277203766,H1,-0.0172021248688424,AX,-0.0302961180549291,L1,-0.0169347509039023,L2,-0....
GetData ===>> H2,-0.258530909791236,H1,-0.0613682584776008,AX,-0.0316877685063964,L1,-0.0390694875374658,L2,0.0...
GetData ===>> H2,-0.130963186296273,H1,-0.100045308346863,AX,-0.174034429483773,L1,-0.0537552585395387,L2,0.021...
GetData ===>> H2,-0.0431897507701302,H1,-0.0634425382032731,AX,-0.129957532696773,L1,-0.0352248290909514,L2,0.0...
GetData ===>> H2,-0.0186882122103247,H1,-0.0680081863514868,AX,-0.0488150365102287,L1,0.0065143247657068,L2,0.0...
GetData ===>> H2,-0.0813379725702121,H1,-0.0171782717990564,AX,-0.0161697398610846,L1,-0.0424396921079905,L2,0....
GetData ===>> H2,-0.1220821864211,H1,0.0255397687251914,AX,-0.00683221503248829,L1,-0.00629766717658936,L2,-0.0...
GetData ===>> H2,-0.163532804896385,H1,-0.0124433248769982,AX,-0.078818176022884,L1,-0.0207922187184089,L2,-0.0...
GetData ===>> H2,-0.221640472367077,H1,-0.046298636828168,AX,-0.0267705145156788,L1,-0.0319294417558734,L2,-0.0...
GetData ===>> H2,-0.243541538731989,H1,0.0124039092187058,AX,-0.0241494238546421,L1,-0.0305186503278237,L2,-0.0...
GetData ===>> H2,-0.139356357718267,H1,-0.0144709114340057,AX,-0.154269652540386,L1,-0.0049962236281503,L2,-0.0...
GetData ===>> H2,-0.0976833025503383,H1,-0.0542390842378502,AX,-0.0393182981177803,L1,-0.00848635177425754,L2,0...
GetData ===>> H2,-0.224405607259236,H1,-0.0639074570707663,AX,-0.0131887889004278,L1,0.00424826539019944,L2,-0....
GetData ===>> H2,-0.326190423605804,H1,-0.0533926100868552,AX,-0.135428516283639,L1,0.00356871113110658,L2,-0.0...
GetData ===>> H2,-0.273435506800256,H1,-0.0382860152431384,AX,-0.0414287645164496,L1,-0.0213760459545885,L2,0.0...
GetData ===>> H2,-0.20581148174746,H1,-0.0546325134481716,AX,-0.116853678708559,L1,-0.0128898621523777,L2,-0.01...
GetData ===>> H2,-0.24805954189677,H1,-0.069700880251644,AX,-0.223144967253869,L1,0.0064195441474779,L2,0.03776...
GetData ===>> H2,-0.240445972503869,H1,-0.0281977847534918,AX,-0.00415258597535788,L1,-0.00365981988873096,L2,-...
GetData ===>> H2,-0.207936514417496,H1,-0.0703803338340635,AX,-0.0894237188273825,L1,-0.0257530713171775,L2,0.0...
GetData ===>> H2,-0.0611337480086542,H1,0.00572329769570352,AX,-0.133979046934659,L1,0.00825052753503141,L2,-0....
16:14:43 -- collecting point 50
GetData ===>> H2,-0.150760411088647,H1,-0.0610463836320239,AX,-0.146119135043508,L1,0.0110936507159366,L2,0.039...
GetData ===>> H2,-0.250924402107809,H1,0.026339190927094,AX,-0.0386225299331205,L1,-0.0226011338190517,L2,-0.09...
GetData ===>> H2,-0.282572741481266,H1,0.0424960465516434,AX,-0.0664261922540998,L1,-0.0463175018311604,L2,0.02...
GetData ===>> H2,-0.200770175265678,H1,-0.0674598427506055,AX,-0.00820100141012843,L1,-0.0435520666126812,L2,0....
GetData ===>> H2,-0.323204807582078,H1,-0.0551451613105101,AX,0.0483412564439437,L1,-0.050665237823334,L2,-0.01...
GetData ===>> H2,-0.271594850190915,H1,-0.0235706911442922,AX,-0.0490121506886531,L1,-0.0218723324022467,L2,-0....
GetData ===>> H2,-0.215464567180472,H1,-0.0679605044185071,AX,-0.046356873220508,L1,-0.0286249085705401,L2,0.06...
GetData ===>> H2,-0.250108058272219,H1,-0.0511512073324337,AX,-0.0902002541357935,L1,-0.0269452768691313,L2,0.0...
GetData ===>> H2,-0.22408104536997,H1,-0.054167551487949,AX,-0.0445364009539226,L1,-0.0241244938619516,L2,-0.00...
GetData ===>> H2,-0.119851718925816,H1,-0.0232129172651028,AX,-0.0738917110353921,L1,0.0275596372155932,L2,0.00...
GetData ===>> H2,-0.17201104366716,H1,-0.0166654294224021,AX,-0.142849460974103,L1,-0.00512937442652065,L2,-0.0...
measurement finished
estimated time: 62.915 actual time: :63.089
flush and close file /Users/jan/PychronDev/data/isotopes/dd/152c76-2626-4abb-a1c7-1115d3c154e5.h5
activate_detectors ('H1', 'AX', 'CDD') {'peak_center': True}
peak_center () {'detector': 'H1', 'integration_time': 0.262144, 'isotope': 'Ar40'}
peak center: mean=195.178801196 threshold=3
peak center started
setup peak center. detector=['H1', 'AX', 'CDD'], isotope=Ar40
VersionedUnpickler [<apptools.sweet_pickle.versioned_unpickler.VersionedUnpickler object at 0x1c9fb87d0>] using Updater [<apptools.sweet_pickle.updater.Updater object at 0x1373f1ad0>]
VersionedUnpickler [<apptools.sweet_pickle.versioned_unpickler.VersionedUnpickler object at 0x1c9fb87d0>] using Updater [<apptools.sweet_pickle.updater.Updater object at 0x1373f1ad0>]
VersionedUnpickler [<apptools.sweet_pickle.versioned_unpickler.VersionedUnpickler object at 0x1d2200fb0>] using Updater [<apptools.sweet_pickle.updater.Updater object at 0x1373f1ad0>]
setting integration time = 0.524288
SetIntegrationTime 0.524288 ===>> OK
Mapping mass to dac mass func: "parabolic"
H1 map mass coeffs = [-0.00063987  0.15840543  0.57119999]
H1 map mass to dac 39.9624 >> 5.87959
GetDeflection H1 ===>> 0
GetHighVoltage ===>> 4500
do peak center. <pychron.spectrometer.jobs.peak_center.PeakCenter object at 0x1376ecfb0>
doing pc
starting peak center. center dac= 5.87959 step_width=0.001
width = 0.001
get scan parameters. half-width=0.015,window=0.015, i=0, scalar=1
Scan parameters center=5.87959 width=0.03000 (5.86459 - 5.89459)
GetData ===>> H2,-0.0985918734479036,H1,0.0174265911147888,AX,-0.0515514094042053,L1,-0.0256344421294768,L2,-0....
Moving to starting dac 5.86459
setting magnet DAC
current  : 5.240246
requested: 5.864590
Delta Dac: 0.624344
Checking detector protection. dv=0.62434
Checking detector "CDD". Protection Threshold: 0.1 (V)
ProtectDetector CDD,On ===>> OK
GetDeflection CDD ===>> 2000
Protected = 2000
SetMagnetDAC 5.86459 ===>> OK
Magnet settling time: 0.500
GetMagnetMoving ===>> True
GetMagnetMoving ===>> True
GetMagnetMoving ===>> True
GetMagnetMoving ===>> True
GetMagnetMoving ===>> True
GetMagnetMoving ===>> True
GetMagnetMoving ===>> True
GetMagnetMoving ===>> True
GetMagnetMoving ===>> True
GetMagnetMoving ===>> False
ProtectDetector CDD,Off ===>> OK
GetDeflection CDD ===>> 50
Wait until signal near baseline. tol= 0.0130699433361. timeout= 10
GetData ===>> H2,10.7707889794604,H1,5.55778878962985,AX,0.114457625834348,L1,0.0072612185049149,L2,0.069803684...
GetData ===>> H2,15.4047352324865,H1,7.9281474736588,AX,1.0330812832333,L1,0.0016623619451507,L2,-0.22307268470...
GetData ===>> H2,8.66578451928581,H1,3.73040112704899,AX,0.643729555525408,L1,-0.0252089702932661,L2,-0.0882524...
GetData ===>> H2,3.62533481175817,H1,1.81861382355251,AX,0.320323898074199,L1,-0.0235735201256363,L2,0.04861115...
GetData ===>> H2,1.17481889004887,H1,0.944413617486339,AX,0.0457762443897467,L1,-0.0107608801621994,L2,-0.00271...
GetData ===>> H2,0.347164313902534,H1,0.530313633973312,AX,0.0232395416968326,L1,-0.0179204294946861,L2,0.01216...
GetData ===>> H2,0.0499165099387327,H1,0.329200754367221,AX,-0.0189882204187256,L1,-0.0401726533274187,L2,0.188...
GetData ===>> H2,0.0499165099387327,H1,0.329200754367221,AX,-0.0189882204187256,L1,-0.0401726533274187,L2,0.188...
GetData ===>> H2,-0.0501382718119051,H1,0.164589272828431,AX,-0.000985656526665758,L1,-0.0418972301665329,L2,-0...
GetData ===>> H2,-0.0710356761982793,H1,0.204523770176812,AX,-0.0126320252955085,L1,-0.042448074292361,L2,-0.08...
GetData ===>> H2,-0.0845036371543214,H1,0.167284469761797,AX,-0.0781458731452235,L1,-0.0661034524312374,L2,-0.0...
GetData ===>> H2,-0.0397634365564831,H1,0.234234481618745,AX,0.0698139873000099,L1,-0.0493310791103579,L2,-0.05...
GetData ===>> H2,-0.0212548024034151,H1,0.174058559175783,AX,-0.0223981248276583,L1,-0.00274438893019111,L2,-0....
GetData ===>> H2,-0.0320086992726147,H1,0.123001798289324,AX,-0.163074260023329,L1,-0.0121778541100538,L2,-0.00...
GetData ===>> H2,-0.0672083980356791,H1,0.191997797021437,AX,0.037559375687749,L1,-0.0180522114100095,L2,-0.026...
GetData ===>> H2,-0.180774125892105,H1,0.161488693479339,AX,-0.0297974384669405,L1,0.00225055462532628,L2,0.035...
GetData ===>> H2,-0.23348511534809,H1,0.1704806379762,AX,-0.116019421343047,L1,-0.00143408604855994,L2,-0.02001...
GetData ===>> H2,-0.200309066652107,H1,0.176229226977776,AX,-0.067411580804936,L1,0.0193943194874217,L2,-0.1978...
GetData ===>> H2,-0.150508253759435,H1,0.108435957887143,AX,-0.0270372587229311,L1,0.0118627848002399,L2,0.0947...
GetData ===>> H2,-0.0584822857784926,H1,0.166354260856294,AX,-0.0530818895036928,L1,-0.02777295490109,L2,-0.025...
GetData ===>> H2,-0.0593358604976729,H1,0.115349104120788,AX,0.0181109076245095,L1,-0.0591697729768687,L2,0.036...
Peak center failed to move to a baseline position
_do_sweep sm= 5.86459, em= 5.89459, stm= 0.001
calculated step values: start=5.86459, end=5.89459, width=0.001, nsteps=31.0
setting magnet DAC
current  : 5.864590
requested: 5.864590
Delta Dac: 0.000000
Checking detector protection. dv=0.00000
Checking detector "CDD". Protection Threshold: 0.1 (V)
SetMagnetDAC 5.86459 ===>> OK
GetData ===>> H2,-0.0593358604976729,H1,0.115349104120788,AX,0.0181109076245095,L1,-0.0591697729768687,L2,0.036...
setting magnet DAC
current  : 5.864590
requested: 5.865624
Delta Dac: 0.001034
Checking detector protection. dv=0.00103
Checking detector "CDD". Protection Threshold: 0.1 (V)
SetMagnetDAC 5.86562448276 ===>> OK
Magnet settling time: 1.049
GetData ===>> H2,-0.125938819502282,H1,0.266102744594421,AX,-0.0594818182265234,L1,-0.0682129601349642,L2,-0.02...
setting magnet DAC
current  : 5.865624
requested: 5.866659
Delta Dac: 0.001034
Checking detector protection. dv=0.00103
Checking detector "CDD". Protection Threshold: 0.1 (V)
SetMagnetDAC 5.86665896552 ===>> OK
Magnet settling time: 1.049
GetData ===>> H2,-0.178757248842759,H1,1.01078973805919,AX,0.0906265952063047,L1,-0.0441531047130065,L2,-0.0713...
setting magnet DAC
current  : 5.866659
requested: 5.867693
Delta Dac: 0.001034
Checking detector protection. dv=0.00103
Checking detector "CDD". Protection Threshold: 0.1 (V)
SetMagnetDAC 5.86769344828 ===>> OK
Magnet settling time: 1.049
GetData ===>> H2,-0.0574877227571674,H1,3.78910707700413,AX,0.49251954219027,L1,-0.0723900536123438,L2,-0.00867...
setting magnet DAC
current  : 5.867693
requested: 5.868728
Delta Dac: 0.001034
Checking detector protection. dv=0.00103
Checking detector "CDD". Protection Threshold: 0.1 (V)
SetMagnetDAC 5.86872793103 ===>> OK
Magnet settling time: 1.049
GetData ===>> H2,-0.0860231681808344,H1,12.0206418388519,AX,1.69287031928015,L1,-0.0508602614271398,L2,-0.08117...
setting magnet DAC
current  : 5.868728
requested: 5.869762
Delta Dac: 0.001034
Checking detector protection. dv=0.00103
Checking detector "CDD". Protection Threshold: 0.1 (V)
SetMagnetDAC 5.86976241379 ===>> OK
Magnet settling time: 1.049
GetData ===>> H2,-0.205175376569882,H1,46.9524606246774,AX,7.51390647836384,L1,-0.0145102717911981,L2,0.0509580...
setting magnet DAC
current  : 5.869762
requested: 5.870797
Delta Dac: 0.001034
Checking detector protection. dv=0.00103
Checking detector "CDD". Protection Threshold: 0.1 (V)
SetMagnetDAC 5.87079689655 ===>> OK
Magnet settling time: 1.049
GetData ===>> H2,-0.175526261348064,H1,94.3494771913488,AX,16.9681035992644,L1,0.0962354819233805,L2,0.10869165...
setting magnet DAC
current  : 5.870797
requested: 5.871831
Delta Dac: 0.001034
Checking detector protection. dv=0.00103
Checking detector "CDD". Protection Threshold: 0.1 (V)
SetMagnetDAC 5.87183137931 ===>> OK
Magnet settling time: 1.049
GetData ===>> H2,-0.103957781050565,H1,140.389411812241,AX,27.8754241540781,L1,0.200618047796629,L2,0.019655611...
setting magnet DAC
current  : 5.871831
requested: 5.872866
Delta Dac: 0.001034
Checking detector protection. dv=0.00103
Checking detector "CDD". Protection Threshold: 0.1 (V)
SetMagnetDAC 5.87286586207 ===>> OK
Magnet settling time: 1.049
GetData ===>> H2,-0.22000672059128,H1,169.441829607848,AX,36.296738029341,L1,0.343010311575547,L2,0.15359432072...
setting magnet DAC
current  : 5.872866
requested: 5.873900
Delta Dac: 0.001034
Checking detector protection. dv=0.00103
Checking detector "CDD". Protection Threshold: 0.1 (V)
SetMagnetDAC 5.87390034483 ===>> OK
Magnet settling time: 1.049
GetData ===>> H2,-0.214554301534535,H1,182.000043769915,AX,41.010352607741,L1,0.382343085623863,L2,0.2449012809...
setting magnet DAC
current  : 5.873900
requested: 5.874935
Delta Dac: 0.001034
Checking detector protection. dv=0.00103
Checking detector "CDD". Protection Threshold: 0.1 (V)
SetMagnetDAC 5.87493482759 ===>> OK
Magnet settling time: 1.049
GetData ===>> H2,-0.223798976138391,H1,186.098878736997,AX,42.7810851038476,L1,0.45136354714911,L2,0.3195295163...
setting magnet DAC
current  : 5.874935
requested: 5.875969
Delta Dac: 0.001034
Checking detector protection. dv=0.00103
Checking detector "CDD". Protection Threshold: 0.1 (V)
SetMagnetDAC 5.87596931034 ===>> OK
Magnet settling time: 1.049
GetData ===>> H2,-0.129907673618141,H1,187.238932369312,AX,43.280029426186,L1,0.491563116010014,L2,0.1355531874...
setting magnet DAC
current  : 5.875969
requested: 5.877004
Delta Dac: 0.001034
Checking detector protection. dv=0.00103
Checking detector "CDD". Protection Threshold: 0.1 (V)
SetMagnetDAC 5.8770037931 ===>> OK
Magnet settling time: 1.049
GetData ===>> H2,-0.119252434356962,H1,187.497374941865,AX,43.4243642173835,L1,0.524015796985265,L2,0.326964649...
setting magnet DAC
current  : 5.877004
requested: 5.878038
Delta Dac: 0.001034
Checking detector protection. dv=0.00103
Checking detector "CDD". Protection Threshold: 0.1 (V)
SetMagnetDAC 5.87803827586 ===>> OK
Magnet settling time: 1.049
GetData ===>> H2,-0.180798390942183,H1,187.624475580727,AX,43.4250162028255,L1,0.542938031698164,L2,0.288084826...
setting magnet DAC
current  : 5.878038
requested: 5.879073
Delta Dac: 0.001034
Checking detector protection. dv=0.00103
Checking detector "CDD". Protection Threshold: 0.1 (V)
SetMagnetDAC 5.87907275862 ===>> OK
Magnet settling time: 1.049
GetData ===>> H2,-0.250533048591873,H1,187.63270233852,AX,43.3953686496272,L1,0.520870783658543,L2,0.3591065724...
setting magnet DAC
current  : 5.879073
requested: 5.880107
Delta Dac: 0.001034
Checking detector protection. dv=0.00103
Checking detector "CDD". Protection Threshold: 0.1 (V)
SetMagnetDAC 5.88010724138 ===>> OK
Magnet settling time: 1.049
GetData ===>> H2,-0.139953374861812,H1,187.492479237652,AX,43.4329253540752,L1,0.547450312518391,L2,0.315059591...
setting magnet DAC
current  : 5.880107
requested: 5.881142
Delta Dac: 0.001034
Checking detector protection. dv=0.00103
Checking detector "CDD". Protection Threshold: 0.1 (V)
SetMagnetDAC 5.88114172414 ===>> OK
Magnet settling time: 1.049
GetData ===>> H2,-0.19556206097201,H1,187.710781473827,AX,43.5317347924161,L1,0.577382987565285,L2,0.3191646166...
setting magnet DAC
current  : 5.881142
requested: 5.882176
Delta Dac: 0.001034
Checking detector protection. dv=0.00103
Checking detector "CDD". Protection Threshold: 0.1 (V)
SetMagnetDAC 5.8821762069 ===>> OK
Magnet settling time: 1.049
GetData ===>> H2,-0.0920884342644243,H1,187.623135299318,AX,43.2366514445287,L1,0.545094119105754,L2,0.28523502...
setting magnet DAC
current  : 5.882176
requested: 5.883211
Delta Dac: 0.001034
Checking detector protection. dv=0.00103
Checking detector "CDD". Protection Threshold: 0.1 (V)
SetMagnetDAC 5.88321068966 ===>> OK
Magnet settling time: 1.049
GetData ===>> H2,-0.121157048724991,H1,187.264235354014,AX,43.0625616189257,L1,0.571734302325582,L2,0.325892677...
setting magnet DAC
current  : 5.883211
requested: 5.884245
Delta Dac: 0.001034
Checking detector protection. dv=0.00103
Checking detector "CDD". Protection Threshold: 0.1 (V)
SetMagnetDAC 5.88424517241 ===>> OK
Magnet settling time: 1.049
GetData ===>> H2,-0.157639378258105,H1,186.031219244838,AX,42.6459176312986,L1,0.539028651818809,L2,0.288039229...
setting magnet DAC
current  : 5.884245
requested: 5.885280
Delta Dac: 0.001034
Checking detector protection. dv=0.00103
Checking detector "CDD". Protection Threshold: 0.1 (V)
SetMagnetDAC 5.88527965517 ===>> OK
Magnet settling time: 1.049
GetData ===>> H2,-0.256094105200136,H1,182.269922022419,AX,40.8595167272498,L1,0.495356349942536,L2,0.270531368...
setting magnet DAC
current  : 5.885280
requested: 5.886314
Delta Dac: 0.001034
Checking detector protection. dv=0.00103
Checking detector "CDD". Protection Threshold: 0.1 (V)
SetMagnetDAC 5.88631413793 ===>> OK
Magnet settling time: 1.049
GetData ===>> H2,-0.205684802637031,H1,168.807558365045,AX,35.9045131866199,L1,0.468159732422428,L2,0.301240631...
setting magnet DAC
current  : 5.886314
requested: 5.887349
Delta Dac: 0.001034
Checking detector protection. dv=0.00103
Checking detector "CDD". Protection Threshold: 0.1 (V)
SetMagnetDAC 5.88734862069 ===>> OK
Magnet settling time: 1.049
GetData ===>> H2,-0.183504965652624,H1,139.305647293975,AX,26.6081276326085,L1,0.379427342207892,L2,0.100142242...
setting magnet DAC
current  : 5.887349
requested: 5.888383
Delta Dac: 0.001034
Checking detector protection. dv=0.00103
Checking detector "CDD". Protection Threshold: 0.1 (V)
SetMagnetDAC 5.88838310345 ===>> OK
Magnet settling time: 1.049
GetData ===>> H2,-0.197601359706432,H1,93.8906517269125,AX,15.6492610064954,L1,0.281755857513804,L2,0.040773381...
setting magnet DAC
current  : 5.888383
requested: 5.889418
Delta Dac: 0.001034
Checking detector protection. dv=0.00103
Checking detector "CDD". Protection Threshold: 0.1 (V)
SetMagnetDAC 5.88941758621 ===>> OK
Magnet settling time: 1.049
GetData ===>> H2,-0.147242959718508,H1,48.3640020138641,AX,6.71356818777448,L1,0.18341547777049,L2,0.0826126311...
setting magnet DAC
current  : 5.889418
requested: 5.890452
Delta Dac: 0.001034
Checking detector protection. dv=0.00103
Checking detector "CDD". Protection Threshold: 0.1 (V)
SetMagnetDAC 5.89045206897 ===>> OK
Magnet settling time: 1.049
GetData ===>> H2,-0.131069949849524,H1,18.9003596341881,AX,2.13102940240509,L1,0.124865385153109,L2,-0.08581784...
setting magnet DAC
current  : 5.890452
requested: 5.891487
Delta Dac: 0.001034
Checking detector protection. dv=0.00103
Checking detector "CDD". Protection Threshold: 0.1 (V)
SetMagnetDAC 5.89148655172 ===>> OK
Magnet settling time: 1.049
GetData ===>> H2,-0.243494438647539,H1,5.87975758011512,AX,0.519052692721188,L1,0.0981027392132171,L2,-0.095760...
setting magnet DAC
current  : 5.891487
requested: 5.892521
Delta Dac: 0.001034
Checking detector protection. dv=0.00103
Checking detector "CDD". Protection Threshold: 0.1 (V)
SetMagnetDAC 5.89252103448 ===>> OK
Magnet settling time: 1.049
GetData ===>> H2,-0.22252067871876,H1,0.625332095958409,AX,-0.0261558402982278,L1,0.0811187121231724,L2,0.02689...
setting magnet DAC
current  : 5.892521
requested: 5.893556
Delta Dac: 0.001034
Checking detector protection. dv=0.00103
Checking detector "CDD". Protection Threshold: 0.1 (V)
SetMagnetDAC 5.89355551724 ===>> OK
Magnet settling time: 1.049
GetData ===>> H2,-0.231836825486749,H1,0.0803830171944632,AX,-0.00924497808112055,L1,-0.0147187966854821,L2,-0....
setting magnet DAC
current  : 5.893556
requested: 5.894590
Delta Dac: 0.001034
Checking detector protection. dv=0.00103
Checking detector "CDD". Protection Threshold: 0.1 (V)
SetMagnetDAC 5.89459 ===>> OK
Magnet settling time: 1.049
GetData ===>> H2,-0.207347689934303,H1,-0.0101294406254169,AX,-0.0843587021578912,L1,-0.00147728556488078,L2,-0...
result of _do_sweep=True
result of _calculate_peak_center=([5.8717743687374764, 5.8795599398797611, 5.8873455110220458], [137.85214086618885, 187.70726860110119, 139.18704572559886], 5.8811831863727466, 187.70726860110119)
Failed to find a valid peak. No peak greater than 1.0. max = 0.0237469031174
new center pos Detector(H1) (Ar40) @ 5.87955993988
GetHighVoltage ===>> 4500
GetDeflection H1 ===>> 0
dac uncorrected for HV and deflection 5.87955993988
update mftable H1 Ar40 5.87955993988 message=automated run peakcenter
get initial guess parabolic
get initial guess parabolic
get initial guess parabolic
get initial guess parabolic
get initial guess parabolic
get initial guess parabolic
dump mftable to /Users/jan/PychronDev/setupfiles/spectrometer/mftables/mftable.csv
add to repo msg=modified - automated run peakcenter
locally archiving mftable
setting magnet DAC
current  : 5.894590
requested: 5.879560
Delta Dac: 0.015030
Checking detector protection. dv=0.01503
Checking detector "CDD". Protection Threshold: 0.1 (V)
SetMagnetDAC 5.87955993988 ===>> OK
Magnet settling time: 0.500
sweep finished
setting integration time = 1.048576
SetIntegrationTime 1.048576 ===>> OK
Failed to find a valid peak. No peak greater than 1.0. max = 0.0237469031174
flush and close file /Users/jan/PychronDev/data/isotopes/dd/152c76-2626-4abb-a1c7-1115d3c154e5.h5
finished measure script
executed snippet estimated_duration=226.132928, duration=272.747846842
jan_unknown120_60.py completed successfully
Measurement Finished
16:15:41 -- ******* Measurement Finished *******
Post Measurement Started jan_pump_ms.py
16:15:41 -- ******* Post Measurement Started jan_pump_ms.py *******
testing...
no interpolation path defined
executed snippet estimated_duration=0, duration=2.8133392334e-05
Pumping spectrometer
open () {'name': 'O'}
opening name=O desc=---
checking ownership. requestor=129.138.12.150
check software interlocks O
interlocks []
actuate state mode=None-script, software_lock=False
doing actuation None-script open_channel True
Open O ===>> OK
GetIndicatorState O ===>> OK
change switch state (True, True)
update switch state O True args=() kw={} ncanvase=2
16:15:41 -- OPEN   VALVE-O (Jan Ion Pump)
---------------------------------------- open O () result=[(True, True)], time=0.12 sec
action=open, ok=True, locked=[False]
executed snippet estimated_duration=0, duration=0.373958826065
jan_pump_ms.py completed successfully
setting _ms_pumptime
Post Measurement Finished
16:15:41 -- ******* Post Measurement Finished *******
$$$$$$$$$$$$$$$$$$$$ state at run end measurement
state changed from measurement to success
post measurement save measured=True aborted=False
Set filtering
setting fod for Ar40= {'filter_outliers': True, 'std_devs': 2, 'iterations': 1}
setting fod for H1= {'filter_outliers': True, 'std_devs': 2, 'iterations': 1}
setting fod for PM41= {'filter_outliers': False, 'std_devs': 2, 'iterations': 1}
setting fod for H2= {'filter_outliers': True, 'std_devs': 2, 'iterations': 1}
setting fod for Ar36= {'filter_outliers': True, 'std_devs': 2, 'iterations': 1}
setting fod for CDD= {'filter_outliers': True, 'std_devs': 10, 'iterations': 1}
setting fod for Ar37= {'filter_outliers': True, 'std_devs': 2, 'iterations': 1}
setting fod for L2= {'filter_outliers': True, 'std_devs': 2, 'iterations': 1}
setting fod for Ar38= {'filter_outliers': True, 'std_devs': 2, 'iterations': 1}
setting fod for L1= {'filter_outliers': True, 'std_devs': 2, 'iterations': 1}
setting fod for Ar39= {'filter_outliers': True, 'std_devs': 2, 'iterations': 1}
setting fod for AX= {'filter_outliers': True, 'std_devs': 2, 'iterations': 1}
persistence save...
persistence save - db
post measurement save
7982337872 connecting to database sqlite:////Users/jan/PychronDev/.appdata/local_lab.db
connected to db sqlite:////Users/jan/PychronDev/.appdata/local_lab.db
create new session 7982337872
close session 7982337872
No database instance. Not saving post measurement to isotopedb database
$$$$$$$$$$$$$$$ auto_save_detector_ic=False
massspec enabled True
create new session 4985911824
MassSpec Database Version: 16.0
close session 4985911824
saving post measurement to secondary database
saving to massspec database 129.138.12.160/massspecdata
setting labnumber to 65555
setting aliquot to 5
setting step to A
setting uuid to dd152c76-2626-4abb-a1c7-1115d3c154e5
setting irradpos to 65555
setting extract_device to Fusions CO2
setting tray to 
setting position to 191
setting power_requested to 0.3
setting extract_value to 0.3
setting duration to 30.0
setting duration_at_request to 30.0
setting first_stage_delay to 30.0
setting cleanup to 30.0
setting comment to N:14 without inclusions
setting irradiation to NM-289
setting level to N
setting irradiation_level to N
setting sample to Bw-2014-7 WO
setting material to Sanidine
setting project to Bustos Wells
setting mass_spectrometer to Jan
no attribute chron_dosages
no attribute production_ratios
no attribute interference_corrections
no attribute production_name
no attribute j
Reference Isotope=Ar40
Reference Detector=H1
%%%%%%%%%%%%%%%%%%%% Comment: N:14 without inclusions %%%%%%%%%%%%%%%%%%%
adding isotope PM41 H2
add baseline dbdet= PM41. original det= H2
get baseline data PM41 H2
Get data baseline <pychron.processing.isotope.Baseline object at 0x1d1aae450> len t=60
baseline PM41. v=-0.213102539457, e=0.00870607783723
get signal data PM41 H2
Get data signal PM41 0.07+/-0.07 len t=120
adding isotope Ar40 H1
add baseline dbdet= Ar40. original det= H1
get baseline data Ar40 H1
Get data baseline <pychron.processing.isotope.Baseline object at 0x1d1aae650> len t=60
baseline Ar40. v=-0.0405492611049, e=0.00432004998674
get signal data Ar40 H1
Get data signal Ar40 203.105+/-0.024 len t=120
adding isotope Ar39 AX
add baseline dbdet= Ar39. original det= AX
get baseline data Ar39 AX
Get data baseline <pychron.processing.isotope.Baseline object at 0x1d1aae810> len t=60
baseline Ar39. v=-0.0719802995622, e=0.00733027077859
get signal data Ar39 AX
Get data signal Ar39 47.636+/-0.015 len t=120
adding isotope Ar38 L1
add baseline dbdet= Ar38. original det= L1
get baseline data Ar38 L1
Get data baseline <pychron.processing.isotope.Baseline object at 0x1d1aae9d0> len t=60
baseline Ar38. v=-0.0224796231414, e=0.00227401179767
get signal data Ar38 L1
Get data signal Ar38 0.622+/-0.005 len t=120
adding isotope Ar37 L2
add baseline dbdet= Ar37. original det= L2
get baseline data Ar37 L2
Get data baseline <pychron.processing.isotope.Baseline object at 0x1d1aaeb90> len t=60
baseline Ar37. v=-0.0320349654746, e=0.00699788221668
get signal data Ar37 L2
Get data signal Ar37 0.412+/-0.010 len t=120
adding isotope Ar36 CDD
add baseline dbdet= Ar36. original det= CDD
get baseline data Ar36 CDD
Get data baseline <pychron.processing.isotope.Baseline object at 0x1d1aaed50> len t=60
baseline Ar36. v=8.18759764448e-05, e=1.2964755117e-05
get signal data Ar36 CDD
Get data signal Ar36 0.01563+/-0.00029 len t=120
65555-05A added analysis time 0.502426862717s
analysis added to mass spec database
mass spec save time= 0.511
persistence save - dvc
================= post measurement started
create new session 4991427888
close session 4991427888
---------------- Experiment Queue saving disabled
DVC saving peakcenter
Failed to find a valid peak. No peak greater than 1.0. max = 0.0237469031174
Smart pull ahead: 0 behind: 0
Up-to-date with origin
add to repo msg=modified - ad8224ebc6dbfeb9f5997218dfa5fe690569839d.json
add to repo msg=modified - 55-05A.json
add to repo msg=modified - 55-05A.dat.json
add to repo msg=modified - 55-05A.blan.json
add to repo msg=modified - 55-05A.inte.json
add to repo msg=modified - 55-05A.icfa.json
add to repo msg=modified - 55-05A.base.json
not at valid file /Users/jan/PychronDev/data/.dvc/repositories/Load1786/655/tags/55-05A.tags.json
add to repo msg=modified - 55-05A.peak.json
add to repo msg=modified - 55-05A.extr.json
not at valid file /Users/jan/PychronDev/data/.dvc/repositories/Load1786/655/monitor/55-05A.moni.json
commit message=<COLLECTION>
add to repo msg=modified - 55-05A.inte.json
add to repo msg=modified - 55-05A.base.json
commit message=<ISOEVO> default collection fits
add to repo msg=modified - 55-05A.blan.json
commit message=<BLANKS> preceding bc-02-J-326
add to repo msg=modified - 55-05A.icfa.json
commit message=<ICFactor> default
push repository <pychron.git_archive.repo_manager.GitRepoManager object at 0x1d1a2fe30>
pushing to remote=origin, url=https://github.com
no changes to meta repo
create new session 4991427888
add association Load1786
get identifier "65555"
setting analysis irradiation position=<pychron.dvc.dvc_orm.IrradiationPositionTbl object at 0x1dbc5aad0>
close session 4991427888
================= post measurement finished
16:15:56 -- ******* Post Run Check *******
loading queue conditionals post_run_actions
loading system conditionals post_run_actions
loading conditionals from /Users/jan/PychronDev/setupfiles/spectrometer/default_conditionals.yaml
loading queue conditionals post_run_terminations
loading system conditionals post_run_terminations
loading conditionals from /Users/jan/PychronDev/setupfiles/spectrometer/default_conditionals.yaml
Checking default post run terminations n=1
GetDeflection CDD ===>> 50
testing CDD==2000
evaluate ot="CDD.deflection==2000" t="CDD==2000", ctx="{'CDD': 50.0}"
16:15:56 -- ******* Post Run Check Passed *******
16:15:56 -- Automated run 65555-05A success duration: 366.499 s
----------------- finish -----------------
----------------- stop -----------------
retroactive repository identifiers disabled
finish run. runs completed=201
update duration runid=65555-05A, duration=366.498759985, md5=301e91d8
loading script "jan_unknown120_60.py"
loading script "jan_pump_ms.py"
loading script "jan_co2.py"
loading script "jan_pump_extraction_line.py"
testing...
no interpolation path defined
executed snippet estimated_duration=213.652928, duration=0.000308036804199
script duration name:unknown120_60 seconds:214.0
loading script "jan_unknown120_60.py"
loading script "jan_pump_ms.py"
loading script "jan_co2.py"
loading script "jan_pump_extraction_line.py"
testing...
no interpolation path defined
executed snippet estimated_duration=0, duration=2.90870666504e-05
loading script "jan_unknown120_60.py"
loading script "jan_pump_ms.py"
loading script "jan_co2.py"
loading script "jan_pump_extraction_line.py"
testing...
no interpolation path defined
calculate duration
testing...
no interpolation path defined
executed snippet estimated_duration=0, duration=5.00679016113e-05
calculate duration
testing...
no interpolation path defined
executed snippet estimated_duration=0, duration=9.70363616943e-05
executed snippet estimated_duration=0.0, duration=0.0020968914032
script duration name:co2 seconds:0.0
loading script "jan_unknown120_60.py"
loading script "jan_pump_ms.py"
loading script "jan_co2.py"
loading script "jan_pump_extraction_line.py"
testing...
no interpolation path defined
calculate duration
testing...
no interpolation path defined
executed snippet estimated_duration=4.0, duration=0.000155925750732
executed snippet estimated_duration=4.0, duration=0.00131487846375
Script duration 214.0
Run total estimated duration= 215.000
loading script "jan_unknown400_120.py"
loading script "jan_pump_ms.py"
loading script "jan_cocktail_x1.py"
loading script "jan_pump_extraction_line.py"
testing...
no interpolation path defined
executed snippet estimated_duration=556.052928, duration=0.000339031219482
script duration name:unknown400_120 seconds:556.0
pump_ms in script context. using previous estimated duration
loading script "jan_unknown400_120.py"
loading script "jan_pump_ms.py"
loading script "jan_cocktail_x1.py"
loading script "jan_pump_extraction_line.py"
testing...
no interpolation path defined
calculate duration
testing...
no interpolation path defined
executed snippet estimated_duration=0, duration=4.41074371338e-05
calculate duration
testing...
no interpolation path defined
executed snippet estimated_duration=0, duration=9.91821289062e-05
calculate duration
testing...
no interpolation path defined
executed snippet estimated_duration=32.0, duration=8.39233398438e-05
calculate duration
testing...
no interpolation path defined
executed snippet estimated_duration=34.0, duration=9.89437103271e-05
calculate duration
testing...
no interpolation path defined
executed snippet estimated_duration=4.0, duration=6.38961791992e-05
calculate duration
testing...
no interpolation path defined
executed snippet estimated_duration=38.0, duration=9.10758972168e-05
executed snippet estimated_duration=108.0, duration=0.00748801231384
script duration name:cocktail_x1 seconds:108.0
pump_extraction_line in script context. using previous estimated duration
Script duration 664.0
Run total estimated duration= 665.000
unknown400_120 in script context. using previous estimated duration
script duration name:unknown400_120 seconds:556.0
loading script "jan_unknown400_120.py"
loading script "jan_pump_ms.py"
loading script "jan_sniffair_x2.py"
loading script "jan_pump_extraction_line.py"
testing...
no interpolation path defined
calculate duration
testing...
no interpolation path defined
executed snippet estimated_duration=0, duration=4.88758087158e-05
calculate duration
testing...
no interpolation path defined
executed snippet estimated_duration=0, duration=0.00012993812561
calculate duration
testing...
no interpolation path defined
executed snippet estimated_duration=32.0, duration=9.29832458496e-05
calculate duration
testing...
no interpolation path defined
executed snippet estimated_duration=34.0, duration=0.000103950500488
calculate duration
testing...
no interpolation path defined
executed snippet estimated_duration=4.0, duration=0.000111103057861
calculate duration
testing...
no interpolation path defined
executed snippet estimated_duration=36.0, duration=9.29832458496e-05
calculate duration
testing...
no interpolation path defined
executed snippet estimated_duration=34.0, duration=9.89437103271e-05
calculate duration
testing...
no interpolation path defined
executed snippet estimated_duration=4.0, duration=6.91413879395e-05
calculate duration
testing...
no interpolation path defined
executed snippet estimated_duration=36.0, duration=8.89301300049e-05
calculate duration
testing...
no interpolation path defined
executed snippet estimated_duration=70.0, duration=0.000108957290649
executed snippet estimated_duration=250.0, duration=0.0228741168976
script duration name:sniffair_x2 seconds:250.0
Script duration 806.0
Run total estimated duration= 807.000
script duration name:unknown400_120 seconds:556.0
cocktail_x1 in script context. using previous estimated duration
script duration name:cocktail_x1 seconds:108.0
Script duration 664.0
Run total estimated duration= 665.000
script duration name:unknown400_120 seconds:556.0
sniffair_x2 in script context. using previous estimated duration
script duration name:sniffair_x2 seconds:250.0
Script duration 806.0
Run total estimated duration= 807.000
loading script "jan_ic_peak_hop3.py"
loading script "jan_pump_ms.py"
loading script "jan_air_x1.py"
loading script "jan_pump_extraction_line.py"
testing...
no interpolation path defined
executed snippet estimated_duration=133.8, duration=0.00947284698486
script duration name:ic_peak_hop3 seconds:134.0
loading script "jan_ic_peak_hop3.py"
loading script "jan_pump_ms.py"
loading script "jan_air_x1.py"
loading script "jan_pump_extraction_line.py"
testing...
no interpolation path defined
calculate duration
testing...
no interpolation path defined
executed snippet estimated_duration=0, duration=4.38690185547e-05
calculate duration
testing...
no interpolation path defined
executed snippet estimated_duration=0, duration=0.000111103057861
calculate duration
testing...
no interpolation path defined
executed snippet estimated_duration=32.0, duration=0.000124931335449
calculate duration
testing...
no interpolation path defined
executed snippet estimated_duration=34.0, duration=0.000117063522339
calculate duration
testing...
no interpolation path defined
executed snippet estimated_duration=4.0, duration=7.31945037842e-05
calculate duration
testing...
no interpolation path defined
executed snippet estimated_duration=36.0, duration=9.29832458496e-05
executed snippet estimated_duration=106.0, duration=0.0137300491333
script duration name:air_x1 seconds:106.0
Script duration 240.0
Run total estimated duration= 241.000
unknown120_60 in script context. using previous estimated duration
script duration name:unknown120_60 seconds:214.0
co2 in script context. using previous estimated duration
script duration name:co2 seconds:0.0
Script duration 214.0
Run total estimated duration= 215.000
script duration name:unknown120_60 seconds:214.0
script duration name:co2 seconds:0.0
Script duration 214.0
Run total estimated duration= 215.000
script duration name:unknown120_60 seconds:214.0
script duration name:co2 seconds:0.0
Script duration 214.0
Run total estimated duration= 215.000
script duration name:unknown120_60 seconds:214.0
script duration name:co2 seconds:0.0
Script duration 214.0
Run total estimated duration= 215.000
script duration name:unknown120_60 seconds:214.0
script duration name:co2 seconds:0.0
Script duration 214.0
Run total estimated duration= 215.000
script duration name:unknown120_60 seconds:214.0
script duration name:co2 seconds:0.0
Script duration 214.0
Run total estimated duration= 215.000
script duration name:unknown400_120 seconds:556.0
script duration name:co2 seconds:0.0
Script duration 556.0
Run total estimated duration= 557.000
script duration name:unknown120_60 seconds:214.0
script duration name:co2 seconds:0.0
Script duration 214.0
Run total estimated duration= 215.000
script duration name:unknown120_60 seconds:214.0
script duration name:co2 seconds:0.0
Script duration 214.0
Run total estimated duration= 215.000
script duration name:unknown120_60 seconds:214.0
script duration name:co2 seconds:0.0
Script duration 214.0
Run total estimated duration= 215.000
script duration name:unknown120_60 seconds:214.0
script duration name:co2 seconds:0.0
Script duration 214.0
Run total estimated duration= 215.000
script duration name:unknown120_60 seconds:214.0
script duration name:co2 seconds:0.0
Script duration 214.0
Run total estimated duration= 215.000
script duration name:unknown120_60 seconds:214.0
script duration name:co2 seconds:0.0
Script duration 214.0
Run total estimated duration= 215.000
script duration name:unknown400_120 seconds:556.0
script duration name:cocktail_x1 seconds:108.0
Script duration 664.0
Run total estimated duration= 665.000
script duration name:unknown400_120 seconds:556.0
script duration name:cocktail_x1 seconds:108.0
Script duration 664.0
Run total estimated duration= 665.000
script duration name:unknown120_60 seconds:214.0
script duration name:co2 seconds:0.0
Script duration 214.0
Run total estimated duration= 215.000
script duration name:unknown120_60 seconds:214.0
script duration name:co2 seconds:0.0
Script duration 214.0
Run total estimated duration= 215.000
script duration name:unknown120_60 seconds:214.0
script duration name:co2 seconds:0.0
Script duration 214.0
Run total estimated duration= 215.000
script duration name:unknown120_60 seconds:214.0
script duration name:co2 seconds:0.0
Script duration 214.0
Run total estimated duration= 215.000
script duration name:unknown120_60 seconds:214.0
script duration name:co2 seconds:0.0
Script duration 214.0
Run total estimated duration= 215.000
script duration name:unknown120_60 seconds:214.0
script duration name:co2 seconds:0.0
Script duration 214.0
Run total estimated duration= 215.000
script duration name:unknown120_60 seconds:214.0
script duration name:co2 seconds:0.0
Script duration 214.0
Run total estimated duration= 215.000
script duration name:unknown120_60 seconds:214.0
script duration name:co2 seconds:0.0
Script duration 214.0
Run total estimated duration= 215.000
ic_peak_hop3 in script context. using previous estimated duration
script duration name:ic_peak_hop3 seconds:134.0
air_x1 in script context. using previous estimated duration
script duration name:air_x1 seconds:106.0
Script duration 240.0
Run total estimated duration= 241.000
script duration name:unknown120_60 seconds:214.0
script duration name:co2 seconds:0.0
Script duration 214.0
Run total estimated duration= 215.000
script duration name:unknown120_60 seconds:214.0
script duration name:co2 seconds:0.0
Script duration 214.0
Run total estimated duration= 215.000
script duration name:unknown120_60 seconds:214.0
script duration name:co2 seconds:0.0
Script duration 214.0
Run total estimated duration= 215.000
script duration name:unknown400_120 seconds:556.0
script duration name:sniffair_x2 seconds:250.0
Script duration 806.0
Run total estimated duration= 807.000
script duration name:unknown120_60 seconds:214.0
script duration name:co2 seconds:0.0
Script duration 214.0
Run total estimated duration= 215.000
script duration name:unknown400_120 seconds:556.0
script duration name:co2 seconds:0.0
Script duration 556.0
Run total estimated duration= 557.000
script duration name:unknown400_120 seconds:556.0
script duration name:cocktail_x1 seconds:108.0
Script duration 664.0
Run total estimated duration= 665.000
script duration name:unknown400_120 seconds:556.0
script duration name:cocktail_x1 seconds:108.0
Script duration 664.0
Run total estimated duration= 665.000
script duration name:unknown120_60 seconds:214.0
script duration name:co2 seconds:0.0
Script duration 214.0
Run total estimated duration= 215.000
script duration name:unknown400_120 seconds:556.0
script duration name:sniffair_x2 seconds:250.0
Script duration 806.0
Run total estimated duration= 807.000
script duration name:unknown120_60 seconds:214.0
script duration name:co2 seconds:0.0
Script duration 214.0
Run total estimated duration= 215.000
script duration name:unknown120_60 seconds:214.0
script duration name:co2 seconds:0.0
Script duration 214.0
Run total estimated duration= 215.000
script duration name:unknown120_60 seconds:214.0
script duration name:co2 seconds:0.0
Script duration 214.0
Run total estimated duration= 215.000
script duration name:unknown120_60 seconds:214.0
script duration name:co2 seconds:0.0
Script duration 214.0
Run total estimated duration= 215.000
script duration name:unknown120_60 seconds:214.0
script duration name:co2 seconds:0.0
Script duration 214.0
Run total estimated duration= 215.000
script duration name:unknown120_60 seconds:214.0
script duration name:co2 seconds:0.0
Script duration 214.0
Run total estimated duration= 215.000
script duration name:unknown120_60 seconds:214.0
script duration name:co2 seconds:0.0
Script duration 214.0
Run total estimated duration= 215.000
script duration name:unknown120_60 seconds:214.0
script duration name:co2 seconds:0.0
Script duration 214.0
Run total estimated duration= 215.000
script duration name:unknown120_60 seconds:214.0
script duration name:co2 seconds:0.0
Script duration 214.0
Run total estimated duration= 215.000
script duration name:unknown120_60 seconds:214.0
script duration name:co2 seconds:0.0
Script duration 214.0
Run total estimated duration= 215.000
script duration name:unknown120_60 seconds:214.0
script duration name:co2 seconds:0.0
Script duration 214.0
Run total estimated duration= 215.000
script duration name:unknown400_120 seconds:556.0
script duration name:cocktail_x1 seconds:108.0
Script duration 664.0
Run total estimated duration= 665.000
script duration name:unknown400_120 seconds:556.0
script duration name:cocktail_x1 seconds:108.0
Script duration 664.0
Run total estimated duration= 665.000
script duration name:unknown120_60 seconds:214.0
script duration name:co2 seconds:0.0
Script duration 214.0
Run total estimated duration= 215.000
script duration name:unknown120_60 seconds:214.0
script duration name:co2 seconds:0.0
Script duration 214.0
Run total estimated duration= 215.000
script duration name:unknown120_60 seconds:214.0
script duration name:co2 seconds:0.0
Script duration 214.0
Run total estimated duration= 215.000
script duration name:unknown120_60 seconds:214.0
script duration name:co2 seconds:0.0
Script duration 214.0
Run total estimated duration= 215.000
script duration name:ic_peak_hop3 seconds:134.0
script duration name:air_x1 seconds:106.0
Script duration 240.0
Run total estimated duration= 241.000
script duration name:unknown120_60 seconds:214.0
script duration name:co2 seconds:0.0
Script duration 214.0
Run total estimated duration= 215.000
nruns=59 before=5.0, run_dur=19415.0, btw=1740.0
write rem/ex queues
/Users/jan/PychronDev/experiments/rem/Load1786.rem.txt
/Users/jan/PychronDev/experiments/rem/Load1786.ex.txt
doing event level: 3
