do run
loading script "jan_unknown120_60.py"
loading script "jan_pump_ms.py"
loading script "jan_co2.py"
loading script "jan_pump_extraction_line.py"
testing...
no interpolation path defined
executed snippet estimated_duration=213.652928, duration=0.000406980514526
script duration name:unknown120_60 seconds:214.0
loading script "jan_unknown120_60.py"
loading script "jan_pump_ms.py"
loading script "jan_co2.py"
loading script "jan_pump_extraction_line.py"
testing...
no interpolation path defined
executed snippet estimated_duration=0, duration=3.00407409668e-05
loading script "jan_unknown120_60.py"
loading script "jan_pump_ms.py"
loading script "jan_co2.py"
loading script "jan_pump_extraction_line.py"
testing...
no interpolation path defined
calculate duration
testing...
no interpolation path defined
executed snippet estimated_duration=0, duration=9.10758972168e-05
calculate duration
testing...
no interpolation path defined
executed snippet estimated_duration=0, duration=0.000121116638184
executed snippet estimated_duration=0.0, duration=0.00308299064636
script duration name:co2 seconds:0.0
loading script "jan_unknown120_60.py"
loading script "jan_pump_ms.py"
loading script "jan_co2.py"
loading script "jan_pump_extraction_line.py"
testing...
no interpolation path defined
calculate duration
testing...
no interpolation path defined
executed snippet estimated_duration=4.0, duration=0.000404834747314
executed snippet estimated_duration=4.0, duration=0.00231981277466
Script duration 214.0
Run total estimated duration= 215.000
run duration: 0:03:35
doing event level: 2
17:44:08 -- Setting default integration. t=1.048576
setting integration time = 1.048576
SetIntegrationTime 1.048576 ===>> OK
----------------- start -----------------
**************** Experiment Type: Ar/Ar, Ar/Ar
$$$$$ Clearing conditionals
adding conditionals 
Add queue conditionals
add default conditionals
adding default conditionals from /Users/jan/PychronDev/setupfiles/spectrometer/default_conditionals.yaml
Start automated run 65555-06B
loading script "jan_unknown120_60.py"
loading script "jan_pump_ms.py"
loading script "jan_co2.py"
loading script "jan_pump_extraction_line.py"
%%%%%%%%%%%%%%%%%% setting automated run 65555-06B
No value "sensitivity_multiplier" in metadata
$$$$$$$$$$$$$$$ auto_save_detector_ic=False
============================= Pre Extraction Check =============================
loading queue conditionals pre_run_terminations
loading system conditionals pre_run_terminations
loading conditionals from /Users/jan/PychronDev/setupfiles/spectrometer/default_conditionals.yaml
17:44:08 -- ******* Pre Extraction Check *******
Get a measurement from the spectrometer
GetData ===>> H2,-0.26151428071124,H1,-0.0160929511075601,AX,-0.0833850760632368,L1,0.00386646071078894,L2,0.14...
Pre Extraction Termination data. keys=H2,H1,AX,L1,L2,CDD, signals=-0.26151,-0.01609,-0.08339,0.00387,0.14196,0.00387
17:44:08 -- testing system defined conditionals
Checking default pre extraction terminations n=2
testing CDD
evaluate ot="CDD.inactive" t="CDD", ctx="{'CDD': False}"
GetDeflection CDD ===>> 50
testing CDD==2000
evaluate ot="CDD.deflection==2000" t="CDD==2000", ctx="{'CDD': 50.0}"
17:44:08 -- ******* Pre Extraction Check Passed *******
=================================================================================
17:44:08 -- stopping status monitor
stop 4984189200
Alive clients [4991693744]
17:44:08 -- starting status monitor
start 4984189200
Monitor already running
start extraction
do extraction
Analysis started at 17:44:08.943859
Extraction Started jan_co2.py
17:44:08 -- ******* Extraction Started jan_co2.py *******
state changed from not run to extraction
DO EXTRACTION <pychron.extraction_line.pyscript_runner.RemotePyScriptRunner object at 0x12c301530>
testing...
no interpolation path defined
calculate duration
testing...
no interpolation path defined
executed snippet estimated_duration=0, duration=5.22136688232e-05
calculate duration
testing...
no interpolation path defined
executed snippet estimated_duration=0, duration=9.60826873779e-05
executed snippet estimated_duration=100.0, duration=0.00284099578857
Jan CO2 laser analysis
doing GOSUB
testing...
no interpolation path defined
executed snippet estimated_duration=0, duration=6.38961791992e-05
Waiting for CO2 access
wait ('FelixCO2Flag', 0) {}
waiting for FelixCO2Flag = 0
Read FelixCO2Flag ===>> 0
finished waiting
CO2 free
wait ('CO2PumpTimeFlag', 0) {}
waiting for CO2PumpTimeFlag = 0
Read CO2PumpTimeFlag ===>> 0
finished waiting
acquire ('JanCO2Flag',) {'clear': True}
acquire JanCO2Flag
Set JanCO2Flag 1 ===>> OK
JanCO2Flag acquired
set extraction state False (0.75, 'red', 1.5)
CO2 acquired
executed snippet estimated_duration=0, duration=0.0202031135559
WaitForCO2Access.py completed successfully
gosub finished
doing GOSUB
testing...
no interpolation path defined
executed snippet estimated_duration=0, duration=9.79900360107e-05
Prepare for CO2 analysis
close () {'description': 'Jan Inlet'}
closing name=--- desc=Jan Inlet
checking ownership. requestor=129.138.12.150
check software interlocks R
interlocks []
actuate state mode=None-script, software_lock=False
doing actuation None-script close_channel False
Close R ===>> OK
GetIndicatorState R ===>> False
change switch state (True, True)
update switch state R False args=() kw={} ncanvase=2
17:44:09 -- CLOSE  VALVE-R (Jan Inlet)
---------------------------------------- close None (Jan Inlet) result=[(True, True)]
action=close, ok=True, locked=[False]
open () {'description': 'Jan Ion Pump'}
opening name=--- desc=Jan Ion Pump
checking ownership. requestor=129.138.12.150
check software interlocks O
interlocks []
actuate state mode=None-script, software_lock=False
doing actuation None-script open_channel False
Open O ===>> OK
GetIndicatorState O ===>> OK
change switch state (True, True)
update switch state O True args=() kw={} ncanvase=2
17:44:09 -- OPEN   VALVE-O (Jan Ion Pump)
---------------------------------------- open None (Jan Ion Pump) result=[(True, True)], time=0.09 sec
action=open, ok=True, locked=[False]
close () {'description': 'Microbone to Minibone'}
closing name=--- desc=Microbone to Minibone
checking ownership. requestor=129.138.12.150
check software interlocks L
interlocks []
actuate state mode=None-script, software_lock=False
doing actuation None-script close_channel False
Close L ===>> OK
GetIndicatorState L ===>> False
change switch state (True, True)
update switch state L False args=() kw={} ncanvase=2
17:44:10 -- CLOSE  VALVE-L (Microbone to Minibone)
---------------------------------------- close None (Microbone to Minibone) result=[(True, True)]
action=close, ok=True, locked=[False]
open () {'description': 'Microbone to Turbo'}
opening name=--- desc=Microbone to Turbo
checking ownership. requestor=129.138.12.150
check software interlocks U
interlocks []
actuate state mode=None-script, software_lock=False
doing actuation None-script open_channel False
Open U ===>> OK
GetIndicatorState U ===>> OK
change switch state (True, True)
update switch state U True args=() kw={} ncanvase=2
17:44:10 -- OPEN   VALVE-U (Microbone to Turbo)
---------------------------------------- open None (Microbone to Turbo) result=[(True, True)], time=0.12 sec
action=open, ok=True, locked=[False]
open () {'description': 'Microbone to Inlet Pipette'}
opening name=--- desc=Microbone to Inlet Pipette
checking ownership. requestor=129.138.12.150
check software interlocks S
interlocks []
actuate state mode=None-script, software_lock=False
doing actuation None-script open_channel False
Open S ===>> OK
GetIndicatorState S ===>> OK
change switch state (True, True)
update switch state S True args=() kw={} ncanvase=2
17:44:11 -- OPEN   VALVE-S (Microbone to Inlet Pipette)
---------------------------------------- open None (Microbone to Inlet Pipette) result=[(True, True)], time=0.40 sec
action=open, ok=True, locked=[False]
open () {'description': 'Microbone to Getter D-50'}
opening name=--- desc=Microbone to Getter D-50
checking ownership. requestor=129.138.12.150
check software interlocks K
interlocks []
actuate state mode=None-script, software_lock=False
doing actuation None-script open_channel False
Open K ===>> OK
GetIndicatorState K ===>> OK
change switch state (True, True)
update switch state K True args=() kw={} ncanvase=2
17:44:12 -- OPEN   VALVE-K (Microbone to Getter D-50)
---------------------------------------- open None (Microbone to Getter D-50) result=[(True, True)], time=0.41 sec
action=open, ok=True, locked=[False]
open () {'description': 'Microbone to Getter NP-10'}
opening name=--- desc=Microbone to Getter NP-10
checking ownership. requestor=129.138.12.150
check software interlocks M
interlocks []
actuate state mode=None-script, software_lock=False
doing actuation None-script open_channel False
Open M ===>> OK
GetIndicatorState M ===>> OK
change switch state (True, True)
update switch state M True args=() kw={} ncanvase=2
17:44:12 -- OPEN   VALVE-M (Microbone to Getter NP-10)
---------------------------------------- open None (Microbone to Getter NP-10) result=[(True, True)], time=0.22 sec
action=open, ok=True, locked=[False]
close () {'description': 'CO2 Laser to Felix'}
closing name=--- desc=CO2 Laser to Felix
checking ownership. requestor=129.138.12.150
check software interlocks F
interlocks []
actuate state mode=None-script, software_lock=True
VALVE-F(CO2 Laser to Felix) software locked
change switch state (True, False)
---------------------------------------- close None (CO2 Laser to Felix) result=[(True, False)]
action=close, ok=True, locked=[True]
open () {'description': 'CO2 Laser to Jan'}
opening name=--- desc=CO2 Laser to Jan
checking ownership. requestor=129.138.12.150
check software interlocks A
interlocks []
actuate state mode=None-script, software_lock=False
doing actuation None-script open_channel False
Open A ===>> OK
GetIndicatorState A ===>> OK
change switch state (True, True)
update switch state A True args=() kw={} ncanvase=2
17:44:12 -- OPEN   VALVE-A (CO2 Laser to Jan)
---------------------------------------- open None (CO2 Laser to Jan) result=[(True, True)], time=0.13 sec
action=open, ok=True, locked=[False]
open () {'description': 'Microbone to CO2 Laser'}
opening name=--- desc=Microbone to CO2 Laser
checking ownership. requestor=129.138.12.150
check software interlocks T
interlocks []
actuate state mode=None-script, software_lock=False
doing actuation None-script open_channel False
Open T ===>> OK
GetIndicatorState T ===>> OK
change switch state (True, True)
update switch state T True args=() kw={} ncanvase=2
17:44:13 -- OPEN   VALVE-T (Microbone to CO2 Laser)
---------------------------------------- open None (Microbone to CO2 Laser) result=[(True, True)], time=0.41 sec
action=open, ok=True, locked=[False]
executed snippet estimated_duration=0, duration=4.90107512474
PrepareForCO2Analysis.py completed successfully
gosub finished
set_motor ('beam', '1.25') {}
setting motor "beam" to 1.25
set motor beam to 1.25
SetMotor beam,1.25 ===>> OK
GetMotorMoving beam ===>> False
GetMotorMoving beam ===>> False
Block completed
move_to_position ('192',) {'autocenter': True}
FusionsCO2 move to position 192
sending GoToHole 192,True
GoToHole 192,True ===>> OK
GetDriveMoving ===>> False
GetDriveMoving ===>> False
Block completed
GetAutoCorrecting ===>> False
GetAutoCorrecting ===>> False
Block completed
update position
GetPosition ===>> 3.98780,-9.96950,1.00000
got position (3.9878, -9.9695, 1.0)
move to position succeeded
sleep (5,) {}
SLEEP 5.0
block started
WaitControl setup for 5.0  
Join finished
block finished. duration 5.04126095772
close () {'description': 'Microbone to Turbo'}
closing name=--- desc=Microbone to Turbo
checking ownership. requestor=129.138.12.150
check software interlocks U
interlocks []
actuate state mode=None-script, software_lock=False
doing actuation None-script close_channel True
Close U ===>> OK
GetIndicatorState U ===>> False
change switch state (True, True)
update switch state U False args=() kw={} ncanvase=2
17:44:22 -- CLOSE  VALVE-U (Microbone to Turbo)
---------------------------------------- close None (Microbone to Turbo) result=[(True, True)]
action=close, ok=True, locked=[False]
enable laser
enable () {}
set extraction state FusionsCO2 Enabled (False, 'red', 1.5)
enabling laser
Enable ===>> OK
begin interval
BEGIN INTERVAL Interval 1 waiting for 30.0
block started
set extract to 0.4
WaitControl setup for 30.0  
extract (0.4,) {}
GetPosition ===>> 3.98780,-9.96950,1.00000
set extraction state FusionsCO2 ON! 0.4(watts) (0.75, 'red', 1.5)
extract sample to 0.4 (watts)
set laser output
SetLaserOutput 0.4,watts ===>> OK
executing pattern triangle.lp
execute_pattern ('triangle.lp',) {}
executing pattern triangle.lp
IsPatterning ===>> OK
IsPatterning ===>> OK
IsPatterning ===>> OK
IsPatterning ===>> OK
IsPatterning ===>> OK
IsPatterning ===>> OK
IsPatterning ===>> OK
IsPatterning ===>> OK
IsPatterning ===>> OK
IsPatterning ===>> OK
IsPatterning ===>> OK
IsPatterning ===>> OK
IsPatterning ===>> OK
IsPatterning ===>> OK
IsPatterning ===>> OK
IsPatterning ===>> OK
IsPatterning ===>> OK
IsPatterning ===>> OK
IsPatterning ===>> OK
IsPatterning ===>> OK
IsPatterning ===>> OK
IsPatterning ===>> OK
IsPatterning ===>> OK
IsPatterning ===>> OK
IsPatterning ===>> OK
IsPatterning ===>> OK
IsPatterning ===>> OK
IsPatterning ===>> False
IsPatterning ===>> False
Block completed
COMPLETE INTERVAL waiting for Interval 1 to complete
Join finished
block finished. duration 30.0584518909
Interval 1 finished
end_extract () {}
ending extraction. set laser power to 0
set laser power 0
SetLaserPower 0 ===>> OK
disable () {}
%%%%%%%%%%%%%%%%%%%%%%%%%%%%%%%%%%% disable
set extraction state False (0.75, 'red', 1.5)
disabling laser
Disable ===>> OK
sleep (30.0,) {}
SLEEP 30.0
block started
WaitControl setup for 30.0  
Join finished
block finished. duration 30.0419239998
executed snippet estimated_duration=165.5, duration=74.4430150986
jan_co2.py completed successfully
GetAchievedOutput ===>> No Response
Requested Output= 0.000
Achieved Output=  0.000
GetResponseBlob ===>> No Response
GetOutputBlob ===>> No Response
persistence save...
persistence save - db
AutomatedRunPersister post_extraction_save deprecated
persistence save - dvc
no extraction position for 192
create new session 4991427888
close session 4991427888
Extraction Finished
17:45:23 -- ******* Extraction Finished *******
no overlap. not waiting for min ms pumptime
17:45:23 -- Sending spectrometer configuration
======== Sending configuration ========
SetDeflection CDD,50.0 ===>> OK
SetDeflection H2,0.0 ===>> OK
SetDeflection H1,0.0 ===>> OK
SetDeflection L2,825.0 ===>> OK
SetDeflection L1,400.0 ===>> OK
SetDeflection AX,190.0 ===>> OK
SetZFocus 74.64 ===>> OK
SetZSymmetry -50.72 ===>> OK
SetExtractionLens 26.13 ===>> OK
SetIonRepeller -3.81 ===>> OK
SetElectronEnergy 75.08 ===>> OK
SetYSymmetry -2.81 ===>> OK
SetIonCounterVoltage 1590.0 ===>> OK
send trap current 200.0
GetParameter Trap Current Readback ===>> 198.258926936459
SetParameter Trap Current Set,200.0 ===>> OK
updating mftable name mftable
Using mftable located at /Users/jan/PychronDev/setupfiles/spectrometer/mftables/mftable.csv
============ MFtable ===========
Isotope  H2     H1     AX     L1     L2     CDD    
Ar40     5.7972 5.8794 5.9927 6.1371 6.2311 6.3653
Ar39     5.6964 5.7716 5.8851 6.0232 6.1162 6.2518
Ar36     5.3739 5.4406 5.5485 5.6820 5.7712 5.9029
================================
get initial guess parabolic
get initial guess parabolic
get initial guess parabolic
get initial guess parabolic
get initial guess parabolic
get initial guess parabolic
======== Configuration Finished ========
GetYSymmetry ===>> -2.81
GetZSymmetry ===>> -50.72
GetParameter Trap Current Readback ===>> 198.147042666178
GetHighVoltage ===>> 4500
start measurement
do measurement
L#=65555 analysis type=unknown
Measurement Started jan_unknown120_60.py
17:45:23 -- ******* Measurement Started jan_unknown120_60.py *******
state changed from extraction to measurement
setting spec, defl, and gains
GetExtractionLens ===>> 26.13
GetYSymmetry ===>> -2.81
GetZSymmetry ===>> -50.72
GetZFocus ===>> 74.64
GetDeflection H2 ===>> 0
GetDeflection H1 ===>> 0
GetDeflection AX ===>> 190
GetDeflection L1 ===>> 400
GetDeflection L2 ===>> 825
GetDeflection CDD ===>> 50
GetGain H2 ===>> 0.0113
GetGain H1 ===>> 0.1
GetGain AX ===>> 0.097049
GetGain L1 ===>> 0.010355
GetGain L2 ===>> 0.095649
GetGain CDD ===>> 0
pre measurement save
New frame /Users/jan/PychronDev/data/isotopes/3f/3907ef-7fb9-4e4c-b9e7-03258224f780.h5
flush and close file /Users/jan/PychronDev/data/isotopes/3f/3907ef-7fb9-4e4c-b9e7-03258224f780.h5
testing...
no interpolation path defined
executed snippet estimated_duration=226.132928, duration=0.000211954116821
unknown measurement script
activate_detectors ('H2', 'H1', 'AX', 'L1', 'L2', 'CDD') {}
activate detectors
*************** Set Analysis View Ar/Ar
create graphs
clearing graphs
clear isotope group
setting isotope det=H2, iso=PM41
setting isotope det=H1, iso=Ar40
setting isotope det=AX, iso=Ar39
setting isotope det=L1, iso=Ar38
setting isotope det=L2, iso=Ar37
setting isotope det=CDD, iso=Ar36
setting previous blanks
 - setting Ar40 blank 0.083+/-0.007
 - setting Ar36 blank 0.00456+/-0.00016
 - setting Ar37 blank 0.059+/-0.005
 - setting Ar38 blank 0.0111+/-0.0023
 - setting PM41 blank 0.02+/-0.06
 - setting Ar39 blank 0.034+/-0.009
load analysis view
position_magnet ('Ar40',) {'detector': 'H1'}
detector Detector(H1)
POSITION Ar40 H1
setting detector H2 to PM41 (40.9624)
setting detector H1 to Ar40 (39.9624)
setting detector AX to Ar39 (38.9624)
setting detector L1 to Ar38 (37.9624)
setting detector L2 to Ar37 (36.9624)
setting detector CDD to Ar36 (35.9624)
Mapping mass to dac mass func: "parabolic"
H1 map mass coeffs = [-0.00063987  0.15840543  0.57097999]
H1 map mass to dac 39.9624 >> 5.87937
GetDeflection H1 ===>> 0
GetHighVoltage ===>> 4500
positioning Ar40 (5.87937) on H1
setting magnet DAC
current  : 5.879371
requested: 5.879370
Delta Dac: 0.000001
Checking detector protection. dv=0.00000
Checking detector "CDD". Protection Threshold: 0.1 (V)
SetMagnetDAC 5.87937 ===>> OK
Magnet settling time: 0.500
update labels <pychron.experiment.plot_panel.PlotPanel object at 0x1cf4c0050>
update labels "<pychron.graph.stacked_regression_graph.StackedRegressionGraph object at 0x1c1cfc1d0>"
setting label 0 H2 PM41
setting label 1 H1 Ar40
setting label 2 AX Ar39
setting label 3 L1 Ar38
setting label 4 L2 Ar37
setting label 5 CDD Ar36
update labels "<pychron.graph.stacked_graph.StackedGraph object at 0x1d2507470>"
setting label 0 H2 PM41
setting label 1 H1 Ar40
setting label 2 AX Ar39
setting label 3 L1 Ar38
setting label 4 L2 Ar37
setting label 5 CDD Ar36
equilibrate () {'delay': 3, 'inlet': 'R', 'outlet': 'O', 'eqtime': 12.0}
Equilibration Started
17:45:24 -- ******* Equilibration Started *******
checking ownership. requestor=129.138.12.150
check software interlocks O
interlocks []
actuate state mode=None-script, software_lock=False
doing actuation None-script close_channel True
Close O ===>> OK
GetIndicatorState O ===>> False
change switch state (True, True)
update switch state O False args=() kw={} ncanvase=2
17:45:24 -- CLOSE  VALVE-O (Jan Ion Pump)
waiting 3s before opening inlet value ('R',)
checking ownership. requestor=129.138.12.150
check software interlocks R
interlocks []
actuate state mode=None-script, software_lock=False
doing actuation None-script open_channel True
Open R ===>> OK
set states for children of R. state=True
handle state [('R', True)]
update switch state R True args=() kw={'refresh': False} ncanvase=2
refresh_canvas_needed fired
GetIndicatorState R ===>> OK
change switch state (True, True)
update switch state R True args=() kw={} ncanvase=2
17:45:28 -- OPEN   VALVE-R (Jan Inlet)
set_time_zero () {}
equilibrating for 12.0sec
sniff (12.0,) {}
py_sniff
build tables- sniff [Detector(H2), Detector(H1), Detector(AX), Detector(L1), Detector(L2), Detector(CDD)]
add group /sniff/PM41 (Group) '' table H2
add group /sniff/Ar40 (Group) '' table H1
add group /sniff/Ar39 (Group) '' table AX
add group /sniff/Ar38 (Group) '' table L1
add group /sniff/Ar37 (Group) '' table L2
add group /sniff/Ar36 (Group) '' table CDD
flush and close file /Users/jan/PychronDev/data/isotopes/3f/3907ef-7fb9-4e4c-b9e7-03258224f780.h5
measuring sniff. ncounts=12.0
"sniff" increment series count="1" fit count="0" regressing="False"
starting measurement
GetData ===>> H2,0.123884730320802,H1,34.4716524066742,AX,9.35991431219981,L1,0.0159260399727234,L2,0.267400966...
GetData ===>> H2,1.03973332932249,H1,226.589300255891,AX,57.5390881458443,L1,0.43011949263732,L2,0.633014642130...
GetData ===>> H2,0.472391372845217,H1,319.178747513574,AX,78.0530859486469,L1,0.727575309129361,L2,0.5675719199...
GetData ===>> H2,0.143729689788611,H1,349.009426855626,AX,84.1460994316451,L1,0.931897726394977,L2,0.6552020860...
GetData ===>> H2,0.00497516025927565,H1,360.501009762443,AX,85.9809244380638,L1,1.00275894465351,L2,0.553167827...
GetData ===>> H2,-0.0086045174027068,H1,365.285018729605,AX,86.7857420632369,L1,1.03884910090445,L2,0.502701982...
GetData ===>> H2,-0.0724634555534489,H1,366.779960998673,AX,86.8074800979606,L1,1.0936221338527,L2,0.5301143499...
GetData ===>> H2,-0.1345608269029,H1,367.777954139785,AX,87.1512975370797,L1,1.12868976170293,L2,0.468981465366...
GetData ===>> H2,0.037910076083199,H1,367.992248867824,AX,87.1549249562245,L1,1.14061529772763,L2,0.48871886558...
GetData ===>> H2,-0.0868058776456783,H1,368.137114499546,AX,86.9913223319527,L1,1.10907041038819,L2,0.539885970...
GetData ===>> H2,-0.189069603443198,H1,368.238663601846,AX,87.1499204857456,L1,1.08379650231677,L2,0.5536936534...
Equilibration Finished
17:45:40 -- ******* Equilibration Finished *******
GetData ===>> H2,-0.208999554665255,H1,368.176205921937,AX,87.0417209774142,L1,1.1161225169773,L2,0.55188756868...
checking ownership. requestor=129.138.12.150
check software interlocks R
interlocks []
actuate state mode=None-script, software_lock=False
doing actuation None-script close_channel True
Close R ===>> OK
GetIndicatorState R ===>> False
change switch state (True, True)
update switch state R False args=() kw={} ncanvase=2
17:45:41 -- CLOSE  VALVE-R (Jan Inlet)
Post Equilibration Started jan_pump_extraction_line.py
17:45:41 -- ******* Post Equilibration Started jan_pump_extraction_line.py *******
testing...
no interpolation path defined
calculate duration
testing...
no interpolation path defined
executed snippet estimated_duration=4.0, duration=0.000247955322266
executed snippet estimated_duration=4.0, duration=0.0140409469604
Pump after analysis
doing GOSUB
testing...
no interpolation path defined
executed snippet estimated_duration=4.0, duration=0.000138998031616
Pump Microbone
close () {'description': 'Jan Inlet'}
closing name=--- desc=Jan Inlet
checking ownership. requestor=129.138.12.150
check software interlocks R
interlocks []
actuate state mode=None-script, software_lock=False
doing actuation None-script close_channel False
measurement finished
estimated time: 12.583 actual time: :12.655
flush and close file /Users/jan/PychronDev/data/isotopes/3f/3907ef-7fb9-4e4c-b9e7-03258224f780.h5
set_fits () {}
using default fits file=/Users/jan/PychronDev/scripts/measurement/fits/nominal_linear.yaml
set "Ar40" to "('Linear', 'SEM')"
No fit for "PM41". defaulting to linear. check the measurement script "jan_unknown120_60.py"
set "PM41" to "linear"
set "Ar36" to "('Linear', 'SEM')"
Close R ===>> OK
set "Ar37" to "('linear', 'SEM')"
set "Ar38" to "('linear', 'SEM')"
set "Ar39" to "('Linear', 'SEM')"
set_baseline_fits () {}
using default fits file=/Users/jan/PychronDev/scripts/measurement/fits/nominal_linear.yaml
set "H1" to "('average', 'SEM')"
set "H2" to "('average', 'SEM')"
set "CDD" to "('average', 'SEM')"
set "L2" to "('average', 'SEM')"
set "L1" to "('average', 'SEM')"
set "AX" to "('average', 'SEM')"
multicollect () {'integration_time': 1, 'ncounts': 120}
build tables- signal [Detector(H2), Detector(H1), Detector(AX), Detector(L1), Detector(L2), Detector(CDD)]
add group /signal/PM41 (Group) '' table H2
add group /signal/Ar40 (Group) '' table H1
add group /signal/Ar39 (Group) '' table AX
add group /signal/Ar38 (Group) '' table L1
add group /signal/Ar37 (Group) '' table L2
add group /signal/Ar36 (Group) '' table CDD
flush and close file /Users/jan/PychronDev/data/isotopes/3f/3907ef-7fb9-4e4c-b9e7-03258224f780.h5
measuring signal. ncounts=120
GetIndicatorState R ===>> False
change switch state (True, True)
update switch state R False args=() kw={} ncanvase=2
17:45:41 -- CLOSE  VALVE-R (Jan Inlet)
---------------------------------------- close None (Jan Inlet) result=[(True, True)]
"signal" increment series count="2" fit count="1" regressing="True"
action=close, ok=True, locked=[False]
is_closed ('F',) {}
is F () closed?
is closed True
open () {'description': 'CO2 Laser to Jan'}
opening name=--- desc=CO2 Laser to Jan
checking ownership. requestor=129.138.12.150
check software interlocks A
interlocks []
actuate state mode=None-script, software_lock=False
doing actuation None-script open_channel False
Open A ===>> OK
GetIndicatorState A ===>> OK
change switch state (True, True)
update switch state A True args=() kw={} ncanvase=2
17:45:41 -- OPEN   VALVE-A (CO2 Laser to Jan)
---------------------------------------- open None (CO2 Laser to Jan) result=[(True, True)], time=0.12 sec
starting measurement
GetData ===>> H2,-0.0810019838233639,H1,368.026474956175,AX,87.1970333616265,L1,1.13659189307813,L2,0.599028372...
action=open, ok=True, locked=[False]
sleep (1,) {}
SLEEP 1.0
GetData ===>> H2,0.100947373527009,H1,367.878920349708,AX,87.3330710036494,L1,1.09005944013683,L2,0.49380236091...
close () {'description': 'CO2 Laser to Roughing'}
closing name=--- desc=CO2 Laser to Roughing
checking ownership. requestor=129.138.12.150
check software interlocks G
interlocks []
actuate state mode=None-script, software_lock=True
VALVE-G(CO2 Laser to Roughing) software locked
change switch state (True, False)
---------------------------------------- close None (CO2 Laser to Roughing) result=[(True, False)]
action=close, ok=True, locked=[True]
open () {'description': 'Microbone to Turbo'}
opening name=--- desc=Microbone to Turbo
checking ownership. requestor=129.138.12.150
check software interlocks U
interlocks []
actuate state mode=None-script, software_lock=False
doing actuation None-script open_channel True
Open U ===>> OK
GetIndicatorState U ===>> OK
change switch state (True, True)
update switch state U True args=() kw={} ncanvase=2
17:45:43 -- OPEN   VALVE-U (Microbone to Turbo)
---------------------------------------- open None (Microbone to Turbo) result=[(True, True)], time=0.18 sec
action=open, ok=True, locked=[False]
open () {'description': 'Microbone to Getter NP-10'}
opening name=--- desc=Microbone to Getter NP-10
checking ownership. requestor=129.138.12.150
check software interlocks M
interlocks []
actuate state mode=None-script, software_lock=False
doing actuation None-script open_channel False
Open M ===>> OK
GetIndicatorState M ===>> OK
change switch state (True, True)
update switch state M True args=() kw={} ncanvase=2
17:45:43 -- OPEN   VALVE-M (Microbone to Getter NP-10)
---------------------------------------- open None (Microbone to Getter NP-10) result=[(True, True)], time=0.13 sec
action=open, ok=True, locked=[False]
open () {'description': 'Microbone to Getter D-50'}
opening name=--- desc=Microbone to Getter D-50
checking ownership. requestor=129.138.12.150
check software interlocks K
interlocks []
actuate state mode=None-script, software_lock=False
doing actuation None-script open_channel False
GetData ===>> H2,-0.12249468696739,H1,367.795524031242,AX,87.150474663323,L1,1.1453923721155,L2,0.5460237431954...
Open K ===>> OK
GetIndicatorState K ===>> OK
change switch state (True, True)
update switch state K True args=() kw={} ncanvase=2
17:45:44 -- OPEN   VALVE-K (Microbone to Getter D-50)
---------------------------------------- open None (Microbone to Getter D-50) result=[(True, True)], time=0.40 sec
action=open, ok=True, locked=[False]
open () {'description': 'Microbone to CO2 Laser'}
opening name=--- desc=Microbone to CO2 Laser
checking ownership. requestor=129.138.12.150
check software interlocks T
interlocks []
actuate state mode=None-script, software_lock=False
doing actuation None-script open_channel False
Open T ===>> OK
GetIndicatorState T ===>> OK
change switch state (True, True)
update switch state T True args=() kw={} ncanvase=2
17:45:45 -- OPEN   VALVE-T (Microbone to CO2 Laser)
---------------------------------------- open None (Microbone to CO2 Laser) result=[(True, True)], time=0.39 sec
GetData ===>> H2,-0.203775010508832,H1,367.970202641293,AX,87.1329771384826,L1,1.1569320099195,L2,0.57361999702...
action=open, ok=True, locked=[False]
open () {'description': 'Microbone to Inlet Pipette'}
opening name=--- desc=Microbone to Inlet Pipette
checking ownership. requestor=129.138.12.150
check software interlocks S
interlocks []
actuate state mode=None-script, software_lock=False
doing actuation None-script open_channel False
Open S ===>> OK
GetIndicatorState S ===>> OK
change switch state (True, True)
update switch state S True args=() kw={} ncanvase=2
17:45:45 -- OPEN   VALVE-S (Microbone to Inlet Pipette)
---------------------------------------- open None (Microbone to Inlet Pipette) result=[(True, True)], time=0.41 sec
action=open, ok=True, locked=[False]
sleep (1,) {}
SLEEP 1.0
GetData ===>> H2,-0.160292069619121,H1,367.748165670938,AX,86.8929609536359,L1,1.10291473000761,L2,0.4658864429...
set_resource () {'name': 'CO2PumpTimeFlag', 'value': 30}
Set CO2PumpTimeFlag 30 ===>> OK
release ('JanCO2Flag',) {}
release JanCO2Flag
Set JanCO2Flag 0 ===>> OK
executed snippet estimated_duration=6.0, duration=5.85569691658
PumpMicrobone.py completed successfully
gosub finished
get_resource_value () {'name': 'JanMiniboneFlag'}
Read JanMiniboneFlag ===>> 0
Get Resource Value JanMiniboneFlag=0.0
get resource value 0.0
get_resource_value () {'name': 'JanMiniboneFlag'}
Read JanMiniboneFlag ===>> 0
Get Resource Value JanMiniboneFlag=0.0
executed snippet estimated_duration=4.0, duration=5.89009594917
jan_pump_extraction_line.py completed successfully
Post Equilibration Finished
17:45:47 -- ******* Post Equilibration Finished *******
GetData ===>> H2,-0.1552117026769,H1,367.764718195725,AX,86.821873329455,L1,1.09655895516821,L2,0.4572072083467...
GetData ===>> H2,-0.176648496167226,H1,367.284111463862,AX,86.8118750778139,L1,1.09946875226931,L2,0.4677594335...
GetData ===>> H2,-0.0336532204700268,H1,367.166722904708,AX,87.0251488798561,L1,1.074835458218,L2,0.51180809833...
GetData ===>> H2,-0.0019283404027522,H1,367.049346546032,AX,86.9002912215832,L1,1.08386605616318,L2,0.516195795...
GetData ===>> H2,-0.0633422904327529,H1,366.897634967843,AX,86.8308153205487,L1,1.07478618013151,L2,0.521417873...
GetData ===>> H2,-0.135400562991037,H1,366.833895259298,AX,86.773197256419,L1,1.10118717210422,L2,0.54323483697...
GetData ===>> H2,-0.17624893821544,H1,366.763674598751,AX,86.9547853586953,L1,1.10208951711305,L2,0.55541975351...
GetData ===>> H2,-0.135702095566448,H1,366.784184802898,AX,86.9546343297893,L1,1.11056745590931,L2,0.5823898143...
GetData ===>> H2,-0.1008325239484,H1,366.752727420087,AX,86.7927528835427,L1,1.1588249608551,L2,0.5111225388090...
GetData ===>> H2,-0.0254744421072835,H1,366.200101837594,AX,86.7214030714277,L1,1.09530545790567,L2,0.600023346...
GetData ===>> H2,-0.0713665356071473,H1,366.206245344014,AX,86.6766191786801,L1,1.0856202284249,L2,0.4821392807...
GetData ===>> H2,-0.135936014420964,H1,366.191359385151,AX,86.6965439399692,L1,1.07589941529624,L2,0.5245375436...
GetData ===>> H2,-0.139498286438797,H1,366.272819794887,AX,86.5696678681554,L1,1.07047065792673,L2,0.4827332525...
GetData ===>> H2,-0.0838467360106991,H1,366.131688385284,AX,86.6048455379976,L1,1.04907684617958,L2,0.623505446...
GetData ===>> H2,-0.0510943265809082,H1,365.790691093132,AX,86.5049331205599,L1,1.11251218227243,L2,0.531268606...
GetData ===>> H2,-0.158326922539475,H1,366.117649977199,AX,86.5665008013297,L1,1.12601164255023,L2,0.5183211582...
GetData ===>> H2,-0.304652304702382,H1,365.619955022367,AX,86.4273776253549,L1,1.15453585425565,L2,0.5005541162...
GetData ===>> H2,-0.193336339535215,H1,365.673237814808,AX,86.4627103999089,L1,1.10050508559223,L2,0.5152359694...
GetData ===>> H2,-0.183797660089208,H1,365.51525470806,AX,86.4305771457971,L1,1.1020173773154,L2,0.623185145802...
17:46:07 -- collecting point 25
GetData ===>> H2,-0.157122004078808,H1,365.07206310536,AX,86.3923886713214,L1,1.09843378524463,L2,0.62999727167...
GetData ===>> H2,-0.141001270191394,H1,364.995027084645,AX,86.392405418378,L1,1.05317030043612,L2,0.46710845095...
GetData ===>> H2,-0.111693051858337,H1,365.093995432018,AX,86.3264040196398,L1,1.06442571377827,L2,0.5018565400...
GetData ===>> H2,-0.109107592373122,H1,364.816798070495,AX,86.3991378967651,L1,1.09092118369868,L2,0.5565285891...
GetData ===>> H2,-0.197049760267699,H1,364.769226588137,AX,86.3753412027984,L1,1.04783808565573,L2,0.5178869404...
GetData ===>> H2,-0.195544525725123,H1,364.613687578967,AX,86.2122042299178,L1,1.0858896403322,L2,0.50595814791...
GetData ===>> H2,-0.0898389502059425,H1,364.420881319136,AX,86.1683109648565,L1,1.09862988983279,L2,0.469244147...
GetData ===>> H2,-0.155721057794425,H1,364.083962221198,AX,86.1435841644608,L1,1.08739113617462,L2,0.5445721302...
GetData ===>> H2,-0.193235250650677,H1,363.729580318724,AX,86.0276815525324,L1,1.07088532355074,L2,0.5072263685...
GetData ===>> H2,-0.147845977036958,H1,364.071923669779,AX,86.1509783263512,L1,1.10066959224524,L2,0.5416689702...
GetData ===>> H2,-0.119881479411753,H1,363.741914888659,AX,86.1218952709962,L1,1.07204339433196,L2,0.5738715321...
GetData ===>> H2,-0.184410081410844,H1,363.638751317401,AX,85.964021461555,L1,1.04557055685329,L2,0.54910992245...
GetData ===>> H2,-0.204973217009335,H1,363.236140567307,AX,85.8070758378383,L1,1.04533701380683,L2,0.4693926197...
GetData ===>> H2,-0.131455562382032,H1,363.163493654652,AX,85.7649051751123,L1,1.08111712937801,L2,0.5104712618...
GetData ===>> H2,-0.106572259343365,H1,363.050704003794,AX,85.9777142206228,L1,1.08111839367005,L2,0.5250060743...
GetData ===>> H2,-0.0562514708606097,H1,363.035989120323,AX,85.8872918949155,L1,1.11525526646235,L2,0.530251488...
GetData ===>> H2,-0.236332511755675,H1,362.772104620175,AX,85.7057632621133,L1,1.12678218226008,L2,0.5598323095...
GetData ===>> H2,-0.155921010576419,H1,362.528441574972,AX,85.936406958666,L1,1.09790874885214,L2,0.52944008773...
GetData ===>> H2,-0.111464270293191,H1,362.707157085861,AX,86.1220961136317,L1,1.10244769213585,L2,0.5262745469...
GetData ===>> H2,-0.159974697802271,H1,362.631710088266,AX,85.8844829729125,L1,1.11534641939265,L2,0.5291543848...
GetData ===>> H2,-0.219754458974396,H1,362.575291737951,AX,85.7436317277071,L1,1.10289574432784,L2,0.5301372064...
GetData ===>> H2,-0.16908311111397,H1,362.002568732238,AX,85.730495258421,L1,1.08522434446261,L2,0.532685732601...
GetData ===>> H2,-0.173414024214716,H1,361.976268624145,AX,85.8144620211415,L1,1.06079888519854,L2,0.4684104205...
GetData ===>> H2,-0.111349200900178,H1,362.018014910792,AX,85.8082789904968,L1,1.08283291229743,L2,0.5395888073...
GetData ===>> H2,-0.125523739950255,H1,361.771940852549,AX,85.6573813795381,L1,1.08002483733683,L2,0.4521599095...
17:46:33 -- collecting point 50
GetData ===>> H2,-0.246967206561699,H1,361.592295724719,AX,85.5636111749546,L1,1.09179367100316,L2,0.5039130345...
GetData ===>> H2,-0.155810226362679,H1,361.603980040798,AX,85.5854909580811,L1,1.0688045735362,L2,0.56796063179...
GetData ===>> H2,-0.195319262829175,H1,361.365557058255,AX,85.4708209964798,L1,1.05969503949797,L2,0.4915975759...
GetData ===>> H2,-0.207340952634679,H1,361.331928697124,AX,85.5915179835862,L1,1.03734537109716,L2,0.4397905756...
GetData ===>> H2,-0.238642077415518,H1,361.524342144895,AX,85.7832655650136,L1,1.03008212648025,L2,0.5536707913...
GetData ===>> H2,-0.164688442947469,H1,361.441193759299,AX,85.6175824270366,L1,1.04758429021556,L2,0.5228119992...
GetData ===>> H2,-0.156072323850658,H1,361.174605045125,AX,85.4629424232268,L1,1.07668418361123,L2,0.4746007281...
GetData ===>> H2,-0.0235650799211818,H1,361.000607943489,AX,85.463259560624,L1,1.07602072834366,L2,0.4565448779...
GetData ===>> H2,-0.115726431366154,H1,360.665317352677,AX,85.376389602974,L1,1.05330913656329,L2,0.57303689548...
GetData ===>> H2,-0.0977807979887418,H1,360.66762369115,AX,85.4377573301829,L1,1.08745059320429,L2,0.5346857445...
GetData ===>> H2,-0.121557409964146,H1,360.493658154231,AX,85.3008613704716,L1,1.06624401636468,L2,0.4762454527...
GetData ===>> H2,-0.251565869759854,H1,360.439429291944,AX,85.2990095548732,L1,1.06088856192276,L2,0.5896280900...
GetData ===>> H2,-0.289036436506373,H1,360.271046451195,AX,85.175126293704,L1,1.06461271036052,L2,0.61666496283...
GetData ===>> H2,-0.209752649447986,H1,359.977775859869,AX,85.2252904945967,L1,1.06027725957566,L2,0.4605874484...
GetData ===>> H2,-0.214369815689129,H1,359.862809222945,AX,85.1822651634625,L1,1.0938927629911,L2,0.39278600221...
GetData ===>> H2,-0.118398771241023,H1,359.777498860549,AX,85.3318120046544,L1,1.07205350002522,L2,0.5260459920...
GetData ===>> H2,-0.123728041808835,H1,359.495099658444,AX,85.1234637429731,L1,1.08327170162688,L2,0.4843210027...
GetData ===>> H2,-0.145032121733242,H1,359.3910398441,AX,85.2955395519625,L1,1.10948454654704,L2,0.582950103698...
GetData ===>> H2,-0.0700918604263106,H1,359.116805868154,AX,85.1646354847956,L1,1.08327675982291,L2,0.592178197...
GetData ===>> H2,-0.209600417874434,H1,359.108739783063,AX,84.966186647803,L1,1.02162554231104,L2,0.46123838672...
GetData ===>> H2,-0.301817238985361,H1,359.151539355032,AX,85.0205123971385,L1,1.02715907964946,L2,0.5256231670...
GetData ===>> H2,-0.266838653712243,H1,358.876865322564,AX,85.0085229253068,L1,1.05194104899234,L2,0.5321143082...
GetData ===>> H2,-0.131091693104287,H1,358.781513178786,AX,84.8922622463541,L1,1.08574671203674,L2,0.5193952842...
GetData ===>> H2,-0.0930729801158951,H1,358.839052685342,AX,84.9435403353979,L1,1.07118748340868,L2,0.500542691...
GetData ===>> H2,-0.170574157511416,H1,358.667302205027,AX,84.9329433210428,L1,1.04898718586656,L2,0.4462222510...
17:46:59 -- collecting point 75
GetData ===>> H2,-0.211214237689689,H1,358.42059429488,AX,84.8027317876815,L1,1.05726041785696,L2,0.51700708420...
GetData ===>> H2,-0.216796169940842,H1,358.287949648851,AX,84.9615371056307,L1,1.00394183140255,L2,0.4973438315...
GetData ===>> H2,-0.195818342248597,H1,358.159789513806,AX,84.8072292096325,L1,1.02703294128839,L2,0.4542952727...
GetData ===>> H2,-0.271367770272973,H1,358.167575777946,AX,84.8508103821299,L1,1.07344944142915,L2,0.5244118407...
GetData ===>> H2,-0.20700677753635,H1,357.867158428384,AX,84.6967511389136,L1,1.09149654392388,L2,0.51969238509...
GetData ===>> H2,-0.1035856851077,H1,357.991612691875,AX,84.7882577344049,L1,1.07454484716767,L2,0.477467592704...
GetData ===>> H2,-0.125177603374951,H1,357.668983396424,AX,84.6663953802027,L1,1.07110151236367,L2,0.4580979357...
GetData ===>> H2,-0.17251829515285,H1,357.517372431387,AX,84.6482749387188,L1,1.04151269005593,L2,0.53110860975...
GetData ===>> H2,-0.250559946174964,H1,357.445388119831,AX,84.6504878693688,L1,1.04711207010505,L2,0.4386477506...
GetData ===>> H2,-0.145708969716869,H1,357.373278624792,AX,84.5305133712621,L1,1.04838231428559,L2,0.4705347245...
GetData ===>> H2,-0.169008891007384,H1,357.282749867582,AX,84.7088686566676,L1,1.10147571167967,L2,0.6090472050...
GetData ===>> H2,-0.283955252235112,H1,356.842373885373,AX,84.5842894530133,L1,1.10315648396396,L2,0.4540897276...
GetData ===>> H2,-0.212908635320664,H1,357.168042508132,AX,84.5111178012786,L1,1.10284638171924,L2,0.5269487869...
GetData ===>> H2,-0.182806114804396,H1,356.94628414818,AX,84.5636883702699,L1,1.08123218057134,L2,0.51881251226...
GetData ===>> H2,-0.12862092202028,H1,356.598181634432,AX,84.5225951286858,L1,1.02927464398533,L2,0.54461785000...
GetData ===>> H2,-0.11333093910351,H1,356.338854727719,AX,84.3182881294937,L1,1.01476182426364,L2,0.47688507543...
GetData ===>> H2,-0.115025430000817,H1,356.077972121739,AX,84.2913644315005,L1,1.05843725019484,L2,0.4750119066...
GetData ===>> H2,-0.10273977492603,H1,356.379239966165,AX,84.3051912618684,L1,1.07329278364925,L2,0.50151379522...
GetData ===>> H2,-0.170865597044421,H1,356.264893713513,AX,84.3841733837502,L1,1.08142941409082,L2,0.6442163168...
GetData ===>> H2,-0.173250801757058,H1,355.905265472742,AX,84.3833751929916,L1,1.06215422138626,L2,0.4485972703...
GetData ===>> H2,-0.152492953539786,H1,355.983474527215,AX,84.2631778334258,L1,1.06271762739364,L2,0.3922377134...
GetData ===>> H2,-0.174080820591577,H1,355.719990669508,AX,84.1959932229295,L1,1.0336878595677,L2,0.48619435344...
GetData ===>> H2,-0.276600196276368,H1,355.649562843507,AX,84.3301395275561,L1,1.02360633723078,L2,0.5156473222...
GetData ===>> H2,-0.193388905398296,H1,355.306490265228,AX,84.2748328869488,L1,1.03903455888511,L2,0.5058324693...
GetData ===>> H2,-0.206570179062741,H1,355.334332595072,AX,84.145351908203,L1,1.04052969593148,L2,0.51690424439...
17:47:26 -- collecting point 100
GetData ===>> H2,-0.152234827659377,H1,355.187910597947,AX,84.0885635173771,L1,1.04298419707765,L2,0.4480263468...
GetData ===>> H2,-0.0744821084163793,H1,354.963072596845,AX,83.9866791595857,L1,1.12404372464865,L2,0.446119487...
GetData ===>> H2,-0.127931530787249,H1,354.949441352269,AX,84.0886632124972,L1,1.09433413091762,L2,0.5299657833...
GetData ===>> H2,-0.11113530410719,H1,354.845442438882,AX,84.008531347665,L1,1.04616264310916,L2,0.464984222794...
GetData ===>> H2,-0.139334730328745,H1,354.674442675041,AX,83.8551298051647,L1,1.02354581095221,L2,0.4622890332...
GetData ===>> H2,-0.0952023038492401,H1,354.714981268342,AX,83.9800544391307,L1,1.02490016922658,L2,0.623596961...
GetData ===>> H2,-0.100946237026724,H1,354.41417285479,AX,83.8538018872019,L1,1.06519393701025,L2,0.46273441955...
GetData ===>> H2,-0.118377124432195,H1,354.122654827959,AX,83.7842035150546,L1,1.07884543990304,L2,0.5840249536...
GetData ===>> H2,-0.0822388611442016,H1,354.079320693226,AX,83.753530872417,L1,1.06468473019421,L2,0.5191781727...
GetData ===>> H2,-0.0701081337753469,H1,353.981570268521,AX,83.8557107732549,L1,1.02231896747815,L2,0.545212208...
GetData ===>> H2,-0.0599187991869502,H1,353.808663298553,AX,83.8954713475859,L1,1.02315996406445,L2,0.519006769...
GetData ===>> H2,-0.11006982146492,H1,353.75036149492,AX,83.8442412516305,L1,1.02286995769123,L2,0.460553188640...
GetData ===>> H2,-0.16183423506641,H1,353.440147015966,AX,83.7258002599813,L1,1.05844987785979,L2,0.50610667739...
GetData ===>> H2,-0.239111925603301,H1,353.630728093595,AX,83.6994037428758,L1,1.06243592064723,L2,0.5959520228...
GetData ===>> H2,-0.214492357717767,H1,353.629011729174,AX,83.6629735276834,L1,1.05467235151066,L2,0.4881933960...
GetData ===>> H2,-0.179836355639571,H1,353.385808332951,AX,83.4495459620983,L1,1.07075257821775,L2,0.4307854841...
GetData ===>> H2,-0.229632328406689,H1,353.148651957498,AX,83.4084349930698,L1,1.04357740094953,L2,0.4818879861...
GetData ===>> H2,-0.103482825793218,H1,352.678381953451,AX,83.59718773578,L1,1.04182186624695,L2,0.511693838070...
GetData ===>> H2,-0.0896587279275429,H1,352.704479922138,AX,83.6204007486095,L1,1.05102304078825,L2,0.468204845...
GetData ===>> H2,-0.0685322231420158,H1,352.768349593264,AX,83.5455858194345,L1,1.03693541469688,L2,0.420352977...
GetData ===>> H2,-0.132253599121058,H1,352.724483442246,AX,83.5489004973839,L1,1.04396110795689,L2,0.5527334522...
measurement finished
estimated time: 125.829 actual time: :126.103
flush and close file /Users/jan/PychronDev/data/isotopes/3f/3907ef-7fb9-4e4c-b9e7-03258224f780.h5
baselines () {'settling_time': 15.0, 'detector': 'H1', 'mass': 34.2, 'ncounts': 60}
%%%%%%%%%%%%%%%%%%%%%%%%%%%%%%%% Baseline
build tables- baseline [Detector(H2), Detector(H1), Detector(AX), Detector(L1), Detector(L2), Detector(CDD)]
add group baseline table H2
add group baseline table H1
add group baseline table AX
add group baseline table L1
add group baseline table L2
add group baseline table CDD
flush and close file /Users/jan/PychronDev/data/isotopes/3f/3907ef-7fb9-4e4c-b9e7-03258224f780.h5
detector Detector(H1)
POSITION 34.2 H1
Mapping mass to dac mass func: "parabolic"
H1 map mass coeffs = [-0.00063987  0.15840543  0.57097999]
H1 map mass to dac 34.2 >> 5.24002599104
GetDeflection H1 ===>> 0
GetHighVoltage ===>> 4500
positioning 34.2 (5.24002599104) on H1
setting magnet DAC
current  : 5.879370
requested: 5.240026
Delta Dac: 0.639344
Checking detector protection. dv=0.63934
Checking detector "CDD". Protection Threshold: 0.1 (V)
ProtectDetector CDD,On ===>> OK
GetDeflection CDD ===>> 2000
Protected = 2000
SetMagnetDAC 5.24002599104 ===>> OK
Magnet settling time: 0.500
GetMagnetMoving ===>> True
GetMagnetMoving ===>> True
GetMagnetMoving ===>> True
GetMagnetMoving ===>> True
GetMagnetMoving ===>> True
GetMagnetMoving ===>> True
GetMagnetMoving ===>> True
GetMagnetMoving ===>> True
GetMagnetMoving ===>> False
ProtectDetector CDD,Off ===>> OK
GetDeflection CDD ===>> 50
Delaying 15.0s for detectors to settle
Join finished
measuring baseline. ncounts=60
"baseline" increment series count="2" fit count="1" regressing="True"
starting measurement
GetData ===>> H2,-0.193793250028135,H1,-0.0110359171174633,AX,-0.134408092112391,L1,-0.0297197528007161,L2,0.00...
GetData ===>> H2,-0.196921634300077,H1,-0.104478209240333,AX,-0.087627232792548,L1,-0.026094571772752,L2,-0.051...
GetData ===>> H2,-0.194298660498815,H1,-0.057958716772588,AX,-0.1027514502381,L1,-0.032506635513306,L2,-0.05857...
GetData ===>> H2,-0.221940858302367,H1,-0.0132782184335099,AX,-0.0235115371291955,L1,-0.0594556690321799,L2,-0....
GetData ===>> H2,-0.230582626354852,H1,0.0184764947084084,AX,-0.104872129559779,L1,-0.0560495562204936,L2,-0.02...
GetData ===>> H2,-0.127580060316082,H1,-0.0661724155307074,AX,-0.0509252969712736,L1,-0.000608459675060798,L2,0...
GetData ===>> H2,-0.127580060316082,H1,-0.0661724155307074,AX,-0.0509252969712736,L1,-0.000608459675060798,L2,0...
GetData ===>> H2,-0.124835512716535,H1,-0.0353884361090849,AX,-0.0952765561504767,L1,-0.0216505649141835,L2,-0....
GetData ===>> H2,-0.169694396405418,H1,-0.128108104145386,AX,-0.169780414962908,L1,-0.0529813472290204,L2,-0.03...
GetData ===>> H2,-0.238671695930127,H1,0.0055562881198902,AX,-0.0750509017079845,L1,-0.0456268129176099,L2,-0.0...
GetData ===>> H2,-0.238671695930127,H1,0.0055562881198902,AX,-0.0750509017079845,L1,-0.0456268129176099,L2,-0.0...
GetData ===>> H2,-0.245666221046505,H1,-0.0627153530791123,AX,-0.115810855883771,L1,-0.0439854881406532,L2,-0.1...
GetData ===>> H2,-0.208002536303892,H1,-0.0620000838673416,AX,-0.0264573790786611,L1,-0.0161155830712493,L2,-0....
GetData ===>> H2,-0.161341359120939,H1,-0.0734080182743789,AX,-0.171681414475878,L1,0.0111836740507151,L2,-0.06...
GetData ===>> H2,-0.161341359120939,H1,-0.0734080182743789,AX,-0.171681414475878,L1,0.0111836740507151,L2,-0.06...
GetData ===>> H2,-0.137947787868311,H1,-0.00873392787357192,AX,-0.113493431805858,L1,-0.0315007162324725,L2,-0....
GetData ===>> H2,-0.220767556718172,H1,-0.00269840937876504,AX,0.0254790526354074,L1,-0.0722762707538121,L2,0.0...
GetData ===>> H2,-0.153725389807562,H1,0.01681812929919,AX,0.0183777755842883,L1,-0.0640077153904855,L2,-0.0323...
GetData ===>> H2,-0.153725389807562,H1,0.01681812929919,AX,0.0183777755842883,L1,-0.0640077153904855,L2,-0.0323...
GetData ===>> H2,-0.190431359076608,H1,-0.0475028593213576,AX,-0.122809141510551,L1,-0.0212765459666727,L2,-0.0...
GetData ===>> H2,-0.249040132231467,H1,-0.0606649009929459,AX,-0.0681998844609531,L1,-0.0119908537468471,L2,-0....
GetData ===>> H2,-0.272000626587352,H1,0.0256948799965741,AX,-0.0171672361385029,L1,-0.0774280418336677,L2,-0.0...
GetData ===>> H2,-0.131168796490558,H1,-0.0165938698121203,AX,0.0685332774829144,L1,-0.0607084353291065,L2,-0.0...
GetData ===>> H2,-0.165691430430665,H1,-0.0532614655637474,AX,-0.17110184539102,L1,-0.0063156583047144,L2,0.019...
17:48:31 -- collecting point 25
GetData ===>> H2,-0.149476153651225,H1,-0.0546682796632723,AX,-0.0394574511577648,L1,0.00613880678950612,L2,-0....
GetData ===>> H2,-0.198313409192818,H1,-0.00614561767309212,AX,-0.0973626308773859,L1,-0.0129066428791046,L2,-0...
GetData ===>> H2,-0.341598682063243,H1,-0.00983125577442827,AX,0.00628823086874598,L1,-0.0339099642622602,L2,0....
GetData ===>> H2,-0.0798733683054778,H1,-0.0496966531533303,AX,-0.110295295919362,L1,-0.00394175106060419,L2,-0...
GetData ===>> H2,-0.110557221100236,H1,0.0680850574319216,AX,-0.0641075915954396,L1,-0.034626851973046,L2,-0.03...
GetData ===>> H2,-0.11200981872499,H1,0.0404792803547994,AX,-0.0258079097753302,L1,-0.0279013355852176,L2,0.016...
GetData ===>> H2,-0.154984714774623,H1,0.0738878805655264,AX,-0.0424491933937421,L1,0.01723748790261,L2,-0.0652...
GetData ===>> H2,-0.246481540777956,H1,-0.10845811958966,AX,-0.0680375871714648,L1,-0.0175859597376343,L2,0.062...
GetData ===>> H2,-0.248917731231912,H1,0.0501577416979206,AX,-0.136066275954746,L1,0.000996185193482133,L2,-0.0...
GetData ===>> H2,-0.134096984671713,H1,-0.181850116642512,AX,-0.0804873217047726,L1,-0.039474355062727,L2,-0.00...
GetData ===>> H2,-0.142395947456863,H1,-0.0447367028995281,AX,0.026627837304872,L1,-0.0339087669662772,L2,0.029...
GetData ===>> H2,-0.0995816049740668,H1,-0.0424354886509935,AX,-0.153249426010663,L1,-0.00682899161372008,L2,0....
GetData ===>> H2,-0.117773703026167,H1,-0.0294141501421262,AX,-0.0699967292198746,L1,-0.0115724877880519,L2,-0....
GetData ===>> H2,-0.262200136409613,H1,0.001106778451976,AX,-0.0173180195700965,L1,-0.0424241251756102,L2,0.025...
GetData ===>> H2,-0.209240712120548,H1,-0.0238330578428812,AX,-0.0834893936107685,L1,-0.00398853887427146,L2,-0...
GetData ===>> H2,-0.19687442963047,H1,-0.00878163803246219,AX,-0.012458036015831,L1,-0.00455717338408466,L2,-0....
GetData ===>> H2,-0.168400267791038,H1,-0.0149956918518822,AX,-0.0819593917036968,L1,-0.0209444726188142,L2,-0....
GetData ===>> H2,-0.20363213377227,H1,-0.133497913778613,AX,-0.129633143826612,L1,-0.0538186520321819,L2,-0.100...
GetData ===>> H2,-0.230865277459914,H1,-0.100879471366721,AX,-0.0434116335526696,L1,-0.0188666674085863,L2,-0.0...
GetData ===>> H2,-0.30496773675224,H1,-0.0478247777312866,AX,-0.133595248084097,L1,-0.00511617938096675,L2,-0.0...
GetData ===>> H2,-0.306590394328048,H1,0.0474008960117846,AX,0.0558691671882438,L1,-0.0143065363993714,L2,0.027...
GetData ===>> H2,-0.218842323886388,H1,0.0323887569037453,AX,-0.110364821730493,L1,-0.0286848046631866,L2,-0.03...
GetData ===>> H2,-0.217957064801829,H1,-0.00262683978256002,AX,-0.116193225550852,L1,-0.0173305182023851,L2,-0....
GetData ===>> H2,-0.196220287506914,H1,-0.0387748989244983,AX,-0.142003038075615,L1,-0.0123037177827608,L2,-0.0...
GetData ===>> H2,-0.0691737346199042,H1,-0.0456309428646716,AX,-0.0841848410698337,L1,-0.0205992006189526,L2,0....
17:48:57 -- collecting point 50
GetData ===>> H2,-0.106742742383387,H1,-0.0338859546416213,AX,-0.00912898122622836,L1,-0.00367541628749915,L2,-...
GetData ===>> H2,-0.128184312435139,H1,-0.0734080182743789,AX,-0.0950563567639274,L1,0.0135845930533003,L2,-0.0...
GetData ===>> H2,-0.118995395164478,H1,-0.0495297357477441,AX,-0.00671621530219915,L1,-0.00222604773505723,L2,-...
GetData ===>> H2,-0.163152066549573,H1,0.0569726080645651,AX,0.0568200779812609,L1,-0.0182575121794927,L2,-0.07...
GetData ===>> H2,-0.217493522497292,H1,-0.00625296827447814,AX,-0.0459974196113113,L1,-0.0349312375560137,L2,-0...
GetData ===>> H2,-0.214147620711189,H1,-0.0803332040099523,AX,-0.135567664204868,L1,-0.0344578780452637,L2,-0.0...
GetData ===>> H2,-0.17391070164855,H1,-0.0253118390995731,AX,-0.0587746004125869,L1,-0.0438885087040873,L2,-0.0...
GetData ===>> H2,-0.299305975737887,H1,-0.0208635036853753,AX,-0.0550993037678246,L1,-0.043173705465484,L2,-0.0...
GetData ===>> H2,-0.402230419182193,H1,-0.0535714432505106,AX,-0.0792934218063139,L1,-0.00734589660269392,L2,-0...
GetData ===>> H2,-0.251413911116404,H1,0.0622839901568863,AX,0.00234379066093501,L1,0.0203871010112837,L2,0.004...
GetData ===>> H2,-0.127089335258625,H1,0.0312790458264935,AX,-0.0842775670221293,L1,0.0232733084806762,L2,-0.02...
measurement finished
estimated time: 62.915 actual time: :63.080
flush and close file /Users/jan/PychronDev/data/isotopes/3f/3907ef-7fb9-4e4c-b9e7-03258224f780.h5
activate_detectors ('H1', 'AX', 'CDD') {'peak_center': True}
peak_center () {'detector': 'H1', 'integration_time': 0.262144, 'isotope': 'Ar40'}
peak center: mean=353.186040354 threshold=3
peak center started
setup peak center. detector=['H1', 'AX', 'CDD'], isotope=Ar40
VersionedUnpickler [<apptools.sweet_pickle.versioned_unpickler.VersionedUnpickler object at 0x1b4e3ad10>] using Updater [<apptools.sweet_pickle.updater.Updater object at 0x1373f1ad0>]
VersionedUnpickler [<apptools.sweet_pickle.versioned_unpickler.VersionedUnpickler object at 0x1b4e3ad10>] using Updater [<apptools.sweet_pickle.updater.Updater object at 0x1373f1ad0>]
VersionedUnpickler [<apptools.sweet_pickle.versioned_unpickler.VersionedUnpickler object at 0x1d23b0cb0>] using Updater [<apptools.sweet_pickle.updater.Updater object at 0x1373f1ad0>]
setting integration time = 0.524288
SetIntegrationTime 0.524288 ===>> OK
Mapping mass to dac mass func: "parabolic"
H1 map mass coeffs = [-0.00063987  0.15840543  0.57097999]
H1 map mass to dac 39.9624 >> 5.87937
GetDeflection H1 ===>> 0
GetHighVoltage ===>> 4500
do peak center. <pychron.spectrometer.jobs.peak_center.PeakCenter object at 0x1376ecfb0>
doing pc
starting peak center. center dac= 5.87937 step_width=0.001
width = 0.001
get scan parameters. half-width=0.015,window=0.015, i=0, scalar=1
Scan parameters center=5.87937 width=0.03000 (5.86437 - 5.89437)
GetData ===>> H2,-0.179911924821784,H1,-0.0123121266849545,AX,-0.0454872251122324,L1,-0.0168172170112256,L2,-0....
Moving to starting dac 5.86437
setting magnet DAC
current  : 5.240026
requested: 5.864370
Delta Dac: 0.624344
Checking detector protection. dv=0.62434
Checking detector "CDD". Protection Threshold: 0.1 (V)
ProtectDetector CDD,On ===>> OK
GetDeflection CDD ===>> 2000
Protected = 2000
SetMagnetDAC 5.86437 ===>> OK
Magnet settling time: 0.500
GetMagnetMoving ===>> True
GetMagnetMoving ===>> True
GetMagnetMoving ===>> True
GetMagnetMoving ===>> True
GetMagnetMoving ===>> True
GetMagnetMoving ===>> True
GetMagnetMoving ===>> True
GetMagnetMoving ===>> True
GetMagnetMoving ===>> False
ProtectDetector CDD,Off ===>> OK
GetDeflection CDD ===>> 50
Wait until signal near baseline. tol= -0.00923409501372. timeout= 10
GetData ===>> H2,1.60463323664852,H1,0.805168874616569,AX,0.116266054902804,L1,0.0496634398061162,L2,0.10203444...
GetData ===>> H2,20.779033857904,H1,12.0386846917133,AX,1.19882000027516,L1,0.029540432016042,L2,-0.07020791795...
GetData ===>> H2,22.2146353809323,H1,11.8429730255405,AX,1.77236313052205,L1,-0.0178006262556294,L2,-0.04426157...
GetData ===>> H2,11.6849578596652,H1,5.75697167924776,AX,0.653920938647589,L1,-0.0204814815025361,L2,-0.1256620...
GetData ===>> H2,4.77659980722233,H1,2.79894763326982,AX,0.0785278564174851,L1,-0.0171824188696942,L2,-0.098285...
GetData ===>> H2,1.70514440826017,H1,1.44215426434797,AX,0.00493086134804705,L1,-0.036034857594845,L2,-0.164642...
GetData ===>> H2,0.472070038458224,H1,0.816429850939815,AX,0.0941498821924135,L1,-0.0510086204058417,L2,0.06934...
GetData ===>> H2,0.103971229543948,H1,0.414692380276915,AX,0.168516329270458,L1,-0.0385819478971463,L2,-0.10592...
GetData ===>> H2,-0.0339804668156524,H1,0.31434215999886,AX,0.0687479823765624,L1,0.00667628196952006,L2,0.0580...
GetData ===>> H2,-0.0835094668656728,H1,0.281049705055092,AX,-0.0431333385813168,L1,0.00569107631118538,L2,0.07...
GetData ===>> H2,-0.114781828660941,H1,0.186009742150639,AX,-0.0302613265387185,L1,-0.0159698553148084,L2,0.029...
GetData ===>> H2,-0.0590025675095986,H1,0.241729176692007,AX,0.0270687885560618,L1,-0.00954754257881936,L2,-0.0...
GetData ===>> H2,-0.045993812162694,H1,0.233876468810457,AX,-0.014163117545729,L1,0.0217564311549997,L2,0.08352...
GetData ===>> H2,-0.129075086303084,H1,0.251014783262327,AX,-0.0270140636035076,L1,0.0167975956740074,L2,-0.036...
GetData ===>> H2,-0.152697017484402,H1,0.163802193597928,AX,-0.0553775645220538,L1,-0.00364182401397528,L2,-0.0...
GetData ===>> H2,-0.114676266457418,H1,0.286040480504268,AX,-0.0345521863864381,L1,-0.033442043086956,L2,0.0806...
GetData ===>> H2,-0.152040728676649,H1,0.259799902247271,AX,0.112602861669697,L1,-0.0298121845719402,L2,-0.0162...
GetData ===>> H2,-0.186536962599969,H1,0.224043550315689,AX,-0.0838255271699634,L1,-0.0154474014687764,L2,-0.10...
GetData ===>> H2,-0.178474102319519,H1,0.228410965405979,AX,-0.0463800637303837,L1,-0.00482228524780982,L2,0.01...
GetData ===>> H2,-0.178474102319519,H1,0.228410965405979,AX,-0.0463800637303837,L1,-0.00482228524780982,L2,0.01...
GetData ===>> H2,-0.177759462943525,H1,0.201899150887441,AX,-0.0879054005425552,L1,-0.00825491338290493,L2,-0.0...
Peak center failed to move to a baseline position
_do_sweep sm= 5.86437, em= 5.89437, stm= 0.001
calculated step values: start=5.86437, end=5.89437, width=0.001, nsteps=31.0
setting magnet DAC
current  : 5.864370
requested: 5.864370
Delta Dac: 0.000000
Checking detector protection. dv=0.00000
Checking detector "CDD". Protection Threshold: 0.1 (V)
SetMagnetDAC 5.86437 ===>> OK
GetData ===>> H2,-0.164359044110953,H1,0.266962253805114,AX,0.0374897441705176,L1,-0.0157781322835678,L2,0.0576...
setting magnet DAC
current  : 5.864370
requested: 5.865404
Delta Dac: 0.001034
Checking detector protection. dv=0.00103
Checking detector "CDD". Protection Threshold: 0.1 (V)
SetMagnetDAC 5.86540448276 ===>> OK
Magnet settling time: 1.049
GetData ===>> H2,-0.121549294673818,H1,0.575648333070445,AX,0.0368166420712181,L1,0.0152595563231649,L2,0.05884...
setting magnet DAC
current  : 5.865404
requested: 5.866439
Delta Dac: 0.001034
Checking detector protection. dv=0.00103
Checking detector "CDD". Protection Threshold: 0.1 (V)
SetMagnetDAC 5.86643896552 ===>> OK
Magnet settling time: 1.049
GetData ===>> H2,-0.199065867334224,H1,1.63188617728862,AX,0.249556189679222,L1,-0.00477910008081946,L2,0.03077...
setting magnet DAC
current  : 5.866439
requested: 5.867473
Delta Dac: 0.001034
Checking detector protection. dv=0.00103
Checking detector "CDD". Protection Threshold: 0.1 (V)
SetMagnetDAC 5.86747344828 ===>> OK
Magnet settling time: 1.049
GetData ===>> H2,-0.164683043043742,H1,6.36147085487202,AX,0.983851382963715,L1,-0.0449001617180181,L2,-0.12413...
setting magnet DAC
current  : 5.867473
requested: 5.868508
Delta Dac: 0.001034
Checking detector protection. dv=0.00103
Checking detector "CDD". Protection Threshold: 0.1 (V)
SetMagnetDAC 5.86850793103 ===>> OK
Magnet settling time: 1.049
GetData ===>> H2,-0.142759069721821,H1,22.8491510012965,AX,3.39809774931414,L1,0.0226327616998158,L2,-0.0328110...
setting magnet DAC
current  : 5.868508
requested: 5.869542
Delta Dac: 0.001034
Checking detector protection. dv=0.00103
Checking detector "CDD". Protection Threshold: 0.1 (V)
SetMagnetDAC 5.86954241379 ===>> OK
Magnet settling time: 1.049
GetData ===>> H2,-0.227619550598872,H1,65.2805863745236,AX,10.4919714474664,L1,0.0481450161312582,L2,-0.0093367...
setting magnet DAC
current  : 5.869542
requested: 5.870577
Delta Dac: 0.001034
Checking detector protection. dv=0.00103
Checking detector "CDD". Protection Threshold: 0.1 (V)
SetMagnetDAC 5.87057689655 ===>> OK
Magnet settling time: 1.049
GetData ===>> H2,-0.189487326575359,H1,139.718257185364,AX,25.0183022188936,L1,0.10961264754003,L2,-0.000569337...
setting magnet DAC
current  : 5.870577
requested: 5.871611
Delta Dac: 0.001034
Checking detector protection. dv=0.00103
Checking detector "CDD". Protection Threshold: 0.1 (V)
SetMagnetDAC 5.87161137931 ===>> OK
Magnet settling time: 1.049
GetData ===>> H2,-0.130878047328109,H1,223.637273358009,AX,44.1019364056407,L1,0.261359142814051,L2,0.034006986...
setting magnet DAC
current  : 5.871611
requested: 5.872646
Delta Dac: 0.001034
Checking detector protection. dv=0.00103
Checking detector "CDD". Protection Threshold: 0.1 (V)
SetMagnetDAC 5.87264586207 ===>> OK
Magnet settling time: 1.049
GetData ===>> H2,-0.163208773071585,H1,287.475028841317,AX,61.3170376897813,L1,0.475796498435457,L2,0.148005995...
setting magnet DAC
current  : 5.872646
requested: 5.873680
Delta Dac: 0.001034
Checking detector protection. dv=0.00103
Checking detector "CDD". Protection Threshold: 0.1 (V)
SetMagnetDAC 5.87368034483 ===>> OK
Magnet settling time: 1.049
GetData ===>> H2,-0.047032781061887,H1,320.787468625677,AX,72.2672904746048,L1,0.668047133436093,L2,0.372842605...
setting magnet DAC
current  : 5.873680
requested: 5.874715
Delta Dac: 0.001034
Checking detector protection. dv=0.00103
Checking detector "CDD". Protection Threshold: 0.1 (V)
SetMagnetDAC 5.87471482759 ===>> OK
Magnet settling time: 1.049
GetData ===>> H2,-0.107004960641383,H1,335.672466167091,AX,78.7539744923777,L1,0.856716854376638,L2,0.492785640...
setting magnet DAC
current  : 5.874715
requested: 5.875749
Delta Dac: 0.001034
Checking detector protection. dv=0.00103
Checking detector "CDD". Protection Threshold: 0.1 (V)
SetMagnetDAC 5.87574931034 ===>> OK
Magnet settling time: 1.049
GetData ===>> H2,-0.242894231796057,H1,337.302215767113,AX,79.4341552377007,L1,0.875218568930426,L2,0.343935336...
setting magnet DAC
current  : 5.875749
requested: 5.876784
Delta Dac: 0.001034
Checking detector protection. dv=0.00103
Checking detector "CDD". Protection Threshold: 0.1 (V)
SetMagnetDAC 5.8767837931 ===>> OK
Magnet settling time: 1.049
GetData ===>> H2,-0.114189043570637,H1,337.804875550031,AX,79.5689747106103,L1,0.964762486542667,L2,0.451828761...
setting magnet DAC
current  : 5.876784
requested: 5.877818
Delta Dac: 0.001034
Checking detector protection. dv=0.00103
Checking detector "CDD". Protection Threshold: 0.1 (V)
SetMagnetDAC 5.87781827586 ===>> OK
Magnet settling time: 1.049
GetData ===>> H2,-0.0954148331078598,H1,337.76731233785,AX,79.6238289906156,L1,0.97541634078316,L2,0.4218246188...
setting magnet DAC
current  : 5.877818
requested: 5.878853
Delta Dac: 0.001034
Checking detector protection. dv=0.00103
Checking detector "CDD". Protection Threshold: 0.1 (V)
SetMagnetDAC 5.87885275862 ===>> OK
Magnet settling time: 1.049
GetData ===>> H2,-0.14011541654732,H1,337.868668106061,AX,79.8394615505414,L1,1.00715971590134,L2,0.41079805895...
setting magnet DAC
current  : 5.878853
requested: 5.879887
Delta Dac: 0.001034
Checking detector protection. dv=0.00103
Checking detector "CDD". Protection Threshold: 0.1 (V)
SetMagnetDAC 5.87988724138 ===>> OK
Magnet settling time: 1.049
GetData ===>> H2,-0.108178190725427,H1,337.817119983108,AX,79.795906595137,L1,1.02111874029696,L2,0.56697742258...
setting magnet DAC
current  : 5.879887
requested: 5.880922
Delta Dac: 0.001034
Checking detector protection. dv=0.00103
Checking detector "CDD". Protection Threshold: 0.1 (V)
SetMagnetDAC 5.88092172414 ===>> OK
Magnet settling time: 1.049
GetData ===>> H2,-0.0290042212598008,H1,337.596664230372,AX,79.8444980749993,L1,0.999170547924827,L2,0.45760689...
setting magnet DAC
current  : 5.880922
requested: 5.881956
Delta Dac: 0.001034
Checking detector protection. dv=0.00103
Checking detector "CDD". Protection Threshold: 0.1 (V)
SetMagnetDAC 5.8819562069 ===>> OK
Magnet settling time: 1.049
GetData ===>> H2,-0.282544525210368,H1,337.467915465543,AX,79.767302564801,L1,0.981547556356934,L2,0.4584976237...
setting magnet DAC
current  : 5.881956
requested: 5.882991
Delta Dac: 0.001034
Checking detector protection. dv=0.00103
Checking detector "CDD". Protection Threshold: 0.1 (V)
SetMagnetDAC 5.88299068966 ===>> OK
Magnet settling time: 1.049
GetData ===>> H2,-0.227347848181914,H1,337.152608808302,AX,79.3841094575172,L1,1.00007135557034,L2,0.5575574172...
setting magnet DAC
current  : 5.882991
requested: 5.884025
Delta Dac: 0.001034
Checking detector protection. dv=0.00103
Checking detector "CDD". Protection Threshold: 0.1 (V)
SetMagnetDAC 5.88402517241 ===>> OK
Magnet settling time: 1.049
GetData ===>> H2,-0.0970140810932479,H1,335.395541500673,AX,78.5765412465952,L1,0.959816299368486,L2,0.44760386...
setting magnet DAC
current  : 5.884025
requested: 5.885060
Delta Dac: 0.001034
Checking detector protection. dv=0.00103
Checking detector "CDD". Protection Threshold: 0.1 (V)
SetMagnetDAC 5.88505965517 ===>> OK
Magnet settling time: 1.049
GetData ===>> H2,-0.113823612686663,H1,329.122860965275,AX,75.6490577321335,L1,0.943946218849623,L2,0.404497737...
setting magnet DAC
current  : 5.885060
requested: 5.886094
Delta Dac: 0.001034
Checking detector protection. dv=0.00103
Checking detector "CDD". Protection Threshold: 0.1 (V)
SetMagnetDAC 5.88609413793 ===>> OK
Magnet settling time: 1.049
GetData ===>> H2,-0.19471526061573,H1,308.066600702584,AX,67.2246949281839,L1,0.896350636560496,L2,0.3423385039...
setting magnet DAC
current  : 5.886094
requested: 5.887129
Delta Dac: 0.001034
Checking detector protection. dv=0.00103
Checking detector "CDD". Protection Threshold: 0.1 (V)
SetMagnetDAC 5.88712862069 ===>> OK
Magnet settling time: 1.049
GetData ===>> H2,-0.18624053649351,H1,255.298597054792,AX,50.1940932441005,L1,0.741744095193873,L2,0.1240597253...
setting magnet DAC
current  : 5.887129
requested: 5.888163
Delta Dac: 0.001034
Checking detector protection. dv=0.00103
Checking detector "CDD". Protection Threshold: 0.1 (V)
SetMagnetDAC 5.88816310345 ===>> OK
Magnet settling time: 1.049
GetData ===>> H2,-0.182822991369472,H1,171.77957161369,AX,29.0744565061331,L1,0.513506505229124,L2,-0.012934513...
setting magnet DAC
current  : 5.888163
requested: 5.889198
Delta Dac: 0.001034
Checking detector protection. dv=0.00103
Checking detector "CDD". Protection Threshold: 0.1 (V)
SetMagnetDAC 5.88919758621 ===>> OK
Magnet settling time: 1.049
GetData ===>> H2,-0.100076648665248,H1,89.5592734286219,AX,12.94405284784,L1,0.334755182252772,L2,0.15265910889...
setting magnet DAC
current  : 5.889198
requested: 5.890232
Delta Dac: 0.001034
Checking detector protection. dv=0.00103
Checking detector "CDD". Protection Threshold: 0.1 (V)
SetMagnetDAC 5.89023206897 ===>> OK
Magnet settling time: 1.049
GetData ===>> H2,-0.216288590623206,H1,35.5590040229474,AX,4.22621540772658,L1,0.183081453264864,L2,0.046287094...
setting magnet DAC
current  : 5.890232
requested: 5.891267
Delta Dac: 0.001034
Checking detector protection. dv=0.00103
Checking detector "CDD". Protection Threshold: 0.1 (V)
SetMagnetDAC 5.89126655172 ===>> OK
Magnet settling time: 1.049
GetData ===>> H2,-0.334630192369493,H1,11.1337498496476,AX,0.939514398392279,L1,0.104784318287952,L2,-0.2525473...
setting magnet DAC
current  : 5.891267
requested: 5.892301
Delta Dac: 0.001034
Checking detector protection. dv=0.00103
Checking detector "CDD". Protection Threshold: 0.1 (V)
SetMagnetDAC 5.89230103448 ===>> OK
Magnet settling time: 1.049
GetData ===>> H2,-0.277108847634589,H1,2.98397000463286,AX,0.131824568885926,L1,0.0702880663702007,L2,-0.078923...
setting magnet DAC
current  : 5.892301
requested: 5.893336
Delta Dac: 0.001034
Checking detector protection. dv=0.00103
Checking detector "CDD". Protection Threshold: 0.1 (V)
SetMagnetDAC 5.89333551724 ===>> OK
Magnet settling time: 1.049
GetData ===>> H2,-0.183394450870245,H1,0.622247065665937,AX,-0.170439722049321,L1,0.0436226094012327,L2,0.11457...
setting magnet DAC
current  : 5.893336
requested: 5.894370
Delta Dac: 0.001034
Checking detector protection. dv=0.00103
Checking detector "CDD". Protection Threshold: 0.1 (V)
SetMagnetDAC 5.89437 ===>> OK
Magnet settling time: 1.049
GetData ===>> H2,-0.273426577053908,H1,0.0737820654304723,AX,-0.0754102480124315,L1,0.0345920784649155,L2,-0.09...
result of _do_sweep=True
result of _calculate_peak_center=([5.8720353306613209, 5.8796104809619223, 5.8871856312625237], [249.79923928252597, 337.86835819750615, 250.69584515174114], 5.8788589779559111, 337.86835819750615)
Failed to find a valid peak. No peak greater than 1.0. max = 0.0217308001508
new center pos Detector(H1) (Ar40) @ 5.87961048096
GetHighVoltage ===>> 4500
GetDeflection H1 ===>> 0
dac uncorrected for HV and deflection 5.87961048096
update mftable H1 Ar40 5.87961048096 message=automated run peakcenter
get initial guess parabolic
get initial guess parabolic
get initial guess parabolic
get initial guess parabolic
get initial guess parabolic
get initial guess parabolic
dump mftable to /Users/jan/PychronDev/setupfiles/spectrometer/mftables/mftable.csv
add to repo msg=modified - automated run peakcenter
sweep finished
locally archiving mftable
setting magnet DAC
current  : 5.894370
requested: 5.879610
Delta Dac: 0.014760
Checking detector protection. dv=0.01476
Checking detector "CDD". Protection Threshold: 0.1 (V)
SetMagnetDAC 5.87961048096 ===>> OK
Magnet settling time: 0.500
setting integration time = 1.048576
SetIntegrationTime 1.048576 ===>> OK
Failed to find a valid peak. No peak greater than 1.0. max = 0.0217308001508
flush and close file /Users/jan/PychronDev/data/isotopes/3f/3907ef-7fb9-4e4c-b9e7-03258224f780.h5
finished measure script
executed snippet estimated_duration=226.132928, duration=272.160649061
jan_unknown120_60.py completed successfully
Measurement Finished
17:49:55 -- ******* Measurement Finished *******
Post Measurement Started jan_pump_ms.py
17:49:55 -- ******* Post Measurement Started jan_pump_ms.py *******
testing...
no interpolation path defined
executed snippet estimated_duration=0, duration=2.31266021729e-05
Pumping spectrometer
open () {'name': 'O'}
opening name=O desc=---
checking ownership. requestor=129.138.12.150
check software interlocks O
interlocks []
actuate state mode=None-script, software_lock=False
doing actuation None-script open_channel True
Open O ===>> OK
set states for children of O. state=True
handle state [('O', True)]
update switch state O True args=() kw={'refresh': False} ncanvase=2
refresh_canvas_needed fired
GetIndicatorState O ===>> OK
change switch state (True, True)
update switch state O True args=() kw={} ncanvase=2
17:49:56 -- OPEN   VALVE-O (Jan Ion Pump)
---------------------------------------- open O () result=[(True, True)], time=0.10 sec
action=open, ok=True, locked=[False]
executed snippet estimated_duration=0, duration=0.347501039505
jan_pump_ms.py completed successfully
setting _ms_pumptime
Post Measurement Finished
17:49:56 -- ******* Post Measurement Finished *******
$$$$$$$$$$$$$$$$$$$$ state at run end measurement
state changed from measurement to success
post measurement save measured=True aborted=False
Set filtering
setting fod for Ar40= {'filter_outliers': True, 'std_devs': 2, 'iterations': 1}
setting fod for H1= {'filter_outliers': True, 'std_devs': 2, 'iterations': 1}
setting fod for PM41= {'filter_outliers': False, 'std_devs': 2, 'iterations': 1}
setting fod for H2= {'filter_outliers': True, 'std_devs': 2, 'iterations': 1}
setting fod for Ar36= {'filter_outliers': True, 'std_devs': 2, 'iterations': 1}
setting fod for CDD= {'filter_outliers': True, 'std_devs': 10, 'iterations': 1}
setting fod for Ar37= {'filter_outliers': True, 'std_devs': 2, 'iterations': 1}
setting fod for L2= {'filter_outliers': True, 'std_devs': 2, 'iterations': 1}
setting fod for Ar38= {'filter_outliers': True, 'std_devs': 2, 'iterations': 1}
setting fod for L1= {'filter_outliers': True, 'std_devs': 2, 'iterations': 1}
setting fod for Ar39= {'filter_outliers': True, 'std_devs': 2, 'iterations': 1}
setting fod for AX= {'filter_outliers': True, 'std_devs': 2, 'iterations': 1}
persistence save...
persistence save - db
post measurement save
7835281936 connecting to database sqlite:////Users/jan/PychronDev/.appdata/local_lab.db
connected to db sqlite:////Users/jan/PychronDev/.appdata/local_lab.db
create new session 7835281936
close session 7835281936
No database instance. Not saving post measurement to isotopedb database
$$$$$$$$$$$$$$$ auto_save_detector_ic=False
massspec enabled True
create new session 4985911824
MassSpec Database Version: 16.0
close session 4985911824
saving post measurement to secondary database
saving to massspec database 129.138.12.160/massspecdata
setting labnumber to 65555
setting aliquot to 6
setting step to B
setting uuid to 3f3907ef-7fb9-4e4c-b9e7-03258224f780
setting irradpos to 65555
setting extract_device to Fusions CO2
setting tray to 
setting position to 192
setting power_requested to 0.4
setting extract_value to 0.4
setting duration to 30.0
setting duration_at_request to 30.0
setting first_stage_delay to 30.0
setting cleanup to 30.0
setting comment to N:14 without inclusions
setting irradiation to NM-289
setting level to N
setting irradiation_level to N
setting sample to Bw-2014-7 WO
setting material to Sanidine
setting project to Bustos Wells
setting mass_spectrometer to Jan
no attribute chron_dosages
no attribute production_ratios
no attribute interference_corrections
no attribute production_name
no attribute j
Reference Isotope=Ar40
Reference Detector=H1
%%%%%%%%%%%%%%%%%%%% Comment: N:14 without inclusions %%%%%%%%%%%%%%%%%%%
adding isotope PM41 H2
add baseline dbdet= PM41. original det= H2
get baseline data PM41 H2
Get data baseline <pychron.processing.isotope.Baseline object at 0x199dd86d0> len t=60
baseline PM41. v=-0.184401425451, e=0.00748952339264
get signal data PM41 H2
Get data signal PM41 0.05+/-0.07 len t=120
adding isotope Ar40 H1
add baseline dbdet= Ar40. original det= H1
get baseline data Ar40 H1
Get data baseline <pychron.processing.isotope.Baseline object at 0x199dd8250> len t=60
baseline Ar40. v=-0.0234915059868, e=0.00608300706581
get signal data Ar40 H1
Get data signal Ar40 369.979+/-0.033 len t=120
adding isotope Ar39 AX
add baseline dbdet= Ar39. original det= AX
get baseline data Ar39 AX
Get data baseline <pychron.processing.isotope.Baseline object at 0x199dd8790> len t=60
baseline Ar39. v=-0.0747882050276, e=0.00711641139469
get signal data Ar39 AX
Get data signal Ar39 87.618+/-0.016 len t=120
adding isotope Ar38 L1
add baseline dbdet= Ar38. original det= L1
get baseline data Ar38 L1
Get data baseline <pychron.processing.isotope.Baseline object at 0x199dd8090> len t=60
baseline Ar38. v=-0.021386317582, e=0.00292103500482
get signal data Ar38 L1
Get data signal Ar38 1.127+/-0.005 len t=120
adding isotope Ar37 L2
add baseline dbdet= Ar37. original det= L2
get baseline data Ar37 L2
Get data baseline <pychron.processing.isotope.Baseline object at 0x199dd8390> len t=60
baseline Ar37. v=-0.0330838638161, e=0.00503162149909
get signal data Ar37 L2
Get data signal Ar37 0.571+/-0.009 len t=120
adding isotope Ar36 CDD
add baseline dbdet= Ar36. original det= CDD
get baseline data Ar36 CDD
Get data baseline <pychron.processing.isotope.Baseline object at 0x199dd8a50> len t=60
baseline Ar36. v=0.00010916796883, e=1.53693239048e-05
get signal data Ar36 CDD
Get data signal Ar36 0.01375+/-0.00029 len t=120
65555-06B added analysis time 0.54327583313s
analysis added to mass spec database
mass spec save time= 0.553
persistence save - dvc
================= post measurement started
create new session 4991427888
close session 4991427888
---------------- Experiment Queue saving disabled
DVC saving peakcenter
Failed to find a valid peak. No peak greater than 1.0. max = 0.0217308001508
Smart pull ahead: 0 behind: 0
Up-to-date with origin
add to repo msg=modified - ad8224ebc6dbfeb9f5997218dfa5fe690569839d.json
add to repo msg=modified - 55-06B.json
add to repo msg=modified - 55-06B.dat.json
add to repo msg=modified - 55-06B.blan.json
add to repo msg=modified - 55-06B.inte.json
add to repo msg=modified - 55-06B.icfa.json
add to repo msg=modified - 55-06B.base.json
not at valid file /Users/jan/PychronDev/data/.dvc/repositories/Load1786/655/tags/55-06B.tags.json
add to repo msg=modified - 55-06B.peak.json
add to repo msg=modified - 55-06B.extr.json
not at valid file /Users/jan/PychronDev/data/.dvc/repositories/Load1786/655/monitor/55-06B.moni.json
commit message=<COLLECTION>
add to repo msg=modified - 55-06B.inte.json
add to repo msg=modified - 55-06B.base.json
commit message=<ISOEVO> default collection fits
add to repo msg=modified - 55-06B.blan.json
commit message=<BLANKS> preceding ba-01-J-2282
add to repo msg=modified - 55-06B.icfa.json
commit message=<ICFactor> default
push repository <pychron.git_archive.repo_manager.GitRepoManager object at 0x1dec6bdd0>
pushing to remote=origin, url=https://github.com
no changes to meta repo
create new session 4991427888
add association Load1786
get identifier "65555"
setting analysis irradiation position=<pychron.dvc.dvc_orm.IrradiationPositionTbl object at 0x1b2708f90>
close session 4991427888
================= post measurement finished
17:50:09 -- ******* Post Run Check *******
loading queue conditionals post_run_actions
loading system conditionals post_run_actions
loading conditionals from /Users/jan/PychronDev/setupfiles/spectrometer/default_conditionals.yaml
loading queue conditionals post_run_terminations
loading system conditionals post_run_terminations
loading conditionals from /Users/jan/PychronDev/setupfiles/spectrometer/default_conditionals.yaml
Checking default post run terminations n=1
GetDeflection CDD ===>> 50
testing CDD==2000
evaluate ot="CDD.deflection==2000" t="CDD==2000", ctx="{'CDD': 50.0}"
17:50:09 -- ******* Post Run Check Passed *******
17:50:09 -- Automated run 65555-06B success duration: 360.623 s
----------------- finish -----------------
----------------- stop -----------------
retroactive repository identifiers disabled
finish run. runs completed=210
update duration runid=65555-06B, duration=360.623489141, md5=301e91d8
loading script "jan_unknown120_60.py"
loading script "jan_pump_ms.py"
loading script "jan_co2.py"
loading script "jan_pump_extraction_line.py"
testing...
no interpolation path defined
executed snippet estimated_duration=213.652928, duration=0.000882863998413
script duration name:unknown120_60 seconds:214.0
loading script "jan_unknown120_60.py"
loading script "jan_pump_ms.py"
loading script "jan_co2.py"
loading script "jan_pump_extraction_line.py"
testing...
no interpolation path defined
executed snippet estimated_duration=0, duration=3.21865081787e-05
loading script "jan_unknown120_60.py"
loading script "jan_pump_ms.py"
loading script "jan_co2.py"
loading script "jan_pump_extraction_line.py"
testing...
no interpolation path defined
calculate duration
testing...
no interpolation path defined
executed snippet estimated_duration=0, duration=5.81741333008e-05
calculate duration
testing...
no interpolation path defined
executed snippet estimated_duration=0, duration=9.48905944824e-05
executed snippet estimated_duration=0.0, duration=0.00329899787903
script duration name:co2 seconds:0.0
loading script "jan_unknown120_60.py"
loading script "jan_pump_ms.py"
loading script "jan_co2.py"
loading script "jan_pump_extraction_line.py"
testing...
no interpolation path defined
calculate duration
testing...
no interpolation path defined
executed snippet estimated_duration=4.0, duration=0.000169038772583
executed snippet estimated_duration=4.0, duration=0.00148510932922
Script duration 214.0
Run total estimated duration= 215.000
unknown120_60 in script context. using previous estimated duration
script duration name:unknown120_60 seconds:214.0
pump_ms in script context. using previous estimated duration
co2 in script context. using previous estimated duration
script duration name:co2 seconds:0.0
pump_extraction_line in script context. using previous estimated duration
Script duration 214.0
Run total estimated duration= 215.000
script duration name:unknown120_60 seconds:214.0
script duration name:co2 seconds:0.0
Script duration 214.0
Run total estimated duration= 215.000
loading script "jan_unknown400_120.py"
loading script "jan_pump_ms.py"
loading script "jan_co2.py"
loading script "jan_pump_extraction_line.py"
testing...
no interpolation path defined
executed snippet estimated_duration=556.052928, duration=0.000256061553955
script duration name:unknown400_120 seconds:556.0
script duration name:co2 seconds:0.0
Script duration 556.0
Run total estimated duration= 557.000
script duration name:unknown120_60 seconds:214.0
script duration name:co2 seconds:0.0
Script duration 214.0
Run total estimated duration= 215.000
script duration name:unknown120_60 seconds:214.0
script duration name:co2 seconds:0.0
Script duration 214.0
Run total estimated duration= 215.000
script duration name:unknown120_60 seconds:214.0
script duration name:co2 seconds:0.0
Script duration 214.0
Run total estimated duration= 215.000
script duration name:unknown120_60 seconds:214.0
script duration name:co2 seconds:0.0
Script duration 214.0
Run total estimated duration= 215.000
script duration name:unknown120_60 seconds:214.0
script duration name:co2 seconds:0.0
Script duration 214.0
Run total estimated duration= 215.000
script duration name:unknown120_60 seconds:214.0
script duration name:co2 seconds:0.0
Script duration 214.0
Run total estimated duration= 215.000
unknown400_120 in script context. using previous estimated duration
script duration name:unknown400_120 seconds:556.0
loading script "jan_unknown400_120.py"
loading script "jan_pump_ms.py"
loading script "jan_cocktail_x1.py"
loading script "jan_pump_extraction_line.py"
testing...
no interpolation path defined
calculate duration
testing...
no interpolation path defined
executed snippet estimated_duration=0, duration=7.5101852417e-05
calculate duration
testing...
no interpolation path defined
executed snippet estimated_duration=0, duration=0.000115871429443
calculate duration
testing...
no interpolation path defined
executed snippet estimated_duration=32.0, duration=0.00013279914856
calculate duration
testing...
no interpolation path defined
executed snippet estimated_duration=34.0, duration=0.000123977661133
calculate duration
testing...
no interpolation path defined
executed snippet estimated_duration=4.0, duration=9.20295715332e-05
calculate duration
testing...
no interpolation path defined
executed snippet estimated_duration=38.0, duration=9.60826873779e-05
executed snippet estimated_duration=108.0, duration=0.00882196426392
script duration name:cocktail_x1 seconds:108.0
Script duration 664.0
Run total estimated duration= 665.000
script duration name:unknown400_120 seconds:556.0
cocktail_x1 in script context. using previous estimated duration
script duration name:cocktail_x1 seconds:108.0
Script duration 664.0
Run total estimated duration= 665.000
script duration name:unknown120_60 seconds:214.0
script duration name:co2 seconds:0.0
Script duration 214.0
Run total estimated duration= 215.000
script duration name:unknown120_60 seconds:214.0
script duration name:co2 seconds:0.0
Script duration 214.0
Run total estimated duration= 215.000
script duration name:unknown120_60 seconds:214.0
script duration name:co2 seconds:0.0
Script duration 214.0
Run total estimated duration= 215.000
script duration name:unknown120_60 seconds:214.0
script duration name:co2 seconds:0.0
Script duration 214.0
Run total estimated duration= 215.000
script duration name:unknown120_60 seconds:214.0
script duration name:co2 seconds:0.0
Script duration 214.0
Run total estimated duration= 215.000
script duration name:unknown120_60 seconds:214.0
script duration name:co2 seconds:0.0
Script duration 214.0
Run total estimated duration= 215.000
script duration name:unknown120_60 seconds:214.0
script duration name:co2 seconds:0.0
Script duration 214.0
Run total estimated duration= 215.000
script duration name:unknown120_60 seconds:214.0
script duration name:co2 seconds:0.0
Script duration 214.0
Run total estimated duration= 215.000
loading script "jan_ic_peak_hop3.py"
loading script "jan_pump_ms.py"
loading script "jan_air_x1.py"
loading script "jan_pump_extraction_line.py"
testing...
no interpolation path defined
executed snippet estimated_duration=133.8, duration=0.00950789451599
script duration name:ic_peak_hop3 seconds:134.0
loading script "jan_ic_peak_hop3.py"
loading script "jan_pump_ms.py"
loading script "jan_air_x1.py"
loading script "jan_pump_extraction_line.py"
testing...
no interpolation path defined
calculate duration
testing...
no interpolation path defined
executed snippet estimated_duration=0, duration=6.19888305664e-05
calculate duration
testing...
no interpolation path defined
executed snippet estimated_duration=0, duration=0.00013279914856
calculate duration
testing...
no interpolation path defined
executed snippet estimated_duration=32.0, duration=0.000177145004272
calculate duration
testing...
no interpolation path defined
executed snippet estimated_duration=34.0, duration=0.000101089477539
calculate duration
testing...
no interpolation path defined
executed snippet estimated_duration=4.0, duration=6.38961791992e-05
calculate duration
testing...
no interpolation path defined
executed snippet estimated_duration=36.0, duration=8.89301300049e-05
executed snippet estimated_duration=106.0, duration=0.0111241340637
script duration name:air_x1 seconds:106.0
Script duration 240.0
Run total estimated duration= 241.000
script duration name:unknown120_60 seconds:214.0
script duration name:co2 seconds:0.0
Script duration 214.0
Run total estimated duration= 215.000
script duration name:unknown120_60 seconds:214.0
script duration name:co2 seconds:0.0
Script duration 214.0
Run total estimated duration= 215.000
script duration name:unknown120_60 seconds:214.0
script duration name:co2 seconds:0.0
Script duration 214.0
Run total estimated duration= 215.000
script duration name:unknown400_120 seconds:556.0
loading script "jan_unknown400_120.py"
loading script "jan_pump_ms.py"
loading script "jan_sniffair_x2.py"
loading script "jan_pump_extraction_line.py"
testing...
no interpolation path defined
calculate duration
testing...
no interpolation path defined
executed snippet estimated_duration=0, duration=4.6968460083e-05
calculate duration
testing...
no interpolation path defined
executed snippet estimated_duration=0, duration=0.000116109848022
calculate duration
testing...
no interpolation path defined
executed snippet estimated_duration=32.0, duration=9.79900360107e-05
calculate duration
testing...
no interpolation path defined
executed snippet estimated_duration=34.0, duration=0.000158071517944
calculate duration
testing...
no interpolation path defined
executed snippet estimated_duration=4.0, duration=7.60555267334e-05
calculate duration
testing...
no interpolation path defined
executed snippet estimated_duration=36.0, duration=0.000176906585693
calculate duration
testing...
no interpolation path defined
executed snippet estimated_duration=34.0, duration=9.98973846436e-05
calculate duration
testing...
no interpolation path defined
executed snippet estimated_duration=4.0, duration=6.60419464111e-05
calculate duration
testing...
no interpolation path defined
executed snippet estimated_duration=36.0, duration=9.41753387451e-05
calculate duration
testing...
no interpolation path defined
executed snippet estimated_duration=70.0, duration=0.000108003616333
executed snippet estimated_duration=250.0, duration=0.032534122467
script duration name:sniffair_x2 seconds:250.0
Script duration 806.0
Run total estimated duration= 807.000
script duration name:unknown120_60 seconds:214.0
script duration name:co2 seconds:0.0
Script duration 214.0
Run total estimated duration= 215.000
script duration name:unknown400_120 seconds:556.0
script duration name:co2 seconds:0.0
Script duration 556.0
Run total estimated duration= 557.000
script duration name:unknown400_120 seconds:556.0
script duration name:cocktail_x1 seconds:108.0
Script duration 664.0
Run total estimated duration= 665.000
script duration name:unknown400_120 seconds:556.0
script duration name:cocktail_x1 seconds:108.0
Script duration 664.0
Run total estimated duration= 665.000
script duration name:unknown120_60 seconds:214.0
script duration name:co2 seconds:0.0
Script duration 214.0
Run total estimated duration= 215.000
script duration name:unknown400_120 seconds:556.0
sniffair_x2 in script context. using previous estimated duration
script duration name:sniffair_x2 seconds:250.0
Script duration 806.0
Run total estimated duration= 807.000
script duration name:unknown120_60 seconds:214.0
script duration name:co2 seconds:0.0
Script duration 214.0
Run total estimated duration= 215.000
script duration name:unknown120_60 seconds:214.0
script duration name:co2 seconds:0.0
Script duration 214.0
Run total estimated duration= 215.000
script duration name:unknown120_60 seconds:214.0
script duration name:co2 seconds:0.0
Script duration 214.0
Run total estimated duration= 215.000
script duration name:unknown120_60 seconds:214.0
script duration name:co2 seconds:0.0
Script duration 214.0
Run total estimated duration= 215.000
script duration name:unknown120_60 seconds:214.0
script duration name:co2 seconds:0.0
Script duration 214.0
Run total estimated duration= 215.000
script duration name:unknown120_60 seconds:214.0
script duration name:co2 seconds:0.0
Script duration 214.0
Run total estimated duration= 215.000
script duration name:unknown120_60 seconds:214.0
script duration name:co2 seconds:0.0
Script duration 214.0
Run total estimated duration= 215.000
script duration name:unknown120_60 seconds:214.0
script duration name:co2 seconds:0.0
Script duration 214.0
Run total estimated duration= 215.000
script duration name:unknown120_60 seconds:214.0
script duration name:co2 seconds:0.0
Script duration 214.0
Run total estimated duration= 215.000
script duration name:unknown120_60 seconds:214.0
script duration name:co2 seconds:0.0
Script duration 214.0
Run total estimated duration= 215.000
script duration name:unknown120_60 seconds:214.0
script duration name:co2 seconds:0.0
Script duration 214.0
Run total estimated duration= 215.000
script duration name:unknown400_120 seconds:556.0
script duration name:cocktail_x1 seconds:108.0
Script duration 664.0
Run total estimated duration= 665.000
script duration name:unknown400_120 seconds:556.0
script duration name:cocktail_x1 seconds:108.0
Script duration 664.0
Run total estimated duration= 665.000
script duration name:unknown120_60 seconds:214.0
script duration name:co2 seconds:0.0
Script duration 214.0
Run total estimated duration= 215.000
script duration name:unknown120_60 seconds:214.0
script duration name:co2 seconds:0.0
Script duration 214.0
Run total estimated duration= 215.000
script duration name:unknown120_60 seconds:214.0
script duration name:co2 seconds:0.0
Script duration 214.0
Run total estimated duration= 215.000
script duration name:unknown120_60 seconds:214.0
script duration name:co2 seconds:0.0
Script duration 214.0
Run total estimated duration= 215.000
ic_peak_hop3 in script context. using previous estimated duration
script duration name:ic_peak_hop3 seconds:134.0
air_x1 in script context. using previous estimated duration
script duration name:air_x1 seconds:106.0
Script duration 240.0
Run total estimated duration= 241.000
script duration name:unknown120_60 seconds:214.0
script duration name:co2 seconds:0.0
Script duration 214.0
Run total estimated duration= 215.000
nruns=50 before=5.0, run_dur=15370.0, btw=1470.0
write rem/ex queues
/Users/jan/PychronDev/experiments/rem/Load1786.rem.txt
/Users/jan/PychronDev/experiments/rem/Load1786.ex.txt
doing event level: 3
