do run
loading script "jan_unknown120_60.py"
loading script "jan_pump_ms.py"
loading script "jan_co2.py"
loading script "jan_pump_extraction_line.py"
testing...
no interpolation path defined
executed snippet estimated_duration=213.652928, duration=0.000198841094971
script duration name:unknown120_60 seconds:214.0
loading script "jan_unknown120_60.py"
loading script "jan_pump_ms.py"
loading script "jan_co2.py"
loading script "jan_pump_extraction_line.py"
testing...
no interpolation path defined
executed snippet estimated_duration=0, duration=1.69277191162e-05
loading script "jan_unknown120_60.py"
loading script "jan_pump_ms.py"
loading script "jan_co2.py"
loading script "jan_pump_extraction_line.py"
testing...
no interpolation path defined
calculate duration
testing...
no interpolation path defined
executed snippet estimated_duration=0, duration=4.50611114502e-05
calculate duration
testing...
no interpolation path defined
executed snippet estimated_duration=0, duration=7.10487365723e-05
executed snippet estimated_duration=0.0, duration=0.00162506103516
script duration name:co2 seconds:0.0
loading script "jan_unknown120_60.py"
loading script "jan_pump_ms.py"
loading script "jan_co2.py"
loading script "jan_pump_extraction_line.py"
testing...
no interpolation path defined
calculate duration
testing...
no interpolation path defined
executed snippet estimated_duration=4.0, duration=0.000117063522339
executed snippet estimated_duration=4.0, duration=0.00092601776123
Script duration 214.0
Run total estimated duration= 215.000
run duration: 0:03:35
doing event level: 2
18:05:01 -- Setting default integration. t=1.048576
setting integration time = 1.048576
SetIntegrationTime 1.048576 ===>> OK
----------------- start -----------------
**************** Experiment Type: Ar/Ar, Ar/Ar
$$$$$ Clearing conditionals
adding conditionals 
Add queue conditionals
add default conditionals
adding default conditionals from /Users/jan/PychronDev/setupfiles/spectrometer/default_conditionals.yaml
Start automated run 65555-07B
loading script "jan_unknown120_60.py"
loading script "jan_pump_ms.py"
loading script "jan_co2.py"
loading script "jan_pump_extraction_line.py"
%%%%%%%%%%%%%%%%%% setting automated run 65555-07B
No value "sensitivity_multiplier" in metadata
$$$$$$$$$$$$$$$ auto_save_detector_ic=False
============================= Pre Extraction Check =============================
loading queue conditionals pre_run_terminations
loading system conditionals pre_run_terminations
loading conditionals from /Users/jan/PychronDev/setupfiles/spectrometer/default_conditionals.yaml
18:05:01 -- ******* Pre Extraction Check *******
Get a measurement from the spectrometer
GetData ===>> H2,-0.185619988266418,H1,-0.044355158082454,AX,-0.0149518526389768,L1,-0.0470548226903691,L2,0.00...
Pre Extraction Termination data. keys=H2,H1,AX,L1,L2,CDD, signals=-0.18562,-0.04436,-0.01495,-0.04705,0.00429,0.00342
18:05:01 -- testing system defined conditionals
Checking default pre extraction terminations n=2
testing CDD
evaluate ot="CDD.inactive" t="CDD", ctx="{'CDD': False}"
GetDeflection CDD ===>> 50
testing CDD==2000
evaluate ot="CDD.deflection==2000" t="CDD==2000", ctx="{'CDD': 50.0}"
18:05:01 -- ******* Pre Extraction Check Passed *******
=================================================================================
18:05:01 -- stopping status monitor
stop 4984189200
Alive clients [4991693744]
18:05:01 -- starting status monitor
start 4984189200
Monitor already running
start extraction
do extraction
Analysis started at 18:05:01.260740
Extraction Started jan_co2.py
18:05:01 -- ******* Extraction Started jan_co2.py *******
state changed from not run to extraction
DO EXTRACTION <pychron.extraction_line.pyscript_runner.RemotePyScriptRunner object at 0x12c301530>
testing...
no interpolation path defined
calculate duration
testing...
no interpolation path defined
executed snippet estimated_duration=0, duration=5.50746917725e-05
calculate duration
testing...
no interpolation path defined
executed snippet estimated_duration=0, duration=0.000101804733276
executed snippet estimated_duration=100.0, duration=0.00258898735046
Jan CO2 laser analysis
doing GOSUB
testing...
no interpolation path defined
executed snippet estimated_duration=0, duration=6.19888305664e-05
Waiting for CO2 access
wait ('FelixCO2Flag', 0) {}
waiting for FelixCO2Flag = 0
Read FelixCO2Flag ===>> 0
finished waiting
CO2 free
wait ('CO2PumpTimeFlag', 0) {}
waiting for CO2PumpTimeFlag = 0
Read CO2PumpTimeFlag ===>> 0
finished waiting
acquire ('JanCO2Flag',) {'clear': True}
acquire JanCO2Flag
Set JanCO2Flag 1 ===>> OK
JanCO2Flag acquired
set extraction state False (0.75, 'red', 1.5)
CO2 acquired
executed snippet estimated_duration=0, duration=0.0195860862732
WaitForCO2Access.py completed successfully
gosub finished
doing GOSUB
testing...
no interpolation path defined
executed snippet estimated_duration=0, duration=0.000158071517944
Prepare for CO2 analysis
close () {'description': 'Jan Inlet'}
closing name=--- desc=Jan Inlet
checking ownership. requestor=129.138.12.150
check software interlocks R
interlocks []
actuate state mode=None-script, software_lock=False
doing actuation None-script close_channel False
Close R ===>> OK
GetIndicatorState R ===>> False
change switch state (True, True)
update switch state R False args=() kw={} ncanvase=2
18:05:01 -- CLOSE  VALVE-R (Jan Inlet)
---------------------------------------- close None (Jan Inlet) result=[(True, True)]
action=close, ok=True, locked=[False]
open () {'description': 'Jan Ion Pump'}
opening name=--- desc=Jan Ion Pump
checking ownership. requestor=129.138.12.150
check software interlocks O
interlocks []
actuate state mode=None-script, software_lock=False
doing actuation None-script open_channel False
Open O ===>> OK
GetIndicatorState O ===>> OK
change switch state (True, True)
update switch state O True args=() kw={} ncanvase=2
18:05:02 -- OPEN   VALVE-O (Jan Ion Pump)
---------------------------------------- open None (Jan Ion Pump) result=[(True, True)], time=0.09 sec
action=open, ok=True, locked=[False]
close () {'description': 'Microbone to Minibone'}
closing name=--- desc=Microbone to Minibone
checking ownership. requestor=129.138.12.150
check software interlocks L
interlocks []
actuate state mode=None-script, software_lock=False
doing actuation None-script close_channel False
Close L ===>> OK
GetIndicatorState L ===>> False
change switch state (True, True)
update switch state L False args=() kw={} ncanvase=2
18:05:02 -- CLOSE  VALVE-L (Microbone to Minibone)
---------------------------------------- close None (Microbone to Minibone) result=[(True, True)]
action=close, ok=True, locked=[False]
open () {'description': 'Microbone to Turbo'}
opening name=--- desc=Microbone to Turbo
checking ownership. requestor=129.138.12.150
check software interlocks U
interlocks []
actuate state mode=None-script, software_lock=False
doing actuation None-script open_channel False
Open U ===>> OK
GetIndicatorState U ===>> OK
change switch state (True, True)
update switch state U True args=() kw={} ncanvase=2
18:05:03 -- OPEN   VALVE-U (Microbone to Turbo)
---------------------------------------- open None (Microbone to Turbo) result=[(True, True)], time=0.12 sec
action=open, ok=True, locked=[False]
open () {'description': 'Microbone to Inlet Pipette'}
opening name=--- desc=Microbone to Inlet Pipette
checking ownership. requestor=129.138.12.150
check software interlocks S
interlocks []
actuate state mode=None-script, software_lock=False
doing actuation None-script open_channel False
Open S ===>> OK
GetIndicatorState S ===>> OK
change switch state (True, True)
update switch state S True args=() kw={} ncanvase=2
18:05:03 -- OPEN   VALVE-S (Microbone to Inlet Pipette)
---------------------------------------- open None (Microbone to Inlet Pipette) result=[(True, True)], time=0.40 sec
action=open, ok=True, locked=[False]
open () {'description': 'Microbone to Getter D-50'}
opening name=--- desc=Microbone to Getter D-50
checking ownership. requestor=129.138.12.150
check software interlocks K
interlocks []
actuate state mode=None-script, software_lock=False
doing actuation None-script open_channel False
Open K ===>> OK
GetIndicatorState K ===>> OK
change switch state (True, True)
update switch state K True args=() kw={} ncanvase=2
18:05:04 -- OPEN   VALVE-K (Microbone to Getter D-50)
---------------------------------------- open None (Microbone to Getter D-50) result=[(True, True)], time=0.40 sec
action=open, ok=True, locked=[False]
open () {'description': 'Microbone to Getter NP-10'}
opening name=--- desc=Microbone to Getter NP-10
checking ownership. requestor=129.138.12.150
check software interlocks M
interlocks []
actuate state mode=None-script, software_lock=False
doing actuation None-script open_channel False
Open M ===>> OK
GetIndicatorState M ===>> OK
change switch state (True, True)
update switch state M True args=() kw={} ncanvase=2
18:05:04 -- OPEN   VALVE-M (Microbone to Getter NP-10)
---------------------------------------- open None (Microbone to Getter NP-10) result=[(True, True)], time=0.14 sec
action=open, ok=True, locked=[False]
close () {'description': 'CO2 Laser to Felix'}
closing name=--- desc=CO2 Laser to Felix
checking ownership. requestor=129.138.12.150
check software interlocks F
interlocks []
actuate state mode=None-script, software_lock=True
VALVE-F(CO2 Laser to Felix) software locked
change switch state (True, False)
---------------------------------------- close None (CO2 Laser to Felix) result=[(True, False)]
action=close, ok=True, locked=[True]
open () {'description': 'CO2 Laser to Jan'}
opening name=--- desc=CO2 Laser to Jan
checking ownership. requestor=129.138.12.150
check software interlocks A
interlocks []
actuate state mode=None-script, software_lock=False
doing actuation None-script open_channel False
Open A ===>> OK
GetIndicatorState A ===>> OK
change switch state (True, True)
update switch state A True args=() kw={} ncanvase=2
18:05:05 -- OPEN   VALVE-A (CO2 Laser to Jan)
---------------------------------------- open None (CO2 Laser to Jan) result=[(True, True)], time=0.12 sec
action=open, ok=True, locked=[False]
open () {'description': 'Microbone to CO2 Laser'}
opening name=--- desc=Microbone to CO2 Laser
checking ownership. requestor=129.138.12.150
check software interlocks T
interlocks []
actuate state mode=None-script, software_lock=False
doing actuation None-script open_channel False
Open T ===>> OK
GetIndicatorState T ===>> OK
change switch state (True, True)
update switch state T True args=() kw={} ncanvase=2
18:05:05 -- OPEN   VALVE-T (Microbone to CO2 Laser)
---------------------------------------- open None (Microbone to CO2 Laser) result=[(True, True)], time=0.40 sec
action=open, ok=True, locked=[False]
executed snippet estimated_duration=0, duration=4.78528594971
PrepareForCO2Analysis.py completed successfully
gosub finished
set_motor ('beam', '1.25') {}
setting motor "beam" to 1.25
set motor beam to 1.25
SetMotor beam,1.25 ===>> OK
GetMotorMoving beam ===>> False
GetMotorMoving beam ===>> False
Block completed
move_to_position ('193',) {'autocenter': True}
FusionsCO2 move to position 193
sending GoToHole 193,True
GoToHole 193,True ===>> OK
GetDriveMoving ===>> False
GetDriveMoving ===>> OK
GetDriveMoving ===>> OK
GetDriveMoving ===>> False
Block completed
GetAutoCorrecting ===>> False
GetAutoCorrecting ===>> False
Block completed
update position
GetPosition ===>> 5.98170,-9.96950,1.00000
got position (5.9817, -9.9695, 1.0)
move to position succeeded
sleep (5,) {}
SLEEP 5.0
block started
WaitControl setup for 5.0  
Join finished
block finished. duration 5.03968501091
close () {'description': 'Microbone to Turbo'}
closing name=--- desc=Microbone to Turbo
checking ownership. requestor=129.138.12.150
check software interlocks U
interlocks []
actuate state mode=None-script, software_lock=False
doing actuation None-script close_channel True
Close U ===>> OK
GetIndicatorState U ===>> False
change switch state (True, True)
update switch state U False args=() kw={} ncanvase=2
18:05:14 -- CLOSE  VALVE-U (Microbone to Turbo)
---------------------------------------- close None (Microbone to Turbo) result=[(True, True)]
action=close, ok=True, locked=[False]
enable laser
enable () {}
set extraction state FusionsCO2 Enabled (False, 'red', 1.5)
enabling laser
Enable ===>> OK
begin interval
BEGIN INTERVAL Interval 1 waiting for 30.0
block started
set extract to 0.4
WaitControl setup for 30.0  
extract (0.4,) {}
GetPosition ===>> 5.98170,-9.96950,1.00000
set extraction state FusionsCO2 ON! 0.4(watts) (0.75, 'red', 1.5)
extract sample to 0.4 (watts)
set laser output
SetLaserOutput 0.4,watts ===>> OK
executing pattern triangle.lp
execute_pattern ('triangle.lp',) {}
executing pattern triangle.lp
IsPatterning ===>> OK
IsPatterning ===>> OK
IsPatterning ===>> OK
IsPatterning ===>> OK
IsPatterning ===>> OK
IsPatterning ===>> OK
IsPatterning ===>> OK
IsPatterning ===>> OK
IsPatterning ===>> OK
IsPatterning ===>> OK
IsPatterning ===>> OK
IsPatterning ===>> OK
IsPatterning ===>> OK
IsPatterning ===>> OK
IsPatterning ===>> OK
IsPatterning ===>> OK
IsPatterning ===>> OK
IsPatterning ===>> OK
IsPatterning ===>> OK
IsPatterning ===>> OK
IsPatterning ===>> OK
IsPatterning ===>> OK
IsPatterning ===>> OK
IsPatterning ===>> OK
IsPatterning ===>> OK
IsPatterning ===>> OK
IsPatterning ===>> OK
IsPatterning ===>> OK
IsPatterning ===>> False
Join finished
block finished. duration 30.0303781033
Interval 1 finished
IsPatterning ===>> False
Block completed
COMPLETE INTERVAL waiting for Interval 1 to complete
end_extract () {}
ending extraction. set laser power to 0
set laser power 0
SetLaserPower 0 ===>> OK
disable () {}
%%%%%%%%%%%%%%%%%%%%%%%%%%%%%%%%%%% disable
set extraction state False (0.75, 'red', 1.5)
disabling laser
Disable ===>> OK
sleep (30.0,) {}
SLEEP 30.0
block started
WaitControl setup for 30.0  
Join finished
block finished. duration 30.0406451225
executed snippet estimated_duration=165.0, duration=75.2450218201
jan_co2.py completed successfully
GetAchievedOutput ===>> No Response
Requested Output= 0.000
Achieved Output=  0.000
GetResponseBlob ===>> No Response
GetOutputBlob ===>> No Response
persistence save...
persistence save - db
AutomatedRunPersister post_extraction_save deprecated
persistence save - dvc
no extraction position for 193
create new session 4991427888
close session 4991427888
Extraction Finished
18:06:16 -- ******* Extraction Finished *******
no overlap. not waiting for min ms pumptime
18:06:16 -- Sending spectrometer configuration
======== Sending configuration ========
SetDeflection CDD,50.0 ===>> OK
SetDeflection H2,0.0 ===>> OK
SetDeflection H1,0.0 ===>> OK
SetDeflection L2,825.0 ===>> OK
SetDeflection L1,400.0 ===>> OK
SetDeflection AX,190.0 ===>> OK
SetZFocus 74.64 ===>> OK
SetZSymmetry -50.72 ===>> OK
SetExtractionLens 26.13 ===>> OK
SetIonRepeller -3.81 ===>> OK
SetElectronEnergy 75.08 ===>> OK
SetYSymmetry -2.81 ===>> OK
SetIonCounterVoltage 1590.0 ===>> OK
send trap current 200.0
GetParameter Trap Current Readback ===>> 198.370811206739
SetParameter Trap Current Set,200.0 ===>> OK
updating mftable name mftable
Using mftable located at /Users/jan/PychronDev/setupfiles/spectrometer/mftables/mftable.csv
============ MFtable ===========
Isotope  H2     H1     AX     L1     L2     CDD    
Ar40     5.7974 5.8796 5.9930 6.1373 6.2314 6.3656
Ar39     5.6967 5.7719 5.8854 6.0234 6.1165 6.2521
Ar36     5.3742 5.4409 5.5487 5.6823 5.7715 5.9032
================================
get initial guess parabolic
get initial guess parabolic
get initial guess parabolic
get initial guess parabolic
get initial guess parabolic
get initial guess parabolic
======== Configuration Finished ========
GetYSymmetry ===>> -2.81
GetZSymmetry ===>> -50.72
GetParameter Trap Current Readback ===>> 198.147042666178
GetHighVoltage ===>> 4500
start measurement
do measurement
L#=65555 analysis type=unknown
Measurement Started jan_unknown120_60.py
18:06:16 -- ******* Measurement Started jan_unknown120_60.py *******
state changed from extraction to measurement
setting spec, defl, and gains
GetExtractionLens ===>> 26.13
GetYSymmetry ===>> -2.81
GetZSymmetry ===>> -50.72
GetZFocus ===>> 74.64
GetDeflection H2 ===>> 0
GetDeflection H1 ===>> 0
GetDeflection AX ===>> 190
GetDeflection L1 ===>> 400
GetDeflection L2 ===>> 825
GetDeflection CDD ===>> 50
GetGain H2 ===>> 0.0113
GetGain H1 ===>> 0.1
GetGain AX ===>> 0.097049
GetGain L1 ===>> 0.010355
GetGain L2 ===>> 0.095649
GetGain CDD ===>> 0
pre measurement save
New frame /Users/jan/PychronDev/data/isotopes/e4/5bd6ed-76f1-4a10-b44c-97ed064f40f8.h5
flush and close file /Users/jan/PychronDev/data/isotopes/e4/5bd6ed-76f1-4a10-b44c-97ed064f40f8.h5
testing...
no interpolation path defined
executed snippet estimated_duration=226.132928, duration=0.000226020812988
unknown measurement script
activate_detectors ('H2', 'H1', 'AX', 'L1', 'L2', 'CDD') {}
activate detectors
*************** Set Analysis View Ar/Ar
create graphs
clearing graphs
clear isotope group
setting isotope det=H2, iso=PM41
setting isotope det=H1, iso=Ar40
setting isotope det=AX, iso=Ar39
setting isotope det=L1, iso=Ar38
setting isotope det=L2, iso=Ar37
setting isotope det=CDD, iso=Ar36
setting previous blanks
 - setting Ar40 blank 0.083+/-0.007
 - setting Ar36 blank 0.00456+/-0.00016
 - setting Ar37 blank 0.059+/-0.005
 - setting Ar38 blank 0.0111+/-0.0023
 - setting PM41 blank 0.02+/-0.06
 - setting Ar39 blank 0.034+/-0.009
load analysis view
position_magnet ('Ar40',) {'detector': 'H1'}
detector Detector(H1)
POSITION Ar40 H1
setting detector H2 to PM41 (40.9624)
setting detector H1 to Ar40 (39.9624)
setting detector AX to Ar39 (38.9624)
setting detector L1 to Ar38 (37.9624)
setting detector L2 to Ar37 (36.9624)
setting detector CDD to Ar36 (35.9624)
Mapping mass to dac mass func: "parabolic"
H1 map mass coeffs = [-0.00063987  0.15840543  0.57121999]
H1 map mass to dac 39.9624 >> 5.87961
GetDeflection H1 ===>> 0
GetHighVoltage ===>> 4500
positioning Ar40 (5.87961) on H1
setting magnet DAC
current  : 5.879610
requested: 5.879610
Delta Dac: 0.000000
Checking detector protection. dv=0.00000
Checking detector "CDD". Protection Threshold: 0.1 (V)
SetMagnetDAC 5.87961 ===>> OK
Magnet settling time: 0.500
update labels <pychron.experiment.plot_panel.PlotPanel object at 0x1b3155230>
update labels "<pychron.graph.stacked_regression_graph.StackedRegressionGraph object at 0x1dd1a6d70>"
setting label 0 H2 PM41
setting label 1 H1 Ar40
setting label 2 AX Ar39
setting label 3 L1 Ar38
setting label 4 L2 Ar37
setting label 5 CDD Ar36
update labels "<pychron.graph.stacked_graph.StackedGraph object at 0x1d6fd8f50>"
setting label 0 H2 PM41
setting label 1 H1 Ar40
setting label 2 AX Ar39
setting label 3 L1 Ar38
setting label 4 L2 Ar37
equilibrate () {'delay': 3, 'inlet': 'R', 'outlet': 'O', 'eqtime': 12.0}
setting label 5 CDD Ar36
Equilibration Started
18:06:18 -- ******* Equilibration Started *******
checking ownership. requestor=129.138.12.150
check software interlocks O
interlocks []
actuate state mode=None-script, software_lock=False
doing actuation None-script close_channel True
Close O ===>> OK
GetIndicatorState O ===>> False
change switch state (True, True)
update switch state O False args=() kw={} ncanvase=2
18:06:18 -- CLOSE  VALVE-O (Jan Ion Pump)
waiting 3s before opening inlet value ('R',)
checking ownership. requestor=129.138.12.150
check software interlocks R
interlocks []
actuate state mode=None-script, software_lock=False
doing actuation None-script open_channel True
Open R ===>> OK
GetIndicatorState R ===>> OK
change switch state (True, True)
update switch state R True args=() kw={} ncanvase=2
18:06:21 -- OPEN   VALVE-R (Jan Inlet)
equilibrating for 12.0sec
set_time_zero () {}
sniff (12.0,) {}
py_sniff
build tables- sniff [Detector(H2), Detector(H1), Detector(AX), Detector(L1), Detector(L2), Detector(CDD)]
add group /sniff/PM41 (Group) '' table H2
add group /sniff/Ar40 (Group) '' table H1
add group /sniff/Ar39 (Group) '' table AX
add group /sniff/Ar38 (Group) '' table L1
add group /sniff/Ar37 (Group) '' table L2
add group /sniff/Ar36 (Group) '' table CDD
flush and close file /Users/jan/PychronDev/data/isotopes/e4/5bd6ed-76f1-4a10-b44c-97ed064f40f8.h5
measuring sniff. ncounts=12.0
"sniff" increment series count="1" fit count="0" regressing="False"
starting measurement
GetData ===>> H2,-0.0614754290007358,H1,-0.0614874711206469,AX,-0.118510585316795,L1,0.00259028155797829,L2,-0....
GetData ===>> H2,0.398916966581972,H1,10.3679630929101,AX,3.34290283821528,L1,0.0687147822378653,L2,0.240688884...
GetData ===>> H2,0.991698688569149,H1,40.1521129864596,AX,10.4089777865336,L1,0.242686529830665,L2,0.3017331191...
GetData ===>> H2,0.276801109262872,H1,51.7907621654313,AX,12.3207108255333,L1,0.2477177071005,L2,0.257265562910...
GetData ===>> H2,0.129791893934895,H1,55.533122177107,AX,13.0818974048461,L1,0.206058889840443,L2,0.13864343098...
GetData ===>> H2,-0.00102460722380512,H1,57.3015523533976,AX,13.1837350059947,L1,0.222134876068585,L2,0.1145626...
GetData ===>> H2,-0.043651037138045,H1,57.8382158316601,AX,13.2822040294951,L1,0.214965700876237,L2,0.173806252...
GetData ===>> H2,0.0372383513169592,H1,58.1479115794739,AX,13.3613923121697,L1,0.184861833753489,L2,0.077814773...
GetData ===>> H2,-0.0392857061512766,H1,58.2692890212263,AX,13.3408240867479,L1,0.19965552457032,L2,0.054769942...
GetData ===>> H2,-0.262483880201586,H1,58.3986340256611,AX,13.2660366570109,L1,0.207389506223889,L2,0.092152079...
GetData ===>> H2,-0.230947379550772,H1,58.5494329577443,AX,13.1916395182287,L1,0.184065404740272,L2,0.111165430...
Equilibration Finished
18:06:33 -- ******* Equilibration Finished *******
checking ownership. requestor=129.138.12.150
check software interlocks R
interlocks []
actuate state mode=None-script, software_lock=False
doing actuation None-script close_channel True
GetData ===>> H2,-0.138391195321488,H1,58.60862090658,AX,13.3361506207053,L1,0.184014570964906,L2,0.11670600199...
Close R ===>> OK
GetIndicatorState R ===>> False
change switch state (True, True)
update switch state R False args=() kw={} ncanvase=2
18:06:34 -- CLOSE  VALVE-R (Jan Inlet)
Post Equilibration Started jan_pump_extraction_line.py
18:06:34 -- ******* Post Equilibration Started jan_pump_extraction_line.py *******
testing...
no interpolation path defined
calculate duration
testing...
no interpolation path defined
executed snippet estimated_duration=4.0, duration=0.00191712379456
executed snippet estimated_duration=4.0, duration=0.0181829929352
Pump after analysis
doing GOSUB
testing...
no interpolation path defined
executed snippet estimated_duration=4.0, duration=0.000123023986816
Pump Microbone
close () {'description': 'Jan Inlet'}
closing name=--- desc=Jan Inlet
checking ownership. requestor=129.138.12.150
check software interlocks R
interlocks []
actuate state mode=None-script, software_lock=False
doing actuation None-script close_channel False
Close R ===>> OK
measurement finished
estimated time: 12.583 actual time: :12.672
flush and close file /Users/jan/PychronDev/data/isotopes/e4/5bd6ed-76f1-4a10-b44c-97ed064f40f8.h5
set_fits () {}
GetIndicatorState R ===>> False
change switch state (True, True)
using default fits file=/Users/jan/PychronDev/scripts/measurement/fits/nominal_linear.yaml
update switch state R False args=() kw={} ncanvase=2
set "Ar40" to "('Linear', 'SEM')"
No fit for "PM41". defaulting to linear. check the measurement script "jan_unknown120_60.py"
18:06:34 -- CLOSE  VALVE-R (Jan Inlet)
set "PM41" to "linear"
---------------------------------------- close None (Jan Inlet) result=[(True, True)]
set "Ar36" to "('Linear', 'SEM')"
set "Ar37" to "('linear', 'SEM')"
set "Ar38" to "('linear', 'SEM')"
set "Ar39" to "('Linear', 'SEM')"
set_baseline_fits () {}
using default fits file=/Users/jan/PychronDev/scripts/measurement/fits/nominal_linear.yaml
set "H1" to "('average', 'SEM')"
set "H2" to "('average', 'SEM')"
set "CDD" to "('average', 'SEM')"
set "L2" to "('average', 'SEM')"
set "L1" to "('average', 'SEM')"
set "AX" to "('average', 'SEM')"
multicollect () {'integration_time': 1, 'ncounts': 120}
build tables- signal [Detector(H2), Detector(H1), Detector(AX), Detector(L1), Detector(L2), Detector(CDD)]
add group /signal/PM41 (Group) '' table H2
add group /signal/Ar40 (Group) '' table H1
add group /signal/Ar39 (Group) '' table AX
add group /signal/Ar38 (Group) '' table L1
add group /signal/Ar37 (Group) '' table L2
add group /signal/Ar36 (Group) '' table CDD
flush and close file /Users/jan/PychronDev/data/isotopes/e4/5bd6ed-76f1-4a10-b44c-97ed064f40f8.h5
measuring signal. ncounts=120
"signal" increment series count="2" fit count="1" regressing="True"
action=close, ok=True, locked=[False]
is_closed ('F',) {}
is F () closed?
is closed True
open () {'description': 'CO2 Laser to Jan'}
opening name=--- desc=CO2 Laser to Jan
checking ownership. requestor=129.138.12.150
check software interlocks A
interlocks []
actuate state mode=None-script, software_lock=False
doing actuation None-script open_channel False
Open A ===>> OK
GetIndicatorState A ===>> OK
change switch state (True, True)
update switch state A True args=() kw={} ncanvase=2
18:06:35 -- OPEN   VALVE-A (CO2 Laser to Jan)
---------------------------------------- open None (CO2 Laser to Jan) result=[(True, True)], time=0.12 sec
action=open, ok=True, locked=[False]
sleep (1,) {}
SLEEP 1.0
starting measurement
GetData ===>> H2,-0.164845039035951,H1,58.5346787409517,AX,13.2883247482961,L1,0.159264887259055,L2,0.179715512...
close () {'description': 'CO2 Laser to Roughing'}
closing name=--- desc=CO2 Laser to Roughing
checking ownership. requestor=129.138.12.150
check software interlocks G
interlocks []
actuate state mode=None-script, software_lock=True
VALVE-G(CO2 Laser to Roughing) software locked
change switch state (True, False)
---------------------------------------- close None (CO2 Laser to Roughing) result=[(True, False)]
action=close, ok=True, locked=[True]
open () {'description': 'Microbone to Turbo'}
opening name=--- desc=Microbone to Turbo
checking ownership. requestor=129.138.12.150
check software interlocks U
interlocks []
actuate state mode=None-script, software_lock=False
doing actuation None-script open_channel True
GetData ===>> H2,-0.0162387757196532,H1,58.5946619548366,AX,13.3284156900486,L1,0.179837586600007,L2,0.07072570...
Open U ===>> OK
GetIndicatorState U ===>> OK
change switch state (True, True)
update switch state U True args=() kw={} ncanvase=2
18:06:36 -- OPEN   VALVE-U (Microbone to Turbo)
---------------------------------------- open None (Microbone to Turbo) result=[(True, True)], time=0.16 sec
action=open, ok=True, locked=[False]
open () {'description': 'Microbone to Getter NP-10'}
opening name=--- desc=Microbone to Getter NP-10
checking ownership. requestor=129.138.12.150
check software interlocks M
interlocks []
actuate state mode=None-script, software_lock=False
doing actuation None-script open_channel False
Open M ===>> OK
GetIndicatorState M ===>> OK
change switch state (True, True)
update switch state M True args=() kw={} ncanvase=2
18:06:36 -- OPEN   VALVE-M (Microbone to Getter NP-10)
---------------------------------------- open None (Microbone to Getter NP-10) result=[(True, True)], time=0.13 sec
action=open, ok=True, locked=[False]
open () {'description': 'Microbone to Getter D-50'}
opening name=--- desc=Microbone to Getter D-50
checking ownership. requestor=129.138.12.150
check software interlocks K
interlocks []
actuate state mode=None-script, software_lock=False
doing actuation None-script open_channel False
GetData ===>> H2,-0.0580812139198298,H1,58.5592546179386,AX,13.3179917977077,L1,0.191384490440595,L2,0.14716207...
Open K ===>> OK
GetIndicatorState K ===>> OK
change switch state (True, True)
update switch state K True args=() kw={} ncanvase=2
18:06:37 -- OPEN   VALVE-K (Microbone to Getter D-50)
---------------------------------------- open None (Microbone to Getter D-50) result=[(True, True)], time=0.42 sec
action=open, ok=True, locked=[False]
open () {'description': 'Microbone to CO2 Laser'}
opening name=--- desc=Microbone to CO2 Laser
checking ownership. requestor=129.138.12.150
check software interlocks T
interlocks []
actuate state mode=None-script, software_lock=False
doing actuation None-script open_channel False
Open T ===>> OK
GetIndicatorState T ===>> OK
change switch state (True, True)
update switch state T True args=() kw={} ncanvase=2
18:06:38 -- OPEN   VALVE-T (Microbone to CO2 Laser)
---------------------------------------- open None (Microbone to CO2 Laser) result=[(True, True)], time=0.40 sec
action=open, ok=True, locked=[False]
open () {'description': 'Microbone to Inlet Pipette'}
opening name=--- desc=Microbone to Inlet Pipette
checking ownership. requestor=129.138.12.150
check software interlocks S
interlocks []
actuate state mode=None-script, software_lock=False
doing actuation None-script open_channel False
GetData ===>> H2,-0.168952213507641,H1,58.4631207707904,AX,13.2618248807819,L1,0.173758958136417,L2,0.104416854...
Open S ===>> OK
GetIndicatorState S ===>> OK
change switch state (True, True)
update switch state S True args=() kw={} ncanvase=2
18:06:38 -- OPEN   VALVE-S (Microbone to Inlet Pipette)
---------------------------------------- open None (Microbone to Inlet Pipette) result=[(True, True)], time=0.40 sec
action=open, ok=True, locked=[False]
sleep (1,) {}
SLEEP 1.0
GetData ===>> H2,-0.185164096518041,H1,58.5942917931863,AX,13.3027234871787,L1,0.17123826011486,L2,0.0006610654...
set_resource () {'name': 'CO2PumpTimeFlag', 'value': 30}
Set CO2PumpTimeFlag 30 ===>> OK
release ('JanCO2Flag',) {}
release JanCO2Flag
Set JanCO2Flag 0 ===>> OK
executed snippet estimated_duration=6.0, duration=5.87672781944
PumpMicrobone.py completed successfully
gosub finished
get_resource_value () {'name': 'JanMiniboneFlag'}
Read JanMiniboneFlag ===>> 0
Get Resource Value JanMiniboneFlag=0.0
get resource value 0.0
get_resource_value () {'name': 'JanMiniboneFlag'}
Read JanMiniboneFlag ===>> 0
Get Resource Value JanMiniboneFlag=0.0
executed snippet estimated_duration=4.0, duration=5.89046192169
jan_pump_extraction_line.py completed successfully
Post Equilibration Finished
18:06:40 -- ******* Post Equilibration Finished *******
GetData ===>> H2,-0.0779925452464491,H1,58.6269009269465,AX,13.2495249934093,L1,0.165531185489898,L2,0.04263667...
GetData ===>> H2,0.0314315535810768,H1,58.6684607953914,AX,13.3009142417951,L1,0.166774420625727,L2,0.122144282...
GetData ===>> H2,-0.0330733874794198,H1,58.5132827202835,AX,13.2333750853167,L1,0.167292077027534,L2,0.09984587...
GetData ===>> H2,-0.00647792145879073,H1,58.4678510362917,AX,13.33313839182,L1,0.173694813559979,L2,0.186286856...
GetData ===>> H2,-0.170356922241294,H1,58.5455939243408,AX,13.2619115921017,L1,0.144936101977938,L2,0.125473529...
GetData ===>> H2,-0.157112547934103,H1,58.6685533205718,AX,13.1557766890566,L1,0.162688995106329,L2,0.052055788...
GetData ===>> H2,-0.145102375299078,H1,58.5611511939428,AX,13.2282358785334,L1,0.144349020835176,L2,0.163893660...
GetData ===>> H2,-0.193766294168968,H1,58.471394996772,AX,13.1941749332739,L1,0.165349792311159,L2,0.0154792483...
GetData ===>> H2,-0.16600189308276,H1,58.4417057725453,AX,13.1297327965106,L1,0.182159345099845,L2,0.1909304210...
GetData ===>> H2,-0.110281030541555,H1,58.4678048113618,AX,13.2470602363164,L1,0.179578435207307,L2,0.025864743...
GetData ===>> H2,-0.130261775032751,H1,58.3853346502561,AX,13.199473394855,L1,0.193564889418354,L2,0.1932465830...
GetData ===>> H2,-0.0915786935478763,H1,58.3869989236269,AX,13.2985102247125,L1,0.168746010217587,L2,0.17996649...
GetData ===>> H2,-0.230688957838406,H1,58.4307554238878,AX,13.1533862737511,L1,0.159358036746162,L2,0.124401772...
GetData ===>> H2,-0.331573250352736,H1,58.5014301082258,AX,13.2433694028015,L1,0.135713044673465,L2,0.109409842...
GetData ===>> H2,-0.16501378239834,H1,58.477019307311,AX,13.1420666081324,L1,0.15615273418966,L2,0.103390929921...
GetData ===>> H2,-0.0945061184797926,H1,58.510092118404,AX,13.0516773867321,L1,0.0786063466228873,L2,0.14956841...
GetData ===>> H2,-0.0762008669061741,H1,58.351129331932,AX,13.1936343255599,L1,0.1279491578645,L2,0.11227123885...
GetData ===>> H2,-0.148026969270885,H1,58.1838898121425,AX,13.088940105403,L1,0.160086325841995,L2,0.1224179148...
GetData ===>> H2,-0.157363808527673,H1,58.4671730723088,AX,13.1166204398523,L1,0.162793067352109,L2,0.222300348...
18:07:00 -- collecting point 25
GetData ===>> H2,-0.107369177929515,H1,58.2790658583715,AX,13.1877986926845,L1,0.164538399830175,L2,0.191934464...
GetData ===>> H2,-0.0409210353928165,H1,58.3452290593826,AX,13.1492496227749,L1,0.172251062628022,L2,0.05635513...
GetData ===>> H2,-0.17252908749085,H1,58.5067166397677,AX,13.1182795134628,L1,0.179498511345108,L2,0.0414279957...
GetData ===>> H2,-0.237022624208036,H1,58.4292293228041,AX,13.1086721113994,L1,0.136880134326934,L2,0.126727727...
GetData ===>> H2,-0.259686628697343,H1,58.2507689464302,AX,13.1838588965334,L1,0.126880866241427,L2,0.064224464...
GetData ===>> H2,-0.231235405118534,H1,58.3241566552007,AX,13.0908091623444,L1,0.170208620598405,L2,0.083467381...
GetData ===>> H2,-0.11054232864338,H1,58.2866722873063,AX,13.0889029721621,L1,0.156966664189857,L2,0.0321467477...
GetData ===>> H2,-0.14421741878897,H1,58.2798819112929,AX,13.1724987482496,L1,0.170698624035907,L2,0.1535715105...
GetData ===>> H2,-0.148108009633279,H1,58.2897365420564,AX,13.0634450709091,L1,0.160363379766558,L2,0.258491907...
GetData ===>> H2,-0.289503742054756,H1,58.3169176599906,AX,13.2612798398557,L1,0.140853595673564,L2,0.092790356...
GetData ===>> H2,-0.230453412065828,H1,58.3440736850611,AX,13.147726286806,L1,0.169159729752817,L2,0.0479276858...
GetData ===>> H2,-0.0960122090388095,H1,58.3618213735382,AX,13.0819592894149,L1,0.169914629884137,L2,0.04601194...
GetData ===>> H2,-0.141174262734585,H1,58.2957112778286,AX,13.227480498471,L1,0.15034585362983,L2,0.11484770862...
GetData ===>> H2,-0.154145630752025,H1,58.2789888725129,AX,13.2809155030236,L1,0.137374315256233,L2,0.058943958...
GetData ===>> H2,-0.211563105017935,H1,58.3086010170078,AX,13.0249544757346,L1,0.150487268449919,L2,0.070201025...
GetData ===>> H2,-0.134075347253408,H1,58.3149770620981,AX,13.1434536343461,L1,0.167368276342991,L2,0.067349566...
GetData ===>> H2,-0.183685694018803,H1,58.2160893576137,AX,12.9907657999783,L1,0.160370638923014,L2,-0.02977739...
GetData ===>> H2,-0.154056449088561,H1,58.1928204935065,AX,13.0863160557158,L1,0.187850814709503,L2,0.104496648...
GetData ===>> H2,-0.18470413978779,H1,58.0451382199765,AX,13.2883123578131,L1,0.1407061340705,L2,0.188739816942...
GetData ===>> H2,-0.231752217634298,H1,58.1485272972091,AX,13.1769955832207,L1,0.109642801685634,L2,0.127879324...
GetData ===>> H2,-0.137451637641349,H1,58.2622378402964,AX,13.0890638829687,L1,0.144258424920043,L2,0.126271653...
GetData ===>> H2,-0.0376094197202182,H1,58.1470495795753,AX,12.9949617135251,L1,0.179629296174247,L2,-0.0031115...
GetData ===>> H2,-0.152987565769211,H1,58.1484657253035,AX,13.0820459278732,L1,0.15320233169048,L2,0.0569481628...
GetData ===>> H2,-0.210998715814823,H1,58.2358811996002,AX,13.0179655894099,L1,0.163649691123361,L2,0.030915396...
GetData ===>> H2,-0.249489372876955,H1,58.3069531531212,AX,13.0251152875041,L1,0.152862606809604,L2,0.152453819...
18:07:26 -- collecting point 50
GetData ===>> H2,-0.136478200850149,H1,58.14721890053,AX,13.1815917230522,L1,0.14248911279609,L2,0.162673193402...
GetData ===>> H2,-0.18948623716598,H1,58.1819959711239,AX,13.1400108711924,L1,0.132457743803565,L2,0.1523967950...
GetData ===>> H2,-0.149570688601149,H1,58.0993099250378,AX,13.1324322405725,L1,0.0986265146075377,L2,0.05245492...
GetData ===>> H2,-0.158860449773281,H1,58.0457692944064,AX,13.1385619726025,L1,0.162033122479459,L2,0.152522249...
GetData ===>> H2,-0.129506255217048,H1,58.1387069492338,AX,13.0230247539228,L1,0.156827577916156,L2,-0.00044450...
GetData ===>> H2,-0.091096361478577,H1,58.1866305418003,AX,12.9837234825413,L1,0.153994261248322,L2,0.076846113...
GetData ===>> H2,-0.270667690387499,H1,58.0826929092048,AX,13.0214414192168,L1,0.150819661472299,L2,0.105009615...
GetData ===>> H2,-0.239549445737434,H1,58.1358133213936,AX,13.0258451286646,L1,0.131280295020295,L2,0.098307067...
GetData ===>> H2,-0.204087715559242,H1,57.9495276086475,AX,13.0331190801779,L1,0.161937528347043,L2,0.084128393...
GetData ===>> H2,-0.174065969039621,H1,57.9515117247188,AX,13.2227502104325,L1,0.174258815600281,L2,0.071900535...
GetData ===>> H2,-0.202408172307778,H1,58.1268557993396,AX,13.0857590725646,L1,0.167769844087494,L2,0.140285519...
GetData ===>> H2,-0.208599410558418,H1,58.1578557799496,AX,13.0763279446166,L1,0.165956867542079,L2,0.083991632...
GetData ===>> H2,-0.174570910881151,H1,58.1291489889536,AX,13.1513922388011,L1,0.191202811632718,L2,-0.00287216...
GetData ===>> H2,-0.257474532922684,H1,58.006971647828,AX,13.0327974321004,L1,0.170818406250066,L2,0.1679315774...
GetData ===>> H2,-0.252259743406793,H1,57.9766772695004,AX,12.9154785962287,L1,0.158265701075642,L2,0.077541268...
GetData ===>> H2,-0.257563240127371,H1,57.9559876334417,AX,13.0454414258111,L1,0.167593249086906,L2,0.050402245...
GetData ===>> H2,-0.214355002826453,H1,57.947358958526,AX,13.0493883496477,L1,0.144531423065773,L2,0.1026727894...
GetData ===>> H2,-0.190540562085332,H1,58.0323326929774,AX,12.9121268942951,L1,0.10709569609225,L2,0.1527845636...
GetData ===>> H2,-0.144871347512254,H1,57.9603406419975,AX,12.9998385930602,L1,0.117125010677722,L2,0.241704865...
GetData ===>> H2,-0.0559367633941009,H1,58.015958244439,AX,12.9382507724888,L1,0.13340704825196,L2,0.1998759079...
GetData ===>> H2,-0.0892549112467247,H1,57.9281195520195,AX,12.9729195900998,L1,0.169020611653835,L2,0.17434240...
GetData ===>> H2,-0.141920262854625,H1,57.9804002177563,AX,13.0371645083593,L1,0.197818012796707,L2,-0.00510600...
GetData ===>> H2,-0.11558975302903,H1,58.0056791066208,AX,12.96195596429,L1,0.17414383410209,L2,0.1226345410455...
GetData ===>> H2,-0.243565761556061,H1,57.8307573664009,AX,13.0521723203023,L1,0.123197130526104,L2,0.086179840...
GetData ===>> H2,-0.236510088579497,H1,57.8723706926564,AX,13.1690550227266,L1,0.122608957352417,L2,0.122771357...
18:07:53 -- collecting point 75
GetData ===>> H2,-0.147458319770912,H1,57.8633624948032,AX,13.0963298844948,L1,0.141980176391001,L2,0.160882443...
GetData ===>> H2,-0.224770559909506,H1,58.0370422704024,AX,12.993513547211,L1,0.149244819333276,L2,0.0568341186...
GetData ===>> H2,-0.12760439323786,H1,57.878780739775,AX,12.9929070562081,L1,0.140436599141246,L2,0.28958025257...
GetData ===>> H2,-0.194771704247462,H1,58.0583712997758,AX,12.9496944090124,L1,0.147189311114849,L2,0.101852064...
GetData ===>> H2,-0.145718426388562,H1,57.7693836530136,AX,12.9835625915901,L1,0.153494915259209,L2,0.073212258...
GetData ===>> H2,-0.183440174180872,H1,57.8645161290323,AX,12.8631746997439,L1,0.141800060124468,L2,0.027084628...
GetData ===>> H2,-0.178173706022512,H1,57.9317795859156,AX,13.0645711757751,L1,0.074339768478099,L2,0.015125864...
GetData ===>> H2,-0.197382880993426,H1,57.7563654796519,AX,12.9560539047451,L1,0.0986421930241046,L2,-0.0234420...
GetData ===>> H2,-0.189443091343458,H1,57.7802049529268,AX,12.9740580916375,L1,0.160916300378073,L2,0.110983029...
GetData ===>> H2,-0.223604286107303,H1,57.7687534632377,AX,13.0115832297879,L1,0.180110065987327,L2,0.061886407...
GetData ===>> H2,-0.140497144061313,H1,57.7915191008528,AX,12.9051764772894,L1,0.177990974454004,L2,0.146010244...
GetData ===>> H2,-0.175857465739597,H1,57.7350504815997,AX,12.9410713571019,L1,0.162878988266025,L2,0.159855913...
GetData ===>> H2,-0.153969969229713,H1,57.8017119071461,AX,12.9749367263591,L1,0.126778267888611,L2,0.143900495...
GetData ===>> H2,-0.0961476390567001,H1,57.7885059971185,AX,12.9385724142312,L1,0.132086983638468,L2,0.08722837...
GetData ===>> H2,-0.149270875045924,H1,57.7996671318042,AX,12.9009470918778,L1,0.18310928822098,L2,0.0528882728...
GetData ===>> H2,-0.157167933812335,H1,57.8772589012025,AX,12.8868751144912,L1,0.1657839320559,L2,0.07512854766...
GetData ===>> H2,-0.126644555099029,H1,57.8300346102093,AX,12.8817438927224,L1,0.132460159223693,L2,0.098956783...
GetData ===>> H2,-0.14738673004559,H1,57.6745670374408,AX,12.815358793776,L1,0.145833701186543,L2,0.12773109795...
GetData ===>> H2,-0.203673918664967,H1,57.7171191058111,AX,13.0776027058288,L1,0.128197838513509,L2,0.160141059...
GetData ===>> H2,-0.0893633198178652,H1,57.7069944345915,AX,12.8962232452556,L1,0.152977459144335,L2,0.12680754...
GetData ===>> H2,-0.127772018614709,H1,57.6753350008827,AX,12.9093194634252,L1,0.142133700834869,L2,0.032420383...
GetData ===>> H2,-0.0799546648831184,H1,57.7165045355799,AX,12.8076543148847,L1,0.14834812667274,L2,0.120912946...
GetData ===>> H2,-0.154311831070878,H1,57.601974785532,AX,12.8649424624941,L1,0.135688882746149,L2,0.0702238376...
GetData ===>> H2,-0.154872570264407,H1,57.6600098604753,AX,12.9941943066379,L1,0.143212063995768,L2,0.075527779...
GetData ===>> H2,-0.104553329121245,H1,57.5774133981336,AX,12.9639976353214,L1,0.14410139391745,L2,0.0636656065...
18:08:19 -- collecting point 100
GetData ===>> H2,-0.127359709815811,H1,57.6609473636216,AX,13.0052479887868,L1,0.134420462427397,L2,0.113354259...
GetData ===>> H2,-0.160431170209782,H1,57.7101285422508,AX,12.8717418306529,L1,0.156774362802567,L2,0.136442619...
GetData ===>> H2,-0.113765413349233,H1,57.7496186788983,AX,12.8046369862958,L1,0.164557746735258,L2,0.120035059...
GetData ===>> H2,-0.242547012369156,H1,57.5453784973964,AX,12.9116692902511,L1,0.164037811479644,L2,0.032123944...
GetData ===>> H2,-0.282442408591967,H1,57.7287657653418,AX,12.8798151135188,L1,0.151092836254036,L2,0.138768867...
GetData ===>> H2,-0.182239478506924,H1,57.7352809782382,AX,12.9313604560528,L1,0.158164094431511,L2,0.060221289...
GetData ===>> H2,-0.12366989322007,H1,57.7500950928832,AX,12.9280453500644,L1,0.145084689631095,L2,0.0862824139...
GetData ===>> H2,-0.228128648391735,H1,57.7054274093258,AX,12.926523900298,L1,0.168258520234109,L2,0.0946368234...
GetData ===>> H2,-0.168952213507641,H1,57.7175185780319,AX,12.898461480859,L1,0.169267396372462,L2,0.0267768053...
GetData ===>> H2,-0.19234562952668,H1,57.5590453382813,AX,12.8881486859387,L1,0.147885309587449,L2,0.1471848814...
GetData ===>> H2,-0.25773527635489,H1,57.5185250737358,AX,12.8026337264446,L1,0.14883392606565,L2,0.11444869328...
GetData ===>> H2,-0.184455944229256,H1,57.6382340417151,AX,12.8410122301465,L1,0.160434761697182,L2,0.080641035...
GetData ===>> H2,-0.111890693760396,H1,57.6148948169576,AX,12.8878024707946,L1,0.155152645107646,L2,0.146774326...
GetData ===>> H2,-0.137770690413966,H1,57.4309277252045,AX,12.7685224183703,L1,0.161120779742655,L2,0.178597516...
GetData ===>> H2,-0.167089795064269,H1,57.5953693244604,AX,12.797539190489,L1,0.151168988057267,L2,0.1594681161...
GetData ===>> H2,-0.257771564911657,H1,57.6101322289958,AX,12.8152474890447,L1,0.101839891592189,L2,0.109945635...
GetData ===>> H2,-0.229846354323499,H1,57.5065203788234,AX,12.9655691306724,L1,0.13390105990802,L2,0.0449514571...
GetData ===>> H2,-0.203024213519702,H1,57.5865984097837,AX,12.8481190319213,L1,0.144659468975376,L2,0.040287744...
GetData ===>> H2,-0.269395073041189,H1,57.4824931114994,AX,12.7759149284774,L1,0.147343973315273,L2,0.020381152...
GetData ===>> H2,-0.218116066213986,H1,57.3987366984234,AX,12.9750481031225,L1,0.132101475637795,L2,0.160243712...
GetData ===>> H2,-0.221850608658562,H1,57.3096968197386,AX,12.8894964630351,L1,0.159982281343194,L2,0.161395712...
measurement finished
estimated time: 125.829 actual time: :126.119
flush and close file /Users/jan/PychronDev/data/isotopes/e4/5bd6ed-76f1-4a10-b44c-97ed064f40f8.h5
baselines () {'settling_time': 15.0, 'detector': 'H1', 'mass': 34.2, 'ncounts': 60}
%%%%%%%%%%%%%%%%%%%%%%%%%%%%%%%% Baseline
build tables- baseline [Detector(H2), Detector(H1), Detector(AX), Detector(L1), Detector(L2), Detector(CDD)]
add group baseline table H2
add group baseline table H1
add group baseline table AX
add group baseline table L1
add group baseline table L2
add group baseline table CDD
flush and close file /Users/jan/PychronDev/data/isotopes/e4/5bd6ed-76f1-4a10-b44c-97ed064f40f8.h5
detector Detector(H1)
POSITION 34.2 H1
Mapping mass to dac mass func: "parabolic"
H1 map mass coeffs = [-0.00063987  0.15840543  0.57121999]
H1 map mass to dac 34.2 >> 5.24026599104
GetDeflection H1 ===>> 0
GetHighVoltage ===>> 4500
positioning 34.2 (5.24026599104) on H1
setting magnet DAC
current  : 5.879610
requested: 5.240266
Delta Dac: 0.639344
Checking detector protection. dv=0.63934
Checking detector "CDD". Protection Threshold: 0.1 (V)
ProtectDetector CDD,On ===>> OK
GetDeflection CDD ===>> 2000
Protected = 2000
SetMagnetDAC 5.24026599104 ===>> OK
Magnet settling time: 0.500
GetMagnetMoving ===>> True
GetMagnetMoving ===>> True
GetMagnetMoving ===>> True
GetMagnetMoving ===>> True
GetMagnetMoving ===>> True
GetMagnetMoving ===>> True
GetMagnetMoving ===>> True
GetMagnetMoving ===>> True
GetMagnetMoving ===>> False
ProtectDetector CDD,Off ===>> OK
GetDeflection CDD ===>> 50
Delaying 15.0s for detectors to settle
Join finished
measuring baseline. ncounts=60
"baseline" increment series count="2" fit count="1" regressing="True"
starting measurement
GetData ===>> H2,-0.170440578552846,H1,-0.0446651633571048,AX,-0.105497894953164,L1,0.00103819503813886,L2,-0.0...
GetData ===>> H2,-0.229033303501381,H1,-0.137122755155672,AX,-0.0777285793674212,L1,0.0170032882562686,L2,-0.01...
GetData ===>> H2,-0.243428498199234,H1,-0.0858038810599869,AX,0.0386386705735116,L1,-0.0118434087029236,L2,0.01...
GetData ===>> H2,-0.228432900604658,H1,-0.0380475345319596,AX,-0.0181879194217664,L1,-0.0577300176898583,L2,-0....
GetData ===>> H2,-0.199432638823416,H1,-0.0707021786575666,AX,-0.112450572960063,L1,-0.029044173727234,L2,-0.06...
GetData ===>> H2,-0.238516871018278,H1,0.0265897574087905,AX,-0.0673188387784406,L1,-0.0444643852151254,L2,0.02...
GetData ===>> H2,-0.25151611361514,H1,-0.0293902999824567,AX,-0.0619048697966191,L1,-0.00965185699134992,L2,0.0...
GetData ===>> H2,-0.185470274361863,H1,-0.0621073745750376,AX,0.0354356368154113,L1,-0.0260238761389997,L2,-0.0...
GetData ===>> H2,-0.121737297410064,H1,-0.070642577842439,AX,0.00215817388301719,L1,-0.0416409576080634,L2,0.00...
GetData ===>> H2,-0.118838463112264,H1,-0.0517711748188486,AX,-0.0974785226062827,L1,-0.0430874946036485,L2,-0....
GetData ===>> H2,-0.17171153877305,H1,-0.0197424442676784,AX,-0.0695909929809849,L1,-0.0308432217449185,L2,-0.1...
GetData ===>> H2,-0.182885711441164,H1,0.0316370157977588,AX,-0.0881951577698131,L1,-0.0139146337827684,L2,-0.0...
GetData ===>> H2,-0.266073765816057,H1,-0.0838015764510701,AX,-0.0331953673732421,L1,-0.0210523676885557,L2,-0....
GetData ===>> H2,-0.157117951446327,H1,-0.0454759418431426,AX,-0.0790152294343122,L1,-0.00294115961851875,L2,-0...
GetData ===>> H2,-0.223477685635436,H1,-0.0573149441122077,AX,-0.0309919457680661,L1,-0.00866142598589086,L2,0....
GetData ===>> H2,-0.187100835367335,H1,0.029763653792725,AX,-0.0671101688957598,L1,0.0214275784782701,L2,0.0069...
GetData ===>> H2,-0.175227031620474,H1,-0.0450467069923242,AX,-0.0596905044681983,L1,-0.0366435342861359,L2,0.0...
GetData ===>> H2,-0.195727970039922,H1,-0.0356626961647731,AX,-0.0824693950126095,L1,-0.0405882555061946,L2,-0....
GetData ===>> H2,-0.275192583299217,H1,-0.0334685946754785,AX,-0.00788780622539178,L1,-0.0341374479121458,L2,-0...
GetData ===>> H2,-0.205211764907047,H1,-0.0215671409485417,AX,-0.0411272721187015,L1,-0.0412038421365959,L2,-0....
GetData ===>> H2,-0.210013997989652,H1,-0.0729431435458004,AX,-0.14340600900317,L1,-0.0320863171972721,L2,-0.02...
GetData ===>> H2,-0.223433240452589,H1,-0.045285171025644,AX,-0.132239809525376,L1,-0.0333699693030265,L2,-0.01...
GetData ===>> H2,-0.217896428080989,H1,-0.0621908228237043,AX,-0.0351784041664603,L1,-0.0134484055932846,L2,-0....
GetData ===>> H2,-0.288919607091194,H1,-0.0629060906720767,AX,0.00829531621238359,L1,-0.0133381376703027,L2,-0....
18:09:24 -- collecting point 25
GetData ===>> H2,-0.323547860855103,H1,-0.0606768223474273,AX,-0.00856059463879138,L1,-0.0317929222042998,L2,0....
GetData ===>> H2,-0.235697517241911,H1,-0.025240285670791,AX,-0.138663653967677,L1,-0.0085822832262502,L2,-0.00...
GetData ===>> H2,-0.248081064683935,H1,-0.00570428621344805,AX,-0.0432376992888067,L1,-0.0383747064400548,L2,0....
GetData ===>> H2,-0.0777770708753402,H1,-0.0339217282720348,AX,-0.0483164518061564,L1,-0.0240070439395853,L2,-0...
GetData ===>> H2,-0.0697731693166971,H1,-0.0916198719770332,AX,-0.122496314988568,L1,-0.0348161952694726,L2,-0....
GetData ===>> H2,-0.155662962743783,H1,-0.079367759363058,AX,-0.148820591335843,L1,-0.0319462071870365,L2,-0.08...
GetData ===>> H2,-0.219293685012967,H1,-0.0326815682895053,AX,-0.0292987563238195,L1,-0.0412277941616451,L2,-0....
GetData ===>> H2,-0.208133231554518,H1,0.0637640659218121,AX,-0.0684897003760106,L1,-0.0307965128505856,L2,0.02...
GetData ===>> H2,-0.366456932713992,H1,0.084765012290622,AX,-0.0892846372221999,L1,-0.0546884635808928,L2,0.059...
GetData ===>> H2,-0.346797426246793,H1,0.0136923641536725,AX,-0.0673304315366011,L1,-0.0395989264047866,L2,-0.0...
GetData ===>> H2,-0.25058549881954,H1,0.00529384506366988,AX,-0.161016790396246,L1,-0.00806544172298503,L2,-0.0...
GetData ===>> H2,-0.220409210714586,H1,-0.0316798893926993,AX,-0.132274564596145,L1,0.00427588075530659,L2,-0.0...
GetData ===>> H2,-0.196654588146269,H1,-0.0553001473565072,AX,0.0139339392440888,L1,-0.0294035299486867,L2,-0.0...
GetData ===>> H2,-0.0697677447099082,H1,-0.0027699789238554,AX,0.0234600093993659,L1,-0.0106110193068215,L2,-0....
GetData ===>> H2,-0.0824528963581662,H1,-0.0947065003251478,AX,-0.0793281957968993,L1,-0.0462983499190092,L2,-0...
GetData ===>> H2,-0.0836300180301264,H1,0.00146464054842106,AX,-0.095346092695354,L1,-0.0401750487782709,L2,-0....
GetData ===>> H2,-0.0789479013030082,H1,-0.0684492431543003,AX,-0.0581485344522868,L1,-0.0349312375560137,L2,-0...
GetData ===>> H2,-0.0318728900527623,H1,-0.081930338899938,AX,-0.106865294212711,L1,-0.00157208385388091,L2,0.0...
GetData ===>> H2,-0.051368456164766,H1,0.0462790844310891,AX,-0.0397473526854076,L1,-0.0201088460596019,L2,0.07...
GetData ===>> H2,-0.182077577212983,H1,-0.0766620809038663,AX,-0.0725354404175316,L1,-0.0170055104425069,L2,0.0...
GetData ===>> H2,-0.136073929635771,H1,-0.00479776143629247,AX,-0.061835309348715,L1,-0.0390886532318504,L2,-0....
GetData ===>> H2,-0.205535211647727,H1,-0.0831818073800282,AX,-0.033148980064053,L1,-0.0215175020745695,L2,-0.0...
GetData ===>> H2,-0.233648340212754,H1,0.00265752344310601,AX,-0.0065306154461839,L1,0.0112724978626843,L2,0.00...
GetData ===>> H2,-0.0970752912909068,H1,-0.0532733878002343,AX,-0.051365895029239,L1,0.0331138134936543,L2,0.00...
GetData ===>> H2,-0.0994069527332724,H1,-0.0305947259412463,AX,-0.0845905164587197,L1,0.0164172124785742,L2,-0....
18:09:51 -- collecting point 50
GetData ===>> H2,-0.173275082932746,H1,-0.0177268909673288,AX,-0.0405474764209184,L1,0.00677467611633934,L2,-0....
GetData ===>> H2,-0.149265472927175,H1,-0.083420180553939,AX,-0.165560990596431,L1,-0.0231908489463231,L2,-0.03...
GetData ===>> H2,-0.18698081034885,H1,-0.0735510562179574,AX,-0.204085421911869,L1,-0.00563317232097817,L2,-0.0...
GetData ===>> H2,-0.16075528146702,H1,-0.0286509422142921,AX,-0.0680491798439888,L1,-0.0397690117054721,L2,-0.0...
GetData ===>> H2,-0.272139017184875,H1,-0.0425189533050261,AX,0.0512545421378536,L1,-0.0391401608544277,L2,-0.0...
GetData ===>> H2,-0.0873272026686907,H1,-0.054167551487949,AX,-0.0986026652127625,L1,-0.0298934315756829,L2,-0....
GetData ===>> H2,-0.174360296165185,H1,0.0127021612007951,AX,0.00268022197306322,L1,-0.0147049708987492,L2,0.06...
GetData ===>> H2,-0.174110523637073,H1,-0.0963987426347178,AX,-0.0759666525752405,L1,-0.002193650524367,L2,-0.0...
GetData ===>> H2,-0.183778774323647,H1,-0.0857800443360145,AX,-0.00802700420969511,L1,-0.00625808658154359,L2,-...
GetData ===>> H2,-0.220091270162185,H1,-0.102774187243493,AX,-0.113134226132224,L1,-0.00881251498093797,L2,-0.0...
GetData ===>> H2,-0.269823774332426,H1,-0.101606379184438,AX,-0.194096496479168,L1,-0.0396731893548776,L2,0.016...
measurement finished
estimated time: 62.915 actual time: :63.075
flush and close file /Users/jan/PychronDev/data/isotopes/e4/5bd6ed-76f1-4a10-b44c-97ed064f40f8.h5
activate_detectors ('H1', 'AX', 'CDD') {'peak_center': True}
peak_center () {'detector': 'H1', 'integration_time': 0.262144, 'isotope': 'Ar40'}
peak center: mean=57.5173603556 threshold=3
peak center started
setup peak center. detector=['H1', 'AX', 'CDD'], isotope=Ar40
VersionedUnpickler [<apptools.sweet_pickle.versioned_unpickler.VersionedUnpickler object at 0x1e4a58e90>] using Updater [<apptools.sweet_pickle.updater.Updater object at 0x1373f1ad0>]
VersionedUnpickler [<apptools.sweet_pickle.versioned_unpickler.VersionedUnpickler object at 0x1e4a58e90>] using Updater [<apptools.sweet_pickle.updater.Updater object at 0x1373f1ad0>]
VersionedUnpickler [<apptools.sweet_pickle.versioned_unpickler.VersionedUnpickler object at 0x1d6de7650>] using Updater [<apptools.sweet_pickle.updater.Updater object at 0x1373f1ad0>]
setting integration time = 0.524288
SetIntegrationTime 0.524288 ===>> OK
Mapping mass to dac mass func: "parabolic"
H1 map mass coeffs = [-0.00063987  0.15840543  0.57121999]
H1 map mass to dac 39.9624 >> 5.87961
GetDeflection H1 ===>> 0
GetHighVoltage ===>> 4500
do peak center. <pychron.spectrometer.jobs.peak_center.PeakCenter object at 0x1376ecfb0>
doing pc
starting peak center. center dac= 5.87961 step_width=0.001
width = 0.001
get scan parameters. half-width=0.015,window=0.015, i=0, scalar=1
Scan parameters center=5.87961 width=0.03000 (5.86461 - 5.89461)
GetData ===>> H2,-0.332342589759585,H1,-0.0381906230268346,AX,0.00988477154034127,L1,-0.0430168490404915,L2,-0....
Moving to starting dac 5.86461
setting magnet DAC
current  : 5.240266
requested: 5.864610
Delta Dac: 0.624344
Checking detector protection. dv=0.62434
Checking detector "CDD". Protection Threshold: 0.1 (V)
ProtectDetector CDD,On ===>> OK
GetDeflection CDD ===>> 2000
Protected = 2000
SetMagnetDAC 5.86461 ===>> OK
Magnet settling time: 0.500
GetMagnetMoving ===>> True
GetMagnetMoving ===>> True
GetMagnetMoving ===>> True
GetMagnetMoving ===>> True
GetMagnetMoving ===>> True
GetMagnetMoving ===>> True
GetMagnetMoving ===>> True
GetMagnetMoving ===>> True
GetMagnetMoving ===>> False
ProtectDetector CDD,Off ===>> OK
GetDeflection CDD ===>> 50
Wait until signal near baseline. tol= -0.0286429672701. timeout= 10
GetData ===>> H2,0.367560433058545,H1,0.164112254374849,AX,-0.00553301015675859,L1,0.0257041212081472,L2,0.1095...
GetData ===>> H2,5.05297492973809,H1,2.28880573670616,AX,0.0190391471594945,L1,0.0220229236164769,L2,-0.2174953...
GetData ===>> H2,4.78531338428998,H1,2.05499078949438,AX,0.292215047935602,L1,-0.00568834865382277,L2,-0.090595...
GetData ===>> H2,2.45067681302131,H1,0.944365725600105,AX,0.0838353556080172,L1,-0.0372114395359409,L2,-0.16762...
GetData ===>> H2,0.96915240741045,H1,0.442312879467522,AX,-0.0511803803006072,L1,-0.0432096264396246,L2,-0.0111...
GetData ===>> H2,0.310452251470369,H1,0.282028737107365,AX,0.0270455805456874,L1,-0.0578259830317781,L2,-0.1028...
GetData ===>> H2,0.0472540806763652,H1,0.114967676718902,AX,-0.0585311307955176,L1,-0.0657641697147498,L2,0.138...
GetData ===>> H2,-0.0764936263781822,H1,0.0865077550931349,AX,-0.124222641400792,L1,-0.0880623915739309,L2,0.14...
GetData ===>> H2,-0.178525338881719,H1,0.056566806186731,AX,-0.0188026439620028,L1,-0.0545159540429929,L2,0.028...
GetData ===>> H2,-0.215822728540076,H1,-0.0374632543878704,AX,-0.144843500867811,L1,0.000822146275335677,L2,-0....
Peak center baseline intensity achieved
_do_sweep sm= 5.86461, em= 5.89461, stm= 0.001
calculated step values: start=5.86461, end=5.89461, width=0.001, nsteps=31.0
setting magnet DAC
current  : 5.864610
requested: 5.864610
Delta Dac: 0.000000
Checking detector protection. dv=0.00000
Checking detector "CDD". Protection Threshold: 0.1 (V)
SetMagnetDAC 5.86461 ===>> OK
GetData ===>> H2,-0.215822728540076,H1,-0.0374632543878704,AX,-0.144843500867811,L1,0.000822146275335677,L2,-0....
setting magnet DAC
current  : 5.864610
requested: 5.865644
Delta Dac: 0.001034
Checking detector protection. dv=0.00103
Checking detector "CDD". Protection Threshold: 0.1 (V)
SetMagnetDAC 5.86564448276 ===>> OK
Magnet settling time: 1.049
GetData ===>> H2,-0.154867165681673,H1,0.106695827284953,AX,-0.197441644590421,L1,-0.0377289961215774,L2,-0.056...
setting magnet DAC
current  : 5.865644
requested: 5.866679
Delta Dac: 0.001034
Checking detector protection. dv=0.00103
Checking detector "CDD". Protection Threshold: 0.1 (V)
SetMagnetDAC 5.86667896552 ===>> OK
Magnet settling time: 1.049
GetData ===>> H2,-0.057143534934765,H1,0.416007469704405,AX,0.0376290072548023,L1,-0.0569842294000497,L2,0.1572...
setting magnet DAC
current  : 5.866679
requested: 5.867713
Delta Dac: 0.001034
Checking detector protection. dv=0.00103
Checking detector "CDD". Protection Threshold: 0.1 (V)
SetMagnetDAC 5.86771344828 ===>> OK
Magnet settling time: 1.049
GetData ===>> H2,-0.146106632745781,H1,1.17124569735221,AX,0.206660720038981,L1,-0.019566381555093,L2,0.0027100...
setting magnet DAC
current  : 5.867713
requested: 5.868748
Delta Dac: 0.001034
Checking detector protection. dv=0.00103
Checking detector "CDD". Protection Threshold: 0.1 (V)
SetMagnetDAC 5.86874793103 ===>> OK
Magnet settling time: 1.049
GetData ===>> H2,-0.125022108899251,H1,4.00669117416823,AX,0.48304184665824,L1,-0.00142928609086269,L2,-0.04492...
setting magnet DAC
current  : 5.868748
requested: 5.869782
Delta Dac: 0.001034
Checking detector protection. dv=0.00103
Checking detector "CDD". Protection Threshold: 0.1 (V)
SetMagnetDAC 5.86978241379 ===>> OK
Magnet settling time: 1.049
GetData ===>> H2,-0.135623303921036,H1,10.9347121163671,AX,1.48689976746609,L1,0.0129205548615273,L2,0.03737873...
setting magnet DAC
current  : 5.869782
requested: 5.870817
Delta Dac: 0.001034
Checking detector protection. dv=0.00103
Checking detector "CDD". Protection Threshold: 0.1 (V)
SetMagnetDAC 5.87081689655 ===>> OK
Magnet settling time: 1.049
GetData ===>> H2,-0.295014605357967,H1,28.5969570004719,AX,4.98561162948447,L1,0.0665400330303629,L2,-0.0061942...
setting magnet DAC
current  : 5.870817
requested: 5.871851
Delta Dac: 0.001034
Checking detector protection. dv=0.00103
Checking detector "CDD". Protection Threshold: 0.1 (V)
SetMagnetDAC 5.87185137931 ===>> OK
Magnet settling time: 1.049
GetData ===>> H2,-0.0230581279134527,H1,42.1427225261562,AX,7.95095918499402,L1,0.0580525208823446,L2,-0.032970...
setting magnet DAC
current  : 5.871851
requested: 5.872886
Delta Dac: 0.001034
Checking detector protection. dv=0.00103
Checking detector "CDD". Protection Threshold: 0.1 (V)
SetMagnetDAC 5.87288586207 ===>> OK
Magnet settling time: 1.049
GetData ===>> H2,-0.0131898395575498,H1,50.611719444412,AX,10.3551095717832,L1,0.085368862540438,L2,0.014257318...
setting magnet DAC
current  : 5.872886
requested: 5.873920
Delta Dac: 0.001034
Checking detector protection. dv=0.00103
Checking detector "CDD". Protection Threshold: 0.1 (V)
SetMagnetDAC 5.87392034483 ===>> OK
Magnet settling time: 1.049
GetData ===>> H2,-0.284167517780657,H1,54.4041897015607,AX,11.7215492090743,L1,0.0839776637288188,L2,-0.0424405...
setting magnet DAC
current  : 5.873920
requested: 5.874955
Delta Dac: 0.001034
Checking detector protection. dv=0.00103
Checking detector "CDD". Protection Threshold: 0.1 (V)
SetMagnetDAC 5.87495482759 ===>> OK
Magnet settling time: 1.049
GetData ===>> H2,-0.20175974258134,H1,55.8236517087769,AX,12.1156817983744,L1,0.118786060212982,L2,0.1144828945...
setting magnet DAC
current  : 5.874955
requested: 5.875989
Delta Dac: 0.001034
Checking detector protection. dv=0.00103
Checking detector "CDD". Protection Threshold: 0.1 (V)
SetMagnetDAC 5.87598931034 ===>> OK
Magnet settling time: 1.049
GetData ===>> H2,-0.285086393398753,H1,56.1829362965309,AX,12.2893958652551,L1,0.16195809916028,L2,-0.041689322...
setting magnet DAC
current  : 5.875989
requested: 5.877024
Delta Dac: 0.001034
Checking detector protection. dv=0.00103
Checking detector "CDD". Protection Threshold: 0.1 (V)
SetMagnetDAC 5.8770237931 ===>> OK
Magnet settling time: 1.049
GetData ===>> H2,-0.0242976061397535,H1,56.2862338731422,AX,12.2549071405194,L1,0.146807498904155,L2,0.11393567...
setting magnet DAC
current  : 5.877024
requested: 5.878058
Delta Dac: 0.001034
Checking detector protection. dv=0.00103
Checking detector "CDD". Protection Threshold: 0.1 (V)
SetMagnetDAC 5.87805827586 ===>> OK
Magnet settling time: 1.049
GetData ===>> H2,-0.244953104366001,H1,56.2953676360157,AX,12.3935394193999,L1,0.0984738223471355,L2,0.10816727...
setting magnet DAC
current  : 5.878058
requested: 5.879093
Delta Dac: 0.001034
Checking detector protection. dv=0.00103
Checking detector "CDD". Protection Threshold: 0.1 (V)
SetMagnetDAC 5.87909275862 ===>> OK
Magnet settling time: 1.049
GetData ===>> H2,-0.117964474246779,H1,56.3457524857635,AX,12.2957755259082,L1,0.151748002207946,L2,0.104724633...
setting magnet DAC
current  : 5.879093
requested: 5.880127
Delta Dac: 0.001034
Checking detector protection. dv=0.00103
Checking detector "CDD". Protection Threshold: 0.1 (V)
SetMagnetDAC 5.88012724138 ===>> OK
Magnet settling time: 1.049
GetData ===>> H2,-0.317451736664094,H1,56.3160813881122,AX,12.2913663748301,L1,0.19848704197218,L2,0.1911472022...
setting magnet DAC
current  : 5.880127
requested: 5.881162
Delta Dac: 0.001034
Checking detector protection. dv=0.00103
Checking detector "CDD". Protection Threshold: 0.1 (V)
SetMagnetDAC 5.88116172414 ===>> OK
Magnet settling time: 1.049
GetData ===>> H2,-0.209985707975125,H1,56.3359734048814,AX,12.2615181010498,L1,0.157029556000314,L2,0.052211271...
setting magnet DAC
current  : 5.881162
requested: 5.882196
Delta Dac: 0.001034
Checking detector protection. dv=0.00103
Checking detector "CDD". Protection Threshold: 0.1 (V)
SetMagnetDAC 5.8821962069 ===>> OK
Magnet settling time: 1.049
GetData ===>> H2,-0.278227783450068,H1,56.2866004330356,AX,12.2668466453175,L1,0.181968117537638,L2,0.029245736...
setting magnet DAC
current  : 5.882196
requested: 5.883231
Delta Dac: 0.001034
Checking detector protection. dv=0.00103
Checking detector "CDD". Protection Threshold: 0.1 (V)
SetMagnetDAC 5.88323068966 ===>> OK
Magnet settling time: 1.049
GetData ===>> H2,-0.161677597363714,H1,56.178693806745,AX,12.1528608774803,L1,0.108488565066956,L2,-0.022087813...
setting magnet DAC
current  : 5.883231
requested: 5.884265
Delta Dac: 0.001034
Checking detector protection. dv=0.00103
Checking detector "CDD". Protection Threshold: 0.1 (V)
SetMagnetDAC 5.88426517241 ===>> OK
Magnet settling time: 1.049
GetData ===>> H2,-0.249521652953418,H1,55.7230171359483,AX,12.1255604218788,L1,0.108324546298726,L2,0.056882516...
setting magnet DAC
current  : 5.884265
requested: 5.885300
Delta Dac: 0.001034
Checking detector protection. dv=0.00103
Checking detector "CDD". Protection Threshold: 0.1 (V)
SetMagnetDAC 5.88529965517 ===>> OK
Magnet settling time: 1.049
GetData ===>> H2,-0.250099988680974,H1,54.3957898793886,AX,11.527951605293,L1,0.110932276977127,L2,0.0957424411...
setting magnet DAC
current  : 5.885300
requested: 5.886334
Delta Dac: 0.001034
Checking detector protection. dv=0.00103
Checking detector "CDD". Protection Threshold: 0.1 (V)
SetMagnetDAC 5.88633413793 ===>> OK
Magnet settling time: 1.049
GetData ===>> H2,-0.134447983919945,H1,49.9545591002062,AX,9.94469986379679,L1,0.0988425093262427,L2,0.02651211...
setting magnet DAC
current  : 5.886334
requested: 5.887369
Delta Dac: 0.001034
Checking detector protection. dv=0.00103
Checking detector "CDD". Protection Threshold: 0.1 (V)
SetMagnetDAC 5.88736862069 ===>> OK
Magnet settling time: 1.049
GetData ===>> H2,-0.295543399085209,H1,39.7404249668217,AX,7.05099111229679,L1,0.127134637831054,L2,0.043074520...
setting magnet DAC
current  : 5.887369
requested: 5.888403
Delta Dac: 0.001034
Checking detector protection. dv=0.00103
Checking detector "CDD". Protection Threshold: 0.1 (V)
SetMagnetDAC 5.88840310345 ===>> OK
Magnet settling time: 1.049
GetData ===>> H2,-0.212612336088968,H1,25.3179299492073,AX,3.74996896010512,L1,0.0923310162919242,L2,0.01377900...
setting magnet DAC
current  : 5.888403
requested: 5.889438
Delta Dac: 0.001034
Checking detector protection. dv=0.00103
Checking detector "CDD". Protection Threshold: 0.1 (V)
SetMagnetDAC 5.88943758621 ===>> OK
Magnet settling time: 1.049
GetData ===>> H2,-0.364095530495702,H1,12.2080427142278,AX,1.46361651567601,L1,0.0705938439723122,L2,0.01648948...
setting magnet DAC
current  : 5.889438
requested: 5.890472
Delta Dac: 0.001034
Checking detector protection. dv=0.00103
Checking detector "CDD". Protection Threshold: 0.1 (V)
SetMagnetDAC 5.89047206897 ===>> OK
Magnet settling time: 1.049
GetData ===>> H2,-0.257212439380412,H1,4.45204685988807,AX,0.442586156389593,L1,-0.00537887748723918,L2,-0.0426...
setting magnet DAC
current  : 5.890472
requested: 5.891507
Delta Dac: 0.001034
Checking detector protection. dv=0.00103
Checking detector "CDD". Protection Threshold: 0.1 (V)
SetMagnetDAC 5.89150655172 ===>> OK
Magnet settling time: 1.049
GetData ===>> H2,-0.111151549574601,H1,1.30773688289148,AX,0.054612933516661,L1,-0.00563797027496584,L2,-0.0254...
setting magnet DAC
current  : 5.891507
requested: 5.892541
Delta Dac: 0.001034
Checking detector protection. dv=0.00103
Checking detector "CDD". Protection Threshold: 0.1 (V)
SetMagnetDAC 5.89254103448 ===>> OK
Magnet settling time: 1.049
GetData ===>> H2,-0.244557507010577,H1,0.365807199921631,AX,0.0245391479885587,L1,-0.0572042400013007,L2,-0.057...
setting magnet DAC
current  : 5.892541
requested: 5.893576
Delta Dac: 0.001034
Checking detector protection. dv=0.00103
Checking detector "CDD". Protection Threshold: 0.1 (V)
SetMagnetDAC 5.89357551724 ===>> OK
Magnet settling time: 1.049
GetData ===>> H2,-0.216622491519103,H1,0.0251102310740993,AX,0.0204083166293662,L1,-0.0488835278893686,L2,-0.12...
setting magnet DAC
current  : 5.893576
requested: 5.894610
Delta Dac: 0.001034
Checking detector protection. dv=0.00103
Checking detector "CDD". Protection Threshold: 0.1 (V)
SetMagnetDAC 5.89461 ===>> OK
Magnet settling time: 1.049
GetData ===>> H2,-0.173200890288008,H1,0.0202422664931536,AX,-0.247581412075342,L1,-0.0478016639791021,L2,0.060...
result of _do_sweep=True
result of _calculate_peak_center=([5.8717943687374756, 5.8794897595190383, 5.887185150300601], [41.396212401992003, 56.345574102410865, 41.551949758015894], 5.8790989779559126, 56.345574102410865)
Failed to find a valid peak. No peak greater than 1.0. max = 0.0202188724543
new center pos Detector(H1) (Ar40) @ 5.87948975952
GetHighVoltage ===>> 4500
GetDeflection H1 ===>> 0
dac uncorrected for HV and deflection 5.87948975952
update mftable H1 Ar40 5.87948975952 message=automated run peakcenter
get initial guess parabolic
get initial guess parabolic
get initial guess parabolic
get initial guess parabolic
get initial guess parabolic
get initial guess parabolic
dump mftable to /Users/jan/PychronDev/setupfiles/spectrometer/mftables/mftable.csv
add to repo msg=modified - automated run peakcenter
sweep finished
locally archiving mftable
setting magnet DAC
current  : 5.894610
requested: 5.879490
Delta Dac: 0.015120
Checking detector protection. dv=0.01512
Checking detector "CDD". Protection Threshold: 0.1 (V)
SetMagnetDAC 5.87948975952 ===>> OK
Magnet settling time: 0.500
setting integration time = 1.048576
SetIntegrationTime 1.048576 ===>> OK
Failed to find a valid peak. No peak greater than 1.0. max = 0.0202188724543
flush and close file /Users/jan/PychronDev/data/isotopes/e4/5bd6ed-76f1-4a10-b44c-97ed064f40f8.h5
finished measure script
executed snippet estimated_duration=226.132928, duration=266.315398932
jan_unknown120_60.py completed successfully
Measurement Finished
18:10:43 -- ******* Measurement Finished *******
Post Measurement Started jan_pump_ms.py
18:10:43 -- ******* Post Measurement Started jan_pump_ms.py *******
testing...
no interpolation path defined
executed snippet estimated_duration=0, duration=2.71797180176e-05
Pumping spectrometer
open () {'name': 'O'}
opening name=O desc=---
checking ownership. requestor=129.138.12.150
check software interlocks O
interlocks []
actuate state mode=None-script, software_lock=False
doing actuation None-script open_channel True
Open O ===>> OK
GetIndicatorState O ===>> OK
change switch state (True, True)
update switch state O True args=() kw={} ncanvase=2
18:10:43 -- OPEN   VALVE-O (Jan Ion Pump)
---------------------------------------- open O () result=[(True, True)], time=0.09 sec
action=open, ok=True, locked=[False]
executed snippet estimated_duration=0, duration=0.347559928894
jan_pump_ms.py completed successfully
setting _ms_pumptime
Post Measurement Finished
18:10:43 -- ******* Post Measurement Finished *******
$$$$$$$$$$$$$$$$$$$$ state at run end measurement
state changed from measurement to success
post measurement save measured=True aborted=False
Set filtering
setting fod for Ar40= {'filter_outliers': True, 'std_devs': 2, 'iterations': 1}
setting fod for H1= {'filter_outliers': True, 'std_devs': 2, 'iterations': 1}
setting fod for PM41= {'filter_outliers': False, 'std_devs': 2, 'iterations': 1}
setting fod for H2= {'filter_outliers': True, 'std_devs': 2, 'iterations': 1}
setting fod for Ar36= {'filter_outliers': True, 'std_devs': 2, 'iterations': 1}
setting fod for CDD= {'filter_outliers': True, 'std_devs': 10, 'iterations': 1}
setting fod for Ar37= {'filter_outliers': True, 'std_devs': 2, 'iterations': 1}
setting fod for L2= {'filter_outliers': True, 'std_devs': 2, 'iterations': 1}
setting fod for Ar38= {'filter_outliers': True, 'std_devs': 2, 'iterations': 1}
setting fod for L1= {'filter_outliers': True, 'std_devs': 2, 'iterations': 1}
setting fod for Ar39= {'filter_outliers': True, 'std_devs': 2, 'iterations': 1}
setting fod for AX= {'filter_outliers': True, 'std_devs': 2, 'iterations': 1}
persistence save...
persistence save - db
post measurement save
8141333136 connecting to database sqlite:////Users/jan/PychronDev/.appdata/local_lab.db
connected to db sqlite:////Users/jan/PychronDev/.appdata/local_lab.db
create new session 8141333136
close session 8141333136
No database instance. Not saving post measurement to isotopedb database
$$$$$$$$$$$$$$$ auto_save_detector_ic=False
massspec enabled True
create new session 4985911824
MassSpec Database Version: 16.0
close session 4985911824
saving post measurement to secondary database
saving to massspec database 129.138.12.160/massspecdata
setting labnumber to 65555
setting aliquot to 7
setting step to B
setting uuid to e45bd6ed-76f1-4a10-b44c-97ed064f40f8
setting irradpos to 65555
setting extract_device to Fusions CO2
setting tray to 
setting position to 193
setting power_requested to 0.4
setting extract_value to 0.4
setting duration to 30.0
setting duration_at_request to 30.0
setting first_stage_delay to 30.0
setting cleanup to 30.0
setting comment to N:14 without inclusions
setting irradiation to NM-289
setting level to N
setting irradiation_level to N
setting sample to Bw-2014-7 WO
setting material to Sanidine
setting project to Bustos Wells
setting mass_spectrometer to Jan
no attribute chron_dosages
no attribute production_ratios
no attribute interference_corrections
no attribute production_name
no attribute j
Reference Isotope=Ar40
Reference Detector=H1
%%%%%%%%%%%%%%%%%%%% Comment: N:14 without inclusions %%%%%%%%%%%%%%%%%%%
adding isotope PM41 H2
add baseline dbdet= PM41. original det= H2
get baseline data PM41 H2
Get data baseline <pychron.processing.isotope.Baseline object at 0x1de27d790> len t=60
baseline PM41. v=-0.18498850415, e=0.00839734982853
get signal data PM41 H2
Get data signal PM41 0.06+/-0.06 len t=120
adding isotope Ar40 H1
add baseline dbdet= Ar40. original det= H1
get baseline data Ar40 H1
Get data baseline <pychron.processing.isotope.Baseline object at 0x1de27d890> len t=60
baseline Ar40. v=-0.0432913776193, e=0.00492473588432
get signal data Ar40 H1
Get data signal Ar40 58.776+/-0.015 len t=120
adding isotope Ar39 AX
add baseline dbdet= Ar39. original det= AX
get baseline data Ar39 AX
Get data baseline <pychron.processing.isotope.Baseline object at 0x1de27da50> len t=60
baseline Ar39. v=-0.0632137526421, e=0.00654219804941
get signal data Ar39 AX
Get data signal Ar39 13.366+/-0.013 len t=120
adding isotope Ar38 L1
add baseline dbdet= Ar38. original det= L1
get baseline data Ar38 L1
Get data baseline <pychron.processing.isotope.Baseline object at 0x1de27dc10> len t=60
baseline Ar38. v=-0.0231519043879, e=0.00234065549512
get signal data Ar38 L1
Get data signal Ar38 0.1910+/-0.0035 len t=120
adding isotope Ar37 L2
add baseline dbdet= Ar37. original det= L2
get baseline data Ar37 L2
Get data baseline <pychron.processing.isotope.Baseline object at 0x1de27ddd0> len t=60
baseline Ar37. v=-0.0232106195304, e=0.00595783378961
get signal data Ar37 L2
Get data signal Ar37 0.131+/-0.011 len t=120
adding isotope Ar36 CDD
add baseline dbdet= Ar36. original det= CDD
get baseline data Ar36 CDD
Get data baseline <pychron.processing.isotope.Baseline object at 0x1de27df90> len t=60
baseline Ar36. v=2.97730822877e-05, e=8.52160042208e-06
get signal data Ar36 CDD
Get data signal Ar36 0.01348+/-0.00032 len t=120
65555-07B added analysis time 0.490320920944s
analysis added to mass spec database
mass spec save time= 0.499
persistence save - dvc
================= post measurement started
create new session 4991427888
close session 4991427888
---------------- Experiment Queue saving disabled
DVC saving peakcenter
Failed to find a valid peak. No peak greater than 1.0. max = 0.0202188724543
Smart pull ahead: 0 behind: 0
Up-to-date with origin
add to repo msg=modified - ad8224ebc6dbfeb9f5997218dfa5fe690569839d.json
add to repo msg=modified - 55-07B.json
add to repo msg=modified - 55-07B.dat.json
add to repo msg=modified - 55-07B.blan.json
add to repo msg=modified - 55-07B.inte.json
add to repo msg=modified - 55-07B.icfa.json
add to repo msg=modified - 55-07B.base.json
not at valid file /Users/jan/PychronDev/data/.dvc/repositories/Load1786/655/tags/55-07B.tags.json
add to repo msg=modified - 55-07B.peak.json
add to repo msg=modified - 55-07B.extr.json
not at valid file /Users/jan/PychronDev/data/.dvc/repositories/Load1786/655/monitor/55-07B.moni.json
commit message=<COLLECTION>
add to repo msg=modified - 55-07B.inte.json
add to repo msg=modified - 55-07B.base.json
commit message=<ISOEVO> default collection fits
add to repo msg=modified - 55-07B.blan.json
commit message=<BLANKS> preceding ba-01-J-2282
add to repo msg=modified - 55-07B.icfa.json
commit message=<ICFactor> default
push repository <pychron.git_archive.repo_manager.GitRepoManager object at 0x1e0ef1230>
pushing to remote=origin, url=https://github.com
no changes to meta repo
create new session 4991427888
add association Load1786
get identifier "65555"
setting analysis irradiation position=<pychron.dvc.dvc_orm.IrradiationPositionTbl object at 0x1e547d9d0>
close session 4991427888
================= post measurement finished
18:10:56 -- ******* Post Run Check *******
loading queue conditionals post_run_actions
loading system conditionals post_run_actions
loading conditionals from /Users/jan/PychronDev/setupfiles/spectrometer/default_conditionals.yaml
loading queue conditionals post_run_terminations
loading system conditionals post_run_terminations
loading conditionals from /Users/jan/PychronDev/setupfiles/spectrometer/default_conditionals.yaml
Checking default post run terminations n=1
GetDeflection CDD ===>> 50
testing CDD==2000
evaluate ot="CDD.deflection==2000" t="CDD==2000", ctx="{'CDD': 50.0}"
18:10:56 -- ******* Post Run Check Passed *******
18:10:56 -- Automated run 65555-07B success duration: 354.955 s
----------------- finish -----------------
----------------- stop -----------------
retroactive repository identifiers disabled
finish run. runs completed=213
update duration runid=65555-07B, duration=354.954644918, md5=301e91d8
loading script "jan_unknown400_120.py"
loading script "jan_pump_ms.py"
loading script "jan_co2.py"
loading script "jan_pump_extraction_line.py"
testing...
no interpolation path defined
executed snippet estimated_duration=556.052928, duration=0.000351190567017
script duration name:unknown400_120 seconds:556.0
loading script "jan_unknown400_120.py"
loading script "jan_pump_ms.py"
loading script "jan_co2.py"
loading script "jan_pump_extraction_line.py"
testing...
no interpolation path defined
executed snippet estimated_duration=0, duration=2.78949737549e-05
loading script "jan_unknown400_120.py"
loading script "jan_pump_ms.py"
loading script "jan_co2.py"
loading script "jan_pump_extraction_line.py"
testing...
no interpolation path defined
calculate duration
testing...
no interpolation path defined
executed snippet estimated_duration=0, duration=5.60283660889e-05
calculate duration
testing...
no interpolation path defined
executed snippet estimated_duration=0, duration=9.3936920166e-05
executed snippet estimated_duration=0.0, duration=0.00333404541016
script duration name:co2 seconds:0.0
loading script "jan_unknown400_120.py"
loading script "jan_pump_ms.py"
loading script "jan_co2.py"
loading script "jan_pump_extraction_line.py"
testing...
no interpolation path defined
calculate duration
testing...
no interpolation path defined
executed snippet estimated_duration=4.0, duration=0.000158071517944
executed snippet estimated_duration=4.0, duration=0.00156998634338
Script duration 556.0
Run total estimated duration= 557.000
loading script "jan_unknown120_60.py"
loading script "jan_pump_ms.py"
loading script "jan_co2.py"
loading script "jan_pump_extraction_line.py"
testing...
no interpolation path defined
executed snippet estimated_duration=213.652928, duration=0.00020694732666
script duration name:unknown120_60 seconds:214.0
pump_ms in script context. using previous estimated duration
co2 in script context. using previous estimated duration
script duration name:co2 seconds:0.0
pump_extraction_line in script context. using previous estimated duration
Script duration 214.0
Run total estimated duration= 215.000
unknown120_60 in script context. using previous estimated duration
script duration name:unknown120_60 seconds:214.0
script duration name:co2 seconds:0.0
Script duration 214.0
Run total estimated duration= 215.000
script duration name:unknown120_60 seconds:214.0
script duration name:co2 seconds:0.0
Script duration 214.0
Run total estimated duration= 215.000
script duration name:unknown120_60 seconds:214.0
script duration name:co2 seconds:0.0
Script duration 214.0
Run total estimated duration= 215.000
script duration name:unknown120_60 seconds:214.0
script duration name:co2 seconds:0.0
Script duration 214.0
Run total estimated duration= 215.000
script duration name:unknown120_60 seconds:214.0
script duration name:co2 seconds:0.0
Script duration 214.0
Run total estimated duration= 215.000
unknown400_120 in script context. using previous estimated duration
script duration name:unknown400_120 seconds:556.0
loading script "jan_unknown400_120.py"
loading script "jan_pump_ms.py"
loading script "jan_cocktail_x1.py"
loading script "jan_pump_extraction_line.py"
testing...
no interpolation path defined
calculate duration
testing...
no interpolation path defined
executed snippet estimated_duration=0, duration=5.10215759277e-05
calculate duration
testing...
no interpolation path defined
executed snippet estimated_duration=0, duration=0.000169992446899
calculate duration
testing...
no interpolation path defined
executed snippet estimated_duration=32.0, duration=0.000164985656738
calculate duration
testing...
no interpolation path defined
executed snippet estimated_duration=34.0, duration=0.000104904174805
calculate duration
testing...
no interpolation path defined
executed snippet estimated_duration=4.0, duration=8.20159912109e-05
calculate duration
testing...
no interpolation path defined
executed snippet estimated_duration=38.0, duration=0.000118970870972
executed snippet estimated_duration=108.0, duration=0.0170760154724
script duration name:cocktail_x1 seconds:108.0
Script duration 664.0
Run total estimated duration= 665.000
script duration name:unknown400_120 seconds:556.0
cocktail_x1 in script context. using previous estimated duration
script duration name:cocktail_x1 seconds:108.0
Script duration 664.0
Run total estimated duration= 665.000
script duration name:unknown120_60 seconds:214.0
script duration name:co2 seconds:0.0
Script duration 214.0
Run total estimated duration= 215.000
script duration name:unknown120_60 seconds:214.0
script duration name:co2 seconds:0.0
Script duration 214.0
Run total estimated duration= 215.000
script duration name:unknown120_60 seconds:214.0
script duration name:co2 seconds:0.0
Script duration 214.0
Run total estimated duration= 215.000
script duration name:unknown120_60 seconds:214.0
script duration name:co2 seconds:0.0
Script duration 214.0
Run total estimated duration= 215.000
script duration name:unknown120_60 seconds:214.0
script duration name:co2 seconds:0.0
Script duration 214.0
Run total estimated duration= 215.000
script duration name:unknown120_60 seconds:214.0
script duration name:co2 seconds:0.0
Script duration 214.0
Run total estimated duration= 215.000
script duration name:unknown120_60 seconds:214.0
script duration name:co2 seconds:0.0
Script duration 214.0
Run total estimated duration= 215.000
script duration name:unknown120_60 seconds:214.0
script duration name:co2 seconds:0.0
Script duration 214.0
Run total estimated duration= 215.000
loading script "jan_ic_peak_hop3.py"
loading script "jan_pump_ms.py"
loading script "jan_air_x1.py"
loading script "jan_pump_extraction_line.py"
testing...
no interpolation path defined
executed snippet estimated_duration=133.8, duration=0.00929498672485
script duration name:ic_peak_hop3 seconds:134.0
loading script "jan_ic_peak_hop3.py"
loading script "jan_pump_ms.py"
loading script "jan_air_x1.py"
loading script "jan_pump_extraction_line.py"
testing...
no interpolation path defined
calculate duration
testing...
no interpolation path defined
executed snippet estimated_duration=0, duration=5.10215759277e-05
calculate duration
testing...
no interpolation path defined
executed snippet estimated_duration=0, duration=0.000164985656738
calculate duration
testing...
no interpolation path defined
executed snippet estimated_duration=32.0, duration=9.98973846436e-05
calculate duration
testing...
no interpolation path defined
executed snippet estimated_duration=34.0, duration=0.000108957290649
calculate duration
testing...
no interpolation path defined
executed snippet estimated_duration=4.0, duration=7.79628753662e-05
calculate duration
testing...
no interpolation path defined
executed snippet estimated_duration=36.0, duration=0.000102043151855
executed snippet estimated_duration=106.0, duration=0.024138212204
script duration name:air_x1 seconds:106.0
Script duration 240.0
Run total estimated duration= 241.000
script duration name:unknown120_60 seconds:214.0
script duration name:co2 seconds:0.0
Script duration 214.0
Run total estimated duration= 215.000
script duration name:unknown120_60 seconds:214.0
script duration name:co2 seconds:0.0
Script duration 214.0
Run total estimated duration= 215.000
script duration name:unknown120_60 seconds:214.0
script duration name:co2 seconds:0.0
Script duration 214.0
Run total estimated duration= 215.000
script duration name:unknown400_120 seconds:556.0
loading script "jan_unknown400_120.py"
loading script "jan_pump_ms.py"
loading script "jan_sniffair_x2.py"
loading script "jan_pump_extraction_line.py"
testing...
no interpolation path defined
calculate duration
testing...
no interpolation path defined
executed snippet estimated_duration=0, duration=7.60555267334e-05
calculate duration
testing...
no interpolation path defined
executed snippet estimated_duration=0, duration=0.000138998031616
calculate duration
testing...
no interpolation path defined
executed snippet estimated_duration=32.0, duration=9.89437103271e-05
calculate duration
testing...
no interpolation path defined
executed snippet estimated_duration=34.0, duration=0.000131130218506
calculate duration
testing...
no interpolation path defined
executed snippet estimated_duration=4.0, duration=9.51290130615e-05
calculate duration
testing...
no interpolation path defined
executed snippet estimated_duration=36.0, duration=0.000110149383545
calculate duration
testing...
no interpolation path defined
executed snippet estimated_duration=34.0, duration=0.000159025192261
calculate duration
testing...
no interpolation path defined
executed snippet estimated_duration=4.0, duration=0.000101089477539
calculate duration
testing...
no interpolation path defined
executed snippet estimated_duration=36.0, duration=9.51290130615e-05
calculate duration
testing...
no interpolation path defined
executed snippet estimated_duration=70.0, duration=9.89437103271e-05
executed snippet estimated_duration=250.0, duration=0.0207171440125
script duration name:sniffair_x2 seconds:250.0
Script duration 806.0
Run total estimated duration= 807.000
script duration name:unknown120_60 seconds:214.0
script duration name:co2 seconds:0.0
Script duration 214.0
Run total estimated duration= 215.000
script duration name:unknown400_120 seconds:556.0
script duration name:co2 seconds:0.0
Script duration 556.0
Run total estimated duration= 557.000
script duration name:unknown400_120 seconds:556.0
script duration name:cocktail_x1 seconds:108.0
Script duration 664.0
Run total estimated duration= 665.000
script duration name:unknown400_120 seconds:556.0
script duration name:cocktail_x1 seconds:108.0
Script duration 664.0
Run total estimated duration= 665.000
script duration name:unknown120_60 seconds:214.0
script duration name:co2 seconds:0.0
Script duration 214.0
Run total estimated duration= 215.000
script duration name:unknown400_120 seconds:556.0
sniffair_x2 in script context. using previous estimated duration
script duration name:sniffair_x2 seconds:250.0
Script duration 806.0
Run total estimated duration= 807.000
script duration name:unknown120_60 seconds:214.0
script duration name:co2 seconds:0.0
Script duration 214.0
Run total estimated duration= 215.000
script duration name:unknown120_60 seconds:214.0
script duration name:co2 seconds:0.0
Script duration 214.0
Run total estimated duration= 215.000
script duration name:unknown120_60 seconds:214.0
script duration name:co2 seconds:0.0
Script duration 214.0
Run total estimated duration= 215.000
script duration name:unknown120_60 seconds:214.0
script duration name:co2 seconds:0.0
Script duration 214.0
Run total estimated duration= 215.000
script duration name:unknown120_60 seconds:214.0
script duration name:co2 seconds:0.0
Script duration 214.0
Run total estimated duration= 215.000
script duration name:unknown120_60 seconds:214.0
script duration name:co2 seconds:0.0
Script duration 214.0
Run total estimated duration= 215.000
script duration name:unknown120_60 seconds:214.0
script duration name:co2 seconds:0.0
Script duration 214.0
Run total estimated duration= 215.000
script duration name:unknown120_60 seconds:214.0
script duration name:co2 seconds:0.0
Script duration 214.0
Run total estimated duration= 215.000
script duration name:unknown120_60 seconds:214.0
script duration name:co2 seconds:0.0
Script duration 214.0
Run total estimated duration= 215.000
script duration name:unknown120_60 seconds:214.0
script duration name:co2 seconds:0.0
Script duration 214.0
Run total estimated duration= 215.000
script duration name:unknown120_60 seconds:214.0
script duration name:co2 seconds:0.0
Script duration 214.0
Run total estimated duration= 215.000
script duration name:unknown400_120 seconds:556.0
script duration name:cocktail_x1 seconds:108.0
Script duration 664.0
Run total estimated duration= 665.000
script duration name:unknown400_120 seconds:556.0
script duration name:cocktail_x1 seconds:108.0
Script duration 664.0
Run total estimated duration= 665.000
script duration name:unknown120_60 seconds:214.0
script duration name:co2 seconds:0.0
Script duration 214.0
Run total estimated duration= 215.000
script duration name:unknown120_60 seconds:214.0
script duration name:co2 seconds:0.0
Script duration 214.0
Run total estimated duration= 215.000
script duration name:unknown120_60 seconds:214.0
script duration name:co2 seconds:0.0
Script duration 214.0
Run total estimated duration= 215.000
script duration name:unknown120_60 seconds:214.0
script duration name:co2 seconds:0.0
Script duration 214.0
Run total estimated duration= 215.000
ic_peak_hop3 in script context. using previous estimated duration
script duration name:ic_peak_hop3 seconds:134.0
air_x1 in script context. using previous estimated duration
script duration name:air_x1 seconds:106.0
Script duration 240.0
Run total estimated duration= 241.000
script duration name:unknown120_60 seconds:214.0
script duration name:co2 seconds:0.0
Script duration 214.0
Run total estimated duration= 215.000
nruns=47 before=5.0, run_dur=14725.0, btw=1380.0
write rem/ex queues
/Users/jan/PychronDev/experiments/rem/Load1786.rem.txt
/Users/jan/PychronDev/experiments/rem/Load1786.ex.txt
doing event level: 3
