do run
loading script "jan_unknown120_60.py"
loading script "jan_pump_ms.py"
loading script "jan_co2.py"
loading script "jan_pump_extraction_line.py"
testing...
no interpolation path defined
executed snippet estimated_duration=213.652928, duration=0.000358104705811
script duration name:unknown120_60 seconds:214.0
loading script "jan_unknown120_60.py"
loading script "jan_pump_ms.py"
loading script "jan_co2.py"
loading script "jan_pump_extraction_line.py"
testing...
no interpolation path defined
executed snippet estimated_duration=0, duration=5.29289245605e-05
loading script "jan_unknown120_60.py"
loading script "jan_pump_ms.py"
loading script "jan_co2.py"
loading script "jan_pump_extraction_line.py"
testing...
no interpolation path defined
calculate duration
testing...
no interpolation path defined
executed snippet estimated_duration=0, duration=8.89301300049e-05
calculate duration
testing...
no interpolation path defined
executed snippet estimated_duration=0, duration=0.000166177749634
executed snippet estimated_duration=0.0, duration=0.00333499908447
script duration name:co2 seconds:0.0
loading script "jan_unknown120_60.py"
loading script "jan_pump_ms.py"
loading script "jan_co2.py"
loading script "jan_pump_extraction_line.py"
testing...
no interpolation path defined
calculate duration
testing...
no interpolation path defined
executed snippet estimated_duration=4.0, duration=0.000196933746338
executed snippet estimated_duration=4.0, duration=0.00207495689392
Script duration 214.0
Run total estimated duration= 215.000
run duration: 0:03:35
doing event level: 2
18:45:51 -- Setting default integration. t=1.048576
setting integration time = 1.048576
SetIntegrationTime 1.048576 ===>> OK
----------------- start -----------------
**************** Experiment Type: Ar/Ar, Ar/Ar
$$$$$ Clearing conditionals
adding conditionals 
Add queue conditionals
add default conditionals
adding default conditionals from /Users/jan/PychronDev/setupfiles/spectrometer/default_conditionals.yaml
Start automated run 65555-08C
loading script "jan_unknown120_60.py"
loading script "jan_pump_ms.py"
loading script "jan_co2.py"
loading script "jan_pump_extraction_line.py"
%%%%%%%%%%%%%%%%%% setting automated run 65555-08C
No value "sensitivity_multiplier" in metadata
$$$$$$$$$$$$$$$ auto_save_detector_ic=False
============================= Pre Extraction Check =============================
loading queue conditionals pre_run_terminations
loading system conditionals pre_run_terminations
loading conditionals from /Users/jan/PychronDev/setupfiles/spectrometer/default_conditionals.yaml
18:45:51 -- ******* Pre Extraction Check *******
Get a measurement from the spectrometer
GetData ===>> H2,-0.242419157565011,H1,-0.0883067054748164,AX,-0.0557601717599173,L1,-0.0419199830217339,L2,0.0...
Pre Extraction Termination data. keys=H2,H1,AX,L1,L2,CDD, signals=-0.24242,-0.08831,-0.05576,-0.04192,0.09088,0.00342
18:45:51 -- testing system defined conditionals
Checking default pre extraction terminations n=2
testing CDD
evaluate ot="CDD.inactive" t="CDD", ctx="{'CDD': False}"
GetDeflection CDD ===>> 50
testing CDD==2000
evaluate ot="CDD.deflection==2000" t="CDD==2000", ctx="{'CDD': 50.0}"
18:45:51 -- ******* Pre Extraction Check Passed *******
=================================================================================
18:45:51 -- stopping status monitor
stop 4984189200
Alive clients [4991693744]
18:45:51 -- starting status monitor
start 4984189200
Monitor already running
start extraction
do extraction
Analysis started at 18:45:51.375330
Extraction Started jan_co2.py
18:45:51 -- ******* Extraction Started jan_co2.py *******
state changed from not run to extraction
DO EXTRACTION <pychron.extraction_line.pyscript_runner.RemotePyScriptRunner object at 0x12c301530>
testing...
no interpolation path defined
calculate duration
testing...
no interpolation path defined
executed snippet estimated_duration=0, duration=6.50882720947e-05
calculate duration
testing...
no interpolation path defined
executed snippet estimated_duration=0, duration=0.000174045562744
executed snippet estimated_duration=100.0, duration=0.00397205352783
Jan CO2 laser analysis
doing GOSUB
testing...
no interpolation path defined
executed snippet estimated_duration=0, duration=8.10623168945e-05
Waiting for CO2 access
wait ('FelixCO2Flag', 0) {}
waiting for FelixCO2Flag = 0
Read FelixCO2Flag ===>> 0
finished waiting
CO2 free
wait ('CO2PumpTimeFlag', 0) {}
waiting for CO2PumpTimeFlag = 0
Read CO2PumpTimeFlag ===>> 0
finished waiting
acquire ('JanCO2Flag',) {'clear': True}
acquire JanCO2Flag
Set JanCO2Flag 1 ===>> OK
JanCO2Flag acquired
set extraction state False (0.75, 'red', 1.5)
CO2 acquired
executed snippet estimated_duration=0, duration=0.0190260410309
WaitForCO2Access.py completed successfully
gosub finished
doing GOSUB
testing...
no interpolation path defined
executed snippet estimated_duration=0, duration=8.60691070557e-05
Prepare for CO2 analysis
close () {'description': 'Jan Inlet'}
closing name=--- desc=Jan Inlet
checking ownership. requestor=129.138.12.150
check software interlocks R
interlocks []
actuate state mode=None-script, software_lock=False
doing actuation None-script close_channel False
Close R ===>> OK
GetIndicatorState R ===>> False
change switch state (True, True)
update switch state R False args=() kw={} ncanvase=2
18:45:51 -- CLOSE  VALVE-R (Jan Inlet)
---------------------------------------- close None (Jan Inlet) result=[(True, True)]
action=close, ok=True, locked=[False]
open () {'description': 'Jan Ion Pump'}
opening name=--- desc=Jan Ion Pump
checking ownership. requestor=129.138.12.150
check software interlocks O
interlocks []
actuate state mode=None-script, software_lock=False
doing actuation None-script open_channel False
Open O ===>> OK
GetIndicatorState O ===>> OK
change switch state (True, True)
update switch state O True args=() kw={} ncanvase=2
18:45:52 -- OPEN   VALVE-O (Jan Ion Pump)
---------------------------------------- open None (Jan Ion Pump) result=[(True, True)], time=0.10 sec
action=open, ok=True, locked=[False]
close () {'description': 'Microbone to Minibone'}
closing name=--- desc=Microbone to Minibone
checking ownership. requestor=129.138.12.150
check software interlocks L
interlocks []
actuate state mode=None-script, software_lock=False
doing actuation None-script close_channel False
Close L ===>> OK
GetIndicatorState L ===>> False
change switch state (True, True)
update switch state L False args=() kw={} ncanvase=2
18:45:52 -- CLOSE  VALVE-L (Microbone to Minibone)
---------------------------------------- close None (Microbone to Minibone) result=[(True, True)]
action=close, ok=True, locked=[False]
open () {'description': 'Microbone to Turbo'}
opening name=--- desc=Microbone to Turbo
checking ownership. requestor=129.138.12.150
check software interlocks U
interlocks []
actuate state mode=None-script, software_lock=False
doing actuation None-script open_channel False
Open U ===>> OK
GetIndicatorState U ===>> OK
change switch state (True, True)
update switch state U True args=() kw={} ncanvase=2
18:45:53 -- OPEN   VALVE-U (Microbone to Turbo)
---------------------------------------- open None (Microbone to Turbo) result=[(True, True)], time=0.15 sec
action=open, ok=True, locked=[False]
open () {'description': 'Microbone to Inlet Pipette'}
opening name=--- desc=Microbone to Inlet Pipette
checking ownership. requestor=129.138.12.150
check software interlocks S
interlocks []
actuate state mode=None-script, software_lock=False
doing actuation None-script open_channel False
Open S ===>> OK
GetIndicatorState S ===>> OK
change switch state (True, True)
update switch state S True args=() kw={} ncanvase=2
18:45:53 -- OPEN   VALVE-S (Microbone to Inlet Pipette)
---------------------------------------- open None (Microbone to Inlet Pipette) result=[(True, True)], time=0.42 sec
action=open, ok=True, locked=[False]
open () {'description': 'Microbone to Getter D-50'}
opening name=--- desc=Microbone to Getter D-50
checking ownership. requestor=129.138.12.150
check software interlocks K
interlocks []
actuate state mode=None-script, software_lock=False
doing actuation None-script open_channel False
Open K ===>> OK
GetIndicatorState K ===>> OK
change switch state (True, True)
update switch state K True args=() kw={} ncanvase=2
18:45:54 -- OPEN   VALVE-K (Microbone to Getter D-50)
---------------------------------------- open None (Microbone to Getter D-50) result=[(True, True)], time=0.41 sec
action=open, ok=True, locked=[False]
open () {'description': 'Microbone to Getter NP-10'}
opening name=--- desc=Microbone to Getter NP-10
checking ownership. requestor=129.138.12.150
check software interlocks M
interlocks []
actuate state mode=None-script, software_lock=False
doing actuation None-script open_channel False
Open M ===>> OK
GetIndicatorState M ===>> OK
change switch state (True, True)
update switch state M True args=() kw={} ncanvase=2
18:45:54 -- OPEN   VALVE-M (Microbone to Getter NP-10)
---------------------------------------- open None (Microbone to Getter NP-10) result=[(True, True)], time=0.13 sec
action=open, ok=True, locked=[False]
close () {'description': 'CO2 Laser to Felix'}
closing name=--- desc=CO2 Laser to Felix
checking ownership. requestor=129.138.12.150
check software interlocks F
interlocks []
actuate state mode=None-script, software_lock=True
VALVE-F(CO2 Laser to Felix) software locked
change switch state (True, False)
---------------------------------------- close None (CO2 Laser to Felix) result=[(True, False)]
action=close, ok=True, locked=[True]
open () {'description': 'CO2 Laser to Jan'}
opening name=--- desc=CO2 Laser to Jan
checking ownership. requestor=129.138.12.150
check software interlocks A
interlocks []
actuate state mode=None-script, software_lock=False
doing actuation None-script open_channel False
Open A ===>> OK
GetIndicatorState A ===>> OK
change switch state (True, True)
update switch state A True args=() kw={} ncanvase=2
18:45:55 -- OPEN   VALVE-A (CO2 Laser to Jan)
---------------------------------------- open None (CO2 Laser to Jan) result=[(True, True)], time=0.12 sec
action=open, ok=True, locked=[False]
open () {'description': 'Microbone to CO2 Laser'}
opening name=--- desc=Microbone to CO2 Laser
checking ownership. requestor=129.138.12.150
check software interlocks T
interlocks []
actuate state mode=None-script, software_lock=False
doing actuation None-script open_channel False
Open T ===>> OK
GetIndicatorState T ===>> OK
change switch state (True, True)
update switch state T True args=() kw={} ncanvase=2
18:45:56 -- OPEN   VALVE-T (Microbone to CO2 Laser)
---------------------------------------- open None (Microbone to CO2 Laser) result=[(True, True)], time=0.41 sec
action=open, ok=True, locked=[False]
executed snippet estimated_duration=0, duration=4.87179613113
PrepareForCO2Analysis.py completed successfully
gosub finished
set_motor ('beam', '1.25') {}
setting motor "beam" to 1.25
set motor beam to 1.25
SetMotor beam,1.25 ===>> OK
GetMotorMoving beam ===>> False
GetMotorMoving beam ===>> False
Block completed
move_to_position ('194',) {'autocenter': True}
FusionsCO2 move to position 194
sending GoToHole 194,True
GoToHole 194,True ===>> OK
GetDriveMoving ===>> False
GetDriveMoving ===>> False
Block completed
GetAutoCorrecting ===>> False
GetAutoCorrecting ===>> False
Block completed
update position
GetPosition ===>> 7.97560,-9.96950,1.00000
got position (7.9756, -9.9695, 1.0)
move to position succeeded
sleep (5,) {}
SLEEP 5.0
block started
WaitControl setup for 5.0  
Join finished
block finished. duration 5.03223514557
close () {'description': 'Microbone to Turbo'}
closing name=--- desc=Microbone to Turbo
checking ownership. requestor=129.138.12.150
check software interlocks U
interlocks []
actuate state mode=None-script, software_lock=False
doing actuation None-script close_channel True
Close U ===>> OK
GetIndicatorState U ===>> False
change switch state (True, True)
update switch state U False args=() kw={} ncanvase=2
18:46:04 -- CLOSE  VALVE-U (Microbone to Turbo)
---------------------------------------- close None (Microbone to Turbo) result=[(True, True)]
action=close, ok=True, locked=[False]
enable laser
enable () {}
set extraction state FusionsCO2 Enabled (False, 'red', 1.5)
enabling laser
Enable ===>> OK
begin interval
BEGIN INTERVAL Interval 1 waiting for 30.0
block started
set extract to 5.0
WaitControl setup for 30.0  
extract (5.0,) {}
GetPosition ===>> 7.97560,-9.96950,1.00000
set extraction state FusionsCO2 ON! 5.0(watts) (0.75, 'red', 1.5)
extract sample to 5.0 (watts)
set laser output
SetLaserOutput 5.0,watts ===>> OK
executing pattern triangle.lp
execute_pattern ('triangle.lp',) {}
executing pattern triangle.lp
IsPatterning ===>> OK
IsPatterning ===>> OK
IsPatterning ===>> OK
IsPatterning ===>> OK
IsPatterning ===>> OK
IsPatterning ===>> OK
IsPatterning ===>> OK
IsPatterning ===>> OK
IsPatterning ===>> OK
IsPatterning ===>> OK
IsPatterning ===>> OK
IsPatterning ===>> OK
IsPatterning ===>> OK
IsPatterning ===>> OK
IsPatterning ===>> OK
IsPatterning ===>> OK
IsPatterning ===>> OK
IsPatterning ===>> OK
IsPatterning ===>> OK
IsPatterning ===>> OK
IsPatterning ===>> OK
IsPatterning ===>> OK
IsPatterning ===>> OK
IsPatterning ===>> OK
IsPatterning ===>> OK
IsPatterning ===>> OK
IsPatterning ===>> False
IsPatterning ===>> False
Block completed
COMPLETE INTERVAL waiting for Interval 1 to complete
Join finished
block finished. duration 30.0755188465
Interval 1 finished
end_extract () {}
ending extraction. set laser power to 0
set laser power 0
SetLaserPower 0 ===>> OK
disable () {}
%%%%%%%%%%%%%%%%%%%%%%%%%%%%%%%%%%% disable
set extraction state False (0.75, 'red', 1.5)
disabling laser
Disable ===>> OK
sleep (30.0,) {}
SLEEP 30.0
block started
WaitControl setup for 30.0  
Join finished
block finished. duration 30.0621988773
executed snippet estimated_duration=166.5, duration=74.2564048767
jan_co2.py completed successfully
GetAchievedOutput ===>> No Response
Requested Output= 0.000
Achieved Output=  0.000
GetResponseBlob ===>> No Response
GetOutputBlob ===>> No Response
persistence save...
persistence save - db
AutomatedRunPersister post_extraction_save deprecated
persistence save - dvc
no extraction position for 194
create new session 4991427888
close session 4991427888
Extraction Finished
18:47:05 -- ******* Extraction Finished *******
no overlap. not waiting for min ms pumptime
18:47:05 -- Sending spectrometer configuration
======== Sending configuration ========
SetDeflection CDD,50.0 ===>> OK
SetDeflection H2,0.0 ===>> OK
SetDeflection H1,0.0 ===>> OK
SetDeflection L2,825.0 ===>> OK
SetDeflection L1,400.0 ===>> OK
SetDeflection AX,190.0 ===>> OK
SetZFocus 74.64 ===>> OK
SetZSymmetry -50.72 ===>> OK
SetExtractionLens 26.13 ===>> OK
SetIonRepeller -3.81 ===>> OK
SetElectronEnergy 75.08 ===>> OK
SetYSymmetry -2.81 ===>> OK
SetIonCounterVoltage 1590.0 ===>> OK
send trap current 200.0
GetParameter Trap Current Readback ===>> 198.258926936459
SetParameter Trap Current Set,200.0 ===>> OK
updating mftable name mftable
Using mftable located at /Users/jan/PychronDev/setupfiles/spectrometer/mftables/mftable.csv
============ MFtable ===========
Isotope  H2     H1     AX     L1     L2     CDD    
Ar40     5.7974 5.8796 5.9930 6.1374 6.2314 6.3656
Ar39     5.6967 5.7719 5.8854 6.0234 6.1165 6.2521
Ar36     5.3742 5.4409 5.5488 5.6823 5.7715 5.9032
================================
get initial guess parabolic
get initial guess parabolic
get initial guess parabolic
get initial guess parabolic
get initial guess parabolic
get initial guess parabolic
======== Configuration Finished ========
GetYSymmetry ===>> -2.81
GetZSymmetry ===>> -50.72
GetParameter Trap Current Readback ===>> 197.811389855338
GetHighVoltage ===>> 4500
start measurement
do measurement
L#=65555 analysis type=unknown
Measurement Started jan_unknown120_60.py
18:47:05 -- ******* Measurement Started jan_unknown120_60.py *******
state changed from extraction to measurement
setting spec, defl, and gains
GetExtractionLens ===>> 26.13
GetYSymmetry ===>> -2.81
GetZSymmetry ===>> -50.72
GetZFocus ===>> 74.64
GetDeflection H2 ===>> 0
GetDeflection H1 ===>> 0
GetDeflection AX ===>> 190
GetDeflection L1 ===>> 400
GetDeflection L2 ===>> 825
GetDeflection CDD ===>> 50
GetGain H2 ===>> 0.0113
GetGain H1 ===>> 0.1
GetGain AX ===>> 0.097049
GetGain L1 ===>> 0.010355
GetGain L2 ===>> 0.095649
GetGain CDD ===>> 0
pre measurement save
New frame /Users/jan/PychronDev/data/isotopes/18/08d379-47ed-4857-ba36-8a3d242ebcd6.h5
flush and close file /Users/jan/PychronDev/data/isotopes/18/08d379-47ed-4857-ba36-8a3d242ebcd6.h5
testing...
no interpolation path defined
executed snippet estimated_duration=226.132928, duration=0.00022292137146
unknown measurement script
activate_detectors ('H2', 'H1', 'AX', 'L1', 'L2', 'CDD') {}
activate detectors
*************** Set Analysis View Ar/Ar
create graphs
clearing graphs
clear isotope group
setting isotope det=H2, iso=PM41
setting isotope det=H1, iso=Ar40
setting isotope det=AX, iso=Ar39
setting isotope det=L1, iso=Ar38
setting isotope det=L2, iso=Ar37
setting isotope det=CDD, iso=Ar36
setting previous blanks
 - setting Ar40 blank 2.451+/-0.007
 - setting Ar36 blank 0.01265+/-0.00024
 - setting Ar37 blank 0.061+/-0.005
 - setting Ar38 blank 0.0140+/-0.0020
 - setting PM41 blank 0.05+/-0.06
 - setting Ar39 blank 0.045+/-0.010
load analysis view
position_magnet ('Ar40',) {'detector': 'H1'}
detector Detector(H1)
POSITION Ar40 H1
setting detector H2 to PM41 (40.9624)
setting detector H1 to Ar40 (39.9624)
setting detector AX to Ar39 (38.9624)
setting detector L1 to Ar38 (37.9624)
setting detector L2 to Ar37 (36.9624)
setting detector CDD to Ar36 (35.9624)
Mapping mass to dac mass func: "parabolic"
H1 map mass coeffs = [-0.00063987  0.15840543  0.57122999]
H1 map mass to dac 39.9624 >> 5.87962
GetDeflection H1 ===>> 0
GetHighVoltage ===>> 4500
positioning Ar40 (5.87962) on H1
setting magnet DAC
current  : 5.879620
requested: 5.879620
Delta Dac: 0.000000
Checking detector protection. dv=0.00000
Checking detector "CDD". Protection Threshold: 0.1 (V)
SetMagnetDAC 5.87962 ===>> OK
Magnet settling time: 0.500
equilibrate () {'delay': 3, 'inlet': 'R', 'outlet': 'O', 'eqtime': 12.0}
Equilibration Started
18:47:07 -- ******* Equilibration Started *******
checking ownership. requestor=129.138.12.150
check software interlocks O
interlocks []
actuate state mode=None-script, software_lock=False
doing actuation None-script close_channel True
Close O ===>> OK
update labels <pychron.experiment.plot_panel.PlotPanel object at 0x1e6246650>
update labels "<pychron.graph.stacked_regression_graph.StackedRegressionGraph object at 0x1cda49530>"
setting label 0 H2 PM41
setting label 1 H1 Ar40
setting label 2 AX Ar39
setting label 3 L1 Ar38
setting label 4 L2 Ar37
setting label 5 CDD Ar36
update labels "<pychron.graph.stacked_graph.StackedGraph object at 0x1dedad6b0>"
setting label 0 H2 PM41
setting label 1 H1 Ar40
setting label 2 AX Ar39
setting label 3 L1 Ar38
setting label 4 L2 Ar37
setting label 5 CDD Ar36
GetIndicatorState O ===>> False
change switch state (True, True)
update switch state O False args=() kw={} ncanvase=2
18:47:07 -- CLOSE  VALVE-O (Jan Ion Pump)
waiting 3s before opening inlet value ('R',)
checking ownership. requestor=129.138.12.150
check software interlocks R
interlocks []
actuate state mode=None-script, software_lock=False
doing actuation None-script open_channel True
Open R ===>> OK
set states for children of R. state=True
handle state [('R', True)]
update switch state R True args=() kw={'refresh': False} ncanvase=2
refresh_canvas_needed fired
GetIndicatorState R ===>> OK
change switch state (True, True)
update switch state R True args=() kw={} ncanvase=2
18:47:11 -- OPEN   VALVE-R (Jan Inlet)
set_time_zero () {}
equilibrating for 12.0sec
sniff (12.0,) {}
py_sniff
build tables- sniff [Detector(H2), Detector(H1), Detector(AX), Detector(L1), Detector(L2), Detector(CDD)]
add group /sniff/PM41 (Group) '' table H2
add group /sniff/Ar40 (Group) '' table H1
add group /sniff/Ar39 (Group) '' table AX
add group /sniff/Ar38 (Group) '' table L1
add group /sniff/Ar37 (Group) '' table L2
add group /sniff/Ar36 (Group) '' table CDD
flush and close file /Users/jan/PychronDev/data/isotopes/18/08d379-47ed-4857-ba36-8a3d242ebcd6.h5
measuring sniff. ncounts=12.0
"sniff" increment series count="1" fit count="0" regressing="False"
starting measurement
GetData ===>> H2,-0.167339484873624,H1,5.84300695085418,AX,1.76936753206896,L1,0.0208832968466351,L2,0.12369487...
GetData ===>> H2,0.839224731741994,H1,121.945481276039,AX,31.5912725338646,L1,0.318876955855963,L2,0.5774388280...
GetData ===>> H2,0.544669361999363,H1,205.410806467318,AX,50.3640489700139,L1,0.564785390227645,L2,0.4931283539...
GetData ===>> H2,0.152808457082393,H1,232.363826349369,AX,55.4664100157492,L1,0.677861749809047,L2,0.4291742562...
GetData ===>> H2,0.0239700034942845,H1,241.885205105102,AX,57.1817049057142,L1,0.730079689344439,L2,0.409853058...
GetData ===>> H2,0.0818976061183617,H1,245.661121435833,AX,57.9137581139429,L1,0.69174273426791,L2,0.3289999474...
GetData ===>> H2,-0.0773230706319621,H1,247.391602699042,AX,58.1239200095365,L1,0.694458072019176,L2,0.39325433...
GetData ===>> H2,-0.0915976612447219,H1,248.047312017594,AX,58.2380598171248,L1,0.694912559826861,L2,0.19824420...
GetData ===>> H2,-0.0224489681947906,H1,248.294598775686,AX,58.3321030554974,L1,0.698107291477155,L2,0.39870315...
GetData ===>> H2,-0.0844968651711859,H1,248.216220278985,AX,58.3180350820416,L1,0.725618480999004,L2,0.44777514...
GetData ===>> H2,-0.0954813078056313,H1,248.435827362674,AX,58.3364157379374,L1,0.708802765870981,L2,0.34057557...
Equilibration Finished
18:47:23 -- ******* Equilibration Finished *******
checking ownership. requestor=129.138.12.150
check software interlocks R
interlocks []
actuate state mode=None-script, software_lock=False
doing actuation None-script close_channel True
GetData ===>> H2,-0.135195029467701,H1,248.715990766853,AX,58.3935106965959,L1,0.718953847225062,L2,0.400622305...
Close R ===>> OK
GetIndicatorState R ===>> False
change switch state (True, True)
update switch state R False args=() kw={} ncanvase=2
18:47:23 -- CLOSE  VALVE-R (Jan Inlet)
Post Equilibration Started jan_pump_extraction_line.py
18:47:23 -- ******* Post Equilibration Started jan_pump_extraction_line.py *******
testing...
no interpolation path defined
calculate duration
testing...
no interpolation path defined
executed snippet estimated_duration=4.0, duration=0.000150918960571
executed snippet estimated_duration=4.0, duration=0.0014009475708
Pump after analysis
doing GOSUB
testing...
no interpolation path defined
executed snippet estimated_duration=4.0, duration=0.000138998031616
Pump Microbone
close () {'description': 'Jan Inlet'}
closing name=--- desc=Jan Inlet
checking ownership. requestor=129.138.12.150
check software interlocks R
interlocks []
actuate state mode=None-script, software_lock=False
doing actuation None-script close_channel False
Close R ===>> OK
measurement finished
estimated time: 12.583 actual time: :12.660
flush and close file /Users/jan/PychronDev/data/isotopes/18/08d379-47ed-4857-ba36-8a3d242ebcd6.h5
set_fits () {}
using default fits file=/Users/jan/PychronDev/scripts/measurement/fits/nominal_linear.yaml
set "Ar40" to "('Linear', 'SEM')"
No fit for "PM41". defaulting to linear. check the measurement script "jan_unknown120_60.py"
set "PM41" to "linear"
set "Ar36" to "('Linear', 'SEM')"
set "Ar37" to "('linear', 'SEM')"
set "Ar38" to "('linear', 'SEM')"
set "Ar39" to "('Linear', 'SEM')"
set_baseline_fits () {}
using default fits file=/Users/jan/PychronDev/scripts/measurement/fits/nominal_linear.yaml
set "H1" to "('average', 'SEM')"
set "H2" to "('average', 'SEM')"
set "CDD" to "('average', 'SEM')"
set "L2" to "('average', 'SEM')"
set "L1" to "('average', 'SEM')"
set "AX" to "('average', 'SEM')"
multicollect () {'integration_time': 1, 'ncounts': 120}
build tables- signal [Detector(H2), Detector(H1), Detector(AX), Detector(L1), Detector(L2), Detector(CDD)]
add group /signal/PM41 (Group) '' table H2
GetIndicatorState R ===>> False
add group /signal/Ar40 (Group) '' table H1
change switch state (True, True)
add group /signal/Ar39 (Group) '' table AX
update switch state R False args=() kw={} ncanvase=2
add group /signal/Ar38 (Group) '' table L1
add group /signal/Ar37 (Group) '' table L2
add group /signal/Ar36 (Group) '' table CDD
flush and close file /Users/jan/PychronDev/data/isotopes/18/08d379-47ed-4857-ba36-8a3d242ebcd6.h5
measuring signal. ncounts=120
18:47:24 -- CLOSE  VALVE-R (Jan Inlet)
---------------------------------------- close None (Jan Inlet) result=[(True, True)]
action=close, ok=True, locked=[False]
is_closed ('F',) {}
is F () closed?
is closed True
open () {'description': 'CO2 Laser to Jan'}
opening name=--- desc=CO2 Laser to Jan
checking ownership. requestor=129.138.12.150
check software interlocks A
interlocks []
actuate state mode=None-script, software_lock=False
doing actuation None-script open_channel False
Open A ===>> OK
GetIndicatorState A ===>> OK
change switch state (True, True)
update switch state A True args=() kw={} ncanvase=2
18:47:24 -- OPEN   VALVE-A (CO2 Laser to Jan)
---------------------------------------- open None (CO2 Laser to Jan) result=[(True, True)], time=0.12 sec
starting measurement
GetData ===>> H2,-0.0897454517865669,H1,248.685601330496,AX,58.3457352531464,L1,0.739613599803277,L2,0.36334276...
"signal" increment series count="2" fit count="1" regressing="True"
action=open, ok=True, locked=[False]
sleep (1,) {}
SLEEP 1.0
GetData ===>> H2,-0.0695399088894389,H1,248.797949897763,AX,58.581885558625,L1,0.768095959050962,L2,0.332744178...
close () {'description': 'CO2 Laser to Roughing'}
closing name=--- desc=CO2 Laser to Roughing
checking ownership. requestor=129.138.12.150
check software interlocks G
interlocks []
actuate state mode=None-script, software_lock=True
VALVE-G(CO2 Laser to Roughing) software locked
change switch state (True, False)
---------------------------------------- close None (CO2 Laser to Roughing) result=[(True, False)]
action=close, ok=True, locked=[True]
open () {'description': 'Microbone to Turbo'}
opening name=--- desc=Microbone to Turbo
checking ownership. requestor=129.138.12.150
check software interlocks U
interlocks []
actuate state mode=None-script, software_lock=False
doing actuation None-script open_channel True
Open U ===>> OK
GetIndicatorState U ===>> OK
change switch state (True, True)
update switch state U True args=() kw={} ncanvase=2
18:47:26 -- OPEN   VALVE-U (Microbone to Turbo)
---------------------------------------- open None (Microbone to Turbo) result=[(True, True)], time=0.17 sec
action=open, ok=True, locked=[False]
open () {'description': 'Microbone to Getter NP-10'}
opening name=--- desc=Microbone to Getter NP-10
checking ownership. requestor=129.138.12.150
check software interlocks M
interlocks []
actuate state mode=None-script, software_lock=False
doing actuation None-script open_channel False
GetData ===>> H2,0.0446739960335646,H1,248.834441883139,AX,58.3764465571836,L1,0.782149942331107,L2,0.372432885...
Open M ===>> OK
GetIndicatorState M ===>> OK
change switch state (True, True)
update switch state M True args=() kw={} ncanvase=2
18:47:27 -- OPEN   VALVE-M (Microbone to Getter NP-10)
---------------------------------------- open None (Microbone to Getter NP-10) result=[(True, True)], time=0.13 sec
action=open, ok=True, locked=[False]
open () {'description': 'Microbone to Getter D-50'}
opening name=--- desc=Microbone to Getter D-50
checking ownership. requestor=129.138.12.150
check software interlocks K
interlocks []
actuate state mode=None-script, software_lock=False
doing actuation None-script open_channel False
Open K ===>> OK
GetIndicatorState K ===>> OK
change switch state (True, True)
update switch state K True args=() kw={} ncanvase=2
18:47:27 -- OPEN   VALVE-K (Microbone to Getter D-50)
---------------------------------------- open None (Microbone to Getter D-50) result=[(True, True)], time=0.40 sec
action=open, ok=True, locked=[False]
open () {'description': 'Microbone to CO2 Laser'}
opening name=--- desc=Microbone to CO2 Laser
checking ownership. requestor=129.138.12.150
check software interlocks T
interlocks []
actuate state mode=None-script, software_lock=False
doing actuation None-script open_channel False
GetData ===>> H2,-0.0327080911274572,H1,248.679663030385,AX,58.4015008814942,L1,0.798373440331874,L2,0.29560514...
Open T ===>> OK
GetIndicatorState T ===>> OK
change switch state (True, True)
update switch state T True args=() kw={} ncanvase=2
18:47:28 -- OPEN   VALVE-T (Microbone to CO2 Laser)
---------------------------------------- open None (Microbone to CO2 Laser) result=[(True, True)], time=0.41 sec
action=open, ok=True, locked=[False]
open () {'description': 'Microbone to Inlet Pipette'}
opening name=--- desc=Microbone to Inlet Pipette
checking ownership. requestor=129.138.12.150
check software interlocks S
interlocks []
actuate state mode=None-script, software_lock=False
doing actuation None-script open_channel False
Open S ===>> OK
GetIndicatorState S ===>> OK
change switch state (True, True)
update switch state S True args=() kw={} ncanvase=2
18:47:29 -- OPEN   VALVE-S (Microbone to Inlet Pipette)
---------------------------------------- open None (Microbone to Inlet Pipette) result=[(True, True)], time=0.40 sec
GetData ===>> H2,-0.126923051707192,H1,248.42350468762,AX,58.0741240424292,L1,0.760087208121359,L2,0.3883883577...
action=open, ok=True, locked=[False]
sleep (1,) {}
SLEEP 1.0
GetData ===>> H2,-0.23694863756157,H1,248.220901738066,AX,58.2525408449504,L1,0.738094037456065,L2,0.3448226024...
set_resource () {'name': 'CO2PumpTimeFlag', 'value': 30}
Set CO2PumpTimeFlag 30 ===>> OK
release ('JanCO2Flag',) {}
release JanCO2Flag
Set JanCO2Flag 0 ===>> OK
executed snippet estimated_duration=6.0, duration=6.41774582863
PumpMicrobone.py completed successfully
gosub finished
get_resource_value () {'name': 'JanMiniboneFlag'}
Read JanMiniboneFlag ===>> 0
Get Resource Value JanMiniboneFlag=0.0
get resource value 0.0
get_resource_value () {'name': 'JanMiniboneFlag'}
Read JanMiniboneFlag ===>> 0
Get Resource Value JanMiniboneFlag=0.0
executed snippet estimated_duration=4.0, duration=6.43069982529
jan_pump_extraction_line.py completed successfully
Post Equilibration Finished
18:47:30 -- ******* Post Equilibration Finished *******
GetData ===>> H2,-0.179531374886444,H1,248.373987798554,AX,58.0855847153277,L1,0.760397182418016,L2,0.360350980...
GetData ===>> H2,-0.104263721233468,H1,248.337951856664,AX,58.1650699547864,L1,0.723066701973114,L2,0.338121058...
GetData ===>> H2,-0.0846309496867595,H1,247.983759155584,AX,58.1616189321945,L1,0.745536034388099,L2,0.41854768...
GetData ===>> H2,-0.164414394584804,H1,248.008521862533,AX,58.1759804703884,L1,0.728528991802494,L2,0.296221346...
GetData ===>> H2,-0.248640642747625,H1,247.871199466938,AX,58.1124558601276,L1,0.746532766610032,L2,0.307473459...
GetData ===>> H2,-0.233542036580614,H1,247.908686378324,AX,58.2030620574106,L1,0.733242732296623,L2,0.238930920...
GetData ===>> H2,-0.0932761770781762,H1,247.806953739265,AX,58.1551240316306,L1,0.725975257753872,L2,0.38210635...
GetData ===>> H2,-0.0930892360065605,H1,247.798676410892,AX,58.2645066497314,L1,0.737380342286739,L2,0.39984550...
GetData ===>> H2,-0.067532586660919,H1,247.755212106805,AX,58.2473268811495,L1,0.726112004692083,L2,0.343338404...
GetData ===>> H2,-0.163975633405401,H1,247.50573453748,AX,58.0531029604356,L1,0.679292537426589,L2,0.3676022242...
GetData ===>> H2,-0.0365926691760223,H1,247.404460310744,AX,57.9110639690777,L1,0.680225010934916,L2,0.45993651...
GetData ===>> H2,-0.212887086547448,H1,247.345406754203,AX,58.055180819963,L1,0.708307109603882,L2,0.2752156126...
GetData ===>> H2,-0.301286056916119,H1,247.225746409872,AX,58.0026726471098,L1,0.693022716141741,L2,0.379228198...
GetData ===>> H2,-0.179633935702443,H1,247.198841657032,AX,57.9505788359942,L1,0.672033763663348,L2,0.432956685...
GetData ===>> H2,-0.124402814112111,H1,247.346526866378,AX,57.972546921282,L1,0.709899753132001,L2,0.3878400941...
GetData ===>> H2,-0.208592674004454,H1,247.01253215383,AX,57.9095889867371,L1,0.728730432669511,L2,0.3435553239...
GetData ===>> H2,-0.202614421788616,H1,246.999846006876,AX,57.8434432056774,L1,0.75413769150625,L2,0.3492639182...
GetData ===>> H2,-0.236128025894015,H1,246.619397501802,AX,57.878046549257,L1,0.739537740791247,L2,0.3010027625...
18:47:50 -- collecting point 25
GetData ===>> H2,-0.231049669845592,H1,246.78279758624,AX,57.9458213441257,L1,0.701883102350139,L2,0.3304839237...
GetData ===>> H2,-0.167658000102451,H1,246.792253675732,AX,57.9965019611795,L1,0.714597107894475,L2,0.339650841...
GetData ===>> H2,-0.145752200151673,H1,246.417674436788,AX,57.9261157940558,L1,0.713344273021401,L2,0.418593389...
GetData ===>> H2,-0.224151076109833,H1,246.299163916726,AX,57.8315147727282,L1,0.755841859191222,L2,0.341123565...
GetData ===>> H2,-0.25271557903948,H1,246.35016107183,AX,57.798694041982,L1,0.715658655238464,L2,0.376727010133...
GetData ===>> H2,-0.194876822395021,H1,246.249376995962,AX,57.7698492400073,L1,0.704153964272917,L2,0.396955383...
GetData ===>> H2,0.0102039052997258,H1,246.136007504394,AX,57.9237675912666,L1,0.725187133061848,L2,0.346729260...
GetData ===>> H2,-0.0211181093265098,H1,246.294639793465,AX,57.7022996585756,L1,0.71690175406421,L2,0.281205371...
GetData ===>> H2,-0.149135821305037,H1,246.276517607131,AX,57.7072168781178,L1,0.729457890401001,L2,0.290150775...
GetData ===>> H2,-0.205771052398288,H1,246.13813497963,AX,57.7407553196541,L1,0.741763996791591,L2,0.3581471674...
GetData ===>> H2,-0.235057105263266,H1,245.869049281369,AX,57.7466367451318,L1,0.720693225353914,L2,0.412320835...
GetData ===>> H2,-0.289721274234104,H1,245.735532108151,AX,57.6265956603306,L1,0.706768116661303,L2,0.370559975...
GetData ===>> H2,-0.232760203185151,H1,245.766643782832,AX,57.6132162068599,L1,0.731995062915226,L2,0.332961074...
GetData ===>> H2,-0.193988678086838,H1,245.796140674696,AX,57.5970669797939,L1,0.752277340772862,L2,0.316877862...
GetData ===>> H2,-0.197405807970082,H1,245.42341424976,AX,57.4746317070665,L1,0.755292172083431,L2,0.3497092029...
GetData ===>> H2,-0.0952957573936062,H1,245.374587090992,AX,57.4155530955106,L1,0.740358539712245,L2,0.46452740...
GetData ===>> H2,-0.219234402788674,H1,245.58949805125,AX,57.4681728548924,L1,0.714092475743609,L2,0.4420305521...
GetData ===>> H2,-0.256983942607416,H1,245.424874715675,AX,57.6121635871746,L1,0.668937327725982,L2,0.351615958...
GetData ===>> H2,-0.189537472616601,H1,245.355764237629,AX,57.5186508358605,L1,0.691285902006792,L2,0.349286753...
GetData ===>> H2,-0.237987096695051,H1,245.200883735128,AX,57.2789451299492,L1,0.686170252894189,L2,0.290173596...
GetData ===>> H2,-0.202498491170708,H1,245.10549554182,AX,57.5596039238915,L1,0.656519836663623,L2,0.3591063336...
GetData ===>> H2,-0.278615946598351,H1,245.089360611677,AX,57.2896167516236,L1,0.698062615515592,L2,0.352072671...
GetData ===>> H2,-0.228630794770437,H1,244.824665001081,AX,57.2457157685836,L1,0.703220231237583,L2,0.329901745...
GetData ===>> H2,-0.127177207696218,H1,244.951715629303,AX,57.3115932334022,L1,0.729709092713493,L2,0.272101086...
GetData ===>> H2,-0.155054973420565,H1,244.867387295092,AX,57.4087469738358,L1,0.724791850036083,L2,0.346101314...
18:48:16 -- collecting point 50
GetData ===>> H2,-0.156019634636173,H1,244.79435862644,AX,57.5697503222023,L1,0.73293670984936,L2,0.43828204957...
GetData ===>> H2,-0.205430092471586,H1,244.772898768725,AX,57.3641031209695,L1,0.699741818773173,L2,0.394842113...
GetData ===>> H2,-0.223158484533029,H1,244.542751385679,AX,57.4113461778106,L1,0.744697409561343,L2,0.343783661...
GetData ===>> H2,-0.163301933170263,H1,244.286792410331,AX,57.2649278050386,L1,0.706976780355103,L2,0.282163767...
GetData ===>> H2,-0.184940190297531,H1,244.25058823922,AX,57.1768123555533,L1,0.712931665916561,L2,0.2995192427...
GetData ===>> H2,-0.230519365377171,H1,244.126714815966,AX,57.2699102300851,L1,0.703037716070205,L2,0.359643014...
GetData ===>> H2,-0.179171055181417,H1,244.17440832525,AX,57.2534779786235,L1,0.729142030729112,L2,0.2726372794...
GetData ===>> H2,-0.0742638563044479,H1,244.192180151917,AX,57.0648909247051,L1,0.705372164639975,L2,0.26842767...
GetData ===>> H2,-0.126939274599943,H1,244.087529589126,AX,57.3490551572166,L1,0.686852690605892,L2,0.294623790...
GetData ===>> H2,-0.115125575702534,H1,243.84242092252,AX,57.2336436891361,L1,0.701010398590041,L2,0.3857612898...
GetData ===>> H2,-0.140301164048373,H1,243.899468079338,AX,57.2202516413357,L1,0.711895249004773,L2,0.359129171...
GetData ===>> H2,-0.152674043581413,H1,243.709129484401,AX,57.2981276801172,L1,0.737390288922461,L2,0.358272772...
GetData ===>> H2,-0.177886226424404,H1,243.602464038197,AX,57.0936980708085,L1,0.740763988443749,L2,0.333531855...
GetData ===>> H2,-0.141020191379317,H1,243.421422232447,AX,57.1456305670582,L1,0.735268180229363,L2,0.346295406...
GetData ===>> H2,-0.233014540468874,H1,243.243041976354,AX,56.9199915809329,L1,0.686229809313278,L2,0.370171694...
GetData ===>> H2,-0.258728465480463,H1,243.333023700819,AX,56.948486905543,L1,0.701775096641867,L2,0.3019271211...
GetData ===>> H2,-0.203304588782102,H1,243.497797849367,AX,56.8757484527172,L1,0.670388086069545,L2,0.454295272...
GetData ===>> H2,-0.150351247064563,H1,243.161915676258,AX,56.955997794903,L1,0.674715523123352,L2,0.3905700210...
GetData ===>> H2,-0.113754585532612,H1,243.117533393161,AX,56.9825068722095,L1,0.722174410239556,L2,0.483727021...
GetData ===>> H2,-0.124282466880929,H1,243.170000548849,AX,56.751946401251,L1,0.706323478200376,L2,0.3004435869...
GetData ===>> H2,-0.277007135601928,H1,242.985457452754,AX,56.9185077823863,L1,0.724304603519322,L2,0.359814295...
GetData ===>> H2,-0.239317898731824,H1,242.6753976053,AX,57.0008925776231,L1,0.729188041188757,L2,0.22180957946...
GetData ===>> H2,-0.0791213474124845,H1,242.703988274865,AX,56.8813585723681,L1,0.73386724496752,L2,0.423518032...
GetData ===>> H2,-0.0364229756713762,H1,242.845635977242,AX,56.9704211589799,L1,0.73347660915915,L2,0.356422976...
GetData ===>> H2,-0.17441295021136,H1,242.774668816308,AX,56.9794178574051,L1,0.714543660475896,L2,0.2495705220...
18:48:42 -- collecting point 75
GetData ===>> H2,-0.204781835962564,H1,242.451872825316,AX,56.9341709830581,L1,0.739701895413077,L2,0.318042064...
GetData ===>> H2,-0.197225088188029,H1,242.273102802701,AX,56.9415461030372,L1,0.728205699774574,L2,0.452251260...
GetData ===>> H2,-0.212627151234969,H1,242.222580666884,AX,57.0746675200129,L1,0.748113298599447,L2,0.287651911...
GetData ===>> H2,-0.300820581325497,H1,242.092240568881,AX,56.8996695589088,L1,0.753912290011722,L2,0.319434558...
GetData ===>> H2,-0.205261630215985,H1,242.276873967638,AX,56.5938938497623,L1,0.721631367535199,L2,0.363011609...
GetData ===>> H2,-0.213392125121191,H1,242.1483477747,AX,56.7660573659802,L1,0.671034172615837,L2,0.35840979536...
GetData ===>> H2,-0.153124053323006,H1,241.897641736649,AX,56.8085945790317,L1,0.688256171253576,L2,0.339217019...
GetData ===>> H2,-0.0288941869146351,H1,242.02118174386,AX,56.7609340937448,L1,0.71165914924838,L2,0.4060372678...
GetData ===>> H2,-0.139710500355786,H1,241.663227288106,AX,56.9972032239081,L1,0.706723403556075,L2,0.337082189...
GetData ===>> H2,-0.155544069618927,H1,241.703783771348,AX,56.7447267536733,L1,0.656945942740042,L2,0.325997819...
GetData ===>> H2,-0.255064387032156,H1,241.630919106518,AX,56.7730235535036,L1,0.66475729907675,L2,0.3534884970...
GetData ===>> H2,-0.258094124731728,H1,241.748974960316,AX,56.7647840185889,L1,0.635489179996874,L2,0.388045692...
GetData ===>> H2,-0.261307170990567,H1,241.733018454469,AX,56.6088958301248,L1,0.633243246532318,L2,0.254810846...
GetData ===>> H2,-0.226465886487325,H1,241.481866763833,AX,56.6782995519201,L1,0.701571502718392,L2,0.327892687...
GetData ===>> H2,-0.161701903356051,H1,241.549208659772,AX,56.6125492782034,L1,0.711987205093419,L2,0.239147810...
GetData ===>> H2,-0.125375010683923,H1,241.536071876047,AX,56.5647783517258,L1,0.681788827528412,L2,0.319160623...
GetData ===>> H2,-0.126603996770488,H1,241.36623505442,AX,56.5833845473163,L1,0.720500637066842,L2,0.3204846503...
GetData ===>> H2,-0.214177246960552,H1,241.136272396409,AX,56.5500360587031,L1,0.731385587736689,L2,0.370023234...
GetData ===>> H2,-0.184948283370596,H1,240.943076474694,AX,56.6358200430468,L1,0.71774515026124,L2,0.3395366774...
GetData ===>> H2,-0.194721840169324,H1,241.308287190413,AX,56.5486143046587,L1,0.732750115199862,L2,0.394979188...
GetData ===>> H2,-0.168100667413662,H1,240.882769524956,AX,56.4221765219778,L1,0.725034238794621,L2,0.438704891...
GetData ===>> H2,-0.147583938385241,H1,240.730435690573,AX,56.4072755483463,L1,0.703739237412199,L2,0.304723074...
GetData ===>> H2,-0.126360643755534,H1,240.812230796401,AX,56.4005736790002,L1,0.685211193304134,L2,0.248006472...
GetData ===>> H2,-0.113496068345184,H1,240.774745875071,AX,56.3962356061078,L1,0.696507763210033,L2,0.347254454...
GetData ===>> H2,-0.105989079758206,H1,240.424675089054,AX,56.4761549920828,L1,0.699502270644133,L2,0.405237570...
18:49:08 -- collecting point 100
GetData ===>> H2,-0.119255140001721,H1,240.429374521026,AX,56.3117004098311,L1,0.686280680690983,L2,0.321603238...
GetData ===>> H2,-0.124360895558428,H1,240.347091307497,AX,56.294722450465,L1,0.696123382315875,L2,0.3088201502...
GetData ===>> H2,-0.154245621479769,H1,240.278443490286,AX,56.4814987310298,L1,0.732470229480665,L2,0.360248210...
GetData ===>> H2,-0.211785350791924,H1,239.950371996672,AX,56.2484373934432,L1,0.706471274913906,L2,0.395972992...
GetData ===>> H2,-0.21552246621425,H1,239.956274071419,AX,56.2376873471688,L1,0.699052977605598,L2,0.3981776754...
GetData ===>> H2,-0.20686663665318,H1,239.994077334594,AX,56.1674086333066,L1,0.725568756984438,L2,0.3650328230...
GetData ===>> H2,-0.107642471599221,H1,239.960156411331,AX,56.2583210720477,L1,0.742247866058929,L2,0.360853410...
GetData ===>> H2,-0.0928508139468298,H1,240.197428161987,AX,56.2541043393515,L1,0.72146361406296,L2,0.368413027...
GetData ===>> H2,-0.0785400215125587,H1,240.047465216589,AX,56.0569323608786,L1,0.742122232037385,L2,0.46948398...
GetData ===>> H2,-0.230036147499391,H1,240.034297497764,AX,56.0098794664662,L1,0.727876200899447,L2,0.292056345...
GetData ===>> H2,-0.194841783121003,H1,239.874210087767,AX,56.0491636817496,L1,0.719291760844491,L2,0.410778467...
GetData ===>> H2,-0.162301434664395,H1,239.614147053081,AX,56.0577092552693,L1,0.689137321179894,L2,0.261777097...
GetData ===>> H2,-0.106442365786019,H1,239.583741208437,AX,56.2237390773977,L1,0.678687466325209,L2,0.336545635...
GetData ===>> H2,-0.102356726079393,H1,239.564949353312,AX,56.1771514377711,L1,0.66135575749545,L2,0.3330181519...
GetData ===>> H2,-0.158239124512172,H1,239.244848026515,AX,56.144832742282,L1,0.675426392067948,L2,0.3942823895...
GetData ===>> H2,-0.158149975050078,H1,239.385954847323,AX,56.1270814228307,L1,0.718594825999882,L2,0.329719102...
GetData ===>> H2,-0.274672742855142,H1,239.179481369161,AX,56.0887889791337,L1,0.695533476857322,L2,0.318829620...
GetData ===>> H2,-0.171904464004377,H1,239.032256631411,AX,56.0422469744984,L1,0.702538609281536,L2,0.304551891...
GetData ===>> H2,-0.132856823543546,H1,238.959571004218,AX,56.0490441673691,L1,0.668218223362039,L2,0.247549820...
GetData ===>> H2,-0.128318135734049,H1,239.041654909212,AX,56.0588447249621,L1,0.694733742585779,L2,0.420193013...
GetData ===>> H2,-0.128589832729114,H1,238.809037695694,AX,55.9005388569447,L1,0.728139799167135,L2,0.390204503...
measurement finished
estimated time: 125.829 actual time: :126.136
flush and close file /Users/jan/PychronDev/data/isotopes/18/08d379-47ed-4857-ba36-8a3d242ebcd6.h5
baselines () {'settling_time': 15.0, 'detector': 'H1', 'mass': 34.2, 'ncounts': 60}
%%%%%%%%%%%%%%%%%%%%%%%%%%%%%%%% Baseline
build tables- baseline [Detector(H2), Detector(H1), Detector(AX), Detector(L1), Detector(L2), Detector(CDD)]
add group baseline table H2
add group baseline table H1
add group baseline table AX
add group baseline table L1
add group baseline table L2
add group baseline table CDD
flush and close file /Users/jan/PychronDev/data/isotopes/18/08d379-47ed-4857-ba36-8a3d242ebcd6.h5
detector Detector(H1)
POSITION 34.2 H1
Mapping mass to dac mass func: "parabolic"
H1 map mass coeffs = [-0.00063987  0.15840543  0.57122999]
H1 map mass to dac 34.2 >> 5.24027599104
GetDeflection H1 ===>> 0
GetHighVoltage ===>> 4500
positioning 34.2 (5.24027599104) on H1
setting magnet DAC
current  : 5.879620
requested: 5.240276
Delta Dac: 0.639344
Checking detector protection. dv=0.63934
Checking detector "CDD". Protection Threshold: 0.1 (V)
ProtectDetector CDD,On ===>> OK
GetDeflection CDD ===>> 2000
Protected = 2000
SetMagnetDAC 5.24027599104 ===>> OK
Magnet settling time: 0.500
GetMagnetMoving ===>> True
GetMagnetMoving ===>> True
GetMagnetMoving ===>> True
GetMagnetMoving ===>> True
GetMagnetMoving ===>> True
GetMagnetMoving ===>> True
GetMagnetMoving ===>> True
GetMagnetMoving ===>> True
GetMagnetMoving ===>> False
ProtectDetector CDD,Off ===>> OK
GetDeflection CDD ===>> 50
Delaying 15.0s for detectors to settle
Join finished
measuring baseline. ncounts=60
"baseline" increment series count="2" fit count="1" regressing="True"
starting measurement
GetData ===>> H2,-0.210737390031438,H1,-0.0387033551203285,AX,-0.0602122181144244,L1,-0.056244666960305,L2,0.00...
GetData ===>> H2,-0.213673590163017,H1,0.0395007457133502,AX,-0.0566297280696922,L1,-0.0177106800089416,L2,-0.0...
GetData ===>> H2,-0.290313423891497,H1,0.00475703186439986,AX,0.00228578537976371,L1,-0.029437069207455,L2,-0.0...
GetData ===>> H2,-0.24511860526962,H1,-0.0676863328630038,AX,0.0326968944225385,L1,-0.0581668437407189,L2,-0.10...
GetData ===>> H2,-0.171932795405,H1,0.0263033957665694,AX,0.0175771738996092,L1,0.0081221318738191,L2,0.0513943...
GetData ===>> H2,-0.231096776906734,H1,0.041887432354293,AX,0.000151215074900034,L1,-0.00598821474028848,L2,-0....
GetData ===>> H2,-0.197903446779748,H1,-0.0947541695143659,AX,-0.0493252135631559,L1,-0.0419642910656136,L2,-0....
GetData ===>> H2,-0.20069197688271,H1,-0.0501735584923278,AX,-0.11641337710161,L1,-0.0213065159461218,L2,-0.040...
GetData ===>> H2,-0.226698822528069,H1,-0.00952114258716534,AX,-0.111766914983591,L1,-0.0463929121303607,L2,0.0...
GetData ===>> H2,-0.322877825195253,H1,-0.0936339375632088,AX,-0.109148112862029,L1,-0.0514656480030899,L2,-0.0...
GetData ===>> H2,-0.181679560023731,H1,-0.059985381439742,AX,0.00723956095942058,L1,-0.0480876990635528,L2,0.09...
GetData ===>> H2,-0.21697201468317,H1,-0.0318826109309221,AX,-0.0799077604769274,L1,-0.0288716781792907,L2,-0.0...
GetData ===>> H2,-0.150410664538968,H1,-0.0733126595317877,AX,-0.119159436159138,L1,-0.03921562503408,L2,-0.019...
GetData ===>> H2,-0.204405803206306,H1,-0.0416246855324374,AX,-0.197804802010707,L1,-0.0331652186195135,L2,-0.0...
GetData ===>> H2,-0.154705027001495,H1,0.0406224813484403,AX,-0.113771525610021,L1,-0.00583828281353603,L2,-0.0...
GetData ===>> H2,-0.13566964401492,H1,-0.056182371046609,AX,0.0108477388526894,L1,-0.0358167794186124,L2,-0.093...
GetData ===>> H2,-0.12604968508755,H1,-0.0420897057714196,AX,-0.0782501963100301,L1,-0.045727366769666,L2,0.037...
GetData ===>> H2,-0.177617635604413,H1,-0.0572911006008646,AX,-0.108499195243434,L1,-0.0410649192655811,L2,0.08...
GetData ===>> H2,-0.200615126221076,H1,-0.103084011583454,AX,-0.0181879194217664,L1,-0.0312923346553804,L2,0.05...
GetData ===>> H2,-0.2620616238148,H1,0.0112109101762627,AX,-0.0722456365521872,L1,-0.0273706024334961,L2,0.0516...
GetData ===>> H2,-0.212330844626618,H1,0.102586024785212,AX,0.00577776489676709,L1,-0.0338860183154649,L2,0.055...
GetData ===>> H2,-0.0893768708165778,H1,0.0439996974885172,AX,-0.00345656635920697,L1,-0.0651773955084734,L2,-0...
GetData ===>> H2,-0.202119686333198,H1,-0.0165342367645092,AX,-0.0893773583144167,L1,-0.0607299714918392,L2,-0....
GetData ===>> H2,-0.247768980253832,H1,-0.0225808469530573,AX,-0.0825621225997573,L1,-0.0191940131524099,L2,-0....
18:50:14 -- collecting point 25
GetData ===>> H2,-0.17255471925239,H1,0.00696394898225279,AX,-0.0400140613281506,L1,-0.0069753108003322,L2,-0.0...
GetData ===>> H2,-0.182538989797492,H1,-0.0183589919328984,AX,-0.0676898063539243,L1,-0.0154870694197277,L2,0.0...
GetData ===>> H2,-0.126537751188837,H1,-0.0115726427499794,AX,-0.115984660464205,L1,0.00666429592023106,L2,0.00...
GetData ===>> H2,-0.184793165129561,H1,0.0297517216630407,AX,-0.13511543273306,L1,-0.00793712661141731,L2,-0.04...
GetData ===>> H2,-0.160310976595785,H1,-0.0291160227379404,AX,-0.0352943699798063,L1,0.0243128820028275,L2,-0.2...
GetData ===>> H2,-0.109635205816511,H1,0.00642712682685804,AX,-0.0063914153219152,L1,0.0215200972627348,L2,-0.0...
GetData ===>> H2,-0.211273505485119,H1,-0.0345895003591277,AX,-0.175019665163889,L1,0.000813744472634788,L2,-0....
GetData ===>> H2,-0.36995601088201,H1,-0.0204699417030383,AX,-0.0983940624115992,L1,-0.026067012517002,L2,-0.01...
GetData ===>> H2,-0.30514491173036,H1,0.0500383961569153,AX,-0.189507272594553,L1,-0.00640681285973193,L2,-0.06...
GetData ===>> H2,-0.172875785877848,H1,-0.0789625082170396,AX,-0.0840457519756552,L1,-0.0202778951965331,L2,0.0...
GetData ===>> H2,-0.242812138244172,H1,-0.0528799532465872,AX,-0.0183271026765403,L1,-0.0292753610363953,L2,-0....
GetData ===>> H2,-0.220329726414931,H1,-0.0672214315521778,AX,-0.148693056460146,L1,-0.0563500012441059,L2,-0.0...
GetData ===>> H2,-0.190758964941785,H1,0.014002550225878,AX,-0.155892718146377,L1,-0.0354848601472507,L2,-0.022...
GetData ===>> H2,-0.152576741829071,H1,-0.067018781586836,AX,-0.0211339225023233,L1,0.00500111135863776,L2,0.08...
GetData ===>> H2,-0.233746569262027,H1,-0.0709048211634976,AX,-0.084926646213876,L1,-0.0118410112046892,L2,-0.0...
GetData ===>> H2,-0.225893624380142,H1,-0.0295811011005174,AX,-0.1057644234354,L1,-0.0208269855601031,L2,-0.083...
GetData ===>> H2,-0.201420009882166,H1,-0.0247513358718752,AX,-0.00219211798989812,L1,-0.0698583394519161,L2,-0...
GetData ===>> H2,-0.207021600028209,H1,-0.0560869958875053,AX,-0.0789572725900257,L1,-0.0440381679361068,L2,-0....
GetData ===>> H2,-0.201901294861398,H1,-0.0551451613105101,AX,-0.0131075944063844,L1,-0.0104875322851336,L2,0.0...
GetData ===>> H2,-0.271831330925502,H1,0.0628091758273499,AX,-0.100480070296058,L1,-0.036584824951507,L2,-0.033...
GetData ===>> H2,-0.301117039185528,H1,-0.0320018587028013,AX,-0.0568384204278508,L1,-0.0269955980149563,L2,0.0...
GetData ===>> H2,-0.14438766006222,H1,-0.0447605494023005,AX,0.0243766962533191,L1,-0.0522265169308482,L2,-0.14...
GetData ===>> H2,-0.19669235263146,H1,-0.0606887437004876,AX,-0.0475395821764112,L1,-0.04381068502251,L2,-0.058...
GetData ===>> H2,-0.266665247821842,H1,-0.074266242868659,AX,-0.111094839747529,L1,-0.0302647347564803,L2,-0.08...
GetData ===>> H2,-0.325928925574615,H1,-0.0639432199711408,AX,-0.168783534512905,L1,-0.0442716318872077,L2,-0.0...
18:50:40 -- collecting point 50
GetData ===>> H2,-0.215933136896665,H1,0.0102207317683291,AX,-0.073300518474884,L1,-0.0243557942908705,L2,-0.02...
GetData ===>> H2,-0.257665386953788,H1,0.0300858218327928,AX,-0.0432376992888067,L1,-0.0268937573399286,L2,0.07...
GetData ===>> H2,-0.206954224908666,H1,-0.0388941384845463,AX,-0.0847759675017306,L1,-0.0254546982697867,L2,-0....
GetData ===>> H2,-0.251602178159464,H1,-0.115881301763898,AX,-0.0633888141733063,L1,-0.000256827889356506,L2,0....
GetData ===>> H2,-0.275913872588609,H1,-0.0860303296543961,AX,-0.0349000856505303,L1,-0.0134388171262062,L2,-0....
GetData ===>> H2,-0.240363861151278,H1,-0.10099863694466,AX,-0.0524325978557298,L1,-0.0522528352649454,L2,-0.14...
GetData ===>> H2,-0.243795875793012,H1,-0.0960173947533559,AX,-0.0906174944283352,L1,-0.0572393137096445,L2,-0....
GetData ===>> H2,-0.263289350944944,H1,-0.0522480702718429,AX,-0.0403503450967814,L1,-0.0307641757966308,L2,-0....
GetData ===>> H2,-0.188983308457178,H1,0.0366845286529973,AX,-0.115370549556942,L1,-0.0204109744336254,L2,-0.01...
GetData ===>> H2,-0.233383252077116,H1,0.0150285571581811,AX,-0.0742974293416353,L1,0.0292184813369721,L2,-0.11...
GetData ===>> H2,-0.177220811377597,H1,0.0286539718124647,AX,-0.106019363039584,L1,-0.00395014888932398,L2,-0.0...
measurement finished
estimated time: 62.915 actual time: :63.079
flush and close file /Users/jan/PychronDev/data/isotopes/18/08d379-47ed-4857-ba36-8a3d242ebcd6.h5
activate_detectors ('H1', 'AX', 'CDD') {'peak_center': True}
peak_center () {'detector': 'H1', 'integration_time': 0.262144, 'isotope': 'Ar40'}
peak center: mean=239.24156421 threshold=3
peak center started
setup peak center. detector=['H1', 'AX', 'CDD'], isotope=Ar40
VersionedUnpickler [<apptools.sweet_pickle.versioned_unpickler.VersionedUnpickler object at 0x1d9edf3b0>] using Updater [<apptools.sweet_pickle.updater.Updater object at 0x1373f1ad0>]
VersionedUnpickler [<apptools.sweet_pickle.versioned_unpickler.VersionedUnpickler object at 0x1d9edf3b0>] using Updater [<apptools.sweet_pickle.updater.Updater object at 0x1373f1ad0>]
VersionedUnpickler [<apptools.sweet_pickle.versioned_unpickler.VersionedUnpickler object at 0x1c7e080b0>] using Updater [<apptools.sweet_pickle.updater.Updater object at 0x1373f1ad0>]
setting integration time = 0.524288
SetIntegrationTime 0.524288 ===>> OK
Mapping mass to dac mass func: "parabolic"
H1 map mass coeffs = [-0.00063987  0.15840543  0.57122999]
H1 map mass to dac 39.9624 >> 5.87962
GetDeflection H1 ===>> 0
GetHighVoltage ===>> 4500
do peak center. <pychron.spectrometer.jobs.peak_center.PeakCenter object at 0x1376ecfb0>
doing pc
starting peak center. center dac= 5.87962 step_width=0.001
width = 0.001
get scan parameters. half-width=0.015,window=0.015, i=0, scalar=1
Scan parameters center=5.87962 width=0.03000 (5.86462 - 5.89462)
GetData ===>> H2,-0.126763525359976,H1,-0.0328365891276714,AX,-0.08732588349929,L1,-0.0438873114212422,L2,-0.00...
Moving to starting dac 5.86462
setting magnet DAC
current  : 5.240276
requested: 5.864620
Delta Dac: 0.624344
Checking detector protection. dv=0.62434
Checking detector "CDD". Protection Threshold: 0.1 (V)
ProtectDetector CDD,On ===>> OK
GetDeflection CDD ===>> 2000
Protected = 2000
SetMagnetDAC 5.86462 ===>> OK
Magnet settling time: 0.500
GetMagnetMoving ===>> True
GetMagnetMoving ===>> True
GetMagnetMoving ===>> True
GetMagnetMoving ===>> True
GetMagnetMoving ===>> True
GetMagnetMoving ===>> True
GetMagnetMoving ===>> True
GetMagnetMoving ===>> True
GetMagnetMoving ===>> False
ProtectDetector CDD,Off ===>> OK
GetDeflection CDD ===>> 50
Wait until signal near baseline. tol= -0.0246274418458. timeout= 10
GetData ===>> H2,1.1630842634641,H1,0.579496870201957,AX,-0.0275707449442434,L1,0.0190822932789178,L2,0.1042686...
GetData ===>> H2,13.1811848184976,H1,7.6199402279346,AX,0.559935296014006,L1,-0.00792393524554455,L2,-0.1404497...
GetData ===>> H2,13.7688545034257,H1,8.02599957596841,AX,1.09728984877257,L1,-0.0586246272059865,L2,-0.14689725...
GetData ===>> H2,7.21829089336951,H1,3.86353432320041,AX,0.439126603309776,L1,-0.0476484702921745,L2,-0.1743456...
GetData ===>> H2,2.88166726670024,H1,1.89733179091125,AX,0.230543367789472,L1,0.000589298909481881,L2,-0.088775...
GetData ===>> H2,0.839191796574549,H1,1.05786163522013,AX,0.175499070013289,L1,0.0233843058272021,L2,-0.0236815...
GetData ===>> H2,0.229505137064867,H1,0.599554678406977,AX,0.235627019143787,L1,-0.0134508027086257,L2,-0.08415...
GetData ===>> H2,0.0123347206490367,H1,0.348434198321601,AX,0.0988555234818886,L1,-0.0150040133941861,L2,-0.070...
GetData ===>> H2,-0.0374886089847218,H1,0.337753805594709,AX,-0.180722641644126,L1,-0.0325113737091139,L2,-0.15...
GetData ===>> H2,-0.106672433302326,H1,0.292727076297417,AX,0.000336828025851112,L1,-0.0434275442636173,L2,-0.0...
GetData ===>> H2,-0.211701840770994,H1,0.31460491344173,AX,-0.016274129485326,L1,-0.0396624092832682,L2,-0.0337...
GetData ===>> H2,-0.232261693187884,H1,0.238793289873196,AX,-0.0429709994805059,L1,-0.00830767700776263,L2,-0.0...
GetData ===>> H2,-0.143587953575153,H1,0.198606543909841,AX,-0.0176427830908895,L1,-0.0261067983783149,L2,0.040...
GetData ===>> H2,-0.101174859633811,H1,0.228029107312966,AX,0.02412141550278,L1,-0.0210875097326764,L2,-0.03394...
GetData ===>> H2,-0.056295216581714,H1,0.262545409851955,AX,0.0432229058400107,L1,0.0129469405681904,L2,-0.0234...
GetData ===>> H2,-0.142748269532398,H1,0.119592581938899,AX,-0.0495803010866978,L1,0.00778625194239097,L2,0.043...
GetData ===>> H2,-0.226153356102226,H1,0.238960370554886,AX,0.0487010599190813,L1,0.0262036958119759,L2,0.03496...
GetData ===>> H2,-0.237006755874784,H1,0.304381923681851,AX,-0.0762912204342348,L1,0.000625305882198826,L2,0.00...
GetData ===>> H2,-0.283917635139162,H1,0.195170895458818,AX,-0.00112486438175569,L1,0.02985037932014,L2,-0.0980...
GetData ===>> H2,-0.283917635139162,H1,0.195170895458818,AX,-0.00112486438175569,L1,0.02985037932014,L2,-0.0980...
GetData ===>> H2,-0.30023434982491,H1,0.148681932541117,AX,-0.134047056739908,L1,-0.00136448643799717,L2,-0.005...
Peak center failed to move to a baseline position
_do_sweep sm= 5.86462, em= 5.89462, stm= 0.001
calculated step values: start=5.86462, end=5.89462, width=0.001, nsteps=31.0
setting magnet DAC
current  : 5.864620
requested: 5.864620
Delta Dac: 0.000000
Checking detector protection. dv=0.00000
Checking detector "CDD". Protection Threshold: 0.1 (V)
SetMagnetDAC 5.86462 ===>> OK
GetData ===>> H2,-0.182876903875394,H1,0.146511861532361,AX,-0.143383965811641,L1,0.0134290915559379,L2,-0.0794...
setting magnet DAC
current  : 5.864620
requested: 5.865654
Delta Dac: 0.001034
Checking detector protection. dv=0.00103
Checking detector "CDD". Protection Threshold: 0.1 (V)
SetMagnetDAC 5.86565448276 ===>> OK
Magnet settling time: 1.049
GetData ===>> H2,-0.143128970001169,H1,0.374028761495926,AX,0.0745416280349176,L1,-0.00902475521492537,L2,0.079...
setting magnet DAC
current  : 5.865654
requested: 5.866689
Delta Dac: 0.001034
Checking detector protection. dv=0.00103
Checking detector "CDD". Protection Threshold: 0.1 (V)
SetMagnetDAC 5.86668896552 ===>> OK
Magnet settling time: 1.049
GetData ===>> H2,-0.163351888270033,H1,1.67440864546198,AX,0.23418778500099,L1,-0.0306713136262869,L2,0.1037443...
setting magnet DAC
current  : 5.866689
requested: 5.867723
Delta Dac: 0.001034
Checking detector protection. dv=0.00103
Checking detector "CDD". Protection Threshold: 0.1 (V)
SetMagnetDAC 5.86772344828 ===>> OK
Magnet settling time: 1.049
GetData ===>> H2,-0.157201705556476,H1,6.04112914159043,AX,0.885139921116494,L1,-0.0388023618674883,L2,-0.10968...
setting magnet DAC
current  : 5.867723
requested: 5.868758
Delta Dac: 0.001034
Checking detector protection. dv=0.00103
Checking detector "CDD". Protection Threshold: 0.1 (V)
SetMagnetDAC 5.86875793103 ===>> OK
Magnet settling time: 1.049
GetData ===>> H2,-0.23486701969477,H1,20.6860888297691,AX,3.05885529073047,L1,-0.0127987662904828,L2,-0.0240686...
setting magnet DAC
current  : 5.868758
requested: 5.869792
Delta Dac: 0.001034
Checking detector protection. dv=0.00103
Checking detector "CDD". Protection Threshold: 0.1 (V)
SetMagnetDAC 5.86979241379 ===>> OK
Magnet settling time: 1.049
GetData ===>> H2,-0.249284930249062,H1,56.1836688269674,AX,9.13541037022071,L1,0.0240398517209681,L2,0.01587449...
setting magnet DAC
current  : 5.869792
requested: 5.870827
Delta Dac: 0.001034
Checking detector protection. dv=0.00103
Checking detector "CDD". Protection Threshold: 0.1 (V)
SetMagnetDAC 5.87082689655 ===>> OK
Magnet settling time: 1.049
GetData ===>> H2,-0.200044797102959,H1,112.207170679118,AX,20.4411105872175,L1,0.113948529243552,L2,0.075546985...
setting magnet DAC
current  : 5.870827
requested: 5.871861
Delta Dac: 0.001034
Checking detector protection. dv=0.00103
Checking detector "CDD". Protection Threshold: 0.1 (V)
SetMagnetDAC 5.87186137931 ===>> OK
Magnet settling time: 1.049
GetData ===>> H2,-0.0689553806506285,H1,167.549817703033,AX,33.4776520568438,L1,0.246379068555752,L2,0.08974718...
setting magnet DAC
current  : 5.871861
requested: 5.872896
Delta Dac: 0.001034
Checking detector protection. dv=0.00103
Checking detector "CDD". Protection Threshold: 0.1 (V)
SetMagnetDAC 5.87289586207 ===>> OK
Magnet settling time: 1.049
GetData ===>> H2,-0.101050437121721,H1,204.602069369524,AX,44.1798297402586,L1,0.406377665793088,L2,0.176407194...
setting magnet DAC
current  : 5.872896
requested: 5.873930
Delta Dac: 0.001034
Checking detector protection. dv=0.00103
Checking detector "CDD". Protection Threshold: 0.1 (V)
SetMagnetDAC 5.87393034483 ===>> OK
Magnet settling time: 1.049
GetData ===>> H2,-0.165838563791512,H1,221.611386237736,AX,50.2156785243886,L1,0.504156911195147,L2,0.343752839...
setting magnet DAC
current  : 5.873930
requested: 5.874965
Delta Dac: 0.001034
Checking detector protection. dv=0.00103
Checking detector "CDD". Protection Threshold: 0.1 (V)
SetMagnetDAC 5.87496482759 ===>> OK
Magnet settling time: 1.049
GetData ===>> H2,-0.0637815433238729,H1,227.174051418322,AX,52.6941809189875,L1,0.561953826029338,L2,0.34302285...
setting magnet DAC
current  : 5.874965
requested: 5.875999
Delta Dac: 0.001034
Checking detector protection. dv=0.00103
Checking detector "CDD". Protection Threshold: 0.1 (V)
SetMagnetDAC 5.87599931034 ===>> OK
Magnet settling time: 1.049
GetData ===>> H2,-0.223080456225594,H1,228.908631710842,AX,53.2022233019027,L1,0.623695404634528,L2,0.408127219...
setting magnet DAC
current  : 5.875999
requested: 5.877034
Delta Dac: 0.001034
Checking detector protection. dv=0.00103
Checking detector "CDD". Protection Threshold: 0.1 (V)
SetMagnetDAC 5.8770337931 ===>> OK
Magnet settling time: 1.049
GetData ===>> H2,-0.249906316760472,H1,229.29733125673,AX,53.4016375720988,L1,0.62814403237822,L2,0.20413215372...
setting magnet DAC
current  : 5.877034
requested: 5.878068
Delta Dac: 0.001034
Checking detector protection. dv=0.00103
Checking detector "CDD". Protection Threshold: 0.1 (V)
SetMagnetDAC 5.87806827586 ===>> OK
Magnet settling time: 1.049
GetData ===>> H2,-0.257352223360511,H1,229.625432283604,AX,53.4968631643507,L1,0.603127368237427,L2,0.361661964...
setting magnet DAC
current  : 5.878068
requested: 5.879103
Delta Dac: 0.001034
Checking detector protection. dv=0.00103
Checking detector "CDD". Protection Threshold: 0.1 (V)
SetMagnetDAC 5.87910275862 ===>> OK
Magnet settling time: 1.049
GetData ===>> H2,-0.285771471206254,H1,229.419848856344,AX,53.5498701473612,L1,0.678296179250685,L2,0.344163457...
setting magnet DAC
current  : 5.879103
requested: 5.880137
Delta Dac: 0.001034
Checking detector protection. dv=0.00103
Checking detector "CDD". Protection Threshold: 0.1 (V)
SetMagnetDAC 5.88013724138 ===>> OK
Magnet settling time: 1.049
GetData ===>> H2,-0.262466588469252,H1,229.206836521032,AX,53.3337939754686,L1,0.66122318805146,L2,0.3476309651...
setting magnet DAC
current  : 5.880137
requested: 5.881172
Delta Dac: 0.001034
Checking detector protection. dv=0.00103
Checking detector "CDD". Protection Threshold: 0.1 (V)
SetMagnetDAC 5.88117172414 ===>> OK
Magnet settling time: 1.049
GetData ===>> H2,-0.0757074959328241,H1,228.992371019843,AX,53.5167270442127,L1,0.642346211181735,L2,0.45096092...
setting magnet DAC
current  : 5.881172
requested: 5.882206
Delta Dac: 0.001034
Checking detector protection. dv=0.00103
Checking detector "CDD". Protection Threshold: 0.1 (V)
SetMagnetDAC 5.8822062069 ===>> OK
Magnet settling time: 1.049
GetData ===>> H2,-0.179625520701495,H1,228.94413163281,AX,53.5922210482371,L1,0.663820370072752,L2,0.3684386459...
setting magnet DAC
current  : 5.882206
requested: 5.883241
Delta Dac: 0.001034
Checking detector protection. dv=0.00103
Checking detector "CDD". Protection Threshold: 0.1 (V)
SetMagnetDAC 5.88324068966 ===>> OK
Magnet settling time: 1.049
GetData ===>> H2,-0.171366153928246,H1,228.529450356639,AX,53.0991149487458,L1,0.674089055839817,L2,0.391396219...
setting magnet DAC
current  : 5.883241
requested: 5.884275
Delta Dac: 0.001034
Checking detector protection. dv=0.00103
Checking detector "CDD". Protection Threshold: 0.1 (V)
SetMagnetDAC 5.88427517241 ===>> OK
Magnet settling time: 1.049
GetData ===>> H2,-0.131032110172597,H1,227.26429495799,AX,52.4066707452068,L1,0.617780050118887,L2,0.3294279500...
setting magnet DAC
current  : 5.884275
requested: 5.885310
Delta Dac: 0.001034
Checking detector protection. dv=0.00103
Checking detector "CDD". Protection Threshold: 0.1 (V)
SetMagnetDAC 5.88530965517 ===>> OK
Magnet settling time: 1.049
GetData ===>> H2,-0.17405879737068,H1,221.476799126145,AX,50.1912349382492,L1,0.653910946193888,L2,0.1564912543...
setting magnet DAC
current  : 5.885310
requested: 5.886344
Delta Dac: 0.001034
Checking detector protection. dv=0.00103
Checking detector "CDD". Protection Threshold: 0.1 (V)
SetMagnetDAC 5.88634413793 ===>> OK
Magnet settling time: 1.049
GetData ===>> H2,-0.281154737735483,H1,203.947901451299,AX,43.3971824370072,L1,0.498236601323538,L2,0.163585690...
setting magnet DAC
current  : 5.886344
requested: 5.887379
Delta Dac: 0.001034
Checking detector protection. dv=0.00103
Checking detector "CDD". Protection Threshold: 0.1 (V)
SetMagnetDAC 5.88737862069 ===>> OK
Magnet settling time: 1.049
GetData ===>> H2,-0.263358610182899,H1,164.387616272487,AX,31.2172711185488,L1,0.410222579630453,L2,0.255724221...
setting magnet DAC
current  : 5.887379
requested: 5.888413
Delta Dac: 0.001034
Checking detector protection. dv=0.00103
Checking detector "CDD". Protection Threshold: 0.1 (V)
SetMagnetDAC 5.88841310345 ===>> OK
Magnet settling time: 1.049
GetData ===>> H2,-0.0767999314633771,H1,107.10480390136,AX,17.5916919656777,L1,0.305089450327174,L2,0.048793432...
setting magnet DAC
current  : 5.888413
requested: 5.889448
Delta Dac: 0.001034
Checking detector protection. dv=0.00103
Checking detector "CDD". Protection Threshold: 0.1 (V)
SetMagnetDAC 5.88944758621 ===>> OK
Magnet settling time: 1.049
GetData ===>> H2,-0.155494080091766,H1,54.1483146683331,AX,7.45464859531573,L1,0.211698004783274,L2,-0.01134056...
setting magnet DAC
current  : 5.889448
requested: 5.890482
Delta Dac: 0.001034
Checking detector protection. dv=0.00103
Checking detector "CDD". Protection Threshold: 0.1 (V)
SetMagnetDAC 5.89048206897 ===>> OK
Magnet settling time: 1.049
GetData ===>> H2,-0.19203021954647,H1,20.7517233579662,AX,2.33371196564278,L1,0.106891907091796,L2,-0.006399159...
setting magnet DAC
current  : 5.890482
requested: 5.891517
Delta Dac: 0.001034
Checking detector protection. dv=0.00103
Checking detector "CDD". Protection Threshold: 0.1 (V)
SetMagnetDAC 5.89151655172 ===>> OK
Magnet settling time: 1.049
GetData ===>> H2,-0.176642917193597,H1,6.07430383613969,AX,0.383679824837509,L1,0.0690337527201111,L2,-0.019036...
setting magnet DAC
current  : 5.891517
requested: 5.892551
Delta Dac: 0.001034
Checking detector protection. dv=0.00103
Checking detector "CDD". Protection Threshold: 0.1 (V)
SetMagnetDAC 5.89255103448 ===>> OK
Magnet settling time: 1.049
GetData ===>> H2,-0.198723356751244,H1,0.638749492960789,AX,0.00857375906633213,L1,0.0157946042311211,L2,0.0026...
setting magnet DAC
current  : 5.892551
requested: 5.893586
Delta Dac: 0.001034
Checking detector protection. dv=0.00103
Checking detector "CDD". Protection Threshold: 0.1 (V)
SetMagnetDAC 5.89358551724 ===>> OK
Magnet settling time: 1.049
GetData ===>> H2,-0.0290259563134567,H1,0.125338251333118,AX,0.057439779136877,L1,-0.00177247729960495,L2,0.066...
setting magnet DAC
current  : 5.893586
requested: 5.894620
Delta Dac: 0.001034
Checking detector protection. dv=0.00103
Checking detector "CDD". Protection Threshold: 0.1 (V)
SetMagnetDAC 5.89462 ===>> OK
Magnet settling time: 1.049
GetData ===>> H2,-0.212507282678662,H1,-0.0485520710671093,AX,-0.101859128728034,L1,0.040889750438727,L2,0.0824...
result of _do_sweep=True
result of _calculate_peak_center=([5.8719246092184374, 5.87958993987976, 5.8872552705410826], [169.81453448825999, 229.62172436607824, 169.10472442507643], 5.8780869338677357, 229.62172436607824)
Failed to find a valid peak. No peak greater than 1.0. max = 0.0211389168157
new center pos Detector(H1) (Ar40) @ 5.87958993988
GetHighVoltage ===>> 4500
GetDeflection H1 ===>> 0
dac uncorrected for HV and deflection 5.87958993988
update mftable H1 Ar40 5.87958993988 message=automated run peakcenter
get initial guess parabolic
get initial guess parabolic
get initial guess parabolic
get initial guess parabolic
get initial guess parabolic
get initial guess parabolic
dump mftable to /Users/jan/PychronDev/setupfiles/spectrometer/mftables/mftable.csv
add to repo msg=modified - automated run peakcenter
sweep finished
locally archiving mftable
setting magnet DAC
current  : 5.894620
requested: 5.879590
Delta Dac: 0.015030
Checking detector protection. dv=0.01503
Checking detector "CDD". Protection Threshold: 0.1 (V)
SetMagnetDAC 5.87958993988 ===>> OK
Magnet settling time: 0.500
setting integration time = 1.048576
SetIntegrationTime 1.048576 ===>> OK
Failed to find a valid peak. No peak greater than 1.0. max = 0.0211389168157
flush and close file /Users/jan/PychronDev/data/isotopes/18/08d379-47ed-4857-ba36-8a3d242ebcd6.h5
finished measure script
executed snippet estimated_duration=226.132928, duration=272.33295393
jan_unknown120_60.py completed successfully
Measurement Finished
18:51:38 -- ******* Measurement Finished *******
Post Measurement Started jan_pump_ms.py
18:51:38 -- ******* Post Measurement Started jan_pump_ms.py *******
testing...
no interpolation path defined
executed snippet estimated_duration=0, duration=2.90870666504e-05
Pumping spectrometer
open () {'name': 'O'}
opening name=O desc=---
checking ownership. requestor=129.138.12.150
check software interlocks O
interlocks []
actuate state mode=None-script, software_lock=False
doing actuation None-script open_channel True
Open O ===>> OK
GetIndicatorState O ===>> OK
change switch state (True, True)
update switch state O True args=() kw={} ncanvase=2
18:51:38 -- OPEN   VALVE-O (Jan Ion Pump)
---------------------------------------- open O () result=[(True, True)], time=0.09 sec
action=open, ok=True, locked=[False]
executed snippet estimated_duration=0, duration=0.346842050552
jan_pump_ms.py completed successfully
setting _ms_pumptime
Post Measurement Finished
18:51:38 -- ******* Post Measurement Finished *******
$$$$$$$$$$$$$$$$$$$$ state at run end measurement
state changed from measurement to success
post measurement save measured=True aborted=False
Set filtering
setting fod for Ar40= {'filter_outliers': True, 'std_devs': 2, 'iterations': 1}
setting fod for H1= {'filter_outliers': True, 'std_devs': 2, 'iterations': 1}
setting fod for PM41= {'filter_outliers': False, 'std_devs': 2, 'iterations': 1}
setting fod for H2= {'filter_outliers': True, 'std_devs': 2, 'iterations': 1}
setting fod for Ar36= {'filter_outliers': True, 'std_devs': 2, 'iterations': 1}
setting fod for CDD= {'filter_outliers': True, 'std_devs': 10, 'iterations': 1}
setting fod for Ar37= {'filter_outliers': True, 'std_devs': 2, 'iterations': 1}
setting fod for L2= {'filter_outliers': True, 'std_devs': 2, 'iterations': 1}
setting fod for Ar38= {'filter_outliers': True, 'std_devs': 2, 'iterations': 1}
setting fod for L1= {'filter_outliers': True, 'std_devs': 2, 'iterations': 1}
setting fod for Ar39= {'filter_outliers': True, 'std_devs': 2, 'iterations': 1}
setting fod for AX= {'filter_outliers': True, 'std_devs': 2, 'iterations': 1}
persistence save...
persistence save - db
post measurement save
8109494192 connecting to database sqlite:////Users/jan/PychronDev/.appdata/local_lab.db
connected to db sqlite:////Users/jan/PychronDev/.appdata/local_lab.db
create new session 8109494192
close session 8109494192
No database instance. Not saving post measurement to isotopedb database
$$$$$$$$$$$$$$$ auto_save_detector_ic=False
massspec enabled True
create new session 4985911824
MassSpec Database Version: 16.0
close session 4985911824
saving post measurement to secondary database
saving to massspec database 129.138.12.160/massspecdata
setting labnumber to 65555
setting aliquot to 8
setting step to C
setting uuid to 1808d379-47ed-4857-ba36-8a3d242ebcd6
setting irradpos to 65555
setting extract_device to Fusions CO2
setting tray to 
setting position to 194
setting power_requested to 5.0
setting extract_value to 5.0
setting duration to 30.0
setting duration_at_request to 30.0
setting first_stage_delay to 30.0
setting cleanup to 30.0
setting comment to N:14 without inclusions
setting irradiation to NM-289
setting level to N
setting irradiation_level to N
setting sample to Bw-2014-7 WO
setting material to Sanidine
setting project to Bustos Wells
setting mass_spectrometer to Jan
no attribute chron_dosages
no attribute production_ratios
no attribute interference_corrections
no attribute production_name
no attribute j
Reference Isotope=Ar40
Reference Detector=H1
%%%%%%%%%%%%%%%%%%%% Comment: N:14 without inclusions %%%%%%%%%%%%%%%%%%%
adding isotope PM41 H2
add baseline dbdet= PM41. original det= H2
get baseline data PM41 H2
Get data baseline <pychron.processing.isotope.Baseline object at 0x1b2521a90> len t=60
baseline PM41. v=-0.208901744534, e=0.00595341736677
get signal data PM41 H2
Get data signal PM41 0.05+/-0.07 len t=120
adding isotope Ar40 H1
add baseline dbdet= Ar40. original det= H1
get baseline data Ar40 H1
Get data baseline <pychron.processing.isotope.Baseline object at 0x1b2521f90> len t=60
baseline Ar40. v=-0.0295335857053, e=0.00591093338183
get signal data Ar40 H1
Get data signal Ar40 249.912+/-0.027 len t=120
adding isotope Ar39 AX
add baseline dbdet= Ar39. original det= AX
get baseline data Ar39 AX
Get data baseline <pychron.processing.isotope.Baseline object at 0x1b2521dd0> len t=60
baseline Ar39. v=-0.0658333076504, e=0.00667093976159
get signal data Ar39 AX
Get data signal Ar39 58.694+/-0.019 len t=120
adding isotope Ar38 L1
add baseline dbdet= Ar38. original det= L1
get baseline data Ar38 L1
Get data baseline <pychron.processing.isotope.Baseline object at 0x1b2521b90> len t=60
baseline Ar38. v=-0.0293683909429, e=0.00257776673877
get signal data Ar38 L1
Get data signal Ar38 0.766+/-0.005 len t=120
adding isotope Ar37 L2
add baseline dbdet= Ar37. original det= L2
get baseline data Ar37 L2
Get data baseline <pychron.processing.isotope.Baseline object at 0x1b2521910> len t=60
baseline Ar37. v=-0.0283853437736, e=0.00795721404446
get signal data Ar37 L2
Get data signal Ar37 0.386+/-0.011 len t=120
adding isotope Ar36 CDD
add baseline dbdet= Ar36. original det= CDD
get baseline data Ar36 CDD
Get data baseline <pychron.processing.isotope.Baseline object at 0x1b2521710> len t=60
baseline Ar36. v=6.45083449014e-05, e=1.02348952539e-05
get signal data Ar36 CDD
Get data signal Ar36 0.01515+/-0.00034 len t=120
65555-08C added analysis time 0.492753982544s
analysis added to mass spec database
mass spec save time= 0.518
persistence save - dvc
================= post measurement started
create new session 4991427888
close session 4991427888
---------------- Experiment Queue saving disabled
DVC saving peakcenter
Failed to find a valid peak. No peak greater than 1.0. max = 0.0211389168157
Smart pull ahead: 0 behind: 0
Up-to-date with origin
add to repo msg=modified - ad8224ebc6dbfeb9f5997218dfa5fe690569839d.json
add to repo msg=modified - 55-08C.json
add to repo msg=modified - 55-08C.dat.json
add to repo msg=modified - 55-08C.blan.json
add to repo msg=modified - 55-08C.inte.json
add to repo msg=modified - 55-08C.icfa.json
add to repo msg=modified - 55-08C.base.json
not at valid file /Users/jan/PychronDev/data/.dvc/repositories/Load1786/655/tags/55-08C.tags.json
add to repo msg=modified - 55-08C.peak.json
add to repo msg=modified - 55-08C.extr.json
not at valid file /Users/jan/PychronDev/data/.dvc/repositories/Load1786/655/monitor/55-08C.moni.json
commit message=<COLLECTION>
add to repo msg=modified - 55-08C.inte.json
add to repo msg=modified - 55-08C.base.json
commit message=<ISOEVO> default collection fits
add to repo msg=modified - 55-08C.blan.json
commit message=<BLANKS> preceding bu-FC-J-7664
add to repo msg=modified - 55-08C.icfa.json
commit message=<ICFactor> default
push repository <pychron.git_archive.repo_manager.GitRepoManager object at 0x1d5d8f8f0>
pushing to remote=origin, url=https://github.com
no changes to meta repo
create new session 4991427888
add association Load1786
get identifier "65555"
setting analysis irradiation position=<pychron.dvc.dvc_orm.IrradiationPositionTbl object at 0x1e7452690>
close session 4991427888
================= post measurement finished
18:51:53 -- ******* Post Run Check *******
loading queue conditionals post_run_actions
loading system conditionals post_run_actions
loading conditionals from /Users/jan/PychronDev/setupfiles/spectrometer/default_conditionals.yaml
loading queue conditionals post_run_terminations
loading system conditionals post_run_terminations
loading conditionals from /Users/jan/PychronDev/setupfiles/spectrometer/default_conditionals.yaml
Checking default post run terminations n=1
GetDeflection CDD ===>> 50
testing CDD==2000
evaluate ot="CDD.deflection==2000" t="CDD==2000", ctx="{'CDD': 50.0}"
18:51:53 -- ******* Post Run Check Passed *******
18:51:53 -- Automated run 65555-08C success duration: 362.033 s
----------------- finish -----------------
----------------- stop -----------------
retroactive repository identifiers disabled
finish run. runs completed=218
update duration runid=65555-08C, duration=362.032753944, md5=301e91d8
loading script "jan_unknown120_60.py"
loading script "jan_pump_ms.py"
loading script "jan_co2.py"
loading script "jan_pump_extraction_line.py"
testing...
no interpolation path defined
executed snippet estimated_duration=213.652928, duration=0.000292778015137
script duration name:unknown120_60 seconds:214.0
loading script "jan_unknown120_60.py"
loading script "jan_pump_ms.py"
loading script "jan_co2.py"
loading script "jan_pump_extraction_line.py"
testing...
no interpolation path defined
executed snippet estimated_duration=0, duration=2.69412994385e-05
loading script "jan_unknown120_60.py"
loading script "jan_pump_ms.py"
loading script "jan_co2.py"
loading script "jan_pump_extraction_line.py"
testing...
no interpolation path defined
calculate duration
testing...
no interpolation path defined
executed snippet estimated_duration=0, duration=5.19752502441e-05
calculate duration
testing...
no interpolation path defined
executed snippet estimated_duration=0, duration=9.29832458496e-05
executed snippet estimated_duration=0.0, duration=0.00231313705444
script duration name:co2 seconds:0.0
loading script "jan_unknown120_60.py"
loading script "jan_pump_ms.py"
loading script "jan_co2.py"
loading script "jan_pump_extraction_line.py"
testing...
no interpolation path defined
calculate duration
testing...
no interpolation path defined
executed snippet estimated_duration=4.0, duration=0.00019907951355
executed snippet estimated_duration=4.0, duration=0.00122714042664
Script duration 214.0
Run total estimated duration= 215.000
unknown120_60 in script context. using previous estimated duration
script duration name:unknown120_60 seconds:214.0
pump_ms in script context. using previous estimated duration
co2 in script context. using previous estimated duration
script duration name:co2 seconds:0.0
pump_extraction_line in script context. using previous estimated duration
Script duration 214.0
Run total estimated duration= 215.000
loading script "jan_unknown400_120.py"
loading script "jan_pump_ms.py"
loading script "jan_cocktail_x1.py"
loading script "jan_pump_extraction_line.py"
testing...
no interpolation path defined
executed snippet estimated_duration=556.052928, duration=0.000242948532104
script duration name:unknown400_120 seconds:556.0
loading script "jan_unknown400_120.py"
loading script "jan_pump_ms.py"
loading script "jan_cocktail_x1.py"
loading script "jan_pump_extraction_line.py"
testing...
no interpolation path defined
calculate duration
testing...
no interpolation path defined
executed snippet estimated_duration=0, duration=4.60147857666e-05
calculate duration
testing...
no interpolation path defined
executed snippet estimated_duration=0, duration=0.00010085105896
calculate duration
testing...
no interpolation path defined
executed snippet estimated_duration=32.0, duration=9.20295715332e-05
calculate duration
testing...
no interpolation path defined
executed snippet estimated_duration=34.0, duration=9.91821289062e-05
calculate duration
testing...
no interpolation path defined
executed snippet estimated_duration=4.0, duration=6.8187713623e-05
calculate duration
testing...
no interpolation path defined
executed snippet estimated_duration=38.0, duration=0.00010085105896
executed snippet estimated_duration=108.0, duration=0.0109000205994
script duration name:cocktail_x1 seconds:108.0
Script duration 664.0
Run total estimated duration= 665.000
unknown400_120 in script context. using previous estimated duration
script duration name:unknown400_120 seconds:556.0
cocktail_x1 in script context. using previous estimated duration
script duration name:cocktail_x1 seconds:108.0
Script duration 664.0
Run total estimated duration= 665.000
script duration name:unknown120_60 seconds:214.0
script duration name:co2 seconds:0.0
Script duration 214.0
Run total estimated duration= 215.000
script duration name:unknown120_60 seconds:214.0
script duration name:co2 seconds:0.0
Script duration 214.0
Run total estimated duration= 215.000
script duration name:unknown120_60 seconds:214.0
script duration name:co2 seconds:0.0
Script duration 214.0
Run total estimated duration= 215.000
script duration name:unknown120_60 seconds:214.0
script duration name:co2 seconds:0.0
Script duration 214.0
Run total estimated duration= 215.000
script duration name:unknown120_60 seconds:214.0
script duration name:co2 seconds:0.0
Script duration 214.0
Run total estimated duration= 215.000
script duration name:unknown120_60 seconds:214.0
script duration name:co2 seconds:0.0
Script duration 214.0
Run total estimated duration= 215.000
script duration name:unknown120_60 seconds:214.0
script duration name:co2 seconds:0.0
Script duration 214.0
Run total estimated duration= 215.000
script duration name:unknown120_60 seconds:214.0
script duration name:co2 seconds:0.0
Script duration 214.0
Run total estimated duration= 215.000
loading script "jan_ic_peak_hop3.py"
loading script "jan_pump_ms.py"
loading script "jan_air_x1.py"
loading script "jan_pump_extraction_line.py"
testing...
no interpolation path defined
executed snippet estimated_duration=133.8, duration=0.00945401191711
script duration name:ic_peak_hop3 seconds:134.0
loading script "jan_ic_peak_hop3.py"
loading script "jan_pump_ms.py"
loading script "jan_air_x1.py"
loading script "jan_pump_extraction_line.py"
testing...
no interpolation path defined
calculate duration
testing...
no interpolation path defined
executed snippet estimated_duration=0, duration=6.69956207275e-05
calculate duration
testing...
no interpolation path defined
executed snippet estimated_duration=0, duration=0.000105857849121
calculate duration
testing...
no interpolation path defined
executed snippet estimated_duration=32.0, duration=9.58442687988e-05
calculate duration
testing...
no interpolation path defined
executed snippet estimated_duration=34.0, duration=0.000100135803223
calculate duration
testing...
no interpolation path defined
executed snippet estimated_duration=4.0, duration=8.01086425781e-05
calculate duration
testing...
no interpolation path defined
executed snippet estimated_duration=36.0, duration=9.20295715332e-05
executed snippet estimated_duration=106.0, duration=0.0151400566101
script duration name:air_x1 seconds:106.0
Script duration 240.0
Run total estimated duration= 241.000
script duration name:unknown120_60 seconds:214.0
script duration name:co2 seconds:0.0
Script duration 214.0
Run total estimated duration= 215.000
script duration name:unknown120_60 seconds:214.0
script duration name:co2 seconds:0.0
Script duration 214.0
Run total estimated duration= 215.000
script duration name:unknown120_60 seconds:214.0
script duration name:co2 seconds:0.0
Script duration 214.0
Run total estimated duration= 215.000
script duration name:unknown400_120 seconds:556.0
loading script "jan_unknown400_120.py"
loading script "jan_pump_ms.py"
loading script "jan_sniffair_x2.py"
loading script "jan_pump_extraction_line.py"
testing...
no interpolation path defined
calculate duration
testing...
no interpolation path defined
executed snippet estimated_duration=0, duration=4.91142272949e-05
calculate duration
testing...
no interpolation path defined
executed snippet estimated_duration=0, duration=0.000111818313599
calculate duration
testing...
no interpolation path defined
executed snippet estimated_duration=32.0, duration=0.000118017196655
calculate duration
testing...
no interpolation path defined
executed snippet estimated_duration=34.0, duration=0.000113964080811
calculate duration
testing...
no interpolation path defined
executed snippet estimated_duration=4.0, duration=6.91413879395e-05
calculate duration
testing...
no interpolation path defined
executed snippet estimated_duration=36.0, duration=0.000132083892822
calculate duration
testing...
no interpolation path defined
executed snippet estimated_duration=34.0, duration=0.000124931335449
calculate duration
testing...
no interpolation path defined
executed snippet estimated_duration=4.0, duration=8.10623168945e-05
calculate duration
testing...
no interpolation path defined
executed snippet estimated_duration=36.0, duration=0.000123023986816
calculate duration
testing...
no interpolation path defined
executed snippet estimated_duration=70.0, duration=0.000126123428345
executed snippet estimated_duration=250.0, duration=0.0260639190674
script duration name:sniffair_x2 seconds:250.0
Script duration 806.0
Run total estimated duration= 807.000
script duration name:unknown120_60 seconds:214.0
script duration name:co2 seconds:0.0
Script duration 214.0
Run total estimated duration= 215.000
script duration name:unknown400_120 seconds:556.0
script duration name:co2 seconds:0.0
Script duration 556.0
Run total estimated duration= 557.000
script duration name:unknown400_120 seconds:556.0
script duration name:cocktail_x1 seconds:108.0
Script duration 664.0
Run total estimated duration= 665.000
script duration name:unknown400_120 seconds:556.0
script duration name:cocktail_x1 seconds:108.0
Script duration 664.0
Run total estimated duration= 665.000
script duration name:unknown120_60 seconds:214.0
script duration name:co2 seconds:0.0
Script duration 214.0
Run total estimated duration= 215.000
script duration name:unknown400_120 seconds:556.0
sniffair_x2 in script context. using previous estimated duration
script duration name:sniffair_x2 seconds:250.0
Script duration 806.0
Run total estimated duration= 807.000
script duration name:unknown120_60 seconds:214.0
script duration name:co2 seconds:0.0
Script duration 214.0
Run total estimated duration= 215.000
script duration name:unknown120_60 seconds:214.0
script duration name:co2 seconds:0.0
Script duration 214.0
Run total estimated duration= 215.000
script duration name:unknown120_60 seconds:214.0
script duration name:co2 seconds:0.0
Script duration 214.0
Run total estimated duration= 215.000
script duration name:unknown120_60 seconds:214.0
script duration name:co2 seconds:0.0
Script duration 214.0
Run total estimated duration= 215.000
script duration name:unknown120_60 seconds:214.0
script duration name:co2 seconds:0.0
Script duration 214.0
Run total estimated duration= 215.000
script duration name:unknown120_60 seconds:214.0
script duration name:co2 seconds:0.0
Script duration 214.0
Run total estimated duration= 215.000
script duration name:unknown120_60 seconds:214.0
script duration name:co2 seconds:0.0
Script duration 214.0
Run total estimated duration= 215.000
script duration name:unknown120_60 seconds:214.0
script duration name:co2 seconds:0.0
Script duration 214.0
Run total estimated duration= 215.000
script duration name:unknown120_60 seconds:214.0
script duration name:co2 seconds:0.0
Script duration 214.0
Run total estimated duration= 215.000
script duration name:unknown120_60 seconds:214.0
script duration name:co2 seconds:0.0
Script duration 214.0
Run total estimated duration= 215.000
script duration name:unknown120_60 seconds:214.0
script duration name:co2 seconds:0.0
Script duration 214.0
Run total estimated duration= 215.000
script duration name:unknown400_120 seconds:556.0
script duration name:cocktail_x1 seconds:108.0
Script duration 664.0
Run total estimated duration= 665.000
script duration name:unknown400_120 seconds:556.0
script duration name:cocktail_x1 seconds:108.0
Script duration 664.0
Run total estimated duration= 665.000
script duration name:unknown120_60 seconds:214.0
script duration name:co2 seconds:0.0
Script duration 214.0
Run total estimated duration= 215.000
script duration name:unknown120_60 seconds:214.0
script duration name:co2 seconds:0.0
Script duration 214.0
Run total estimated duration= 215.000
script duration name:unknown120_60 seconds:214.0
script duration name:co2 seconds:0.0
Script duration 214.0
Run total estimated duration= 215.000
script duration name:unknown120_60 seconds:214.0
script duration name:co2 seconds:0.0
Script duration 214.0
Run total estimated duration= 215.000
ic_peak_hop3 in script context. using previous estimated duration
script duration name:ic_peak_hop3 seconds:134.0
air_x1 in script context. using previous estimated duration
script duration name:air_x1 seconds:106.0
Script duration 240.0
Run total estimated duration= 241.000
script duration name:unknown120_60 seconds:214.0
script duration name:co2 seconds:0.0
Script duration 214.0
Run total estimated duration= 215.000
nruns=42 before=5.0, run_dur=13308.0, btw=1230.0
write rem/ex queues
/Users/jan/PychronDev/experiments/rem/Load1786.rem.txt
/Users/jan/PychronDev/experiments/rem/Load1786.ex.txt
doing event level: 3
