do run
loading script "jan_unknown120_60.py"
loading script "jan_pump_ms.py"
loading script "jan_co2.py"
loading script "jan_pump_extraction_line.py"
testing...
no interpolation path defined
executed snippet estimated_duration=213.652928, duration=0.000382900238037
script duration name:unknown120_60 seconds:214.0
loading script "jan_unknown120_60.py"
loading script "jan_pump_ms.py"
loading script "jan_co2.py"
loading script "jan_pump_extraction_line.py"
testing...
no interpolation path defined
executed snippet estimated_duration=0, duration=2.78949737549e-05
loading script "jan_unknown120_60.py"
loading script "jan_pump_ms.py"
loading script "jan_co2.py"
loading script "jan_pump_extraction_line.py"
testing...
no interpolation path defined
calculate duration
testing...
no interpolation path defined
executed snippet estimated_duration=0, duration=6.29425048828e-05
calculate duration
testing...
no interpolation path defined
executed snippet estimated_duration=0, duration=0.000147819519043
executed snippet estimated_duration=0.0, duration=0.00325107574463
script duration name:co2 seconds:0.0
loading script "jan_unknown120_60.py"
loading script "jan_pump_ms.py"
loading script "jan_co2.py"
loading script "jan_pump_extraction_line.py"
testing...
no interpolation path defined
calculate duration
testing...
no interpolation path defined
executed snippet estimated_duration=4.0, duration=0.000190019607544
executed snippet estimated_duration=4.0, duration=0.00205707550049
Script duration 214.0
Run total estimated duration= 215.000
run duration: 0:03:35
doing event level: 2
16:17:02 -- Setting default integration. t=1.048576
setting integration time = 1.048576
SetIntegrationTime 1.048576 ===>> OK
----------------- start -----------------
**************** Experiment Type: Ar/Ar, Ar/Ar
$$$$$ Clearing conditionals
adding conditionals 
Add queue conditionals
add default conditionals
adding default conditionals from /Users/jan/PychronDev/setupfiles/spectrometer/default_conditionals.yaml
Start automated run 65555-05B
loading script "jan_unknown120_60.py"
loading script "jan_pump_ms.py"
loading script "jan_co2.py"
loading script "jan_pump_extraction_line.py"
%%%%%%%%%%%%%%%%%% setting automated run 65555-05B
No value "sensitivity_multiplier" in metadata
$$$$$$$$$$$$$$$ auto_save_detector_ic=False
============================= Pre Extraction Check =============================
loading queue conditionals pre_run_terminations
loading system conditionals pre_run_terminations
loading conditionals from /Users/jan/PychronDev/setupfiles/spectrometer/default_conditionals.yaml
16:17:02 -- ******* Pre Extraction Check *******
Get a measurement from the spectrometer
GetData ===>> H2,-0.117463862085611,H1,-0.0277326999628567,AX,-0.0152070302712599,L1,-0.0243713739213018,L2,0.0...
Pre Extraction Termination data. keys=H2,H1,AX,L1,L2,CDD, signals=-0.11746,-0.02773,-0.01521,-0.02437,0.01343,0.00432
16:17:02 -- testing system defined conditionals
Checking default pre extraction terminations n=2
testing CDD
evaluate ot="CDD.inactive" t="CDD", ctx="{'CDD': False}"
GetDeflection CDD ===>> 50
testing CDD==2000
evaluate ot="CDD.deflection==2000" t="CDD==2000", ctx="{'CDD': 50.0}"
16:17:02 -- ******* Pre Extraction Check Passed *******
=================================================================================
16:17:02 -- stopping status monitor
stop 4984189200
Alive clients [4991693744]
16:17:02 -- starting status monitor
start 4984189200
Monitor already running
start extraction
do extraction
Analysis started at 16:17:02.887892
Extraction Started jan_co2.py
16:17:02 -- ******* Extraction Started jan_co2.py *******
state changed from not run to extraction
DO EXTRACTION <pychron.extraction_line.pyscript_runner.RemotePyScriptRunner object at 0x12c301530>
testing...
no interpolation path defined
calculate duration
testing...
no interpolation path defined
executed snippet estimated_duration=0, duration=8.98838043213e-05
calculate duration
testing...
no interpolation path defined
executed snippet estimated_duration=0, duration=0.000118017196655
executed snippet estimated_duration=100.0, duration=0.00324583053589
Jan CO2 laser analysis
doing GOSUB
testing...
no interpolation path defined
executed snippet estimated_duration=0, duration=5.3882598877e-05
Waiting for CO2 access
wait ('FelixCO2Flag', 0) {}
waiting for FelixCO2Flag = 0
Read FelixCO2Flag ===>> 0
finished waiting
CO2 free
wait ('CO2PumpTimeFlag', 0) {}
waiting for CO2PumpTimeFlag = 0
Read CO2PumpTimeFlag ===>> 0
finished waiting
acquire ('JanCO2Flag',) {'clear': True}
acquire JanCO2Flag
Set JanCO2Flag 1 ===>> OK
JanCO2Flag acquired
set extraction state False (0.75, 'red', 1.5)
CO2 acquired
executed snippet estimated_duration=0, duration=0.0181422233582
WaitForCO2Access.py completed successfully
gosub finished
doing GOSUB
testing...
no interpolation path defined
executed snippet estimated_duration=0, duration=0.000180006027222
Prepare for CO2 analysis
close () {'description': 'Jan Inlet'}
closing name=--- desc=Jan Inlet
checking ownership. requestor=129.138.12.150
check software interlocks R
interlocks []
actuate state mode=None-script, software_lock=False
doing actuation None-script close_channel False
Close R ===>> OK
GetIndicatorState R ===>> False
change switch state (True, True)
update switch state R False args=() kw={} ncanvase=2
16:17:03 -- CLOSE  VALVE-R (Jan Inlet)
---------------------------------------- close None (Jan Inlet) result=[(True, True)]
action=close, ok=True, locked=[False]
open () {'description': 'Jan Ion Pump'}
opening name=--- desc=Jan Ion Pump
checking ownership. requestor=129.138.12.150
check software interlocks O
interlocks []
actuate state mode=None-script, software_lock=False
doing actuation None-script open_channel False
Open O ===>> OK
GetIndicatorState O ===>> OK
change switch state (True, True)
update switch state O True args=() kw={} ncanvase=2
16:17:03 -- OPEN   VALVE-O (Jan Ion Pump)
---------------------------------------- open None (Jan Ion Pump) result=[(True, True)], time=0.09 sec
action=open, ok=True, locked=[False]
close () {'description': 'Microbone to Minibone'}
closing name=--- desc=Microbone to Minibone
checking ownership. requestor=129.138.12.150
check software interlocks L
interlocks []
actuate state mode=None-script, software_lock=False
doing actuation None-script close_channel False
Close L ===>> OK
GetIndicatorState L ===>> False
change switch state (True, True)
update switch state L False args=() kw={} ncanvase=2
16:17:04 -- CLOSE  VALVE-L (Microbone to Minibone)
---------------------------------------- close None (Microbone to Minibone) result=[(True, True)]
action=close, ok=True, locked=[False]
open () {'description': 'Microbone to Turbo'}
opening name=--- desc=Microbone to Turbo
checking ownership. requestor=129.138.12.150
check software interlocks U
interlocks []
actuate state mode=None-script, software_lock=False
doing actuation None-script open_channel False
Open U ===>> OK
GetIndicatorState U ===>> OK
change switch state (True, True)
update switch state U True args=() kw={} ncanvase=2
16:17:04 -- OPEN   VALVE-U (Microbone to Turbo)
---------------------------------------- open None (Microbone to Turbo) result=[(True, True)], time=0.13 sec
action=open, ok=True, locked=[False]
open () {'description': 'Microbone to Inlet Pipette'}
opening name=--- desc=Microbone to Inlet Pipette
checking ownership. requestor=129.138.12.150
check software interlocks S
interlocks []
actuate state mode=None-script, software_lock=False
doing actuation None-script open_channel False
Open S ===>> OK
GetIndicatorState S ===>> OK
change switch state (True, True)
update switch state S True args=() kw={} ncanvase=2
16:17:05 -- OPEN   VALVE-S (Microbone to Inlet Pipette)
---------------------------------------- open None (Microbone to Inlet Pipette) result=[(True, True)], time=0.41 sec
action=open, ok=True, locked=[False]
open () {'description': 'Microbone to Getter D-50'}
opening name=--- desc=Microbone to Getter D-50
checking ownership. requestor=129.138.12.150
check software interlocks K
interlocks []
actuate state mode=None-script, software_lock=False
doing actuation None-script open_channel False
Open K ===>> OK
GetIndicatorState K ===>> OK
change switch state (True, True)
update switch state K True args=() kw={} ncanvase=2
16:17:06 -- OPEN   VALVE-K (Microbone to Getter D-50)
---------------------------------------- open None (Microbone to Getter D-50) result=[(True, True)], time=0.40 sec
action=open, ok=True, locked=[False]
open () {'description': 'Microbone to Getter NP-10'}
opening name=--- desc=Microbone to Getter NP-10
checking ownership. requestor=129.138.12.150
check software interlocks M
interlocks []
actuate state mode=None-script, software_lock=False
doing actuation None-script open_channel False
Open M ===>> OK
GetIndicatorState M ===>> OK
change switch state (True, True)
update switch state M True args=() kw={} ncanvase=2
16:17:06 -- OPEN   VALVE-M (Microbone to Getter NP-10)
---------------------------------------- open None (Microbone to Getter NP-10) result=[(True, True)], time=0.14 sec
action=open, ok=True, locked=[False]
close () {'description': 'CO2 Laser to Felix'}
closing name=--- desc=CO2 Laser to Felix
checking ownership. requestor=129.138.12.150
check software interlocks F
interlocks []
actuate state mode=None-script, software_lock=True
VALVE-F(CO2 Laser to Felix) software locked
change switch state (True, False)
---------------------------------------- close None (CO2 Laser to Felix) result=[(True, False)]
action=close, ok=True, locked=[True]
open () {'description': 'CO2 Laser to Jan'}
opening name=--- desc=CO2 Laser to Jan
checking ownership. requestor=129.138.12.150
check software interlocks A
interlocks []
actuate state mode=None-script, software_lock=False
doing actuation None-script open_channel False
Open A ===>> OK
GetIndicatorState A ===>> OK
change switch state (True, True)
update switch state A True args=() kw={} ncanvase=2
16:17:06 -- OPEN   VALVE-A (CO2 Laser to Jan)
---------------------------------------- open None (CO2 Laser to Jan) result=[(True, True)], time=0.12 sec
action=open, ok=True, locked=[False]
open () {'description': 'Microbone to CO2 Laser'}
opening name=--- desc=Microbone to CO2 Laser
checking ownership. requestor=129.138.12.150
check software interlocks T
interlocks []
actuate state mode=None-script, software_lock=False
doing actuation None-script open_channel False
Open T ===>> OK
GetIndicatorState T ===>> OK
change switch state (True, True)
update switch state T True args=() kw={} ncanvase=2
16:17:07 -- OPEN   VALVE-T (Microbone to CO2 Laser)
---------------------------------------- open None (Microbone to CO2 Laser) result=[(True, True)], time=0.40 sec
action=open, ok=True, locked=[False]
executed snippet estimated_duration=0, duration=4.82275509834
PrepareForCO2Analysis.py completed successfully
gosub finished
set_motor ('beam', '1.25') {}
setting motor "beam" to 1.25
set motor beam to 1.25
SetMotor beam,1.25 ===>> OK
GetMotorMoving beam ===>> False
GetMotorMoving beam ===>> False
Block completed
move_to_position ('191',) {'autocenter': True}
FusionsCO2 move to position 191
sending GoToHole 191,True
GoToHole 191,True ===>> OK
GetDriveMoving ===>> False
GetDriveMoving ===>> OK
GetDriveMoving ===>> OK
GetDriveMoving ===>> OK
GetDriveMoving ===>> OK
GetDriveMoving ===>> OK
GetDriveMoving ===>> OK
GetDriveMoving ===>> OK
GetDriveMoving ===>> False
Block completed
GetAutoCorrecting ===>> False
GetAutoCorrecting ===>> False
Block completed
update position
GetPosition ===>> 1.99390,-9.96950,1.00000
got position (1.9939, -9.9695, 1.0)
move to position succeeded
sleep (5,) {}
SLEEP 5.0
block started
WaitControl setup for 5.0  
Join finished
block finished. duration 5.04923582077
close () {'description': 'Microbone to Turbo'}
closing name=--- desc=Microbone to Turbo
checking ownership. requestor=129.138.12.150
check software interlocks U
interlocks []
actuate state mode=None-script, software_lock=False
doing actuation None-script close_channel True
Close U ===>> OK
GetIndicatorState U ===>> False
change switch state (True, True)
update switch state U False args=() kw={} ncanvase=2
16:17:17 -- CLOSE  VALVE-U (Microbone to Turbo)
---------------------------------------- close None (Microbone to Turbo) result=[(True, True)]
action=close, ok=True, locked=[False]
enable laser
enable () {}
set extraction state FusionsCO2 Enabled (False, 'red', 1.5)
enabling laser
Enable ===>> OK
begin interval
BEGIN INTERVAL Interval 1 waiting for 30.0
block started
set extract to 0.4
WaitControl setup for 30.0  
extract (0.4,) {}
GetPosition ===>> 1.99390,-9.96950,1.00000
set extraction state FusionsCO2 ON! 0.4(watts) (0.75, 'red', 1.5)
extract sample to 0.4 (watts)
set laser output
SetLaserOutput 0.4,watts ===>> OK
executing pattern triangle.lp
execute_pattern ('triangle.lp',) {}
executing pattern triangle.lp
IsPatterning ===>> OK
IsPatterning ===>> OK
IsPatterning ===>> OK
IsPatterning ===>> OK
IsPatterning ===>> OK
IsPatterning ===>> OK
IsPatterning ===>> OK
IsPatterning ===>> OK
IsPatterning ===>> OK
IsPatterning ===>> OK
IsPatterning ===>> OK
IsPatterning ===>> OK
IsPatterning ===>> OK
IsPatterning ===>> OK
IsPatterning ===>> OK
IsPatterning ===>> OK
IsPatterning ===>> OK
IsPatterning ===>> OK
IsPatterning ===>> OK
IsPatterning ===>> OK
IsPatterning ===>> OK
IsPatterning ===>> OK
IsPatterning ===>> OK
IsPatterning ===>> OK
IsPatterning ===>> OK
IsPatterning ===>> OK
IsPatterning ===>> False
IsPatterning ===>> False
Block completed
COMPLETE INTERVAL waiting for Interval 1 to complete
Join finished
block finished. duration 30.0937161446
Interval 1 finished
end_extract () {}
ending extraction. set laser power to 0
set laser power 0
SetLaserPower 0 ===>> OK
disable () {}
%%%%%%%%%%%%%%%%%%%%%%%%%%%%%%%%%%% disable
set extraction state False (0.75, 'red', 1.5)
disabling laser
Disable ===>> OK
sleep (30.0,) {}
SLEEP 30.0
block started
WaitControl setup for 30.0  
Join finished
block finished. duration 30.0801270008
executed snippet estimated_duration=166.5, duration=76.1469290257
jan_co2.py completed successfully
GetAchievedOutput ===>> No Response
Requested Output= 0.000
Achieved Output=  0.000
GetResponseBlob ===>> No Response
GetOutputBlob ===>> No Response
persistence save...
persistence save - db
AutomatedRunPersister post_extraction_save deprecated
persistence save - dvc
no extraction position for 191
create new session 4991427888
close session 4991427888
Extraction Finished
16:18:19 -- ******* Extraction Finished *******
no overlap. not waiting for min ms pumptime
16:18:19 -- Sending spectrometer configuration
======== Sending configuration ========
SetDeflection CDD,50.0 ===>> OK
SetDeflection H2,0.0 ===>> OK
SetDeflection H1,0.0 ===>> OK
SetDeflection L2,825.0 ===>> OK
SetDeflection L1,400.0 ===>> OK
SetDeflection AX,190.0 ===>> OK
SetZFocus 74.64 ===>> OK
SetZSymmetry -50.72 ===>> OK
SetExtractionLens 26.13 ===>> OK
SetIonRepeller -3.81 ===>> OK
SetElectronEnergy 75.08 ===>> OK
SetYSymmetry -2.81 ===>> OK
SetIonCounterVoltage 1590.0 ===>> OK
send trap current 200.0
GetParameter Trap Current Readback ===>> 198.147042666178
SetParameter Trap Current Set,200.0 ===>> OK
updating mftable name mftable
Using mftable located at /Users/jan/PychronDev/setupfiles/spectrometer/mftables/mftable.csv
============ MFtable ===========
Isotope  H2     H1     AX     L1     L2     CDD    
Ar40     5.7970 5.8796 5.9928 6.1369 6.2312 6.3652
Ar39     5.6963 5.7718 5.8852 6.0230 6.1163 6.2517
Ar36     5.3738 5.4408 5.5486 5.6819 5.7713 5.9028
================================
get initial guess parabolic
get initial guess parabolic
get initial guess parabolic
get initial guess parabolic
get initial guess parabolic
get initial guess parabolic
======== Configuration Finished ========
GetYSymmetry ===>> -2.81
GetZSymmetry ===>> -50.72
GetParameter Trap Current Readback ===>> 198.258926936459
GetHighVoltage ===>> 4500
start measurement
do measurement
L#=65555 analysis type=unknown
Measurement Started jan_unknown120_60.py
16:18:19 -- ******* Measurement Started jan_unknown120_60.py *******
state changed from extraction to measurement
setting spec, defl, and gains
GetExtractionLens ===>> 26.13
GetYSymmetry ===>> -2.81
GetZSymmetry ===>> -50.72
GetZFocus ===>> 74.64
GetDeflection H2 ===>> 0
GetDeflection H1 ===>> 0
GetDeflection AX ===>> 190
GetDeflection L1 ===>> 400
GetDeflection L2 ===>> 825
GetDeflection CDD ===>> 50
GetGain H2 ===>> 0.0113
GetGain H1 ===>> 0.1
GetGain AX ===>> 0.097049
GetGain L1 ===>> 0.010355
GetGain L2 ===>> 0.095649
GetGain CDD ===>> 0
pre measurement save
New frame /Users/jan/PychronDev/data/isotopes/83/df3323-e23e-4819-8192-2cfe6204de0e.h5
flush and close file /Users/jan/PychronDev/data/isotopes/83/df3323-e23e-4819-8192-2cfe6204de0e.h5
testing...
no interpolation path defined
executed snippet estimated_duration=226.132928, duration=0.000316143035889
unknown measurement script
activate_detectors ('H2', 'H1', 'AX', 'L1', 'L2', 'CDD') {}
activate detectors
*************** Set Analysis View Ar/Ar
create graphs
clearing graphs
clear isotope group
setting isotope det=H2, iso=PM41
setting isotope det=H1, iso=Ar40
setting isotope det=AX, iso=Ar39
setting isotope det=L1, iso=Ar38
setting isotope det=L2, iso=Ar37
setting isotope det=CDD, iso=Ar36
setting previous blanks
 - setting Ar40 blank 0.179+/-0.007
 - setting Ar36 blank 0.00450+/-0.00019
 - setting Ar37 blank 0.051+/-0.005
 - setting Ar38 blank 0.0076+/-0.0023
 - setting PM41 blank 0.04+/-0.07
 - setting Ar39 blank 0.011+/-0.009
load analysis view
position_magnet ('Ar40',) {'detector': 'H1'}
detector Detector(H1)
POSITION Ar40 H1
setting detector H2 to PM41 (40.9624)
setting detector H1 to Ar40 (39.9624)
setting detector AX to Ar39 (38.9624)
setting detector L1 to Ar38 (37.9624)
setting detector L2 to Ar37 (36.9624)
setting detector CDD to Ar36 (35.9624)
Mapping mass to dac mass func: "parabolic"
H1 map mass coeffs = [-0.00063987  0.15840543  0.57116999]
H1 map mass to dac 39.9624 >> 5.87956
GetDeflection H1 ===>> 0
GetHighVoltage ===>> 4500
positioning Ar40 (5.87956) on H1
setting magnet DAC
current  : 5.879560
requested: 5.879560
Delta Dac: 0.000000
Checking detector protection. dv=0.00000
Checking detector "CDD". Protection Threshold: 0.1 (V)
SetMagnetDAC 5.87956 ===>> OK
equilibrate () {'delay': 3, 'inlet': 'R', 'outlet': 'O', 'eqtime': 12.0}
Equilibration Started
16:18:20 -- ******* Equilibration Started *******
checking ownership. requestor=129.138.12.150
check software interlocks O
interlocks []
actuate state mode=None-script, software_lock=False
doing actuation None-script close_channel True
Close O ===>> OK
GetIndicatorState O ===>> False
change switch state (True, True)
update switch state O False args=() kw={} ncanvase=2
16:18:20 -- CLOSE  VALVE-O (Jan Ion Pump)
waiting 3s before opening inlet value ('R',)
update labels <pychron.experiment.plot_panel.PlotPanel object at 0x1ddce6470>
update labels "<pychron.graph.stacked_regression_graph.StackedRegressionGraph object at 0x1d70be170>"
setting label 0 H2 PM41
setting label 1 H1 Ar40
setting label 2 AX Ar39
setting label 3 L1 Ar38
setting label 4 L2 Ar37
setting label 5 CDD Ar36
update labels "<pychron.graph.stacked_graph.StackedGraph object at 0x1d9736cb0>"
setting label 0 H2 PM41
setting label 1 H1 Ar40
setting label 2 AX Ar39
setting label 3 L1 Ar38
setting label 4 L2 Ar37
setting label 5 CDD Ar36
checking ownership. requestor=129.138.12.150
check software interlocks R
interlocks []
actuate state mode=None-script, software_lock=False
doing actuation None-script open_channel True
Open R ===>> OK
set states for children of R. state=True
handle state [('R', True)]
update switch state R True args=() kw={'refresh': False} ncanvase=2
refresh_canvas_needed fired
GetIndicatorState R ===>> OK
change switch state (True, True)
update switch state R True args=() kw={} ncanvase=2
16:18:24 -- OPEN   VALVE-R (Jan Inlet)
equilibrating for 12.0sec
set_time_zero () {}
sniff (12.0,) {}
py_sniff
build tables- sniff [Detector(H2), Detector(H1), Detector(AX), Detector(L1), Detector(L2), Detector(CDD)]
add group /sniff/PM41 (Group) '' table H2
add group /sniff/Ar40 (Group) '' table H1
add group /sniff/Ar39 (Group) '' table AX
add group /sniff/Ar38 (Group) '' table L1
add group /sniff/Ar37 (Group) '' table L2
add group /sniff/Ar36 (Group) '' table CDD
flush and close file /Users/jan/PychronDev/data/isotopes/83/df3323-e23e-4819-8192-2cfe6204de0e.h5
measuring sniff. ncounts=12.0
"sniff" increment series count="1" fit count="0" regressing="False"
starting measurement
GetData ===>> H2,0.125784588504587,H1,23.9834835058456,AX,6.62412193111109,L1,0.0224958015911624,L2,0.154415489...
GetData ===>> H2,1.10550356970168,H1,141.466519201433,AX,36.2050570253648,L1,0.348341270453202,L2,0.49725243709...
GetData ===>> H2,0.525384377749519,H1,195.718638576738,AX,47.6786146702398,L1,0.529609970230303,L2,0.4024158348...
GetData ===>> H2,0.174437509357973,H1,213.454360457389,AX,50.9626558970362,L1,0.591043822930615,L2,0.3205873773...
GetData ===>> H2,0.0461178998727837,H1,220.07623055698,AX,52.0281409435059,L1,0.618778895173341,L2,0.3206102055...
GetData ===>> H2,0.0395657123315532,H1,222.777191853613,AX,52.573162256899,L1,0.618357341168524,L2,0.3816609233...
GetData ===>> H2,0.0523437574525931,H1,223.873639415013,AX,52.82869629019,L1,0.659871571752509,L2,0.32573528026...
GetData ===>> H2,-0.113362070209787,H1,224.281938601005,AX,52.8124358693901,L1,0.685768255974418,L2,0.308123977...
GetData ===>> H2,-0.0878400846136501,H1,224.427969376306,AX,52.9892628054516,L1,0.702474049950303,L2,0.29674626...
GetData ===>> H2,-0.050949116652455,H1,224.509304110015,AX,52.9721104350179,L1,0.676030606811705,L2,0.391895034...
GetData ===>> H2,0.069184730603016,H1,224.634766948074,AX,52.9800073156139,L1,0.672387240053342,L2,0.3635597307...
Equilibration Finished
16:18:36 -- ******* Equilibration Finished *******
GetData ===>> H2,-0.0735440013356518,H1,224.727034206459,AX,52.8648660654028,L1,0.657103227005012,L2,0.33684245...
checking ownership. requestor=129.138.12.150
check software interlocks R
interlocks []
actuate state mode=None-script, software_lock=False
doing actuation None-script close_channel True
Close R ===>> OK
set states for children of R. state=False
handle state [('R', False)]
update switch state R False args=() kw={'refresh': False} ncanvase=2
refresh_canvas_needed fired
GetIndicatorState R ===>> False
change switch state (True, True)
update switch state R False args=() kw={} ncanvase=2
16:18:37 -- CLOSE  VALVE-R (Jan Inlet)
Post Equilibration Started jan_pump_extraction_line.py
16:18:37 -- ******* Post Equilibration Started jan_pump_extraction_line.py *******
testing...
no interpolation path defined
calculate duration
testing...
no interpolation path defined
executed snippet estimated_duration=4.0, duration=0.0001540184021
executed snippet estimated_duration=4.0, duration=0.00165009498596
Pump after analysis
doing GOSUB
testing...
no interpolation path defined
executed snippet estimated_duration=4.0, duration=0.000134944915771
Pump Microbone
close () {'description': 'Jan Inlet'}
closing name=--- desc=Jan Inlet
checking ownership. requestor=129.138.12.150
check software interlocks R
interlocks []
actuate state mode=None-script, software_lock=False
doing actuation None-script close_channel False
measurement finished
estimated time: 12.583 actual time: :12.665
flush and close file /Users/jan/PychronDev/data/isotopes/83/df3323-e23e-4819-8192-2cfe6204de0e.h5
set_fits () {}
Close R ===>> OK
using default fits file=/Users/jan/PychronDev/scripts/measurement/fits/nominal_linear.yaml
set "Ar40" to "('Linear', 'SEM')"
No fit for "PM41". defaulting to linear. check the measurement script "jan_unknown120_60.py"
set "PM41" to "linear"
set "Ar36" to "('Linear', 'SEM')"
set "Ar37" to "('linear', 'SEM')"
set "Ar38" to "('linear', 'SEM')"
set "Ar39" to "('Linear', 'SEM')"
set_baseline_fits () {}
using default fits file=/Users/jan/PychronDev/scripts/measurement/fits/nominal_linear.yaml
set "H1" to "('average', 'SEM')"
set "H2" to "('average', 'SEM')"
set "CDD" to "('average', 'SEM')"
set "L2" to "('average', 'SEM')"
set "L1" to "('average', 'SEM')"
set "AX" to "('average', 'SEM')"
multicollect () {'integration_time': 1, 'ncounts': 120}
build tables- signal [Detector(H2), Detector(H1), Detector(AX), Detector(L1), Detector(L2), Detector(CDD)]
add group /signal/PM41 (Group) '' table H2
add group /signal/Ar40 (Group) '' table H1
add group /signal/Ar39 (Group) '' table AX
add group /signal/Ar38 (Group) '' table L1
add group /signal/Ar37 (Group) '' table L2
add group /signal/Ar36 (Group) '' table CDD
flush and close file /Users/jan/PychronDev/data/isotopes/83/df3323-e23e-4819-8192-2cfe6204de0e.h5
GetIndicatorState R ===>> False
measuring signal. ncounts=120
change switch state (True, True)
update switch state R False args=() kw={} ncanvase=2
16:18:37 -- CLOSE  VALVE-R (Jan Inlet)
---------------------------------------- close None (Jan Inlet) result=[(True, True)]
action=close, ok=True, locked=[False]
is_closed ('F',) {}
is F () closed?
is closed True
open () {'description': 'CO2 Laser to Jan'}
opening name=--- desc=CO2 Laser to Jan
checking ownership. requestor=129.138.12.150
check software interlocks A
interlocks []
actuate state mode=None-script, software_lock=False
doing actuation None-script open_channel False
Open A ===>> OK
GetIndicatorState A ===>> OK
change switch state (True, True)
update switch state A True args=() kw={} ncanvase=2
16:18:38 -- OPEN   VALVE-A (CO2 Laser to Jan)
---------------------------------------- open None (CO2 Laser to Jan) result=[(True, True)], time=0.12 sec
"signal" increment series count="2" fit count="1" regressing="True"
starting measurement
GetData ===>> H2,-0.0453822449420392,H1,224.7984508244,AX,52.8943936278016,L1,0.674657216655948,L2,0.3459072235...
action=open, ok=True, locked=[False]
sleep (1,) {}
SLEEP 1.0
GetData ===>> H2,-0.0071986153825067,H1,224.779358162484,AX,52.9793578335308,L1,0.706051488044988,L2,0.48729096...
close () {'description': 'CO2 Laser to Roughing'}
closing name=--- desc=CO2 Laser to Roughing
checking ownership. requestor=129.138.12.150
check software interlocks G
interlocks []
actuate state mode=None-script, software_lock=True
VALVE-G(CO2 Laser to Roughing) software locked
change switch state (True, False)
---------------------------------------- close None (CO2 Laser to Roughing) result=[(True, False)]
action=close, ok=True, locked=[True]
open () {'description': 'Microbone to Turbo'}
opening name=--- desc=Microbone to Turbo
checking ownership. requestor=129.138.12.150
check software interlocks U
interlocks []
actuate state mode=None-script, software_lock=False
doing actuation None-script open_channel True
Open U ===>> OK
GetIndicatorState U ===>> OK
change switch state (True, True)
update switch state U True args=() kw={} ncanvase=2
16:18:39 -- OPEN   VALVE-U (Microbone to Turbo)
---------------------------------------- open None (Microbone to Turbo) result=[(True, True)], time=0.16 sec
action=open, ok=True, locked=[False]
open () {'description': 'Microbone to Getter NP-10'}
opening name=--- desc=Microbone to Getter NP-10
checking ownership. requestor=129.138.12.150
check software interlocks M
interlocks []
actuate state mode=None-script, software_lock=False
doing actuation None-script open_channel False
Open M ===>> OK
GetIndicatorState M ===>> OK
change switch state (True, True)
update switch state M True args=() kw={} ncanvase=2
16:18:39 -- OPEN   VALVE-M (Microbone to Getter NP-10)
---------------------------------------- open None (Microbone to Getter NP-10) result=[(True, True)], time=0.13 sec
action=open, ok=True, locked=[False]
open () {'description': 'Microbone to Getter D-50'}
opening name=--- desc=Microbone to Getter D-50
checking ownership. requestor=129.138.12.150
check software interlocks K
interlocks []
actuate state mode=None-script, software_lock=False
doing actuation None-script open_channel False
GetData ===>> H2,-0.124788187110066,H1,224.62648916146,AX,52.9556983428764,L1,0.687279547109205,L2,0.3203705094...
Open K ===>> OK
GetIndicatorState K ===>> OK
change switch state (True, True)
update switch state K True args=() kw={} ncanvase=2
16:18:40 -- OPEN   VALVE-K (Microbone to Getter D-50)
---------------------------------------- open None (Microbone to Getter D-50) result=[(True, True)], time=0.40 sec
action=open, ok=True, locked=[False]
open () {'description': 'Microbone to CO2 Laser'}
opening name=--- desc=Microbone to CO2 Laser
checking ownership. requestor=129.138.12.150
check software interlocks T
interlocks []
actuate state mode=None-script, software_lock=False
doing actuation None-script open_channel False
Open T ===>> OK
GetIndicatorState T ===>> OK
change switch state (True, True)
update switch state T True args=() kw={} ncanvase=2
16:18:41 -- OPEN   VALVE-T (Microbone to CO2 Laser)
---------------------------------------- open None (Microbone to CO2 Laser) result=[(True, True)], time=0.40 sec
GetData ===>> H2,-0.173779735324667,H1,224.702115058506,AX,52.8501196708155,L1,0.654221919039553,L2,0.411212612...
action=open, ok=True, locked=[False]
open () {'description': 'Microbone to Inlet Pipette'}
opening name=--- desc=Microbone to Inlet Pipette
checking ownership. requestor=129.138.12.150
check software interlocks S
interlocks []
actuate state mode=None-script, software_lock=False
doing actuation None-script open_channel False
Open S ===>> OK
GetIndicatorState S ===>> OK
change switch state (True, True)
update switch state S True args=() kw={} ncanvase=2
16:18:41 -- OPEN   VALVE-S (Microbone to Inlet Pipette)
---------------------------------------- open None (Microbone to Inlet Pipette) result=[(True, True)], time=0.40 sec
action=open, ok=True, locked=[False]
sleep (1,) {}
SLEEP 1.0
GetData ===>> H2,-0.140694472239356,H1,224.430954979311,AX,52.7466722057626,L1,0.663848873281978,L2,0.389793297...
set_resource () {'name': 'CO2PumpTimeFlag', 'value': 30}
Set CO2PumpTimeFlag 30 ===>> OK
release ('JanCO2Flag',) {}
release JanCO2Flag
Set JanCO2Flag 0 ===>> OK
executed snippet estimated_duration=6.0, duration=5.84218597412
PumpMicrobone.py completed successfully
gosub finished
get_resource_value () {'name': 'JanMiniboneFlag'}
Read JanMiniboneFlag ===>> 0
Get Resource Value JanMiniboneFlag=0.0
get resource value 0.0
get_resource_value () {'name': 'JanMiniboneFlag'}
Read JanMiniboneFlag ===>> 0
Get Resource Value JanMiniboneFlag=0.0
executed snippet estimated_duration=4.0, duration=5.85539317131
jan_pump_extraction_line.py completed successfully
Post Equilibration Finished
16:18:43 -- ******* Post Equilibration Finished *******
GetData ===>> H2,-0.0555894898868515,H1,224.616667619032,AX,52.788139882662,L1,0.677540655518798,L2,0.295217165...
GetData ===>> H2,-0.174353545628742,H1,224.662994853864,AX,52.7779633835144,L1,0.666062447973,L2,0.328805890649...
GetData ===>> H2,-0.191509861125206,H1,224.285530592611,AX,52.6669169831686,L1,0.65347092986501,L2,0.3509308920...
GetData ===>> H2,-0.0478653434519609,H1,224.302201264889,AX,52.8152809202657,L1,0.625203221471798,L2,0.38348836...
GetData ===>> H2,-0.0677048504989704,H1,224.278650211286,AX,52.7983024684745,L1,0.64123472677325,L2,0.354950016...
GetData ===>> H2,-0.162582285268303,H1,224.291905262598,AX,52.8336942558551,L1,0.650829266994699,L2,0.434316567...
GetData ===>> H2,-0.201500899545508,H1,224.083711366942,AX,52.6323836455699,L1,0.670448848738224,L2,0.267207034...
GetData ===>> H2,-0.190369342084024,H1,224.192209133274,AX,52.5874703448825,L1,0.66741238959715,L2,0.3576675880...
GetData ===>> H2,-0.184588136019237,H1,224.107099652992,AX,52.5991272821732,L1,0.701153154518262,L2,0.375379365...
GetData ===>> H2,-0.131893813234077,H1,223.811561178539,AX,52.5722929207765,L1,0.665530700878773,L2,0.379890624...
GetData ===>> H2,-0.118999453723257,H1,223.76910680349,AX,52.4943280226654,L1,0.614078915425365,L2,0.3406440717...
GetData ===>> H2,-0.13144609381263,H1,223.665026255309,AX,52.6180813620408,L1,0.622106187516656,L2,0.3407354037...
GetData ===>> H2,-0.0966690295587116,H1,223.741136450213,AX,52.4747303781092,L1,0.679436370976927,L2,0.45277653...
GetData ===>> H2,-0.192946805402418,H1,223.579675573486,AX,52.5164030207149,L1,0.699366984237732,L2,0.268735685...
GetData ===>> H2,-0.207032380010096,H1,223.261805022627,AX,52.4942838471695,L1,0.696728629924536,L2,0.386469448...
GetData ===>> H2,-0.26390249212432,H1,223.339984279344,AX,52.4851251353688,L1,0.668131438265392,L2,0.3998340766...
GetData ===>> H2,-0.248991710016686,H1,223.264328111449,AX,52.4603028440161,L1,0.651731222751062,L2,0.357188010...
GetData ===>> H2,-0.177809294026498,H1,223.208102650717,AX,52.3111122169083,L1,0.662205728842511,L2,0.280680539...
GetData ===>> H2,-0.149507215221715,H1,223.368987088333,AX,52.5034579640022,L1,0.66853437519308,L2,0.3572336848...
16:19:03 -- collecting point 25
GetData ===>> H2,-0.216672306533126,H1,223.560809241066,AX,52.4900872470627,L1,0.668479822818783,L2,0.289511790...
GetData ===>> H2,-0.187709032469704,H1,223.18524033996,AX,52.420723964104,L1,0.634331485511814,L2,0.44439535320...
GetData ===>> H2,-0.0791470930939063,H1,222.796476141845,AX,52.4200906865387,L1,0.631822145908118,L2,0.42805441...
GetData ===>> H2,0.0450117987079996,H1,222.759875305022,AX,52.4067189786538,L1,0.636016685725204,L2,0.439619151...
GetData ===>> H2,-0.0477771070192279,H1,222.799602126727,AX,52.3650226819171,L1,0.678241124939647,L2,0.37436293...
GetData ===>> H2,-0.0753089883704115,H1,222.775704641672,AX,52.2222825233146,L1,0.669190265903494,L2,0.32628318...
GetData ===>> H2,-0.171509166118077,H1,222.518447134156,AX,52.2854677503328,L1,0.60482507232812,L2,0.3785886188...
GetData ===>> H2,-0.120506431595994,H1,222.471175302191,AX,52.2553867967252,L1,0.602120330733509,L2,0.291132082...
GetData ===>> H2,-0.176045104235598,H1,222.635601918495,AX,52.3865168965726,L1,0.6173014617135,L2,0.43381375176...
GetData ===>> H2,-0.193340383071812,H1,222.480870580556,AX,52.2521070184786,L1,0.607914950339847,L2,0.350862385...
GetData ===>> H2,-0.204125455239306,H1,222.407120970514,AX,52.2670946978117,L1,0.670555494279899,L2,0.341580229...
GetData ===>> H2,-0.170977583389314,H1,222.26319286452,AX,52.1975641337808,L1,0.702367279626311,L2,0.3602482105...
GetData ===>> H2,-0.199678045459556,H1,221.931190518636,AX,52.2216939327074,L1,0.689360723148483,L2,0.422752467...
GetData ===>> H2,-0.2977777482749,H1,222.087963095082,AX,52.2710956421345,L1,0.66614177854072,L2,0.387805827787...
GetData ===>> H2,-0.256590110839155,H1,221.85844200621,AX,52.2400739987669,L1,0.632338324606855,L2,0.3250960577...
GetData ===>> H2,-0.142408109585699,H1,221.897967741987,AX,52.1818970034862,L1,0.640550271736849,L2,0.297864574...
GetData ===>> H2,-0.185017074258047,H1,221.902997349524,AX,52.2575929746031,L1,0.700539938547456,L2,0.427220250...
GetData ===>> H2,-0.23232014578858,H1,221.944294959503,AX,52.208760362487,L1,0.6877523359253,L2,0.3514903622897...
GetData ===>> H2,-0.107022816109076,H1,221.84450693424,AX,52.0736936578565,L1,0.674179612145306,L2,0.3287374001...
GetData ===>> H2,-0.111406058863611,H1,221.648339848231,AX,52.1716445684328,L1,0.614587281392345,L2,0.408836260...
GetData ===>> H2,-0.120453677221582,H1,221.442000959231,AX,52.2125122825777,L1,0.631653805405142,L2,0.432168190...
GetData ===>> H2,-0.23925597256524,H1,221.412226992943,AX,51.9715632671702,L1,0.642184126932202,L2,0.3053507490...
GetData ===>> H2,-0.149921811514473,H1,221.281566111547,AX,51.9105314073981,L1,0.626680327384811,L2,0.399502794...
GetData ===>> H2,-0.195473035591223,H1,221.271744527095,AX,52.0582263158703,L1,0.631105479891106,L2,0.407556711...
GetData ===>> H2,-0.157917642853899,H1,221.338551366372,AX,52.0258179403403,L1,0.674749018475751,L2,0.419576012...
16:19:29 -- collecting point 50
GetData ===>> H2,-0.191918316942396,H1,221.01945439424,AX,51.926337435294,L1,0.657136665698703,L2,0.31377339462...
GetData ===>> H2,-0.284761302693957,H1,221.067124406103,AX,51.9195652737659,L1,0.661807993078645,L2,0.429471360...
GetData ===>> H2,-0.265720206079386,H1,220.865729661928,AX,52.0556968622881,L1,0.633339809204178,L2,0.379456620...
GetData ===>> H2,-0.271038563455933,H1,220.822649571758,AX,51.9154669011429,L1,0.674871835690189,L2,0.234547565...
GetData ===>> H2,-0.208953747640033,H1,220.917226576874,AX,51.925705742893,L1,0.653407730280362,L2,0.4656237704...
GetData ===>> H2,-0.234968305778036,H1,221.075083010346,AX,51.9543114317232,L1,0.647664368355805,L2,0.350028895...
GetData ===>> H2,-0.163728569633679,H1,220.88723537004,AX,51.9744437064897,L1,0.660547977384734,L2,0.3912553706...
GetData ===>> H2,-0.190269574904628,H1,220.879731962154,AX,51.9825122339569,L1,0.660177559327585,L2,0.377606415...
GetData ===>> H2,-0.225858614463444,H1,220.581922487923,AX,51.8940224414818,L1,0.654989074548064,L2,0.282186586...
GetData ===>> H2,-0.172755724213482,H1,220.444822675731,AX,52.009822751848,L1,0.660893630213143,L2,0.3324131274...
GetData ===>> H2,-0.182167972387562,H1,220.462594834858,AX,51.9005728876076,L1,0.671173067860859,L2,0.422466811...
GetData ===>> H2,-0.192895585384046,H1,220.516471951003,AX,51.7129639317154,L1,0.645447655168356,L2,0.403055573...
GetData ===>> H2,-0.12260288135059,H1,220.395123749117,AX,51.6707145166836,L1,0.627004477567819,L2,0.3822205730...
GetData ===>> H2,-0.0916694672389148,H1,220.427803919706,AX,51.6613183005158,L1,0.649747766635905,L2,0.34000474...
GetData ===>> H2,-0.242337060559123,H1,220.335832740217,AX,51.8636040003955,L1,0.624138202618816,L2,0.306982721...
GetData ===>> H2,-0.211501144811353,H1,220.161072566821,AX,51.884770162144,L1,0.622689902812876,L2,0.3151658274...
GetData ===>> H2,-0.130902314142418,H1,220.02146591203,AX,51.6866016250518,L1,0.630164853436176,L2,0.4452402891...
GetData ===>> H2,-0.0671120891751208,H1,220.045904154642,AX,51.7213149485253,L1,0.587900458077214,L2,0.42838579...
GetData ===>> H2,-0.218752049498231,H1,219.992023608157,AX,51.6418527959286,L1,0.612943531002572,L2,0.325974989...
GetData ===>> H2,-0.218147057754212,H1,220.078785086348,AX,51.5587553166624,L1,0.657073503812006,L2,0.367716421...
GetData ===>> H2,-0.195173304216601,H1,219.715323274133,AX,51.6031804735173,L1,0.64138573377423,L2,0.3088543883...
GetData ===>> H2,-0.179659575761289,H1,219.705714290822,AX,51.7280813016951,L1,0.618722027651677,L2,0.267686161...
GetData ===>> H2,-0.0831667694964223,H1,219.812884700755,AX,51.706814775071,L1,0.645197530627438,L2,0.413623299...
GetData ===>> H2,-0.0892508459051903,H1,219.578510096212,AX,51.6094317983674,L1,0.647727533033216,L2,0.40360392...
GetData ===>> H2,-0.235667919169243,H1,219.730288139496,AX,51.6641077273802,L1,0.640234670226421,L2,0.405397509...
16:19:55 -- collecting point 75
GetData ===>> H2,-0.242431270187483,H1,219.554593270958,AX,51.4727907999359,L1,0.647732487141796,L2,0.287834474...
GetData ===>> H2,-0.229621559699975,H1,219.439100364122,AX,51.5002259847371,L1,0.645065041353996,L2,0.454752041...
GetData ===>> H2,-0.105127109861706,H1,219.260288073886,AX,51.4354770282602,L1,0.640105957068338,L2,0.285826298...
GetData ===>> H2,-0.0530999341142413,H1,219.116644012874,AX,51.5865118252624,L1,0.613770939398637,L2,0.23341751...
GetData ===>> H2,-0.127847719586287,H1,219.091708763869,AX,51.567292857521,L1,0.613991098036397,L2,0.3265000699...
GetData ===>> H2,-0.183092120451373,H1,218.758241834206,AX,51.4585034517064,L1,0.632923853320765,L2,0.304289411...
GetData ===>> H2,-0.192461553817676,H1,218.955207030289,AX,51.4644147508965,L1,0.651861318981094,L2,0.420261569...
GetData ===>> H2,-0.173837792747891,H1,218.999324284256,AX,51.3724184231734,L1,0.657109419347589,L2,0.334159718...
GetData ===>> H2,-0.138061345086548,H1,219.048816081452,AX,51.4958975680236,L1,0.694007329105565,L2,0.382437580...
GetData ===>> H2,-0.105055388853948,H1,218.730555574591,AX,51.4522110903608,L1,0.644241664576811,L2,0.341580229...
GetData ===>> H2,-0.211184603675477,H1,218.922662143968,AX,51.4369728815999,L1,0.650960590849965,L2,0.324787862...
GetData ===>> H2,-0.255618241901549,H1,218.857487661707,AX,51.4951492809046,L1,0.626421756822577,L2,0.355817803...
GetData ===>> H2,-0.257014857147347,H1,218.734949182149,AX,51.3189839697754,L1,0.593661756699453,L2,0.302143947...
GetData ===>> H2,-0.197159003367865,H1,218.381689816189,AX,51.3417145290376,L1,0.593690175841846,L2,0.349058402...
GetData ===>> H2,-0.146792382798469,H1,218.197524608447,AX,51.2664015973198,L1,0.582069540355682,L2,0.317893684...
GetData ===>> H2,-0.124195924263066,H1,218.318963634075,AX,51.2244192760964,L1,0.643860333224961,L2,0.378622881...
GetData ===>> H2,-0.118722115535397,H1,218.257723897054,AX,51.157848444484,L1,0.648951269594092,L2,0.3830886076...
GetData ===>> H2,-0.102465009748193,H1,218.010736709655,AX,51.2391590796001,L1,0.636930597079027,L2,0.328908626...
GetData ===>> H2,-0.0027989536481485,H1,217.984643870868,AX,51.2365948715172,L1,0.611868864335939,L2,0.32719637...
GetData ===>> H2,-0.0966107975204042,H1,218.001664904593,AX,51.2395693578558,L1,0.650372124248887,L2,0.35699389...
GetData ===>> H2,-0.1451091304267,H1,217.970290459596,AX,51.2228809292551,L1,0.643948236289104,L2,0.30819245322...
GetData ===>> H2,-0.10550465260699,H1,217.844000585252,AX,51.2230127868016,L1,0.644761684425431,L2,0.4232209468...
GetData ===>> H2,-0.196088105742625,H1,217.911641098916,AX,51.2295325862891,L1,0.661671700832881,L2,0.379593674...
GetData ===>> H2,-0.202711479066608,H1,217.747478902721,AX,51.2623566031563,L1,0.66179064669363,L2,0.4188904608...
GetData ===>> H2,-0.254744429356839,H1,217.591461565772,AX,51.0067904619772,L1,0.633453704791517,L2,0.361789766...
16:20:22 -- collecting point 100
GetData ===>> H2,-0.0625099005773239,H1,217.490827728759,AX,51.1054481426167,L1,0.626001129473786,L2,0.33175102...
GetData ===>> H2,-0.157556978207547,H1,217.509076714525,AX,51.1552273606731,L1,0.618775186412429,L2,0.420250143...
GetData ===>> H2,-0.225986534787017,H1,217.608291830797,AX,51.1058289876315,L1,0.591088293868871,L2,0.370685596...
GetData ===>> H2,-0.278500463641068,H1,217.418594324892,AX,51.0759508880164,L1,0.638128430342849,L2,0.345838720...
GetData ===>> H2,-0.291225085542018,H1,217.524776259086,AX,50.9994287214383,L1,0.678631672605375,L2,0.376315862...
GetData ===>> H2,-0.300922531515187,H1,217.240687165725,AX,51.0178997684604,L1,0.654705257593609,L2,0.344685598...
GetData ===>> H2,-0.267983872184397,H1,217.178852701516,AX,51.0096006264003,L1,0.631324559073154,L2,0.332550113...
GetData ===>> H2,-0.18311910174323,H1,217.161146446645,AX,51.0407509206241,L1,0.630671048401755,L2,0.4198959388...
GetData ===>> H2,-0.175803468474049,H1,217.018336655321,AX,51.0261848327943,L1,0.637565436188572,L2,0.336716875...
GetData ===>> H2,-0.119035980687009,H1,216.916062973654,AX,50.8294196587917,L1,0.640967375497913,L2,0.239878390...
GetData ===>> H2,-0.280121145318965,H1,217.171615834357,AX,50.8747539840937,L1,0.641466189220022,L2,0.272078269...
GetData ===>> H2,-0.274139444937226,H1,217.197430963145,AX,50.9517685371368,L1,0.655146478556777,L2,0.323908941...
GetData ===>> H2,-0.18600842592076,H1,217.026416839319,AX,50.8903959428425,L1,0.663151186733175,L2,0.3890280025...
GetData ===>> H2,-0.125884738336008,H1,216.706850593916,AX,50.9731027665817,L1,0.698614873491903,L2,0.419918790...
GetData ===>> H2,-0.0818649671813439,H1,216.449435384001,AX,50.9195781310995,L1,0.697098406029031,L2,0.34382932...
GetData ===>> H2,-0.140909366829658,H1,216.553192226933,AX,50.7286782077673,L1,0.700198589016357,L2,0.431482548...
GetData ===>> H2,-0.18423741972214,H1,216.386655058802,AX,50.8784704149454,L1,0.66758470880204,L2,0.40274712745...
GetData ===>> H2,-0.220875327730097,H1,216.472551451343,AX,50.7571271585683,L1,0.646825924592092,L2,0.293825022...
GetData ===>> H2,-0.162856377944179,H1,216.232916719673,AX,50.8290832613885,L1,0.645217342252748,L2,0.284194686...
GetData ===>> H2,-0.278586404559085,H1,216.216664531594,AX,50.8459481447891,L1,0.661428857257403,L2,0.264309509...
GetData ===>> H2,-0.21768891328616,H1,216.173859093545,AX,50.7934157420765,L1,0.6768501503873,L2,0.360453749898...
measurement finished
estimated time: 125.829 actual time: :126.139
flush and close file /Users/jan/PychronDev/data/isotopes/83/df3323-e23e-4819-8192-2cfe6204de0e.h5
baselines () {'settling_time': 15.0, 'detector': 'H1', 'mass': 34.2, 'ncounts': 60}
%%%%%%%%%%%%%%%%%%%%%%%%%%%%%%%% Baseline
build tables- baseline [Detector(H2), Detector(H1), Detector(AX), Detector(L1), Detector(L2), Detector(CDD)]
add group baseline table H2
add group baseline table H1
add group baseline table AX
add group baseline table L1
add group baseline table L2
add group baseline table CDD
flush and close file /Users/jan/PychronDev/data/isotopes/83/df3323-e23e-4819-8192-2cfe6204de0e.h5
detector Detector(H1)
POSITION 34.2 H1
Mapping mass to dac mass func: "parabolic"
H1 map mass coeffs = [-0.00063987  0.15840543  0.57116999]
H1 map mass to dac 34.2 >> 5.24021599104
GetDeflection H1 ===>> 0
GetHighVoltage ===>> 4500
positioning 34.2 (5.24021599104) on H1
setting magnet DAC
current  : 5.879560
requested: 5.240216
Delta Dac: 0.639344
Checking detector protection. dv=0.63934
Checking detector "CDD". Protection Threshold: 0.1 (V)
ProtectDetector CDD,On ===>> OK
GetDeflection CDD ===>> 2000
Protected = 2000
SetMagnetDAC 5.24021599104 ===>> OK
Magnet settling time: 0.500
GetMagnetMoving ===>> True
GetMagnetMoving ===>> True
GetMagnetMoving ===>> True
GetMagnetMoving ===>> True
GetMagnetMoving ===>> True
GetMagnetMoving ===>> True
GetMagnetMoving ===>> True
GetMagnetMoving ===>> True
GetMagnetMoving ===>> False
ProtectDetector CDD,Off ===>> OK
GetDeflection CDD ===>> 50
Delaying 15.0s for detectors to settle
Join finished
measuring baseline. ncounts=60
"baseline" increment series count="2" fit count="1" regressing="True"
starting measurement
GetData ===>> H2,-0.184659626854361,H1,-0.045213631875307,AX,-0.0130959951874269,L1,-0.0414134204201654,L2,-0.0...
GetData ===>> H2,-0.179857946885951,H1,-0.0307259001704139,AX,-0.0593079126832711,L1,-0.0692713982591613,L2,0.0...
GetData ===>> H2,-0.0857469049164027,H1,-0.0799279567740506,AX,-0.0985215419543633,L1,-0.0229259608592456,L2,-0...
GetData ===>> H2,-0.116661483583944,H1,-0.0857085341300355,AX,-0.0566645101604952,L1,-0.0505360176444519,L2,-0....
GetData ===>> H2,-0.127347543099138,H1,0.0367322604855726,AX,-0.0989155685758124,L1,-0.0294658170545058,L2,0.03...
GetData ===>> H2,-0.165767022120761,H1,-0.014816789745775,AX,-0.0525601376284841,L1,-0.0429785325951088,L2,-0.0...
GetData ===>> H2,-0.17268152816667,H1,0.00565172212911875,AX,-0.0325691368333743,L1,-0.0380692271367679,L2,-0.0...
GetData ===>> H2,-0.110249890988639,H1,-0.0490647500784867,AX,-0.00330576145305299,L1,-0.0214156059173134,L2,-0...
GetData ===>> H2,-0.183956838861408,H1,-0.074099366440694,AX,-0.157237523416237,L1,0.00585327852786622,L2,-0.04...
GetData ===>> H2,-0.330488848135229,H1,0.00950494624734084,AX,0.00411876897500829,L1,-0.0230554093027172,L2,0.0...
GetData ===>> H2,-0.347413730260994,H1,-0.0535237544381449,AX,-0.122728038434794,L1,-0.0572812040099619,L2,-0.0...
GetData ===>> H2,-0.198348471078048,H1,-0.102214117732502,AX,-0.135335750892243,L1,-0.0618246655734176,L2,-0.00...
GetData ===>> H2,-0.119149619378283,H1,-0.0150195454418299,AX,-0.107282463042006,L1,-0.0260562284398494,L2,0.05...
GetData ===>> H2,-0.13134329169341,H1,-0.0495178130652583,AX,-0.0605136513907167,L1,-0.027136975124823,L2,0.009...
GetData ===>> H2,-0.0737649786101309,H1,0.011688108087138,AX,-0.0282781895537558,L1,0.00140908955564066,L2,-0.0...
GetData ===>> H2,-0.201188122974859,H1,-0.0106780984302056,AX,-0.108719364206296,L1,-0.0380979785258079,L2,0.07...
GetData ===>> H2,-0.135186916225911,H1,-0.00498860944009287,AX,0.00988477154034127,L1,-0.0246362239464486,L2,-0...
GetData ===>> H2,-0.105257018458753,H1,-0.092799714132563,AX,-0.0416722769250718,L1,0.000781337585010451,L2,-0....
GetData ===>> H2,-0.0456728049366212,H1,-0.079236648877745,AX,0.0280435299879709,L1,0.00196485674726402,L2,0.05...
GetData ===>> H2,-0.0523794215920127,H1,-0.0629895382546984,AX,-0.0575688401568824,L1,-0.00889645233158914,L2,-...
GetData ===>> H2,-0.260045602402392,H1,0.0594551965362069,AX,-0.129320339248747,L1,-0.0457944021119604,L2,-0.01...
GetData ===>> H2,-0.123358860826897,H1,0.0309807384947682,AX,-0.121291344170429,L1,-0.030810884841182,L2,-0.023...
GetData ===>> H2,-0.0767267442726392,H1,-0.026206252642935,AX,-0.0169700574524845,L1,-0.008736970766894,L2,-0.1...
GetData ===>> H2,-0.122869305623013,H1,0.0200275088016568,AX,-0.0812987016242695,L1,-0.0166649006384282,L2,0.08...
16:21:27 -- collecting point 25
GetData ===>> H2,-0.183077280713448,H1,-0.135381893782527,AX,-0.0102541448862785,L1,0.00402374327540334,L2,0.04...
GetData ===>> H2,-0.234321124809722,H1,-0.0322165043341592,AX,0.0476332599396338,L1,-0.0360540290764026,L2,0.01...
GetData ===>> H2,-0.169787503190838,H1,0.104960013455346,AX,0.0658657913187752,L1,-0.0626381314057466,L2,-0.041...
GetData ===>> H2,-0.200001650467895,H1,-0.0102964237539414,AX,-0.072187675675527,L1,-0.0245846925875657,L2,-0.0...
GetData ===>> H2,-0.176073452227265,H1,-0.0208515775874439,AX,-0.0915330987989112,L1,-0.0214755449583492,L2,0.0...
GetData ===>> H2,-0.193282425575839,H1,-0.0174883612636066,AX,-0.0455104158292822,L1,-0.0510313526363992,L2,-0....
GetData ===>> H2,-0.23083835861172,H1,0.0101968721685221,AX,-0.0797223001549142,L1,-0.0441267651510862,L2,-0.15...
GetData ===>> H2,-0.222544300087824,H1,-0.0650757052045979,AX,-0.183330020724211,L1,-0.0171446294403304,L2,-0.1...
GetData ===>> H2,-0.327617157086115,H1,-0.0165700165973391,AX,-0.0986837884034973,L1,-0.0212645579498875,L2,-0....
GetData ===>> H2,-0.228208077857025,H1,-0.00228091934604253,AX,-0.0845209722264643,L1,-0.00546764150799498,L2,0...
GetData ===>> H2,-0.181663369197837,H1,-0.0308451493204796,AX,-0.0255643576692333,L1,0.0310962713632424,L2,-0.0...
GetData ===>> H2,-0.0447399995911151,H1,-0.0193488778771787,AX,0.0544544146583379,L1,0.0116806173330487,L2,-0.0...
GetData ===>> H2,-0.142548648795,H1,-0.109780749355726,AX,-0.0782270133941811,L1,-0.00837602947420841,L2,0.0222...
GetData ===>> H2,-0.194267662639726,H1,-0.067316796099681,AX,-0.0645597230600504,L1,0.0194152046423515,L2,0.064...
GetData ===>> H2,-0.232110204110079,H1,0.00464966957001174,AX,-0.0936424330392304,L1,-0.0113231382003195,L2,-0....
GetData ===>> H2,-0.208843271109943,H1,0.0114614387958458,AX,-0.111129602373623,L1,0.010882399115323,L2,0.01796...
GetData ===>> H2,-0.166857646088733,H1,0.0500861343562644,AX,-0.0328938494681719,L1,-0.0221336521403204,L2,0.00...
GetData ===>> H2,-0.197241272166784,H1,-0.0125029603619485,AX,-0.0747031459562227,L1,0.00355430411663038,L2,-0....
GetData ===>> H2,-0.223146362794491,H1,-0.0115487883385555,AX,-0.0935265367407813,L1,-0.014774546543293,L2,-0.0...
GetData ===>> H2,-0.204431411568479,H1,0.0408850170354082,AX,-0.0556558244806,L1,-0.00031083356920335,L2,-0.101...
GetData ===>> H2,-0.15893068439911,H1,-0.0626199841462281,AX,-0.00608981436977898,L1,-0.0134340228892399,L2,-0....
GetData ===>> H2,-0.26030250040754,H1,-0.0345418025006648,AX,-0.132274564596145,L1,0.00919134566747408,L2,-0.01...
GetData ===>> H2,-0.217915292873441,H1,-0.0145663262600458,AX,-0.107583750528475,L1,-0.0426276908486647,L2,-0.0...
GetData ===>> H2,-0.188777006839682,H1,0.0215188911684596,AX,-0.0365351955336617,L1,-0.0467735459541984,L2,-0.0...
GetData ===>> H2,-0.278969102255295,H1,-0.0596515806709384,AX,-0.0159145647527308,L1,-0.0327245714261811,L2,-0....
16:21:54 -- collecting point 50
GetData ===>> H2,-0.244300495858886,H1,-0.0328723631331627,AX,-0.0311543048519737,L1,-0.0468321957958066,L2,-0....
GetData ===>> H2,-0.170172066587802,H1,-0.0789148315037068,AX,-0.125995280266209,L1,-0.026102959357335,L2,-0.00...
GetData ===>> H2,-0.216424575646172,H1,-0.0582448366256426,AX,-0.0784588423041219,L1,-0.0426935494482409,L2,0.0...
GetData ===>> H2,-0.15938584825068,H1,-0.030868999133493,AX,-0.0170512487244905,L1,-0.0218579476323799,L2,0.027...
GetData ===>> H2,-0.259353363763468,H1,-0.088116016294104,AX,0.022740590318826,L1,-0.0319054910914298,L2,0.0187...
GetData ===>> H2,-0.303684477183988,H1,-0.0159140509626841,AX,-0.0137339501776578,L1,-0.042044524053297,L2,-0.0...
GetData ===>> H2,-0.265152874142959,H1,-0.0567546200924028,AX,-0.0297046605873057,L1,-0.0208066050123044,L2,0.0...
GetData ===>> H2,-0.228405975960494,H1,-0.179919337707601,AX,-0.0492208593835672,L1,-0.0421654710778121,L2,0.05...
GetData ===>> H2,-0.143830988637252,H1,-0.0304993263938734,AX,-0.182820061197727,L1,-0.0811278614241578,L2,0.00...
GetData ===>> H2,-0.119932883703719,H1,-0.0645631082129448,AX,-0.0600267202495555,L1,-0.0390934446497392,L2,-0....
GetData ===>> H2,-0.236526231788678,H1,-0.0695935976853466,AX,-0.136251805255814,L1,-0.0114598017202042,L2,0.00...
measurement finished
estimated time: 62.915 actual time: :63.110
flush and close file /Users/jan/PychronDev/data/isotopes/83/df3323-e23e-4819-8192-2cfe6204de0e.h5
activate_detectors ('H1', 'AX', 'CDD') {'peak_center': True}
peak_center () {'detector': 'H1', 'integration_time': 0.262144, 'isotope': 'Ar40'}
peak center: mean=216.541597286 threshold=3
peak center started
setup peak center. detector=['H1', 'AX', 'CDD'], isotope=Ar40
VersionedUnpickler [<apptools.sweet_pickle.versioned_unpickler.VersionedUnpickler object at 0x1d6fa6dd0>] using Updater [<apptools.sweet_pickle.updater.Updater object at 0x1373f1ad0>]
VersionedUnpickler [<apptools.sweet_pickle.versioned_unpickler.VersionedUnpickler object at 0x1d6fa6dd0>] using Updater [<apptools.sweet_pickle.updater.Updater object at 0x1373f1ad0>]
VersionedUnpickler [<apptools.sweet_pickle.versioned_unpickler.VersionedUnpickler object at 0x1c9fb87d0>] using Updater [<apptools.sweet_pickle.updater.Updater object at 0x1373f1ad0>]
setting integration time = 0.524288
SetIntegrationTime 0.524288 ===>> OK
Mapping mass to dac mass func: "parabolic"
H1 map mass coeffs = [-0.00063987  0.15840543  0.57116999]
H1 map mass to dac 39.9624 >> 5.87956
GetDeflection H1 ===>> 0
GetHighVoltage ===>> 4500
do peak center. <pychron.spectrometer.jobs.peak_center.PeakCenter object at 0x1376ecfb0>
doing pc
starting peak center. center dac= 5.87956 step_width=0.001
width = 0.001
get scan parameters. half-width=0.015,window=0.015, i=0, scalar=1
Scan parameters center=5.87956 width=0.03000 (5.86456 - 5.89456)
GetData ===>> H2,-0.244032713619073,H1,-0.0466205591117984,AX,-0.0671565400194688,L1,-0.0640160878183672,L2,0.0...
Moving to starting dac 5.86456
setting magnet DAC
current  : 5.240216
requested: 5.864560
Delta Dac: 0.624344
Checking detector protection. dv=0.62434
Checking detector "CDD". Protection Threshold: 0.1 (V)
ProtectDetector CDD,On ===>> OK
GetDeflection CDD ===>> 2000
Protected = 2000
SetMagnetDAC 5.86456 ===>> OK
Magnet settling time: 0.500
GetMagnetMoving ===>> True
GetMagnetMoving ===>> True
GetMagnetMoving ===>> True
GetMagnetMoving ===>> True
GetMagnetMoving ===>> True
GetMagnetMoving ===>> True
GetMagnetMoving ===>> True
GetMagnetMoving ===>> True
GetMagnetMoving ===>> False
ProtectDetector CDD,Off ===>> OK
GetDeflection CDD ===>> 50
Wait until signal near baseline. tol= -0.0349654193338. timeout= 10
GetData ===>> H2,1.50823990398942,H1,0.730159850522472,AX,-0.0805800511808808,L1,0.00158313861741131,L2,0.01790...
GetData ===>> H2,16.5216744894224,H1,8.52734050825628,AX,0.697490619732756,L1,0.0119827077976866,L2,-0.04387460...
GetData ===>> H2,16.6988428734468,H1,7.75907662456425,AX,1.07988663584075,L1,0.0114886342213934,L2,-0.122517398...
GetData ===>> H2,8.66900771261278,H1,3.6646157949827,AX,0.374241226710723,L1,0.0260307633403887,L2,-0.058851571...
GetData ===>> H2,3.52599751363897,H1,1.8604687397801,AX,0.0608923494599727,L1,-0.00698130744293964,L2,0.0371964...
GetData ===>> H2,1.17182482657353,H1,0.999049163016275,AX,-0.0675970645926133,L1,-0.0532528808631275,L2,0.03448...
GetData ===>> H2,0.295234210803943,H1,0.477572401121918,AX,-0.0610121736061404,L1,-0.0541045158303387,L2,-0.014...
GetData ===>> H2,0.082664105847208,H1,0.369105303546635,AX,0.0431532702720885,L1,-0.0552861593380014,L2,-0.0768...
GetData ===>> H2,-0.0152317291159348,H1,0.306077721358977,AX,0.138990204732366,L1,-0.0204215953080158,L2,0.0501...
GetData ===>> H2,-0.0513693848150366,H1,0.246145103383611,AX,-0.0501136637478319,L1,0.0191302966823111,L2,0.037...
GetData ===>> H2,-0.130350974410179,H1,0.118186016000732,AX,-0.115115634456879,L1,0.0290719251037521,L2,0.00036...
GetData ===>> H2,-0.116080975423264,H1,0.242707824744115,AX,-0.0117040788766281,L1,0.00208729770261524,L2,-0.14...
GetData ===>> H2,-0.11807000588542,H1,0.133182456611869,AX,-0.0489773658626525,L1,-0.0184403590222435,L2,0.0830...
GetData ===>> H2,-0.00630663129468385,H1,0.13077429177264,AX,0.111675492832657,L1,0.00146310445980762,L2,-0.013...
GetData ===>> H2,0.0771928544674729,H1,0.0865792522999566,AX,0.105972368617954,L1,0.0321692795633093,L2,0.10705...
GetData ===>> H2,-0.109892456962783,H1,0.132729431082246,AX,-0.0518296803035856,L1,0.00116062472781201,L2,-0.12...
GetData ===>> H2,-0.224611629000062,H1,0.180475284582671,AX,-0.0497426291625897,L1,-0.0589689332416029,L2,-0.12...
GetData ===>> H2,-0.224253746033469,H1,0.121642865975313,AX,-0.0785631651333211,L1,-0.0603914614852868,L2,-0.04...
GetData ===>> H2,-0.158355287910631,H1,0.184459108986812,AX,-0.115787681916273,L1,-0.0625667031342199,L2,0.0496...
GetData ===>> H2,-0.158355287910631,H1,0.184459108986812,AX,-0.115787681916273,L1,-0.0625667031342199,L2,0.0496...
GetData ===>> H2,-0.241911761596401,H1,0.22879282495405,AX,-0.0593658812321816,L1,-0.0542600031827136,L2,-0.091...
Peak center failed to move to a baseline position
_do_sweep sm= 5.86456, em= 5.89456, stm= 0.001
calculated step values: start=5.86456, end=5.89456, width=0.001, nsteps=31.0
setting magnet DAC
current  : 5.864560
requested: 5.864560
Delta Dac: 0.000000
Checking detector protection. dv=0.00000
Checking detector "CDD". Protection Threshold: 0.1 (V)
SetMagnetDAC 5.86456 ===>> OK
GetData ===>> H2,-0.234891214957539,H1,0.159342194758527,AX,-0.0103585408551666,L1,-0.0380740190406491,L2,-0.12...
setting magnet DAC
current  : 5.864560
requested: 5.865594
Delta Dac: 0.001034
Checking detector protection. dv=0.00103
Checking detector "CDD". Protection Threshold: 0.1 (V)
SetMagnetDAC 5.86559448276 ===>> OK
Magnet settling time: 1.049
GetData ===>> H2,-0.159678926278471,H1,0.357658003200245,AX,0.0262797193068485,L1,-0.0530830236786549,L2,0.0497...
setting magnet DAC
current  : 5.865594
requested: 5.866629
Delta Dac: 0.001034
Checking detector protection. dv=0.00103
Checking detector "CDD". Protection Threshold: 0.1 (V)
SetMagnetDAC 5.86662896552 ===>> OK
Magnet settling time: 1.049
GetData ===>> H2,-0.0998737655656365,H1,1.21114157894364,AX,0.0208028266604665,L1,0.00543220613887518,L2,0.0713...
setting magnet DAC
current  : 5.866629
requested: 5.867663
Delta Dac: 0.001034
Checking detector protection. dv=0.00103
Checking detector "CDD". Protection Threshold: 0.1 (V)
SetMagnetDAC 5.86766344828 ===>> OK
Magnet settling time: 1.049
GetData ===>> H2,-0.12271783675284,H1,4.57188562088817,AX,0.732462828286319,L1,-0.00972979234111534,L2,-0.14265...
setting magnet DAC
current  : 5.867663
requested: 5.868698
Delta Dac: 0.001034
Checking detector protection. dv=0.00103
Checking detector "CDD". Protection Threshold: 0.1 (V)
SetMagnetDAC 5.86869793103 ===>> OK
Magnet settling time: 1.049
GetData ===>> H2,-0.270647974977014,H1,15.8490740039523,AX,2.27212782400095,L1,0.0050071151411558,L2,0.07354134...
setting magnet DAC
current  : 5.868698
requested: 5.869732
Delta Dac: 0.001034
Checking detector protection. dv=0.00103
Checking detector "CDD". Protection Threshold: 0.1 (V)
SetMagnetDAC 5.86973241379 ===>> OK
Magnet settling time: 1.049
GetData ===>> H2,-0.255271413635443,H1,44.7196958358296,AX,7.27738760069231,L1,0.0502425191179904,L2,-0.0861591...
setting magnet DAC
current  : 5.869732
requested: 5.870767
Delta Dac: 0.001034
Checking detector protection. dv=0.00103
Checking detector "CDD". Protection Threshold: 0.1 (V)
SetMagnetDAC 5.87076689655 ===>> OK
Magnet settling time: 1.049
GetData ===>> H2,-0.0775561715279118,H1,93.2571093498127,AX,16.6334627419384,L1,0.0949177670845823,L2,-0.036089...
setting magnet DAC
current  : 5.870767
requested: 5.871801
Delta Dac: 0.001034
Checking detector protection. dv=0.00103
Checking detector "CDD". Protection Threshold: 0.1 (V)
SetMagnetDAC 5.87180137931 ===>> OK
Magnet settling time: 1.049
GetData ===>> H2,-0.142948071371852,H1,145.771306934505,AX,28.7989612053952,L1,0.237652288686968,L2,-0.02327175...
setting magnet DAC
current  : 5.871801
requested: 5.872836
Delta Dac: 0.001034
Checking detector protection. dv=0.00103
Checking detector "CDD". Protection Threshold: 0.1 (V)
SetMagnetDAC 5.87283586207 ===>> OK
Magnet settling time: 1.049
GetData ===>> H2,-0.11517700153047,H1,182.127684224206,AX,39.0480419196384,L1,0.32056099946882,L2,0.16089384900...
setting magnet DAC
current  : 5.872836
requested: 5.873870
Delta Dac: 0.001034
Checking detector protection. dv=0.00103
Checking detector "CDD". Protection Threshold: 0.1 (V)
SetMagnetDAC 5.87387034483 ===>> OK
Magnet settling time: 1.049
GetData ===>> H2,-0.205959721457982,H1,199.800476644991,AX,44.9467238260877,L1,0.401566213408889,L2,0.083729506...
setting magnet DAC
current  : 5.873870
requested: 5.874905
Delta Dac: 0.001034
Checking detector protection. dv=0.00103
Checking detector "CDD". Protection Threshold: 0.1 (V)
SetMagnetDAC 5.87490482759 ===>> OK
Magnet settling time: 1.049
GetData ===>> H2,-0.127885569882716,H1,205.870032067379,AX,47.3860537081576,L1,0.483693657564568,L2,0.342657868...
setting magnet DAC
current  : 5.874905
requested: 5.875939
Delta Dac: 0.001034
Checking detector protection. dv=0.00103
Checking detector "CDD". Protection Threshold: 0.1 (V)
SetMagnetDAC 5.87593931034 ===>> OK
Magnet settling time: 1.049
GetData ===>> H2,-0.19297019105115,H1,207.429079463481,AX,48.2359724609384,L1,0.52193294848602,L2,0.43435945405...
setting magnet DAC
current  : 5.875939
requested: 5.876974
Delta Dac: 0.001034
Checking detector protection. dv=0.00103
Checking detector "CDD". Protection Threshold: 0.1 (V)
SetMagnetDAC 5.8769737931 ===>> OK
Magnet settling time: 1.049
GetData ===>> H2,-0.254241620396234,H1,207.620141788963,AX,48.5472089617287,L1,0.550859856212129,L2,0.355022650...
setting magnet DAC
current  : 5.876974
requested: 5.878008
Delta Dac: 0.001034
Checking detector protection. dv=0.00103
Checking detector "CDD". Protection Threshold: 0.1 (V)
SetMagnetDAC 5.87800827586 ===>> OK
Magnet settling time: 1.049
GetData ===>> H2,-0.163408593792072,H1,207.599838880951,AX,48.4024954715021,L1,0.532312010786405,L2,0.160004189...
setting magnet DAC
current  : 5.878008
requested: 5.879043
Delta Dac: 0.001034
Checking detector protection. dv=0.00103
Checking detector "CDD". Protection Threshold: 0.1 (V)
SetMagnetDAC 5.87904275862 ===>> OK
Magnet settling time: 1.049
GetData ===>> H2,-0.0806971467347243,H1,207.791680020133,AX,48.4837270933977,L1,0.588593275066842,L2,0.32112596...
setting magnet DAC
current  : 5.879043
requested: 5.880077
Delta Dac: 0.001034
Checking detector protection. dv=0.00103
Checking detector "CDD". Protection Threshold: 0.1 (V)
SetMagnetDAC 5.88007724138 ===>> OK
Magnet settling time: 1.049
GetData ===>> H2,-0.282692323940604,H1,207.786429685016,AX,48.5114347372126,L1,0.647024505985551,L2,0.498726182...
setting magnet DAC
current  : 5.880077
requested: 5.881112
Delta Dac: 0.001034
Checking detector protection. dv=0.00103
Checking detector "CDD". Protection Threshold: 0.1 (V)
SetMagnetDAC 5.88111172414 ===>> OK
Magnet settling time: 1.049
GetData ===>> H2,-0.317802673845796,H1,207.786526912216,AX,48.4910881318048,L1,0.601303099669337,L2,0.419107812...
setting magnet DAC
current  : 5.881112
requested: 5.882146
Delta Dac: 0.001034
Checking detector protection. dv=0.00103
Checking detector "CDD". Protection Threshold: 0.1 (V)
SetMagnetDAC 5.8821462069 ===>> OK
Magnet settling time: 1.049
GetData ===>> H2,-0.238686505158303,H1,207.674406131172,AX,48.4221610586638,L1,0.612399313889688,L2,0.352033968...
setting magnet DAC
current  : 5.882146
requested: 5.883181
Delta Dac: 0.001034
Checking detector protection. dv=0.00103
Checking detector "CDD". Protection Threshold: 0.1 (V)
SetMagnetDAC 5.88318068966 ===>> OK
Magnet settling time: 1.049
GetData ===>> H2,-0.212076284112076,H1,207.066154437957,AX,47.9989683465188,L1,0.637862863571223,L2,0.357555117...
setting magnet DAC
current  : 5.883181
requested: 5.884215
Delta Dac: 0.001034
Checking detector protection. dv=0.00103
Checking detector "CDD". Protection Threshold: 0.1 (V)
SetMagnetDAC 5.88421517241 ===>> OK
Magnet settling time: 1.049
GetData ===>> H2,-0.314207058671161,H1,206.150077643932,AX,47.6394219655945,L1,0.597578154523196,L2,0.443356320...
setting magnet DAC
current  : 5.884215
requested: 5.885250
Delta Dac: 0.001034
Checking detector protection. dv=0.00103
Checking detector "CDD". Protection Threshold: 0.1 (V)
SetMagnetDAC 5.88524965517 ===>> OK
Magnet settling time: 1.049
GetData ===>> H2,-0.226476204251409,H1,201.482211149948,AX,45.6797878402457,L1,0.550016610665281,L2,0.426619171...
setting magnet DAC
current  : 5.885250
requested: 5.886284
Delta Dac: 0.001034
Checking detector protection. dv=0.00103
Checking detector "CDD". Protection Threshold: 0.1 (V)
SetMagnetDAC 5.88628413793 ===>> OK
Magnet settling time: 1.049
GetData ===>> H2,-0.170783293121257,H1,185.769328405741,AX,39.6706168706499,L1,0.502602746998023,L2,0.218693824...
setting magnet DAC
current  : 5.886284
requested: 5.887319
Delta Dac: 0.001034
Checking detector protection. dv=0.00103
Checking detector "CDD". Protection Threshold: 0.1 (V)
SetMagnetDAC 5.88731862069 ===>> OK
Magnet settling time: 1.049
GetData ===>> H2,-0.133469808700512,H1,149.980776534455,AX,28.5146137939901,L1,0.417838384950247,L2,0.085439035...
setting magnet DAC
current  : 5.887319
requested: 5.888353
Delta Dac: 0.001034
Checking detector protection. dv=0.00103
Checking detector "CDD". Protection Threshold: 0.1 (V)
SetMagnetDAC 5.88835310345 ===>> OK
Magnet settling time: 1.049
GetData ===>> H2,-0.0805941776941921,H1,99.0761377556625,AX,16.319280943149,L1,0.260448056183866,L2,-0.12536583...
setting magnet DAC
current  : 5.888353
requested: 5.889388
Delta Dac: 0.001034
Checking detector protection. dv=0.00103
Checking detector "CDD". Protection Threshold: 0.1 (V)
SetMagnetDAC 5.88938758621 ===>> OK
Magnet settling time: 1.049
GetData ===>> H2,-0.299673578096873,H1,51.141568996884,AX,7.23296965847313,L1,0.166983847295884,L2,0.0191317131...
setting magnet DAC
current  : 5.889388
requested: 5.890422
Delta Dac: 0.001034
Checking detector protection. dv=0.00103
Checking detector "CDD". Protection Threshold: 0.1 (V)
SetMagnetDAC 5.89042206897 ===>> OK
Magnet settling time: 1.049
GetData ===>> H2,-0.317532104923702,H1,20.1542466144779,AX,2.36194871368156,L1,0.0851041449171404,L2,-0.1217881...
setting magnet DAC
current  : 5.890422
requested: 5.891457
Delta Dac: 0.001034
Checking detector protection. dv=0.00103
Checking detector "CDD". Protection Threshold: 0.1 (V)
SetMagnetDAC 5.89145655172 ===>> OK
Magnet settling time: 1.049
GetData ===>> H2,-0.229618111147676,H1,6.19714528376452,AX,0.471614085057373,L1,0.0302420317846257,L2,-0.122790...
setting magnet DAC
current  : 5.891457
requested: 5.892491
Delta Dac: 0.001034
Checking detector protection. dv=0.00103
Checking detector "CDD". Protection Threshold: 0.1 (V)
SetMagnetDAC 5.89249103448 ===>> OK
Magnet settling time: 1.049
GetData ===>> H2,-0.168203234200546,H1,0.78231536775808,AX,-0.0666232707625962,L1,0.0146381686214126,L2,0.02140...
setting magnet DAC
current  : 5.892491
requested: 5.893526
Delta Dac: 0.001034
Checking detector protection. dv=0.00103
Checking detector "CDD". Protection Threshold: 0.1 (V)
SetMagnetDAC 5.89352551724 ===>> OK
Magnet settling time: 1.049
GetData ===>> H2,-0.172655896692091,H1,0.0705082364823141,AX,-0.128416675929093,L1,0.0511532546109359,L2,-0.063...
setting magnet DAC
current  : 5.893526
requested: 5.894560
Delta Dac: 0.001034
Checking detector protection. dv=0.00103
Checking detector "CDD". Protection Threshold: 0.1 (V)
SetMagnetDAC 5.89456 ===>> OK
Magnet settling time: 1.049
GetData ===>> H2,-0.242633145315797,H1,-0.10469269946316,AX,-0.14363880684402,L1,0.0223110314995618,L2,-0.03349...
result of _do_sweep=True
result of _calculate_peak_center=([5.872019056043122, 5.8796232299080931, 5.8872274037730641], [153.42144644437383, 207.79153271614172, 153.13648050708403], 5.8790717821850604, 207.79153271614172)
Failed to find a valid peak. No peak greater than 1.0. max = 0.0204629049795
new center pos Detector(H1) (Ar40) @ 5.87962322991
GetHighVoltage ===>> 4500
GetDeflection H1 ===>> 0
dac uncorrected for HV and deflection 5.87962322991
update mftable H1 Ar40 5.87962322991 message=automated run peakcenter
get initial guess parabolic
get initial guess parabolic
get initial guess parabolic
get initial guess parabolic
get initial guess parabolic
get initial guess parabolic
dump mftable to /Users/jan/PychronDev/setupfiles/spectrometer/mftables/mftable.csv
add to repo msg=modified - automated run peakcenter
locally archiving mftable
setting magnet DAC
current  : 5.894560
requested: 5.879623
Delta Dac: 0.014937
Checking detector protection. dv=0.01494
Checking detector "CDD". Protection Threshold: 0.1 (V)
SetMagnetDAC 5.87962322991 ===>> OK
Magnet settling time: 0.500
sweep finished
setting integration time = 1.048576
SetIntegrationTime 1.048576 ===>> OK
Failed to find a valid peak. No peak greater than 1.0. max = 0.0204629049795
flush and close file /Users/jan/PychronDev/data/isotopes/83/df3323-e23e-4819-8192-2cfe6204de0e.h5
finished measure script
executed snippet estimated_duration=226.132928, duration=272.327944994
jan_unknown120_60.py completed successfully
Measurement Finished
16:22:51 -- ******* Measurement Finished *******
Post Measurement Started jan_pump_ms.py
16:22:51 -- ******* Post Measurement Started jan_pump_ms.py *******
testing...
no interpolation path defined
executed snippet estimated_duration=0, duration=3.00407409668e-05
Pumping spectrometer
open () {'name': 'O'}
opening name=O desc=---
checking ownership. requestor=129.138.12.150
check software interlocks O
interlocks []
actuate state mode=None-script, software_lock=False
doing actuation None-script open_channel True
Open O ===>> OK
GetIndicatorState O ===>> OK
change switch state (True, True)
update switch state O True args=() kw={} ncanvase=2
16:22:51 -- OPEN   VALVE-O (Jan Ion Pump)
---------------------------------------- open O () result=[(True, True)], time=0.09 sec
action=open, ok=True, locked=[False]
executed snippet estimated_duration=0, duration=0.34449505806
jan_pump_ms.py completed successfully
setting _ms_pumptime
Post Measurement Finished
16:22:52 -- ******* Post Measurement Finished *******
$$$$$$$$$$$$$$$$$$$$ state at run end measurement
state changed from measurement to success
post measurement save measured=True aborted=False
Set filtering
setting fod for Ar40= {'filter_outliers': True, 'std_devs': 2, 'iterations': 1}
setting fod for H1= {'filter_outliers': True, 'std_devs': 2, 'iterations': 1}
setting fod for PM41= {'filter_outliers': False, 'std_devs': 2, 'iterations': 1}
setting fod for H2= {'filter_outliers': True, 'std_devs': 2, 'iterations': 1}
setting fod for Ar36= {'filter_outliers': True, 'std_devs': 2, 'iterations': 1}
setting fod for CDD= {'filter_outliers': True, 'std_devs': 10, 'iterations': 1}
setting fod for Ar37= {'filter_outliers': True, 'std_devs': 2, 'iterations': 1}
setting fod for L2= {'filter_outliers': True, 'std_devs': 2, 'iterations': 1}
setting fod for Ar38= {'filter_outliers': True, 'std_devs': 2, 'iterations': 1}
setting fod for L1= {'filter_outliers': True, 'std_devs': 2, 'iterations': 1}
setting fod for Ar39= {'filter_outliers': True, 'std_devs': 2, 'iterations': 1}
setting fod for AX= {'filter_outliers': True, 'std_devs': 2, 'iterations': 1}
persistence save...
persistence save - db
post measurement save
7960268432 connecting to database sqlite:////Users/jan/PychronDev/.appdata/local_lab.db
connected to db sqlite:////Users/jan/PychronDev/.appdata/local_lab.db
create new session 7960268432
close session 7960268432
No database instance. Not saving post measurement to isotopedb database
$$$$$$$$$$$$$$$ auto_save_detector_ic=False
massspec enabled True
create new session 4985911824
MassSpec Database Version: 16.0
close session 4985911824
saving post measurement to secondary database
saving to massspec database 129.138.12.160/massspecdata
setting labnumber to 65555
setting aliquot to 5
setting step to B
setting uuid to 83df3323-e23e-4819-8192-2cfe6204de0e
setting irradpos to 65555
setting extract_device to Fusions CO2
setting tray to 
setting position to 191
setting power_requested to 0.4
setting extract_value to 0.4
setting duration to 30.0
setting duration_at_request to 30.0
setting first_stage_delay to 30.0
setting cleanup to 30.0
setting comment to N:14 without inclusions
setting irradiation to NM-289
setting level to N
setting irradiation_level to N
setting sample to Bw-2014-7 WO
setting material to Sanidine
setting project to Bustos Wells
setting mass_spectrometer to Jan
no attribute chron_dosages
no attribute production_ratios
no attribute interference_corrections
no attribute production_name
no attribute j
Reference Isotope=Ar40
Reference Detector=H1
%%%%%%%%%%%%%%%%%%%% Comment: N:14 without inclusions %%%%%%%%%%%%%%%%%%%
adding isotope PM41 H2
add baseline dbdet= PM41. original det= H2
get baseline data PM41 H2
Get data baseline <pychron.processing.isotope.Baseline object at 0x1cf972490> len t=60
baseline PM41. v=-0.18123373689, e=0.0075267394444
get signal data PM41 H2
Get data signal PM41 0.04+/-0.07 len t=120
adding isotope Ar40 H1
add baseline dbdet= Ar40. original det= H1
get baseline data Ar40 H1
Get data baseline <pychron.processing.isotope.Baseline object at 0x1cf972690> len t=60
baseline Ar40. v=-0.0294339787868, e=0.00527599505789
get signal data Ar40 H1
Get data signal Ar40 225.847+/-0.026 len t=120
adding isotope Ar39 AX
add baseline dbdet= Ar39. original det= AX
get baseline data Ar39 AX
Get data baseline <pychron.processing.isotope.Baseline object at 0x1cf972850> len t=60
baseline Ar39. v=-0.0611258326423, e=0.00632382555863
get signal data Ar39 AX
Get data signal Ar39 53.168+/-0.015 len t=120
adding isotope Ar38 L1
add baseline dbdet= Ar38. original det= L1
get baseline data Ar38 L1
Get data baseline <pychron.processing.isotope.Baseline object at 0x1cf972a10> len t=60
baseline Ar38. v=-0.0244403355954, e=0.00272538470417
get signal data Ar38 L1
Get data signal Ar38 0.689+/-0.005 len t=120
adding isotope Ar37 L2
add baseline dbdet= Ar37. original det= L2
get baseline data Ar37 L2
Get data baseline <pychron.processing.isotope.Baseline object at 0x1cf972bd0> len t=60
baseline Ar37. v=-0.0108204607281, e=0.00622451242509
get signal data Ar37 L2
Get data signal Ar37 0.380+/-0.011 len t=120
adding isotope Ar36 CDD
add baseline dbdet= Ar36. original det= CDD
get baseline data Ar36 CDD
Get data baseline <pychron.processing.isotope.Baseline object at 0x1cf972d90> len t=60
baseline Ar36. v=4.71407137365e-05, e=1.14611821327e-05
get signal data Ar36 CDD
Get data signal Ar36 0.01362+/-0.00033 len t=120
65555-05B added analysis time 0.436178922653s
analysis added to mass spec database
mass spec save time= 0.443
persistence save - dvc
================= post measurement started
create new session 4991427888
close session 4991427888
---------------- Experiment Queue saving disabled
DVC saving peakcenter
Failed to find a valid peak. No peak greater than 1.0. max = 0.0204629049795
Smart pull ahead: 0 behind: 0
Up-to-date with origin
add to repo msg=modified - ad8224ebc6dbfeb9f5997218dfa5fe690569839d.json
add to repo msg=modified - 55-05B.json
add to repo msg=modified - 55-05B.dat.json
add to repo msg=modified - 55-05B.blan.json
add to repo msg=modified - 55-05B.inte.json
add to repo msg=modified - 55-05B.icfa.json
add to repo msg=modified - 55-05B.base.json
not at valid file /Users/jan/PychronDev/data/.dvc/repositories/Load1786/655/tags/55-05B.tags.json
add to repo msg=modified - 55-05B.peak.json
add to repo msg=modified - 55-05B.extr.json
not at valid file /Users/jan/PychronDev/data/.dvc/repositories/Load1786/655/monitor/55-05B.moni.json
commit message=<COLLECTION>
add to repo msg=modified - 55-05B.inte.json
add to repo msg=modified - 55-05B.base.json
commit message=<ISOEVO> default collection fits
add to repo msg=modified - 55-05B.blan.json
commit message=<BLANKS> preceding bc-02-J-326
add to repo msg=modified - 55-05B.icfa.json
commit message=<ICFactor> default
push repository <pychron.git_archive.repo_manager.GitRepoManager object at 0x1d1a2fbf0>
pushing to remote=origin, url=https://github.com
no changes to meta repo
create new session 4991427888
add association Load1786
get identifier "65555"
setting analysis irradiation position=<pychron.dvc.dvc_orm.IrradiationPositionTbl object at 0x1df6f68d0>
close session 4991427888
================= post measurement finished
16:23:06 -- ******* Post Run Check *******
loading queue conditionals post_run_actions
loading system conditionals post_run_actions
loading conditionals from /Users/jan/PychronDev/setupfiles/spectrometer/default_conditionals.yaml
loading queue conditionals post_run_terminations
loading system conditionals post_run_terminations
loading conditionals from /Users/jan/PychronDev/setupfiles/spectrometer/default_conditionals.yaml
Checking default post run terminations n=1
GetDeflection CDD ===>> 50
testing CDD==2000
evaluate ot="CDD.deflection==2000" t="CDD==2000", ctx="{'CDD': 50.0}"
16:23:06 -- ******* Post Run Check Passed *******
16:23:06 -- Automated run 65555-05B success duration: 363.548 s
----------------- finish -----------------
----------------- stop -----------------
retroactive repository identifiers disabled
finish run. runs completed=202
update duration runid=65555-05B, duration=363.548313856, md5=301e91d8
loading script "jan_unknown400_120.py"
loading script "jan_pump_ms.py"
loading script "jan_cocktail_x1.py"
loading script "jan_pump_extraction_line.py"
testing...
no interpolation path defined
executed snippet estimated_duration=556.052928, duration=0.00033712387085
script duration name:unknown400_120 seconds:556.0
loading script "jan_unknown400_120.py"
loading script "jan_pump_ms.py"
loading script "jan_cocktail_x1.py"
loading script "jan_pump_extraction_line.py"
testing...
no interpolation path defined
executed snippet estimated_duration=0, duration=2.8133392334e-05
loading script "jan_unknown400_120.py"
loading script "jan_pump_ms.py"
loading script "jan_cocktail_x1.py"
loading script "jan_pump_extraction_line.py"
testing...
no interpolation path defined
calculate duration
testing...
no interpolation path defined
executed snippet estimated_duration=0, duration=7.39097595215e-05
calculate duration
testing...
no interpolation path defined
executed snippet estimated_duration=0, duration=0.0001060962677
calculate duration
testing...
no interpolation path defined
executed snippet estimated_duration=32.0, duration=9.89437103271e-05
calculate duration
testing...
no interpolation path defined
executed snippet estimated_duration=34.0, duration=0.000104904174805
calculate duration
testing...
no interpolation path defined
executed snippet estimated_duration=4.0, duration=6.60419464111e-05
calculate duration
testing...
no interpolation path defined
executed snippet estimated_duration=38.0, duration=0.000102043151855
executed snippet estimated_duration=108.0, duration=0.00823092460632
script duration name:cocktail_x1 seconds:108.0
loading script "jan_unknown400_120.py"
loading script "jan_pump_ms.py"
loading script "jan_cocktail_x1.py"
loading script "jan_pump_extraction_line.py"
testing...
no interpolation path defined
calculate duration
testing...
no interpolation path defined
executed snippet estimated_duration=4.0, duration=0.000272989273071
executed snippet estimated_duration=4.0, duration=0.0017421245575
Script duration 664.0
Run total estimated duration= 665.000
unknown400_120 in script context. using previous estimated duration
script duration name:unknown400_120 seconds:556.0
pump_ms in script context. using previous estimated duration
loading script "jan_unknown400_120.py"
loading script "jan_pump_ms.py"
loading script "jan_sniffair_x2.py"
loading script "jan_pump_extraction_line.py"
testing...
no interpolation path defined
calculate duration
testing...
no interpolation path defined
executed snippet estimated_duration=0, duration=4.81605529785e-05
calculate duration
testing...
no interpolation path defined
executed snippet estimated_duration=0, duration=0.000102043151855
calculate duration
testing...
no interpolation path defined
executed snippet estimated_duration=32.0, duration=0.000136137008667
calculate duration
testing...
no interpolation path defined
executed snippet estimated_duration=34.0, duration=0.000105142593384
calculate duration
testing...
no interpolation path defined
executed snippet estimated_duration=4.0, duration=7.20024108887e-05
calculate duration
testing...
no interpolation path defined
executed snippet estimated_duration=36.0, duration=0.000102996826172
calculate duration
testing...
no interpolation path defined
executed snippet estimated_duration=34.0, duration=0.000216960906982
calculate duration
testing...
no interpolation path defined
executed snippet estimated_duration=4.0, duration=0.000102996826172
calculate duration
testing...
no interpolation path defined
executed snippet estimated_duration=36.0, duration=0.000169038772583
calculate duration
testing...
no interpolation path defined
executed snippet estimated_duration=70.0, duration=0.000131130218506
executed snippet estimated_duration=250.0, duration=0.0156869888306
script duration name:sniffair_x2 seconds:250.0
pump_extraction_line in script context. using previous estimated duration
Script duration 806.0
Run total estimated duration= 807.000
script duration name:unknown400_120 seconds:556.0
cocktail_x1 in script context. using previous estimated duration
script duration name:cocktail_x1 seconds:108.0
Script duration 664.0
Run total estimated duration= 665.000
script duration name:unknown400_120 seconds:556.0
sniffair_x2 in script context. using previous estimated duration
script duration name:sniffair_x2 seconds:250.0
Script duration 806.0
Run total estimated duration= 807.000
loading script "jan_ic_peak_hop3.py"
loading script "jan_pump_ms.py"
loading script "jan_air_x1.py"
loading script "jan_pump_extraction_line.py"
testing...
no interpolation path defined
executed snippet estimated_duration=133.8, duration=0.00716590881348
script duration name:ic_peak_hop3 seconds:134.0
loading script "jan_ic_peak_hop3.py"
loading script "jan_pump_ms.py"
loading script "jan_air_x1.py"
loading script "jan_pump_extraction_line.py"
testing...
no interpolation path defined
calculate duration
testing...
no interpolation path defined
executed snippet estimated_duration=0, duration=6.60419464111e-05
calculate duration
testing...
no interpolation path defined
executed snippet estimated_duration=0, duration=0.000113964080811
calculate duration
testing...
no interpolation path defined
executed snippet estimated_duration=32.0, duration=0.000185012817383
calculate duration
testing...
no interpolation path defined
executed snippet estimated_duration=34.0, duration=0.000125885009766
calculate duration
testing...
no interpolation path defined
executed snippet estimated_duration=4.0, duration=9.32216644287e-05
calculate duration
testing...
no interpolation path defined
executed snippet estimated_duration=36.0, duration=9.58442687988e-05
executed snippet estimated_duration=106.0, duration=0.00932788848877
script duration name:air_x1 seconds:106.0
Script duration 240.0
Run total estimated duration= 241.000
loading script "jan_unknown120_60.py"
loading script "jan_pump_ms.py"
loading script "jan_co2.py"
loading script "jan_pump_extraction_line.py"
testing...
no interpolation path defined
executed snippet estimated_duration=213.652928, duration=0.000291109085083
script duration name:unknown120_60 seconds:214.0
loading script "jan_unknown120_60.py"
loading script "jan_pump_ms.py"
loading script "jan_co2.py"
loading script "jan_pump_extraction_line.py"
testing...
no interpolation path defined
calculate duration
testing...
no interpolation path defined
executed snippet estimated_duration=0, duration=5.69820404053e-05
calculate duration
testing...
no interpolation path defined
executed snippet estimated_duration=0, duration=9.98973846436e-05
executed snippet estimated_duration=0.0, duration=0.00275087356567
script duration name:co2 seconds:0.0
Script duration 214.0
Run total estimated duration= 215.000
unknown120_60 in script context. using previous estimated duration
script duration name:unknown120_60 seconds:214.0
co2 in script context. using previous estimated duration
script duration name:co2 seconds:0.0
Script duration 214.0
Run total estimated duration= 215.000
script duration name:unknown120_60 seconds:214.0
script duration name:co2 seconds:0.0
Script duration 214.0
Run total estimated duration= 215.000
script duration name:unknown120_60 seconds:214.0
script duration name:co2 seconds:0.0
Script duration 214.0
Run total estimated duration= 215.000
script duration name:unknown120_60 seconds:214.0
script duration name:co2 seconds:0.0
Script duration 214.0
Run total estimated duration= 215.000
script duration name:unknown120_60 seconds:214.0
script duration name:co2 seconds:0.0
Script duration 214.0
Run total estimated duration= 215.000
script duration name:unknown400_120 seconds:556.0
script duration name:co2 seconds:0.0
Script duration 556.0
Run total estimated duration= 557.000
script duration name:unknown120_60 seconds:214.0
script duration name:co2 seconds:0.0
Script duration 214.0
Run total estimated duration= 215.000
script duration name:unknown120_60 seconds:214.0
script duration name:co2 seconds:0.0
Script duration 214.0
Run total estimated duration= 215.000
script duration name:unknown120_60 seconds:214.0
script duration name:co2 seconds:0.0
Script duration 214.0
Run total estimated duration= 215.000
script duration name:unknown120_60 seconds:214.0
script duration name:co2 seconds:0.0
Script duration 214.0
Run total estimated duration= 215.000
script duration name:unknown120_60 seconds:214.0
script duration name:co2 seconds:0.0
Script duration 214.0
Run total estimated duration= 215.000
script duration name:unknown120_60 seconds:214.0
script duration name:co2 seconds:0.0
Script duration 214.0
Run total estimated duration= 215.000
script duration name:unknown400_120 seconds:556.0
script duration name:cocktail_x1 seconds:108.0
Script duration 664.0
Run total estimated duration= 665.000
script duration name:unknown400_120 seconds:556.0
script duration name:cocktail_x1 seconds:108.0
Script duration 664.0
Run total estimated duration= 665.000
script duration name:unknown120_60 seconds:214.0
script duration name:co2 seconds:0.0
Script duration 214.0
Run total estimated duration= 215.000
script duration name:unknown120_60 seconds:214.0
script duration name:co2 seconds:0.0
Script duration 214.0
Run total estimated duration= 215.000
script duration name:unknown120_60 seconds:214.0
script duration name:co2 seconds:0.0
Script duration 214.0
Run total estimated duration= 215.000
script duration name:unknown120_60 seconds:214.0
script duration name:co2 seconds:0.0
Script duration 214.0
Run total estimated duration= 215.000
script duration name:unknown120_60 seconds:214.0
script duration name:co2 seconds:0.0
Script duration 214.0
Run total estimated duration= 215.000
script duration name:unknown120_60 seconds:214.0
script duration name:co2 seconds:0.0
Script duration 214.0
Run total estimated duration= 215.000
script duration name:unknown120_60 seconds:214.0
script duration name:co2 seconds:0.0
Script duration 214.0
Run total estimated duration= 215.000
script duration name:unknown120_60 seconds:214.0
script duration name:co2 seconds:0.0
Script duration 214.0
Run total estimated duration= 215.000
ic_peak_hop3 in script context. using previous estimated duration
script duration name:ic_peak_hop3 seconds:134.0
air_x1 in script context. using previous estimated duration
script duration name:air_x1 seconds:106.0
Script duration 240.0
Run total estimated duration= 241.000
script duration name:unknown120_60 seconds:214.0
script duration name:co2 seconds:0.0
Script duration 214.0
Run total estimated duration= 215.000
script duration name:unknown120_60 seconds:214.0
script duration name:co2 seconds:0.0
Script duration 214.0
Run total estimated duration= 215.000
script duration name:unknown120_60 seconds:214.0
script duration name:co2 seconds:0.0
Script duration 214.0
Run total estimated duration= 215.000
script duration name:unknown400_120 seconds:556.0
script duration name:sniffair_x2 seconds:250.0
Script duration 806.0
Run total estimated duration= 807.000
script duration name:unknown120_60 seconds:214.0
script duration name:co2 seconds:0.0
Script duration 214.0
Run total estimated duration= 215.000
script duration name:unknown400_120 seconds:556.0
script duration name:co2 seconds:0.0
Script duration 556.0
Run total estimated duration= 557.000
script duration name:unknown400_120 seconds:556.0
script duration name:cocktail_x1 seconds:108.0
Script duration 664.0
Run total estimated duration= 665.000
script duration name:unknown400_120 seconds:556.0
script duration name:cocktail_x1 seconds:108.0
Script duration 664.0
Run total estimated duration= 665.000
script duration name:unknown120_60 seconds:214.0
script duration name:co2 seconds:0.0
Script duration 214.0
Run total estimated duration= 215.000
script duration name:unknown400_120 seconds:556.0
script duration name:sniffair_x2 seconds:250.0
Script duration 806.0
Run total estimated duration= 807.000
script duration name:unknown120_60 seconds:214.0
script duration name:co2 seconds:0.0
Script duration 214.0
Run total estimated duration= 215.000
script duration name:unknown120_60 seconds:214.0
script duration name:co2 seconds:0.0
Script duration 214.0
Run total estimated duration= 215.000
script duration name:unknown120_60 seconds:214.0
script duration name:co2 seconds:0.0
Script duration 214.0
Run total estimated duration= 215.000
script duration name:unknown120_60 seconds:214.0
script duration name:co2 seconds:0.0
Script duration 214.0
Run total estimated duration= 215.000
script duration name:unknown120_60 seconds:214.0
script duration name:co2 seconds:0.0
Script duration 214.0
Run total estimated duration= 215.000
script duration name:unknown120_60 seconds:214.0
script duration name:co2 seconds:0.0
Script duration 214.0
Run total estimated duration= 215.000
script duration name:unknown120_60 seconds:214.0
script duration name:co2 seconds:0.0
Script duration 214.0
Run total estimated duration= 215.000
script duration name:unknown120_60 seconds:214.0
script duration name:co2 seconds:0.0
Script duration 214.0
Run total estimated duration= 215.000
script duration name:unknown120_60 seconds:214.0
script duration name:co2 seconds:0.0
Script duration 214.0
Run total estimated duration= 215.000
script duration name:unknown120_60 seconds:214.0
script duration name:co2 seconds:0.0
Script duration 214.0
Run total estimated duration= 215.000
script duration name:unknown120_60 seconds:214.0
script duration name:co2 seconds:0.0
Script duration 214.0
Run total estimated duration= 215.000
script duration name:unknown400_120 seconds:556.0
script duration name:cocktail_x1 seconds:108.0
Script duration 664.0
Run total estimated duration= 665.000
script duration name:unknown400_120 seconds:556.0
script duration name:cocktail_x1 seconds:108.0
Script duration 664.0
Run total estimated duration= 665.000
script duration name:unknown120_60 seconds:214.0
script duration name:co2 seconds:0.0
Script duration 214.0
Run total estimated duration= 215.000
script duration name:unknown120_60 seconds:214.0
script duration name:co2 seconds:0.0
Script duration 214.0
Run total estimated duration= 215.000
script duration name:unknown120_60 seconds:214.0
script duration name:co2 seconds:0.0
Script duration 214.0
Run total estimated duration= 215.000
script duration name:unknown120_60 seconds:214.0
script duration name:co2 seconds:0.0
Script duration 214.0
Run total estimated duration= 215.000
script duration name:ic_peak_hop3 seconds:134.0
script duration name:air_x1 seconds:106.0
Script duration 240.0
Run total estimated duration= 241.000
script duration name:unknown120_60 seconds:214.0
script duration name:co2 seconds:0.0
Script duration 214.0
Run total estimated duration= 215.000
nruns=58 before=5.0, run_dur=19200.0, btw=1710.0
write rem/ex queues
/Users/jan/PychronDev/experiments/rem/Load1786.rem.txt
/Users/jan/PychronDev/experiments/rem/Load1786.ex.txt
doing event level: 3
