do run
loading script "jan_unknown120_60.py"
loading script "jan_pump_ms.py"
loading script "jan_co2.py"
loading script "jan_pump_extraction_line.py"
testing...
no interpolation path defined
executed snippet estimated_duration=213.652928, duration=0.000205993652344
script duration name:unknown120_60 seconds:214.0
loading script "jan_unknown120_60.py"
loading script "jan_pump_ms.py"
loading script "jan_co2.py"
loading script "jan_pump_extraction_line.py"
testing...
no interpolation path defined
executed snippet estimated_duration=0, duration=2.59876251221e-05
loading script "jan_unknown120_60.py"
loading script "jan_pump_ms.py"
loading script "jan_co2.py"
loading script "jan_pump_extraction_line.py"
testing...
no interpolation path defined
calculate duration
testing...
no interpolation path defined
executed snippet estimated_duration=0, duration=0.000118017196655
calculate duration
testing...
no interpolation path defined
executed snippet estimated_duration=0, duration=8.01086425781e-05
executed snippet estimated_duration=0.0, duration=0.00246596336365
script duration name:co2 seconds:0.0
loading script "jan_unknown120_60.py"
loading script "jan_pump_ms.py"
loading script "jan_co2.py"
loading script "jan_pump_extraction_line.py"
testing...
no interpolation path defined
calculate duration
testing...
no interpolation path defined
executed snippet estimated_duration=4.0, duration=0.000133037567139
executed snippet estimated_duration=4.0, duration=0.0012800693512
Script duration 214.0
Run total estimated duration= 215.000
run duration: 0:03:35
doing event level: 2
15:06:58 -- Setting default integration. t=1.048576
setting integration time = 1.048576
SetIntegrationTime 1.048576 ===>> OK
----------------- start -----------------
**************** Experiment Type: Ar/Ar, Ar/Ar
$$$$$ Clearing conditionals
adding conditionals 
Add queue conditionals
add default conditionals
adding default conditionals from /Users/jan/PychronDev/setupfiles/spectrometer/default_conditionals.yaml
Start automated run 65555-02A
loading script "jan_unknown120_60.py"
loading script "jan_pump_ms.py"
loading script "jan_co2.py"
loading script "jan_pump_extraction_line.py"
%%%%%%%%%%%%%%%%%% setting automated run 65555-02A
No value "sensitivity_multiplier" in metadata
$$$$$$$$$$$$$$$ auto_save_detector_ic=False
============================= Pre Extraction Check =============================
loading queue conditionals pre_run_terminations
loading system conditionals pre_run_terminations
loading conditionals from /Users/jan/PychronDev/setupfiles/spectrometer/default_conditionals.yaml
15:06:58 -- ******* Pre Extraction Check *******
Get a measurement from the spectrometer
GetData ===>> H2,-0.267110183161916,H1,0.0136565735149087,AX,-0.0799773080065562,L1,-0.0174108690557945,L2,0.01...
Pre Extraction Termination data. keys=H2,H1,AX,L1,L2,CDD, signals=-0.26711,0.01366,-0.07998,-0.01741,0.01277,0.00328
15:06:58 -- testing system defined conditionals
Checking default pre extraction terminations n=2
testing CDD
evaluate ot="CDD.inactive" t="CDD", ctx="{'CDD': False}"
GetDeflection CDD ===>> 50
testing CDD==2000
evaluate ot="CDD.deflection==2000" t="CDD==2000", ctx="{'CDD': 50.0}"
15:06:58 -- ******* Pre Extraction Check Passed *******
=================================================================================
15:06:58 -- stopping status monitor
stop 4984189200
Alive clients [4991693744]
15:06:58 -- starting status monitor
start 4984189200
Monitor already running
start extraction
do extraction
Analysis started at 15:06:58.832475
Extraction Started jan_co2.py
15:06:58 -- ******* Extraction Started jan_co2.py *******
state changed from not run to extraction
DO EXTRACTION <pychron.extraction_line.pyscript_runner.RemotePyScriptRunner object at 0x12c301530>
testing...
no interpolation path defined
calculate duration
testing...
no interpolation path defined
executed snippet estimated_duration=0, duration=5.19752502441e-05
calculate duration
testing...
no interpolation path defined
executed snippet estimated_duration=0, duration=9.79900360107e-05
executed snippet estimated_duration=100.0, duration=0.00229215621948
Jan CO2 laser analysis
doing GOSUB
testing...
no interpolation path defined
executed snippet estimated_duration=0, duration=4.41074371338e-05
Waiting for CO2 access
wait ('FelixCO2Flag', 0) {}
waiting for FelixCO2Flag = 0
Read FelixCO2Flag ===>> 0
finished waiting
CO2 free
wait ('CO2PumpTimeFlag', 0) {}
waiting for CO2PumpTimeFlag = 0
Read CO2PumpTimeFlag ===>> 0
finished waiting
acquire ('JanCO2Flag',) {'clear': True}
acquire JanCO2Flag
Set JanCO2Flag 1 ===>> OK
JanCO2Flag acquired
set extraction state False (0.75, 'red', 1.5)
CO2 acquired
executed snippet estimated_duration=0, duration=0.0157151222229
WaitForCO2Access.py completed successfully
gosub finished
doing GOSUB
testing...
no interpolation path defined
executed snippet estimated_duration=0, duration=0.000102043151855
Prepare for CO2 analysis
close () {'description': 'Jan Inlet'}
closing name=--- desc=Jan Inlet
checking ownership. requestor=129.138.12.150
check software interlocks R
interlocks []
actuate state mode=None-script, software_lock=False
doing actuation None-script close_channel False
Close R ===>> OK
GetIndicatorState R ===>> False
change switch state (True, True)
update switch state R False args=() kw={} ncanvase=2
15:06:59 -- CLOSE  VALVE-R (Jan Inlet)
---------------------------------------- close None (Jan Inlet) result=[(True, True)]
action=close, ok=True, locked=[False]
open () {'description': 'Jan Ion Pump'}
opening name=--- desc=Jan Ion Pump
checking ownership. requestor=129.138.12.150
check software interlocks O
interlocks []
actuate state mode=None-script, software_lock=False
doing actuation None-script open_channel False
Open O ===>> OK
GetIndicatorState O ===>> OK
change switch state (True, True)
update switch state O True args=() kw={} ncanvase=2
15:06:59 -- OPEN   VALVE-O (Jan Ion Pump)
---------------------------------------- open None (Jan Ion Pump) result=[(True, True)], time=0.09 sec
action=open, ok=True, locked=[False]
close () {'description': 'Microbone to Minibone'}
closing name=--- desc=Microbone to Minibone
checking ownership. requestor=129.138.12.150
check software interlocks L
interlocks []
actuate state mode=None-script, software_lock=False
doing actuation None-script close_channel False
Close L ===>> OK
GetIndicatorState L ===>> False
change switch state (True, True)
update switch state L False args=() kw={} ncanvase=2
15:07:00 -- CLOSE  VALVE-L (Microbone to Minibone)
---------------------------------------- close None (Microbone to Minibone) result=[(True, True)]
action=close, ok=True, locked=[False]
open () {'description': 'Microbone to Turbo'}
opening name=--- desc=Microbone to Turbo
checking ownership. requestor=129.138.12.150
check software interlocks U
interlocks []
actuate state mode=None-script, software_lock=False
doing actuation None-script open_channel False
Open U ===>> OK
GetIndicatorState U ===>> OK
change switch state (True, True)
update switch state U True args=() kw={} ncanvase=2
15:07:00 -- OPEN   VALVE-U (Microbone to Turbo)
---------------------------------------- open None (Microbone to Turbo) result=[(True, True)], time=0.13 sec
action=open, ok=True, locked=[False]
open () {'description': 'Microbone to Inlet Pipette'}
opening name=--- desc=Microbone to Inlet Pipette
checking ownership. requestor=129.138.12.150
check software interlocks S
interlocks []
actuate state mode=None-script, software_lock=False
doing actuation None-script open_channel False
Open S ===>> OK
GetIndicatorState S ===>> OK
change switch state (True, True)
update switch state S True args=() kw={} ncanvase=2
15:07:01 -- OPEN   VALVE-S (Microbone to Inlet Pipette)
---------------------------------------- open None (Microbone to Inlet Pipette) result=[(True, True)], time=0.40 sec
action=open, ok=True, locked=[False]
open () {'description': 'Microbone to Getter D-50'}
opening name=--- desc=Microbone to Getter D-50
checking ownership. requestor=129.138.12.150
check software interlocks K
interlocks []
actuate state mode=None-script, software_lock=False
doing actuation None-script open_channel False
Open K ===>> OK
GetIndicatorState K ===>> OK
change switch state (True, True)
update switch state K True args=() kw={} ncanvase=2
15:07:01 -- OPEN   VALVE-K (Microbone to Getter D-50)
---------------------------------------- open None (Microbone to Getter D-50) result=[(True, True)], time=0.40 sec
action=open, ok=True, locked=[False]
open () {'description': 'Microbone to Getter NP-10'}
opening name=--- desc=Microbone to Getter NP-10
checking ownership. requestor=129.138.12.150
check software interlocks M
interlocks []
actuate state mode=None-script, software_lock=False
doing actuation None-script open_channel False
Open M ===>> OK
GetIndicatorState M ===>> OK
change switch state (True, True)
update switch state M True args=() kw={} ncanvase=2
15:07:02 -- OPEN   VALVE-M (Microbone to Getter NP-10)
---------------------------------------- open None (Microbone to Getter NP-10) result=[(True, True)], time=0.13 sec
action=open, ok=True, locked=[False]
close () {'description': 'CO2 Laser to Felix'}
closing name=--- desc=CO2 Laser to Felix
checking ownership. requestor=129.138.12.150
check software interlocks F
interlocks []
actuate state mode=None-script, software_lock=True
VALVE-F(CO2 Laser to Felix) software locked
change switch state (True, False)
---------------------------------------- close None (CO2 Laser to Felix) result=[(True, False)]
action=close, ok=True, locked=[True]
open () {'description': 'CO2 Laser to Jan'}
opening name=--- desc=CO2 Laser to Jan
checking ownership. requestor=129.138.12.150
check software interlocks A
interlocks []
actuate state mode=None-script, software_lock=False
doing actuation None-script open_channel False
Open A ===>> OK
GetIndicatorState A ===>> OK
change switch state (True, True)
update switch state A True args=() kw={} ncanvase=2
15:07:02 -- OPEN   VALVE-A (CO2 Laser to Jan)
---------------------------------------- open None (CO2 Laser to Jan) result=[(True, True)], time=0.13 sec
action=open, ok=True, locked=[False]
open () {'description': 'Microbone to CO2 Laser'}
opening name=--- desc=Microbone to CO2 Laser
checking ownership. requestor=129.138.12.150
check software interlocks T
interlocks []
actuate state mode=None-script, software_lock=False
doing actuation None-script open_channel False
Open T ===>> OK
GetIndicatorState T ===>> OK
change switch state (True, True)
update switch state T True args=() kw={} ncanvase=2
15:07:03 -- OPEN   VALVE-T (Microbone to CO2 Laser)
---------------------------------------- open None (Microbone to CO2 Laser) result=[(True, True)], time=0.40 sec
action=open, ok=True, locked=[False]
executed snippet estimated_duration=0, duration=4.81055116653
PrepareForCO2Analysis.py completed successfully
gosub finished
set_motor ('beam', '1.25') {}
setting motor "beam" to 1.25
set motor beam to 1.25
SetMotor beam,1.25 ===>> OK
GetMotorMoving beam ===>> False
GetMotorMoving beam ===>> False
Block completed
move_to_position ('188',) {'autocenter': True}
FusionsCO2 move to position 188
sending GoToHole 188,True
GoToHole 188,True ===>> OK
GetDriveMoving ===>> OK
GetDriveMoving ===>> OK
GetDriveMoving ===>> OK
GetDriveMoving ===>> OK
GetDriveMoving ===>> OK
GetDriveMoving ===>> OK
GetDriveMoving ===>> OK
GetDriveMoving ===>> False
GetDriveMoving ===>> OK
GetDriveMoving ===>> OK
GetDriveMoving ===>> OK
GetDriveMoving ===>> OK
GetDriveMoving ===>> OK
GetDriveMoving ===>> OK
GetDriveMoving ===>> OK
GetDriveMoving ===>> OK
GetDriveMoving ===>> False
Block completed
GetAutoCorrecting ===>> False
GetAutoCorrecting ===>> False
Block completed
update position
GetPosition ===>> -3.98780,-9.96950,1.00000
got position (-3.9878, -9.9695, 1.0)
move to position succeeded
sleep (5,) {}
SLEEP 5.0
block started
WaitControl setup for 5.0  
Join finished
block finished. duration 5.0433049202
close () {'description': 'Microbone to Turbo'}
closing name=--- desc=Microbone to Turbo
checking ownership. requestor=129.138.12.150
check software interlocks U
interlocks []
actuate state mode=None-script, software_lock=False
doing actuation None-script close_channel True
Close U ===>> OK
GetIndicatorState U ===>> False
change switch state (True, True)
update switch state U False args=() kw={} ncanvase=2
15:07:15 -- CLOSE  VALVE-U (Microbone to Turbo)
---------------------------------------- close None (Microbone to Turbo) result=[(True, True)]
action=close, ok=True, locked=[False]
enable laser
enable () {}
set extraction state FusionsCO2 Enabled (False, 'red', 1.5)
enabling laser
Enable ===>> OK
begin interval
BEGIN INTERVAL Interval 1 waiting for 30.0
block started
set extract to 0.3
WaitControl setup for 30.0  
extract (0.3,) {}
GetPosition ===>> -3.98780,-9.96950,1.00000
set extraction state FusionsCO2 ON! 0.3(watts) (0.75, 'red', 1.5)
extract sample to 0.3 (watts)
set laser output
SetLaserOutput 0.3,watts ===>> OK
executing pattern triangle.lp
execute_pattern ('triangle.lp',) {}
executing pattern triangle.lp
IsPatterning ===>> OK
IsPatterning ===>> OK
IsPatterning ===>> OK
IsPatterning ===>> OK
IsPatterning ===>> OK
IsPatterning ===>> OK
IsPatterning ===>> OK
IsPatterning ===>> OK
IsPatterning ===>> OK
IsPatterning ===>> OK
IsPatterning ===>> OK
IsPatterning ===>> OK
IsPatterning ===>> OK
IsPatterning ===>> OK
IsPatterning ===>> OK
IsPatterning ===>> OK
IsPatterning ===>> OK
IsPatterning ===>> OK
IsPatterning ===>> OK
IsPatterning ===>> OK
IsPatterning ===>> OK
IsPatterning ===>> OK
IsPatterning ===>> OK
IsPatterning ===>> OK
IsPatterning ===>> OK
IsPatterning ===>> OK
IsPatterning ===>> OK
IsPatterning ===>> OK
IsPatterning ===>> False
Join finished
block finished. duration 30.0661070347
Interval 1 finished
IsPatterning ===>> False
Block completed
COMPLETE INTERVAL waiting for Interval 1 to complete
end_extract () {}
ending extraction. set laser power to 0
set laser power 0
SetLaserPower 0 ===>> OK
disable () {}
%%%%%%%%%%%%%%%%%%%%%%%%%%%%%%%%%%% disable
set extraction state False (0.75, 'red', 1.5)
disabling laser
Disable ===>> OK
sleep (30.0,) {}
SLEEP 30.0
block started
WaitControl setup for 30.0  
Join finished
block finished. duration 30.0535519123
executed snippet estimated_duration=165.0, duration=78.6931591034
jan_co2.py completed successfully
GetAchievedOutput ===>> No Response
Requested Output= 0.000
Achieved Output=  0.000
GetResponseBlob ===>> No Response
GetOutputBlob ===>> No Response
persistence save...
persistence save - db
AutomatedRunPersister post_extraction_save deprecated
persistence save - dvc
no extraction position for 188
create new session 4991427888
close session 4991427888
Extraction Finished
15:08:17 -- ******* Extraction Finished *******
no overlap. not waiting for min ms pumptime
15:08:17 -- Sending spectrometer configuration
======== Sending configuration ========
SetDeflection CDD,50.0 ===>> OK
SetDeflection H2,0.0 ===>> OK
SetDeflection H1,0.0 ===>> OK
SetDeflection L2,825.0 ===>> OK
SetDeflection L1,400.0 ===>> OK
SetDeflection AX,190.0 ===>> OK
SetZFocus 74.64 ===>> OK
SetZSymmetry -50.72 ===>> OK
SetExtractionLens 26.13 ===>> OK
SetIonRepeller -3.81 ===>> OK
SetElectronEnergy 75.08 ===>> OK
SetYSymmetry -2.81 ===>> OK
SetIonCounterVoltage 1590.0 ===>> OK
send trap current 200.0
GetParameter Trap Current Readback ===>> 198.482695477019
SetParameter Trap Current Set,200.0 ===>> OK
updating mftable name mftable
Using mftable located at /Users/jan/PychronDev/setupfiles/spectrometer/mftables/mftable.csv
============ MFtable ===========
Isotope  H2     H1     AX     L1     L2     CDD    
Ar40     5.7970 5.8796 5.9928 6.1369 6.2312 6.3652
Ar39     5.6963 5.7718 5.8852 6.0230 6.1163 6.2517
Ar36     5.3738 5.4408 5.5486 5.6819 5.7713 5.9028
================================
get initial guess parabolic
get initial guess parabolic
get initial guess parabolic
get initial guess parabolic
get initial guess parabolic
get initial guess parabolic
======== Configuration Finished ========
GetYSymmetry ===>> -2.81
GetZSymmetry ===>> -50.72
GetParameter Trap Current Readback ===>> 198.482695477019
GetHighVoltage ===>> 4500
start measurement
do measurement
L#=65555 analysis type=unknown
Measurement Started jan_unknown120_60.py
15:08:17 -- ******* Measurement Started jan_unknown120_60.py *******
state changed from extraction to measurement
setting spec, defl, and gains
GetExtractionLens ===>> 26.13
GetYSymmetry ===>> -2.81
GetZSymmetry ===>> -50.72
GetZFocus ===>> 74.64
GetDeflection H2 ===>> 0
GetDeflection H1 ===>> 0
GetDeflection AX ===>> 190
GetDeflection L1 ===>> 400
GetDeflection L2 ===>> 825
GetDeflection CDD ===>> 50
GetGain H2 ===>> 0.0113
GetGain H1 ===>> 0.1
GetGain AX ===>> 0.097049
GetGain L1 ===>> 0.010355
GetGain L2 ===>> 0.095649
GetGain CDD ===>> 0
pre measurement save
New frame /Users/jan/PychronDev/data/isotopes/ee/1640fe-8789-4e76-89c7-f327f2d328c4.h5
flush and close file /Users/jan/PychronDev/data/isotopes/ee/1640fe-8789-4e76-89c7-f327f2d328c4.h5
testing...
no interpolation path defined
executed snippet estimated_duration=226.132928, duration=0.000185966491699
unknown measurement script
activate_detectors ('H2', 'H1', 'AX', 'L1', 'L2', 'CDD') {}
activate detectors
*************** Set Analysis View Ar/Ar
create graphs
clearing graphs
clear isotope group
setting isotope det=H2, iso=PM41
setting isotope det=H1, iso=Ar40
setting isotope det=AX, iso=Ar39
setting isotope det=L1, iso=Ar38
setting isotope det=L2, iso=Ar37
setting isotope det=CDD, iso=Ar36
setting previous blanks
 - setting Ar40 blank 0.179+/-0.007
 - setting Ar36 blank 0.00450+/-0.00019
 - setting Ar37 blank 0.051+/-0.005
 - setting Ar38 blank 0.0076+/-0.0023
 - setting PM41 blank 0.04+/-0.07
 - setting Ar39 blank 0.011+/-0.009
load analysis view
position_magnet ('Ar40',) {'detector': 'H1'}
detector Detector(H1)
POSITION Ar40 H1
setting detector H2 to PM41 (40.9624)
setting detector H1 to Ar40 (39.9624)
setting detector AX to Ar39 (38.9624)
setting detector L1 to Ar38 (37.9624)
setting detector L2 to Ar37 (36.9624)
setting detector CDD to Ar36 (35.9624)
Mapping mass to dac mass func: "parabolic"
H1 map mass coeffs = [-0.00063987  0.15840543  0.57115999]
H1 map mass to dac 39.9624 >> 5.87955
GetDeflection H1 ===>> 0
GetHighVoltage ===>> 4500
positioning Ar40 (5.87955) on H1
setting magnet DAC
current  : 5.879551
requested: 5.879550
Delta Dac: 0.000001
Checking detector protection. dv=0.00000
Checking detector "CDD". Protection Threshold: 0.1 (V)
SetMagnetDAC 5.87955 ===>> OK
Magnet settling time: 0.500
equilibrate () {'delay': 3, 'inlet': 'R', 'outlet': 'O', 'eqtime': 12.0}
Equilibration Started
15:08:19 -- ******* Equilibration Started *******
checking ownership. requestor=129.138.12.150
check software interlocks O
interlocks []
actuate state mode=None-script, software_lock=False
doing actuation None-script close_channel True
Close O ===>> OK
GetIndicatorState O ===>> False
change switch state (True, True)
update switch state O False args=() kw={} ncanvase=2
15:08:19 -- CLOSE  VALVE-O (Jan Ion Pump)
waiting 3s before opening inlet value ('R',)
update labels <pychron.experiment.plot_panel.PlotPanel object at 0x1d72e7830>
update labels "<pychron.graph.stacked_regression_graph.StackedRegressionGraph object at 0x1cf38d9b0>"
setting label 0 H2 PM41
setting label 1 H1 Ar40
setting label 2 AX Ar39
setting label 3 L1 Ar38
setting label 4 L2 Ar37
setting label 5 CDD Ar36
update labels "<pychron.graph.stacked_graph.StackedGraph object at 0x1d3e1a890>"
setting label 0 H2 PM41
setting label 1 H1 Ar40
setting label 2 AX Ar39
setting label 3 L1 Ar38
setting label 4 L2 Ar37
setting label 5 CDD Ar36
checking ownership. requestor=129.138.12.150
check software interlocks R
interlocks []
actuate state mode=None-script, software_lock=False
doing actuation None-script open_channel True
Open R ===>> OK
State checksums do not match. Local:-598318598 Remote:-1449001502
State checksum failed
GetIndicatorState R ===>> OK
change switch state (True, True)
update switch state R True args=() kw={} ncanvase=2
15:08:23 -- OPEN   VALVE-R (Jan Inlet)
set_time_zero () {}
equilibrating for 12.0sec
sniff (12.0,) {}
py_sniff
build tables- sniff [Detector(H2), Detector(H1), Detector(AX), Detector(L1), Detector(L2), Detector(CDD)]
add group /sniff/PM41 (Group) '' table H2
add group /sniff/Ar40 (Group) '' table H1
add group /sniff/Ar39 (Group) '' table AX
add group /sniff/Ar38 (Group) '' table L1
add group /sniff/Ar37 (Group) '' table L2
add group /sniff/Ar36 (Group) '' table CDD
flush and close file /Users/jan/PychronDev/data/isotopes/ee/1640fe-8789-4e76-89c7-f327f2d328c4.h5
measuring sniff. ncounts=12.0
"sniff" increment series count="1" fit count="0" regressing="False"
starting measurement
GetData ===>> H2,-0.285921914089285,H1,0.0698397674390396,AX,-0.0868854482378677,L1,-0.0127723962818318,L2,-0.0...
GetData ===>> H2,0.334152526215448,H1,50.1905797457286,AX,13.5795611024317,L1,0.131921534781336,L2,0.3114793486...
GetData ===>> H2,0.803031393372022,H1,168.077674882428,AX,42.2794394960465,L1,0.431017849368565,L2,0.4501616180...
GetData ===>> H2,0.254043626818707,H1,211.589231003519,AX,51.2786399804677,L1,0.615912118476422,L2,0.3983147558...
GetData ===>> H2,0.0838855670345812,H1,226.345726239325,AX,53.9735267823092,L1,0.649217587629804,L2,0.332744178...
GetData ===>> H2,-0.0598876101774311,H1,232.104950429203,AX,54.9217601025033,L1,0.642181651199685,L2,0.24661369...
GetData ===>> H2,-0.0149995924888042,H1,234.54040617124,AX,55.201429125008,L1,0.663601021901935,L2,0.3152571351...
GetData ===>> H2,-0.0343647316487313,H1,235.440050977989,AX,55.473966032512,L1,0.713236148496539,L2,0.452365450...
GetData ===>> H2,-0.143314827126231,H1,235.968204157997,AX,55.5221892373139,L1,0.703480972735771,L2,0.249193777...
GetData ===>> H2,-0.105177178976087,H1,235.910242738875,AX,55.5854677987829,L1,0.688777405865382,L2,0.258715587...
GetData ===>> H2,-0.143995831081606,H1,236.29885583524,AX,55.6221719999295,L1,0.666135580818339,L2,0.3010712332...
Equilibration Finished
GetData ===>> H2,-0.119192910009102,H1,236.41763377552,AX,55.6241401978253,L1,0.659151855094046,L2,0.3044035331...
15:08:35 -- ******* Equilibration Finished *******
checking ownership. requestor=129.138.12.150
check software interlocks R
interlocks []
actuate state mode=None-script, software_lock=False
doing actuation None-script close_channel True
Close R ===>> OK
GetIndicatorState R ===>> False
change switch state (True, True)
update switch state R False args=() kw={} ncanvase=2
15:08:36 -- CLOSE  VALVE-R (Jan Inlet)
Post Equilibration Started jan_pump_extraction_line.py
15:08:36 -- ******* Post Equilibration Started jan_pump_extraction_line.py *******
testing...
no interpolation path defined
calculate duration
testing...
no interpolation path defined
executed snippet estimated_duration=4.0, duration=0.000153064727783
executed snippet estimated_duration=4.0, duration=0.00175976753235
Pump after analysis
doing GOSUB
testing...
no interpolation path defined
executed snippet estimated_duration=4.0, duration=0.000141859054565
Pump Microbone
close () {'description': 'Jan Inlet'}
closing name=--- desc=Jan Inlet
checking ownership. requestor=129.138.12.150
check software interlocks R
interlocks []
actuate state mode=None-script, software_lock=False
doing actuation None-script close_channel False
measurement finished
estimated time: 12.583 actual time: :12.654
flush and close file /Users/jan/PychronDev/data/isotopes/ee/1640fe-8789-4e76-89c7-f327f2d328c4.h5
set_fits () {}
Close R ===>> OK
using default fits file=/Users/jan/PychronDev/scripts/measurement/fits/nominal_linear.yaml
set "Ar40" to "('Linear', 'SEM')"
No fit for "PM41". defaulting to linear. check the measurement script "jan_unknown120_60.py"
set "PM41" to "linear"
set "Ar36" to "('Linear', 'SEM')"
set "Ar37" to "('linear', 'SEM')"
set "Ar38" to "('linear', 'SEM')"
set "Ar39" to "('Linear', 'SEM')"
set_baseline_fits () {}
using default fits file=/Users/jan/PychronDev/scripts/measurement/fits/nominal_linear.yaml
set "H1" to "('average', 'SEM')"
set "H2" to "('average', 'SEM')"
set "CDD" to "('average', 'SEM')"
set "L2" to "('average', 'SEM')"
set "L1" to "('average', 'SEM')"
set "AX" to "('average', 'SEM')"
multicollect () {'integration_time': 1, 'ncounts': 120}
build tables- signal [Detector(H2), Detector(H1), Detector(AX), Detector(L1), Detector(L2), Detector(CDD)]
add group /signal/PM41 (Group) '' table H2
add group /signal/Ar40 (Group) '' table H1
add group /signal/Ar39 (Group) '' table AX
add group /signal/Ar38 (Group) '' table L1
add group /signal/Ar37 (Group) '' table L2
add group /signal/Ar36 (Group) '' table CDD
flush and close file /Users/jan/PychronDev/data/isotopes/ee/1640fe-8789-4e76-89c7-f327f2d328c4.h5
GetIndicatorState R ===>> False
measuring signal. ncounts=120
change switch state (True, True)
update switch state R False args=() kw={} ncanvase=2
15:08:36 -- CLOSE  VALVE-R (Jan Inlet)
---------------------------------------- close None (Jan Inlet) result=[(True, True)]
action=close, ok=True, locked=[False]
is_closed ('F',) {}
is F () closed?
is closed True
open () {'description': 'CO2 Laser to Jan'}
opening name=--- desc=CO2 Laser to Jan
checking ownership. requestor=129.138.12.150
check software interlocks A
interlocks []
actuate state mode=None-script, software_lock=False
doing actuation None-script open_channel False
Open A ===>> OK
GetIndicatorState A ===>> OK
change switch state (True, True)
update switch state A True args=() kw={} ncanvase=2
15:08:36 -- OPEN   VALVE-A (CO2 Laser to Jan)
---------------------------------------- open None (CO2 Laser to Jan) result=[(True, True)], time=0.12 sec
starting measurement
"signal" increment series count="2" fit count="1" regressing="True"
GetData ===>> H2,-0.0864470296491049,H1,236.331607151829,AX,55.6065915256671,L1,0.721493436705292,L2,0.27364122...
action=open, ok=True, locked=[False]
sleep (1,) {}
SLEEP 1.0
GetData ===>> H2,0.0599750195385217,H1,236.180298850413,AX,55.6585290129716,L1,0.751029821246505,L2,0.340221662...
close () {'description': 'CO2 Laser to Roughing'}
closing name=--- desc=CO2 Laser to Roughing
checking ownership. requestor=129.138.12.150
check software interlocks G
interlocks []
actuate state mode=None-script, software_lock=True
VALVE-G(CO2 Laser to Roughing) software locked
change switch state (True, False)
---------------------------------------- close None (CO2 Laser to Roughing) result=[(True, False)]
action=close, ok=True, locked=[True]
open () {'description': 'Microbone to Turbo'}
opening name=--- desc=Microbone to Turbo
checking ownership. requestor=129.138.12.150
check software interlocks U
interlocks []
actuate state mode=None-script, software_lock=False
doing actuation None-script open_channel True
Open U ===>> OK
GetIndicatorState U ===>> OK
change switch state (True, True)
update switch state U True args=() kw={} ncanvase=2
15:08:38 -- OPEN   VALVE-U (Microbone to Turbo)
---------------------------------------- open None (Microbone to Turbo) result=[(True, True)], time=0.15 sec
action=open, ok=True, locked=[False]
open () {'description': 'Microbone to Getter NP-10'}
opening name=--- desc=Microbone to Getter NP-10
checking ownership. requestor=129.138.12.150
check software interlocks M
interlocks []
actuate state mode=None-script, software_lock=False
doing actuation None-script open_channel False
Open M ===>> OK
GetIndicatorState M ===>> OK
change switch state (True, True)
update switch state M True args=() kw={} ncanvase=2
15:08:38 -- OPEN   VALVE-M (Microbone to Getter NP-10)
---------------------------------------- open None (Microbone to Getter NP-10) result=[(True, True)], time=0.18 sec
action=open, ok=True, locked=[False]
open () {'description': 'Microbone to Getter D-50'}
opening name=--- desc=Microbone to Getter D-50
checking ownership. requestor=129.138.12.150
check software interlocks K
interlocks []
actuate state mode=None-script, software_lock=False
doing actuation None-script open_channel False
GetData ===>> H2,-0.0804126247464405,H1,236.294954099738,AX,55.6235139496828,L1,0.745508659814153,L2,0.28447993...
Open K ===>> OK
GetIndicatorState K ===>> OK
change switch state (True, True)
update switch state K True args=() kw={} ncanvase=2
15:08:39 -- OPEN   VALVE-K (Microbone to Getter D-50)
---------------------------------------- open None (Microbone to Getter D-50) result=[(True, True)], time=0.41 sec
action=open, ok=True, locked=[False]
open () {'description': 'Microbone to CO2 Laser'}
opening name=--- desc=Microbone to CO2 Laser
checking ownership. requestor=129.138.12.150
check software interlocks T
interlocks []
actuate state mode=None-script, software_lock=False
doing actuation None-script open_channel False
Open T ===>> OK
GetIndicatorState T ===>> OK
change switch state (True, True)
update switch state T True args=() kw={} ncanvase=2
15:08:40 -- OPEN   VALVE-T (Microbone to CO2 Laser)
---------------------------------------- open None (Microbone to CO2 Laser) result=[(True, True)], time=0.40 sec
GetData ===>> H2,-0.06776046267725,H1,236.097553787546,AX,55.4661417631897,L1,0.726112004692083,L2,0.2428920931...
action=open, ok=True, locked=[False]
open () {'description': 'Microbone to Inlet Pipette'}
opening name=--- desc=Microbone to Inlet Pipette
checking ownership. requestor=129.138.12.150
check software interlocks S
interlocks []
actuate state mode=None-script, software_lock=False
doing actuation None-script open_channel False
Open S ===>> OK
GetIndicatorState S ===>> OK
change switch state (True, True)
update switch state S True args=() kw={} ncanvase=2
15:08:40 -- OPEN   VALVE-S (Microbone to Inlet Pipette)
---------------------------------------- open None (Microbone to Inlet Pipette) result=[(True, True)], time=0.41 sec
action=open, ok=True, locked=[False]
sleep (1,) {}
SLEEP 1.0
GetData ===>> H2,-0.0971727919456273,H1,235.841280926078,AX,55.5130649052799,L1,0.726605551731308,L2,0.37756073...
set_resource () {'name': 'CO2PumpTimeFlag', 'value': 30}
Set CO2PumpTimeFlag 30 ===>> OK
release ('JanCO2Flag',) {}
release JanCO2Flag
Set JanCO2Flag 0 ===>> OK
executed snippet estimated_duration=6.0, duration=5.90066885948
PumpMicrobone.py completed successfully
gosub finished
get_resource_value () {'name': 'JanMiniboneFlag'}
Read JanMiniboneFlag ===>> 0
Get Resource Value JanMiniboneFlag=0.0
get resource value 0.0
get_resource_value () {'name': 'JanMiniboneFlag'}
Read JanMiniboneFlag ===>> 0
Get Resource Value JanMiniboneFlag=0.0
executed snippet estimated_duration=4.0, duration=5.91497588158
jan_pump_extraction_line.py completed successfully
Post Equilibration Finished
15:08:41 -- ******* Post Equilibration Finished *******
GetData ===>> H2,-0.169381336094349,H1,235.71199263898,AX,55.4141563370121,L1,0.71677754830982,L2,0.39376836075...
GetData ===>> H2,-0.193359252890165,H1,235.629058687911,AX,55.4002882686798,L1,0.706605411560388,L2,0.346957605...
GetData ===>> H2,-0.24568774839685,H1,235.63462401995,AX,55.340405954115,L1,0.689852224347852,L2,0.248508792001...
GetData ===>> H2,-0.21432941692703,H1,235.564098819045,AX,55.4054569607543,L1,0.695735903808156,L2,0.3456217958...
GetData ===>> H2,-0.197818485605617,H1,235.40651776729,AX,55.3248971135772,L1,0.694091764310101,L2,0.2464881124...
GetData ===>> H2,-0.252199232867912,H1,235.222855635116,AX,55.2563892430429,L1,0.692800477161449,L2,0.274918986...
GetData ===>> H2,-0.274918561866066,H1,235.306482157182,AX,55.3912067804113,L1,0.709399075317426,L2,0.294555324...
GetData ===>> H2,-0.269518712703286,H1,235.407478373395,AX,55.3140078096069,L1,0.686461834444391,L2,0.321979909...
GetData ===>> H2,-0.149324896091857,H1,235.163382361573,AX,55.2367969414949,L1,0.702217058115726,L2,0.287184094...
GetData ===>> H2,-0.134536485799536,H1,235.092175930588,AX,55.2420222473777,L1,0.701690679166506,L2,0.280235575...
GetData ===>> H2,-0.321107398994438,H1,235.188005232094,AX,55.3010789240325,L1,0.693427476410064,L2,0.264879881...
GetData ===>> H2,-0.334288488677866,H1,234.867783625034,AX,55.1064750459638,L1,0.715170131152945,L2,0.251671184...
GetData ===>> H2,-0.11940124386127,H1,234.689801741204,AX,55.1430457048706,L1,0.700335127486981,L2,0.2837611158...
GetData ===>> H2,-0.26085662697372,H1,234.749534663229,AX,55.2977277606508,L1,0.719753925138197,L2,0.3740774208...
GetData ===>> H2,-0.258885701210096,H1,234.651150200961,AX,55.3337463027206,L1,0.718533955114372,L2,0.391552356...
GetData ===>> H2,-0.243495784366967,H1,234.559006396904,AX,55.0806424022738,L1,0.72742610981676,L2,0.2960615895...
GetData ===>> H2,-0.152398353114054,H1,234.513156347006,AX,55.0386013802636,L1,0.706748244146412,L2,0.344434425...
GetData ===>> H2,-0.130375301391427,H1,234.4069878234,AX,55.1186938429859,L1,0.688027829069799,L2,0.20141635041...
GetData ===>> H2,-0.147606900777203,H1,234.185870112213,AX,55.2888513354068,L1,0.682838117679174,L2,0.232835372...
15:09:02 -- collecting point 25
GetData ===>> H2,-0.147805455991777,H1,234.576908674205,AX,55.0577308193033,L1,0.70035747031614,L2,0.2482462154...
GetData ===>> H2,-0.0922696392237192,H1,234.495777302303,AX,54.988549242666,L1,0.710287391180614,L2,0.327458919...
GetData ===>> H2,-0.192125909298243,H1,234.095595539101,AX,55.022939503368,L1,0.70967984949285,L2,0.44517178053...
GetData ===>> H2,-0.179098180139244,H1,234.265273830059,AX,54.8613980065507,L1,0.686920936836867,L2,0.295251398...
GetData ===>> H2,-0.182791274691575,H1,234.131880773944,AX,54.9807082205074,L1,0.707853710350012,L2,0.280726176...
GetData ===>> H2,-0.134767724173062,H1,234.128620102773,AX,54.9449165652184,L1,0.691380246158199,L2,0.345028108...
GetData ===>> H2,-0.179366735844555,H1,234.108953600568,AX,54.9531272098935,L1,0.686564820517446,L2,0.329958821...
GetData ===>> H2,-0.208782643287199,H1,233.973993273354,AX,55.0094412010922,L1,0.675882961777669,L2,0.332995320...
GetData ===>> H2,-0.240638460711413,H1,233.808141943164,AX,54.6929625102159,L1,0.675525644648953,L2,0.296643562...
GetData ===>> H2,-0.167162678063814,H1,233.576482486245,AX,54.7535702462663,L1,0.66849966001271,L2,0.2437482759...
GetData ===>> H2,-0.111514358958892,H1,233.619159146439,AX,54.8659761766262,L1,0.672003997778616,L2,0.250997597...
GetData ===>> H2,-0.124419040607458,H1,233.453225689186,AX,54.8754600633267,L1,0.717668136291318,L2,0.285963218...
GetData ===>> H2,-0.13689327369662,H1,233.355741566031,AX,54.9239164317407,L1,0.688098564971918,L2,0.2757746409...
GetData ===>> H2,-0.250019292451256,H1,233.205186180228,AX,54.8232185813062,L1,0.671739829282524,L2,0.304083992...
GetData ===>> H2,-0.19097871171035,H1,232.853613148068,AX,54.9325272488854,L1,0.699460071026115,L2,0.3568911311...
GetData ===>> H2,-0.186333462464589,H1,232.87067141031,AX,54.8072636719063,L1,0.687264656471537,L2,0.3785086717...
GetData ===>> H2,-0.104187934773062,H1,233.207200532464,AX,54.8215233682305,L1,0.722570836838331,L2,0.279961752...
GetData ===>> H2,-0.267287614716618,H1,233.098679292466,AX,54.709601073259,L1,0.71818488608024,L2,0.36248632892...
GetData ===>> H2,-0.283177358884599,H1,232.997138958838,AX,54.6515456787725,L1,0.695874996998984,L2,0.221341639...
GetData ===>> H2,-0.117274435511867,H1,232.742695528401,AX,54.7383969751702,L1,0.65925342998586,L2,0.2881767813...
GetData ===>> H2,-0.210346737134486,H1,232.917052935019,AX,54.5886253985225,L1,0.67363008394334,L2,0.3256782066...
GetData ===>> H2,-0.263718284350928,H1,232.962347882438,AX,54.5811246270708,L1,0.695889899951,L2,0.279379881472...
GetData ===>> H2,-0.149287081386727,H1,233.056926589636,AX,54.4714931676738,L1,0.655923618310104,L2,0.316991999...
GetData ===>> H2,-0.0902820409533492,H1,232.790269337321,AX,54.6978201469094,L1,0.668896411833873,L2,0.37974214...
GetData ===>> H2,-0.16734758282936,H1,232.506066073253,AX,54.7237158805867,L1,0.704387410603263,L2,0.2756263270...
15:09:28 -- collecting point 50
GetData ===>> H2,-0.17173042670304,H1,232.376382280795,AX,54.736539453733,L1,0.706770600728331,L2,0.30812397743...
GetData ===>> H2,-0.203268194308818,H1,232.45694733852,AX,54.6037917036188,L1,0.672187555424154,L2,0.3432699031...
GetData ===>> H2,-0.18048407512221,H1,232.284769088494,AX,54.4331846951111,L1,0.659670888433824,L2,0.2454378325...
GetData ===>> H2,-0.340440245601067,H1,232.076820198311,AX,54.4503181137796,L1,0.67265266530556,L2,0.3445485948...
GetData ===>> H2,-0.196739558060698,H1,231.915852243219,AX,54.4049805605487,L1,0.682376714657108,L2,0.346854849...
GetData ===>> H2,-0.171464643648769,H1,231.932436386776,AX,54.413827064752,L1,0.662039693995196,L2,0.2545710865...
GetData ===>> H2,-0.117458449941647,H1,232.112395764168,AX,54.4315071126822,L1,0.65448961146272,L2,0.3109086990...
GetData ===>> H2,-0.167443408199456,H1,231.832023944793,AX,54.4198388901279,L1,0.656647513644977,L2,0.299473596...
GetData ===>> H2,-0.300203494690142,H1,231.790287370691,AX,54.6376068782568,L1,0.667331809653367,L2,0.391095455...
GetData ===>> H2,-0.328191017644112,H1,231.789901163238,AX,54.4752262848635,L1,0.667700003101086,L2,0.352278193...
GetData ===>> H2,-0.341778128594769,H1,231.70845256998,AX,54.4423746847133,L1,0.670669581418268,L2,0.2284865382...
GetData ===>> H2,-0.258928705472518,H1,231.417688386167,AX,54.2044117769231,L1,0.685703739395452,L2,0.329890330...
GetData ===>> H2,-0.177280200922216,H1,231.308845496344,AX,54.3980047335847,L1,0.669870997716816,L2,0.308614721...
GetData ===>> H2,-0.114489500154935,H1,231.114541659179,AX,54.3344239858906,L1,0.689728105694286,L2,0.155350718...
GetData ===>> H2,0.0118693362327139,H1,231.211403794017,AX,54.2799328148694,L1,0.669676321230495,L2,0.262929222...
GetData ===>> H2,-0.148108009633279,H1,231.359427978753,AX,54.4291021224199,L1,0.684789383937352,L2,0.331705367...
GetData ===>> H2,-0.188194487856954,H1,231.252439571724,AX,54.202958472379,L1,0.689860912708998,L2,0.2474927387...
GetData ===>> H2,-0.170162621327419,H1,231.23187174343,AX,54.3795874597106,L1,0.670364525130224,L2,0.2867847408...
GetData ===>> H2,-0.112418624442554,H1,230.941795190247,AX,54.231182309369,L1,0.634944366519984,L2,0.3383493823...
GetData ===>> H2,-0.184306214929321,H1,231.012612635164,AX,54.2359882666852,L1,0.64350996642786,L2,0.2928322770...
GetData ===>> H2,-0.139641565060159,H1,231.027416317671,AX,54.2685075202307,L1,0.675339546835988,L2,0.287081403...
GetData ===>> H2,-0.030854269317162,H1,230.800728624849,AX,54.1584036473749,L1,0.689257709423143,L2,0.235654800...
GetData ===>> H2,-0.113463584093914,H1,230.850462586524,AX,54.3078142871257,L1,0.662980180119516,L2,0.283430234...
GetData ===>> H2,-0.0795264963781916,H1,230.570228228131,AX,54.1137314014785,L1,0.660910975102196,L2,0.38336272...
GetData ===>> H2,-0.176626898800509,H1,230.676110189654,AX,54.1510955104395,L1,0.683763466006555,L2,0.345370620...
15:09:54 -- collecting point 75
GetData ===>> H2,-0.123358860826897,H1,230.411459213605,AX,54.0666628469781,L1,0.683320628194745,L2,0.226226592...
GetData ===>> H2,-0.0668977651235475,H1,230.188103115564,AX,54.1225489716347,L1,0.691886739894868,L2,0.21105894...
GetData ===>> H2,-0.191802387086624,H1,230.552953039479,AX,54.2403938905933,L1,0.682748812272619,L2,0.286727690...
GetData ===>> H2,-0.127859885766763,H1,230.221549587901,AX,54.2328584400735,L1,0.691597489229842,L2,0.235894512...
GetData ===>> H2,-0.235649083991708,H1,230.255103879538,AX,54.0555599151515,L1,0.65661280518421,L2,0.2797906136...
GetData ===>> H2,-0.119517584478826,H1,229.99169607033,AX,54.0315637733624,L1,0.671010610213562,L2,0.3407468202...
GetData ===>> H2,-0.0807472760617759,H1,229.946557400511,AX,54.1434172407794,L1,0.657238220909081,L2,0.38019899...
GetData ===>> H2,-0.105224541448761,H1,230.155610639718,AX,53.9798225673031,L1,0.670399246533114,L2,0.213398415...
GetData ===>> H2,-0.16979829813095,H1,230.203261110398,AX,54.0164777732838,L1,0.660328698212468,L2,0.3017331191...
GetData ===>> H2,-0.175491629228877,H1,229.978930170647,AX,54.0349724551435,L1,0.641643193393575,L2,0.339628008...
GetData ===>> H2,-0.219552367444166,H1,229.640417096812,AX,53.9625654703855,L1,0.64577455968288,L2,0.3062180876...
GetData ===>> H2,-0.292427990096353,H1,229.653225457623,AX,53.7982271314805,L1,0.66251426332114,L2,0.2723977033...
GetData ===>> H2,-0.274413485304914,H1,229.495450607761,AX,53.7252974487876,L1,0.677458833846967,L2,0.286613589...
GetData ===>> H2,-0.264680972051201,H1,229.209164951598,AX,53.8845904034241,L1,0.661256639994755,L2,0.361881118...
GetData ===>> H2,-0.167641804628934,H1,229.529298186662,AX,53.8165994744135,L1,0.647326258079863,L2,0.265473071...
GetData ===>> H2,-0.21888543975767,H1,229.360835176943,AX,53.7318861635382,L1,0.64748726160147,L2,0.30393563469...
GetData ===>> H2,-0.200329291108204,H1,229.348192112474,AX,53.6928475767321,L1,0.68737137317867,L2,0.4112925873...
GetData ===>> H2,-0.180554242508441,H1,229.225643797316,AX,53.8584618467969,L1,0.69281040952863,L2,0.3175398578...
GetData ===>> H2,-0.213656082972434,H1,229.040277721415,AX,53.6947126225631,L1,0.680827691175088,L2,0.316352835...
GetData ===>> H2,-0.149393772552146,H1,228.983833344733,AX,53.753780557304,L1,0.677963411069607,L2,0.3761902339...
GetData ===>> H2,-0.146180442744094,H1,229.166387268295,AX,53.7654271894983,L1,0.682967115729883,L2,0.232013530...
GetData ===>> H2,-0.207202163369341,H1,228.916662158955,AX,53.7897450889034,L1,0.668795982599038,L2,0.277543017...
GetData ===>> H2,-0.150795520184998,H1,228.90755759726,AX,53.7007964191379,L1,0.684097157361031,L2,0.3132027312...
GetData ===>> H2,-0.20794459875082,H1,228.906253323711,AX,53.6823979174291,L1,0.675812241788944,L2,0.2852215718...
GetData ===>> H2,-0.249870002905443,H1,228.660229214494,AX,53.7352399512068,L1,0.650258151410537,L2,0.366814267...
15:10:21 -- collecting point 100
GetData ===>> H2,-0.192446726358312,H1,228.583830521713,AX,53.6070857360238,L1,0.63057451053858,L2,0.3401645798...
GetData ===>> H2,-0.0694178521089365,H1,228.726940632466,AX,53.5491161246849,L1,0.672991278374942,L2,0.32445683...
GetData ===>> H2,-0.0769720550373943,H1,228.830209983473,AX,53.4787841179397,L1,0.666518606998756,L2,0.28223222...
GetData ===>> H2,-0.103725085060817,H1,228.604754413231,AX,53.4056821855574,L1,0.644369190845814,L2,0.332892580...
GetData ===>> H2,-0.104800978608704,H1,228.356741123513,AX,53.5413208123556,L1,0.699698376993836,L2,0.410058703...
GetData ===>> H2,-0.142413514972103,H1,228.024162050242,AX,53.6743466550738,L1,0.692999126304375,L2,0.233976830...
GetData ===>> H2,-0.157238178927132,H1,228.165608664248,AX,53.5208464851982,L1,0.689054167226507,L2,0.239159225...
GetData ===>> H2,-0.208184431344042,H1,227.920585788625,AX,53.5698164496081,L1,0.657660552605043,L2,0.301904297...
GetData ===>> H2,-0.165919553816999,H1,227.969040946645,AX,53.4887068302162,L1,0.662482046441633,L2,0.277930923...
GetData ===>> H2,-0.220254283172779,H1,227.790512781603,AX,53.3234771943446,L1,0.678367586389151,L2,0.203196448...
GetData ===>> H2,-0.103278457813089,H1,227.837046177356,AX,53.392116131557,L1,0.680663996794382,L2,0.1346181518...
GetData ===>> H2,-0.209732441834947,H1,227.865560767076,AX,53.4293302711133,L1,0.671455824624042,L2,0.203766999...
GetData ===>> H2,-0.181753767679495,H1,227.679117952177,AX,53.5643896734001,L1,0.653701425723363,L2,0.370046074...
GetData ===>> H2,-0.173078134117623,H1,227.781763332784,AX,53.4607744260755,L1,0.667666530431031,L2,0.343384071...
GetData ===>> H2,-0.196201404492269,H1,227.388671427214,AX,53.3283250877417,L1,0.62836923607524,L2,0.4410591273...
GetData ===>> H2,-0.187429886194067,H1,227.50821785422,AX,53.4807508518059,L1,0.642722612769857,L2,0.2278473562...
GetData ===>> H2,-0.184554413770495,H1,227.341684181947,AX,53.3599592889259,L1,0.668106642656456,L2,0.265541517...
GetData ===>> H2,0.00505811592425538,H1,227.332792421876,AX,53.3684012680786,L1,0.654017436414983,L2,0.33888594...
GetData ===>> H2,-0.0322395712323499,H1,226.991145509958,AX,53.1635684194383,L1,0.672208639955621,L2,0.40440360...
GetData ===>> H2,-0.133358584449009,H1,227.087406014735,AX,53.1438791154741,L1,0.697975746138712,L2,0.217746563...
GetData ===>> H2,-0.136130717766332,H1,227.105279268776,AX,53.1338067277591,L1,0.682297335553551,L2,0.315622367...
measurement finished
estimated time: 125.829 actual time: :126.125
flush and close file /Users/jan/PychronDev/data/isotopes/ee/1640fe-8789-4e76-89c7-f327f2d328c4.h5
baselines () {'settling_time': 15.0, 'detector': 'H1', 'mass': 34.2, 'ncounts': 60}
%%%%%%%%%%%%%%%%%%%%%%%%%%%%%%%% Baseline
build tables- baseline [Detector(H2), Detector(H1), Detector(AX), Detector(L1), Detector(L2), Detector(CDD)]
add group baseline table H2
add group baseline table H1
add group baseline table AX
add group baseline table L1
add group baseline table L2
add group baseline table CDD
flush and close file /Users/jan/PychronDev/data/isotopes/ee/1640fe-8789-4e76-89c7-f327f2d328c4.h5
detector Detector(H1)
POSITION 34.2 H1
Mapping mass to dac mass func: "parabolic"
H1 map mass coeffs = [-0.00063987  0.15840543  0.57115999]
H1 map mass to dac 34.2 >> 5.24020599104
GetDeflection H1 ===>> 0
GetHighVoltage ===>> 4500
positioning 34.2 (5.24020599104) on H1
setting magnet DAC
current  : 5.879550
requested: 5.240206
Delta Dac: 0.639344
Checking detector protection. dv=0.63934
Checking detector "CDD". Protection Threshold: 0.1 (V)
ProtectDetector CDD,On ===>> OK
GetDeflection CDD ===>> 2000
Protected = 2000
SetMagnetDAC 5.24020599104 ===>> OK
Magnet settling time: 0.500
GetMagnetMoving ===>> True
GetMagnetMoving ===>> True
GetMagnetMoving ===>> True
GetMagnetMoving ===>> True
GetMagnetMoving ===>> True
GetMagnetMoving ===>> True
GetMagnetMoving ===>> True
GetMagnetMoving ===>> True
GetMagnetMoving ===>> False
ProtectDetector CDD,Off ===>> OK
GetDeflection CDD ===>> 50
Delaying 15.0s for detectors to settle
Join finished
measuring baseline. ncounts=60
"baseline" increment series count="2" fit count="1" regressing="True"
starting measurement
GetData ===>> H2,-0.0867801492983063,H1,0.0205882659651603,AX,-0.0432840817895919,L1,-0.0369131135633531,L2,-0....
GetData ===>> H2,-0.0914946933671294,H1,-0.00719526305690261,AX,0.0892725753499176,L1,-0.0737592512485085,L2,-0...
GetData ===>> H2,-0.143597232538694,H1,0.0043872288906456,AX,-0.0243349901170386,L1,-0.0622397806384196,L2,-0.0...
GetData ===>> H2,-0.160263709094986,H1,-0.0410046551859054,AX,-0.0669826481915971,L1,-0.042390596316283,L2,0.03...
GetData ===>> H2,-0.251365499083477,H1,-0.0651591509779557,AX,0.0137134931141647,L1,-0.022495652671607,L2,-0.01...
GetData ===>> H2,-0.155048217800456,H1,-0.0908213850485005,AX,-0.0847296047741098,L1,-0.0163866474528116,L2,-0....
GetData ===>> H2,-0.159572230546613,H1,-0.00389122844917085,AX,-0.0891455554182043,L1,-0.0703113724171717,L2,-0...
GetData ===>> H2,-0.108619239779281,H1,-0.0655048541549295,AX,-0.0899684532000849,L1,-0.0562626217458881,L2,-0....
GetData ===>> H2,-0.264425518238962,H1,0.000736988963035046,AX,-0.0836284835002851,L1,-0.00148808541499938,L2,-...
GetData ===>> H2,-0.296521736245418,H1,0.0319472574748627,AX,-0.118672798433142,L1,-0.0210595606520618,L2,0.105...
GetData ===>> H2,-0.221151486257777,H1,-0.0558962452965826,AX,-0.222148633724547,L1,-0.028572199713904,L2,-0.01...
GetData ===>> H2,-0.201295977941626,H1,-0.0370101368256879,AX,-0.0692200326535768,L1,-0.0103220812793416,L2,-0....
GetData ===>> H2,-0.194100542284322,H1,-0.0251091042519079,AX,-0.058855756816209,L1,-0.0314492200375915,L2,0.03...
GetData ===>> H2,-0.175035329491357,H1,-0.0755893246968452,AX,-0.0716776184723064,L1,-0.0188930473136507,L2,-0....
GetData ===>> H2,-0.228816569812676,H1,-0.0246559307546022,AX,-0.0850309621087128,L1,-0.0191424539067665,L2,0.0...
GetData ===>> H2,-0.29071891432254,H1,-0.0346252737380535,AX,-0.0618932763920686,L1,-0.0169023692541669,L2,0.10...
GetData ===>> H2,-0.228252504263605,H1,0.0211848195873056,AX,-0.0416838727388667,L1,-0.0115796804729529,L2,0.06...
GetData ===>> H2,-0.13748273216214,H1,0.0593239042581796,AX,-0.149516233168711,L1,-0.0404900455911194,L2,-0.041...
GetData ===>> H2,-0.146387128177508,H1,-0.0377971291735999,AX,-0.115231505039712,L1,-0.0727542900169366,L2,-0.0...
GetData ===>> H2,-0.160995657996064,H1,-0.0388822145348964,AX,-0.128335577528394,L1,-0.0649908299020102,L2,0.01...
GetData ===>> H2,-0.135472228409851,H1,-0.125687365052029,AX,-0.188104966541486,L1,0.0139771977275065,L2,0.0623...
GetData ===>> H2,-0.161962514330975,H1,-0.0345418025006648,AX,-0.054484808450165,L1,-0.0109371136731845,L2,-0.0...
GetData ===>> H2,-0.171418771830682,H1,-0.00656309158724151,AX,-0.0309919457680661,L1,0.00727380166776142,L2,-0...
GetData ===>> H2,-0.189107357292694,H1,-0.0291160227379404,AX,-0.0330678022197458,L1,-0.0217872222146713,L2,-0....
15:11:26 -- collecting point 25
GetData ===>> H2,-0.207692634311987,H1,0.00103520618621751,AX,-0.0739728548319526,L1,-0.0115712890067368,L2,-0....
GetData ===>> H2,-0.116450393141155,H1,0.0287136318211314,AX,-0.0478990300894629,L1,-0.0107836588168611,L2,0.00...
GetData ===>> H2,-0.221659330911795,H1,0.024048326457682,AX,-0.00726141283256492,L1,-0.00899957440419199,L2,-0....
GetData ===>> H2,-0.208422911519806,H1,0.0136565735149087,AX,-0.0202408522468772,L1,-0.0191664349841207,L2,0.05...
GetData ===>> H2,-0.220609939762805,H1,0.0524372688380794,AX,-0.023094009008768,L1,-0.020823388995844,L2,-0.052...
GetData ===>> H2,-0.233516469735043,H1,0.031207451985771,AX,-0.107154994978375,L1,-0.0136126066741763,L2,-0.097...
GetData ===>> H2,-0.221508461672999,H1,-0.0658267146599332,AX,-0.137967934514911,L1,-0.0134783694940199,L2,-0.0...
GetData ===>> H2,-0.295297794933426,H1,-0.105514907723969,AX,-0.0286261112458745,L1,-0.0486669250849738,L2,0.04...
GetData ===>> H2,-0.207843544168846,H1,-0.0171901983346821,AX,-0.0794441090090624,L1,-0.0432551261558639,L2,-0....
GetData ===>> H2,-0.177139825132989,H1,0.0304199231175197,AX,-0.0217602266241558,L1,-0.0181148110360407,L2,-0.0...
GetData ===>> H2,-0.204544626790672,H1,0.0256590850664874,AX,-0.0941871437925798,L1,-0.0266577226340326,L2,0.01...
GetData ===>> H2,-0.27984321563487,H1,-0.0425189533050261,AX,-0.0452669130243657,L1,-0.026231168708197,L2,-0.09...
GetData ===>> H2,-0.265527961723701,H1,0.00603345907583837,AX,-0.147591611938823,L1,-0.00921780600446598,L2,-0....
GetData ===>> H2,-0.190513598477439,H1,-0.0548113443960883,AX,-0.0450697912598446,L1,0.00619159441340038,L2,-0....
GetData ===>> H2,-0.128772312134044,H1,-0.0277565505174991,AX,-0.0117040788766281,L1,0.0231615456859204,L2,-0.0...
GetData ===>> H2,-0.0594658721367172,H1,0.0154341907063095,AX,-0.119321648193499,L1,0.00812333182569806,L2,-0.0...
GetData ===>> H2,-0.159140035028463,H1,-0.082967271037959,AX,-0.0913708404247047,L1,-0.00513057397525911,L2,-0....
GetData ===>> H2,-0.233145071136939,H1,0.0218171703079808,AX,-0.0993095936014567,L1,0.00437793819635249,L2,-0.0...
GetData ===>> H2,-0.250024672217852,H1,-0.0627153530791123,AX,-0.145052444944367,L1,-0.0293915516148736,L2,-0.0...
GetData ===>> H2,-0.302451673624307,H1,0.0129049730561938,AX,-0.121314516826959,L1,-0.0297508954224676,L2,0.039...
GetData ===>> H2,-0.147358364180345,H1,-0.0557174162874262,AX,-0.126713595315415,L1,-0.0390287603155444,L2,0.02...
GetData ===>> H2,-0.201429447039357,H1,0.0072263964171039,AX,0.00932787912878761,L1,-0.00351345250765103,L2,0.0...
GetData ===>> H2,-0.250890781204501,H1,0.00411285982522283,AX,-0.0593890686421177,L1,-0.00754977294203691,L2,0....
GetData ===>> H2,-0.328129342446178,H1,0.0293579621800212,AX,-0.0843818836128331,L1,-0.0237949115226942,L2,0.04...
GetData ===>> H2,-0.261686420962451,H1,-0.000825654761515793,AX,-0.082735986587433,L1,-0.0546154358064866,L2,-0...
15:11:52 -- collecting point 50
GetData ===>> H2,-0.237544552599368,H1,-0.0609748557479638,AX,-0.0840805242678614,L1,-0.0602214664288844,L2,0.0...
GetData ===>> H2,-0.0948474442617845,H1,-0.0505431585668735,AX,-0.10036418214252,L1,-0.0371000176182299,L2,-0.0...
GetData ===>> H2,-0.271588131915788,H1,0.0368038582771792,AX,0.016266057825159,L1,-0.0114598017202042,L2,-0.049...
GetData ===>> H2,-0.231750871799073,H1,-0.0430197397673247,AX,-0.0649538872382326,L1,0.0291680273113643,L2,-0.0...
GetData ===>> H2,-0.152691611864354,H1,-0.100736472485807,AX,-0.0245321538832049,L1,0.00789414361086557,L2,-0.0...
GetData ===>> H2,-0.195750900370161,H1,-0.0401580690865931,AX,0.0235644416432839,L1,0.00733019481138324,L2,0.08...
GetData ===>> H2,-0.217893733108067,H1,0.023988669229147,AX,0.0272080367345447,L1,0.00647833202084513,L2,0.0242...
GetData ===>> H2,-0.217172804777745,H1,-0.0166773560191789,AX,-0.118904530987183,L1,-0.034271541125895,L2,0.000...
GetData ===>> H2,-0.221322566448596,H1,-0.0311790461848148,AX,-0.0865493252496365,L1,-0.0123348837823846,L2,-0....
GetData ===>> H2,-0.142740536057113,H1,-0.0370936060044567,AX,-0.156402818885848,L1,0.0211920799492325,L2,0.000...
GetData ===>> H2,-0.0625248136347216,H1,0.000927847883525246,AX,-0.0575688401568824,L1,-0.00687216798833618,L2,...
measurement finished
estimated time: 62.915 actual time: :63.075
flush and close file /Users/jan/PychronDev/data/isotopes/ee/1640fe-8789-4e76-89c7-f327f2d328c4.h5
activate_detectors ('H1', 'AX', 'CDD') {'peak_center': True}
peak_center () {'detector': 'H1', 'integration_time': 0.262144, 'isotope': 'Ar40'}
peak center: mean=227.408163873 threshold=3
peak center started
setup peak center. detector=['H1', 'AX', 'CDD'], isotope=Ar40
VersionedUnpickler [<apptools.sweet_pickle.versioned_unpickler.VersionedUnpickler object at 0x1c9bb3fb0>] using Updater [<apptools.sweet_pickle.updater.Updater object at 0x1373f1ad0>]
VersionedUnpickler [<apptools.sweet_pickle.versioned_unpickler.VersionedUnpickler object at 0x1c9bb3fb0>] using Updater [<apptools.sweet_pickle.updater.Updater object at 0x1373f1ad0>]
VersionedUnpickler [<apptools.sweet_pickle.versioned_unpickler.VersionedUnpickler object at 0x1dba67ef0>] using Updater [<apptools.sweet_pickle.updater.Updater object at 0x1373f1ad0>]
setting integration time = 0.524288
SetIntegrationTime 0.524288 ===>> OK
Mapping mass to dac mass func: "parabolic"
H1 map mass coeffs = [-0.00063987  0.15840543  0.57115999]
H1 map mass to dac 39.9624 >> 5.87955
GetDeflection H1 ===>> 0
GetHighVoltage ===>> 4500
do peak center. <pychron.spectrometer.jobs.peak_center.PeakCenter object at 0x1376ecfb0>
doing pc
starting peak center. center dac= 5.87955 step_width=0.001
width = 0.001
get scan parameters. half-width=0.015,window=0.015, i=0, scalar=1
Scan parameters center=5.87955 width=0.03000 (5.86455 - 5.89455)
GetData ===>> H2,-0.0982926353179614,H1,0.00717867865052142,AX,-0.0250540560421082,L1,0.0118054571785169,L2,-0....
Moving to starting dac 5.86455
setting magnet DAC
current  : 5.240206
requested: 5.864550
Delta Dac: 0.624344
Checking detector protection. dv=0.62434
Checking detector "CDD". Protection Threshold: 0.1 (V)
ProtectDetector CDD,On ===>> OK
GetDeflection CDD ===>> 2000
Protected = 2000
SetMagnetDAC 5.86455 ===>> OK
Magnet settling time: 0.500
GetMagnetMoving ===>> True
GetMagnetMoving ===>> True
GetMagnetMoving ===>> True
GetMagnetMoving ===>> True
GetMagnetMoving ===>> True
GetMagnetMoving ===>> True
GetMagnetMoving ===>> True
GetMagnetMoving ===>> True
GetMagnetMoving ===>> False
ProtectDetector CDD,Off ===>> OK
GetDeflection CDD ===>> 50
Wait until signal near baseline. tol= 0.00538400898789. timeout= 10
GetData ===>> H2,1.95287074515375,H1,1.12088232308285,AX,-0.0627279979879636,L1,0.00646532958534294,L2,0.007196...
GetData ===>> H2,15.4769898056852,H1,8.32267332643106,AX,0.647312705993294,L1,0.0228368496117288,L2,-0.22742048...
GetData ===>> H2,13.3079439379232,H1,6.97904920907069,AX,1.04376035421545,L1,0.00537707723920941,L2,-0.11023397...
GetData ===>> H2,6.62945241295684,H1,3.32992448501439,AX,0.356226733963557,L1,-0.012609380149026,L2,0.020931202...
GetData ===>> H2,2.66371628254173,H1,1.7879857641345,AX,0.118839646470215,L1,0.00763760956227017,L2,0.036011794...
GetData ===>> H2,0.834115388685961,H1,0.848842874427303,AX,0.0716215875373127,L1,-0.00781120832306144,L2,-0.075...
GetData ===>> H2,0.131666335244718,H1,0.583249933594154,AX,0.0548678096735145,L1,0.0238957720457977,L2,0.062625...
GetData ===>> H2,-0.063973852390437,H1,0.435496724832896,AX,0.0633022697495618,L1,0.0336281770541448,L2,-0.1641...
GetData ===>> H2,-0.0661584518165573,H1,0.285061409269916,AX,-0.0976407707948255,L1,-0.0189267203860903,L2,0.06...
GetData ===>> H2,-0.0845849006374518,H1,0.221728658842602,AX,-0.0538007430607255,L1,-0.0330544740199299,L2,0.00...
GetData ===>> H2,-0.0897006219576748,H1,0.254929795519776,AX,0.000916870778783043,L1,-0.0256279667071213,L2,0.0...
GetData ===>> H2,-0.0757264721351912,H1,0.293276352203997,AX,-0.00209931379282031,L1,-0.0224718957578884,L2,-0....
GetData ===>> H2,-0.0540535089504988,H1,0.262235044352521,AX,0.077322700394904,L1,-0.00835084704057072,L2,0.003...
GetData ===>> H2,-0.0707156554851711,H1,0.0835287501817607,AX,-0.00209931379282031,L1,0.0413251299883458,L2,-0....
GetData ===>> H2,-0.0873150161228302,H1,0.173438377013269,AX,-0.0315370073352627,L1,0.00516375520922572,L2,-0.0...
GetData ===>> H2,-0.091747348927945,H1,0.169502695084112,AX,-0.0960182767334055,L1,-0.0221892857142882,L2,-0.11...
GetData ===>> H2,-0.0887529383687451,H1,0.205812244804649,AX,0.0279739052763237,L1,-0.0142298349478201,L2,-0.07...
GetData ===>> H2,-0.117493628831311,H1,0.172031054807786,AX,-0.131382513848717,L1,-0.0168373563695354,L2,-0.067...
GetData ===>> H2,-0.197455707699852,H1,0.149373503509742,AX,0.0426890344256343,L1,-0.0421032015044147,L2,-0.009...
GetData ===>> H2,-0.295731289356708,H1,0.140621905756855,AX,-0.0287536822213201,L1,-0.0316380451738933,L2,0.169...
GetData ===>> H2,-0.220364738066845,H1,0.163158224281523,AX,-0.0311427077835838,L1,-0.0238034091252685,L2,0.077...
Peak center failed to move to a baseline position
_do_sweep sm= 5.86455, em= 5.89455, stm= 0.001
calculated step values: start=5.86455, end=5.89455, width=0.001, nsteps=31.0
setting magnet DAC
current  : 5.864550
requested: 5.864550
Delta Dac: 0.000000
Checking detector protection. dv=0.00000
Checking detector "CDD". Protection Threshold: 0.1 (V)
SetMagnetDAC 5.86455 ===>> OK
GetData ===>> H2,-0.220364738066845,H1,0.163158224281523,AX,-0.0311427077835838,L1,-0.0238034091252685,L2,0.077...
setting magnet DAC
current  : 5.864550
requested: 5.865584
Delta Dac: 0.001034
Checking detector protection. dv=0.00103
Checking detector "CDD". Protection Threshold: 0.1 (V)
SetMagnetDAC 5.86558448276 ===>> OK
Magnet settling time: 1.049
GetData ===>> H2,-0.248706552760867,H1,0.405439420303711,AX,0.0708800038935166,L1,-0.0429557821365378,L2,-0.101...
setting magnet DAC
current  : 5.865584
requested: 5.866619
Delta Dac: 0.001034
Checking detector protection. dv=0.00103
Checking detector "CDD". Protection Threshold: 0.1 (V)
SetMagnetDAC 5.86661896552 ===>> OK
Magnet settling time: 1.049
GetData ===>> H2,-0.248892174811774,H1,1.29912588088914,AX,0.0404375219717342,L1,-0.0376211740305232,L2,0.10144...
setting magnet DAC
current  : 5.866619
requested: 5.867653
Delta Dac: 0.001034
Checking detector protection. dv=0.00103
Checking detector "CDD". Protection Threshold: 0.1 (V)
SetMagnetDAC 5.86765344828 ===>> OK
Magnet settling time: 1.049
GetData ===>> H2,-0.185909069018008,H1,4.85136705874087,AX,0.681801433556459,L1,-0.0500059582202182,L2,-0.03898...
setting magnet DAC
current  : 5.867653
requested: 5.868688
Delta Dac: 0.001034
Checking detector protection. dv=0.00103
Checking detector "CDD". Protection Threshold: 0.1 (V)
SetMagnetDAC 5.86868793103 ===>> OK
Magnet settling time: 1.049
GetData ===>> H2,-0.246196320109195,H1,16.9858289104344,AX,2.47972031709997,L1,-0.0323654254525475,L2,-0.023180...
setting magnet DAC
current  : 5.868688
requested: 5.869722
Delta Dac: 0.001034
Checking detector protection. dv=0.00103
Checking detector "CDD". Protection Threshold: 0.1 (V)
SetMagnetDAC 5.86972241379 ===>> OK
Magnet settling time: 1.049
GetData ===>> H2,-0.216350524598886,H1,47.1618055887236,AX,7.71925581698508,L1,-0.00750180241014046,L2,-0.06790...
setting magnet DAC
current  : 5.869722
requested: 5.870757
Delta Dac: 0.001034
Checking detector protection. dv=0.00103
Checking detector "CDD". Protection Threshold: 0.1 (V)
SetMagnetDAC 5.87075689655 ===>> OK
Magnet settling time: 1.049
GetData ===>> H2,-0.142867071050362,H1,97.8568773611009,AX,17.5340751328715,L1,0.0949538995723878,L2,-0.0003871...
setting magnet DAC
current  : 5.870757
requested: 5.871791
Delta Dac: 0.001034
Checking detector protection. dv=0.00103
Checking detector "CDD". Protection Threshold: 0.1 (V)
SetMagnetDAC 5.87179137931 ===>> OK
Magnet settling time: 1.049
GetData ===>> H2,-0.264787847324502,H1,152.29580726482,AX,30.3840682083941,L1,0.232252230482664,L2,0.0097020334...
setting magnet DAC
current  : 5.871791
requested: 5.872826
Delta Dac: 0.001034
Checking detector protection. dv=0.00103
Checking detector "CDD". Protection Threshold: 0.1 (V)
SetMagnetDAC 5.87282586207 ===>> OK
Magnet settling time: 1.049
GetData ===>> H2,-0.235797155828723,H1,191.175435755636,AX,40.8848717115639,L1,0.341783205130529,L2,0.075934443...
setting magnet DAC
current  : 5.872826
requested: 5.873860
Delta Dac: 0.001034
Checking detector protection. dv=0.00103
Checking detector "CDD". Protection Threshold: 0.1 (V)
SetMagnetDAC 5.87386034483 ===>> OK
Magnet settling time: 1.049
GetData ===>> H2,-0.255182688413359,H1,209.761492221696,AX,46.9806968699785,L1,0.483929285798105,L2,0.198426773...
setting magnet DAC
current  : 5.873860
requested: 5.874895
Delta Dac: 0.001034
Checking detector protection. dv=0.00103
Checking detector "CDD". Protection Threshold: 0.1 (V)
SetMagnetDAC 5.87489482759 ===>> OK
Magnet settling time: 1.049
GetData ===>> H2,-0.133010415545292,H1,216.01836599273,AX,49.6471476444581,L1,0.464936254869771,L2,0.3213084221...
setting magnet DAC
current  : 5.874895
requested: 5.875929
Delta Dac: 0.001034
Checking detector protection. dv=0.00103
Checking detector "CDD". Protection Threshold: 0.1 (V)
SetMagnetDAC 5.87592931034 ===>> OK
Magnet settling time: 1.049
GetData ===>> H2,-0.163867628047716,H1,217.76615704001,AX,50.580762268286,L1,0.550753830333553,L2,0.38817817664...
setting magnet DAC
current  : 5.875929
requested: 5.876964
Delta Dac: 0.001034
Checking detector protection. dv=0.00103
Checking detector "CDD". Protection Threshold: 0.1 (V)
SetMagnetDAC 5.8769637931 ===>> OK
Magnet settling time: 1.049
GetData ===>> H2,-0.148810957934495,H1,218.36620347135,AX,50.7052511710871,L1,0.604342079520939,L2,0.2009142775...
setting magnet DAC
current  : 5.876964
requested: 5.877998
Delta Dac: 0.001034
Checking detector protection. dv=0.00103
Checking detector "CDD". Protection Threshold: 0.1 (V)
SetMagnetDAC 5.87799827586 ===>> OK
Magnet settling time: 1.049
GetData ===>> H2,-0.202002402548418,H1,218.502323097196,AX,51.1290627655778,L1,0.604305043537824,L2,0.282955236...
setting magnet DAC
current  : 5.877998
requested: 5.879033
Delta Dac: 0.001034
Checking detector protection. dv=0.00103
Checking detector "CDD". Protection Threshold: 0.1 (V)
SetMagnetDAC 5.87903275862 ===>> OK
Magnet settling time: 1.049
GetData ===>> H2,-0.105983016345574,H1,218.171844185091,AX,50.8790836756316,L1,0.615698607685729,L2,0.093736381...
setting magnet DAC
current  : 5.879033
requested: 5.880067
Delta Dac: 0.001034
Checking detector protection. dv=0.00103
Checking detector "CDD". Protection Threshold: 0.1 (V)
SetMagnetDAC 5.88006724138 ===>> OK
Magnet settling time: 1.049
GetData ===>> H2,-0.152143246014593,H1,218.358076005172,AX,50.883294565326,L1,0.673401845995394,L2,0.1842332630...
setting magnet DAC
current  : 5.880067
requested: 5.881102
Delta Dac: 0.001034
Checking detector protection. dv=0.00103
Checking detector "CDD". Protection Threshold: 0.1 (V)
SetMagnetDAC 5.88110172414 ===>> OK
Magnet settling time: 1.049
GetData ===>> H2,-0.176003685654516,H1,218.295809146092,AX,50.8951969581387,L1,0.636717591583308,L2,0.350710764...
setting magnet DAC
current  : 5.881102
requested: 5.882136
Delta Dac: 0.001034
Checking detector protection. dv=0.00103
Checking detector "CDD". Protection Threshold: 0.1 (V)
SetMagnetDAC 5.8821362069 ===>> OK
Magnet settling time: 1.049
GetData ===>> H2,-0.02794730426933,H1,218.149457417295,AX,50.7808413459167,L1,0.602416383735262,L2,0.3083778978...
setting magnet DAC
current  : 5.882136
requested: 5.883171
Delta Dac: 0.001034
Checking detector protection. dv=0.00103
Checking detector "CDD". Protection Threshold: 0.1 (V)
SetMagnetDAC 5.88317068966 ===>> OK
Magnet settling time: 1.049
GetData ===>> H2,0.125709105216688,H1,217.718742735695,AX,50.7213074218334,L1,0.576593466455341,L2,0.2413852300...
setting magnet DAC
current  : 5.883171
requested: 5.884205
Delta Dac: 0.001034
Checking detector protection. dv=0.00103
Checking detector "CDD". Protection Threshold: 0.1 (V)
SetMagnetDAC 5.88420517241 ===>> OK
Magnet settling time: 1.049
GetData ===>> H2,-0.0736931275746451,H1,216.676837304565,AX,49.9576469793429,L1,0.585118541807648,L2,0.28391273...
setting magnet DAC
current  : 5.884205
requested: 5.885240
Delta Dac: 0.001034
Checking detector protection. dv=0.00103
Checking detector "CDD". Protection Threshold: 0.1 (V)
SetMagnetDAC 5.88523965517 ===>> OK
Magnet settling time: 1.049
GetData ===>> H2,-0.134537150394974,H1,211.924848381017,AX,47.8761997133033,L1,0.617698465536527,L2,0.202146642...
setting magnet DAC
current  : 5.885240
requested: 5.886274
Delta Dac: 0.001034
Checking detector protection. dv=0.00103
Checking detector "CDD". Protection Threshold: 0.1 (V)
SetMagnetDAC 5.88627413793 ===>> OK
Magnet settling time: 1.049
GetData ===>> H2,-0.15899011335793,H1,197.36164730793,AX,42.3420448123053,L1,0.586086509625312,L2,0.19587087363...
setting magnet DAC
current  : 5.886274
requested: 5.887309
Delta Dac: 0.001034
Checking detector protection. dv=0.00103
Checking detector "CDD". Protection Threshold: 0.1 (V)
SetMagnetDAC 5.88730862069 ===>> OK
Magnet settling time: 1.049
GetData ===>> H2,-0.0969816112911749,H1,165.827413451555,AX,32.5286444175461,L1,0.483975921190903,L2,0.15576131...
setting magnet DAC
current  : 5.887309
requested: 5.888343
Delta Dac: 0.001034
Checking detector protection. dv=0.00103
Checking detector "CDD". Protection Threshold: 0.1 (V)
SetMagnetDAC 5.88834310345 ===>> OK
Magnet settling time: 1.049
GetData ===>> H2,-0.159870705954609,H1,88.6538565729138,AX,13.8712228126871,L1,0.227595037421686,L2,0.065496434...
setting magnet DAC
current  : 5.888343
requested: 5.889378
Delta Dac: 0.001034
Checking detector protection. dv=0.00103
Checking detector "CDD". Protection Threshold: 0.1 (V)
SetMagnetDAC 5.88937758621 ===>> OK
Magnet settling time: 1.049
GetData ===>> H2,-0.123399430752812,H1,40.8804919156033,AX,5.46943753733196,L1,0.142949102326593,L2,0.037424297...
setting magnet DAC
current  : 5.889378
requested: 5.890412
Delta Dac: 0.001034
Checking detector protection. dv=0.00103
Checking detector "CDD". Protection Threshold: 0.1 (V)
SetMagnetDAC 5.89041206897 ===>> OK
Magnet settling time: 1.049
GetData ===>> H2,-0.117317733293055,H1,14.6942888699332,AX,1.41741703320714,L1,0.0844110988685516,L2,-0.2330882...
setting magnet DAC
current  : 5.890412
requested: 5.891447
Delta Dac: 0.001034
Checking detector protection. dv=0.00103
Checking detector "CDD". Protection Threshold: 0.1 (V)
SetMagnetDAC 5.89144655172 ===>> OK
Magnet settling time: 1.049
GetData ===>> H2,-0.152707828716758,H1,4.33785027434184,AX,0.361944522143347,L1,0.0830085187431262,L2,0.0330957...
setting magnet DAC
current  : 5.891447
requested: 5.892481
Delta Dac: 0.001034
Checking detector protection. dv=0.00103
Checking detector "CDD". Protection Threshold: 0.1 (V)
SetMagnetDAC 5.89248103448 ===>> OK
Magnet settling time: 1.049
GetData ===>> H2,-0.0632235577809826,H1,0.996078295949254,AX,0.0514634663740547,L1,0.0614341611203316,L2,-0.025...
setting magnet DAC
current  : 5.892481
requested: 5.893516
Delta Dac: 0.001034
Checking detector protection. dv=0.00103
Checking detector "CDD". Protection Threshold: 0.1 (V)
SetMagnetDAC 5.89351551724 ===>> OK
Magnet settling time: 1.049
GetData ===>> H2,-0.1954568490831,H1,0.232325094753461,AX,-0.0661363701930792,L1,0.0362268350465956,L2,0.088447...
setting magnet DAC
current  : 5.893516
requested: 5.894550
Delta Dac: 0.001034
Checking detector protection. dv=0.00103
Checking detector "CDD". Protection Threshold: 0.1 (V)
SetMagnetDAC 5.89455 ===>> OK
Magnet settling time: 1.049
GetData ===>> H2,-0.199338250238197,H1,-0.00261491151152242,AX,-0.143615639505059,L1,-0.011007845983255,L2,-0.1...
result of _do_sweep=True
result of _calculate_peak_center=([5.8720671031718599, 5.8797293241655719, 5.887391545159284], [162.65851385657001, 218.49714018559069, 159.64115638711104], 5.8779588867389947, 218.49714018559069)
Failed to find a valid peak. No peak greater than 1.0. max = 0.0207886794277
new center pos Detector(H1) (Ar40) @ 5.87972932417
GetHighVoltage ===>> 4500
GetDeflection H1 ===>> 0
dac uncorrected for HV and deflection 5.87972932417
update mftable H1 Ar40 5.87972932417 message=automated run peakcenter
get initial guess parabolic
get initial guess parabolic
get initial guess parabolic
get initial guess parabolic
get initial guess parabolic
get initial guess parabolic
dump mftable to /Users/jan/PychronDev/setupfiles/spectrometer/mftables/mftable.csv
add to repo msg=modified - automated run peakcenter
locally archiving mftable
setting magnet DAC
current  : 5.894550
requested: 5.879729
Delta Dac: 0.014821
Checking detector protection. dv=0.01482
Checking detector "CDD". Protection Threshold: 0.1 (V)
SetMagnetDAC 5.87972932417 ===>> OK
Magnet settling time: 0.500
sweep finished
setting integration time = 1.048576
SetIntegrationTime 1.048576 ===>> OK
Failed to find a valid peak. No peak greater than 1.0. max = 0.0208316386922
flush and close file /Users/jan/PychronDev/data/isotopes/ee/1640fe-8789-4e76-89c7-f327f2d328c4.h5
finished measure script
executed snippet estimated_duration=226.132928, duration=272.896022797
jan_unknown120_60.py completed successfully
Measurement Finished
15:12:50 -- ******* Measurement Finished *******
Post Measurement Started jan_pump_ms.py
15:12:50 -- ******* Post Measurement Started jan_pump_ms.py *******
testing...
no interpolation path defined
executed snippet estimated_duration=0, duration=2.8133392334e-05
Pumping spectrometer
open () {'name': 'O'}
opening name=O desc=---
checking ownership. requestor=129.138.12.150
check software interlocks O
interlocks []
actuate state mode=None-script, software_lock=False
doing actuation None-script open_channel True
Open O ===>> OK
GetIndicatorState O ===>> OK
change switch state (True, True)
update switch state O True args=() kw={} ncanvase=2
15:12:50 -- OPEN   VALVE-O (Jan Ion Pump)
---------------------------------------- open O () result=[(True, True)], time=0.09 sec
action=open, ok=True, locked=[False]
executed snippet estimated_duration=0, duration=0.345527887344
jan_pump_ms.py completed successfully
setting _ms_pumptime
Post Measurement Finished
15:12:51 -- ******* Post Measurement Finished *******
$$$$$$$$$$$$$$$$$$$$ state at run end measurement
state changed from measurement to success
post measurement save measured=True aborted=False
Set filtering
setting fod for Ar40= {'filter_outliers': True, 'std_devs': 2, 'iterations': 1}
setting fod for H1= {'filter_outliers': True, 'std_devs': 2, 'iterations': 1}
setting fod for PM41= {'filter_outliers': False, 'std_devs': 2, 'iterations': 1}
setting fod for H2= {'filter_outliers': True, 'std_devs': 2, 'iterations': 1}
setting fod for Ar36= {'filter_outliers': True, 'std_devs': 2, 'iterations': 1}
setting fod for CDD= {'filter_outliers': True, 'std_devs': 10, 'iterations': 1}
setting fod for Ar37= {'filter_outliers': True, 'std_devs': 2, 'iterations': 1}
setting fod for L2= {'filter_outliers': True, 'std_devs': 2, 'iterations': 1}
setting fod for Ar38= {'filter_outliers': True, 'std_devs': 2, 'iterations': 1}
setting fod for L1= {'filter_outliers': True, 'std_devs': 2, 'iterations': 1}
setting fod for Ar39= {'filter_outliers': True, 'std_devs': 2, 'iterations': 1}
setting fod for AX= {'filter_outliers': True, 'std_devs': 2, 'iterations': 1}
persistence save...
persistence save - db
post measurement save
7954174128 connecting to database sqlite:////Users/jan/PychronDev/.appdata/local_lab.db
connected to db sqlite:////Users/jan/PychronDev/.appdata/local_lab.db
create new session 7954174128
close session 7954174128
No database instance. Not saving post measurement to isotopedb database
$$$$$$$$$$$$$$$ auto_save_detector_ic=False
massspec enabled True
create new session 4985911824
MassSpec Database Version: 16.0
close session 4985911824
saving post measurement to secondary database
saving to massspec database 129.138.12.160/massspecdata
setting labnumber to 65555
setting aliquot to 2
setting step to A
setting uuid to ee1640fe-8789-4e76-89c7-f327f2d328c4
setting irradpos to 65555
setting extract_device to Fusions CO2
setting tray to 
setting position to 188
setting power_requested to 0.3
setting extract_value to 0.3
setting duration to 30.0
setting duration_at_request to 30.0
setting first_stage_delay to 30.0
setting cleanup to 30.0
setting comment to N:14 without inclusions
setting irradiation to NM-289
setting level to N
setting irradiation_level to N
setting sample to Bw-2014-7 WO
setting material to Sanidine
setting project to Bustos Wells
setting mass_spectrometer to Jan
no attribute chron_dosages
no attribute production_ratios
no attribute interference_corrections
no attribute production_name
no attribute j
Reference Isotope=Ar40
Reference Detector=H1
%%%%%%%%%%%%%%%%%%%% Comment: N:14 without inclusions %%%%%%%%%%%%%%%%%%%
adding isotope PM41 H2
add baseline dbdet= PM41. original det= H2
get baseline data PM41 H2
Get data baseline <pychron.processing.isotope.Baseline object at 0x1c9eaefd0> len t=60
baseline PM41. v=-0.198748396127, e=0.00726422634597
get signal data PM41 H2
Get data signal PM41 0.01+/-0.07 len t=120
adding isotope Ar40 H1
add baseline dbdet= Ar40. original det= H1
get baseline data Ar40 H1
Get data baseline <pychron.processing.isotope.Baseline object at 0x1c9eae810> len t=60
baseline Ar40. v=-0.0165538147263, e=0.00501243279197
get signal data Ar40 H1
Get data signal Ar40 237.222+/-0.026 len t=120
adding isotope Ar39 AX
add baseline dbdet= Ar39. original det= AX
get baseline data Ar39 AX
Get data baseline <pychron.processing.isotope.Baseline object at 0x1c9eae710> len t=60
baseline Ar39. v=-0.0688568949749, e=0.00615762942473
get signal data Ar39 AX
Get data signal Ar39 55.856+/-0.018 len t=120
adding isotope Ar38 L1
add baseline dbdet= Ar38. original det= L1
get baseline data Ar38 L1
Get data baseline <pychron.processing.isotope.Baseline object at 0x1c9eae8d0> len t=60
baseline Ar38. v=-0.0188199335121, e=0.00276739593745
get signal data Ar38 L1
Get data signal Ar38 0.730+/-0.004 len t=120
adding isotope Ar37 L2
add baseline dbdet= Ar37. original det= L2
get baseline data Ar37 L2
Get data baseline <pychron.processing.isotope.Baseline object at 0x1c9eaead0> len t=60
baseline Ar37. v=-0.0247314022372, e=0.00664719442114
get signal data Ar37 L2
Get data signal Ar37 0.328+/-0.011 len t=120
adding isotope Ar36 CDD
add baseline dbdet= Ar36. original det= CDD
get baseline data Ar36 CDD
Get data baseline <pychron.processing.isotope.Baseline object at 0x1c9eaea90> len t=60
baseline Ar36. v=8.43570681932e-05, e=2.40940680909e-05
get signal data Ar36 CDD
Get data signal Ar36 0.01438+/-0.00031 len t=120
65555-02A added analysis time 0.52895116806s
analysis added to mass spec database
mass spec save time= 0.537
persistence save - dvc
================= post measurement started
create new session 4991427888
close session 4991427888
---------------- Experiment Queue saving disabled
DVC saving peakcenter
Failed to find a valid peak. No peak greater than 1.0. max = 0.0208316386922
Smart pull ahead: 0 behind: 0
Up-to-date with origin
add to repo msg=modified - ad8224ebc6dbfeb9f5997218dfa5fe690569839d.json
add to repo msg=modified - 55-02A.json
add to repo msg=modified - 55-02A.dat.json
add to repo msg=modified - 55-02A.blan.json
add to repo msg=modified - 55-02A.inte.json
add to repo msg=modified - 55-02A.icfa.json
add to repo msg=modified - 55-02A.base.json
not at valid file /Users/jan/PychronDev/data/.dvc/repositories/Load1786/655/tags/55-02A.tags.json
add to repo msg=modified - 55-02A.peak.json
add to repo msg=modified - 55-02A.extr.json
not at valid file /Users/jan/PychronDev/data/.dvc/repositories/Load1786/655/monitor/55-02A.moni.json
commit message=<COLLECTION>
add to repo msg=modified - 55-02A.inte.json
add to repo msg=modified - 55-02A.base.json
commit message=<ISOEVO> default collection fits
add to repo msg=modified - 55-02A.blan.json
commit message=<BLANKS> preceding bc-02-J-326
add to repo msg=modified - 55-02A.icfa.json
commit message=<ICFactor> default
push repository <pychron.git_archive.repo_manager.GitRepoManager object at 0x1d613e590>
pushing to remote=origin, url=https://github.com
no changes to meta repo
create new session 4991427888
add association Load1786
get identifier "65555"
setting analysis irradiation position=<pychron.dvc.dvc_orm.IrradiationPositionTbl object at 0x1b1d4c5d0>
close session 4991427888
================= post measurement finished
15:13:06 -- ******* Post Run Check *******
loading queue conditionals post_run_actions
loading system conditionals post_run_actions
loading conditionals from /Users/jan/PychronDev/setupfiles/spectrometer/default_conditionals.yaml
loading queue conditionals post_run_terminations
loading system conditionals post_run_terminations
loading conditionals from /Users/jan/PychronDev/setupfiles/spectrometer/default_conditionals.yaml
Checking default post run terminations n=1
GetDeflection CDD ===>> 50
testing CDD==2000
evaluate ot="CDD.deflection==2000" t="CDD==2000", ctx="{'CDD': 50.0}"
15:13:06 -- ******* Post Run Check Passed *******
15:13:06 -- Automated run 65555-02A success duration: 367.753 s
----------------- finish -----------------
----------------- stop -----------------
retroactive repository identifiers disabled
finish run. runs completed=192
update duration runid=65555-02A, duration=367.753061056, md5=301e91d8
loading script "jan_unknown120_60.py"
loading script "jan_pump_ms.py"
loading script "jan_co2.py"
loading script "jan_pump_extraction_line.py"
testing...
no interpolation path defined
executed snippet estimated_duration=213.652928, duration=0.000226974487305
script duration name:unknown120_60 seconds:214.0
loading script "jan_unknown120_60.py"
loading script "jan_pump_ms.py"
loading script "jan_co2.py"
loading script "jan_pump_extraction_line.py"
testing...
no interpolation path defined
executed snippet estimated_duration=0, duration=4.10079956055e-05
loading script "jan_unknown120_60.py"
loading script "jan_pump_ms.py"
loading script "jan_co2.py"
loading script "jan_pump_extraction_line.py"
testing...
no interpolation path defined
calculate duration
testing...
no interpolation path defined
executed snippet estimated_duration=0, duration=5.79357147217e-05
calculate duration
testing...
no interpolation path defined
executed snippet estimated_duration=0, duration=0.000140905380249
executed snippet estimated_duration=0.0, duration=0.00322914123535
script duration name:co2 seconds:0.0
loading script "jan_unknown120_60.py"
loading script "jan_pump_ms.py"
loading script "jan_co2.py"
loading script "jan_pump_extraction_line.py"
testing...
no interpolation path defined
calculate duration
testing...
no interpolation path defined
executed snippet estimated_duration=4.0, duration=0.000157117843628
executed snippet estimated_duration=4.0, duration=0.00211095809937
Script duration 214.0
Run total estimated duration= 215.000
unknown120_60 in script context. using previous estimated duration
script duration name:unknown120_60 seconds:214.0
pump_ms in script context. using previous estimated duration
co2 in script context. using previous estimated duration
script duration name:co2 seconds:0.0
pump_extraction_line in script context. using previous estimated duration
Script duration 214.0
Run total estimated duration= 215.000
script duration name:unknown120_60 seconds:214.0
script duration name:co2 seconds:0.0
Script duration 214.0
Run total estimated duration= 215.000
script duration name:unknown120_60 seconds:214.0
script duration name:co2 seconds:0.0
Script duration 214.0
Run total estimated duration= 215.000
script duration name:unknown120_60 seconds:214.0
script duration name:co2 seconds:0.0
Script duration 214.0
Run total estimated duration= 215.000
script duration name:unknown120_60 seconds:214.0
script duration name:co2 seconds:0.0
Script duration 214.0
Run total estimated duration= 215.000
script duration name:unknown120_60 seconds:214.0
script duration name:co2 seconds:0.0
Script duration 214.0
Run total estimated duration= 215.000
script duration name:unknown120_60 seconds:214.0
script duration name:co2 seconds:0.0
Script duration 214.0
Run total estimated duration= 215.000
script duration name:unknown120_60 seconds:214.0
script duration name:co2 seconds:0.0
Script duration 214.0
Run total estimated duration= 215.000
script duration name:unknown120_60 seconds:214.0
script duration name:co2 seconds:0.0
Script duration 214.0
Run total estimated duration= 215.000
loading script "jan_unknown400_120.py"
loading script "jan_pump_ms.py"
loading script "jan_cocktail_x1.py"
loading script "jan_pump_extraction_line.py"
testing...
no interpolation path defined
executed snippet estimated_duration=556.052928, duration=0.00018310546875
script duration name:unknown400_120 seconds:556.0
loading script "jan_unknown400_120.py"
loading script "jan_pump_ms.py"
loading script "jan_cocktail_x1.py"
loading script "jan_pump_extraction_line.py"
testing...
no interpolation path defined
calculate duration
testing...
no interpolation path defined
executed snippet estimated_duration=0, duration=9.10758972168e-05
calculate duration
testing...
no interpolation path defined
executed snippet estimated_duration=0, duration=9.79900360107e-05
calculate duration
testing...
no interpolation path defined
executed snippet estimated_duration=32.0, duration=8.60691070557e-05
calculate duration
testing...
no interpolation path defined
executed snippet estimated_duration=34.0, duration=0.000128030776978
calculate duration
testing...
no interpolation path defined
executed snippet estimated_duration=4.0, duration=6.50882720947e-05
calculate duration
testing...
no interpolation path defined
executed snippet estimated_duration=38.0, duration=0.000143051147461
executed snippet estimated_duration=108.0, duration=0.00761890411377
script duration name:cocktail_x1 seconds:108.0
Script duration 664.0
Run total estimated duration= 665.000
unknown400_120 in script context. using previous estimated duration
script duration name:unknown400_120 seconds:556.0
loading script "jan_unknown400_120.py"
loading script "jan_pump_ms.py"
loading script "jan_sniffair_x2.py"
loading script "jan_pump_extraction_line.py"
testing...
no interpolation path defined
calculate duration
testing...
no interpolation path defined
executed snippet estimated_duration=0, duration=5.19752502441e-05
calculate duration
testing...
no interpolation path defined
executed snippet estimated_duration=0, duration=0.000101804733276
calculate duration
testing...
no interpolation path defined
executed snippet estimated_duration=32.0, duration=9.29832458496e-05
calculate duration
testing...
no interpolation path defined
executed snippet estimated_duration=34.0, duration=9.60826873779e-05
calculate duration
testing...
no interpolation path defined
executed snippet estimated_duration=4.0, duration=5.19752502441e-05
calculate duration
testing...
no interpolation path defined
executed snippet estimated_duration=36.0, duration=7.31945037842e-05
calculate duration
testing...
no interpolation path defined
executed snippet estimated_duration=34.0, duration=0.000144004821777
calculate duration
testing...
no interpolation path defined
executed snippet estimated_duration=4.0, duration=5.31673431396e-05
calculate duration
testing...
no interpolation path defined
executed snippet estimated_duration=36.0, duration=7.9870223999e-05
calculate duration
testing...
no interpolation path defined
executed snippet estimated_duration=70.0, duration=8.08238983154e-05
executed snippet estimated_duration=250.0, duration=0.0227119922638
script duration name:sniffair_x2 seconds:250.0
Script duration 806.0
Run total estimated duration= 807.000
script duration name:unknown400_120 seconds:556.0
cocktail_x1 in script context. using previous estimated duration
script duration name:cocktail_x1 seconds:108.0
Script duration 664.0
Run total estimated duration= 665.000
script duration name:unknown400_120 seconds:556.0
sniffair_x2 in script context. using previous estimated duration
script duration name:sniffair_x2 seconds:250.0
Script duration 806.0
Run total estimated duration= 807.000
loading script "jan_ic_peak_hop3.py"
loading script "jan_pump_ms.py"
loading script "jan_air_x1.py"
loading script "jan_pump_extraction_line.py"
testing...
no interpolation path defined
executed snippet estimated_duration=133.8, duration=0.00563097000122
script duration name:ic_peak_hop3 seconds:134.0
loading script "jan_ic_peak_hop3.py"
loading script "jan_pump_ms.py"
loading script "jan_air_x1.py"
loading script "jan_pump_extraction_line.py"
testing...
no interpolation path defined
calculate duration
testing...
no interpolation path defined
executed snippet estimated_duration=0, duration=3.81469726562e-05
calculate duration
testing...
no interpolation path defined
executed snippet estimated_duration=0, duration=0.000117063522339
calculate duration
testing...
no interpolation path defined
executed snippet estimated_duration=32.0, duration=0.000108957290649
calculate duration
testing...
no interpolation path defined
executed snippet estimated_duration=34.0, duration=0.00014591217041
calculate duration
testing...
no interpolation path defined
executed snippet estimated_duration=4.0, duration=8.41617584229e-05
calculate duration
testing...
no interpolation path defined
executed snippet estimated_duration=36.0, duration=9.20295715332e-05
executed snippet estimated_duration=106.0, duration=0.00826811790466
script duration name:air_x1 seconds:106.0
Script duration 240.0
Run total estimated duration= 241.000
script duration name:unknown120_60 seconds:214.0
script duration name:co2 seconds:0.0
Script duration 214.0
Run total estimated duration= 215.000
script duration name:unknown120_60 seconds:214.0
script duration name:co2 seconds:0.0
Script duration 214.0
Run total estimated duration= 215.000
script duration name:unknown120_60 seconds:214.0
script duration name:co2 seconds:0.0
Script duration 214.0
Run total estimated duration= 215.000
script duration name:unknown120_60 seconds:214.0
script duration name:co2 seconds:0.0
Script duration 214.0
Run total estimated duration= 215.000
script duration name:unknown120_60 seconds:214.0
script duration name:co2 seconds:0.0
Script duration 214.0
Run total estimated duration= 215.000
script duration name:unknown120_60 seconds:214.0
script duration name:co2 seconds:0.0
Script duration 214.0
Run total estimated duration= 215.000
script duration name:unknown400_120 seconds:556.0
script duration name:co2 seconds:0.0
Script duration 556.0
Run total estimated duration= 557.000
script duration name:unknown120_60 seconds:214.0
script duration name:co2 seconds:0.0
Script duration 214.0
Run total estimated duration= 215.000
script duration name:unknown120_60 seconds:214.0
script duration name:co2 seconds:0.0
Script duration 214.0
Run total estimated duration= 215.000
script duration name:unknown120_60 seconds:214.0
script duration name:co2 seconds:0.0
Script duration 214.0
Run total estimated duration= 215.000
script duration name:unknown120_60 seconds:214.0
script duration name:co2 seconds:0.0
Script duration 214.0
Run total estimated duration= 215.000
script duration name:unknown120_60 seconds:214.0
script duration name:co2 seconds:0.0
Script duration 214.0
Run total estimated duration= 215.000
script duration name:unknown120_60 seconds:214.0
script duration name:co2 seconds:0.0
Script duration 214.0
Run total estimated duration= 215.000
script duration name:unknown400_120 seconds:556.0
script duration name:cocktail_x1 seconds:108.0
Script duration 664.0
Run total estimated duration= 665.000
script duration name:unknown400_120 seconds:556.0
script duration name:cocktail_x1 seconds:108.0
Script duration 664.0
Run total estimated duration= 665.000
script duration name:unknown120_60 seconds:214.0
script duration name:co2 seconds:0.0
Script duration 214.0
Run total estimated duration= 215.000
script duration name:unknown120_60 seconds:214.0
script duration name:co2 seconds:0.0
Script duration 214.0
Run total estimated duration= 215.000
script duration name:unknown120_60 seconds:214.0
script duration name:co2 seconds:0.0
Script duration 214.0
Run total estimated duration= 215.000
script duration name:unknown120_60 seconds:214.0
script duration name:co2 seconds:0.0
Script duration 214.0
Run total estimated duration= 215.000
script duration name:unknown120_60 seconds:214.0
script duration name:co2 seconds:0.0
Script duration 214.0
Run total estimated duration= 215.000
script duration name:unknown120_60 seconds:214.0
script duration name:co2 seconds:0.0
Script duration 214.0
Run total estimated duration= 215.000
script duration name:unknown120_60 seconds:214.0
script duration name:co2 seconds:0.0
Script duration 214.0
Run total estimated duration= 215.000
script duration name:unknown120_60 seconds:214.0
script duration name:co2 seconds:0.0
Script duration 214.0
Run total estimated duration= 215.000
ic_peak_hop3 in script context. using previous estimated duration
script duration name:ic_peak_hop3 seconds:134.0
air_x1 in script context. using previous estimated duration
script duration name:air_x1 seconds:106.0
Script duration 240.0
Run total estimated duration= 241.000
script duration name:unknown120_60 seconds:214.0
script duration name:co2 seconds:0.0
Script duration 214.0
Run total estimated duration= 215.000
script duration name:unknown120_60 seconds:214.0
script duration name:co2 seconds:0.0
Script duration 214.0
Run total estimated duration= 215.000
script duration name:unknown120_60 seconds:214.0
script duration name:co2 seconds:0.0
Script duration 214.0
Run total estimated duration= 215.000
script duration name:unknown400_120 seconds:556.0
script duration name:sniffair_x2 seconds:250.0
Script duration 806.0
Run total estimated duration= 807.000
script duration name:unknown120_60 seconds:214.0
script duration name:co2 seconds:0.0
Script duration 214.0
Run total estimated duration= 215.000
script duration name:unknown400_120 seconds:556.0
script duration name:co2 seconds:0.0
Script duration 556.0
Run total estimated duration= 557.000
script duration name:unknown400_120 seconds:556.0
script duration name:cocktail_x1 seconds:108.0
Script duration 664.0
Run total estimated duration= 665.000
script duration name:unknown400_120 seconds:556.0
script duration name:cocktail_x1 seconds:108.0
Script duration 664.0
Run total estimated duration= 665.000
script duration name:unknown120_60 seconds:214.0
script duration name:co2 seconds:0.0
Script duration 214.0
Run total estimated duration= 215.000
script duration name:unknown400_120 seconds:556.0
script duration name:sniffair_x2 seconds:250.0
Script duration 806.0
Run total estimated duration= 807.000
script duration name:unknown120_60 seconds:214.0
script duration name:co2 seconds:0.0
Script duration 214.0
Run total estimated duration= 215.000
script duration name:unknown120_60 seconds:214.0
script duration name:co2 seconds:0.0
Script duration 214.0
Run total estimated duration= 215.000
script duration name:unknown120_60 seconds:214.0
script duration name:co2 seconds:0.0
Script duration 214.0
Run total estimated duration= 215.000
script duration name:unknown120_60 seconds:214.0
script duration name:co2 seconds:0.0
Script duration 214.0
Run total estimated duration= 215.000
script duration name:unknown120_60 seconds:214.0
script duration name:co2 seconds:0.0
Script duration 214.0
Run total estimated duration= 215.000
script duration name:unknown120_60 seconds:214.0
script duration name:co2 seconds:0.0
Script duration 214.0
Run total estimated duration= 215.000
script duration name:unknown120_60 seconds:214.0
script duration name:co2 seconds:0.0
Script duration 214.0
Run total estimated duration= 215.000
script duration name:unknown120_60 seconds:214.0
script duration name:co2 seconds:0.0
Script duration 214.0
Run total estimated duration= 215.000
script duration name:unknown120_60 seconds:214.0
script duration name:co2 seconds:0.0
Script duration 214.0
Run total estimated duration= 215.000
script duration name:unknown120_60 seconds:214.0
script duration name:co2 seconds:0.0
Script duration 214.0
Run total estimated duration= 215.000
script duration name:unknown120_60 seconds:214.0
script duration name:co2 seconds:0.0
Script duration 214.0
Run total estimated duration= 215.000
script duration name:unknown400_120 seconds:556.0
script duration name:cocktail_x1 seconds:108.0
Script duration 664.0
Run total estimated duration= 665.000
script duration name:unknown400_120 seconds:556.0
script duration name:cocktail_x1 seconds:108.0
Script duration 664.0
Run total estimated duration= 665.000
script duration name:unknown120_60 seconds:214.0
script duration name:co2 seconds:0.0
Script duration 214.0
Run total estimated duration= 215.000
script duration name:unknown120_60 seconds:214.0
script duration name:co2 seconds:0.0
Script duration 214.0
Run total estimated duration= 215.000
script duration name:unknown120_60 seconds:214.0
script duration name:co2 seconds:0.0
Script duration 214.0
Run total estimated duration= 215.000
script duration name:unknown120_60 seconds:214.0
script duration name:co2 seconds:0.0
Script duration 214.0
Run total estimated duration= 215.000
script duration name:ic_peak_hop3 seconds:134.0
script duration name:air_x1 seconds:106.0
Script duration 240.0
Run total estimated duration= 241.000
script duration name:unknown120_60 seconds:214.0
script duration name:co2 seconds:0.0
Script duration 214.0
Run total estimated duration= 215.000
nruns=68 before=5.0, run_dur=21350.0, btw=2010.0
write rem/ex queues
/Users/jan/PychronDev/experiments/rem/Load1786.rem.txt
/Users/jan/PychronDev/experiments/rem/Load1786.ex.txt
doing event level: 3
