do run
loading script "jan_unknown120_60.py"
loading script "jan_pump_ms.py"
loading script "jan_co2.py"
loading script "jan_pump_extraction_line.py"
testing...
no interpolation path defined
executed snippet estimated_duration=213.652928, duration=0.000335216522217
script duration name:unknown120_60 seconds:214.0
loading script "jan_unknown120_60.py"
loading script "jan_pump_ms.py"
loading script "jan_co2.py"
loading script "jan_pump_extraction_line.py"
testing...
no interpolation path defined
executed snippet estimated_duration=0, duration=3.00407409668e-05
loading script "jan_unknown120_60.py"
loading script "jan_pump_ms.py"
loading script "jan_co2.py"
loading script "jan_pump_extraction_line.py"
testing...
no interpolation path defined
calculate duration
testing...
no interpolation path defined
executed snippet estimated_duration=0, duration=6.00814819336e-05
calculate duration
testing...
no interpolation path defined
executed snippet estimated_duration=0, duration=0.000111818313599
executed snippet estimated_duration=0.0, duration=0.00440287590027
script duration name:co2 seconds:0.0
loading script "jan_unknown120_60.py"
loading script "jan_pump_ms.py"
loading script "jan_co2.py"
loading script "jan_pump_extraction_line.py"
testing...
no interpolation path defined
calculate duration
testing...
no interpolation path defined
executed snippet estimated_duration=4.0, duration=0.000159025192261
executed snippet estimated_duration=4.0, duration=0.00164008140564
Script duration 214.0
Run total estimated duration= 215.000
run duration: 0:03:35
doing event level: 2
20:15:42 -- Setting default integration. t=1.048576
setting integration time = 1.048576
SetIntegrationTime 1.048576 ===>> OK
----------------- start -----------------
**************** Experiment Type: Ar/Ar, Ar/Ar
$$$$$ Clearing conditionals
adding conditionals 
Add queue conditionals
add default conditionals
adding default conditionals from /Users/jan/PychronDev/setupfiles/spectrometer/default_conditionals.yaml
Start automated run 65555-13
loading script "jan_unknown120_60.py"
loading script "jan_pump_ms.py"
loading script "jan_co2.py"
loading script "jan_pump_extraction_line.py"
%%%%%%%%%%%%%%%%%% setting automated run 65555-13
No value "sensitivity_multiplier" in metadata
$$$$$$$$$$$$$$$ auto_save_detector_ic=False
============================= Pre Extraction Check =============================
loading queue conditionals pre_run_terminations
loading system conditionals pre_run_terminations
loading conditionals from /Users/jan/PychronDev/setupfiles/spectrometer/default_conditionals.yaml
20:15:42 -- ******* Pre Extraction Check *******
Get a measurement from the spectrometer
GetData ===>> H2,-0.25335291127122,H1,-0.00083758324576062,AX,-0.126308095536403,L1,-0.0154139002030571,L2,0.00...
Pre Extraction Termination data. keys=H2,H1,AX,L1,L2,CDD, signals=-0.25335,-0.00084,-0.12631,-0.01541,0.00977,0.00253
20:15:42 -- testing system defined conditionals
Checking default pre extraction terminations n=2
testing CDD
evaluate ot="CDD.inactive" t="CDD", ctx="{'CDD': False}"
GetDeflection CDD ===>> 50
testing CDD==2000
evaluate ot="CDD.deflection==2000" t="CDD==2000", ctx="{'CDD': 50.0}"
20:15:42 -- ******* Pre Extraction Check Passed *******
=================================================================================
20:15:42 -- stopping status monitor
stop 4984189200
Alive clients [4991693744]
20:15:42 -- starting status monitor
start 4984189200
Monitor already running
start extraction
do extraction
Analysis started at 20:15:42.586237
Extraction Started jan_co2.py
20:15:42 -- ******* Extraction Started jan_co2.py *******
state changed from not run to extraction
DO EXTRACTION <pychron.extraction_line.pyscript_runner.RemotePyScriptRunner object at 0x12c301530>
testing...
no interpolation path defined
calculate duration
testing...
no interpolation path defined
executed snippet estimated_duration=0, duration=4.72068786621e-05
calculate duration
testing...
no interpolation path defined
executed snippet estimated_duration=0, duration=9.70363616943e-05
executed snippet estimated_duration=100.0, duration=0.00857496261597
Jan CO2 laser analysis
doing GOSUB
testing...
no interpolation path defined
executed snippet estimated_duration=0, duration=5.10215759277e-05
Waiting for CO2 access
wait ('FelixCO2Flag', 0) {}
waiting for FelixCO2Flag = 0
Read FelixCO2Flag ===>> 0
finished waiting
CO2 free
wait ('CO2PumpTimeFlag', 0) {}
waiting for CO2PumpTimeFlag = 0
Read CO2PumpTimeFlag ===>> 0
finished waiting
acquire ('JanCO2Flag',) {'clear': True}
acquire JanCO2Flag
Set JanCO2Flag 1 ===>> OK
JanCO2Flag acquired
set extraction state False (0.75, 'red', 1.5)
CO2 acquired
executed snippet estimated_duration=0, duration=0.0204029083252
WaitForCO2Access.py completed successfully
gosub finished
doing GOSUB
testing...
no interpolation path defined
executed snippet estimated_duration=0, duration=0.000118970870972
Prepare for CO2 analysis
close () {'description': 'Jan Inlet'}
closing name=--- desc=Jan Inlet
checking ownership. requestor=129.138.12.150
check software interlocks R
interlocks []
actuate state mode=None-script, software_lock=False
doing actuation None-script close_channel False
Close R ===>> OK
GetIndicatorState R ===>> False
change switch state (True, True)
update switch state R False args=() kw={} ncanvase=2
20:15:43 -- CLOSE  VALVE-R (Jan Inlet)
---------------------------------------- close None (Jan Inlet) result=[(True, True)]
action=close, ok=True, locked=[False]
open () {'description': 'Jan Ion Pump'}
opening name=--- desc=Jan Ion Pump
checking ownership. requestor=129.138.12.150
check software interlocks O
interlocks []
actuate state mode=None-script, software_lock=False
doing actuation None-script open_channel False
Open O ===>> OK
GetIndicatorState O ===>> OK
change switch state (True, True)
update switch state O True args=() kw={} ncanvase=2
20:15:43 -- OPEN   VALVE-O (Jan Ion Pump)
---------------------------------------- open None (Jan Ion Pump) result=[(True, True)], time=0.09 sec
action=open, ok=True, locked=[False]
close () {'description': 'Microbone to Minibone'}
closing name=--- desc=Microbone to Minibone
checking ownership. requestor=129.138.12.150
check software interlocks L
interlocks []
actuate state mode=None-script, software_lock=False
doing actuation None-script close_channel False
Close L ===>> OK
GetIndicatorState L ===>> False
change switch state (True, True)
update switch state L False args=() kw={} ncanvase=2
20:15:44 -- CLOSE  VALVE-L (Microbone to Minibone)
---------------------------------------- close None (Microbone to Minibone) result=[(True, True)]
action=close, ok=True, locked=[False]
open () {'description': 'Microbone to Turbo'}
opening name=--- desc=Microbone to Turbo
checking ownership. requestor=129.138.12.150
check software interlocks U
interlocks []
actuate state mode=None-script, software_lock=False
doing actuation None-script open_channel False
Open U ===>> OK
GetIndicatorState U ===>> OK
change switch state (True, True)
update switch state U True args=() kw={} ncanvase=2
20:15:44 -- OPEN   VALVE-U (Microbone to Turbo)
---------------------------------------- open None (Microbone to Turbo) result=[(True, True)], time=0.35 sec
action=open, ok=True, locked=[False]
open () {'description': 'Microbone to Inlet Pipette'}
opening name=--- desc=Microbone to Inlet Pipette
checking ownership. requestor=129.138.12.150
check software interlocks S
interlocks []
actuate state mode=None-script, software_lock=False
doing actuation None-script open_channel False
Open S ===>> OK
GetIndicatorState S ===>> OK
change switch state (True, True)
update switch state S True args=() kw={} ncanvase=2
20:15:45 -- OPEN   VALVE-S (Microbone to Inlet Pipette)
---------------------------------------- open None (Microbone to Inlet Pipette) result=[(True, True)], time=0.40 sec
action=open, ok=True, locked=[False]
open () {'description': 'Microbone to Getter D-50'}
opening name=--- desc=Microbone to Getter D-50
checking ownership. requestor=129.138.12.150
check software interlocks K
interlocks []
actuate state mode=None-script, software_lock=False
doing actuation None-script open_channel False
Open K ===>> OK
GetIndicatorState K ===>> OK
change switch state (True, True)
update switch state K True args=() kw={} ncanvase=2
20:15:45 -- OPEN   VALVE-K (Microbone to Getter D-50)
---------------------------------------- open None (Microbone to Getter D-50) result=[(True, True)], time=0.40 sec
action=open, ok=True, locked=[False]
open () {'description': 'Microbone to Getter NP-10'}
opening name=--- desc=Microbone to Getter NP-10
checking ownership. requestor=129.138.12.150
check software interlocks M
interlocks []
actuate state mode=None-script, software_lock=False
doing actuation None-script open_channel False
Open M ===>> OK
GetIndicatorState M ===>> OK
change switch state (True, True)
update switch state M True args=() kw={} ncanvase=2
20:15:46 -- OPEN   VALVE-M (Microbone to Getter NP-10)
---------------------------------------- open None (Microbone to Getter NP-10) result=[(True, True)], time=0.14 sec
action=open, ok=True, locked=[False]
close () {'description': 'CO2 Laser to Felix'}
closing name=--- desc=CO2 Laser to Felix
checking ownership. requestor=129.138.12.150
check software interlocks F
interlocks []
actuate state mode=None-script, software_lock=True
VALVE-F(CO2 Laser to Felix) software locked
change switch state (True, False)
---------------------------------------- close None (CO2 Laser to Felix) result=[(True, False)]
action=close, ok=True, locked=[True]
open () {'description': 'CO2 Laser to Jan'}
opening name=--- desc=CO2 Laser to Jan
checking ownership. requestor=129.138.12.150
check software interlocks A
interlocks []
actuate state mode=None-script, software_lock=False
doing actuation None-script open_channel False
Open A ===>> OK
GetIndicatorState A ===>> OK
change switch state (True, True)
update switch state A True args=() kw={} ncanvase=2
20:15:46 -- OPEN   VALVE-A (CO2 Laser to Jan)
---------------------------------------- open None (CO2 Laser to Jan) result=[(True, True)], time=0.12 sec
action=open, ok=True, locked=[False]
open () {'description': 'Microbone to CO2 Laser'}
opening name=--- desc=Microbone to CO2 Laser
checking ownership. requestor=129.138.12.150
check software interlocks T
interlocks []
actuate state mode=None-script, software_lock=False
doing actuation None-script open_channel False
Open T ===>> OK
GetIndicatorState T ===>> OK
change switch state (True, True)
update switch state T True args=() kw={} ncanvase=2
20:15:47 -- OPEN   VALVE-T (Microbone to CO2 Laser)
---------------------------------------- open None (Microbone to CO2 Laser) result=[(True, True)], time=0.40 sec
action=open, ok=True, locked=[False]
executed snippet estimated_duration=0, duration=5.00693798065
PrepareForCO2Analysis.py completed successfully
gosub finished
set_motor ('beam', '1.25') {}
setting motor "beam" to 1.25
set motor beam to 1.25
SetMotor beam,1.25 ===>> OK
GetMotorMoving beam ===>> False
GetMotorMoving beam ===>> False
Block completed
move_to_position ('199',) {'autocenter': True}
FusionsCO2 move to position 199
sending GoToHole 199,True
GoToHole 199,True ===>> OK
GetDriveMoving ===>> OK
GetDriveMoving ===>> OK
GetDriveMoving ===>> OK
GetDriveMoving ===>> OK
GetDriveMoving ===>> OK
GetDriveMoving ===>> OK
GetDriveMoving ===>> OK
GetDriveMoving ===>> False
GetDriveMoving ===>> OK
GetDriveMoving ===>> OK
GetDriveMoving ===>> OK
GetDriveMoving ===>> OK
GetDriveMoving ===>> OK
GetDriveMoving ===>> OK
GetDriveMoving ===>> OK
GetDriveMoving ===>> OK
GetDriveMoving ===>> OK
GetDriveMoving ===>> False
Block completed
GetAutoCorrecting ===>> False
GetAutoCorrecting ===>> False
Block completed
update position
GetPosition ===>> -5.98170,-11.96340,1.00000
got position (-5.9817, -11.9634, 1.0)
move to position succeeded
sleep (5,) {}
SLEEP 5.0
block started
WaitControl setup for 5.0  
Join finished
block finished. duration 5.03534984589
close () {'description': 'Microbone to Turbo'}
closing name=--- desc=Microbone to Turbo
checking ownership. requestor=129.138.12.150
check software interlocks U
interlocks []
actuate state mode=None-script, software_lock=False
doing actuation None-script close_channel True
Close U ===>> OK
GetIndicatorState U ===>> False
change switch state (True, True)
update switch state U False args=() kw={} ncanvase=2
20:16:00 -- CLOSE  VALVE-U (Microbone to Turbo)
---------------------------------------- close None (Microbone to Turbo) result=[(True, True)]
action=close, ok=True, locked=[False]
enable laser
enable () {}
set extraction state FusionsCO2 Enabled (False, 'red', 1.5)
enabling laser
Enable ===>> OK
begin interval
BEGIN INTERVAL Interval 1 waiting for 30.0
block started
set extract to 5.0
WaitControl setup for 30.0  
extract (5.0,) {}
GetPosition ===>> -5.98170,-11.96340,1.00000
set extraction state FusionsCO2 ON! 5.0(watts) (0.75, 'red', 1.5)
extract sample to 5.0 (watts)
set laser output
SetLaserOutput 5.0,watts ===>> OK
executing pattern triangle.lp
execute_pattern ('triangle.lp',) {}
executing pattern triangle.lp
IsPatterning ===>> OK
IsPatterning ===>> OK
IsPatterning ===>> OK
IsPatterning ===>> OK
IsPatterning ===>> OK
IsPatterning ===>> OK
IsPatterning ===>> OK
IsPatterning ===>> OK
IsPatterning ===>> OK
IsPatterning ===>> OK
IsPatterning ===>> OK
IsPatterning ===>> OK
IsPatterning ===>> OK
IsPatterning ===>> OK
IsPatterning ===>> OK
IsPatterning ===>> OK
IsPatterning ===>> OK
IsPatterning ===>> OK
IsPatterning ===>> OK
IsPatterning ===>> OK
IsPatterning ===>> OK
IsPatterning ===>> OK
IsPatterning ===>> OK
IsPatterning ===>> OK
IsPatterning ===>> OK
IsPatterning ===>> OK
IsPatterning ===>> OK
IsPatterning ===>> OK
IsPatterning ===>> False
Join finished
block finished. duration 30.0878491402
Interval 1 finished
IsPatterning ===>> False
Block completed
COMPLETE INTERVAL waiting for Interval 1 to complete
end_extract () {}
ending extraction. set laser power to 0
set laser power 0
SetLaserPower 0 ===>> OK
disable () {}
%%%%%%%%%%%%%%%%%%%%%%%%%%%%%%%%%%% disable
set extraction state False (0.75, 'red', 1.5)
disabling laser
Disable ===>> OK
sleep (30.0,) {}
SLEEP 30.0
block started
WaitControl setup for 30.0  
set states for children of V. state=True
handle state [('V', True)]
update switch state V True args=() kw={'refresh': False} ncanvase=2
refresh_canvas_needed fired
Join finished
block finished. duration 30.1250300407
executed snippet estimated_duration=165.0, duration=79.1318428516
jan_co2.py completed successfully
GetAchievedOutput ===>> No Response
Requested Output= 0.000
Achieved Output=  0.000
GetResponseBlob ===>> No Response
GetOutputBlob ===>> No Response
persistence save...
persistence save - db
AutomatedRunPersister post_extraction_save deprecated
persistence save - dvc
no extraction position for 199
create new session 4991427888
close session 4991427888
Extraction Finished
20:17:01 -- ******* Extraction Finished *******
no overlap. not waiting for min ms pumptime
20:17:01 -- Sending spectrometer configuration
======== Sending configuration ========
SetDeflection CDD,50.0 ===>> OK
SetDeflection H2,0.0 ===>> OK
SetDeflection H1,0.0 ===>> OK
SetDeflection L2,825.0 ===>> OK
SetDeflection L1,400.0 ===>> OK
SetDeflection AX,190.0 ===>> OK
SetZFocus 74.64 ===>> OK
SetZSymmetry -50.72 ===>> OK
SetExtractionLens 26.13 ===>> OK
SetIonRepeller -3.81 ===>> OK
SetElectronEnergy 75.08 ===>> OK
SetYSymmetry -2.81 ===>> OK
SetIonCounterVoltage 1590.0 ===>> OK
send trap current 200.0
GetParameter Trap Current Readback ===>> 198.035158395898
SetParameter Trap Current Set,200.0 ===>> OK
updating mftable name mftable
Using mftable located at /Users/jan/PychronDev/setupfiles/spectrometer/mftables/mftable.csv
============ MFtable ===========
Isotope  H2     H1     AX     L1     L2     CDD    
Ar40     5.7973 5.8795 5.9928 6.1372 6.2313 6.3655
Ar39     5.6966 5.7718 5.8853 6.0233 6.1164 6.2520
Ar36     5.3741 5.4408 5.5486 5.6822 5.7713 5.9031
================================
get initial guess parabolic
get initial guess parabolic
get initial guess parabolic
get initial guess parabolic
get initial guess parabolic
get initial guess parabolic
======== Configuration Finished ========
GetYSymmetry ===>> -2.81
GetZSymmetry ===>> -50.72
GetParameter Trap Current Readback ===>> 198.258926936459
GetHighVoltage ===>> 4500
start measurement
do measurement
L#=65555 analysis type=unknown
Measurement Started jan_unknown120_60.py
20:17:02 -- ******* Measurement Started jan_unknown120_60.py *******
state changed from extraction to measurement
setting spec, defl, and gains
GetExtractionLens ===>> 26.13
GetYSymmetry ===>> -2.81
GetZSymmetry ===>> -50.72
GetZFocus ===>> 74.64
GetDeflection H2 ===>> 0
GetDeflection H1 ===>> 0
GetDeflection AX ===>> 190
GetDeflection L1 ===>> 400
GetDeflection L2 ===>> 825
GetDeflection CDD ===>> 50
GetGain H2 ===>> 0.0113
GetGain H1 ===>> 0.1
GetGain AX ===>> 0.097049
GetGain L1 ===>> 0.010355
GetGain L2 ===>> 0.095649
GetGain CDD ===>> 0
pre measurement save
New frame /Users/jan/PychronDev/data/isotopes/ac/538ae3-ee78-4403-861e-9b1805189893.h5
flush and close file /Users/jan/PychronDev/data/isotopes/ac/538ae3-ee78-4403-861e-9b1805189893.h5
testing...
no interpolation path defined
executed snippet estimated_duration=226.132928, duration=0.000252962112427
unknown measurement script
activate_detectors ('H2', 'H1', 'AX', 'L1', 'L2', 'CDD') {}
activate detectors
*************** Set Analysis View Ar/Ar
create graphs
clearing graphs
clear isotope group
setting isotope det=H2, iso=PM41
setting isotope det=H1, iso=Ar40
setting isotope det=AX, iso=Ar39
setting isotope det=L1, iso=Ar38
setting isotope det=L2, iso=Ar37
setting isotope det=CDD, iso=Ar36
setting previous blanks
 - setting Ar40 blank 0.166+/-0.007
 - setting Ar36 blank 0.00460+/-0.00019
 - setting Ar37 blank 0.046+/-0.005
 - setting Ar38 blank 0.0069+/-0.0022
 - setting PM41 blank 0.03+/-0.06
 - setting Ar39 blank 0.027+/-0.009
load analysis view
position_magnet ('Ar40',) {'detector': 'H1'}
detector Detector(H1)
POSITION Ar40 H1
setting detector H2 to PM41 (40.9624)
setting detector H1 to Ar40 (39.9624)
setting detector AX to Ar39 (38.9624)
setting detector L1 to Ar38 (37.9624)
setting detector L2 to Ar37 (36.9624)
setting detector CDD to Ar36 (35.9624)
Mapping mass to dac mass func: "parabolic"
H1 map mass coeffs = [-0.00063987  0.15840543  0.57109999]
H1 map mass to dac 39.9624 >> 5.87949
GetDeflection H1 ===>> 0
GetHighVoltage ===>> 4500
positioning Ar40 (5.87949) on H1
setting magnet DAC
current  : 5.879490
requested: 5.879490
Delta Dac: 0.000000
Checking detector protection. dv=0.00000
Checking detector "CDD". Protection Threshold: 0.1 (V)
SetMagnetDAC 5.87949 ===>> OK
Magnet settling time: 0.500
equilibrate () {'delay': 3, 'inlet': 'R', 'outlet': 'O', 'eqtime': 12.0}
Equilibration Started
20:17:03 -- ******* Equilibration Started *******
checking ownership. requestor=129.138.12.150
check software interlocks O
interlocks []
actuate state mode=None-script, software_lock=False
doing actuation None-script close_channel True
Close O ===>> OK
GetIndicatorState O ===>> False
change switch state (True, True)
update switch state O False args=() kw={} ncanvase=2
20:17:03 -- CLOSE  VALVE-O (Jan Ion Pump)
waiting 3s before opening inlet value ('R',)
update labels <pychron.experiment.plot_panel.PlotPanel object at 0x1e66eb0b0>
update labels "<pychron.graph.stacked_regression_graph.StackedRegressionGraph object at 0x1e91ff6b0>"
setting label 0 H2 PM41
setting label 1 H1 Ar40
setting label 2 AX Ar39
setting label 3 L1 Ar38
setting label 4 L2 Ar37
setting label 5 CDD Ar36
update labels "<pychron.graph.stacked_graph.StackedGraph object at 0x1e892abf0>"
setting label 0 H2 PM41
setting label 1 H1 Ar40
setting label 2 AX Ar39
setting label 3 L1 Ar38
setting label 4 L2 Ar37
setting label 5 CDD Ar36
checking ownership. requestor=129.138.12.150
check software interlocks R
interlocks []
actuate state mode=None-script, software_lock=False
doing actuation None-script open_channel True
Open R ===>> OK
GetIndicatorState R ===>> OK
change switch state (True, True)
update switch state R True args=() kw={} ncanvase=2
20:17:07 -- OPEN   VALVE-R (Jan Inlet)
set_time_zero () {}
equilibrating for 12.0sec
sniff (12.0,) {}
py_sniff
build tables- sniff [Detector(H2), Detector(H1), Detector(AX), Detector(L1), Detector(L2), Detector(CDD)]
add group /sniff/PM41 (Group) '' table H2
add group /sniff/Ar40 (Group) '' table H1
add group /sniff/Ar39 (Group) '' table AX
add group /sniff/Ar38 (Group) '' table L1
add group /sniff/Ar37 (Group) '' table L2
add group /sniff/Ar36 (Group) '' table CDD
flush and close file /Users/jan/PychronDev/data/isotopes/ac/538ae3-ee78-4403-861e-9b1805189893.h5
measuring sniff. ncounts=12.0
"sniff" increment series count="1" fit count="0" regressing="False"
starting measurement
GetData ===>> H2,-0.142117566275765,H1,-0.00669429731490185,AX,-0.15300596127992,L1,-0.0261017611313999,L2,0.10...
GetData ===>> H2,0.32765504556336,H1,76.1212234222284,AX,20.1382855833351,L1,0.0852640757939405,L2,0.4024843780...
GetData ===>> H2,0.985334292378451,H1,319.024833362531,AX,79.8826377578103,L1,0.606137540065352,L2,0.6352663023...
State checksums do not match. Local:-612364762 Remote:-411448253
State checksum failed
GetData ===>> H2,0.301733313196631,H1,416.881339701514,AX,101.118461900615,L1,0.997287139172514,L2,0.5265602412...
set states for children of I. state=True
set states for children of Q. state=False
handle state [('I', True), ('Q', False)]
update switch state I True args=() kw={'refresh': True} ncanvase=2
update switch state Q False args=() kw={'refresh': False} ncanvase=2
refresh_canvas_needed fired
GetData ===>> H2,0.12324330855643,H1,449.790785598642,AX,107.46563661012,L1,1.19194929374938,L2,0.6292315147167...
GetData ===>> H2,-0.0363306613435345,H1,461.96123194506,AX,109.675365816947,L1,1.26854352678677,L2,0.7048880957...
set states for children of B. state=False
set states for children of D. state=False
handle state [('B', False), ('D', False)]
update switch state B False args=() kw={'refresh': True} ncanvase=2
update switch state D False args=() kw={'refresh': False} ncanvase=2
refresh_canvas_needed fired
GetData ===>> H2,-0.16168164836606,H1,467.117606479646,AX,110.544657375478,L1,1.28194255056894,L2,0.61925010518...
GetData ===>> H2,-0.0984334542430233,H1,469.307967777665,AX,111.009469757101,L1,1.2804849326685,L2,0.6189069406...
set states for children of W. state=True
handle state [('W', True)]
update switch state W True args=() kw={'refresh': False} ncanvase=2
refresh_canvas_needed fired
GetData ===>> H2,0.0398437192112151,H1,470.202955208703,AX,111.270165485569,L1,1.36459934262214,L2,0.6740900312...
GetData ===>> H2,-0.0657171138139164,H1,470.510652692575,AX,111.203861826512,L1,1.35908857531022,L2,0.700278621...
GetData ===>> H2,-0.207122661954953,H1,470.727387736802,AX,111.030235384575,L1,1.36745769994437,L2,0.6283400441...
Equilibration Finished
20:17:19 -- ******* Equilibration Finished *******
checking ownership. requestor=129.138.12.150
check software interlocks R
interlocks []
actuate state mode=None-script, software_lock=False
doing actuation None-script close_channel True
GetData ===>> H2,-0.195665923030992,H1,470.80748668404,AX,111.066126496936,L1,1.42221768359657,L2,0.54149752655...
Close R ===>> OK
set states for children of R. state=False
handle state [('R', False)]
update switch state R False args=() kw={'refresh': False} ncanvase=2
refresh_canvas_needed fired
GetIndicatorState R ===>> False
change switch state (True, True)
update switch state R False args=() kw={} ncanvase=2
20:17:19 -- CLOSE  VALVE-R (Jan Inlet)
Post Equilibration Started jan_pump_extraction_line.py
20:17:19 -- ******* Post Equilibration Started jan_pump_extraction_line.py *******
testing...
no interpolation path defined
calculate duration
testing...
no interpolation path defined
executed snippet estimated_duration=4.0, duration=0.000149965286255
executed snippet estimated_duration=4.0, duration=0.00160384178162
Pump after analysis
doing GOSUB
testing...
no interpolation path defined
executed snippet estimated_duration=4.0, duration=0.000138998031616
Pump Microbone
close () {'description': 'Jan Inlet'}
closing name=--- desc=Jan Inlet
checking ownership. requestor=129.138.12.150
check software interlocks R
interlocks []
actuate state mode=None-script, software_lock=False
doing actuation None-script close_channel False
Close R ===>> OK
measurement finished
estimated time: 12.583 actual time: :12.694
flush and close file /Users/jan/PychronDev/data/isotopes/ac/538ae3-ee78-4403-861e-9b1805189893.h5
set_fits () {}
using default fits file=/Users/jan/PychronDev/scripts/measurement/fits/nominal_linear.yaml
set "Ar40" to "('Linear', 'SEM')"
No fit for "PM41". defaulting to linear. check the measurement script "jan_unknown120_60.py"
set "PM41" to "linear"
set "Ar36" to "('Linear', 'SEM')"
set "Ar37" to "('linear', 'SEM')"
set "Ar38" to "('linear', 'SEM')"
set "Ar39" to "('Linear', 'SEM')"
set_baseline_fits () {}
using default fits file=/Users/jan/PychronDev/scripts/measurement/fits/nominal_linear.yaml
GetIndicatorState R ===>> False
change switch state (True, True)
set "H1" to "('average', 'SEM')"
update switch state R False args=() kw={} ncanvase=2
set "H2" to "('average', 'SEM')"
set "CDD" to "('average', 'SEM')"
set "L2" to "('average', 'SEM')"
20:17:20 -- CLOSE  VALVE-R (Jan Inlet)
set "L1" to "('average', 'SEM')"
---------------------------------------- close None (Jan Inlet) result=[(True, True)]
set "AX" to "('average', 'SEM')"
multicollect () {'integration_time': 1, 'ncounts': 120}
build tables- signal [Detector(H2), Detector(H1), Detector(AX), Detector(L1), Detector(L2), Detector(CDD)]
add group /signal/PM41 (Group) '' table H2
add group /signal/Ar40 (Group) '' table H1
add group /signal/Ar39 (Group) '' table AX
add group /signal/Ar38 (Group) '' table L1
add group /signal/Ar37 (Group) '' table L2
add group /signal/Ar36 (Group) '' table CDD
flush and close file /Users/jan/PychronDev/data/isotopes/ac/538ae3-ee78-4403-861e-9b1805189893.h5
measuring signal. ncounts=120
action=close, ok=True, locked=[False]
is_closed ('F',) {}
is F () closed?
is closed True
open () {'description': 'CO2 Laser to Jan'}
opening name=--- desc=CO2 Laser to Jan
checking ownership. requestor=129.138.12.150
check software interlocks A
interlocks []
actuate state mode=None-script, software_lock=False
doing actuation None-script open_channel False
Open A ===>> OK
GetIndicatorState A ===>> OK
change switch state (True, True)
update switch state A True args=() kw={} ncanvase=2
20:17:20 -- OPEN   VALVE-A (CO2 Laser to Jan)
---------------------------------------- open None (CO2 Laser to Jan) result=[(True, True)], time=0.13 sec
"signal" increment series count="2" fit count="1" regressing="True"
starting measurement
GetData ===>> H2,-0.079962794508921,H1,470.700878233183,AX,111.418894921478,L1,1.40443083089043,L2,0.5788909384...
action=open, ok=True, locked=[False]
sleep (1,) {}
SLEEP 1.0
GetData ===>> H2,0.0627686493905683,H1,470.66793419802,AX,111.229453784204,L1,1.46702301605285,L2,0.61759148815...
close () {'description': 'CO2 Laser to Roughing'}
closing name=--- desc=CO2 Laser to Roughing
checking ownership. requestor=129.138.12.150
check software interlocks G
interlocks []
actuate state mode=None-script, software_lock=True
VALVE-G(CO2 Laser to Roughing) software locked
change switch state (True, False)
---------------------------------------- close None (CO2 Laser to Roughing) result=[(True, False)]
action=close, ok=True, locked=[True]
open () {'description': 'Microbone to Turbo'}
opening name=--- desc=Microbone to Turbo
checking ownership. requestor=129.138.12.150
check software interlocks U
interlocks []
actuate state mode=None-script, software_lock=False
doing actuation None-script open_channel True
Open U ===>> OK
GetIndicatorState U ===>> OK
change switch state (True, True)
update switch state U True args=() kw={} ncanvase=2
20:17:22 -- OPEN   VALVE-U (Microbone to Turbo)
---------------------------------------- open None (Microbone to Turbo) result=[(True, True)], time=0.15 sec
action=open, ok=True, locked=[False]
open () {'description': 'Microbone to Getter NP-10'}
opening name=--- desc=Microbone to Getter NP-10
checking ownership. requestor=129.138.12.150
check software interlocks M
interlocks []
actuate state mode=None-script, software_lock=False
doing actuation None-script open_channel False
Open M ===>> OK
GetIndicatorState M ===>> OK
change switch state (True, True)
update switch state M True args=() kw={} ncanvase=2
20:17:22 -- OPEN   VALVE-M (Microbone to Getter NP-10)
---------------------------------------- open None (Microbone to Getter NP-10) result=[(True, True)], time=0.13 sec
action=open, ok=True, locked=[False]
open () {'description': 'Microbone to Getter D-50'}
opening name=--- desc=Microbone to Getter D-50
checking ownership. requestor=129.138.12.150
check software interlocks K
interlocks []
actuate state mode=None-script, software_lock=False
doing actuation None-script open_channel False
GetData ===>> H2,0.0655046300142555,H1,470.552705116146,AX,111.171276557196,L1,1.45737376971186,L2,0.6874350272...
Open K ===>> OK
GetIndicatorState K ===>> OK
change switch state (True, True)
update switch state K True args=() kw={} ncanvase=2
20:17:23 -- OPEN   VALVE-K (Microbone to Getter D-50)
---------------------------------------- open None (Microbone to Getter D-50) result=[(True, True)], time=0.42 sec
action=open, ok=True, locked=[False]
open () {'description': 'Microbone to CO2 Laser'}
opening name=--- desc=Microbone to CO2 Laser
checking ownership. requestor=129.138.12.150
check software interlocks T
interlocks []
actuate state mode=None-script, software_lock=False
doing actuation None-script open_channel False
Open T ===>> OK
GetIndicatorState T ===>> OK
change switch state (True, True)
update switch state T True args=() kw={} ncanvase=2
20:17:23 -- OPEN   VALVE-T (Microbone to CO2 Laser)
---------------------------------------- open None (Microbone to CO2 Laser) result=[(True, True)], time=0.40 sec
GetData ===>> H2,0.0125347601300244,H1,470.385128318126,AX,111.034680324022,L1,1.39781257053372,L2,0.5847796427...
action=open, ok=True, locked=[False]
open () {'description': 'Microbone to Inlet Pipette'}
opening name=--- desc=Microbone to Inlet Pipette
checking ownership. requestor=129.138.12.150
check software interlocks S
interlocks []
actuate state mode=None-script, software_lock=False
doing actuation None-script open_channel False
Open S ===>> OK
GetIndicatorState S ===>> OK
change switch state (True, True)
update switch state S True args=() kw={} ncanvase=2
20:17:24 -- OPEN   VALVE-S (Microbone to Inlet Pipette)
---------------------------------------- open None (Microbone to Inlet Pipette) result=[(True, True)], time=0.43 sec
action=open, ok=True, locked=[False]
sleep (1,) {}
SLEEP 1.0
GetData ===>> H2,-0.182486373522858,H1,470.254779072958,AX,110.968857430723,L1,1.41807069100018,L2,0.6486973528...
set_resource () {'name': 'CO2PumpTimeFlag', 'value': 30}
Set CO2PumpTimeFlag 30 ===>> OK
release ('JanCO2Flag',) {}
release JanCO2Flag
Set JanCO2Flag 0 ===>> OK
executed snippet estimated_duration=6.0, duration=5.94175982475
PumpMicrobone.py completed successfully
gosub finished
get_resource_value () {'name': 'JanMiniboneFlag'}
Read JanMiniboneFlag ===>> 0
Get Resource Value JanMiniboneFlag=0.0
get resource value 0.0
get_resource_value () {'name': 'JanMiniboneFlag'}
Read JanMiniboneFlag ===>> 0
Get Resource Value JanMiniboneFlag=0.0
executed snippet estimated_duration=4.0, duration=5.95271682739
jan_pump_extraction_line.py completed successfully
Post Equilibration Finished
20:17:25 -- ******* Post Equilibration Finished *******
GetData ===>> H2,-0.181357088379753,H1,470.001723280498,AX,110.834457819637,L1,1.42370960359029,L2,0.6630220676...
GetData ===>> H2,-0.0555501496419115,H1,470.024252858025,AX,110.952123921132,L1,1.45787562474783,L2,0.559477925...
GetData ===>> H2,-0.0995897282687727,H1,469.594208613981,AX,110.991894040173,L1,1.45181246128736,L2,0.527017353...
GetData ===>> H2,-0.121744060040404,H1,469.310720621457,AX,110.873456611579,L1,1.422370592688,L2,0.691998137875...
GetData ===>> H2,-0.0736022963708924,H1,469.407004602297,AX,110.622249230995,L1,1.38680497490507,L2,0.634157610...
GetData ===>> H2,-0.135577697448163,H1,469.381504408134,AX,110.755616730834,L1,1.39211021516399,L2,0.5840821268...
GetData ===>> H2,-0.102613898107749,H1,469.035063630912,AX,110.585109499474,L1,1.37870669264715,L2,0.6028024672...
GetData ===>> H2,-0.161661393339862,H1,468.776244537706,AX,110.701032828623,L1,1.39528237899257,L2,0.6412328859...
GetData ===>> H2,-0.137208286274169,H1,468.412734655406,AX,110.534743104998,L1,1.37186368980138,L2,0.6097220270...
set states for children of B. state=True
set states for children of D. state=True
handle state [('B', True), ('D', True)]
update switch state B True args=() kw={'refresh': True} ncanvase=2
update switch state D True args=() kw={'refresh': False} ncanvase=2
GetData ===>> H2,-0.116664189846188,H1,468.474063650986,AX,110.519372711305,L1,1.35825727253368,L2,0.6043578950...
refresh_canvas_needed fired
GetData ===>> H2,-0.06537691553287,H1,468.16112738745,AX,110.529486074261,L1,1.38814151656661,L2,0.652286905043...
GetData ===>> H2,-0.152933510838184,H1,468.008585629332,AX,110.249860045262,L1,1.4003613258464,L2,0.65519065378...
GetData ===>> H2,-0.176038354703318,H1,467.89950615493,AX,110.30659048958,L1,1.43475102887062,L2,0.646171028751...
set states for children of I. state=False
set states for children of Q. state=True
handle state [('I', False), ('Q', True)]
update switch state I False args=() kw={'refresh': True} ncanvase=2
update switch state Q True args=() kw={'refresh': False} ncanvase=2
refresh_canvas_needed fired
GetData ===>> H2,-0.257818605459702,H1,467.981030769114,AX,110.402680991161,L1,1.38025302712697,L2,0.5972900511...
GetData ===>> H2,-0.206052707193872,H1,467.954592981838,AX,110.489363978856,L1,1.38046845454072,L2,0.6480114664...
GetData ===>> H2,-0.0702790025349844,H1,467.535612649451,AX,110.437562790054,L1,1.40150371304477,L2,0.550813078...
GetData ===>> H2,-0.104589867909702,H1,467.20132456519,AX,110.333636643751,L1,1.38994680451419,L2,0.54238903718...
GetData ===>> H2,-0.275666732106741,H1,466.963510847844,AX,110.200542428224,L1,1.40432169160802,L2,0.6041634652...
GetData ===>> H2,-0.247699029111751,H1,466.466865306441,AX,110.049034030095,L1,1.37503023244818,L2,0.6722262248...
20:17:46 -- collecting point 25
GetData ===>> H2,-0.180288413767656,H1,466.4571320967,AX,109.914007774832,L1,1.39143819044231,L2,0.643907681752...
GetData ===>> H2,-0.113747818141985,H1,466.747183723971,AX,109.988149742578,L1,1.37115259533132,L2,0.6265799856...
GetData ===>> H2,-0.203739965438613,H1,466.471235411427,AX,110.232565274431,L1,1.44402686951685,L2,0.5934018153...
GetData ===>> H2,-0.162383800226309,H1,466.516528964284,AX,110.261269854663,L1,1.41338091084274,L2,0.6487545102...
GetData ===>> H2,-0.168971106039062,H1,466.03143710453,AX,109.930978815835,L1,1.40264622141929,L2,0.63283176849...
GetData ===>> H2,-0.178724350790066,H1,466.111604011338,AX,109.887130241476,L1,1.34612205866033,L2,0.6881669401...
GetData ===>> H2,-0.147747375574491,H1,465.489037195864,AX,109.984572526275,L1,1.33994504232455,L2,0.6407870938...
GetData ===>> H2,-0.0490042108198901,H1,465.391517045651,AX,109.972025695582,L1,1.35311845638859,L2,0.655659377...
GetData ===>> H2,-0.190636282374557,H1,465.588420983874,AX,109.970500536249,L1,1.42718993367781,L2,0.6046209478...
GetData ===>> H2,-0.182684695128028,H1,465.215873000737,AX,109.86493852788,L1,1.3838555916881,L2,0.602974020556...
GetData ===>> H2,-0.174118624454141,H1,464.905085542837,AX,109.777195292471,L1,1.35767578307317,L2,0.6991005536...
GetData ===>> H2,-0.23783241000067,H1,464.888662593865,AX,109.658449207474,L1,1.40601540103138,L2,0.54059459474...
GetData ===>> H2,-0.288844405907329,H1,464.4877028722,AX,109.623035557719,L1,1.38922747381457,L2,0.565422600682...
GetData ===>> H2,-0.205822262882832,H1,464.613050531918,AX,109.732475528139,L1,1.39642807666334,L2,0.5087231190...
GetData ===>> H2,-0.171738521520534,H1,464.433194232376,AX,109.594453994865,L1,1.40486097882905,L2,0.7057002096...
GetData ===>> H2,-0.223891152141576,H1,464.206765115927,AX,109.628875852378,L1,1.39130225161107,L2,0.7194499969...
GetData ===>> H2,-0.0638763977868836,H1,464.044643419058,AX,109.553912207063,L1,1.37140371521608,L2,0.437379230...
GetData ===>> H2,-0.0423458197151158,H1,463.624174792095,AX,109.432734083998,L1,1.39438951213832,L2,0.652561271...
GetData ===>> H2,-0.127436765385177,H1,463.406860607997,AX,109.424450928477,L1,1.4204664509312,L2,0.55664290285...
GetData ===>> H2,-0.139922710302634,H1,463.329175603383,AX,109.342296314246,L1,1.38187268532318,L2,0.5393830793...
GetData ===>> H2,-0.183498182095494,H1,463.112793737292,AX,109.297360183767,L1,1.34987354761455,L2,0.6204168736...
GetData ===>> H2,-0.108141689099395,H1,463.193042560589,AX,109.228908633147,L1,1.35300451597193,L2,0.5451207687...
GetData ===>> H2,-0.109116623953026,H1,463.208143733028,AX,109.402938582082,L1,1.33085049342194,L2,0.6004236264...
GetData ===>> H2,-0.206074268994456,H1,462.861140608901,AX,109.367822184563,L1,1.32715125259943,L2,0.5192810149...
GetData ===>> H2,-0.104859168688599,H1,462.848140713232,AX,109.140311005059,L1,1.30135836672042,L2,0.5277715947...
20:18:12 -- collecting point 50
GetData ===>> H2,-0.133741314372741,H1,462.46248490089,AX,109.068859970412,L1,1.35582009428379,L2,0.54921279680...
GetData ===>> H2,-0.245664875585744,H1,462.19331903957,AX,109.120744287499,L1,1.42096108430221,L2,0.73354500078...
GetData ===>> H2,-0.225894970913234,H1,461.974531479216,AX,109.248670432986,L1,1.41493067540606,L2,0.6860512696...
GetData ===>> H2,-0.195247423458218,H1,461.681761454529,AX,109.015298941933,L1,1.40167572341033,L2,0.5800457820...
GetData ===>> H2,-0.112769211002026,H1,461.742822924633,AX,108.910150565957,L1,1.38823638921959,L2,0.5534764642...
GetData ===>> H2,-0.201723343137305,H1,461.43443517329,AX,108.830520937972,L1,1.37666833254477,L2,0.61792320926...
GetData ===>> H2,-0.232034839478944,H1,461.13842368137,AX,108.785979511326,L1,1.38644700318366,L2,0.47246491263...
GetData ===>> H2,-0.182885711441164,H1,461.057393951853,AX,108.871040938762,L1,1.38314113894588,L2,0.5871809657...
GetData ===>> H2,-0.120914931529932,H1,460.890641054251,AX,108.957975726081,L1,1.36467623915143,L2,0.6028253410...
GetData ===>> H2,-0.195821039915374,H1,460.904547048281,AX,108.686545324629,L1,1.38276148497457,L2,0.5719164358...
GetData ===>> H2,-0.158969853520615,H1,460.913489738779,AX,108.766651551418,L1,1.39073927793339,L2,0.5929901290...
GetData ===>> H2,-0.223963877584778,H1,460.656871740305,AX,108.73657064508,L1,1.36270273563163,L2,0.62991726692...
GetData ===>> H2,-0.172677481095588,H1,460.191863335308,AX,108.529974636971,L1,1.33736263045361,L2,0.5488698827...
GetData ===>> H2,-0.061297810400008,H1,460.048773327342,AX,108.722237311369,L1,1.37215070340839,L2,0.6447992969...
GetData ===>> H2,-0.0536860801607217,H1,460.173524370641,AX,108.689257459975,L1,1.4021365706892,L2,0.6033628758...
GetData ===>> H2,0.0673356696343334,H1,460.04814373747,AX,108.439486248723,L1,1.39039945613533,L2,0.60295114676...
GetData ===>> H2,-0.0454243358676317,H1,459.979958391929,AX,108.330609008363,L1,1.36673342543728,L2,0.560815445...
GetData ===>> H2,-0.183535954531278,H1,459.550987632709,AX,108.32959763068,L1,1.34816349517885,L2,0.57535788930...
GetData ===>> H2,-0.113054815990805,H1,459.45139454815,AX,108.511138356676,L1,1.29018011206376,L2,0.51083689045...
GetData ===>> H2,-0.222103844639093,H1,459.013135827618,AX,108.356404276822,L1,1.3342218316574,L2,0.57769037316...
GetData ===>> H2,-0.181490665614327,H1,458.948139002584,AX,108.46967139674,L1,1.38117375303319,L2,0.70104494586...
GetData ===>> H2,-0.0434014021286513,H1,458.998601515029,AX,108.502301961893,L1,1.37658629343023,L2,0.652812774...
GetData ===>> H2,0.0365067203652345,H1,458.523068478521,AX,108.235948038179,L1,1.3809185578778,L2,0.57468330895...
GetData ===>> H2,-0.1287304097154,H1,458.180252502273,AX,108.277972157459,L1,1.34736044971495,L2,0.569938513410...
GetData ===>> H2,-0.112763796620067,H1,457.9046868684,AX,108.245279707057,L1,1.34106752293946,L2,0.603374312782...
20:18:38 -- collecting point 75
GetData ===>> H2,-0.128702024118095,H1,457.835708114161,AX,108.236489511956,L1,1.33413868653422,L2,0.6172940839...
GetData ===>> H2,-0.106044557527009,H1,457.749393440984,AX,108.171923389092,L1,1.37972345306801,L2,0.5475668204...
GetData ===>> H2,-0.189817915184477,H1,457.568914923853,AX,108.052365608856,L1,1.38248957887511,L2,0.6031455741...
GetData ===>> H2,-0.158468748685333,H1,457.278595566703,AX,107.969754971235,L1,1.36072703200521,L2,0.4985662404...
GetData ===>> H2,-0.148288997684726,H1,457.306687634863,AX,107.706906921398,L1,1.33693527430368,L2,0.5672746708...
GetData ===>> H2,-0.223281048047902,H1,457.118071473687,AX,108.069466828303,L1,1.3370133231096,L2,0.62711714291...
GetData ===>> H2,-0.195470337841475,H1,457.185020794784,AX,107.997124555396,L1,1.34282507427274,L2,0.5710475168...
GetData ===>> H2,-0.16599109452462,H1,456.83770284266,AX,107.864436868794,L1,1.32422416832618,L2,0.554573846274...
GetData ===>> H2,-0.10957969296274,H1,456.676265117712,AX,107.948321131193,L1,1.29979086964559,L2,0.66142143477...
GetData ===>> H2,-0.239505021389286,H1,456.492853875707,AX,107.902496383862,L1,1.36096917070924,L2,0.5113167801...
GetData ===>> H2,-0.270679784266886,H1,456.550885178721,AX,107.75697234038,L1,1.37096425926526,L2,0.56857800087...
GetData ===>> H2,-0.193074854434111,H1,456.085766581911,AX,107.66757628631,L1,1.37363842790911,L2,0.75744945691...
GetData ===>> H2,-0.118045652517409,H1,456.067500049468,AX,107.699807552558,L1,1.37272219080658,L2,0.7011250099...
GetData ===>> H2,-0.129610328017825,H1,455.80573909672,AX,107.652679079635,L1,1.36676803567558,L2,0.61573844647...
GetData ===>> H2,-0.129794142581135,H1,455.62539673837,AX,107.72503524858,L1,1.37288621073472,L2,0.529394375208...
GetData ===>> H2,-0.0868180647372689,H1,455.711587352174,AX,107.639800573887,L1,1.3607782778368,L2,0.5803888075...
GetData ===>> H2,-0.204431411568479,H1,455.604683096665,AX,107.761911296498,L1,1.33959181157522,L2,0.5933903795...
GetData ===>> H2,-0.29110156575033,H1,454.931574940001,AX,107.601369710765,L1,1.32154852926596,L2,0.55059589602...
GetData ===>> H2,-0.221109726132957,H1,455.05778039651,AX,107.48023645058,L1,1.37514430176149,L2,0.676822917049...
GetData ===>> H2,-0.224885026024877,H1,455.164521481141,AX,107.244347303097,L1,1.39169981340088,L2,0.6317002456...
GetData ===>> H2,-0.166023490168157,H1,454.855794758719,AX,107.30569221263,L1,1.35340779366182,L2,0.49917173849...
GetData ===>> H2,-0.209008985500352,H1,454.842014878726,AX,107.448662244021,L1,1.33141827747253,L2,0.5656169520...
GetData ===>> H2,-0.127616559679183,H1,454.698541323873,AX,107.301247916961,L1,1.36344083480393,L2,0.7361193929...
GetData ===>> H2,-0.0562555402967359,H1,454.458398418179,AX,107.252549167041,L1,1.38830433906602,L2,0.532502876...
GetData ===>> H2,-0.192961632206575,H1,454.213690345843,AX,107.11398047948,L1,1.33228535700372,L2,0.69324473965...
20:19:04 -- collecting point 100
GetData ===>> H2,-0.0933262984370109,H1,454.213105423291,AX,107.108532169904,L1,1.33533603842894,L2,0.641850139...
GetData ===>> H2,-0.179064441534963,H1,453.899057509765,AX,107.051992849262,L1,1.36591691249948,L2,0.6442163168...
GetData ===>> H2,-0.0389111080720874,H1,453.369218358296,AX,107.043455365599,L1,1.34623603077659,L2,0.553773670...
GetData ===>> H2,-0.0350001659107334,H1,453.131198310798,AX,106.8928277182,L1,1.32888649912159,L2,0.63175739290...
GetData ===>> H2,-0.190080823781028,H1,453.245957077317,AX,107.003738011641,L1,1.31905382831463,L2,0.6126272471...
GetData ===>> H2,-0.258475808607961,H1,453.053434557417,AX,106.914622313133,L1,1.36798975554367,L2,0.6025851668...
GetData ===>> H2,-0.130107701729339,H1,452.902319442832,AX,106.846114003687,L1,1.34513477778477,L2,0.5636848883...
GetData ===>> H2,-0.11453145517155,H1,452.915279435313,AX,106.942853960621,L1,1.33744963917865,L2,0.60563885453...
GetData ===>> H2,-0.133017768137927,H1,452.643450422108,AX,106.918845043283,L1,1.36229526508844,L2,0.4909692785...
GetData ===>> H2,-0.213361150071379,H1,452.326603938209,AX,106.875239818571,L1,1.37414976058452,L2,0.6726035569...
GetData ===>> H2,-0.183882645644373,H1,452.042010392962,AX,106.838566088705,L1,1.37601844608557,L2,0.5604381944...
GetData ===>> H2,-0.281534855459324,H1,452.059036952406,AX,106.718389513318,L1,1.36087692675035,L2,0.5971871252...
GetData ===>> H2,-0.244832004606841,H1,451.937227215479,AX,106.889216552034,L1,1.38309496409882,L2,0.6489374142...
GetData ===>> H2,-0.109377948843637,H1,451.73380173795,AX,106.68136785343,L1,1.37557751983601,L2,0.539771676961...
GetData ===>> H2,-0.124236491197347,H1,451.538658186308,AX,106.613444685167,L1,1.33354261881214,L2,0.5848939901...
GetData ===>> H2,-0.0967854927401836,H1,451.496667814574,AX,106.636554508543,L1,1.32249873959933,L2,0.539245927...
GetData ===>> H2,-0.112417270805521,H1,451.141039557703,AX,106.520681950639,L1,1.33803696651227,L2,0.5511445690...
GetData ===>> H2,-0.22033511519867,H1,451.08649942923,AX,106.547725864899,L1,1.35925766170869,L2,0.623951386827...
GetData ===>> H2,-0.243888727578214,H1,450.757175140536,AX,106.352204105573,L1,1.32525520921541,L2,0.5083803497...
GetData ===>> H2,-0.26137172507757,H1,450.351134557674,AX,106.507350208762,L1,1.31521764730314,L2,0.61903276752...
GetData ===>> H2,-0.209737830535288,H1,450.753566869839,AX,106.31538832594,L1,1.35822525137053,L2,0.74391164062...
measurement finished
estimated time: 125.829 actual time: :126.219
flush and close file /Users/jan/PychronDev/data/isotopes/ac/538ae3-ee78-4403-861e-9b1805189893.h5
baselines () {'settling_time': 15.0, 'detector': 'H1', 'mass': 34.2, 'ncounts': 60}
%%%%%%%%%%%%%%%%%%%%%%%%%%%%%%%% Baseline
build tables- baseline [Detector(H2), Detector(H1), Detector(AX), Detector(L1), Detector(L2), Detector(CDD)]
add group baseline table H2
add group baseline table H1
add group baseline table AX
add group baseline table L1
add group baseline table L2
add group baseline table CDD
flush and close file /Users/jan/PychronDev/data/isotopes/ac/538ae3-ee78-4403-861e-9b1805189893.h5
detector Detector(H1)
POSITION 34.2 H1
Mapping mass to dac mass func: "parabolic"
H1 map mass coeffs = [-0.00063987  0.15840543  0.57109999]
H1 map mass to dac 34.2 >> 5.24014599104
GetDeflection H1 ===>> 0
GetHighVoltage ===>> 4500
positioning 34.2 (5.24014599104) on H1
setting magnet DAC
current  : 5.879490
requested: 5.240146
Delta Dac: 0.639344
Checking detector protection. dv=0.63934
Checking detector "CDD". Protection Threshold: 0.1 (V)
ProtectDetector CDD,On ===>> OK
GetDeflection CDD ===>> 2000
Protected = 2000
SetMagnetDAC 5.24014599104 ===>> OK
Magnet settling time: 0.500
GetMagnetMoving ===>> True
GetMagnetMoving ===>> True
GetMagnetMoving ===>> True
GetMagnetMoving ===>> True
GetMagnetMoving ===>> True
GetMagnetMoving ===>> True
GetMagnetMoving ===>> True
GetMagnetMoving ===>> True
GetMagnetMoving ===>> False
ProtectDetector CDD,Off ===>> OK
GetDeflection CDD ===>> 50
Delaying 15.0s for detectors to settle
Join finished
measuring baseline. ncounts=60
"baseline" increment series count="2" fit count="1" regressing="True"
starting measurement
GetData ===>> H2,-0.239109233119234,H1,-0.0433535960166818,AX,-0.0831764406325231,L1,-0.0214443767015809,L2,0.0...
GetData ===>> H2,-0.226297577111263,H1,-0.0427931938209224,AX,-0.135324155212096,L1,-0.046294758931418,L2,0.016...
GetData ===>> H2,-0.275317502624989,H1,-0.031429468102062,AX,-0.0239058675982972,L1,-0.0448570637851662,L2,0.02...
GetData ===>> H2,-0.267337348818248,H1,0.010304240412551,AX,-0.126342852726537,L1,-0.0362601201939748,L2,-0.020...
GetData ===>> H2,-0.23267811426806,H1,-0.0456070965692888,AX,0.0225317277105984,L1,-0.0728666212392028,L2,0.010...
GetData ===>> H2,-0.14820795861587,H1,-0.0968754254424773,AX,0.00288904199303316,L1,-0.0315498170098614,L2,0.02...
GetData ===>> H2,-0.134421540994773,H1,-0.0711193833695443,AX,-0.0796643437317855,L1,-0.0209660517253423,L2,-0....
GetData ===>> H2,-0.220666520461214,H1,-0.0644796619425179,AX,-0.0224677134696827,L1,-0.0136114081358461,L2,-0....
GetData ===>> H2,-0.260177414674954,H1,-0.0512704321472988,AX,-0.00608981436977898,L1,-0.0101542296537273,L2,-0...
GetData ===>> H2,-0.364425108350718,H1,-0.00299661547897829,AX,-0.115625463989066,L1,0.00572251408489525,L2,-0....
GetData ===>> H2,-0.323435297652857,H1,-0.0218056609320837,AX,-0.122125556326568,L1,-0.0399929928863863,L2,-0.0...
GetData ===>> H2,-0.232878625489976,H1,0.0105309070836281,AX,-0.11935640787998,L1,-0.0732071922585931,L2,0.0477...
GetData ===>> H2,-0.235620831166516,H1,0.0057829440403669,AX,-0.00349136745822053,L1,-0.0461307691304173,L2,-0....
GetData ===>> H2,-0.171792486822672,H1,0.0167584763791197,AX,-0.0572094279594861,L1,-0.0271297865061728,L2,-0.0...
GetData ===>> H2,-0.13915900626025,H1,-0.0016725736096344,AX,-0.192450890598896,L1,-0.0109994540402527,L2,-0.11...
GetData ===>> H2,-0.183167667906522,H1,0.0914087539590326,AX,-0.12538123255122,L1,-0.0334466000654041,L2,-0.067...
GetData ===>> H2,-0.16025695657878,H1,0.0201229566076712,AX,-0.013768747602316,L1,-0.0617337447086666,L2,0.1125...
GetData ===>> H2,-0.144975378150805,H1,-0.04565478915437,AX,-0.00786460654197577,L1,-0.0202958789800939,L2,0.01...
GetData ===>> H2,-0.177555548377706,H1,-0.00484547347132642,AX,-0.0744944919085457,L1,0.0061604016931196,L2,-0....
GetData ===>> H2,-0.194715101763531,H1,-0.0397049637250955,AX,-0.0432724861664643,L1,-0.0379673986391347,L2,-0....
GetData ===>> H2,-0.232069830263066,H1,-0.0543344611580786,AX,-0.0758623269620993,L1,-0.070605414531074,L2,-0.0...
GetData ===>> H2,-0.304430825855432,H1,0.0288926120604273,AX,-0.174440115972612,L1,-0.0397306828748635,L2,0.049...
GetData ===>> H2,-0.202751919353315,H1,-0.0471213250501588,AX,-0.164946608594069,L1,0.00559295098992113,L2,-0.0...
GetData ===>> H2,-0.138746719875414,H1,-0.0917032956168516,AX,-0.122762796904089,L1,-0.0282703163943811,L2,0.00...
20:20:10 -- collecting point 25
GetData ===>> H2,-0.296282863407285,H1,-0.00868621769194429,AX,-0.0900032233756418,L1,-0.0292070834722606,L2,-0...
GetData ===>> H2,-0.16151015466656,H1,0.00676114916300392,AX,-0.00569541171458386,L1,0.0101310514733699,L2,0.09...
GetData ===>> H2,-0.170814325818256,H1,0.0794813456980627,AX,-0.014940253639778,L1,0.000187229792805782,L2,0.01...
GetData ===>> H2,-0.168976503899399,H1,-0.00978354611584893,AX,-0.000162005977245862,L1,-0.00663469563628757,L2...
GetData ===>> H2,-0.133358584449009,H1,0.092398792695181,AX,-0.0487570616758886,L1,-0.0194769847726639,L2,-0.04...
GetData ===>> H2,-0.105238073547542,H1,-0.0437112979051023,AX,-0.207619540727139,L1,-0.0406110113251823,L2,0.02...
GetData ===>> H2,-0.17214055684433,H1,0.0553971511524366,AX,-0.181151084050246,L1,-0.0647528341273046,L2,0.0266...
GetData ===>> H2,-0.232522009107832,H1,-0.0303085270262791,AX,-0.0428550428141088,L1,0.0164268200034389,L2,-0.0...
GetData ===>> H2,-0.275618377900582,H1,-0.0161645110759999,AX,-0.146351022647541,L1,0.0149497705934501,L2,-0.05...
GetData ===>> H2,-0.292003766095973,H1,-0.0492793591173822,AX,-0.0695562155103749,L1,-0.0507274543536327,L2,-0....
GetData ===>> H2,-0.327331556692725,H1,0.00266945234386209,AX,-0.0532789950396786,L1,-0.0544370542559378,L2,0.0...
GetData ===>> H2,-0.236250448795396,H1,-0.100140641615431,AX,-0.010683327597859,L1,-0.0146281972154636,L2,-0.03...
GetData ===>> H2,-0.144776773376353,H1,0.00599767117528423,AX,-0.0540326301721865,L1,-0.0259687571645319,L2,0.0...
GetData ===>> H2,-0.194631545198349,H1,-0.0256099778354056,AX,-0.0803945921403558,L1,-0.0118326199563614,L2,-0....
GetData ===>> H2,-0.278787826018595,H1,-0.0688068553510444,AX,-0.0575804340766315,L1,0.0162082510785595,L2,0.04...
GetData ===>> H2,-0.245947418826629,H1,0.00787058849256468,AX,-0.0601890309006725,L1,-0.00653874562226607,L2,0....
GetData ===>> H2,-0.195150394534602,H1,-0.0343987087888518,AX,-0.0122260498258146,L1,-0.0167068778217231,L2,-0....
GetData ===>> H2,-0.156835614483236,H1,0.0369828529801055,AX,-0.0655683164493903,L1,-0.000895276510216039,L2,-0...
GetData ===>> H2,-0.246338931344284,H1,-0.0566592454786406,AX,-0.0464032542346565,L1,-0.0126429425098757,L2,-0....
GetData ===>> H2,-0.171189409953753,H1,-0.0127415019466113,AX,-0.07400763072404,L1,0.0253462680776389,L2,0.0260...
GetData ===>> H2,-0.139503693212079,H1,0.0655425729974237,AX,-0.141249367652014,L1,0.0181971627763708,L2,-0.114...
GetData ===>> H2,-0.192856496266683,H1,-0.00780357523002524,AX,-0.107212935028028,L1,0.0255948425628941,L2,-0.1...
GetData ===>> H2,-0.18069457597642,H1,0.0145513433234214,AX,-0.0451625544929146,L1,-0.0276581362859381,L2,-0.05...
GetData ===>> H2,-0.223511356112133,H1,0.083942030090234,AX,-0.011611283748146,L1,-0.0280067600550473,L2,-0.043...
GetData ===>> H2,-0.158271542324536,H1,-0.0497443437894816,AX,-0.0275243549541177,L1,-0.0226430862407015,L2,-0....
20:20:36 -- collecting point 50
GetData ===>> H2,-0.224639932455418,H1,-0.0723709870687593,AX,-0.0809741504684105,L1,0.00475976226471344,L2,-0....
GetData ===>> H2,-0.220849732207818,H1,0.000295629103219808,AX,-0.00428018903179727,L1,0.00105859988305852,L2,-...
GetData ===>> H2,-0.197111799688567,H1,-0.0291994985006426,AX,-0.0180255387063341,L1,-0.00508499102272884,L2,0....
GetData ===>> H2,-0.147258407708671,H1,-0.0037958034466488,AX,0.010209626918335,L1,-0.00914106576131013,L2,-0.0...
GetData ===>> H2,-0.159204865406904,H1,-0.0554074452477458,AX,-0.129192900058251,L1,0.0133036559781446,L2,-0.02...
GetData ===>> H2,-0.086878999999286,H1,-0.0866500810816405,AX,-0.155440581163445,L1,0.011713027528893,L2,-0.035...
GetData ===>> H2,-0.124363599985915,H1,-0.000408156917841396,AX,-0.107827097432508,L1,0.00424346272573496,L2,-0...
GetData ===>> H2,-0.179061742442277,H1,-0.0138626397794937,AX,-0.0967947594102061,L1,-0.0161863483707715,L2,0.0...
GetData ===>> H2,-0.32909197328859,H1,0.000558059055611038,AX,-0.0867695438903157,L1,-0.018028469865629,L2,0.02...
GetData ===>> H2,-0.345065242877624,H1,0.00185829033216862,AX,-0.0046165962878131,L1,0.0112412894070857,L2,-0.1...
GetData ===>> H2,-0.315608054253884,H1,-0.0270648821249385,AX,-0.0361757056458149,L1,-0.0193366989896387,L2,-0....
measurement finished
estimated time: 62.915 actual time: :63.166
flush and close file /Users/jan/PychronDev/data/isotopes/ac/538ae3-ee78-4403-861e-9b1805189893.h5
activate_detectors ('H1', 'AX', 'CDD') {'peak_center': True}
peak_center () {'detector': 'H1', 'integration_time': 0.262144, 'isotope': 'Ar40'}
peak center: mean=451.285480746 threshold=3
peak center started
setup peak center. detector=['H1', 'AX', 'CDD'], isotope=Ar40
VersionedUnpickler [<apptools.sweet_pickle.versioned_unpickler.VersionedUnpickler object at 0x1e3c60a70>] using Updater [<apptools.sweet_pickle.updater.Updater object at 0x1373f1ad0>]
VersionedUnpickler [<apptools.sweet_pickle.versioned_unpickler.VersionedUnpickler object at 0x1e3c60a70>] using Updater [<apptools.sweet_pickle.updater.Updater object at 0x1373f1ad0>]
VersionedUnpickler [<apptools.sweet_pickle.versioned_unpickler.VersionedUnpickler object at 0x1cc38ec50>] using Updater [<apptools.sweet_pickle.updater.Updater object at 0x1373f1ad0>]
setting integration time = 0.524288
SetIntegrationTime 0.524288 ===>> OK
Mapping mass to dac mass func: "parabolic"
H1 map mass coeffs = [-0.00063987  0.15840543  0.57109999]
H1 map mass to dac 39.9624 >> 5.87949
GetDeflection H1 ===>> 0
GetHighVoltage ===>> 4500
do peak center. <pychron.spectrometer.jobs.peak_center.PeakCenter object at 0x1376ecfb0>
doing pc
starting peak center. center dac= 5.87949 step_width=0.001
width = 0.001
get scan parameters. half-width=0.015,window=0.015, i=0, scalar=1
Scan parameters center=5.87949 width=0.03000 (5.86449 - 5.89449)
GetData ===>> H2,-0.24992783602684,H1,-0.0116799875310879,AX,-0.030214937831029,L1,-0.0454891482739109,L2,0.000...
Moving to starting dac 5.86449
setting magnet DAC
current  : 5.240146
requested: 5.864490
Delta Dac: 0.624344
Checking detector protection. dv=0.62434
Checking detector "CDD". Protection Threshold: 0.1 (V)
ProtectDetector CDD,On ===>> OK
GetDeflection CDD ===>> 2000
Protected = 2000
SetMagnetDAC 5.86449 ===>> OK
Magnet settling time: 0.500
GetMagnetMoving ===>> True
GetMagnetMoving ===>> True
GetMagnetMoving ===>> True
GetMagnetMoving ===>> True
GetMagnetMoving ===>> True
GetMagnetMoving ===>> True
GetMagnetMoving ===>> True
GetMagnetMoving ===>> True
GetMagnetMoving ===>> False
ProtectDetector CDD,Off ===>> OK
GetDeflection CDD ===>> 50
Wait until signal near baseline. tol= -0.00875999064832. timeout= 10
GetData ===>> H2,2.64543263578558,H1,1.18982340129248,AX,0.0477261116468515,L1,0.0187102746537102,L2,-0.1208310...
GetData ===>> H2,28.3694785793478,H1,15.7518992852902,AX,1.51965996435232,L1,-0.00523493416837834,L2,-0.1285787...
GetData ===>> H2,27.9375782937976,H1,15.1639036518119,AX,2.23191739907292,L1,-0.0302094511415066,L2,-0.01323052...
GetData ===>> H2,14.4390087496235,H1,7.34788834304434,AX,0.92095148872289,L1,-0.0165162459131326,L2,-0.15047395...
GetData ===>> H2,5.78169378420959,H1,3.58887805533035,AX,0.494424484251742,L1,-0.0223305917285782,L2,-0.0239320...
GetData ===>> H2,2.011053973457,H1,1.91031290513679,AX,0.190324554184647,L1,0.00409217996729833,L2,-0.061036464...
GetData ===>> H2,0.556448087611298,H1,1.09313205132071,AX,0.127789782620829,L1,0.0221525711449476,L2,-0.0211543...
GetData ===>> H2,0.176032123489832,H1,0.70016712692389,AX,0.0117062960553443,L1,0.0155810615253591,L2,0.0028467...
GetData ===>> H2,0.0634389998530529,H1,0.609597041202048,AX,0.0111029847976392,L1,-0.026760366813659,L2,-0.0013...
GetData ===>> H2,0.0284113474096761,H1,0.502458605117906,AX,-0.0101265496611657,L1,-0.00280198074920053,L2,-0.0...
GetData ===>> H2,-0.00289608501977681,H1,0.42224840185765,AX,-0.0361293197571066,L1,-0.0100942819661967,L2,-0.0...
GetData ===>> H2,-0.0372822775755906,H1,0.486312917372556,AX,-0.0781226902045067,L1,-0.0226203825989411,L2,-0.0...
GetData ===>> H2,0.0128844974374087,H1,0.40775855750248,AX,0.0740549485378087,L1,-0.03270038551574,L2,0.0616223...
GetData ===>> H2,0.0379145923067742,H1,0.284345021742172,AX,-0.0360133549386445,L1,-0.0349540061858269,L2,-0.02...
GetData ===>> H2,-0.076320140193226,H1,0.249654113594411,AX,0.00618381715667183,L1,-0.0722276833755446,L2,-0.08...
GetData ===>> H2,-0.0646645130905386,H1,0.283342087804406,AX,-0.0755725330052526,L1,-0.0573094607588051,L2,-0.0...
GetData ===>> H2,-0.077011358480347,H1,0.306985343168109,AX,-0.154966974566723,L1,-0.00568115175799378,L2,0.022...
GetData ===>> H2,-0.0208748917890579,H1,0.289097154667606,AX,-0.0544036484011066,L1,0.00279556381004073,L2,0.09...
GetData ===>> H2,-0.00593709146123872,H1,0.294183858121788,AX,0.0712507950094411,L1,0.00324936047809179,L2,0.05...
GetData ===>> H2,0.0168289693718155,H1,0.249916697530472,AX,0.138804680005118,L1,-0.032162051398078,L2,0.049795...
GetData ===>> H2,0.0848658900340115,H1,0.209176673333889,AX,0.188097107396279,L1,-0.0344099416620704,L2,-0.0102...
Peak center failed to move to a baseline position
_do_sweep sm= 5.86449, em= 5.89449, stm= 0.001
calculated step values: start=5.86449, end=5.89449, width=0.001, nsteps=31.0
setting magnet DAC
current  : 5.864490
requested: 5.864490
Delta Dac: 0.000000
Checking detector protection. dv=0.00000
Checking detector "CDD". Protection Threshold: 0.1 (V)
SetMagnetDAC 5.86449 ===>> OK
GetData ===>> H2,0.0848658900340115,H1,0.209176673333889,AX,0.188097107396279,L1,-0.0344099416620704,L2,-0.0102...
setting magnet DAC
current  : 5.864490
requested: 5.865524
Delta Dac: 0.001034
Checking detector protection. dv=0.00103
Checking detector "CDD". Protection Threshold: 0.1 (V)
SetMagnetDAC 5.86552448276 ===>> OK
Magnet settling time: 1.049
GetData ===>> H2,-0.037754662391907,H1,0.687363703570143,AX,0.140567179180737,L1,0.00923203336504518,L2,-0.0761...
setting magnet DAC
current  : 5.865524
requested: 5.866559
Delta Dac: 0.001034
Checking detector protection. dv=0.00103
Checking detector "CDD". Protection Threshold: 0.1 (V)
SetMagnetDAC 5.86655896552 ===>> OK
Magnet settling time: 1.049
GetData ===>> H2,-0.10433094899856,H1,2.24663525995605,AX,0.586649553066907,L1,-0.00315232388440066,L2,-0.17332...
setting magnet DAC
current  : 5.866559
requested: 5.867593
Delta Dac: 0.001034
Checking detector protection. dv=0.00103
Checking detector "CDD". Protection Threshold: 0.1 (V)
SetMagnetDAC 5.86759344828 ===>> OK
Magnet settling time: 1.049
GetData ===>> H2,-0.116275834618397,H1,8.44712650090285,AX,1.38455083733759,L1,0.0131988076092315,L2,-0.1248645...
setting magnet DAC
current  : 5.867593
requested: 5.868628
Delta Dac: 0.001034
Checking detector protection. dv=0.00103
Checking detector "CDD". Protection Threshold: 0.1 (V)
SetMagnetDAC 5.86862793103 ===>> OK
Magnet settling time: 1.049
GetData ===>> H2,-0.17079408711246,H1,29.1546305490272,AX,4.33017587463311,L1,0.0300618217063514,L2,-0.05910192...
setting magnet DAC
current  : 5.868628
requested: 5.869662
Delta Dac: 0.001034
Checking detector protection. dv=0.00103
Checking detector "CDD". Protection Threshold: 0.1 (V)
SetMagnetDAC 5.86966241379 ===>> OK
Magnet settling time: 1.049
GetData ===>> H2,-0.199524329837857,H1,83.0906081942905,AX,13.4305572223889,L1,0.0621606640102374,L2,-0.0543450...
setting magnet DAC
current  : 5.869662
requested: 5.870697
Delta Dac: 0.001034
Checking detector protection. dv=0.00103
Checking detector "CDD". Protection Threshold: 0.1 (V)
SetMagnetDAC 5.87069689655 ===>> OK
Magnet settling time: 1.049
GetData ===>> H2,-0.113062937354654,H1,179.300082538884,AX,32.377486445097,L1,0.187591710685892,L2,0.0284028600...
setting magnet DAC
current  : 5.870697
requested: 5.871731
Delta Dac: 0.001034
Checking detector protection. dv=0.00103
Checking detector "CDD". Protection Threshold: 0.1 (V)
SetMagnetDAC 5.87173137931 ===>> OK
Magnet settling time: 1.049
GetData ===>> H2,-0.122715131933224,H1,287.950899646853,AX,56.7635397635617,L1,0.392369982663998,L2,0.098614827...
setting magnet DAC
current  : 5.871731
requested: 5.872766
Delta Dac: 0.001034
Checking detector protection. dv=0.00103
Checking detector "CDD". Protection Threshold: 0.1 (V)
SetMagnetDAC 5.87276586207 ===>> OK
Magnet settling time: 1.049
GetData ===>> H2,-0.0927029034472365,H1,369.223452794741,AX,78.9578079559337,L1,0.611082360712626,L2,0.17029281...
setting magnet DAC
current  : 5.872766
requested: 5.873800
Delta Dac: 0.001034
Checking detector protection. dv=0.00103
Checking detector "CDD". Protection Threshold: 0.1 (V)
SetMagnetDAC 5.87380034483 ===>> OK
Magnet settling time: 1.049
GetData ===>> H2,-0.160699913117077,H1,410.822942562246,AX,92.9894905463798,L1,0.876696581704032,L2,0.321285615...
setting magnet DAC
current  : 5.873800
requested: 5.874835
Delta Dac: 0.001034
Checking detector protection. dv=0.00103
Checking detector "CDD". Protection Threshold: 0.1 (V)
SetMagnetDAC 5.87483482759 ===>> OK
Magnet settling time: 1.049
GetData ===>> H2,-0.121673728487937,H1,425.997195150452,AX,99.0502935669564,L1,1.06103128841456,L2,0.4288567107...
setting magnet DAC
current  : 5.874835
requested: 5.875869
Delta Dac: 0.001034
Checking detector protection. dv=0.00103
Checking detector "CDD". Protection Threshold: 0.1 (V)
SetMagnetDAC 5.87586931034 ===>> OK
Magnet settling time: 1.049
GetData ===>> H2,-0.0903341720660319,H1,430.828039521229,AX,101.358821772305,L1,1.17096389824964,L2,0.699177577...
setting magnet DAC
current  : 5.875869
requested: 5.876904
Delta Dac: 0.001034
Checking detector protection. dv=0.00103
Checking detector "CDD". Protection Threshold: 0.1 (V)
SetMagnetDAC 5.8769037931 ===>> OK
Magnet settling time: 1.049
GetData ===>> H2,-0.119669096053935,H1,431.449863435755,AX,101.591754719171,L1,1.2370754981311,L2,0.58344178889...
setting magnet DAC
current  : 5.876904
requested: 5.877938
Delta Dac: 0.001034
Checking detector protection. dv=0.00103
Checking detector "CDD". Protection Threshold: 0.1 (V)
SetMagnetDAC 5.87793827586 ===>> OK
Magnet settling time: 1.049
GetData ===>> H2,-0.262485396883875,H1,431.677419784613,AX,101.409944090953,L1,1.22554015882344,L2,0.5478868691...
setting magnet DAC
current  : 5.877938
requested: 5.878973
Delta Dac: 0.001034
Checking detector protection. dv=0.00103
Checking detector "CDD". Protection Threshold: 0.1 (V)
SetMagnetDAC 5.87897275862 ===>> OK
Magnet settling time: 1.049
GetData ===>> H2,-0.250328624865736,H1,431.62697302045,AX,101.777583717857,L1,1.23318553965074,L2,0.50734062352...
setting magnet DAC
current  : 5.878973
requested: 5.880007
Delta Dac: 0.001034
Checking detector protection. dv=0.00103
Checking detector "CDD". Protection Threshold: 0.1 (V)
SetMagnetDAC 5.88000724138 ===>> OK
Magnet settling time: 1.049
GetData ===>> H2,-0.120480730777543,H1,431.508595800197,AX,101.404827535967,L1,1.24586300720431,L2,0.5833503123...
setting magnet DAC
current  : 5.880007
requested: 5.881042
Delta Dac: 0.001034
Checking detector protection. dv=0.00103
Checking detector "CDD". Protection Threshold: 0.1 (V)
SetMagnetDAC 5.88104172414 ===>> OK
Magnet settling time: 1.049
GetData ===>> H2,-0.186903442327803,H1,431.351699356983,AX,101.257405593363,L1,1.27804714876982,L2,0.5977131922...
setting magnet DAC
current  : 5.881042
requested: 5.882076
Delta Dac: 0.001034
Checking detector protection. dv=0.00103
Checking detector "CDD". Protection Threshold: 0.1 (V)
SetMagnetDAC 5.8820762069 ===>> OK
Magnet settling time: 1.049
GetData ===>> H2,-0.189872568481445,H1,430.676924646634,AX,101.315016690577,L1,1.25472146311241,L2,0.7029712981...
setting magnet DAC
current  : 5.882076
requested: 5.883111
Delta Dac: 0.001034
Checking detector protection. dv=0.00103
Checking detector "CDD". Protection Threshold: 0.1 (V)
SetMagnetDAC 5.88311068966 ===>> OK
Magnet settling time: 1.049
GetData ===>> H2,-0.216393608903592,H1,430.51521613567,AX,100.917447478994,L1,1.27611724418335,L2,0.55424234411...
setting magnet DAC
current  : 5.883111
requested: 5.884145
Delta Dac: 0.001034
Checking detector protection. dv=0.00103
Checking detector "CDD". Protection Threshold: 0.1 (V)
SetMagnetDAC 5.88414517241 ===>> OK
Magnet settling time: 1.049
GetData ===>> H2,-0.267068341353282,H1,428.160161803695,AX,99.9285800235696,L1,1.29544727723781,L2,0.6052843015...
setting magnet DAC
current  : 5.884145
requested: 5.885180
Delta Dac: 0.001034
Checking detector protection. dv=0.00103
Checking detector "CDD". Protection Threshold: 0.1 (V)
SetMagnetDAC 5.88517965517 ===>> OK
Magnet settling time: 1.049
GetData ===>> H2,-0.233192043866035,H1,421.478708910625,AX,96.8925253466553,L1,1.24748281503026,L2,0.3818565202...
setting magnet DAC
current  : 5.885180
requested: 5.886214
Delta Dac: 0.001034
Checking detector protection. dv=0.00103
Checking detector "CDD". Protection Threshold: 0.1 (V)
SetMagnetDAC 5.88621413793 ===>> OK
Magnet settling time: 1.049
GetData ===>> H2,-0.282146802639361,H1,399.133113237906,AX,88.0574440518138,L1,1.12812920432422,L2,0.4237195798...
setting magnet DAC
current  : 5.886214
requested: 5.887249
Delta Dac: 0.001034
Checking detector protection. dv=0.00103
Checking detector "CDD". Protection Threshold: 0.1 (V)
SetMagnetDAC 5.88724862069 ===>> OK
Magnet settling time: 1.049
GetData ===>> H2,-0.215604601544186,H1,346.953242228506,AX,70.8094389502632,L1,0.979786071310201,L2,0.321445262...
setting magnet DAC
current  : 5.887249
requested: 5.888283
Delta Dac: 0.001034
Checking detector protection. dv=0.00103
Checking detector "CDD". Protection Threshold: 0.1 (V)
SetMagnetDAC 5.88828310345 ===>> OK
Magnet settling time: 1.049
GetData ===>> H2,-0.153224053061951,H1,258.344573615248,AX,46.401875354591,L1,0.696475502171731,L2,0.1496482450...
setting magnet DAC
current  : 5.888283
requested: 5.889318
Delta Dac: 0.001034
Checking detector protection. dv=0.00103
Checking detector "CDD". Protection Threshold: 0.1 (V)
SetMagnetDAC 5.88931758621 ===>> OK
Magnet settling time: 1.049
GetData ===>> H2,-0.252566325151447,H1,98.7204999912426,AX,13.5965547925151,L1,0.32610724205538,L2,0.1080304750...
setting magnet DAC
current  : 5.889318
requested: 5.890352
Delta Dac: 0.001034
Checking detector protection. dv=0.00103
Checking detector "CDD". Protection Threshold: 0.1 (V)
SetMagnetDAC 5.89035206897 ===>> OK
Magnet settling time: 1.049
GetData ===>> H2,-0.320636559362947,H1,37.8102117442211,AX,4.3457271605673,L1,0.226920539850739,L2,0.0584092658...
setting magnet DAC
current  : 5.890352
requested: 5.891387
Delta Dac: 0.001034
Checking detector protection. dv=0.00103
Checking detector "CDD". Protection Threshold: 0.1 (V)
SetMagnetDAC 5.89138655172 ===>> OK
Magnet settling time: 1.049
GetData ===>> H2,-0.136312228007527,H1,11.7254268346284,AX,1.06213668004911,L1,0.169212192275935,L2,-0.06770463...
setting magnet DAC
current  : 5.891387
requested: 5.892421
Delta Dac: 0.001034
Checking detector protection. dv=0.00103
Checking detector "CDD". Protection Threshold: 0.1 (V)
SetMagnetDAC 5.89242103448 ===>> OK
Magnet settling time: 1.049
GetData ===>> H2,-0.170537727042565,H1,3.02265665725183,AX,0.0655732107601184,L1,0.0950406180695807,L2,0.038153...
setting magnet DAC
current  : 5.892421
requested: 5.893456
Delta Dac: 0.001034
Checking detector protection. dv=0.00103
Checking detector "CDD". Protection Threshold: 0.1 (V)
SetMagnetDAC 5.89345551724 ===>> OK
Magnet settling time: 1.049
GetData ===>> H2,-0.25448092798936,H1,0.656522530911308,AX,-0.0311659019190273,L1,0.0330633399780246,L2,0.00485...
setting magnet DAC
current  : 5.893456
requested: 5.894490
Delta Dac: 0.001034
Checking detector protection. dv=0.00103
Checking detector "CDD". Protection Threshold: 0.1 (V)
SetMagnetDAC 5.89449 ===>> OK
Magnet settling time: 1.049
GetData ===>> H2,-0.243717825875642,H1,0.0530340122626206,AX,-0.0543340825909408,L1,0.00424346272573496,L2,0.03...
result of _do_sweep=True
result of _calculate_peak_center=([5.8721553306613217, 5.8798807815631253, 5.887606232464929], [321.25798806116137, 431.67650992313509, 316.32198905057459], 5.8779569338677353, 431.67650992313509)
Failed to find a valid peak. No peak greater than 1.0. max = 0.0253023874374
new center pos Detector(H1) (Ar40) @ 5.87988078156
GetHighVoltage ===>> 4500
GetDeflection H1 ===>> 0
dac uncorrected for HV and deflection 5.87988078156
update mftable H1 Ar40 5.87988078156 message=automated run peakcenter
get initial guess parabolic
get initial guess parabolic
get initial guess parabolic
get initial guess parabolic
get initial guess parabolic
get initial guess parabolic
dump mftable to /Users/jan/PychronDev/setupfiles/spectrometer/mftables/mftable.csv
add to repo msg=modified - automated run peakcenter
sweep finished
locally archiving mftable
setting magnet DAC
current  : 5.894490
requested: 5.879881
Delta Dac: 0.014609
Checking detector protection. dv=0.01461
Checking detector "CDD". Protection Threshold: 0.1 (V)
SetMagnetDAC 5.87988078156 ===>> OK
Magnet settling time: 0.500
setting integration time = 1.048576
SetIntegrationTime 1.048576 ===>> OK
Failed to find a valid peak. No peak greater than 1.0. max = 0.0253023874374
flush and close file /Users/jan/PychronDev/data/isotopes/ac/538ae3-ee78-4403-861e-9b1805189893.h5
finished measure script
executed snippet estimated_duration=226.132928, duration=272.853395939
jan_unknown120_60.py completed successfully
Measurement Finished
20:21:34 -- ******* Measurement Finished *******
Post Measurement Started jan_pump_ms.py
20:21:34 -- ******* Post Measurement Started jan_pump_ms.py *******
testing...
no interpolation path defined
executed snippet estimated_duration=0, duration=3.00407409668e-05
Pumping spectrometer
open () {'name': 'O'}
opening name=O desc=---
checking ownership. requestor=129.138.12.150
check software interlocks O
interlocks []
actuate state mode=None-script, software_lock=False
doing actuation None-script open_channel True
Open O ===>> OK
GetIndicatorState O ===>> OK
change switch state (True, True)
update switch state O True args=() kw={} ncanvase=2
20:21:35 -- OPEN   VALVE-O (Jan Ion Pump)
---------------------------------------- open O () result=[(True, True)], time=0.09 sec
action=open, ok=True, locked=[False]
executed snippet estimated_duration=0, duration=0.345171928406
jan_pump_ms.py completed successfully
setting _ms_pumptime
Post Measurement Finished
20:21:35 -- ******* Post Measurement Finished *******
$$$$$$$$$$$$$$$$$$$$ state at run end measurement
state changed from measurement to success
post measurement save measured=True aborted=False
Set filtering
setting fod for Ar40= {'filter_outliers': True, 'std_devs': 2, 'iterations': 1}
setting fod for H1= {'filter_outliers': True, 'std_devs': 2, 'iterations': 1}
setting fod for PM41= {'filter_outliers': False, 'std_devs': 2, 'iterations': 1}
setting fod for H2= {'filter_outliers': True, 'std_devs': 2, 'iterations': 1}
setting fod for Ar36= {'filter_outliers': True, 'std_devs': 2, 'iterations': 1}
setting fod for CDD= {'filter_outliers': True, 'std_devs': 10, 'iterations': 1}
setting fod for Ar37= {'filter_outliers': True, 'std_devs': 2, 'iterations': 1}
setting fod for L2= {'filter_outliers': True, 'std_devs': 2, 'iterations': 1}
setting fod for Ar38= {'filter_outliers': True, 'std_devs': 2, 'iterations': 1}
setting fod for L1= {'filter_outliers': True, 'std_devs': 2, 'iterations': 1}
setting fod for Ar39= {'filter_outliers': True, 'std_devs': 2, 'iterations': 1}
setting fod for AX= {'filter_outliers': True, 'std_devs': 2, 'iterations': 1}
persistence save...
persistence save - db
post measurement save
8206433648 connecting to database sqlite:////Users/jan/PychronDev/.appdata/local_lab.db
connected to db sqlite:////Users/jan/PychronDev/.appdata/local_lab.db
create new session 8206433648
close session 8206433648
No database instance. Not saving post measurement to isotopedb database
$$$$$$$$$$$$$$$ auto_save_detector_ic=False
massspec enabled True
create new session 4985911824
MassSpec Database Version: 16.0
close session 4985911824
saving post measurement to secondary database
saving to massspec database 129.138.12.160/massspecdata
setting labnumber to 65555
setting aliquot to 13
setting step to 
setting uuid to ac538ae3-ee78-4403-861e-9b1805189893
setting irradpos to 65555
setting extract_device to Fusions CO2
setting tray to 
setting position to 199
setting power_requested to 5.0
setting extract_value to 5.0
setting duration to 30.0
setting duration_at_request to 30.0
setting first_stage_delay to 30.0
setting cleanup to 30.0
setting comment to N:14 without inclusions
setting irradiation to NM-289
setting level to N
setting irradiation_level to N
setting sample to Bw-2014-7 WO
setting material to Sanidine
setting project to Bustos Wells
setting mass_spectrometer to Jan
no attribute chron_dosages
no attribute production_ratios
no attribute interference_corrections
no attribute production_name
no attribute j
Reference Isotope=Ar40
Reference Detector=H1
%%%%%%%%%%%%%%%%%%%% Comment: N:14 without inclusions %%%%%%%%%%%%%%%%%%%
adding isotope PM41 H2
add baseline dbdet= PM41. original det= H2
get baseline data PM41 H2
Get data baseline <pychron.processing.isotope.Baseline object at 0x1debf5b50> len t=60
baseline PM41. v=-0.205696229526, e=0.0078263135444
get signal data PM41 H2
Get data signal PM41 0.09+/-0.07 len t=120
adding isotope Ar40 H1
add baseline dbdet= Ar40. original det= H1
get baseline data Ar40 H1
Get data baseline <pychron.processing.isotope.Baseline object at 0x1debf5d50> len t=60
baseline Ar40. v=-0.0226515771793, e=0.00489186815502
get signal data Ar40 H1
Get data signal Ar40 473.10+/-0.04 len t=120
adding isotope Ar39 AX
add baseline dbdet= Ar39. original det= AX
get baseline data Ar39 AX
Get data baseline <pychron.processing.isotope.Baseline object at 0x1debf5f10> len t=60
baseline Ar39. v=-0.0660109580771, e=0.00693923674997
get signal data Ar39 AX
Get data signal Ar39 111.717+/-0.020 len t=120
adding isotope Ar38 L1
add baseline dbdet= Ar38. original det= L1
get baseline data Ar38 L1
Get data baseline <pychron.processing.isotope.Baseline object at 0x1debf0110> len t=60
baseline Ar38. v=-0.0154586751015, e=0.00296954691941
get signal data Ar38 L1
Get data signal Ar38 1.430+/-0.005 len t=120
adding isotope Ar37 L2
add baseline dbdet= Ar37. original det= L2
get baseline data Ar37 L2
Get data baseline <pychron.processing.isotope.Baseline object at 0x1debf02d0> len t=60
baseline Ar37. v=-0.0236611384527, e=0.00657044338696
get signal data Ar37 L2
Get data signal Ar37 0.649+/-0.011 len t=120
adding isotope Ar36 CDD
add baseline dbdet= Ar36. original det= CDD
get baseline data Ar36 CDD
Get data baseline <pychron.processing.isotope.Baseline object at 0x1debf0490> len t=60
baseline Ar36. v=0.000143903231822, e=1.65839986791e-05
get signal data Ar36 CDD
Get data signal Ar36 0.01717+/-0.00031 len t=120
65555-13 added analysis time 0.472956895828s
analysis added to mass spec database
mass spec save time= 0.481
persistence save - dvc
================= post measurement started
create new session 4991427888
close session 4991427888
---------------- Experiment Queue saving disabled
DVC saving peakcenter
Failed to find a valid peak. No peak greater than 1.0. max = 0.0253023874374
Smart pull ahead: 0 behind: 0
Up-to-date with origin
add to repo msg=modified - ad8224ebc6dbfeb9f5997218dfa5fe690569839d.json
add to repo msg=modified - 55-13.json
add to repo msg=modified - 55-13.dat.json
add to repo msg=modified - 55-13.blan.json
add to repo msg=modified - 55-13.inte.json
add to repo msg=modified - 55-13.icfa.json
add to repo msg=modified - 55-13.base.json
not at valid file /Users/jan/PychronDev/data/.dvc/repositories/Load1786/655/tags/55-13.tags.json
add to repo msg=modified - 55-13.peak.json
add to repo msg=modified - 55-13.extr.json
not at valid file /Users/jan/PychronDev/data/.dvc/repositories/Load1786/655/monitor/55-13.moni.json
commit message=<COLLECTION>
add to repo msg=modified - 55-13.inte.json
add to repo msg=modified - 55-13.base.json
commit message=<ISOEVO> default collection fits
add to repo msg=modified - 55-13.blan.json
commit message=<BLANKS> preceding bc-02-J-328
add to repo msg=modified - 55-13.icfa.json
commit message=<ICFactor> default
push repository <pychron.git_archive.repo_manager.GitRepoManager object at 0x1e942de90>
pushing to remote=origin, url=https://github.com
no changes to meta repo
create new session 4991427888
add association Load1786
get identifier "65555"
setting analysis irradiation position=<pychron.dvc.dvc_orm.IrradiationPositionTbl object at 0x1e56f0cd0>
close session 4991427888
================= post measurement finished
20:21:50 -- ******* Post Run Check *******
loading queue conditionals post_run_actions
loading system conditionals post_run_actions
loading conditionals from /Users/jan/PychronDev/setupfiles/spectrometer/default_conditionals.yaml
loading queue conditionals post_run_terminations
loading system conditionals post_run_terminations
loading conditionals from /Users/jan/PychronDev/setupfiles/spectrometer/default_conditionals.yaml
Checking default post run terminations n=1
GetDeflection CDD ===>> 50
testing CDD==2000
evaluate ot="CDD.deflection==2000" t="CDD==2000", ctx="{'CDD': 50.0}"
20:21:50 -- ******* Post Run Check Passed *******
20:21:50 -- Automated run 65555-13 success duration: 367.621 s
----------------- finish -----------------
----------------- stop -----------------
retroactive repository identifiers disabled
finish run. runs completed=229
update duration runid=65555-13, duration=367.620870829, md5=301e91d8
loading script "jan_unknown120_60.py"
loading script "jan_pump_ms.py"
loading script "jan_co2.py"
loading script "jan_pump_extraction_line.py"
testing...
no interpolation path defined
executed snippet estimated_duration=213.652928, duration=0.000357866287231
script duration name:unknown120_60 seconds:214.0
loading script "jan_unknown120_60.py"
loading script "jan_pump_ms.py"
loading script "jan_co2.py"
loading script "jan_pump_extraction_line.py"
testing...
no interpolation path defined
executed snippet estimated_duration=0, duration=2.59876251221e-05
loading script "jan_unknown120_60.py"
loading script "jan_pump_ms.py"
loading script "jan_co2.py"
loading script "jan_pump_extraction_line.py"
testing...
no interpolation path defined
calculate duration
testing...
no interpolation path defined
executed snippet estimated_duration=0, duration=5.79357147217e-05
calculate duration
testing...
no interpolation path defined
executed snippet estimated_duration=0, duration=0.000133991241455
executed snippet estimated_duration=0.0, duration=0.00296998023987
script duration name:co2 seconds:0.0
loading script "jan_unknown120_60.py"
loading script "jan_pump_ms.py"
loading script "jan_co2.py"
loading script "jan_pump_extraction_line.py"
testing...
no interpolation path defined
calculate duration
testing...
no interpolation path defined
executed snippet estimated_duration=4.0, duration=0.000158071517944
executed snippet estimated_duration=4.0, duration=0.00163817405701
Script duration 214.0
Run total estimated duration= 215.000
loading script "jan_ic_peak_hop3.py"
loading script "jan_pump_ms.py"
loading script "jan_air_x1.py"
loading script "jan_pump_extraction_line.py"
testing...
no interpolation path defined
executed snippet estimated_duration=133.8, duration=0.00728487968445
script duration name:ic_peak_hop3 seconds:134.0
pump_ms in script context. using previous estimated duration
loading script "jan_ic_peak_hop3.py"
loading script "jan_pump_ms.py"
loading script "jan_air_x1.py"
loading script "jan_pump_extraction_line.py"
testing...
no interpolation path defined
calculate duration
testing...
no interpolation path defined
executed snippet estimated_duration=0, duration=4.81605529785e-05
calculate duration
testing...
no interpolation path defined
executed snippet estimated_duration=0, duration=0.000102043151855
calculate duration
testing...
no interpolation path defined
executed snippet estimated_duration=32.0, duration=9.01222229004e-05
calculate duration
testing...
no interpolation path defined
executed snippet estimated_duration=34.0, duration=0.0001380443573
calculate duration
testing...
no interpolation path defined
executed snippet estimated_duration=4.0, duration=0.000113010406494
calculate duration
testing...
no interpolation path defined
executed snippet estimated_duration=36.0, duration=0.000193119049072
executed snippet estimated_duration=106.0, duration=0.0192999839783
script duration name:air_x1 seconds:106.0
pump_extraction_line in script context. using previous estimated duration
Script duration 240.0
Run total estimated duration= 241.000
unknown120_60 in script context. using previous estimated duration
script duration name:unknown120_60 seconds:214.0
co2 in script context. using previous estimated duration
script duration name:co2 seconds:0.0
Script duration 214.0
Run total estimated duration= 215.000
script duration name:unknown120_60 seconds:214.0
script duration name:co2 seconds:0.0
Script duration 214.0
Run total estimated duration= 215.000
script duration name:unknown120_60 seconds:214.0
script duration name:co2 seconds:0.0
Script duration 214.0
Run total estimated duration= 215.000
loading script "jan_unknown400_120.py"
loading script "jan_pump_ms.py"
loading script "jan_sniffair_x2.py"
loading script "jan_pump_extraction_line.py"
testing...
no interpolation path defined
executed snippet estimated_duration=556.052928, duration=0.000191926956177
script duration name:unknown400_120 seconds:556.0
loading script "jan_unknown400_120.py"
loading script "jan_pump_ms.py"
loading script "jan_sniffair_x2.py"
loading script "jan_pump_extraction_line.py"
testing...
no interpolation path defined
calculate duration
testing...
no interpolation path defined
executed snippet estimated_duration=0, duration=4.60147857666e-05
calculate duration
testing...
no interpolation path defined
executed snippet estimated_duration=0, duration=0.000108003616333
calculate duration
testing...
no interpolation path defined
executed snippet estimated_duration=32.0, duration=9.3936920166e-05
calculate duration
testing...
no interpolation path defined
executed snippet estimated_duration=34.0, duration=0.000109910964966
calculate duration
testing...
no interpolation path defined
executed snippet estimated_duration=4.0, duration=7.89165496826e-05
calculate duration
testing...
no interpolation path defined
executed snippet estimated_duration=36.0, duration=0.000101089477539
calculate duration
testing...
no interpolation path defined
executed snippet estimated_duration=34.0, duration=0.000102996826172
calculate duration
testing...
no interpolation path defined
executed snippet estimated_duration=4.0, duration=7.08103179932e-05
calculate duration
testing...
no interpolation path defined
executed snippet estimated_duration=36.0, duration=9.51290130615e-05
calculate duration
testing...
no interpolation path defined
executed snippet estimated_duration=70.0, duration=9.58442687988e-05
executed snippet estimated_duration=250.0, duration=0.0278511047363
script duration name:sniffair_x2 seconds:250.0
Script duration 806.0
Run total estimated duration= 807.000
script duration name:unknown120_60 seconds:214.0
script duration name:co2 seconds:0.0
Script duration 214.0
Run total estimated duration= 215.000
unknown400_120 in script context. using previous estimated duration
script duration name:unknown400_120 seconds:556.0
script duration name:co2 seconds:0.0
Script duration 556.0
Run total estimated duration= 557.000
script duration name:unknown400_120 seconds:556.0
loading script "jan_unknown400_120.py"
loading script "jan_pump_ms.py"
loading script "jan_cocktail_x1.py"
loading script "jan_pump_extraction_line.py"
testing...
no interpolation path defined
calculate duration
testing...
no interpolation path defined
executed snippet estimated_duration=0, duration=4.6968460083e-05
calculate duration
testing...
no interpolation path defined
executed snippet estimated_duration=0, duration=0.000112056732178
calculate duration
testing...
no interpolation path defined
executed snippet estimated_duration=32.0, duration=0.000105142593384
calculate duration
testing...
no interpolation path defined
executed snippet estimated_duration=34.0, duration=0.000117063522339
calculate duration
testing...
no interpolation path defined
executed snippet estimated_duration=4.0, duration=7.70092010498e-05
calculate duration
testing...
no interpolation path defined
executed snippet estimated_duration=38.0, duration=0.000100135803223
executed snippet estimated_duration=108.0, duration=0.00790500640869
script duration name:cocktail_x1 seconds:108.0
Script duration 664.0
Run total estimated duration= 665.000
script duration name:unknown400_120 seconds:556.0
cocktail_x1 in script context. using previous estimated duration
script duration name:cocktail_x1 seconds:108.0
Script duration 664.0
Run total estimated duration= 665.000
script duration name:unknown120_60 seconds:214.0
script duration name:co2 seconds:0.0
Script duration 214.0
Run total estimated duration= 215.000
script duration name:unknown400_120 seconds:556.0
sniffair_x2 in script context. using previous estimated duration
script duration name:sniffair_x2 seconds:250.0
Script duration 806.0
Run total estimated duration= 807.000
script duration name:unknown120_60 seconds:214.0
script duration name:co2 seconds:0.0
Script duration 214.0
Run total estimated duration= 215.000
script duration name:unknown120_60 seconds:214.0
script duration name:co2 seconds:0.0
Script duration 214.0
Run total estimated duration= 215.000
script duration name:unknown120_60 seconds:214.0
script duration name:co2 seconds:0.0
Script duration 214.0
Run total estimated duration= 215.000
script duration name:unknown120_60 seconds:214.0
script duration name:co2 seconds:0.0
Script duration 214.0
Run total estimated duration= 215.000
script duration name:unknown120_60 seconds:214.0
script duration name:co2 seconds:0.0
Script duration 214.0
Run total estimated duration= 215.000
script duration name:unknown120_60 seconds:214.0
script duration name:co2 seconds:0.0
Script duration 214.0
Run total estimated duration= 215.000
script duration name:unknown120_60 seconds:214.0
script duration name:co2 seconds:0.0
Script duration 214.0
Run total estimated duration= 215.000
script duration name:unknown120_60 seconds:214.0
script duration name:co2 seconds:0.0
Script duration 214.0
Run total estimated duration= 215.000
script duration name:unknown120_60 seconds:214.0
script duration name:co2 seconds:0.0
Script duration 214.0
Run total estimated duration= 215.000
script duration name:unknown120_60 seconds:214.0
script duration name:co2 seconds:0.0
Script duration 214.0
Run total estimated duration= 215.000
script duration name:unknown120_60 seconds:214.0
script duration name:co2 seconds:0.0
Script duration 214.0
Run total estimated duration= 215.000
script duration name:unknown400_120 seconds:556.0
script duration name:cocktail_x1 seconds:108.0
Script duration 664.0
Run total estimated duration= 665.000
script duration name:unknown400_120 seconds:556.0
script duration name:cocktail_x1 seconds:108.0
Script duration 664.0
Run total estimated duration= 665.000
script duration name:unknown120_60 seconds:214.0
script duration name:co2 seconds:0.0
Script duration 214.0
Run total estimated duration= 215.000
script duration name:unknown120_60 seconds:214.0
script duration name:co2 seconds:0.0
Script duration 214.0
Run total estimated duration= 215.000
script duration name:unknown120_60 seconds:214.0
script duration name:co2 seconds:0.0
Script duration 214.0
Run total estimated duration= 215.000
script duration name:unknown120_60 seconds:214.0
script duration name:co2 seconds:0.0
Script duration 214.0
Run total estimated duration= 215.000
ic_peak_hop3 in script context. using previous estimated duration
script duration name:ic_peak_hop3 seconds:134.0
air_x1 in script context. using previous estimated duration
script duration name:air_x1 seconds:106.0
Script duration 240.0
Run total estimated duration= 241.000
script duration name:unknown120_60 seconds:214.0
script duration name:co2 seconds:0.0
Script duration 214.0
Run total estimated duration= 215.000
nruns=31 before=5.0, run_dur=10043.0, btw=900.0
write rem/ex queues
/Users/jan/PychronDev/experiments/rem/Load1786.rem.txt
/Users/jan/PychronDev/experiments/rem/Load1786.ex.txt
doing event level: 3
