do run
loading script "jan_unknown120_60.py"
loading script "jan_pump_ms.py"
loading script "jan_co2.py"
loading script "jan_pump_extraction_line.py"
testing...
no interpolation path defined
executed snippet estimated_duration=213.652928, duration=0.000404834747314
script duration name:unknown120_60 seconds:214.0
loading script "jan_unknown120_60.py"
loading script "jan_pump_ms.py"
loading script "jan_co2.py"
loading script "jan_pump_extraction_line.py"
testing...
no interpolation path defined
executed snippet estimated_duration=0, duration=2.59876251221e-05
loading script "jan_unknown120_60.py"
loading script "jan_pump_ms.py"
loading script "jan_co2.py"
loading script "jan_pump_extraction_line.py"
testing...
no interpolation path defined
calculate duration
testing...
no interpolation path defined
executed snippet estimated_duration=0, duration=6.103515625e-05
calculate duration
testing...
no interpolation path defined
executed snippet estimated_duration=0, duration=0.000182151794434
executed snippet estimated_duration=0.0, duration=0.00397491455078
script duration name:co2 seconds:0.0
loading script "jan_unknown120_60.py"
loading script "jan_pump_ms.py"
loading script "jan_co2.py"
loading script "jan_pump_extraction_line.py"
testing...
no interpolation path defined
calculate duration
testing...
no interpolation path defined
executed snippet estimated_duration=4.0, duration=0.000157833099365
executed snippet estimated_duration=4.0, duration=0.00165915489197
Script duration 214.0
Run total estimated duration= 215.000
run duration: 0:03:35
doing event level: 2
20:22:56 -- Setting default integration. t=1.048576
setting integration time = 1.048576
SetIntegrationTime 1.048576 ===>> OK
----------------- start -----------------
**************** Experiment Type: Ar/Ar, Ar/Ar
$$$$$ Clearing conditionals
adding conditionals 
Add queue conditionals
add default conditionals
adding default conditionals from /Users/jan/PychronDev/setupfiles/spectrometer/default_conditionals.yaml
Start automated run 65555-14
loading script "jan_unknown120_60.py"
loading script "jan_pump_ms.py"
loading script "jan_co2.py"
loading script "jan_pump_extraction_line.py"
%%%%%%%%%%%%%%%%%% setting automated run 65555-14
No value "sensitivity_multiplier" in metadata
$$$$$$$$$$$$$$$ auto_save_detector_ic=False
============================= Pre Extraction Check =============================
loading queue conditionals pre_run_terminations
loading system conditionals pre_run_terminations
loading conditionals from /Users/jan/PychronDev/setupfiles/spectrometer/default_conditionals.yaml
20:22:56 -- ******* Pre Extraction Check *******
Get a measurement from the spectrometer
GetData ===>> H2,-0.0955002689910057,H1,-0.0432224383372535,AX,-0.0378803717201927,L1,-0.0180932258129022,L2,0....
Pre Extraction Termination data. keys=H2,H1,AX,L1,L2,CDD, signals=-0.09550,-0.04322,-0.03788,-0.01809,0.05261,0.00357
20:22:56 -- testing system defined conditionals
Checking default pre extraction terminations n=2
testing CDD
evaluate ot="CDD.inactive" t="CDD", ctx="{'CDD': False}"
GetDeflection CDD ===>> 50
testing CDD==2000
evaluate ot="CDD.deflection==2000" t="CDD==2000", ctx="{'CDD': 50.0}"
20:22:56 -- ******* Pre Extraction Check Passed *******
=================================================================================
20:22:56 -- stopping status monitor
stop 4984189200
Alive clients [4991693744]
20:22:56 -- starting status monitor
start 4984189200
Monitor already running
start extraction
do extraction
Analysis started at 20:22:56.410789
Extraction Started jan_co2.py
20:22:56 -- ******* Extraction Started jan_co2.py *******
state changed from not run to extraction
DO EXTRACTION <pychron.extraction_line.pyscript_runner.RemotePyScriptRunner object at 0x12c301530>
testing...
no interpolation path defined
calculate duration
testing...
no interpolation path defined
executed snippet estimated_duration=0, duration=7.48634338379e-05
calculate duration
testing...
no interpolation path defined
executed snippet estimated_duration=0, duration=9.3936920166e-05
executed snippet estimated_duration=100.0, duration=0.00534009933472
Jan CO2 laser analysis
doing GOSUB
testing...
no interpolation path defined
executed snippet estimated_duration=0, duration=4.50611114502e-05
Waiting for CO2 access
wait ('FelixCO2Flag', 0) {}
waiting for FelixCO2Flag = 0
Read FelixCO2Flag ===>> 0
finished waiting
CO2 free
wait ('CO2PumpTimeFlag', 0) {}
waiting for CO2PumpTimeFlag = 0
Read CO2PumpTimeFlag ===>> 0
finished waiting
acquire ('JanCO2Flag',) {'clear': True}
acquire JanCO2Flag
Set JanCO2Flag 1 ===>> OK
JanCO2Flag acquired
set extraction state False (0.75, 'red', 1.5)
CO2 acquired
executed snippet estimated_duration=0, duration=0.0300660133362
WaitForCO2Access.py completed successfully
gosub finished
doing GOSUB
testing...
no interpolation path defined
executed snippet estimated_duration=0, duration=8.08238983154e-05
Prepare for CO2 analysis
close () {'description': 'Jan Inlet'}
closing name=--- desc=Jan Inlet
checking ownership. requestor=129.138.12.150
check software interlocks R
interlocks []
actuate state mode=None-script, software_lock=False
doing actuation None-script close_channel False
Close R ===>> OK
GetIndicatorState R ===>> False
change switch state (True, True)
update switch state R False args=() kw={} ncanvase=2
20:22:56 -- CLOSE  VALVE-R (Jan Inlet)
---------------------------------------- close None (Jan Inlet) result=[(True, True)]
action=close, ok=True, locked=[False]
open () {'description': 'Jan Ion Pump'}
opening name=--- desc=Jan Ion Pump
checking ownership. requestor=129.138.12.150
check software interlocks O
interlocks []
actuate state mode=None-script, software_lock=False
doing actuation None-script open_channel False
Open O ===>> OK
GetIndicatorState O ===>> OK
change switch state (True, True)
update switch state O True args=() kw={} ncanvase=2
20:22:57 -- OPEN   VALVE-O (Jan Ion Pump)
---------------------------------------- open None (Jan Ion Pump) result=[(True, True)], time=0.09 sec
action=open, ok=True, locked=[False]
close () {'description': 'Microbone to Minibone'}
closing name=--- desc=Microbone to Minibone
checking ownership. requestor=129.138.12.150
check software interlocks L
interlocks []
actuate state mode=None-script, software_lock=False
doing actuation None-script close_channel False
Close L ===>> OK
GetIndicatorState L ===>> False
change switch state (True, True)
update switch state L False args=() kw={} ncanvase=2
20:22:57 -- CLOSE  VALVE-L (Microbone to Minibone)
---------------------------------------- close None (Microbone to Minibone) result=[(True, True)]
action=close, ok=True, locked=[False]
open () {'description': 'Microbone to Turbo'}
opening name=--- desc=Microbone to Turbo
checking ownership. requestor=129.138.12.150
check software interlocks U
interlocks []
actuate state mode=None-script, software_lock=False
doing actuation None-script open_channel False
Open U ===>> OK
GetIndicatorState U ===>> OK
change switch state (True, True)
update switch state U True args=() kw={} ncanvase=2
20:22:58 -- OPEN   VALVE-U (Microbone to Turbo)
---------------------------------------- open None (Microbone to Turbo) result=[(True, True)], time=0.12 sec
action=open, ok=True, locked=[False]
open () {'description': 'Microbone to Inlet Pipette'}
opening name=--- desc=Microbone to Inlet Pipette
checking ownership. requestor=129.138.12.150
check software interlocks S
interlocks []
actuate state mode=None-script, software_lock=False
doing actuation None-script open_channel False
Open S ===>> OK
GetIndicatorState S ===>> OK
change switch state (True, True)
update switch state S True args=() kw={} ncanvase=2
20:22:58 -- OPEN   VALVE-S (Microbone to Inlet Pipette)
---------------------------------------- open None (Microbone to Inlet Pipette) result=[(True, True)], time=0.40 sec
action=open, ok=True, locked=[False]
open () {'description': 'Microbone to Getter D-50'}
opening name=--- desc=Microbone to Getter D-50
checking ownership. requestor=129.138.12.150
check software interlocks K
interlocks []
actuate state mode=None-script, software_lock=False
doing actuation None-script open_channel False
Open K ===>> OK
GetIndicatorState K ===>> OK
change switch state (True, True)
update switch state K True args=() kw={} ncanvase=2
20:22:59 -- OPEN   VALVE-K (Microbone to Getter D-50)
---------------------------------------- open None (Microbone to Getter D-50) result=[(True, True)], time=0.41 sec
action=open, ok=True, locked=[False]
open () {'description': 'Microbone to Getter NP-10'}
opening name=--- desc=Microbone to Getter NP-10
checking ownership. requestor=129.138.12.150
check software interlocks M
interlocks []
actuate state mode=None-script, software_lock=False
doing actuation None-script open_channel False
Open M ===>> OK
GetIndicatorState M ===>> OK
change switch state (True, True)
update switch state M True args=() kw={} ncanvase=2
20:22:59 -- OPEN   VALVE-M (Microbone to Getter NP-10)
---------------------------------------- open None (Microbone to Getter NP-10) result=[(True, True)], time=0.13 sec
action=open, ok=True, locked=[False]
close () {'description': 'CO2 Laser to Felix'}
closing name=--- desc=CO2 Laser to Felix
checking ownership. requestor=129.138.12.150
check software interlocks F
interlocks []
actuate state mode=None-script, software_lock=True
VALVE-F(CO2 Laser to Felix) software locked
change switch state (True, False)
---------------------------------------- close None (CO2 Laser to Felix) result=[(True, False)]
action=close, ok=True, locked=[True]
open () {'description': 'CO2 Laser to Jan'}
opening name=--- desc=CO2 Laser to Jan
checking ownership. requestor=129.138.12.150
check software interlocks A
interlocks []
actuate state mode=None-script, software_lock=False
doing actuation None-script open_channel False
Open A ===>> OK
GetIndicatorState A ===>> OK
change switch state (True, True)
update switch state A True args=() kw={} ncanvase=2
20:23:00 -- OPEN   VALVE-A (CO2 Laser to Jan)
---------------------------------------- open None (CO2 Laser to Jan) result=[(True, True)], time=0.13 sec
action=open, ok=True, locked=[False]
open () {'description': 'Microbone to CO2 Laser'}
opening name=--- desc=Microbone to CO2 Laser
checking ownership. requestor=129.138.12.150
check software interlocks T
interlocks []
actuate state mode=None-script, software_lock=False
doing actuation None-script open_channel False
Open T ===>> OK
GetIndicatorState T ===>> OK
change switch state (True, True)
update switch state T True args=() kw={} ncanvase=2
20:23:01 -- OPEN   VALVE-T (Microbone to CO2 Laser)
---------------------------------------- open None (Microbone to CO2 Laser) result=[(True, True)], time=0.40 sec
action=open, ok=True, locked=[False]
executed snippet estimated_duration=0, duration=4.82921099663
PrepareForCO2Analysis.py completed successfully
gosub finished
set_motor ('beam', '1.25') {}
setting motor "beam" to 1.25
set motor beam to 1.25
SetMotor beam,1.25 ===>> OK
GetMotorMoving beam ===>> False
GetMotorMoving beam ===>> False
Block completed
move_to_position ('200',) {'autocenter': True}
FusionsCO2 move to position 200
sending GoToHole 200,True
GoToHole 200,True ===>> OK
GetDriveMoving ===>> OK
GetDriveMoving ===>> OK
GetDriveMoving ===>> OK
GetDriveMoving ===>> OK
GetDriveMoving ===>> OK
GetDriveMoving ===>> OK
GetDriveMoving ===>> False
GetDriveMoving ===>> False
Block completed
GetAutoCorrecting ===>> OK
GetAutoCorrecting ===>> OK
GetAutoCorrecting ===>> OK
GetAutoCorrecting ===>> OK
GetAutoCorrecting ===>> False
GetAutoCorrecting ===>> False
Block completed
update position
GetPosition ===>> -3.98780,-11.96340,1.00000
got position (-3.9878, -11.9634, 1.0)
move to position succeeded
sleep (5,) {}
SLEEP 5.0
block started
WaitControl setup for 5.0  
Join finished
block finished. duration 5.0260310173
close () {'description': 'Microbone to Turbo'}
closing name=--- desc=Microbone to Turbo
checking ownership. requestor=129.138.12.150
check software interlocks U
interlocks []
actuate state mode=None-script, software_lock=False
doing actuation None-script close_channel True
Close U ===>> OK
State checksums do not match. Local:-1478425064 Remote:-1279931570
State checksum failed
GetIndicatorState U ===>> False
change switch state (True, True)
update switch state U False args=() kw={} ncanvase=2
20:23:13 -- CLOSE  VALVE-U (Microbone to Turbo)
---------------------------------------- close None (Microbone to Turbo) result=[(True, True)]
action=close, ok=True, locked=[False]
enable laser
enable () {}
set extraction state FusionsCO2 Enabled (False, 'red', 1.5)
enabling laser
Enable ===>> OK
begin interval
BEGIN INTERVAL Interval 1 waiting for 30.0
block started
set extract to 5.0
WaitControl setup for 30.0  
extract (5.0,) {}
GetPosition ===>> -3.98780,-11.96340,1.00000
set extraction state FusionsCO2 ON! 5.0(watts) (0.75, 'red', 1.5)
extract sample to 5.0 (watts)
set laser output
SetLaserOutput 5.0,watts ===>> OK
executing pattern triangle.lp
execute_pattern ('triangle.lp',) {}
executing pattern triangle.lp
IsPatterning ===>> OK
IsPatterning ===>> OK
IsPatterning ===>> OK
IsPatterning ===>> OK
IsPatterning ===>> OK
IsPatterning ===>> OK
IsPatterning ===>> OK
IsPatterning ===>> OK
IsPatterning ===>> OK
IsPatterning ===>> OK
IsPatterning ===>> OK
IsPatterning ===>> OK
IsPatterning ===>> OK
IsPatterning ===>> OK
IsPatterning ===>> OK
IsPatterning ===>> OK
IsPatterning ===>> OK
IsPatterning ===>> OK
IsPatterning ===>> OK
IsPatterning ===>> OK
IsPatterning ===>> OK
IsPatterning ===>> OK
IsPatterning ===>> OK
IsPatterning ===>> OK
IsPatterning ===>> OK
IsPatterning ===>> OK
IsPatterning ===>> False
IsPatterning ===>> False
Block completed
COMPLETE INTERVAL waiting for Interval 1 to complete
Join finished
block finished. duration 30.0878090858
Interval 1 finished
end_extract () {}
ending extraction. set laser power to 0
set laser power 0
SetLaserPower 0 ===>> OK
disable () {}
%%%%%%%%%%%%%%%%%%%%%%%%%%%%%%%%%%% disable
set extraction state False (0.75, 'red', 1.5)
disabling laser
Disable ===>> OK
sleep (30.0,) {}
SLEEP 30.0
block started
WaitControl setup for 30.0  
Join finished
block finished. duration 30.0569360256
executed snippet estimated_duration=166.5, duration=77.9355649948
jan_co2.py completed successfully
GetAchievedOutput ===>> No Response
Requested Output= 0.000
Achieved Output=  0.000
GetResponseBlob ===>> No Response
GetOutputBlob ===>> No Response
persistence save...
persistence save - db
AutomatedRunPersister post_extraction_save deprecated
persistence save - dvc
no extraction position for 200
create new session 4991427888
close session 4991427888
Extraction Finished
20:24:14 -- ******* Extraction Finished *******
no overlap. not waiting for min ms pumptime
20:24:14 -- Sending spectrometer configuration
======== Sending configuration ========
SetDeflection CDD,50.0 ===>> OK
SetDeflection H2,0.0 ===>> OK
SetDeflection H1,0.0 ===>> OK
SetDeflection L2,825.0 ===>> OK
SetDeflection L1,400.0 ===>> OK
SetDeflection AX,190.0 ===>> OK
SetZFocus 74.64 ===>> OK
SetZSymmetry -50.72 ===>> OK
SetExtractionLens 26.13 ===>> OK
SetIonRepeller -3.81 ===>> OK
SetElectronEnergy 75.08 ===>> OK
SetYSymmetry -2.81 ===>> OK
SetIonCounterVoltage 1590.0 ===>> OK
send trap current 200.0
GetParameter Trap Current Readback ===>> 198.147042666178
SetParameter Trap Current Set,200.0 ===>> OK
updating mftable name mftable
Using mftable located at /Users/jan/PychronDev/setupfiles/spectrometer/mftables/mftable.csv
============ MFtable ===========
Isotope  H2     H1     AX     L1     L2     CDD    
Ar40     5.7977 5.8799 5.9932 6.1376 6.2316 6.3659
Ar39     5.6970 5.7721 5.8856 6.0237 6.1168 6.2523
Ar36     5.3745 5.4412 5.5490 5.6825 5.7717 5.9035
================================
get initial guess parabolic
get initial guess parabolic
get initial guess parabolic
get initial guess parabolic
get initial guess parabolic
get initial guess parabolic
======== Configuration Finished ========
GetYSymmetry ===>> -2.81
GetZSymmetry ===>> -50.72
GetParameter Trap Current Readback ===>> 197.923274125618
GetHighVoltage ===>> 4500
start measurement
do measurement
L#=65555 analysis type=unknown
Measurement Started jan_unknown120_60.py
20:24:14 -- ******* Measurement Started jan_unknown120_60.py *******
state changed from extraction to measurement
setting spec, defl, and gains
GetExtractionLens ===>> 26.13
GetYSymmetry ===>> -2.81
GetZSymmetry ===>> -50.72
GetZFocus ===>> 74.64
GetDeflection H2 ===>> 0
GetDeflection H1 ===>> 0
GetDeflection AX ===>> 190
GetDeflection L1 ===>> 400
GetDeflection L2 ===>> 825
GetDeflection CDD ===>> 50
GetGain H2 ===>> 0.0113
GetGain H1 ===>> 0.1
GetGain AX ===>> 0.097049
GetGain L1 ===>> 0.010355
GetGain L2 ===>> 0.095649
GetGain CDD ===>> 0
pre measurement save
New frame /Users/jan/PychronDev/data/isotopes/bb/d3a084-0788-4961-a51b-23cc8b72d52e.h5
flush and close file /Users/jan/PychronDev/data/isotopes/bb/d3a084-0788-4961-a51b-23cc8b72d52e.h5
testing...
no interpolation path defined
executed snippet estimated_duration=226.132928, duration=0.000317096710205
unknown measurement script
activate_detectors ('H2', 'H1', 'AX', 'L1', 'L2', 'CDD') {}
activate detectors
*************** Set Analysis View Ar/Ar
create graphs
clearing graphs
clear isotope group
setting isotope det=H2, iso=PM41
setting isotope det=H1, iso=Ar40
setting isotope det=AX, iso=Ar39
setting isotope det=L1, iso=Ar38
setting isotope det=L2, iso=Ar37
setting isotope det=CDD, iso=Ar36
setting previous blanks
 - setting Ar40 blank 0.166+/-0.007
 - setting Ar36 blank 0.00460+/-0.00019
 - setting Ar37 blank 0.046+/-0.005
 - setting Ar38 blank 0.0069+/-0.0022
 - setting PM41 blank 0.03+/-0.06
 - setting Ar39 blank 0.027+/-0.009
load analysis view
position_magnet ('Ar40',) {'detector': 'H1'}
detector Detector(H1)
POSITION Ar40 H1
setting detector H2 to PM41 (40.9624)
setting detector H1 to Ar40 (39.9624)
setting detector AX to Ar39 (38.9624)
setting detector L1 to Ar38 (37.9624)
setting detector L2 to Ar37 (36.9624)
setting detector CDD to Ar36 (35.9624)
Mapping mass to dac mass func: "parabolic"
H1 map mass coeffs = [-0.00063987  0.15840543  0.57148999]
H1 map mass to dac 39.9624 >> 5.87988
GetDeflection H1 ===>> 0
GetHighVoltage ===>> 4500
positioning Ar40 (5.87988) on H1
setting magnet DAC
current  : 5.879881
requested: 5.879880
Delta Dac: 0.000001
Checking detector protection. dv=0.00000
Checking detector "CDD". Protection Threshold: 0.1 (V)
SetMagnetDAC 5.87988 ===>> OK
Magnet settling time: 0.500
equilibrate () {'delay': 3, 'inlet': 'R', 'outlet': 'O', 'eqtime': 12.0}
Equilibration Started
20:24:16 -- ******* Equilibration Started *******
checking ownership. requestor=129.138.12.150
check software interlocks O
interlocks []
actuate state mode=None-script, software_lock=False
doing actuation None-script close_channel True
Close O ===>> OK
GetIndicatorState O ===>> False
change switch state (True, True)
update switch state O False args=() kw={} ncanvase=2
20:24:16 -- CLOSE  VALVE-O (Jan Ion Pump)
waiting 3s before opening inlet value ('R',)
update labels <pychron.experiment.plot_panel.PlotPanel object at 0x1d65ff050>
update labels "<pychron.graph.stacked_regression_graph.StackedRegressionGraph object at 0x1e8a49a10>"
setting label 0 H2 PM41
setting label 1 H1 Ar40
setting label 2 AX Ar39
setting label 3 L1 Ar38
setting label 4 L2 Ar37
setting label 5 CDD Ar36
update labels "<pychron.graph.stacked_graph.StackedGraph object at 0x1ce0d1e30>"
setting label 0 H2 PM41
setting label 1 H1 Ar40
setting label 2 AX Ar39
setting label 3 L1 Ar38
setting label 4 L2 Ar37
setting label 5 CDD Ar36
checking ownership. requestor=129.138.12.150
check software interlocks R
interlocks []
actuate state mode=None-script, software_lock=False
doing actuation None-script open_channel True
Open R ===>> OK
State checksums do not match. Local:-1587152167 Remote:1760545817
State checksum failed
GetIndicatorState R ===>> OK
change switch state (True, True)
update switch state R True args=() kw={} ncanvase=2
20:24:19 -- OPEN   VALVE-R (Jan Inlet)
equilibrating for 12.0sec
set_time_zero () {}
sniff (12.0,) {}
py_sniff
build tables- sniff [Detector(H2), Detector(H1), Detector(AX), Detector(L1), Detector(L2), Detector(CDD)]
add group /sniff/PM41 (Group) '' table H2
add group /sniff/Ar40 (Group) '' table H1
add group /sniff/Ar39 (Group) '' table AX
add group /sniff/Ar38 (Group) '' table L1
add group /sniff/Ar37 (Group) '' table L2
add group /sniff/Ar36 (Group) '' table CDD
flush and close file /Users/jan/PychronDev/data/isotopes/bb/d3a084-0788-4961-a51b-23cc8b72d52e.h5
measuring sniff. ncounts=12.0
"sniff" increment series count="1" fit count="0" regressing="False"
starting measurement
GetData ===>> H2,-0.201192167554677,H1,0.011711968042394,AX,-0.0415215312201487,L1,-0.0132218756169025,L2,0.037...
GetData ===>> H2,0.468463499453083,H1,29.4057304651131,AX,8.34212118748037,L1,0.0898624651442705,L2,0.271804469...
GetData ===>> H2,0.917365877515533,H1,93.0779194429627,AX,23.4914497843543,L1,0.3290232005063,L2,0.403009877568...
GetData ===>> H2,0.376136647570223,H1,116.115882831325,AX,27.9428058147448,L1,0.407119311460089,L2,0.3746027646...
GetData ===>> H2,0.23241530368583,H1,123.690730248253,AX,29.146479841005,L1,0.39774941298057,L2,0.3047687237049...
GetData ===>> H2,0.0464761797155472,H1,126.835106753901,AX,29.5962072028809,L1,0.404796476981658,L2,0.295764899...
GetData ===>> H2,-0.104939010406214,H1,128.058601344571,AX,29.8935595260267,L1,0.421098607123104,L2,0.187598897...
GetData ===>> H2,-0.103099801997796,H1,128.650834333886,AX,29.8870183646771,L1,0.413604732576186,L2,0.230038855...
GetData ===>> H2,-0.127323209626667,H1,129.048861713095,AX,29.9810925728492,L1,0.423798897829589,L2,0.149420153...
GetData ===>> H2,-0.0546737765298741,H1,129.170249851508,AX,29.9680539749792,L1,0.372580418483967,L2,0.22720817...
GetData ===>> H2,-0.0587132139795388,H1,129.093591836112,AX,30.0774350259126,L1,0.35831635496975,L2,0.174969823...
Equilibration Finished
20:24:31 -- ******* Equilibration Finished *******
checking ownership. requestor=129.138.12.150
check software interlocks R
interlocks []
actuate state mode=None-script, software_lock=False
doing actuation None-script close_channel True
GetData ===>> H2,-0.0641420865258763,H1,128.929334563675,AX,29.8554682985152,L1,0.369511913590558,L2,0.24137381...
Close R ===>> OK
GetIndicatorState R ===>> False
change switch state (True, True)
update switch state R False args=() kw={} ncanvase=2
20:24:32 -- CLOSE  VALVE-R (Jan Inlet)
Post Equilibration Started jan_pump_extraction_line.py
20:24:32 -- ******* Post Equilibration Started jan_pump_extraction_line.py *******
testing...
no interpolation path defined
calculate duration
testing...
no interpolation path defined
executed snippet estimated_duration=4.0, duration=0.000159978866577
executed snippet estimated_duration=4.0, duration=0.0015869140625
Pump after analysis
doing GOSUB
testing...
no interpolation path defined
executed snippet estimated_duration=4.0, duration=0.000188112258911
Pump Microbone
close () {'description': 'Jan Inlet'}
closing name=--- desc=Jan Inlet
checking ownership. requestor=129.138.12.150
check software interlocks R
interlocks []
actuate state mode=None-script, software_lock=False
doing actuation None-script close_channel False
Close R ===>> OK
measurement finished
estimated time: 12.583 actual time: :12.680
flush and close file /Users/jan/PychronDev/data/isotopes/bb/d3a084-0788-4961-a51b-23cc8b72d52e.h5
set_fits () {}
using default fits file=/Users/jan/PychronDev/scripts/measurement/fits/nominal_linear.yaml
GetIndicatorState R ===>> False
change switch state (True, True)
set "Ar40" to "('Linear', 'SEM')"
update switch state R False args=() kw={} ncanvase=2
No fit for "PM41". defaulting to linear. check the measurement script "jan_unknown120_60.py"
set "PM41" to "linear"
set "Ar36" to "('Linear', 'SEM')"
set "Ar37" to "('linear', 'SEM')"
set "Ar38" to "('linear', 'SEM')"
set "Ar39" to "('Linear', 'SEM')"
20:24:32 -- CLOSE  VALVE-R (Jan Inlet)
set_baseline_fits () {}
---------------------------------------- close None (Jan Inlet) result=[(True, True)]
using default fits file=/Users/jan/PychronDev/scripts/measurement/fits/nominal_linear.yaml
set "H1" to "('average', 'SEM')"
set "H2" to "('average', 'SEM')"
set "CDD" to "('average', 'SEM')"
set "L2" to "('average', 'SEM')"
set "L1" to "('average', 'SEM')"
set "AX" to "('average', 'SEM')"
multicollect () {'integration_time': 1, 'ncounts': 120}
build tables- signal [Detector(H2), Detector(H1), Detector(AX), Detector(L1), Detector(L2), Detector(CDD)]
add group /signal/PM41 (Group) '' table H2
add group /signal/Ar40 (Group) '' table H1
add group /signal/Ar39 (Group) '' table AX
add group /signal/Ar38 (Group) '' table L1
add group /signal/Ar37 (Group) '' table L2
add group /signal/Ar36 (Group) '' table CDD
flush and close file /Users/jan/PychronDev/data/isotopes/bb/d3a084-0788-4961-a51b-23cc8b72d52e.h5
measuring signal. ncounts=120
action=close, ok=True, locked=[False]
is_closed ('F',) {}
is F () closed?
is closed True
open () {'description': 'CO2 Laser to Jan'}
opening name=--- desc=CO2 Laser to Jan
checking ownership. requestor=129.138.12.150
check software interlocks A
interlocks []
actuate state mode=None-script, software_lock=False
doing actuation None-script open_channel False
Open A ===>> OK
GetIndicatorState A ===>> OK
change switch state (True, True)
update switch state A True args=() kw={} ncanvase=2
20:24:33 -- OPEN   VALVE-A (CO2 Laser to Jan)
---------------------------------------- open None (CO2 Laser to Jan) result=[(True, True)], time=0.12 sec
"signal" increment series count="2" fit count="1" regressing="True"
starting measurement
GetData ===>> H2,-0.00654455356157577,H1,129.298224901011,AX,30.0877040023085,L1,0.398447134275552,L2,0.2838067...
action=open, ok=True, locked=[False]
sleep (1,) {}
SLEEP 1.0
close () {'description': 'CO2 Laser to Roughing'}
closing name=--- desc=CO2 Laser to Roughing
GetData ===>> H2,0.0903367135423977,H1,129.318802791256,AX,30.0557889019544,L1,0.424238604134898,L2,0.214208685...
checking ownership. requestor=129.138.12.150
check software interlocks G
interlocks []
actuate state mode=None-script, software_lock=True
VALVE-G(CO2 Laser to Roughing) software locked
change switch state (True, False)
---------------------------------------- close None (CO2 Laser to Roughing) result=[(True, False)]
action=close, ok=True, locked=[True]
open () {'description': 'Microbone to Turbo'}
opening name=--- desc=Microbone to Turbo
checking ownership. requestor=129.138.12.150
check software interlocks U
interlocks []
actuate state mode=None-script, software_lock=False
doing actuation None-script open_channel True
Open U ===>> OK
GetIndicatorState U ===>> OK
change switch state (True, True)
update switch state U True args=() kw={} ncanvase=2
20:24:34 -- OPEN   VALVE-U (Microbone to Turbo)
---------------------------------------- open None (Microbone to Turbo) result=[(True, True)], time=0.17 sec
action=open, ok=True, locked=[False]
open () {'description': 'Microbone to Getter NP-10'}
opening name=--- desc=Microbone to Getter NP-10
checking ownership. requestor=129.138.12.150
check software interlocks M
interlocks []
actuate state mode=None-script, software_lock=False
doing actuation None-script open_channel False
Open M ===>> OK
GetIndicatorState M ===>> OK
change switch state (True, True)
update switch state M True args=() kw={} ncanvase=2
20:24:35 -- OPEN   VALVE-M (Microbone to Getter NP-10)
---------------------------------------- open None (Microbone to Getter NP-10) result=[(True, True)], time=0.15 sec
action=open, ok=True, locked=[False]
open () {'description': 'Microbone to Getter D-50'}
opening name=--- desc=Microbone to Getter D-50
checking ownership. requestor=129.138.12.150
check software interlocks K
interlocks []
actuate state mode=None-script, software_lock=False
doing actuation None-script open_channel False
GetData ===>> H2,-0.080489852847085,H1,129.408183395309,AX,29.9527281950079,L1,0.440377927986232,L2,0.243360138...
Open K ===>> OK
GetIndicatorState K ===>> OK
change switch state (True, True)
update switch state K True args=() kw={} ncanvase=2
20:24:35 -- OPEN   VALVE-K (Microbone to Getter D-50)
---------------------------------------- open None (Microbone to Getter D-50) result=[(True, True)], time=0.42 sec
action=open, ok=True, locked=[False]
open () {'description': 'Microbone to CO2 Laser'}
opening name=--- desc=Microbone to CO2 Laser
checking ownership. requestor=129.138.12.150
check software interlocks T
interlocks []
actuate state mode=None-script, software_lock=False
doing actuation None-script open_channel False
Open T ===>> OK
GetIndicatorState T ===>> OK
change switch state (True, True)
update switch state T True args=() kw={} ncanvase=2
20:24:36 -- OPEN   VALVE-T (Microbone to CO2 Laser)
---------------------------------------- open None (Microbone to CO2 Laser) result=[(True, True)], time=0.41 sec
GetData ===>> H2,-0.0889716889762785,H1,129.196477989671,AX,29.9572387095944,L1,0.389466066161198,L2,0.22802997...
action=open, ok=True, locked=[False]
open () {'description': 'Microbone to Inlet Pipette'}
opening name=--- desc=Microbone to Inlet Pipette
checking ownership. requestor=129.138.12.150
check software interlocks S
interlocks []
actuate state mode=None-script, software_lock=False
doing actuation None-script open_channel False
Open S ===>> OK
GetIndicatorState S ===>> OK
change switch state (True, True)
update switch state S True args=() kw={} ncanvase=2
20:24:37 -- OPEN   VALVE-S (Microbone to Inlet Pipette)
---------------------------------------- open None (Microbone to Inlet Pipette) result=[(True, True)], time=0.41 sec
action=open, ok=True, locked=[False]
sleep (1,) {}
SLEEP 1.0
GetData ===>> H2,-0.160743127462161,H1,129.24355282375,AX,29.9167174968549,L1,0.403336713338632,L2,0.2941102958...
set_resource () {'name': 'CO2PumpTimeFlag', 'value': 30}
Set CO2PumpTimeFlag 30 ===>> OK
release ('JanCO2Flag',) {}
release JanCO2Flag
Set JanCO2Flag 0 ===>> OK
executed snippet estimated_duration=6.0, duration=5.94919300079
PumpMicrobone.py completed successfully
gosub finished
get_resource_value () {'name': 'JanMiniboneFlag'}
Read JanMiniboneFlag ===>> 0
Get Resource Value JanMiniboneFlag=0.0
get resource value 0.0
get_resource_value () {'name': 'JanMiniboneFlag'}
Read JanMiniboneFlag ===>> 0
Get Resource Value JanMiniboneFlag=0.0
executed snippet estimated_duration=4.0, duration=5.96242690086
jan_pump_extraction_line.py completed successfully
Post Equilibration Finished
20:24:38 -- ******* Post Equilibration Finished *******
GetData ===>> H2,-0.138771051946997,H1,129.195378522759,AX,29.9666618527232,L1,0.390385836249098,L2,0.170794723...
GetData ===>> H2,-0.244525212736971,H1,129.303506576126,AX,29.890897535037,L1,0.369884582247197,L2,0.3271393018...
GetData ===>> H2,-0.260919838711868,H1,128.845589066193,AX,29.7215252072814,L1,0.376866374604442,L2,0.222574267...
GetData ===>> H2,-0.163193921390867,H1,128.899447177042,AX,29.9179083015159,L1,0.33834220965201,L2,0.2851759322...
GetData ===>> H2,-0.139763215299181,H1,128.787441023637,AX,29.8959272795848,L1,0.375174271542376,L2,0.296826142...
GetData ===>> H2,-0.132111579738992,H1,128.821185206604,AX,29.8135716008397,L1,0.358178305547403,L2,0.308728848...
GetData ===>> H2,-0.046689706550649,H1,129.089294862464,AX,29.7905362042238,L1,0.338037094033485,L2,0.147013816...
GetData ===>> H2,-0.140935045785111,H1,128.993167406038,AX,29.8375751789422,L1,0.388349487969902,L2,0.235049814...
GetData ===>> H2,-0.193322861069451,H1,128.761757361383,AX,29.7391984629612,L1,0.388932832946453,L2,0.312198372...
GetData ===>> H2,-0.164203791339036,H1,128.857488485639,AX,29.7392653111187,L1,0.392863020570018,L2,0.231511296...
GetData ===>> H2,-0.128734464794935,H1,128.910821001956,AX,29.9147506898417,L1,0.369375068171955,L2,0.282494644...
GetData ===>> H2,-0.199804791857235,H1,128.880368370772,AX,29.8131836252875,L1,0.375641283662419,L2,0.299907238...
GetData ===>> H2,-0.238180788351084,H1,128.759071591685,AX,29.815899482314,L1,0.380462299603946,L2,0.1435469742...
GetData ===>> H2,-0.263347170505554,H1,128.582517170823,AX,29.7307625451165,L1,0.360938166581089,L2,0.211104589...
GetData ===>> H2,-0.190579659202678,H1,128.52599727595,AX,29.880811970845,L1,0.351596850054177,L2,0.19196869361...
GetData ===>> H2,-0.102987463948046,H1,128.633653836932,AX,29.8492978549198,L1,0.379880818922036,L2,0.214824951...
GetData ===>> H2,0.00103749962183064,H1,128.656045649032,AX,29.6217212417812,L1,0.370559085858664,L2,0.29290074...
GetData ===>> H2,-0.101964189128774,H1,128.627933932988,AX,29.6492732984515,L1,0.393075902815836,L2,0.203276325...
GetData ===>> H2,-0.209414503969576,H1,128.444337342737,AX,29.9412586519235,L1,0.376069193013521,L2,0.277976559...
20:24:58 -- collecting point 25
GetData ===>> H2,-0.251278087942556,H1,128.478014700906,AX,29.7755964914054,L1,0.344261965231568,L2,0.218237312...
GetData ===>> H2,-0.273667918716218,H1,128.524077703965,AX,29.5707791311599,L1,0.349035756121509,L2,0.312940227...
GetData ===>> H2,-0.189932517118441,H1,128.414427923262,AX,29.6311050250545,L1,0.342293058543214,L2,0.207395783...
GetData ===>> H2,-0.199033504573128,H1,128.426571475266,AX,29.7003797804308,L1,0.378473152744782,L2,0.280509399...
GetData ===>> H2,-0.243054379794173,H1,128.343601894012,AX,29.6783965049272,L1,0.335365889957565,L2,0.166038069...
GetData ===>> H2,-0.272812135579854,H1,128.338668511479,AX,29.6898887438275,L1,0.360511957216,L2,0.229981784317...
GetData ===>> H2,-0.257631786126096,H1,128.204758865302,AX,29.6650108187576,L1,0.396042031873838,L2,0.152453819...
GetData ===>> H2,-0.192669136208907,H1,128.389399368424,AX,29.6455698869268,L1,0.362692636391792,L2,0.253532135...
set states for children of Q. state=False
handle state [('Q', False)]
update switch state Q False args=() kw={'refresh': False} ncanvase=2
refresh_canvas_needed fired
GetData ===>> H2,-0.209993790843638,H1,128.255156303931,AX,29.6523885371302,L1,0.375954267034572,L2,0.201096849...
State checksums do not match. Local:975140197 Remote:1915512679
State checksum failed
GetData ===>> H2,-0.0762130653679503,H1,128.021461280423,AX,29.5420976290749,L1,0.337422008586208,L2,0.12876868...
set states for children of D. state=False
set states for children of I. state=True
handle state [('D', False), ('I', True)]
update switch state D False args=() kw={'refresh': True} ncanvase=2
update switch state I True args=() kw={'refresh': False} ncanvase=2
refresh_canvas_needed fired
GetData ===>> H2,-0.189962178606425,H1,127.911620866164,AX,29.4898432221151,L1,0.366366152366132,L2,0.272180944...
GetData ===>> H2,-0.229535409676725,H1,128.059442194849,AX,29.519566355644,L1,0.34765659517151,L2,0.28196980570...
set states for children of B. state=False
handle state [('B', False)]
update switch state B False args=() kw={'refresh': False} ncanvase=2
refresh_canvas_needed fired
GetData ===>> H2,-0.203524301077931,H1,127.927397225586,AX,29.4801345654427,L1,0.366667859270173,L2,0.235711874...
GetData ===>> H2,-0.113753232054812,H1,127.987564628017,AX,29.453162340721,L1,0.350529853237584,L2,0.2039039319...
GetData ===>> H2,-0.157369211920117,H1,128.060576371815,AX,29.3873554518008,L1,0.371453604724543,L2,0.239695744...
GetData ===>> H2,-0.219486350094672,H1,127.911933641697,AX,29.5123818751318,L1,0.355682741520968,L2,0.228509366...
GetData ===>> H2,-0.276340983041797,H1,127.775955739454,AX,29.6749891487476,L1,0.354390612852182,L2,0.279368472...
GetData ===>> H2,-0.223901926310842,H1,127.90603010411,AX,29.5094174095663,L1,0.374022725179898,L2,0.2700133832...
GetData ===>> H2,-0.224662826035879,H1,127.872157288296,AX,29.4808560513756,L1,0.394426706822366,L2,0.211766484...
GetData ===>> H2,-0.197521790787059,H1,127.757605282644,AX,29.469499867146,L1,0.401096691621454,L2,0.2414194766...
GetData ===>> H2,-0.180755296649427,H1,127.885388940725,AX,29.5297162206378,L1,0.414275914115183,L2,0.248531624...
GetData ===>> H2,-0.121188158381275,H1,127.896080582761,AX,29.5587285332327,L1,0.366147512020014,L2,0.288404986...
GetData ===>> H2,-0.0822212504725526,H1,127.81256507435,AX,29.4233922217072,L1,0.346735223839324,L2,0.243108992...
GetData ===>> H2,-0.0866298404210823,H1,127.769115606015,AX,29.5277663068381,L1,0.389075922626545,L2,0.21317017...
GetData ===>> H2,-0.0863224458092679,H1,127.582869591006,AX,29.4209885195066,L1,0.391546674378964,L2,0.28910101...
20:25:25 -- collecting point 50
GetData ===>> H2,-0.138480415458324,H1,127.562127922684,AX,29.4637554122097,L1,0.374153520647239,L2,0.261012824...
GetData ===>> H2,-0.154810417407417,H1,127.54832112996,AX,29.4445870944283,L1,0.375743980278789,L2,0.2904588588...
GetData ===>> H2,-0.206741316892663,H1,127.390645170517,AX,29.5066666693014,L1,0.359644412090798,L2,0.231477053...
GetData ===>> H2,-0.123947110561225,H1,127.466734036543,AX,29.5353123944737,L1,0.326790777282741,L2,0.264024324...
GetData ===>> H2,-0.154352367364376,H1,127.422525168968,AX,29.3545866087236,L1,0.347992214591746,L2,0.286111548...
GetData ===>> H2,-0.205264325631824,H1,127.493847400276,AX,29.3855399005218,L1,0.386783058905411,L2,0.311570652...
GetData ===>> H2,-0.298943728100308,H1,127.516493776675,AX,29.3579898510318,L1,0.386567861724278,L2,0.088949363...
GetData ===>> H2,-0.33491828741476,H1,127.430842710795,AX,29.360699172749,L1,0.348951536546092,L2,0.23945602314...
GetData ===>> H2,-0.230352462374234,H1,127.301948742633,AX,29.4556068068098,L1,0.394208902130043,L2,0.309915776...
GetData ===>> H2,-0.170271916001552,H1,127.194228198973,AX,29.3838578719165,L1,0.377597586421217,L2,0.177468125...
GetData ===>> H2,-0.18140296356728,H1,127.423559957507,AX,29.2673069410986,L1,0.358802596946897,L2,0.1772285597...
GetData ===>> H2,-0.207812553916116,H1,127.416492286686,AX,29.2461547841487,L1,0.36184283481047,L2,0.1943761601...
GetData ===>> H2,-0.109827467749561,H1,127.098762401555,AX,29.3743802462786,L1,0.371996219757956,L2,0.211070353...
GetData ===>> H2,-0.158621378650068,H1,126.902355321728,AX,29.3377187300681,L1,0.415405263728719,L2,0.164760543...
GetData ===>> H2,-0.195547223457187,H1,127.099133061415,AX,29.2562165737544,L1,0.40290726662964,L2,0.2865451293...
GetData ===>> H2,-0.124735452630431,H1,127.113717306606,AX,29.3814016215407,L1,0.357927866651435,L2,0.201370707...
GetData ===>> H2,-0.133101620719525,H1,127.128868584406,AX,29.4517063725956,L1,0.393734152857453,L2,0.243565623...
GetData ===>> H2,-0.297470467673835,H1,127.221230058346,AX,29.3922949681613,L1,0.375621722518728,L2,0.311776087...
GetData ===>> H2,-0.135180155186659,H1,126.774996303062,AX,29.3160637778109,L1,0.395191507083916,L2,0.235243866...
GetData ===>> H2,-0.149781363653982,H1,126.89853408241,AX,29.2738068606506,L1,0.378158869643222,L2,0.2838752131...
GetData ===>> H2,-0.204095802644139,H1,126.889449249432,AX,29.2365208674952,L1,0.370606742683041,L2,0.151005403...
GetData ===>> H2,-0.222785398400022,H1,127.029463761893,AX,29.1705734887139,L1,0.378401001298064,L2,0.174091440...
GetData ===>> H2,-0.157617765188044,H1,126.899216440026,AX,29.2673336340419,L1,0.348576828857119,L2,0.275603509...
GetData ===>> H2,-0.154594230902867,H1,126.745932984424,AX,29.4163815677462,L1,0.379334117633355,L2,0.266545387...
GetData ===>> H2,-0.154948234152089,H1,126.893913621459,AX,29.3348231550929,L1,0.353284250299704,L2,0.227915839...
20:25:51 -- collecting point 75
GetData ===>> H2,-0.128791235756269,H1,126.786529561119,AX,29.3140359252134,L1,0.327133351291068,L2,0.073725546...
GetData ===>> H2,-0.259755161798171,H1,126.771645576559,AX,29.2273814220014,L1,0.350164853519003,L2,0.245335088...
GetData ===>> H2,-0.230888158430451,H1,126.697284770221,AX,29.1475064152719,L1,0.330897544019935,L2,0.252401859...
GetData ===>> H2,-0.239491559431103,H1,126.45389989574,AX,29.2719249149514,L1,0.337522079495404,L2,0.1913069361...
GetData ===>> H2,-0.245884183572601,H1,126.521537479459,AX,29.2657587612786,L1,0.341980800809197,L2,0.339171354...
GetData ===>> H2,-0.104680537728997,H1,126.605992189976,AX,29.2701364284928,L1,0.319659800447078,L2,0.175813991...
GetData ===>> H2,-0.0820939109582736,H1,126.312727374806,AX,29.1428135812066,L1,0.356177408566877,L2,0.24609996...
GetData ===>> H2,-0.0747057785964548,H1,126.279337148735,AX,29.0551186142302,L1,0.375938373117552,L2,0.18844317...
GetData ===>> H2,-0.132858176028644,H1,126.381640018214,AX,29.1798016493937,L1,0.367659768016433,L2,0.272580237...
GetData ===>> H2,-0.125911778951359,H1,126.402129539308,AX,29.0221529192288,L1,0.359171569820041,L2,0.227687561...
set states for children of B. state=True
set states for children of D. state=True
handle state [('B', True), ('D', True)]
update switch state B True args=() kw={'refresh': True} ncanvase=2
update switch state D True args=() kw={'refresh': False} ncanvase=2
refresh_canvas_needed fired
GetData ===>> H2,-0.204629537463635,H1,126.300857106468,AX,29.059838315791,L1,0.354797286064103,L2,0.1786089249...
GetData ===>> H2,-0.244579036475,H1,126.257683852334,AX,29.1402939304738,L1,0.374069175715635,L2,0.152567869204...
GetData ===>> H2,-0.230987757409365,H1,126.153795775105,AX,29.162626145097,L1,0.360640262375446,L2,0.2189563202...
GetData ===>> H2,-0.160959196715762,H1,126.279823554056,AX,29.0651582181219,L1,0.36586047730296,L2,0.2016902094...
set states for children of I. state=False
set states for children of Q. state=True
handle state [('I', False), ('Q', True)]
update switch state I False args=() kw={'refresh': True} ncanvase=2
update switch state Q True args=() kw={'refresh': False} ncanvase=2
refresh_canvas_needed fired
GetData ===>> H2,-0.151877097155746,H1,126.190952183523,AX,29.0814661616725,L1,0.363298285108084,L2,0.221307399...
GetData ===>> H2,-0.138877842088391,H1,126.053134224694,AX,29.1442267434853,L1,0.341982020547451,L2,0.181666333...
GetData ===>> H2,-0.184229326140867,H1,126.260854820443,AX,28.9816822542398,L1,0.342357706841808,L2,0.217495484...
GetData ===>> H2,-0.171452501126759,H1,126.259006702707,AX,29.0883340773439,L1,0.35058844972145,L2,0.1763387481...
GetData ===>> H2,-0.263156230364905,H1,126.195774776191,AX,28.9942336564194,L1,0.356494985181109,L2,0.295468209...
GetData ===>> H2,-0.254986414989243,H1,126.022323802587,AX,29.1372810892563,L1,0.38071280675542,L2,0.2406318073...
GetData ===>> H2,-0.258702931266292,H1,126.058305503076,AX,29.0336824760895,L1,0.365878798427803,L2,0.187256623...
GetData ===>> H2,-0.201140936103542,H1,126.103687585674,AX,29.0507190717611,L1,0.357352491197956,L2,0.321203741...
GetData ===>> H2,-0.228582331213578,H1,126.080178324227,AX,29.0426003703892,L1,0.350522528700663,L2,0.153457459...
GetData ===>> H2,-0.0589668178725841,H1,125.860317225942,AX,28.9137490646933,L1,0.360373878219536,L2,0.25016418...
GetData ===>> H2,-0.068404730294949,H1,125.915018955435,AX,28.8736704723591,L1,0.362096791120968,L2,0.198837549...
20:26:17 -- collecting point 100
GetData ===>> H2,-0.114463785713294,H1,125.877376755176,AX,28.962125127466,L1,0.354742329281548,L2,0.1364084108...
GetData ===>> H2,-0.32064095723772,H1,125.881981968238,AX,29.0160220782112,L1,0.37725276097714,L2,0.19358887770...
GetData ===>> H2,-0.317475880528838,H1,125.832108800347,AX,29.0495192265713,L1,0.366616556255188,L2,0.191866006...
GetData ===>> H2,-0.197037622080352,H1,125.806721505541,AX,28.9844402441481,L1,0.360474076952183,L2,0.144926853...
GetData ===>> H2,-0.167029058873161,H1,125.712537823387,AX,28.8917093902374,L1,0.384785322208106,L2,0.308534832...
GetData ===>> H2,-0.147158450355875,H1,125.74418050947,AX,29.0056137459811,L1,0.409070506617908,L2,0.2250281579...
GetData ===>> H2,-0.082344524601408,H1,125.529482427676,AX,28.8977052438391,L1,0.368765395150263,L2,0.219972070...
GetData ===>> H2,-0.0731589754614655,H1,125.520824785963,AX,28.7950207128832,L1,0.358602233136932,L2,0.16387084...
GetData ===>> H2,-0.149882648343689,H1,125.477038922625,AX,28.8287856542321,L1,0.348950315977624,L2,0.306754471...
GetData ===>> H2,-0.0840986654715529,H1,125.48352066174,AX,28.9265964416722,L1,0.346848712786458,L2,0.236510918...
GetData ===>> H2,-0.11626094965896,H1,125.534044374708,AX,28.9323963209565,L1,0.366462648750379,L2,0.1350400570...
GetData ===>> H2,-0.102447413722239,H1,125.436407790012,AX,28.7387747879481,L1,0.394243163236087,L2,0.207601191...
GetData ===>> H2,-0.148753610500156,H1,125.336717817045,AX,29.0357219318111,L1,0.361181112825524,L2,0.234924252...
GetData ===>> H2,-0.204517670888178,H1,125.470052905891,AX,28.8712992506064,L1,0.344274165337654,L2,0.269511428...
GetData ===>> H2,-0.233402091033209,H1,125.292005442266,AX,28.8734706483604,L1,0.368859470586183,L2,0.154221602...
GetData ===>> H2,-0.180099496148116,H1,125.261732149475,AX,28.7930238947298,L1,0.37426475922625,L2,0.1657072799...
set states for children of W. state=False
handle state [('W', False)]
update switch state W False args=() kw={'refresh': False} ncanvase=2
refresh_canvas_needed fired
GetData ===>> H2,-0.158118907648526,H1,125.216613869275,AX,28.8653714162935,L1,0.387346750182798,L2,0.176943362...
GetData ===>> H2,-0.196743604231182,H1,125.141706527859,AX,28.927236183677,L1,0.398263518812364,L2,0.2871042237...
GetData ===>> H2,-0.134682531636395,H1,125.098940502209,AX,28.8310228088038,L1,0.382148758428681,L2,0.266043450...
GetData ===>> H2,-0.231835659104968,H1,125.056437640068,AX,28.835270862466,L1,0.371787236244627,L2,0.1914096223...
GetData ===>> H2,-0.215483418061237,H1,125.078860246516,AX,28.8208494433032,L1,0.362949055875924,L2,0.221318812...
measurement finished
estimated time: 125.829 actual time: :126.238
flush and close file /Users/jan/PychronDev/data/isotopes/bb/d3a084-0788-4961-a51b-23cc8b72d52e.h5
baselines () {'settling_time': 15.0, 'detector': 'H1', 'mass': 34.2, 'ncounts': 60}
%%%%%%%%%%%%%%%%%%%%%%%%%%%%%%%% Baseline
build tables- baseline [Detector(H2), Detector(H1), Detector(AX), Detector(L1), Detector(L2), Detector(CDD)]
add group baseline table H2
add group baseline table H1
add group baseline table AX
add group baseline table L1
add group baseline table L2
add group baseline table CDD
flush and close file /Users/jan/PychronDev/data/isotopes/bb/d3a084-0788-4961-a51b-23cc8b72d52e.h5
detector Detector(H1)
POSITION 34.2 H1
Mapping mass to dac mass func: "parabolic"
H1 map mass coeffs = [-0.00063987  0.15840543  0.57148999]
H1 map mass to dac 34.2 >> 5.24053599104
GetDeflection H1 ===>> 0
GetHighVoltage ===>> 4500
positioning 34.2 (5.24053599104) on H1
setting magnet DAC
current  : 5.879880
requested: 5.240536
Delta Dac: 0.639344
Checking detector protection. dv=0.63934
Checking detector "CDD". Protection Threshold: 0.1 (V)
ProtectDetector CDD,On ===>> OK
GetDeflection CDD ===>> 2000
Protected = 2000
SetMagnetDAC 5.24053599104 ===>> OK
Magnet settling time: 0.500
GetMagnetMoving ===>> True
GetMagnetMoving ===>> True
GetMagnetMoving ===>> True
GetMagnetMoving ===>> True
GetMagnetMoving ===>> True
GetMagnetMoving ===>> True
GetMagnetMoving ===>> True
GetMagnetMoving ===>> True
GetMagnetMoving ===>> False
ProtectDetector CDD,Off ===>> OK
GetDeflection CDD ===>> 50
Delaying 15.0s for detectors to settle
Join finished
measuring baseline. ncounts=60
"baseline" increment series count="2" fit count="1" regressing="True"
starting measurement
GetData ===>> H2,-0.180090050184397,H1,-0.0542390842378502,AX,-0.0739148949841376,L1,-0.0405379529866608,L2,-0....
GetData ===>> H2,-0.230562436719611,H1,-0.0405157823966327,AX,-0.0435855675056205,L1,-0.0474067067527916,L2,0.0...
GetData ===>> H2,-0.166987218196537,H1,-0.0160571711041556,AX,-0.0990198694732202,L1,-0.0440034471928593,L2,0.0...
GetData ===>> H2,-0.228532521230193,H1,-0.0232844721432144,AX,-0.10669147333918,L1,-0.0261784473038342,L2,-0.11...
GetData ===>> H2,-0.274606921554646,H1,-0.110471846242155,AX,-0.0793629697750724,L1,-0.0206183827076101,L2,-0.0...
GetData ===>> H2,-0.259280796706715,H1,-0.103107844185213,AX,-0.0232215872355647,L1,0.00646513471328823,L2,-0.0...
GetData ===>> H2,-0.22931599336918,H1,-0.0377613569284339,AX,-0.227605172430518,L1,-0.0218891146077595,L2,-0.07...
GetData ===>> H2,-0.144314699829462,H1,0.0358492252660493,AX,-0.0564674114817256,L1,-0.036454225405919,L2,0.048...
GetData ===>> H2,-0.155764291127239,H1,-0.00537030435598924,AX,0.00570815610800124,L1,-0.059821823199647,L2,0.0...
GetData ===>> H2,-0.162121848658637,H1,-0.0585547988765754,AX,-0.0857148079827174,L1,-0.0251970598021944,L2,-0....
GetData ===>> H2,-0.165294565783372,H1,0.0150285571581811,AX,-0.155266681764217,L1,-0.0154702765317955,L2,-0.07...
GetData ===>> H2,-0.201719298747401,H1,-0.0449513212198881,AX,-0.035387142531055,L1,-0.0104587583925379,L2,0.03...
GetData ===>> H2,-0.219414943139719,H1,-0.074862227839456,AX,-0.147220596239177,L1,-0.00358543673145501,L2,0.04...
GetData ===>> H2,-0.221952981333947,H1,-0.0278877284665356,AX,0.00765722100922128,L1,-0.0251539196927935,L2,0.0...
GetData ===>> H2,-0.220344545564037,H1,0.00190600556264648,AX,-0.0198813021680013,L1,-0.0347826410212404,L2,-0....
GetData ===>> H2,-0.184643440289724,H1,-0.0696651194090013,AX,-0.0512615430379292,L1,-0.0209840342787512,L2,-0....
GetData ===>> H2,-0.27215648383862,H1,-0.0674717632956455,AX,-0.0555282887650012,L1,0.00540700686756596,L2,0.04...
GetData ===>> H2,-0.254549492712848,H1,-0.0229982523237247,AX,-0.0649654802781705,L1,0.0073577915711755,L2,-0.0...
GetData ===>> H2,-0.206536490208477,H1,-0.0283289621241466,AX,-0.162349932360108,L1,0.0117850505595641,L2,0.083...
GetData ===>> H2,-0.222366503624093,H1,0.00642712682685804,AX,-0.135242985412324,L1,-0.0272376152462867,L2,-0.0...
set states for children of Q. state=False
handle state [('Q', False)]
update switch state Q False args=() kw={'refresh': False} ncanvase=2
refresh_canvas_needed fired
GetData ===>> H2,-0.249256684594882,H1,-0.0999499749874787,AX,-0.0220153864072309,L1,-0.0109850678359713,L2,-0....
GetData ===>> H2,-0.268240589478786,H1,-0.074504637282957,AX,-0.063852542150122,L1,-0.0268290580224389,L2,-0.03...
set states for children of D. state=False
set states for children of I. state=True
handle state [('D', False), ('I', True)]
update switch state D False args=() kw={'refresh': True} ncanvase=2
update switch state I True args=() kw={'refresh': False} ncanvase=2
refresh_canvas_needed fired
GetData ===>> H2,-0.174223934548781,H1,-0.00756502187726476,AX,-0.0878010877295136,L1,0.00628037422286993,L2,-0...
State checksums do not match. Local:-869564398 Remote:611344307
State checksum failed
GetData ===>> H2,-0.240133676963719,H1,0.0155057732677435,AX,0.0101400149603704,L1,-0.016946744081063,L2,-0.039...
set states for children of B. state=False
handle state [('B', False)]
update switch state B False args=() kw={'refresh': False} ncanvase=2
refresh_canvas_needed fired
20:27:23 -- collecting point 25
GetData ===>> H2,-0.168365179868178,H1,0.0506947983928586,AX,-0.0141167211647549,L1,-0.0359030526693213,L2,0.02...
GetData ===>> H2,-0.166830651713088,H1,-0.047395552954632,AX,-0.0369294732386684,L1,-0.0627445948499397,L2,-0.0...
set states for children of W. state=True
handle state [('W', True)]
update switch state W True args=() kw={'refresh': False} ncanvase=2
refresh_canvas_needed fired
GetData ===>> H2,-0.32054847079938,H1,-0.00393894091634801,AX,-0.165630543031435,L1,0.0113493190882722,L2,-0.04...
GetData ===>> H2,-0.203646960687343,H1,-0.00150557609408501,AX,-0.0525253540706972,L1,0.0349069889112534,L2,-0....
GetData ===>> H2,-0.20109779364895,H1,-0.0589124464346778,AX,-0.107479458811805,L1,0.0102522715035577,L2,-0.070...
GetData ===>> H2,-0.179922720378076,H1,-0.0514254241943622,AX,-0.186934431128528,L1,-0.0106302016208331,L2,-0.0...
GetData ===>> H2,-0.115290678850028,H1,-0.00953307003517241,AX,-0.0381470854794501,L1,0.0126493670848396,L2,-0....
GetData ===>> H2,-0.126587773398488,H1,-0.0364377748674592,AX,-0.0712602969537361,L1,0.00943256446663872,L2,-0....
GetData ===>> H2,-0.136983857608494,H1,-0.032765041078364,AX,-0.0881835674973105,L1,-0.0292190620258152,L2,-0.0...
GetData ===>> H2,-0.30790955399733,H1,-0.0411477394529623,AX,-0.148380015601735,L1,-0.0517013321186646,L2,-0.05...
GetData ===>> H2,-0.303601248187389,H1,-0.00724297394920619,AX,0.0407276624066845,L1,-0.0534490503748175,L2,-0....
GetData ===>> H2,-0.195425824877812,H1,-0.0221157360609013,AX,-0.0430521690647868,L1,-0.0240370057847832,L2,-0....
GetData ===>> H2,-0.0314573037870552,H1,-0.0346014248201907,AX,-0.0210527346359108,L1,-0.0117391170016924,L2,-0...
GetData ===>> H2,-0.140726909419544,H1,-0.0961961517537134,AX,-0.0810552883588935,L1,0.0102234666118015,L2,0.01...
GetData ===>> H2,-0.246217846448792,H1,-0.074564235797747,AX,-0.134129792753318,L1,0.00564333643994277,L2,0.070...
set states for children of W. state=False
handle state [('W', False)]
update switch state W False args=() kw={'refresh': False} ncanvase=2
refresh_canvas_needed fired
GetData ===>> H2,-0.261627248047345,H1,0.00971968136627162,AX,-0.0774851571705884,L1,0.00487022978901421,L2,-0....
GetData ===>> H2,-0.288966607576262,H1,0.0820456185950615,AX,-0.112415810806026,L1,-0.0155194556244518,L2,-0.04...
set states for children of X. state=True
handle state [('X', True)]
update switch state X True args=() kw={'refresh': False} ncanvase=2
refresh_canvas_needed fired
GetData ===>> H2,-0.238046280609045,H1,-0.00990282021964257,AX,0.0788443785186736,L1,-0.0270279471900217,L2,-0....
GetData ===>> H2,-0.199390838261399,H1,-0.120595274375712,AX,-0.117560474489467,L1,0.0103986976432894,L2,-0.148...
GetData ===>> H2,-0.138602078150411,H1,-0.0352095704505338,AX,-0.0766505621581393,L1,0.00893213190324454,L2,-0....
GetData ===>> H2,-0.0588868044201413,H1,0.0116523181649566,AX,-0.176074435829324,L1,0.0111032531666554,L2,-0.05...
GetData ===>> H2,-0.132039893090122,H1,-0.0125387416359367,AX,-0.143939364542895,L1,0.000142823143428126,L2,-0....
GetData ===>> H2,-0.224075658372011,H1,-0.0831222139978436,AX,-0.0245437517393044,L1,-0.0256440283784246,L2,-0....
GetData ===>> H2,-0.316765258106051,H1,-0.0244770459144615,AX,-0.11396850824032,L1,-0.00759414548052519,L2,-0.0...
GetData ===>> H2,-0.299446846672897,H1,-0.0672333521255507,AX,-0.0785747565519398,L1,-0.00669466393065379,L2,0....
20:27:49 -- collecting point 50
GetData ===>> H2,-0.314508399213662,H1,-0.0438066848594374,AX,-0.0762912204342348,L1,0.0135977996897528,L2,-0.0...
GetData ===>> H2,-0.150915700499474,H1,0.0515182909200497,AX,0.0473895246294206,L1,-0.010776465563065,L2,-0.055...
GetData ===>> H2,-0.224370592732196,H1,-0.0091275360042385,AX,-0.0573253675230106,L1,-0.0160843982050031,L2,-0....
GetData ===>> H2,-0.254759217516566,H1,-0.0630133804084164,AX,-0.0948709253149637,L1,-0.00735429159229581,L2,-0...
GetData ===>> H2,-0.2815434737063,H1,-0.0161287310981749,AX,-0.0545775627090248,L1,-0.032780850812002,L2,-0.018...
GetData ===>> H2,-0.243201067984237,H1,-0.0138745667102256,AX,-0.170093386950097,L1,-0.0380548514114065,L2,-0.0...
set states for children of X. state=False
handle state [('X', False)]
update switch state X False args=() kw={'refresh': False} ncanvase=2
refresh_canvas_needed fired
GetData ===>> H2,-0.158056772589941,H1,0.00662992596944818,AX,-0.127501418625259,L1,-0.0203714105199994,L2,0.08...
GetData ===>> H2,-0.232943218951184,H1,-0.0761853017872792,AX,-0.177905768711794,L1,-0.00855470302744186,L2,-0....
set states for children of C. state=False
handle state [('C', False)]
update switch state C False args=() kw={'refresh': False} ncanvase=2
refresh_canvas_needed fired
GetData ===>> H2,-0.268409939050237,H1,-0.0403369259014184,AX,-0.165584174747006,L1,-0.0357388932090997,L2,-0.1...
GetData ===>> H2,-0.152261856822867,H1,-0.0028057636772381,AX,-0.0854018621622997,L1,-0.0222211567739296,L2,-0....
set states for children of P. state=False
handle state [('P', False)]
update switch state P False args=() kw={'refresh': False} ncanvase=2
refresh_canvas_needed fired
GetData ===>> H2,-0.217078474305011,H1,-0.0219487726493604,AX,-0.0652437128212556,L1,-0.000410443285604706,L2,-...
measurement finished
estimated time: 62.915 actual time: :63.160
flush and close file /Users/jan/PychronDev/data/isotopes/bb/d3a084-0788-4961-a51b-23cc8b72d52e.h5
activate_detectors ('H1', 'AX', 'CDD') {'peak_center': True}
peak_center () {'detector': 'H1', 'integration_time': 0.262144, 'isotope': 'Ar40'}
peak center: mean=125.238947489 threshold=3
peak center started
setup peak center. detector=['H1', 'AX', 'CDD'], isotope=Ar40
VersionedUnpickler [<apptools.sweet_pickle.versioned_unpickler.VersionedUnpickler object at 0x1ec8522f0>] using Updater [<apptools.sweet_pickle.updater.Updater object at 0x1373f1ad0>]
VersionedUnpickler [<apptools.sweet_pickle.versioned_unpickler.VersionedUnpickler object at 0x1ec8522f0>] using Updater [<apptools.sweet_pickle.updater.Updater object at 0x1373f1ad0>]
VersionedUnpickler [<apptools.sweet_pickle.versioned_unpickler.VersionedUnpickler object at 0x1e3c60a70>] using Updater [<apptools.sweet_pickle.updater.Updater object at 0x1373f1ad0>]
setting integration time = 0.524288
SetIntegrationTime 0.524288 ===>> OK
Mapping mass to dac mass func: "parabolic"
H1 map mass coeffs = [-0.00063987  0.15840543  0.57148999]
H1 map mass to dac 39.9624 >> 5.87988
GetDeflection H1 ===>> 0
GetHighVoltage ===>> 4500
do peak center. <pychron.spectrometer.jobs.peak_center.PeakCenter object at 0x1376ecfb0>
doing pc
starting peak center. center dac= 5.87988 step_width=0.001
width = 0.001
get scan parameters. half-width=0.015,window=0.015, i=0, scalar=1
Scan parameters center=5.87988 width=0.03000 (5.86488 - 5.89488)
GetData ===>> H2,-0.240435203835906,H1,-0.055288225361516,AX,-0.017793565785759,L1,-0.0128023621954048,L2,-0.09...
Moving to starting dac 5.86488
setting magnet DAC
current  : 5.240536
requested: 5.864880
Delta Dac: 0.624344
Checking detector protection. dv=0.62434
Checking detector "CDD". Protection Threshold: 0.1 (V)
ProtectDetector CDD,On ===>> OK
GetDeflection CDD ===>> 2000
Protected = 2000
SetMagnetDAC 5.86488 ===>> OK
Magnet settling time: 0.500
GetMagnetMoving ===>> True
set states for children of W. state=True
handle state [('W', True)]
update switch state W True args=() kw={'refresh': False} ncanvase=2
refresh_canvas_needed fired
GetMagnetMoving ===>> True
GetMagnetMoving ===>> True
GetMagnetMoving ===>> True
GetMagnetMoving ===>> True
GetMagnetMoving ===>> True
GetMagnetMoving ===>> True
GetMagnetMoving ===>> True
GetMagnetMoving ===>> False
ProtectDetector CDD,Off ===>> OK
GetDeflection CDD ===>> 50
Wait until signal near baseline. tol= -0.0414661690211. timeout= 10
GetData ===>> H2,0.196262176221178,H1,0.249367659176048,AX,-0.0599687520942627,L1,0.0410797756667565,L2,0.04307...
GetData ===>> H2,6.88334368289457,H1,3.81669790870969,AX,0.164039287061838,L1,0.0394033474531925,L2,0.006786765...
GetData ===>> H2,8.50019938511404,H1,4.52019191088382,AX,0.527023340302232,L1,0.00294202505030297,L2,-0.1501094...
GetData ===>> H2,4.67348973064324,H1,2.21851529021004,AX,0.299160200029745,L1,-0.0543700389313436,L2,-0.0570307...
GetData ===>> H2,1.90434529456753,H1,1.03717509027745,AX,0.0727571484369885,L1,-0.0687074238402191,L2,-0.109071...
GetData ===>> H2,0.603237260832235,H1,0.590756481318233,AX,0.0845770379193393,L1,-0.0196430423367854,L2,-0.1085...
GetData ===>> H2,0.165011337361978,H1,0.393318616959593,AX,0.0217310918635306,L1,-0.0252041816619362,L2,-0.0483...
GetData ===>> H2,-0.0761222542831874,H1,0.296094423750026,AX,-0.0483512368684226,L1,-0.0228622677592553,L2,-0.0...
GetData ===>> H2,-0.216789438268781,H1,0.273504315444684,AX,-0.0333693195859134,L1,-0.0418301688199381,L2,0.024...
GetData ===>> H2,-0.117312321079439,H1,0.212946876400122,AX,-0.129644729162019,L1,-0.032652534761375,L2,-0.0709...
GetData ===>> H2,-0.0464576977164825,H1,0.114919998395791,AX,-0.0934454092497298,L1,-0.0172279470658762,L2,0.01...
GetData ===>> H2,-0.0918177324544999,H1,0.113179755135229,AX,0.0237965136974941,L1,-0.0457381403369871,L2,0.051...
GetData ===>> H2,-0.110959310054143,H1,0.105408626841697,AX,0.025699525409719,L1,-0.0647916550018341,L2,-0.1041...
GetData ===>> H2,-0.0633914980551002,H1,0.152521404105488,AX,-0.103620586698083,L1,-0.0629945248702237,L2,0.045...
GetData ===>> H2,-0.015668841476602,H1,0.180403720323175,AX,-0.133259286441199,L1,-0.0293311359698078,L2,-0.051...
GetData ===>> H2,-0.0143846065398672,H1,0.102977293363194,AX,-0.0779835924442717,L1,0.0220829454131295,L2,-0.11...
GetData ===>> H2,-0.0720634784545536,H1,0.0559700417068989,AX,-0.0190114174508997,L1,0.0210626234682399,L2,-0.1...
GetData ===>> H2,-0.181399608354096,H1,0.0387608844069522,AX,-0.0286840980735981,L1,-0.0106098204109798,L2,-0.0...
GetData ===>> H2,-0.249091244343956,H1,0.078166764652088,AX,0.0383485363638254,L1,-0.0392359882870659,L2,0.0350...
GetData ===>> H2,-0.248617775918421,H1,0.101237257600961,AX,0.0281363630143104,L1,-0.045769263911014,L2,0.06508...
GetData ===>> H2,-0.207660296223518,H1,0.0968992178877361,AX,-0.0293567427508141,L1,-0.0267412152291448,L2,-0.1...
Peak center failed to move to a baseline position
_do_sweep sm= 5.86488, em= 5.89488, stm= 0.001
calculated step values: start=5.86488, end=5.89488, width=0.001, nsteps=31.0
setting magnet DAC
current  : 5.864880
requested: 5.864880
Delta Dac: 0.000000
Checking detector protection. dv=0.00000
Checking detector "CDD". Protection Threshold: 0.1 (V)
SetMagnetDAC 5.86488 ===>> OK
GetData ===>> H2,-0.207660296223518,H1,0.0968992178877361,AX,-0.0293567427508141,L1,-0.0267412152291448,L2,-0.1...
setting magnet DAC
current  : 5.864880
requested: 5.865914
Delta Dac: 0.001034
Checking detector protection. dv=0.00103
Checking detector "CDD". Protection Threshold: 0.1 (V)
SetMagnetDAC 5.86591448276 ===>> OK
Magnet settling time: 1.049
GetData ===>> H2,-0.1786493843354,H1,0.176873280317769,AX,-0.00279534311400123,L1,-0.0344554812315295,L2,-0.044...
setting magnet DAC
current  : 5.865914
requested: 5.866949
Delta Dac: 0.001034
Checking detector protection. dv=0.00103
Checking detector "CDD". Protection Threshold: 0.1 (V)
SetMagnetDAC 5.86694896552 ===>> OK
Magnet settling time: 1.049
GetData ===>> H2,-0.114411003255911,H1,1.00180448105094,AX,-0.0181763208082124,L1,0.0167520029883811,L2,-0.0009...
setting magnet DAC
current  : 5.866949
requested: 5.867983
Delta Dac: 0.001034
Checking detector protection. dv=0.00103
Checking detector "CDD". Protection Threshold: 0.1 (V)
SetMagnetDAC 5.86798344828 ===>> OK
Magnet settling time: 1.049
GetData ===>> H2,-0.173694599471425,H1,3.8888448050215,AX,0.62823510659929,L1,0.0310734426417284,L2,-0.01109008...
setting magnet DAC
current  : 5.867983
requested: 5.869018
Delta Dac: 0.001034
Checking detector protection. dv=0.00103
Checking detector "CDD". Protection Threshold: 0.1 (V)
SetMagnetDAC 5.86901793103 ===>> OK
Magnet settling time: 1.049
set states for children of W. state=False
handle state [('W', False)]
update switch state W False args=() kw={'refresh': False} ncanvase=2
refresh_canvas_needed fired
GetData ===>> H2,-0.176100786440277,H1,12.576834208166,AX,1.87588439250698,L1,-0.00192366971489208,L2,-0.046332...
setting magnet DAC
current  : 5.869018
requested: 5.870052
Delta Dac: 0.001034
Checking detector protection. dv=0.00103
Checking detector "CDD". Protection Threshold: 0.1 (V)
SetMagnetDAC 5.87005241379 ===>> OK
Magnet settling time: 1.049
GetData ===>> H2,-0.095696273773981,H1,32.694016665406,AX,5.09019362029516,L1,0.0112631912214465,L2,0.027263850...
setting magnet DAC
current  : 5.870052
requested: 5.871087
Delta Dac: 0.001034
Checking detector protection. dv=0.00103
Checking detector "CDD". Protection Threshold: 0.1 (V)
SetMagnetDAC 5.87108689655 ===>> OK
Magnet settling time: 1.049
GetData ===>> H2,-0.103011285633951,H1,62.3553634208983,AX,11.0653959885003,L1,0.000378060595994969,L2,0.129920...
setting magnet DAC
current  : 5.871087
requested: 5.872121
Delta Dac: 0.001034
Checking detector protection. dv=0.00103
Checking detector "CDD". Protection Threshold: 0.1 (V)
SetMagnetDAC 5.87212137931 ===>> OK
Magnet settling time: 1.049
State checksums do not match. Local:610848153 Remote:-1731030918
State checksum failed
GetData ===>> H2,-0.0983182081151901,H1,91.1318410044085,AX,17.8600132803768,L1,0.110259172100117,L2,0.00501031...
setting magnet DAC
current  : 5.872121
requested: 5.873156
Delta Dac: 0.001034
Checking detector protection. dv=0.00103
Checking detector "CDD". Protection Threshold: 0.1 (V)
SetMagnetDAC 5.87315586207 ===>> OK
Magnet settling time: 1.049
set states for children of X. state=True
handle state [('X', True)]
update switch state X True args=() kw={'refresh': False} ncanvase=2
refresh_canvas_needed fired
GetData ===>> H2,-0.119393127029509,H1,109.489476230999,AX,23.3492216048039,L1,0.187797540445607,L2,0.166756685...
setting magnet DAC
current  : 5.873156
requested: 5.874190
Delta Dac: 0.001034
Checking detector protection. dv=0.00103
Checking detector "CDD". Protection Threshold: 0.1 (V)
SetMagnetDAC 5.87419034483 ===>> OK
Magnet settling time: 1.049
GetData ===>> H2,-0.196026060708505,H1,117.516635760333,AX,26.1937334342468,L1,0.269742527900765,L2,0.144539117...
setting magnet DAC
current  : 5.874190
requested: 5.875225
Delta Dac: 0.001034
Checking detector protection. dv=0.00103
Checking detector "CDD". Protection Threshold: 0.1 (V)
SetMagnetDAC 5.87522482759 ===>> OK
Magnet settling time: 1.049
GetData ===>> H2,-0.225854713351727,H1,120.022859861756,AX,27.1581928310614,L1,0.293639795203466,L2,0.267636496...
setting magnet DAC
current  : 5.875225
requested: 5.876259
Delta Dac: 0.001034
Checking detector protection. dv=0.00103
Checking detector "CDD". Protection Threshold: 0.1 (V)
SetMagnetDAC 5.87625931034 ===>> OK
Magnet settling time: 1.049
GetData ===>> H2,-0.234125006470883,H1,120.788851522523,AX,27.6608327140206,L1,0.338502698237265,L2,0.228806130...
setting magnet DAC
current  : 5.876259
requested: 5.877294
Delta Dac: 0.001034
Checking detector protection. dv=0.00103
Checking detector "CDD". Protection Threshold: 0.1 (V)
SetMagnetDAC 5.8772937931 ===>> OK
Magnet settling time: 1.049
GetData ===>> H2,-0.159465533810266,H1,120.996590814808,AX,27.6425320693481,L1,0.336817731159198,L2,0.220337287...
setting magnet DAC
current  : 5.877294
requested: 5.878328
Delta Dac: 0.001034
Checking detector protection. dv=0.00103
Checking detector "CDD". Protection Threshold: 0.1 (V)
SetMagnetDAC 5.87832827586 ===>> OK
Magnet settling time: 1.049
GetData ===>> H2,-0.22112649691499,H1,120.758874166229,AX,27.4011474275258,L1,0.35205102886635,L2,0.24506110448...
setting magnet DAC
current  : 5.878328
requested: 5.879363
Delta Dac: 0.001034
Checking detector protection. dv=0.00103
Checking detector "CDD". Protection Threshold: 0.1 (V)
SetMagnetDAC 5.87936275862 ===>> OK
Magnet settling time: 1.049
GetData ===>> H2,-0.223336114613505,H1,120.856588845238,AX,27.5677188087122,L1,0.351743357148756,L2,0.207144731...
setting magnet DAC
current  : 5.879363
requested: 5.880397
Delta Dac: 0.001034
Checking detector protection. dv=0.00103
Checking detector "CDD". Protection Threshold: 0.1 (V)
SetMagnetDAC 5.88039724138 ===>> OK
Magnet settling time: 1.049
GetData ===>> H2,-0.162825323442007,H1,121.104274290179,AX,27.6102285888913,L1,0.341783205130529,L2,0.208559762...
setting magnet DAC
current  : 5.880397
requested: 5.881432
Delta Dac: 0.001034
Checking detector protection. dv=0.00103
Checking detector "CDD". Protection Threshold: 0.1 (V)
SetMagnetDAC 5.88143172414 ===>> OK
Magnet settling time: 1.049
GetData ===>> H2,-0.157550224078483,H1,120.901546099654,AX,27.5389029328226,L1,0.324392655218973,L2,0.294058295...
setting magnet DAC
current  : 5.881432
requested: 5.882466
Delta Dac: 0.001034
Checking detector protection. dv=0.00103
Checking detector "CDD". Protection Threshold: 0.1 (V)
SetMagnetDAC 5.8824662069 ===>> OK
Magnet settling time: 1.049
GetData ===>> H2,-0.173597478053733,H1,120.727755641338,AX,27.4961559527958,L1,0.345904230182867,L2,0.086875062...
setting magnet DAC
current  : 5.882466
requested: 5.883501
Delta Dac: 0.001034
Checking detector protection. dv=0.00103
Checking detector "CDD". Protection Threshold: 0.1 (V)
SetMagnetDAC 5.88350068966 ===>> OK
Magnet settling time: 1.049
GetData ===>> H2,-0.131156440065824,H1,120.573135726656,AX,27.3561333330116,L1,0.313880112370892,L2,0.171365081...
setting magnet DAC
current  : 5.883501
requested: 5.884535
Delta Dac: 0.001034
Checking detector protection. dv=0.00103
Checking detector "CDD". Protection Threshold: 0.1 (V)
SetMagnetDAC 5.88453517241 ===>> OK
Magnet settling time: 1.049
GetData ===>> H2,-0.164836939291345,H1,119.868395567862,AX,26.9627516432811,L1,0.306874746457813,L2,0.282157325...
setting magnet DAC
current  : 5.884535
requested: 5.885570
Delta Dac: 0.001034
Checking detector protection. dv=0.00103
Checking detector "CDD". Protection Threshold: 0.1 (V)
SetMagnetDAC 5.88556965517 ===>> OK
Magnet settling time: 1.049
GetData ===>> H2,-0.108029516198642,H1,116.897226435456,AX,25.5826536287331,L1,0.346216607555648,L2,0.141779388...
setting magnet DAC
current  : 5.885570
requested: 5.886604
Delta Dac: 0.001034
Checking detector protection. dv=0.00103
Checking detector "CDD". Protection Threshold: 0.1 (V)
SetMagnetDAC 5.88660413793 ===>> OK
Magnet settling time: 1.049
set states for children of X. state=False
handle state [('X', False)]
update switch state X False args=() kw={'refresh': False} ncanvase=2
refresh_canvas_needed fired
GetData ===>> H2,-0.0912167513940345,H1,107.260347962336,AX,22.3785160255998,L1,0.2881677708724,L2,0.0527581376...
setting magnet DAC
current  : 5.886604
requested: 5.887639
Delta Dac: 0.001034
Checking detector protection. dv=0.00103
Checking detector "CDD". Protection Threshold: 0.1 (V)
SetMagnetDAC 5.88763862069 ===>> OK
Magnet settling time: 1.049
GetData ===>> H2,-0.143269366948667,H1,87.0937070913965,AX,16.2170181452776,L1,0.203709167109488,L2,0.109421242...
setting magnet DAC
current  : 5.887639
requested: 5.888673
Delta Dac: 0.001034
Checking detector protection. dv=0.00103
Checking detector "CDD". Protection Threshold: 0.1 (V)
SetMagnetDAC 5.88867310345 ===>> OK
Magnet settling time: 1.049
GetData ===>> H2,-0.161088836290533,H1,58.1135137400501,AX,9.4481020402076,L1,0.11826212419256,L2,0.08037891914...
setting magnet DAC
current  : 5.888673
requested: 5.889708
Delta Dac: 0.001034
Checking detector protection. dv=0.00103
Checking detector "CDD". Protection Threshold: 0.1 (V)
SetMagnetDAC 5.88970758621 ===>> OK
Magnet settling time: 1.049
GetData ===>> H2,-0.240544236124659,H1,18.6417661321636,AX,2.14760630859156,L1,0.0385544161636062,L2,0.03412089...
setting magnet DAC
current  : 5.889708
requested: 5.890742
Delta Dac: 0.001034
set states for children of W. state=True
Checking detector protection. dv=0.00103
handle state [('W', True)]
Checking detector "CDD". Protection Threshold: 0.1 (V)
update switch state W True args=() kw={'refresh': False} ncanvase=2
refresh_canvas_needed fired
SetMagnetDAC 5.89074206897 ===>> OK
Magnet settling time: 1.049
GetData ===>> H2,-0.186059982242908,H1,6.32553532730975,AX,0.50227695505961,L1,0.0431101419693397,L2,-0.0164183...
setting magnet DAC
current  : 5.890742
requested: 5.891777
Delta Dac: 0.001034
Checking detector protection. dv=0.00103
Checking detector "CDD". Protection Threshold: 0.1 (V)
SetMagnetDAC 5.89177655172 ===>> OK
Magnet settling time: 1.049
GetData ===>> H2,-0.149013351541888,H1,1.64733153305192,AX,0.141402058341976,L1,0.0178006869411046,L2,-0.003962...
setting magnet DAC
current  : 5.891777
requested: 5.892811
Delta Dac: 0.001034
Checking detector protection. dv=0.00103
Checking detector "CDD". Protection Threshold: 0.1 (V)
SetMagnetDAC 5.89281103448 ===>> OK
Magnet settling time: 1.049
GetData ===>> H2,-0.184127601948277,H1,0.486312917372556,AX,-0.100190349653363,L1,0.0357724422958609,L2,-0.2667...
setting magnet DAC
current  : 5.892811
requested: 5.893846
Delta Dac: 0.001034
Checking detector protection. dv=0.00103
Checking detector "CDD". Protection Threshold: 0.1 (V)
SetMagnetDAC 5.89384551724 ===>> OK
Magnet settling time: 1.049
GetData ===>> H2,-0.135301791696792,H1,0.109794711021727,AX,-0.135877439565687,L1,-0.00667667347985061,L2,-0.02...
setting magnet DAC
current  : 5.893846
requested: 5.894880
Delta Dac: 0.001034
Checking detector protection. dv=0.00103
Checking detector "CDD". Protection Threshold: 0.1 (V)
SetMagnetDAC 5.89488 ===>> OK
Magnet settling time: 1.049
GetData ===>> H2,-0.182599251726422,H1,-0.0766144030944769,AX,-0.0607107418741506,L1,0.0397520793028001,L2,0.05...
result of _do_sweep=True
result of _calculate_peak_center=([5.872048820399419, 5.8797690885218703, 5.8874893566443216], [89.113450793137105, 121.09980701762491, 90.003523008650575], 5.8803785833736431, 121.09980701762491)
Failed to find a valid peak. No peak greater than 1.0. max = 0.0225989355734
new center pos Detector(H1) (Ar40) @ 5.87976908852
GetHighVoltage ===>> 4500
GetDeflection H1 ===>> 0
dac uncorrected for HV and deflection 5.87976908852
update mftable H1 Ar40 5.87976908852 message=automated run peakcenter
get initial guess parabolic
get initial guess parabolic
get initial guess parabolic
get initial guess parabolic
get initial guess parabolic
get initial guess parabolic
dump mftable to /Users/jan/PychronDev/setupfiles/spectrometer/mftables/mftable.csv
add to repo msg=modified - automated run peakcenter
locally archiving mftable
setting magnet DAC
current  : 5.894880
requested: 5.879769
Delta Dac: 0.015111
Checking detector protection. dv=0.01511
Checking detector "CDD". Protection Threshold: 0.1 (V)
SetMagnetDAC 5.87976908852 ===>> OK
Magnet settling time: 0.500
sweep finished
setting integration time = 1.048576
SetIntegrationTime 1.048576 ===>> OK
Failed to find a valid peak. No peak greater than 1.0. max = 0.0225631361809
flush and close file /Users/jan/PychronDev/data/isotopes/bb/d3a084-0788-4961-a51b-23cc8b72d52e.h5
finished measure script
executed snippet estimated_duration=226.132928, duration=272.464835882
jan_unknown120_60.py completed successfully
Measurement Finished
20:28:47 -- ******* Measurement Finished *******
Post Measurement Started jan_pump_ms.py
20:28:47 -- ******* Post Measurement Started jan_pump_ms.py *******
testing...
no interpolation path defined
executed snippet estimated_duration=0, duration=2.69412994385e-05
Pumping spectrometer
open () {'name': 'O'}
opening name=O desc=---
checking ownership. requestor=129.138.12.150
check software interlocks O
interlocks []
actuate state mode=None-script, software_lock=False
doing actuation None-script open_channel True
Open O ===>> OK
GetIndicatorState O ===>> OK
change switch state (True, True)
update switch state O True args=() kw={} ncanvase=2
20:28:47 -- OPEN   VALVE-O (Jan Ion Pump)
---------------------------------------- open O () result=[(True, True)], time=0.10 sec
action=open, ok=True, locked=[False]
executed snippet estimated_duration=0, duration=0.353300094604
jan_pump_ms.py completed successfully
setting _ms_pumptime
Post Measurement Finished
20:28:47 -- ******* Post Measurement Finished *******
$$$$$$$$$$$$$$$$$$$$ state at run end measurement
state changed from measurement to success
post measurement save measured=True aborted=False
Set filtering
setting fod for Ar40= {'filter_outliers': True, 'std_devs': 2, 'iterations': 1}
setting fod for H1= {'filter_outliers': True, 'std_devs': 2, 'iterations': 1}
setting fod for PM41= {'filter_outliers': False, 'std_devs': 2, 'iterations': 1}
setting fod for H2= {'filter_outliers': True, 'std_devs': 2, 'iterations': 1}
setting fod for Ar36= {'filter_outliers': True, 'std_devs': 2, 'iterations': 1}
setting fod for CDD= {'filter_outliers': True, 'std_devs': 10, 'iterations': 1}
setting fod for Ar37= {'filter_outliers': True, 'std_devs': 2, 'iterations': 1}
setting fod for L2= {'filter_outliers': True, 'std_devs': 2, 'iterations': 1}
setting fod for Ar38= {'filter_outliers': True, 'std_devs': 2, 'iterations': 1}
setting fod for L1= {'filter_outliers': True, 'std_devs': 2, 'iterations': 1}
setting fod for Ar39= {'filter_outliers': True, 'std_devs': 2, 'iterations': 1}
setting fod for AX= {'filter_outliers': True, 'std_devs': 2, 'iterations': 1}
persistence save...
persistence save - db
post measurement save
8269733040 connecting to database sqlite:////Users/jan/PychronDev/.appdata/local_lab.db
connected to db sqlite:////Users/jan/PychronDev/.appdata/local_lab.db
create new session 8269733040
close session 8269733040
No database instance. Not saving post measurement to isotopedb database
$$$$$$$$$$$$$$$ auto_save_detector_ic=False
massspec enabled True
create new session 4985911824
MassSpec Database Version: 16.0
close session 4985911824
saving post measurement to secondary database
saving to massspec database 129.138.12.160/massspecdata
setting labnumber to 65555
setting aliquot to 14
setting step to 
setting uuid to bbd3a084-0788-4961-a51b-23cc8b72d52e
setting irradpos to 65555
setting extract_device to Fusions CO2
setting tray to 
setting position to 200
setting power_requested to 5.0
setting extract_value to 5.0
setting duration to 30.0
setting duration_at_request to 30.0
setting first_stage_delay to 30.0
setting cleanup to 30.0
setting comment to N:14 without inclusions
setting irradiation to NM-289
setting level to N
setting irradiation_level to N
setting sample to Bw-2014-7 WO
setting material to Sanidine
setting project to Bustos Wells
setting mass_spectrometer to Jan
no attribute chron_dosages
no attribute production_ratios
no attribute interference_corrections
no attribute production_name
no attribute j
Reference Isotope=Ar40
Reference Detector=H1
%%%%%%%%%%%%%%%%%%%% Comment: N:14 without inclusions %%%%%%%%%%%%%%%%%%%
adding isotope PM41 H2
add baseline dbdet= PM41. original det= H2
get baseline data PM41 H2
Get data baseline <pychron.processing.isotope.Baseline object at 0x1e2d485d0> len t=60
baseline PM41. v=-0.216251298285, e=0.00717425670452
get signal data PM41 H2
Get data signal PM41 0.06+/-0.07 len t=120
adding isotope Ar40 H1
add baseline dbdet= Ar40. original det= H1
get baseline data Ar40 H1
Get data baseline <pychron.processing.isotope.Baseline object at 0x1e2d487d0> len t=60
baseline Ar40. v=-0.0339700455636, e=0.0044966072202
get signal data Ar40 H1
Get data signal Ar40 129.855+/-0.021 len t=120
adding isotope Ar39 AX
add baseline dbdet= Ar39. original det= AX
get baseline data Ar39 AX
Get data baseline <pychron.processing.isotope.Baseline object at 0x1e2d48990> len t=60
baseline Ar39. v=-0.0822702394641, e=0.00717683133011
get signal data Ar39 AX
Get data signal Ar39 30.151+/-0.015 len t=120
adding isotope Ar38 L1
add baseline dbdet= Ar38. original det= L1
get baseline data Ar38 L1
Get data baseline <pychron.processing.isotope.Baseline object at 0x1e2d48b50> len t=60
baseline Ar38. v=-0.0140409613461, e=0.00247438410303
get signal data Ar38 L1
Get data signal Ar38 0.387+/-0.004 len t=120
adding isotope Ar37 L2
add baseline dbdet= Ar37. original det= L2
get baseline data Ar37 L2
Get data baseline <pychron.processing.isotope.Baseline object at 0x1e2d48d10> len t=60
baseline Ar37. v=-0.0318967313088, e=0.00583980539006
get signal data Ar37 L2
Get data signal Ar37 0.290+/-0.010 len t=120
adding isotope Ar36 CDD
add baseline dbdet= Ar36. original det= CDD
get baseline data Ar36 CDD
Get data baseline <pychron.processing.isotope.Baseline object at 0x1e2d48ed0> len t=60
baseline Ar36. v=3.4735262661e-05, e=8.92818592425e-06
get signal data Ar36 CDD
Get data signal Ar36 0.01570+/-0.00030 len t=120
65555-14 added analysis time 0.505165100098s
analysis added to mass spec database
mass spec save time= 0.513
persistence save - dvc
================= post measurement started
create new session 4991427888
close session 4991427888
---------------- Experiment Queue saving disabled
DVC saving peakcenter
Failed to find a valid peak. No peak greater than 1.0. max = 0.0225631361809
Smart pull ahead: 0 behind: 0
Up-to-date with origin
add to repo msg=modified - ad8224ebc6dbfeb9f5997218dfa5fe690569839d.json
add to repo msg=modified - 55-14.json
add to repo msg=modified - 55-14.dat.json
add to repo msg=modified - 55-14.blan.json
add to repo msg=modified - 55-14.inte.json
add to repo msg=modified - 55-14.icfa.json
add to repo msg=modified - 55-14.base.json
not at valid file /Users/jan/PychronDev/data/.dvc/repositories/Load1786/655/tags/55-14.tags.json
add to repo msg=modified - 55-14.peak.json
add to repo msg=modified - 55-14.extr.json
not at valid file /Users/jan/PychronDev/data/.dvc/repositories/Load1786/655/monitor/55-14.moni.json
commit message=<COLLECTION>
add to repo msg=modified - 55-14.inte.json
add to repo msg=modified - 55-14.base.json
commit message=<ISOEVO> default collection fits
set states for children of W. state=False
handle state [('W', False)]
update switch state W False args=() kw={'refresh': False} ncanvase=2
add to repo msg=modified - 55-14.blan.json
refresh_canvas_needed fired
commit message=<BLANKS> preceding bc-02-J-328
add to repo msg=modified - 55-14.icfa.json
commit message=<ICFactor> default
push repository <pychron.git_archive.repo_manager.GitRepoManager object at 0x1e123dfb0>
pushing to remote=origin, url=https://github.com
State checksums do not match. Local:308250487 Remote:-1395488560
State checksum failed
set states for children of X. state=True
handle state [('X', True)]
update switch state X True args=() kw={'refresh': False} ncanvase=2
refresh_canvas_needed fired
no changes to meta repo
create new session 4991427888
add association Load1786
get identifier "65555"
setting analysis irradiation position=<pychron.dvc.dvc_orm.IrradiationPositionTbl object at 0x1ed32ec90>
close session 4991427888
================= post measurement finished
20:29:02 -- ******* Post Run Check *******
loading queue conditionals post_run_actions
loading system conditionals post_run_actions
loading conditionals from /Users/jan/PychronDev/setupfiles/spectrometer/default_conditionals.yaml
loading queue conditionals post_run_terminations
loading system conditionals post_run_terminations
loading conditionals from /Users/jan/PychronDev/setupfiles/spectrometer/default_conditionals.yaml
Checking default post run terminations n=1
GetDeflection CDD ===>> 50
testing CDD==2000
evaluate ot="CDD.deflection==2000" t="CDD==2000", ctx="{'CDD': 50.0}"
20:29:02 -- ******* Post Run Check Passed *******
20:29:02 -- Automated run 65555-14 success duration: 366.341 s
----------------- finish -----------------
----------------- stop -----------------
retroactive repository identifiers disabled
finish run. runs completed=230
update duration runid=65555-14, duration=366.341315985, md5=301e91d8
loading script "jan_ic_peak_hop3.py"
loading script "jan_pump_ms.py"
loading script "jan_air_x1.py"
loading script "jan_pump_extraction_line.py"
testing...
no interpolation path defined
executed snippet estimated_duration=133.8, duration=0.00954794883728
script duration name:ic_peak_hop3 seconds:134.0
loading script "jan_ic_peak_hop3.py"
loading script "jan_pump_ms.py"
loading script "jan_air_x1.py"
loading script "jan_pump_extraction_line.py"
testing...
no interpolation path defined
executed snippet estimated_duration=0, duration=2.69412994385e-05
loading script "jan_ic_peak_hop3.py"
loading script "jan_pump_ms.py"
loading script "jan_air_x1.py"
loading script "jan_pump_extraction_line.py"
testing...
no interpolation path defined
calculate duration
testing...
no interpolation path defined
executed snippet estimated_duration=0, duration=5.50746917725e-05
calculate duration
testing...
no interpolation path defined
executed snippet estimated_duration=0, duration=0.000102996826172
calculate duration
testing...
no interpolation path defined
executed snippet estimated_duration=32.0, duration=9.41753387451e-05
calculate duration
testing...
no interpolation path defined
executed snippet estimated_duration=34.0, duration=9.98973846436e-05
calculate duration
testing...
no interpolation path defined
executed snippet estimated_duration=4.0, duration=6.29425048828e-05
calculate duration
testing...
no interpolation path defined
executed snippet estimated_duration=36.0, duration=8.51154327393e-05
executed snippet estimated_duration=106.0, duration=0.00695991516113
script duration name:air_x1 seconds:106.0
loading script "jan_ic_peak_hop3.py"
loading script "jan_pump_ms.py"
loading script "jan_air_x1.py"
loading script "jan_pump_extraction_line.py"
testing...
no interpolation path defined
calculate duration
testing...
no interpolation path defined
executed snippet estimated_duration=4.0, duration=0.000168085098267
executed snippet estimated_duration=4.0, duration=0.0015389919281
Script duration 240.0
Run total estimated duration= 241.000
loading script "jan_unknown120_60.py"
loading script "jan_pump_ms.py"
loading script "jan_co2.py"
loading script "jan_pump_extraction_line.py"
testing...
no interpolation path defined
executed snippet estimated_duration=213.652928, duration=0.000159978866577
script duration name:unknown120_60 seconds:214.0
pump_ms in script context. using previous estimated duration
loading script "jan_unknown120_60.py"
loading script "jan_pump_ms.py"
loading script "jan_co2.py"
loading script "jan_pump_extraction_line.py"
testing...
no interpolation path defined
calculate duration
testing...
no interpolation path defined
executed snippet estimated_duration=0, duration=4.6968460083e-05
calculate duration
testing...
no interpolation path defined
executed snippet estimated_duration=0, duration=9.60826873779e-05
executed snippet estimated_duration=0.0, duration=0.00390815734863
script duration name:co2 seconds:0.0
pump_extraction_line in script context. using previous estimated duration
Script duration 214.0
Run total estimated duration= 215.000
unknown120_60 in script context. using previous estimated duration
script duration name:unknown120_60 seconds:214.0
co2 in script context. using previous estimated duration
script duration name:co2 seconds:0.0
Script duration 214.0
Run total estimated duration= 215.000
script duration name:unknown120_60 seconds:214.0
script duration name:co2 seconds:0.0
Script duration 214.0
Run total estimated duration= 215.000
loading script "jan_unknown400_120.py"
loading script "jan_pump_ms.py"
loading script "jan_sniffair_x2.py"
loading script "jan_pump_extraction_line.py"
testing...
no interpolation path defined
executed snippet estimated_duration=556.052928, duration=0.000179052352905
script duration name:unknown400_120 seconds:556.0
loading script "jan_unknown400_120.py"
loading script "jan_pump_ms.py"
loading script "jan_sniffair_x2.py"
loading script "jan_pump_extraction_line.py"
testing...
no interpolation path defined
calculate duration
testing...
no interpolation path defined
executed snippet estimated_duration=0, duration=4.38690185547e-05
calculate duration
testing...
no interpolation path defined
executed snippet estimated_duration=0, duration=9.41753387451e-05
calculate duration
testing...
no interpolation path defined
executed snippet estimated_duration=32.0, duration=8.79764556885e-05
calculate duration
testing...
no interpolation path defined
executed snippet estimated_duration=34.0, duration=0.000111103057861
calculate duration
testing...
no interpolation path defined
executed snippet estimated_duration=4.0, duration=6.69956207275e-05
calculate duration
testing...
no interpolation path defined
executed snippet estimated_duration=36.0, duration=0.000100135803223
calculate duration
testing...
no interpolation path defined
executed snippet estimated_duration=34.0, duration=0.000114917755127
calculate duration
testing...
no interpolation path defined
executed snippet estimated_duration=4.0, duration=7.39097595215e-05
calculate duration
testing...
no interpolation path defined
executed snippet estimated_duration=36.0, duration=0.000133991241455
calculate duration
testing...
no interpolation path defined
executed snippet estimated_duration=70.0, duration=9.51290130615e-05
executed snippet estimated_duration=250.0, duration=0.0287919044495
script duration name:sniffair_x2 seconds:250.0
Script duration 806.0
Run total estimated duration= 807.000
script duration name:unknown120_60 seconds:214.0
script duration name:co2 seconds:0.0
Script duration 214.0
Run total estimated duration= 215.000
unknown400_120 in script context. using previous estimated duration
script duration name:unknown400_120 seconds:556.0
script duration name:co2 seconds:0.0
Script duration 556.0
Run total estimated duration= 557.000
script duration name:unknown400_120 seconds:556.0
loading script "jan_unknown400_120.py"
loading script "jan_pump_ms.py"
loading script "jan_cocktail_x1.py"
loading script "jan_pump_extraction_line.py"
testing...
no interpolation path defined
calculate duration
testing...
no interpolation path defined
executed snippet estimated_duration=0, duration=4.91142272949e-05
calculate duration
testing...
no interpolation path defined
executed snippet estimated_duration=0, duration=0.000112056732178
calculate duration
testing...
no interpolation path defined
executed snippet estimated_duration=32.0, duration=0.000118017196655
calculate duration
testing...
no interpolation path defined
executed snippet estimated_duration=34.0, duration=0.000109195709229
calculate duration
testing...
no interpolation path defined
executed snippet estimated_duration=4.0, duration=5.88893890381e-05
calculate duration
testing...
no interpolation path defined
executed snippet estimated_duration=38.0, duration=0.000124931335449
executed snippet estimated_duration=108.0, duration=0.00757002830505
script duration name:cocktail_x1 seconds:108.0
Script duration 664.0
Run total estimated duration= 665.000
script duration name:unknown400_120 seconds:556.0
cocktail_x1 in script context. using previous estimated duration
script duration name:cocktail_x1 seconds:108.0
Script duration 664.0
Run total estimated duration= 665.000
script duration name:unknown120_60 seconds:214.0
script duration name:co2 seconds:0.0
Script duration 214.0
Run total estimated duration= 215.000
script duration name:unknown400_120 seconds:556.0
sniffair_x2 in script context. using previous estimated duration
script duration name:sniffair_x2 seconds:250.0
Script duration 806.0
Run total estimated duration= 807.000
script duration name:unknown120_60 seconds:214.0
script duration name:co2 seconds:0.0
Script duration 214.0
Run total estimated duration= 215.000
script duration name:unknown120_60 seconds:214.0
script duration name:co2 seconds:0.0
Script duration 214.0
Run total estimated duration= 215.000
script duration name:unknown120_60 seconds:214.0
script duration name:co2 seconds:0.0
Script duration 214.0
Run total estimated duration= 215.000
script duration name:unknown120_60 seconds:214.0
script duration name:co2 seconds:0.0
Script duration 214.0
Run total estimated duration= 215.000
script duration name:unknown120_60 seconds:214.0
script duration name:co2 seconds:0.0
Script duration 214.0
Run total estimated duration= 215.000
script duration name:unknown120_60 seconds:214.0
script duration name:co2 seconds:0.0
Script duration 214.0
Run total estimated duration= 215.000
script duration name:unknown120_60 seconds:214.0
script duration name:co2 seconds:0.0
Script duration 214.0
Run total estimated duration= 215.000
script duration name:unknown120_60 seconds:214.0
script duration name:co2 seconds:0.0
Script duration 214.0
Run total estimated duration= 215.000
script duration name:unknown120_60 seconds:214.0
script duration name:co2 seconds:0.0
Script duration 214.0
Run total estimated duration= 215.000
script duration name:unknown120_60 seconds:214.0
script duration name:co2 seconds:0.0
Script duration 214.0
Run total estimated duration= 215.000
script duration name:unknown120_60 seconds:214.0
script duration name:co2 seconds:0.0
Script duration 214.0
Run total estimated duration= 215.000
script duration name:unknown400_120 seconds:556.0
script duration name:cocktail_x1 seconds:108.0
Script duration 664.0
Run total estimated duration= 665.000
script duration name:unknown400_120 seconds:556.0
script duration name:cocktail_x1 seconds:108.0
Script duration 664.0
Run total estimated duration= 665.000
script duration name:unknown120_60 seconds:214.0
script duration name:co2 seconds:0.0
Script duration 214.0
Run total estimated duration= 215.000
script duration name:unknown120_60 seconds:214.0
script duration name:co2 seconds:0.0
Script duration 214.0
Run total estimated duration= 215.000
script duration name:unknown120_60 seconds:214.0
script duration name:co2 seconds:0.0
Script duration 214.0
Run total estimated duration= 215.000
script duration name:unknown120_60 seconds:214.0
script duration name:co2 seconds:0.0
Script duration 214.0
Run total estimated duration= 215.000
ic_peak_hop3 in script context. using previous estimated duration
script duration name:ic_peak_hop3 seconds:134.0
air_x1 in script context. using previous estimated duration
script duration name:air_x1 seconds:106.0
Script duration 240.0
Run total estimated duration= 241.000
script duration name:unknown120_60 seconds:214.0
script duration name:co2 seconds:0.0
Script duration 214.0
Run total estimated duration= 215.000
nruns=30 before=5.0, run_dur=9828.0, btw=870.0
write rem/ex queues
/Users/jan/PychronDev/experiments/rem/Load1786.rem.txt
/Users/jan/PychronDev/experiments/rem/Load1786.ex.txt
doing event level: 3
