do run
loading script "jan_unknown120_60.py"
loading script "jan_pump_ms.py"
loading script "jan_co2.py"
loading script "jan_pump_extraction_line.py"
testing...
no interpolation path defined
executed snippet estimated_duration=213.652928, duration=0.000309944152832
script duration name:unknown120_60 seconds:214.0
loading script "jan_unknown120_60.py"
loading script "jan_pump_ms.py"
loading script "jan_co2.py"
loading script "jan_pump_extraction_line.py"
testing...
no interpolation path defined
executed snippet estimated_duration=0, duration=3.09944152832e-05
loading script "jan_unknown120_60.py"
loading script "jan_pump_ms.py"
loading script "jan_co2.py"
loading script "jan_pump_extraction_line.py"
testing...
no interpolation path defined
calculate duration
testing...
no interpolation path defined
executed snippet estimated_duration=0, duration=0.000123977661133
calculate duration
testing...
no interpolation path defined
executed snippet estimated_duration=0, duration=0.000113010406494
executed snippet estimated_duration=0.0, duration=0.00785207748413
script duration name:co2 seconds:0.0
loading script "jan_unknown120_60.py"
loading script "jan_pump_ms.py"
loading script "jan_co2.py"
loading script "jan_pump_extraction_line.py"
testing...
no interpolation path defined
calculate duration
testing...
no interpolation path defined
executed snippet estimated_duration=4.0, duration=0.000203847885132
executed snippet estimated_duration=4.0, duration=0.00208497047424
Script duration 214.0
Run total estimated duration= 215.000
run duration: 0:03:35
doing event level: 2
20:01:08 -- Setting default integration. t=1.048576
setting integration time = 1.048576
SetIntegrationTime 1.048576 ===>> OK
----------------- start -----------------
**************** Experiment Type: Ar/Ar, Ar/Ar
$$$$$ Clearing conditionals
adding conditionals 
Add queue conditionals
add default conditionals
adding default conditionals from /Users/jan/PychronDev/setupfiles/spectrometer/default_conditionals.yaml
Start automated run 65555-11
loading script "jan_unknown120_60.py"
loading script "jan_pump_ms.py"
loading script "jan_co2.py"
loading script "jan_pump_extraction_line.py"
%%%%%%%%%%%%%%%%%% setting automated run 65555-11
No value "sensitivity_multiplier" in metadata
$$$$$$$$$$$$$$$ auto_save_detector_ic=False
============================= Pre Extraction Check =============================
loading queue conditionals pre_run_terminations
loading system conditionals pre_run_terminations
loading conditionals from /Users/jan/PychronDev/setupfiles/spectrometer/default_conditionals.yaml
20:01:08 -- ******* Pre Extraction Check *******
Get a measurement from the spectrometer
GetData ===>> H2,-0.165692780286699,H1,-0.0579467950943212,AX,-0.0475627724044232,L1,-0.0077368558322208,L2,0.0...
Pre Extraction Termination data. keys=H2,H1,AX,L1,L2,CDD, signals=-0.16569,-0.05795,-0.04756,-0.00774,0.08042,0.00268
20:01:08 -- testing system defined conditionals
Checking default pre extraction terminations n=2
testing CDD
evaluate ot="CDD.inactive" t="CDD", ctx="{'CDD': False}"
GetDeflection CDD ===>> 50
testing CDD==2000
evaluate ot="CDD.deflection==2000" t="CDD==2000", ctx="{'CDD': 50.0}"
20:01:08 -- ******* Pre Extraction Check Passed *******
=================================================================================
20:01:08 -- stopping status monitor
stop 4984189200
Alive clients [4991693744]
20:01:08 -- starting status monitor
start 4984189200
Monitor already running
start extraction
do extraction
Analysis started at 20:01:08.544559
Extraction Started jan_co2.py
20:01:08 -- ******* Extraction Started jan_co2.py *******
state changed from not run to extraction
DO EXTRACTION <pychron.extraction_line.pyscript_runner.RemotePyScriptRunner object at 0x12c301530>
testing...
no interpolation path defined
calculate duration
testing...
no interpolation path defined
executed snippet estimated_duration=0, duration=6.29425048828e-05
calculate duration
testing...
no interpolation path defined
executed snippet estimated_duration=0, duration=0.000194072723389
executed snippet estimated_duration=100.0, duration=0.00440406799316
Jan CO2 laser analysis
doing GOSUB
testing...
no interpolation path defined
executed snippet estimated_duration=0, duration=4.79221343994e-05
Waiting for CO2 access
wait ('FelixCO2Flag', 0) {}
waiting for FelixCO2Flag = 0
Read FelixCO2Flag ===>> 0
finished waiting
CO2 free
wait ('CO2PumpTimeFlag', 0) {}
waiting for CO2PumpTimeFlag = 0
Read CO2PumpTimeFlag ===>> 0
finished waiting
acquire ('JanCO2Flag',) {'clear': True}
acquire JanCO2Flag
Set JanCO2Flag 1 ===>> OK
JanCO2Flag acquired
set extraction state False (0.75, 'red', 1.5)
CO2 acquired
executed snippet estimated_duration=0, duration=0.0296168327332
WaitForCO2Access.py completed successfully
gosub finished
doing GOSUB
testing...
no interpolation path defined
executed snippet estimated_duration=0, duration=0.00036096572876
Prepare for CO2 analysis
close () {'description': 'Jan Inlet'}
closing name=--- desc=Jan Inlet
checking ownership. requestor=129.138.12.150
check software interlocks R
interlocks []
actuate state mode=None-script, software_lock=False
doing actuation None-script close_channel False
Close R ===>> OK
GetIndicatorState R ===>> False
change switch state (True, True)
update switch state R False args=() kw={} ncanvase=2
20:01:09 -- CLOSE  VALVE-R (Jan Inlet)
---------------------------------------- close None (Jan Inlet) result=[(True, True)]
action=close, ok=True, locked=[False]
open () {'description': 'Jan Ion Pump'}
opening name=--- desc=Jan Ion Pump
checking ownership. requestor=129.138.12.150
check software interlocks O
interlocks []
actuate state mode=None-script, software_lock=False
doing actuation None-script open_channel False
Open O ===>> OK
GetIndicatorState O ===>> OK
change switch state (True, True)
update switch state O True args=() kw={} ncanvase=2
20:01:09 -- OPEN   VALVE-O (Jan Ion Pump)
---------------------------------------- open None (Jan Ion Pump) result=[(True, True)], time=0.09 sec
action=open, ok=True, locked=[False]
close () {'description': 'Microbone to Minibone'}
closing name=--- desc=Microbone to Minibone
checking ownership. requestor=129.138.12.150
check software interlocks L
interlocks []
actuate state mode=None-script, software_lock=False
doing actuation None-script close_channel False
Close L ===>> OK
GetIndicatorState L ===>> False
change switch state (True, True)
update switch state L False args=() kw={} ncanvase=2
20:01:10 -- CLOSE  VALVE-L (Microbone to Minibone)
---------------------------------------- close None (Microbone to Minibone) result=[(True, True)]
action=close, ok=True, locked=[False]
open () {'description': 'Microbone to Turbo'}
opening name=--- desc=Microbone to Turbo
checking ownership. requestor=129.138.12.150
check software interlocks U
interlocks []
actuate state mode=None-script, software_lock=False
doing actuation None-script open_channel False
Open U ===>> OK
GetIndicatorState U ===>> OK
change switch state (True, True)
update switch state U True args=() kw={} ncanvase=2
20:01:10 -- OPEN   VALVE-U (Microbone to Turbo)
---------------------------------------- open None (Microbone to Turbo) result=[(True, True)], time=0.12 sec
action=open, ok=True, locked=[False]
open () {'description': 'Microbone to Inlet Pipette'}
opening name=--- desc=Microbone to Inlet Pipette
checking ownership. requestor=129.138.12.150
check software interlocks S
interlocks []
actuate state mode=None-script, software_lock=False
doing actuation None-script open_channel False
Open S ===>> OK
GetIndicatorState S ===>> OK
change switch state (True, True)
update switch state S True args=() kw={} ncanvase=2
20:01:11 -- OPEN   VALVE-S (Microbone to Inlet Pipette)
---------------------------------------- open None (Microbone to Inlet Pipette) result=[(True, True)], time=0.42 sec
action=open, ok=True, locked=[False]
open () {'description': 'Microbone to Getter D-50'}
opening name=--- desc=Microbone to Getter D-50
checking ownership. requestor=129.138.12.150
check software interlocks K
interlocks []
actuate state mode=None-script, software_lock=False
doing actuation None-script open_channel False
Open K ===>> OK
GetIndicatorState K ===>> OK
change switch state (True, True)
update switch state K True args=() kw={} ncanvase=2
20:01:11 -- OPEN   VALVE-K (Microbone to Getter D-50)
---------------------------------------- open None (Microbone to Getter D-50) result=[(True, True)], time=0.41 sec
action=open, ok=True, locked=[False]
open () {'description': 'Microbone to Getter NP-10'}
opening name=--- desc=Microbone to Getter NP-10
checking ownership. requestor=129.138.12.150
check software interlocks M
interlocks []
actuate state mode=None-script, software_lock=False
doing actuation None-script open_channel False
Open M ===>> OK
GetIndicatorState M ===>> OK
change switch state (True, True)
update switch state M True args=() kw={} ncanvase=2
20:01:12 -- OPEN   VALVE-M (Microbone to Getter NP-10)
---------------------------------------- open None (Microbone to Getter NP-10) result=[(True, True)], time=0.14 sec
action=open, ok=True, locked=[False]
close () {'description': 'CO2 Laser to Felix'}
closing name=--- desc=CO2 Laser to Felix
checking ownership. requestor=129.138.12.150
check software interlocks F
interlocks []
actuate state mode=None-script, software_lock=True
VALVE-F(CO2 Laser to Felix) software locked
change switch state (True, False)
---------------------------------------- close None (CO2 Laser to Felix) result=[(True, False)]
action=close, ok=True, locked=[True]
open () {'description': 'CO2 Laser to Jan'}
opening name=--- desc=CO2 Laser to Jan
checking ownership. requestor=129.138.12.150
check software interlocks A
interlocks []
actuate state mode=None-script, software_lock=False
doing actuation None-script open_channel False
Open A ===>> OK
GetIndicatorState A ===>> OK
change switch state (True, True)
update switch state A True args=() kw={} ncanvase=2
20:01:12 -- OPEN   VALVE-A (CO2 Laser to Jan)
---------------------------------------- open None (CO2 Laser to Jan) result=[(True, True)], time=0.13 sec
action=open, ok=True, locked=[False]
open () {'description': 'Microbone to CO2 Laser'}
opening name=--- desc=Microbone to CO2 Laser
checking ownership. requestor=129.138.12.150
check software interlocks T
interlocks []
actuate state mode=None-script, software_lock=False
doing actuation None-script open_channel False
Open T ===>> OK
GetIndicatorState T ===>> OK
change switch state (True, True)
update switch state T True args=() kw={} ncanvase=2
20:01:13 -- OPEN   VALVE-T (Microbone to CO2 Laser)
---------------------------------------- open None (Microbone to CO2 Laser) result=[(True, True)], time=0.41 sec
action=open, ok=True, locked=[False]
executed snippet estimated_duration=0, duration=4.84952092171
PrepareForCO2Analysis.py completed successfully
gosub finished
set_motor ('beam', '1.25') {}
setting motor "beam" to 1.25
set motor beam to 1.25
SetMotor beam,1.25 ===>> OK
GetMotorMoving beam ===>> False
GetMotorMoving beam ===>> False
Block completed
move_to_position ('197',) {'autocenter': True}
FusionsCO2 move to position 197
sending GoToHole 197,True
GoToHole 197,True ===>> OK
GetDriveMoving ===>> OK
GetDriveMoving ===>> OK
GetDriveMoving ===>> OK
GetDriveMoving ===>> OK
GetDriveMoving ===>> OK
GetDriveMoving ===>> OK
GetDriveMoving ===>> OK
GetDriveMoving ===>> OK
GetDriveMoving ===>> OK
GetDriveMoving ===>> OK
GetDriveMoving ===>> OK
GetDriveMoving ===>> OK
GetDriveMoving ===>> OK
GetDriveMoving ===>> OK
GetDriveMoving ===>> OK
GetDriveMoving ===>> OK
GetDriveMoving ===>> OK
GetDriveMoving ===>> OK
GetDriveMoving ===>> OK
GetDriveMoving ===>> OK
GetDriveMoving ===>> OK
GetDriveMoving ===>> OK
GetDriveMoving ===>> OK
GetDriveMoving ===>> OK
GetDriveMoving ===>> OK
GetDriveMoving ===>> OK
GetDriveMoving ===>> OK
GetDriveMoving ===>> OK
GetDriveMoving ===>> OK
GetDriveMoving ===>> OK
GetDriveMoving ===>> OK
GetDriveMoving ===>> OK
GetDriveMoving ===>> OK
GetDriveMoving ===>> OK
GetDriveMoving ===>> OK
GetDriveMoving ===>> OK
GetDriveMoving ===>> OK
GetDriveMoving ===>> False
GetDriveMoving ===>> OK
GetDriveMoving ===>> OK
GetDriveMoving ===>> OK
GetDriveMoving ===>> OK
GetDriveMoving ===>> OK
GetDriveMoving ===>> OK
GetDriveMoving ===>> OK
GetDriveMoving ===>> False
Block completed
GetAutoCorrecting ===>> False
GetAutoCorrecting ===>> False
Block completed
update position
GetPosition ===>> -9.96950,-11.96340,1.00000
got position (-9.9695, -11.9634, 1.0)
move to position succeeded
sleep (5,) {}
SLEEP 5.0
block started
WaitControl setup for 5.0  
Join finished
block finished. duration 5.05056405067
close () {'description': 'Microbone to Turbo'}
closing name=--- desc=Microbone to Turbo
checking ownership. requestor=129.138.12.150
check software interlocks U
interlocks []
actuate state mode=None-script, software_lock=False
doing actuation None-script close_channel True
Close U ===>> OK
GetIndicatorState U ===>> False
change switch state (True, True)
update switch state U False args=() kw={} ncanvase=2
20:01:33 -- CLOSE  VALVE-U (Microbone to Turbo)
---------------------------------------- close None (Microbone to Turbo) result=[(True, True)]
action=close, ok=True, locked=[False]
enable laser
enable () {}
set extraction state FusionsCO2 Enabled (False, 'red', 1.5)
enabling laser
Enable ===>> OK
begin interval
BEGIN INTERVAL Interval 1 waiting for 30.0
block started
set extract to 5.0
WaitControl setup for 30.0  
extract (5.0,) {}
GetPosition ===>> -9.96950,-11.96340,1.00000
set extraction state FusionsCO2 ON! 5.0(watts) (0.75, 'red', 1.5)
extract sample to 5.0 (watts)
set laser output
SetLaserOutput 5.0,watts ===>> OK
executing pattern triangle.lp
execute_pattern ('triangle.lp',) {}
executing pattern triangle.lp
IsPatterning ===>> OK
IsPatterning ===>> OK
IsPatterning ===>> OK
IsPatterning ===>> OK
IsPatterning ===>> OK
IsPatterning ===>> OK
IsPatterning ===>> OK
IsPatterning ===>> OK
IsPatterning ===>> OK
IsPatterning ===>> OK
IsPatterning ===>> OK
IsPatterning ===>> OK
IsPatterning ===>> OK
IsPatterning ===>> OK
IsPatterning ===>> OK
IsPatterning ===>> OK
IsPatterning ===>> OK
IsPatterning ===>> OK
IsPatterning ===>> OK
IsPatterning ===>> OK
IsPatterning ===>> OK
IsPatterning ===>> OK
IsPatterning ===>> OK
IsPatterning ===>> OK
IsPatterning ===>> OK
IsPatterning ===>> OK
IsPatterning ===>> OK
IsPatterning ===>> OK
IsPatterning ===>> False
Join finished
block finished. duration 30.0918440819
Interval 1 finished
IsPatterning ===>> False
Block completed
COMPLETE INTERVAL waiting for Interval 1 to complete
end_extract () {}
ending extraction. set laser power to 0
set laser power 0
SetLaserPower 0 ===>> OK
disable () {}
%%%%%%%%%%%%%%%%%%%%%%%%%%%%%%%%%%% disable
set extraction state False (0.75, 'red', 1.5)
disabling laser
Disable ===>> OK
sleep (30.0,) {}
SLEEP 30.0
block started
WaitControl setup for 30.0  
Join finished
block finished. duration 30.0874538422
executed snippet estimated_duration=165.0, duration=86.2458059788
jan_co2.py completed successfully
GetAchievedOutput ===>> No Response
Requested Output= 0.000
Achieved Output=  0.000
GetResponseBlob ===>> No Response
GetOutputBlob ===>> No Response
persistence save...
persistence save - db
AutomatedRunPersister post_extraction_save deprecated
persistence save - dvc
no extraction position for 197
create new session 4991427888
close session 4991427888
Extraction Finished
20:02:34 -- ******* Extraction Finished *******
no overlap. not waiting for min ms pumptime
20:02:34 -- Sending spectrometer configuration
======== Sending configuration ========
SetDeflection CDD,50.0 ===>> OK
SetDeflection H2,0.0 ===>> OK
SetDeflection H1,0.0 ===>> OK
SetDeflection L2,825.0 ===>> OK
SetDeflection L1,400.0 ===>> OK
SetDeflection AX,190.0 ===>> OK
SetZFocus 74.64 ===>> OK
SetZSymmetry -50.72 ===>> OK
SetExtractionLens 26.13 ===>> OK
SetIonRepeller -3.81 ===>> OK
SetElectronEnergy 75.08 ===>> OK
SetYSymmetry -2.81 ===>> OK
SetIonCounterVoltage 1590.0 ===>> OK
send trap current 200.0
GetParameter Trap Current Readback ===>> 198.035158395898
SetParameter Trap Current Set,200.0 ===>> OK
updating mftable name mftable
Using mftable located at /Users/jan/PychronDev/setupfiles/spectrometer/mftables/mftable.csv
============ MFtable ===========
Isotope  H2     H1     AX     L1     L2     CDD    
Ar40     5.7975 5.8796 5.9930 6.1374 6.2314 6.3656
Ar39     5.6967 5.7719 5.8854 6.0234 6.1165 6.2521
Ar36     5.3742 5.4409 5.5488 5.6823 5.7715 5.9032
================================
get initial guess parabolic
get initial guess parabolic
get initial guess parabolic
get initial guess parabolic
get initial guess parabolic
get initial guess parabolic
======== Configuration Finished ========
GetYSymmetry ===>> -2.81
GetZSymmetry ===>> -50.72
GetParameter Trap Current Readback ===>> 198.147042666178
GetHighVoltage ===>> 4500
start measurement
do measurement
L#=65555 analysis type=unknown
Measurement Started jan_unknown120_60.py
20:02:35 -- ******* Measurement Started jan_unknown120_60.py *******
state changed from extraction to measurement
setting spec, defl, and gains
GetExtractionLens ===>> 26.13
GetYSymmetry ===>> -2.81
GetZSymmetry ===>> -50.72
GetZFocus ===>> 74.64
GetDeflection H2 ===>> 0
GetDeflection H1 ===>> 0
GetDeflection AX ===>> 190
GetDeflection L1 ===>> 400
GetDeflection L2 ===>> 825
GetDeflection CDD ===>> 50
GetGain H2 ===>> 0.0113
GetGain H1 ===>> 0.1
GetGain AX ===>> 0.097049
GetGain L1 ===>> 0.010355
GetGain L2 ===>> 0.095649
GetGain CDD ===>> 0
pre measurement save
New frame /Users/jan/PychronDev/data/isotopes/80/291ce2-b569-4fdb-9324-8343b2751b78.h5
flush and close file /Users/jan/PychronDev/data/isotopes/80/291ce2-b569-4fdb-9324-8343b2751b78.h5
testing...
no interpolation path defined
executed snippet estimated_duration=226.132928, duration=0.000205993652344
unknown measurement script
activate_detectors ('H2', 'H1', 'AX', 'L1', 'L2', 'CDD') {}
activate detectors
*************** Set Analysis View Ar/Ar
create graphs
clearing graphs
clear isotope group
setting isotope det=H2, iso=PM41
setting isotope det=H1, iso=Ar40
setting isotope det=AX, iso=Ar39
setting isotope det=L1, iso=Ar38
setting isotope det=L2, iso=Ar37
setting isotope det=CDD, iso=Ar36
setting previous blanks
 - setting Ar40 blank 0.166+/-0.007
 - setting Ar36 blank 0.00460+/-0.00019
 - setting Ar37 blank 0.046+/-0.005
 - setting Ar38 blank 0.0069+/-0.0022
 - setting PM41 blank 0.03+/-0.06
 - setting Ar39 blank 0.027+/-0.009
load analysis view
position_magnet ('Ar40',) {'detector': 'H1'}
detector Detector(H1)
POSITION Ar40 H1
setting detector H2 to PM41 (40.9624)
setting detector H1 to Ar40 (39.9624)
setting detector AX to Ar39 (38.9624)
setting detector L1 to Ar38 (37.9624)
setting detector L2 to Ar37 (36.9624)
setting detector CDD to Ar36 (35.9624)
Mapping mass to dac mass func: "parabolic"
H1 map mass coeffs = [-0.00063987  0.15840543  0.57124999]
H1 map mass to dac 39.9624 >> 5.87964
GetDeflection H1 ===>> 0
GetHighVoltage ===>> 4500
positioning Ar40 (5.87964) on H1
setting magnet DAC
current  : 5.879640
requested: 5.879640
Delta Dac: 0.000000
Checking detector protection. dv=0.00000
Checking detector "CDD". Protection Threshold: 0.1 (V)
SetMagnetDAC 5.87964 ===>> OK
equilibrate () {'delay': 3, 'inlet': 'R', 'outlet': 'O', 'eqtime': 12.0}
Equilibration Started
20:02:36 -- ******* Equilibration Started *******
checking ownership. requestor=129.138.12.150
check software interlocks O
interlocks []
actuate state mode=None-script, software_lock=False
doing actuation None-script close_channel True
Close O ===>> OK
GetIndicatorState O ===>> False
change switch state (True, True)
update switch state O False args=() kw={} ncanvase=2
20:02:36 -- CLOSE  VALVE-O (Jan Ion Pump)
waiting 3s before opening inlet value ('R',)
update labels <pychron.experiment.plot_panel.PlotPanel object at 0x1e4d9bad0>
update labels "<pychron.graph.stacked_regression_graph.StackedRegressionGraph object at 0x1b1a0f650>"
setting label 0 H2 PM41
setting label 1 H1 Ar40
setting label 2 AX Ar39
setting label 3 L1 Ar38
setting label 4 L2 Ar37
setting label 5 CDD Ar36
update labels "<pychron.graph.stacked_graph.StackedGraph object at 0x1dd195b30>"
setting label 0 H2 PM41
setting label 1 H1 Ar40
setting label 2 AX Ar39
setting label 3 L1 Ar38
setting label 4 L2 Ar37
setting label 5 CDD Ar36
checking ownership. requestor=129.138.12.150
check software interlocks R
interlocks []
actuate state mode=None-script, software_lock=False
doing actuation None-script open_channel True
Open R ===>> OK
GetIndicatorState R ===>> OK
change switch state (True, True)
update switch state R True args=() kw={} ncanvase=2
20:02:39 -- OPEN   VALVE-R (Jan Inlet)
equilibrating for 12.0sec
set_time_zero () {}
sniff (12.0,) {}
py_sniff
build tables- sniff [Detector(H2), Detector(H1), Detector(AX), Detector(L1), Detector(L2), Detector(CDD)]
add group /sniff/PM41 (Group) '' table H2
add group /sniff/Ar40 (Group) '' table H1
add group /sniff/Ar39 (Group) '' table AX
add group /sniff/Ar38 (Group) '' table L1
add group /sniff/Ar37 (Group) '' table L2
add group /sniff/Ar36 (Group) '' table CDD
flush and close file /Users/jan/PychronDev/data/isotopes/80/291ce2-b569-4fdb-9324-8343b2751b78.h5
measuring sniff. ncounts=12.0
"sniff" increment series count="1" fit count="0" regressing="False"
starting measurement
GetData ===>> H2,-0.102203773638851,H1,40.9783995668321,AX,10.8787808058611,L1,0.0366475873243928,L2,0.22654617...
GetData ===>> H2,1.01902478078536,H1,562.641604046112,AX,142.864407780463,L1,0.735764649126488,L2,1.47664328073...
GetData ===>> H2,0.626585751232463,H1,892.388808152173,AX,218.608247740977,L1,1.71933860708671,L2,1.71551479176...
GetData ===>> H2,0.226289419339242,H1,998.832377819641,AX,239.937458607022,L1,2.40365506415859,L2,1.84784628255...
GetData ===>> H2,0.0403207075479698,H1,1037.21440610086,AX,247.225301628385,L1,2.72095347465492,L2,1.8774524303...
GetData ===>> H2,0.0223873818654857,H1,1052.62769494914,AX,249.946592096041,L1,2.89593053621312,L2,1.8598511031...
GetData ===>> H2,0.0115971903921171,H1,1059.30613398941,AX,251.419027757175,L1,3.01452826964364,L2,1.9517311288...
GetData ===>> H2,-0.0855166804016877,H1,1062.22665476844,AX,251.647973625713,L1,3.05583644879538,L2,1.760611589...
GetData ===>> H2,-0.107458472624011,H1,1063.38209191856,AX,251.755095038102,L1,3.12647858769906,L2,1.7969891027...
GetData ===>> H2,-0.135234243387874,H1,1062.8667056508,AX,252.040209397996,L1,3.18487909330484,L2,1.83966360242...
GetData ===>> H2,-0.0264405526562739,H1,1063.38887014234,AX,252.175124544739,L1,3.23872105004872,L2,1.960928611...
Equilibration Finished
20:02:51 -- ******* Equilibration Finished *******
checking ownership. requestor=129.138.12.150
check software interlocks R
interlocks []
actuate state mode=None-script, software_lock=False
doing actuation None-script close_channel True
GetData ===>> H2,-0.0873921973592927,H1,1063.20792916504,AX,251.81596507659,L1,3.26058939664672,L2,1.8011763290...
Close R ===>> OK
GetIndicatorState R ===>> False
change switch state (True, True)
update switch state R False args=() kw={} ncanvase=2
20:02:52 -- CLOSE  VALVE-R (Jan Inlet)
Post Equilibration Started jan_pump_extraction_line.py
20:02:52 -- ******* Post Equilibration Started jan_pump_extraction_line.py *******
testing...
no interpolation path defined
calculate duration
testing...
no interpolation path defined
executed snippet estimated_duration=4.0, duration=0.000150918960571
executed snippet estimated_duration=4.0, duration=0.00156092643738
Pump after analysis
doing GOSUB
testing...
no interpolation path defined
executed snippet estimated_duration=4.0, duration=0.000113010406494
Pump Microbone
close () {'description': 'Jan Inlet'}
closing name=--- desc=Jan Inlet
checking ownership. requestor=129.138.12.150
check software interlocks R
interlocks []
actuate state mode=None-script, software_lock=False
doing actuation None-script close_channel False
Close R ===>> OK
measurement finished
estimated time: 12.583 actual time: :12.678
flush and close file /Users/jan/PychronDev/data/isotopes/80/291ce2-b569-4fdb-9324-8343b2751b78.h5
set_fits () {}
using default fits file=/Users/jan/PychronDev/scripts/measurement/fits/nominal_linear.yaml
GetIndicatorState R ===>> False
change switch state (True, True)
update switch state R False args=() kw={} ncanvase=2
set "Ar40" to "('Linear', 'SEM')"
No fit for "PM41". defaulting to linear. check the measurement script "jan_unknown120_60.py"
set "PM41" to "linear"
set "Ar36" to "('Linear', 'SEM')"
set "Ar37" to "('linear', 'SEM')"
set "Ar38" to "('linear', 'SEM')"
set "Ar39" to "('Linear', 'SEM')"
20:02:52 -- CLOSE  VALVE-R (Jan Inlet)
set_baseline_fits () {}
---------------------------------------- close None (Jan Inlet) result=[(True, True)]
using default fits file=/Users/jan/PychronDev/scripts/measurement/fits/nominal_linear.yaml
set "H1" to "('average', 'SEM')"
set "H2" to "('average', 'SEM')"
set "CDD" to "('average', 'SEM')"
set "L2" to "('average', 'SEM')"
set "L1" to "('average', 'SEM')"
set "AX" to "('average', 'SEM')"
multicollect () {'integration_time': 1, 'ncounts': 120}
build tables- signal [Detector(H2), Detector(H1), Detector(AX), Detector(L1), Detector(L2), Detector(CDD)]
add group /signal/PM41 (Group) '' table H2
add group /signal/Ar40 (Group) '' table H1
add group /signal/Ar39 (Group) '' table AX
add group /signal/Ar38 (Group) '' table L1
add group /signal/Ar37 (Group) '' table L2
add group /signal/Ar36 (Group) '' table CDD
flush and close file /Users/jan/PychronDev/data/isotopes/80/291ce2-b569-4fdb-9324-8343b2751b78.h5
measuring signal. ncounts=120
action=close, ok=True, locked=[False]
is_closed ('F',) {}
is F () closed?
is closed True
open () {'description': 'CO2 Laser to Jan'}
opening name=--- desc=CO2 Laser to Jan
checking ownership. requestor=129.138.12.150
check software interlocks A
interlocks []
actuate state mode=None-script, software_lock=False
doing actuation None-script open_channel False
Open A ===>> OK
GetIndicatorState A ===>> OK
change switch state (True, True)
update switch state A True args=() kw={} ncanvase=2
20:02:53 -- OPEN   VALVE-A (CO2 Laser to Jan)
---------------------------------------- open None (CO2 Laser to Jan) result=[(True, True)], time=0.12 sec
starting measurement
GetData ===>> H2,-0.0817213669572939,H1,1063.52145202806,AX,251.785482508255,L1,3.23159571129795,L2,1.811794752...
action=open, ok=True, locked=[False]
sleep (1,) {}
SLEEP 1.0
"signal" increment series count="2" fit count="1" regressing="True"
close () {'description': 'CO2 Laser to Roughing'}
closing name=--- desc=CO2 Laser to Roughing
checking ownership. requestor=129.138.12.150
check software interlocks G
interlocks []
actuate state mode=None-script, software_lock=True
VALVE-G(CO2 Laser to Roughing) software locked
change switch state (True, False)
---------------------------------------- close None (CO2 Laser to Roughing) result=[(True, False)]
action=close, ok=True, locked=[True]
open () {'description': 'Microbone to Turbo'}
opening name=--- desc=Microbone to Turbo
checking ownership. requestor=129.138.12.150
check software interlocks U
interlocks []
actuate state mode=None-script, software_lock=False
doing actuation None-script open_channel True
GetData ===>> H2,0.0749410945742952,H1,1063.86454777402,AX,252.263720679891,L1,3.27322217480384,L2,1.9956428925...
Open U ===>> OK
GetIndicatorState U ===>> OK
change switch state (True, True)
update switch state U True args=() kw={} ncanvase=2
20:02:54 -- OPEN   VALVE-U (Microbone to Turbo)
---------------------------------------- open None (Microbone to Turbo) result=[(True, True)], time=0.14 sec
action=open, ok=True, locked=[False]
open () {'description': 'Microbone to Getter NP-10'}
opening name=--- desc=Microbone to Getter NP-10
checking ownership. requestor=129.138.12.150
check software interlocks M
interlocks []
actuate state mode=None-script, software_lock=False
doing actuation None-script open_channel False
Open M ===>> OK
GetIndicatorState M ===>> OK
change switch state (True, True)
update switch state M True args=() kw={} ncanvase=2
20:02:55 -- OPEN   VALVE-M (Microbone to Getter NP-10)
---------------------------------------- open None (Microbone to Getter NP-10) result=[(True, True)], time=0.15 sec
action=open, ok=True, locked=[False]
open () {'description': 'Microbone to Getter D-50'}
opening name=--- desc=Microbone to Getter D-50
checking ownership. requestor=129.138.12.150
check software interlocks K
interlocks []
actuate state mode=None-script, software_lock=False
doing actuation None-script open_channel False
GetData ===>> H2,0.0182530161224993,H1,1063.17969087107,AX,251.85856119701,L1,3.25690959945207,L2,1.84951512804...
Open K ===>> OK
GetIndicatorState K ===>> OK
change switch state (True, True)
update switch state K True args=() kw={} ncanvase=2
20:02:55 -- OPEN   VALVE-K (Microbone to Getter D-50)
---------------------------------------- open None (Microbone to Getter D-50) result=[(True, True)], time=0.41 sec
action=open, ok=True, locked=[False]
open () {'description': 'Microbone to CO2 Laser'}
opening name=--- desc=Microbone to CO2 Laser
checking ownership. requestor=129.138.12.150
check software interlocks T
interlocks []
actuate state mode=None-script, software_lock=False
doing actuation None-script open_channel False
Open T ===>> OK
GetIndicatorState T ===>> OK
change switch state (True, True)
update switch state T True args=() kw={} ncanvase=2
20:02:56 -- OPEN   VALVE-T (Microbone to CO2 Laser)
---------------------------------------- open None (Microbone to CO2 Laser) result=[(True, True)], time=0.44 sec
GetData ===>> H2,-0.0188063913487868,H1,1062.8966656098,AX,251.600513609762,L1,3.22882947636303,L2,1.8583432249...
action=open, ok=True, locked=[False]
open () {'description': 'Microbone to Inlet Pipette'}
opening name=--- desc=Microbone to Inlet Pipette
checking ownership. requestor=129.138.12.150
check software interlocks S
interlocks []
actuate state mode=None-script, software_lock=False
doing actuation None-script open_channel False
Open S ===>> OK
GetIndicatorState S ===>> OK
change switch state (True, True)
update switch state S True args=() kw={} ncanvase=2
20:02:57 -- OPEN   VALVE-S (Microbone to Inlet Pipette)
---------------------------------------- open None (Microbone to Inlet Pipette) result=[(True, True)], time=0.41 sec
action=open, ok=True, locked=[False]
sleep (1,) {}
SLEEP 1.0
GetData ===>> H2,-0.0639685762153178,H1,1062.34168044393,AX,251.564659976874,L1,3.28753427961033,L2,1.808941583...
set_resource () {'name': 'CO2PumpTimeFlag', 'value': 30}
Set CO2PumpTimeFlag 30 ===>> OK
release ('JanCO2Flag',) {}
release JanCO2Flag
Set JanCO2Flag 0 ===>> OK
executed snippet estimated_duration=6.0, duration=5.95730900764
PumpMicrobone.py completed successfully
gosub finished
get_resource_value () {'name': 'JanMiniboneFlag'}
Read JanMiniboneFlag ===>> 0
Get Resource Value JanMiniboneFlag=0.0
get resource value 0.0
get_resource_value () {'name': 'JanMiniboneFlag'}
Read JanMiniboneFlag ===>> 0
Get Resource Value JanMiniboneFlag=0.0
executed snippet estimated_duration=4.0, duration=5.97062206268
jan_pump_extraction_line.py completed successfully
Post Equilibration Finished
20:02:58 -- ******* Post Equilibration Finished *******
GetData ===>> H2,-0.106823923884138,H1,1061.95227429498,AX,251.385900091825,L1,3.23434588927099,L2,1.7860042484...
GetData ===>> H2,-0.187412355038805,H1,1061.2727907016,AX,251.632150509827,L1,3.20443619197904,L2,1.80409829237...
GetData ===>> H2,-0.180714816236942,H1,1061.24068675471,AX,251.528705739457,L1,3.25177181180214,L2,1.7401229282...
GetData ===>> H2,-0.123591459767998,H1,1060.4276056467,AX,251.046908026709,L1,3.25962854977398,L2,1.85952880659...
GetData ===>> H2,-0.108274268921778,H1,1059.88444825831,AX,250.835516618496,L1,3.24890282518987,L2,1.8565130837...
GetData ===>> H2,-0.147404289831374,H1,1059.61706692403,AX,251.024300748187,L1,3.22426313447888,L2,1.7768377404...
GetData ===>> H2,-0.160342037988971,H1,1058.93422721072,AX,251.119322191007,L1,3.24850994446702,L2,1.8676210777...
GetData ===>> H2,-0.233189478133774,H1,1058.58242124653,AX,250.882758540482,L1,3.22814184771829,L2,1.8779820163...
GetData ===>> H2,-0.08122417104185,H1,1058.38997132042,AX,250.54473440307,L1,3.20622574738839,L2,1.856616675763...
GetData ===>> H2,-0.0652264660378934,H1,1057.99000013589,AX,250.595702633254,L1,3.16970002042505,L2,1.794677003...
GetData ===>> H2,-0.188601714928778,H1,1057.65541254815,AX,250.574714301757,L1,3.19911511756633,L2,1.8524961031...
GetData ===>> H2,-0.246998148549115,H1,1057.24644963414,AX,250.453129374488,L1,3.24512085142912,L2,1.7514589903...
GetData ===>> H2,-0.206733231699144,H1,1056.63712122792,AX,250.313022087012,L1,3.18130519623289,L2,1.8707407545...
State checksums do not match. Local:1695186306 Remote:-1097334291
State checksum failed
GetData ===>> H2,-0.171501071136673,H1,1056.48759636087,AX,250.300874637808,L1,3.15711058346418,L2,1.7769182454...
set states for children of V. state=True
handle state [('V', True)]
update switch state V True args=() kw={'refresh': False} ncanvase=2
refresh_canvas_needed fired
GetData ===>> H2,-0.123091095679316,H1,1055.88412769346,AX,250.302306835323,L1,3.15755341514218,L2,1.9359167291...
GetData ===>> H2,-0.110673652362522,H1,1055.38747333107,AX,250.175274955101,L1,3.17974447942138,L2,1.8864557879...
GetData ===>> H2,-0.123772667267966,H1,1055.06977417612,AX,250.079245079907,L1,3.17373009957814,L2,1.9200819037...
GetData ===>> H2,-0.148448372830543,H1,1054.82642374212,AX,249.876938441133,L1,3.1848999477269,L2,1.85934463761...
GetData ===>> H2,-0.121388340217218,H1,1054.84577664331,AX,249.92667253045,L1,3.18311633429547,L2,1.74611270998...
20:03:18 -- collecting point 25
GetData ===>> H2,-0.0749158890020005,H1,1053.68815118374,AX,249.589820024147,L1,3.19591807536249,L2,1.817478332...
GetData ===>> H2,-0.127858533969571,H1,1053.0694841707,AX,249.614227101352,L1,3.18516942361883,L2,1.79559723529...
GetData ===>> H2,0.0412215883752763,H1,1052.48520669699,AX,249.595749479592,L1,3.21468156519497,L2,1.7829678181...
GetData ===>> H2,-0.0843885128923965,H1,1051.87967227077,AX,249.6383456219,L1,3.22244449597695,L2,1.91439765039...
GetData ===>> H2,-0.201047909980722,H1,1051.51471851915,AX,249.306887192471,L1,3.19802894278833,L2,1.9106696982...
GetData ===>> H2,-0.159103567777617,H1,1051.56455554181,AX,249.343403291442,L1,3.1655131028356,L2,1.72724788028...
GetData ===>> H2,-0.154101040007989,H1,1050.96775458421,AX,249.162072526089,L1,3.15272343381078,L2,1.8437260840...
GetData ===>> H2,-0.189039939615962,H1,1050.56647114302,AX,248.967200825734,L1,3.14862507257057,L2,1.9085526536...
GetData ===>> H2,-0.213082370804321,H1,1050.03997800875,AX,249.096136154609,L1,3.12258262817603,L2,1.8509307919...
GetData ===>> H2,-0.192239139887359,H1,1049.51594791333,AX,248.913771339615,L1,3.16348537302567,L2,1.8441864327...
GetData ===>> H2,-0.0283915473853572,H1,1049.09213236226,AX,248.57534352543,L1,3.17047620920119,L2,1.8578137465...
GetData ===>> H2,-0.0465335793586607,H1,1048.92513563973,AX,248.512298239489,L1,3.15473013112597,L2,1.751206041...
GetData ===>> H2,-0.0590319131478124,H1,1048.95290328821,AX,248.449475264344,L1,3.15338258048182,L2,1.844761871...
GetData ===>> H2,-0.0429509599009459,H1,1048.62938634962,AX,248.595948722179,L1,3.17738226011237,L2,1.799312760...
GetData ===>> H2,-0.110677713896641,H1,1047.33546898207,AX,248.439623912255,L1,3.18366543017828,L2,1.8166269248...
GetData ===>> H2,-0.181493364128077,H1,1046.97445976863,AX,248.339576952887,L1,3.15878760228832,L2,1.7554717695...
GetData ===>> H2,-0.0978782925907255,H1,1046.24958265814,AX,248.481957321219,L1,3.16944315359144,L2,1.826694726...
GetData ===>> H2,-0.0795685009636174,H1,1046.20604788257,AX,248.208307150365,L1,3.1632950924755,L2,1.7846125393...
GetData ===>> H2,-0.137900472025217,H1,1045.82496365145,AX,248.019985344158,L1,3.21821649003493,L2,1.7837499198...
GetData ===>> H2,-0.190570221979823,H1,1045.63148839325,AX,247.994105539622,L1,3.18463440420491,L2,1.7672236182...
GetData ===>> H2,-0.0755516187868078,H1,1045.28774440894,AX,247.754728602256,L1,3.18703798262608,L2,1.917170695...
GetData ===>> H2,-0.0662018623655728,H1,1044.69825598375,AX,247.586736507891,L1,3.18390453823783,L2,1.807837153...
set states for children of I. state=True
set states for children of Q. state=False
handle state [('I', True), ('Q', False)]
update switch state I True args=() kw={'refresh': True} ncanvase=2
update switch state Q False args=() kw={'refresh': False} ncanvase=2
refresh_canvas_needed fired
GetData ===>> H2,-0.135791336854534,H1,1044.31397616613,AX,247.40743016765,L1,3.18805088061022,L2,1.81330190432...
State checksums do not match. Local:1814532534 Remote:611344307
State checksum failed
GetData ===>> H2,-0.131961443030846,H1,1043.42059797869,AX,247.608294318845,L1,3.15398347721407,L2,1.8640180340...
set states for children of B. state=False
set states for children of D. state=False
handle state [('B', False), ('D', False)]
update switch state B False args=() kw={'refresh': True} ncanvase=2
update switch state D False args=() kw={'refresh': False} ncanvase=2
refresh_canvas_needed fired
GetData ===>> H2,-0.0638655532168095,H1,1043.15077215917,AX,247.626058691033,L1,3.13414534827442,L2,1.885500148...
20:03:45 -- collecting point 50
GetData ===>> H2,-0.10892361712965,H1,1042.93937273362,AX,247.238257345936,L1,3.14610766805099,L2,1.81655789212...
set states for children of W. state=True
handle state [('W', True)]
update switch state W True args=() kw={'refresh': False} ncanvase=2
refresh_canvas_needed fired
GetData ===>> H2,-0.0754608024213193,H1,1042.21727787786,AX,247.16628342225,L1,3.18457740350412,L2,1.8185598613...
GetData ===>> H2,-0.0998916399365824,H1,1042.27381972735,AX,247.20947667077,L1,3.15199355912771,L2,1.8461314299...
GetData ===>> H2,-0.111304526586362,H1,1042.00233672268,AX,246.921191615696,L1,3.12093570282589,L2,1.7870049111...
GetData ===>> H2,-0.0619838638706436,H1,1041.29481888073,AX,246.709464213479,L1,3.14322835105487,L2,1.804063780...
GetData ===>> H2,-0.123691529939059,H1,1040.71199688532,AX,246.839647816185,L1,3.18995186487043,L2,1.7853141422...
GetData ===>> H2,-0.162093492713351,H1,1040.61437263934,AX,246.777074802441,L1,3.15998026504569,L2,1.7840259572...
GetData ===>> H2,-0.192859192072216,H1,1040.55055539428,AX,246.833570733191,L1,3.13352278134335,L2,1.8205733781...
GetData ===>> H2,-0.248915041085146,H1,1039.98123800358,AX,246.397810222683,L1,3.11190671231428,L2,1.8236800290...
GetData ===>> H2,-0.226346050468602,H1,1039.39743834806,AX,246.467899646841,L1,3.16890444586222,L2,1.8124735433...
GetData ===>> H2,-0.145198297734245,H1,1039.16655313634,AX,246.504255947519,L1,3.17134549090646,L2,1.9021787885...
GetData ===>> H2,-0.194746098396947,H1,1038.42326899674,AX,246.46579679036,L1,3.15890422515797,L2,1.83926081610...
GetData ===>> H2,-0.0179465082750212,H1,1038.49491237533,AX,246.219364900794,L1,3.12916851722744,L2,1.770547052...
GetData ===>> H2,-0.143636417423144,H1,1037.78694568418,AX,246.10650236281,L1,3.11836458112146,L2,1.86526124160...
GetData ===>> H2,-0.249559312925956,H1,1037.22628016963,AX,246.01104947387,L1,3.1387580952497,L2,1.828202110846...
set states for children of W. state=False
handle state [('W', False)]
update switch state W False args=() kw={'refresh': False} ncanvase=2
refresh_canvas_needed fired
GetData ===>> H2,-0.0882236230219135,H1,1037.01697225381,AX,245.942667412852,L1,3.13592310577891,L2,1.735317575...
GetData ===>> H2,-0.10436251353886,H1,1036.9145571155,AX,245.733543854457,L1,3.0806843210243,L2,1.7451929496709...
set states for children of X. state=True
handle state [('X', True)]
update switch state X True args=() kw={'refresh': False} ncanvase=2
refresh_canvas_needed fired
GetData ===>> H2,-0.172283559257191,H1,1036.28930874469,AX,246.012362701161,L1,3.10127643117579,L2,1.8524385544...
GetData ===>> H2,-0.250539772993657,H1,1035.84280115268,AX,245.872600445733,L1,3.10388751793417,L2,1.8568238600...
GetData ===>> H2,-0.132720221718584,H1,1035.03163543217,AX,245.705833600616,L1,3.08576659538936,L2,1.6941192071...
GetData ===>> H2,-0.0680317376991975,H1,1034.87758123091,AX,245.978300116735,L1,3.08896029305957,L2,1.769500560...
GetData ===>> H2,-0.0907752470395425,H1,1034.38901976543,AX,245.534279066158,L1,3.07446737391048,L2,1.867713170...
GetData ===>> H2,-0.206719756363758,H1,1033.98644969703,AX,245.124881218042,L1,3.10988321824366,L2,1.8331041485...
GetData ===>> H2,-0.0474608077276444,H1,1033.83080749805,AX,245.312213544817,L1,3.10881552041646,L2,1.816224234...
GetData ===>> H2,-0.00873775638215128,H1,1033.28074337385,AX,244.789791064715,L1,3.12080262813225,L2,1.77174305...
20:04:11 -- collecting point 75
GetData ===>> H2,-0.0596082613252597,H1,1032.79300469572,AX,244.914729426476,L1,3.10255627520161,L2,1.843001039...
GetData ===>> H2,-0.00926389918780115,H1,1031.98100244986,AX,244.879388501598,L1,3.12579407843172,L2,1.84119420...
GetData ===>> H2,-0.168555463069535,H1,1032.42971395965,AX,244.908205729508,L1,3.10265462402649,L2,1.7614510049...
GetData ===>> H2,-0.0811726890239485,H1,1031.34865944572,AX,244.762952992254,L1,3.12302073849525,L2,1.865249730...
GetData ===>> H2,0.0128491149659932,H1,1031.07331225585,AX,244.841905561987,L1,3.10725777149329,L2,1.8086194571...
GetData ===>> H2,-0.0773230706319621,H1,1030.98136071528,AX,244.493398460123,L1,3.07635258045441,L2,1.776527221...
set states for children of X. state=False
handle state [('X', False)]
update switch state X False args=() kw={'refresh': False} ncanvase=2
refresh_canvas_needed fired
GetData ===>> H2,-0.141558080518626,H1,1030.46389911913,AX,244.511248363867,L1,3.07938642782481,L2,1.7664301509...
GetData ===>> H2,-0.149016972682368,H1,1029.90635234906,AX,244.505359305621,L1,3.05925457443547,L2,1.7782868418...
set states for children of C. state=False
handle state [('C', False)]
update switch state C False args=() kw={'refresh': False} ncanvase=2
refresh_canvas_needed fired
GetData ===>> H2,-0.150898146150968,H1,1029.41035041249,AX,244.402339425894,L1,3.07002458764486,L2,1.8632352819...
GetData ===>> H2,-0.120331935421947,H1,1028.93336919498,AX,244.613336288078,L1,3.0709647180027,L2,1.77376709731...
set states for children of P. state=False
handle state [('P', False)]
update switch state P False args=() kw={'refresh': False} ncanvase=2
refresh_canvas_needed fired
GetData ===>> H2,-0.139628048286398,H1,1028.74251156067,AX,244.261609179275,L1,3.0978088176853,L2,1.66158630532...
GetData ===>> H2,-0.177748557553692,H1,1028.18692328625,AX,244.065525215052,L1,3.09198655222651,L2,1.8540269098...
GetData ===>> H2,-0.240950742292495,H1,1027.41133809779,AX,244.290800344606,L1,3.11180559850149,L2,1.7933886934...
State checksums do not match. Local:610848153 Remote:-1891236928
State checksum failed
GetData ===>> H2,-0.0789858428654723,H1,1027.4536274559,AX,244.101396175256,L1,3.12119769807863,L2,1.8043743879...
set states for children of W. state=True
handle state [('W', True)]
update switch state W True args=() kw={'refresh': False} ncanvase=2
refresh_canvas_needed fired
GetData ===>> H2,-0.0247596578402619,H1,1026.7877217782,AX,244.06787808663,L1,3.10646582275413,L2,1.77001805504...
GetData ===>> H2,-0.0930648521618484,H1,1026.62984666951,AX,243.721423498175,L1,3.12472342514626,L2,1.829663490...
GetData ===>> H2,-0.0496285712923629,H1,1026.7026001829,AX,243.424692718961,L1,3.10747930527378,L2,1.7836809106...
GetData ===>> H2,-0.0940049469714082,H1,1026.28482994437,AX,243.44492937988,L1,3.12360583560481,L2,1.6938661694...
GetData ===>> H2,-0.0886342522756383,H1,1025.9177235839,AX,243.425188821198,L1,3.12894814412543,L2,1.7580473947...
GetData ===>> H2,-0.0773759253236647,H1,1025.37245322794,AX,243.517513087819,L1,3.10286517642164,L2,1.828167590...
GetData ===>> H2,-0.144590324912636,H1,1024.6589919708,AX,242.977515431192,L1,3.07566374608814,L2,1.86836933055...
GetData ===>> H2,-0.280705178123188,H1,1024.35965866425,AX,243.215802478368,L1,3.11856138005184,L2,1.7778843114...
GetData ===>> H2,-0.190820979799418,H1,1024.09840867075,AX,243.059915687327,L1,3.10139692995974,L2,1.7643487676...
GetData ===>> H2,-0.176041054516709,H1,1023.29435781834,AX,243.223814326078,L1,3.0812239994952,L2,1.74728541710...
GetData ===>> H2,-0.119068449000582,H1,1023.04968250327,AX,242.991885638547,L1,3.0569158208165,L2,1.70757716655...
20:04:37 -- collecting point 100
GetData ===>> H2,-0.130580727153503,H1,1022.70666098634,AX,242.884812854614,L1,3.09813836264575,L2,1.7528387236...
GetData ===>> H2,-0.180639252413076,H1,1022.50296790595,AX,242.745020027162,L1,3.11494192115983,L2,1.8170411222...
set states for children of W. state=False
handle state [('W', False)]
update switch state W False args=() kw={'refresh': False} ncanvase=2
refresh_canvas_needed fired
GetData ===>> H2,-0.12962519548288,H1,1022.10149535376,AX,242.665388344594,L1,3.1245736674641,L2,1.738984796763...
GetData ===>> H2,-0.124525864456155,H1,1021.58323062702,AX,242.372682325138,L1,3.10002027113613,L2,1.8448654510...
GetData ===>> H2,-0.120525369003934,H1,1021.27704203029,AX,242.412631911146,L1,3.05375952765043,L2,1.7866598539...
State checksums do not match. Local:610848153 Remote:-1731030918
State checksum failed
GetData ===>> H2,-0.0284431708447953,H1,1020.82498892153,AX,242.439772627373,L1,3.09230070842977,L2,1.789167298...
set states for children of X. state=True
handle state [('X', True)]
update switch state X True args=() kw={'refresh': False} ncanvase=2
refresh_canvas_needed fired
GetData ===>> H2,0.00146165744466449,H1,1020.38526586707,AX,242.556857760339,L1,3.08963134331247,L2,1.807653083...
GetData ===>> H2,-0.0398177228350418,H1,1020.03001373903,AX,242.410574355137,L1,3.0950454387127,L2,1.8064681385...
GetData ===>> H2,-0.270545407100729,H1,1019.73175076943,AX,241.987808140604,L1,3.09658487537176,L2,1.7343289441...
GetData ===>> H2,-0.244428329361937,H1,1019.58808661239,AX,241.791879155302,L1,3.08638852341597,L2,1.7380076238...
GetData ===>> H2,-0.234539098424662,H1,1019.14472380211,AX,241.820775857475,L1,3.03677704141747,L2,1.7515739673...
GetData ===>> H2,-0.208763781231612,H1,1018.33720463818,AX,241.952362367207,L1,3.03871319587471,L2,1.7761707010...
GetData ===>> H2,-0.129633305001065,H1,1018.24838898331,AX,241.860805350167,L1,3.03015485620589,L2,1.7819671972...
GetData ===>> H2,-0.128362743149682,H1,1017.69396815532,AX,241.854666497826,L1,3.04109585549269,L2,1.7516544513...
GetData ===>> H2,-0.0368288783273137,H1,1017.31246935926,AX,241.572713566073,L1,3.07120252774976,L2,1.861163321...
GetData ===>> H2,-0.181232954587433,H1,1016.83592816513,AX,241.492595748332,L1,3.06985039538266,L2,1.8308602271...
GetData ===>> H2,-0.298268843097688,H1,1016.56419275628,AX,241.196120565098,L1,3.12028975032652,L2,1.8081477735...
GetData ===>> H2,-0.295719210790654,H1,1016.30485523696,AX,240.97333521082,L1,3.09261902514264,L2,1.73496120722...
GetData ===>> H2,-0.283910917787384,H1,1015.89801643203,AX,241.103816627099,L1,3.07224092856109,L2,1.7001002907...
GetData ===>> H2,-0.189528034524704,H1,1015.06794791579,AX,240.97569774945,L1,3.05681492775468,L2,1.78016150535...
set states for children of X. state=False
handle state [('X', False)]
update switch state X False args=() kw={'refresh': False} ncanvase=2
refresh_canvas_needed fired
GetData ===>> H2,-0.137551680578129,H1,1014.72546422741,AX,241.093923674137,L1,3.04159454943136,L2,1.7489065356...
measurement finished
estimated time: 125.829 actual time: :126.336
flush and close file /Users/jan/PychronDev/data/isotopes/80/291ce2-b569-4fdb-9324-8343b2751b78.h5
baselines () {'settling_time': 15.0, 'detector': 'H1', 'mass': 34.2, 'ncounts': 60}
%%%%%%%%%%%%%%%%%%%%%%%%%%%%%%%% Baseline
build tables- baseline [Detector(H2), Detector(H1), Detector(AX), Detector(L1), Detector(L2), Detector(CDD)]
add group baseline table H2
add group baseline table H1
add group baseline table AX
add group baseline table L1
add group baseline table L2
add group baseline table CDD
flush and close file /Users/jan/PychronDev/data/isotopes/80/291ce2-b569-4fdb-9324-8343b2751b78.h5
detector Detector(H1)
POSITION 34.2 H1
Mapping mass to dac mass func: "parabolic"
H1 map mass coeffs = [-0.00063987  0.15840543  0.57124999]
H1 map mass to dac 34.2 >> 5.24029599104
GetDeflection H1 ===>> 0
GetHighVoltage ===>> 4500
positioning 34.2 (5.24029599104) on H1
setting magnet DAC
current  : 5.879640
requested: 5.240296
Delta Dac: 0.639344
Checking detector protection. dv=0.63934
Checking detector "CDD". Protection Threshold: 0.1 (V)
ProtectDetector CDD,On ===>> OK
GetDeflection CDD ===>> 2000
Protected = 2000
SetMagnetDAC 5.24029599104 ===>> OK
Magnet settling time: 0.500
GetMagnetMoving ===>> True
GetMagnetMoving ===>> True
GetMagnetMoving ===>> True
GetMagnetMoving ===>> True
GetMagnetMoving ===>> True
GetMagnetMoving ===>> True
set states for children of W. state=True
handle state [('W', True)]
update switch state W True args=() kw={'refresh': False} ncanvase=2
refresh_canvas_needed fired
GetMagnetMoving ===>> True
GetMagnetMoving ===>> True
GetMagnetMoving ===>> False
ProtectDetector CDD,Off ===>> OK
GetDeflection CDD ===>> 50
Delaying 15.0s for detectors to settle
Join finished
measuring baseline. ncounts=60
"baseline" increment series count="2" fit count="1" regressing="True"
set states for children of W. state=False
handle state [('W', False)]
update switch state W False args=() kw={'refresh': False} ncanvase=2
refresh_canvas_needed fired
starting measurement
GetData ===>> H2,-0.117064709547458,H1,-0.129801394209372,AX,-0.110283708279354,L1,-0.0620746937057942,L2,-0.06...
GetData ===>> H2,-0.19112970088196,H1,-0.0446174703004452,AX,-0.0691041072611987,L1,-0.040960725852031,L2,-0.07...
set states for children of X. state=True
handle state [('X', True)]
update switch state X True args=() kw={'refresh': False} ncanvase=2
refresh_canvas_needed fired
GetData ===>> H2,-0.304335521495924,H1,-0.0163434107732339,AX,-0.0578586877362584,L1,-0.0380740190406491,L2,-0....
GetData ===>> H2,-0.267220406122762,H1,-0.0515327262400998,AX,-0.111708977646121,L1,-0.06137005301528,L2,-0.012...
GetData ===>> H2,-0.100242280639347,H1,-0.0765786447224802,AX,-0.164007639922281,L1,-0.067097862923493,L2,-0.03...
GetData ===>> H2,-0.19437009002472,H1,-0.100831805095791,AX,-0.0631221695859255,L1,-0.0456591339083777,L2,-0.04...
GetData ===>> H2,-0.153583504298837,H1,-0.010177150119106,AX,-0.151290097323582,L1,-0.0479057864797365,L2,0.019...
GetData ===>> H2,-0.135519554381646,H1,-0.0457978667731894,AX,-0.212242669450162,L1,-0.0527708138964285,L2,0.02...
GetData ===>> H2,-0.236691698352498,H1,0.0122249584559643,AX,-0.0879517617569046,L1,-0.0642289843523618,L2,-0.0...
GetData ===>> H2,-0.282466594190458,H1,0.0199559230068537,AX,-0.00585781300136312,L1,-0.0472654758546311,L2,-0....
GetData ===>> H2,-0.250948609096185,H1,-0.0917867191871256,AX,-0.0750972690476526,L1,-0.0329353181456178,L2,-0....
GetData ===>> H2,-0.164288843121034,H1,-0.0821567962610235,AX,-0.00822420101338139,L1,-0.0345944954833298,L2,-0...
GetData ===>> H2,-0.199292404069802,H1,0.00218036857935218,AX,-0.062936677268124,L1,-0.0430635470107653,L2,-0.0...
GetData ===>> H2,-0.31570594516553,H1,-0.0750529422804512,AX,-0.137666454540022,L1,-0.0281397370714251,L2,0.022...
GetData ===>> H2,-0.131237783286825,H1,-0.031417543263079,AX,-0.161364568322443,L1,-0.0096350708370309,L2,0.099...
GetData ===>> H2,-0.13448104198027,H1,-0.010880862510043,AX,-0.0713646275011715,L1,-0.0404086024945833,L2,-0.06...
GetData ===>> H2,-0.219255959997121,H1,-0.0294737755163642,AX,-0.0451161728874559,L1,-0.0279504539416231,L2,0.0...
GetData ===>> H2,-0.266602068268963,H1,0.0813896355572165,AX,-0.13066423327557,L1,0.00165756051360863,L2,-0.012...
State checksums do not match. Local:-1731030918 Remote:610848153
State checksum failed
GetData ===>> H2,-0.244574999703549,H1,-0.0345418025006648,AX,-0.210203421720002,L1,0.00058809867927609,L2,-0.0...
set states for children of X. state=False
handle state [('X', False)]
update switch state X False args=() kw={'refresh': False} ncanvase=2
refresh_canvas_needed fired
GetData ===>> H2,-0.19499002546186,H1,0.0180708488328964,AX,-0.0857032174147321,L1,-0.0427426437598496,L2,-0.02...
GetData ===>> H2,-0.143605339767276,H1,0.0187270415114906,AX,-0.0927616177086455,L1,-0.0198762489869855,L2,0.00...
GetData ===>> H2,-0.235513200708851,H1,0.0480692152683872,AX,-0.125809907779582,L1,-0.00834125371594712,L2,-0.0...
GetData ===>> H2,-0.278916733864096,H1,0.0272579377593509,AX,0.0433853890254557,L1,-0.0139709632326043,L2,0.002...
set states for children of W. state=True
handle state [('W', True)]
update switch state W True args=() kw={'refresh': False} ncanvase=2
refresh_canvas_needed fired
GetData ===>> H2,-0.124832808401481,H1,-0.026206252642935,AX,-0.0440609853910153,L1,-0.050671220198764,L2,-0.13...
20:05:43 -- collecting point 25
GetData ===>> H2,-0.190451581935495,H1,-0.0091394634992302,AX,-0.118997223854292,L1,-0.0341470260581584,L2,-0.0...
GetData ===>> H2,-0.196539945186978,H1,-0.0260512215347174,AX,-0.0234071552670216,L1,-0.0134975463436738,L2,0.0...
GetData ===>> H2,-0.157763652611125,H1,-0.00986703800343032,AX,-0.139579676991374,L1,-0.00492544906358791,L2,0....
GetData ===>> H2,-0.1003559996247,H1,0.0428301892527518,AX,-0.0303888953707936,L1,0.0295776732428658,L2,-0.0193...
GetData ===>> H2,-0.206900324524026,H1,-0.101546796775076,AX,0.0131913858504275,L1,-0.0117391170016924,L2,-0.02...
GetData ===>> H2,-0.2703183060504,H1,-0.00527488076349485,AX,-0.118580105256888,L1,-0.0240226241102282,L2,0.027...
GetData ===>> H2,-0.200147269701737,H1,-0.0403011545640151,AX,-0.0561891538438566,L1,0.0179749520793855,L2,-0.0...
GetData ===>> H2,-0.274406768708855,H1,0.0253249996692741,AX,-0.181985576204323,L1,0.00706382997279678,L2,-0.04...
GetData ===>> H2,-0.299264384934488,H1,0.0212086818061287,AX,-0.0740308146452025,L1,-0.0215151045297864,L2,-0.0...
GetData ===>> H2,-0.220708282223595,H1,0.0789923522747539,AX,-0.114918654149326,L1,-0.0488344635748541,L2,-0.03...
GetData ===>> H2,-0.184915911043621,H1,0.00356412395035051,AX,-0.0993327714944872,L1,-0.0157485550589015,L2,-0....
GetData ===>> H2,-0.210065189264602,H1,-0.0213047683101262,AX,-0.00589261324194248,L1,0.00241861598657864,L2,-0...
set states for children of W. state=False
handle state [('W', False)]
update switch state W False args=() kw={'refresh': False} ncanvase=2
refresh_canvas_needed fired
GetData ===>> H2,-0.0923197650211037,H1,0.0369828529801055,AX,-0.0834662119432221,L1,0.0127874245075951,L2,0.04...
GetData ===>> H2,-0.112754321445428,H1,0.0317205423085777,AX,0.0222880552340366,L1,-0.00447679872509272,L2,-0.0...
GetData ===>> H2,-0.250442941221501,H1,0.0276516889828439,AX,-0.0827012138147656,L1,0.00496508873866063,L2,-0.0...
GetData ===>> H2,-0.217029961183958,H1,-0.00701634700834826,AX,0.00104448064826268,L1,0.000890561215412755,L2,-...
set states for children of V. state=False
handle state [('V', False)]
update switch state V False args=() kw={'refresh': False} ncanvase=2
refresh_canvas_needed fired
GetData ===>> H2,-0.19169454429415,H1,0.0043872288906456,AX,-0.0366743525531383,L1,0.00582088717740609,L2,-0.02...
GetData ===>> H2,-0.11943912233276,H1,0.055253929025967,AX,0.0673039052158824,L1,-0.00444320912525637,L2,0.0236...
set states for children of H. state=True
handle state [('H', True)]
update switch state H True args=() kw={'refresh': False} ncanvase=2
refresh_canvas_needed fired
GetData ===>> H2,-0.111472392794523,H1,0.0168658516608967,AX,-0.127756301271225,L1,-0.019150847290343,L2,-0.047...
GetData ===>> H2,-0.175240531648108,H1,-0.0772103740794837,AX,-0.0496034908283873,L1,-0.0314228730451969,L2,0.0...
GetData ===>> H2,-0.278364836797063,H1,-0.101391882344859,AX,0.000255622316264456,L1,-0.0137468420637518,L2,-0....
GetData ===>> H2,-0.255864241535841,H1,0.0104712579098944,AX,-0.116726223185187,L1,-0.0152087836610345,L2,-0.03...
GetData ===>> H2,-0.21154290064005,H1,0.0286897678133837,AX,-0.0798266216295302,L1,-0.024090936881221,L2,-0.056...
GetData ===>> H2,-0.212924796873619,H1,-0.0367955014749509,AX,-0.0292175752679909,L1,0.0168975999415415,L2,-0.0...
GetData ===>> H2,-0.241954830574724,H1,0.000701202955944069,AX,-0.0531514562090556,L1,0.0365538181543137,L2,-0....
20:06:09 -- collecting point 50
GetData ===>> H2,-0.293971708434286,H1,-0.0418631577197679,AX,-0.120758371547741,L1,0.0230666083711239,L2,-0.09...
GetData ===>> H2,-0.247916952395387,H1,-0.0897130269593259,AX,-0.123237828073408,L1,-0.0208125992953576,L2,-0.0...
GetData ===>> H2,-0.157831192448871,H1,-0.0496728078267726,AX,-0.0813450659867425,L1,-0.0267775378978582,L2,-0....
GetData ===>> H2,-0.220459056515636,H1,-0.0315487164138205,AX,-0.0572326158832846,L1,-0.0344051480111771,L2,0.0...
GetData ===>> H2,-0.257035018758197,H1,0.027281801425816,AX,-0.0645133506988136,L1,-0.0256032867572717,L2,-0.09...
GetData ===>> H2,-0.258016173620105,H1,0.018381048472116,AX,-0.0377296201416022,L1,0.00953337403415803,L2,-0.04...
GetData ===>> H2,-0.247478411132156,H1,0.0540484842467272,AX,0.0132726023519863,L1,0.0176362403338903,L2,0.0121...
GetData ===>> H2,-0.178484121806696,H1,-0.0109524262048353,AX,-0.122334108247812,L1,-0.0203929908558148,L2,0.05...
GetData ===>> H2,-0.167622909880574,H1,-0.00880549310335859,AX,-0.0367903165840201,L1,-0.0393761342620778,L2,0....
GetData ===>> H2,-0.264301822735385,H1,0.0390592149210669,AX,-0.0258890936752663,L1,-0.00294235942799458,L2,-0....
GetData ===>> H2,-0.153076755841912,H1,-0.0367120320475366,AX,-0.0313630518475861,L1,-0.0400229365162601,L2,-0....
measurement finished
estimated time: 62.915 actual time: :63.152
flush and close file /Users/jan/PychronDev/data/isotopes/80/291ce2-b569-4fdb-9324-8343b2751b78.h5
activate_detectors ('H1', 'AX', 'CDD') {'peak_center': True}
peak_center () {'detector': 'H1', 'integration_time': 0.262144, 'isotope': 'Ar40'}
peak center: mean=1016.69884359 threshold=3
peak center started
setup peak center. detector=['H1', 'AX', 'CDD'], isotope=Ar40
VersionedUnpickler [<apptools.sweet_pickle.versioned_unpickler.VersionedUnpickler object at 0x1c0a016b0>] using Updater [<apptools.sweet_pickle.updater.Updater object at 0x1373f1ad0>]
VersionedUnpickler [<apptools.sweet_pickle.versioned_unpickler.VersionedUnpickler object at 0x1c0a016b0>] using Updater [<apptools.sweet_pickle.updater.Updater object at 0x1373f1ad0>]
VersionedUnpickler [<apptools.sweet_pickle.versioned_unpickler.VersionedUnpickler object at 0x1d2dc5f50>] using Updater [<apptools.sweet_pickle.updater.Updater object at 0x1373f1ad0>]
setting integration time = 0.524288
SetIntegrationTime 0.524288 ===>> OK
Mapping mass to dac mass func: "parabolic"
H1 map mass coeffs = [-0.00063987  0.15840543  0.57124999]
H1 map mass to dac 39.9624 >> 5.87964
GetDeflection H1 ===>> 0
GetHighVoltage ===>> 4500
do peak center. <pychron.spectrometer.jobs.peak_center.PeakCenter object at 0x1376ecfb0>
doing pc
starting peak center. center dac= 5.87964 step_width=0.001
width = 0.001
get scan parameters. half-width=0.015,window=0.015, i=0, scalar=1
Scan parameters center=5.87964 width=0.03000 (5.86464 - 5.89464)
GetData ===>> H2,-0.209764773998472,H1,-0.00958077981316736,AX,-0.152101658372911,L1,-0.0252222247805601,L2,-0....
Moving to starting dac 5.86464
setting magnet DAC
current  : 5.240296
requested: 5.864640
Delta Dac: 0.624344
Checking detector protection. dv=0.62434
Checking detector "CDD". Protection Threshold: 0.1 (V)
ProtectDetector CDD,On ===>> OK
GetDeflection CDD ===>> 2000
Protected = 2000
SetMagnetDAC 5.86464 ===>> OK
Magnet settling time: 0.500
GetMagnetMoving ===>> True
GetMagnetMoving ===>> True
GetMagnetMoving ===>> True
GetMagnetMoving ===>> True
GetMagnetMoving ===>> True
GetMagnetMoving ===>> True
GetMagnetMoving ===>> True
GetMagnetMoving ===>> True
GetMagnetMoving ===>> False
ProtectDetector CDD,Off ===>> OK
GetDeflection CDD ===>> 50
Wait until signal near baseline. tol= -0.00718558485988. timeout= 10
GetData ===>> H2,3.63630610271249,H1,1.55933953374621,AX,0.0223112621102763,L1,-0.0103268769989428,L2,0.1002106...
GetData ===>> H2,47.8421745111521,H1,25.7902615537164,AX,1.81698027480223,L1,0.00181120745838708,L2,0.080059821...
GetData ===>> H2,63.7152328785573,H1,37.9401161671301,AX,6.08967952511482,L1,0.0421285868723467,L2,-0.092529790...
GetData ===>> H2,35.805133743708,H1,18.1293541649575,AX,2.71086231967173,L1,0.0277241881263174,L2,-0.0921657646...
GetData ===>> H2,15.2659740785093,H1,9.26139501527106,AX,1.33105880080092,L1,0.00405856188510055,L2,0.001844677...
GetData ===>> H2,5.33385764224494,H1,4.93903305114409,AX,0.703124443855521,L1,-0.00689975279739147,L2,-0.149129...
GetData ===>> H2,1.53398178466918,H1,2.82378792203677,AX,0.312517652524062,L1,0.0103638677492993,L2,0.000136641...
GetData ===>> H2,0.485651726600118,H1,1.85177862749655,AX,0.25273696280559,L1,0.0231153762521488,L2,0.077279160...
GetData ===>> H2,0.321111838155038,H1,1.37705946368449,AX,0.234048505405401,L1,0.0680491894706405,L2,-0.0368860...
GetData ===>> H2,0.249130827563588,H1,1.17647783053079,AX,0.179976638878491,L1,0.0755959453392832,L2,-0.0262087...
GetData ===>> H2,0.240518727467414,H1,0.931196322308447,AX,0.298440111103358,L1,0.0311671608804567,L2,-0.089025...
GetData ===>> H2,0.250150095177503,H1,0.940654173787636,AX,0.267318769694137,L1,0.0221837828359989,L2,-0.052182...
GetData ===>> H2,0.252120201797335,H1,0.977560272004063,AX,0.267992186084653,L1,0.0075704814643336,L2,0.0127768...
GetData ===>> H2,0.245538009288012,H1,0.978614246555964,AX,0.163552160165052,L1,-0.0203185902195199,L2,0.056791...
GetData ===>> H2,0.216537861783128,H1,0.921140848244107,AX,0.0412267059773697,L1,-0.0134172430418766,L2,0.01942...
GetData ===>> H2,0.17544028213377,H1,0.895288531153393,AX,0.0965838061961938,L1,0.00155192959880609,L2,-0.04906...
GetData ===>> H2,0.181206552203989,H1,0.886672568985802,AX,0.00595178708652265,L1,0.0163104844921004,L2,-0.0929...
set states for children of H. state=False
handle state [('H', False)]
update switch state H False args=() kw={'refresh': False} ncanvase=2
refresh_canvas_needed fired
GetData ===>> H2,0.099385884023324,H1,0.928610532944396,AX,0.0280435299879709,L1,0.0263550141575793,L2,-0.05796...
GetData ===>> H2,0.0666967909368481,H1,0.942833197281767,AX,0.235812728323325,L1,0.0114214804598854,L2,0.033505...
GetData ===>> H2,0.0387096088901195,H1,0.897658050190642,AX,0.14636509883073,L1,0.00668347360593928,L2,0.008381...
GetData ===>> H2,0.109138637584735,H1,1.00051067014089,AX,0.131870946711094,L1,-0.00750420094215963,L2,-0.07960...
Peak center failed to move to a baseline position
_do_sweep sm= 5.86464, em= 5.89464, stm= 0.001
calculated step values: start=5.86464, end=5.89464, width=0.001, nsteps=31.0
setting magnet DAC
current  : 5.864640
requested: 5.864640
Delta Dac: 0.000000
Checking detector protection. dv=0.00000
Checking detector "CDD". Protection Threshold: 0.1 (V)
SetMagnetDAC 5.86464 ===>> OK
GetData ===>> H2,0.109138637584735,H1,1.00051067014089,AX,0.131870946711094,L1,-0.00750420094215963,L2,-0.07960...
setting magnet DAC
current  : 5.864640
requested: 5.865674
Delta Dac: 0.001034
Checking detector protection. dv=0.00103
Checking detector "CDD". Protection Threshold: 0.1 (V)
SetMagnetDAC 5.86567448276 ===>> OK
Magnet settling time: 1.049
set states for children of C. state=True
handle state [('C', True)]
update switch state C True args=() kw={'refresh': False} ncanvase=2
refresh_canvas_needed fired
GetData ===>> H2,0.00545114357993886,H1,1.98512718493979,AX,0.369754725735909,L1,-0.0323080026069002,L2,0.00266...
setting magnet DAC
current  : 5.865674
requested: 5.866709
Delta Dac: 0.001034
Checking detector protection. dv=0.00103
Checking detector "CDD". Protection Threshold: 0.1 (V)
SetMagnetDAC 5.86670896552 ===>> OK
Magnet settling time: 1.049
set states for children of B. state=True
set states for children of D. state=True
handle state [('B', True), ('D', True)]
update switch state B True args=() kw={'refresh': True} ncanvase=2
update switch state D True args=() kw={'refresh': False} ncanvase=2
refresh_canvas_needed fired
GetData ===>> H2,-0.0994652832698712,H1,6.44829898806198,AX,1.06050412566815,L1,-0.0271218461305897,L2,-0.04560...
setting magnet DAC
current  : 5.866709
requested: 5.867743
Delta Dac: 0.001034
Checking detector protection. dv=0.00103
Checking detector "CDD". Protection Threshold: 0.1 (V)
SetMagnetDAC 5.86774344828 ===>> OK
Magnet settling time: 1.049
State checksums do not match. Local:1269278284 Remote:-1721677202
State checksum failed
GetData ===>> H2,-0.0891970056578567,H1,24.6747169115554,AX,3.79275232541205,L1,0.00976676130707787,L2,-0.02154...
setting magnet DAC
current  : 5.867743
requested: 5.868778
Delta Dac: 0.001034
Checking detector protection. dv=0.00103
Checking detector "CDD". Protection Threshold: 0.1 (V)
SetMagnetDAC 5.86877793103 ===>> OK
Magnet settling time: 1.049
set states for children of I. state=False
set states for children of Q. state=True
set states for children of P. state=True
handle state [('I', False), ('Q', True), ('P', True)]
update switch state I False args=() kw={'refresh': True} ncanvase=2
update switch state Q True args=() kw={'refresh': True} ncanvase=2
update switch state P True args=() kw={'refresh': False} ncanvase=2
refresh_canvas_needed fired
GetData ===>> H2,-0.114367694389702,H1,84.3987026137624,AX,13.0539876766863,L1,0.0256440778498748,L2,0.02653489...
setting magnet DAC
current  : 5.868778
requested: 5.869812
Delta Dac: 0.001034
Checking detector protection. dv=0.00103
Checking detector "CDD". Protection Threshold: 0.1 (V)
SetMagnetDAC 5.86981241379 ===>> OK
Magnet settling time: 1.049
GetData ===>> H2,-0.0741323607746328,H1,229.43970736275,AX,38.2372505434418,L1,0.186310816808506,L2,0.110242032...
setting magnet DAC
current  : 5.869812
requested: 5.870847
Delta Dac: 0.001034
Checking detector protection. dv=0.00103
Checking detector "CDD". Protection Threshold: 0.1 (V)
SetMagnetDAC 5.87084689655 ===>> OK
Magnet settling time: 1.049
GetData ===>> H2,-0.176869471610471,H1,455.687736424649,AX,84.2633825890128,L1,0.515416832103285,L2,0.134367290...
setting magnet DAC
current  : 5.870847
requested: 5.871881
Delta Dac: 0.001034
Checking detector protection. dv=0.00103
Checking detector "CDD". Protection Threshold: 0.1 (V)
SetMagnetDAC 5.87188137931 ===>> OK
Magnet settling time: 1.049
GetData ===>> H2,-0.073224051172201,H1,692.272019965248,AX,140.27218702727,L1,0.98592486042659,L2,0.30737454393...
setting magnet DAC
current  : 5.871881
requested: 5.872916
Delta Dac: 0.001034
Checking detector protection. dv=0.00103
Checking detector "CDD". Protection Threshold: 0.1 (V)
SetMagnetDAC 5.87291586207 ===>> OK
Magnet settling time: 1.049
GetData ===>> H2,-0.219885584291365,H1,856.705452541284,AX,187.156204320606,L1,1.58076730898684,L2,0.7340580282...
setting magnet DAC
current  : 5.872916
requested: 5.873950
Delta Dac: 0.001034
Checking detector protection. dv=0.00103
Checking detector "CDD". Protection Threshold: 0.1 (V)
SetMagnetDAC 5.87395034483 ===>> OK
Magnet settling time: 1.049
GetData ===>> H2,-0.175998291142007,H1,934.718785830438,AX,214.715983127988,L1,2.13306373844368,L2,1.4362848555...
setting magnet DAC
current  : 5.873950
requested: 5.874985
Delta Dac: 0.001034
Checking detector protection. dv=0.00103
Checking detector "CDD". Protection Threshold: 0.1 (V)
SetMagnetDAC 5.87498482759 ===>> OK
Magnet settling time: 1.049
GetData ===>> H2,-0.042876336727778,H1,961.024123763801,AX,225.654230266672,L1,2.48352044348835,L2,1.5026560583...
setting magnet DAC
current  : 5.874985
requested: 5.876019
Delta Dac: 0.001034
Checking detector protection. dv=0.00103
Checking detector "CDD". Protection Threshold: 0.1 (V)
SetMagnetDAC 5.87601931034 ===>> OK
Magnet settling time: 1.049
GetData ===>> H2,-0.17981965933859,H1,968.279187060351,AX,228.825198815675,L1,2.62982798916118,L2,1.75280110617...
setting magnet DAC
current  : 5.876019
requested: 5.877054
Delta Dac: 0.001034
Checking detector protection. dv=0.00103
Checking detector "CDD". Protection Threshold: 0.1 (V)
SetMagnetDAC 5.8770537931 ===>> OK
Magnet settling time: 1.049
GetData ===>> H2,-0.191014747128162,H1,969.949367583468,AX,230.002142128344,L1,2.87153518907733,L2,1.6364782684...
setting magnet DAC
current  : 5.877054
requested: 5.878088
Delta Dac: 0.001034
Checking detector protection. dv=0.00103
Checking detector "CDD". Protection Threshold: 0.1 (V)
SetMagnetDAC 5.87808827586 ===>> OK
Magnet settling time: 1.049
GetData ===>> H2,-0.214317297270255,H1,970.115080061014,AX,229.955808772361,L1,2.91044675460949,L2,1.7719633380...
setting magnet DAC
current  : 5.878088
requested: 5.879123
Delta Dac: 0.001034
Checking detector protection. dv=0.00103
Checking detector "CDD". Protection Threshold: 0.1 (V)
SetMagnetDAC 5.87912275862 ===>> OK
Magnet settling time: 1.049
GetData ===>> H2,-0.11982872213325,H1,970.209546808338,AX,229.989343804306,L1,2.88187689398865,L2,1.72140073340...
setting magnet DAC
current  : 5.879123
requested: 5.880157
Delta Dac: 0.001034
Checking detector protection. dv=0.00103
Checking detector "CDD". Protection Threshold: 0.1 (V)
SetMagnetDAC 5.88015724138 ===>> OK
Magnet settling time: 1.049
GetData ===>> H2,-0.100866505695064,H1,969.341288340706,AX,230.284711033746,L1,2.90977131574584,L2,1.6340413892...
setting magnet DAC
current  : 5.880157
requested: 5.881192
Delta Dac: 0.001034
Checking detector protection. dv=0.00103
Checking detector "CDD". Protection Threshold: 0.1 (V)
SetMagnetDAC 5.88119172414 ===>> OK
Magnet settling time: 1.049
GetData ===>> H2,-0.13467495175078,H1,969.416289967213,AX,229.82274394741,L1,2.96338064845777,L2,1.673452816246...
setting magnet DAC
current  : 5.881192
requested: 5.882226
Delta Dac: 0.001034
Checking detector protection. dv=0.00103
Checking detector "CDD". Protection Threshold: 0.1 (V)
SetMagnetDAC 5.8822262069 ===>> OK
Magnet settling time: 1.049
GetData ===>> H2,-0.143366563817284,H1,969.121611831277,AX,229.774487411096,L1,2.9040399159086,L2,1.73582480072...
setting magnet DAC
current  : 5.882226
requested: 5.883261
Delta Dac: 0.001034
Checking detector protection. dv=0.00103
Checking detector "CDD". Protection Threshold: 0.1 (V)
SetMagnetDAC 5.88326068966 ===>> OK
Magnet settling time: 1.049
GetData ===>> H2,-0.105482824913253,H1,966.821627799714,AX,228.461861597055,L1,2.90879392146173,L2,1.6564124115...
setting magnet DAC
current  : 5.883261
requested: 5.884295
Delta Dac: 0.001034
Checking detector protection. dv=0.00103
Checking detector "CDD". Protection Threshold: 0.1 (V)
SetMagnetDAC 5.88429517241 ===>> OK
Magnet settling time: 1.049
GetData ===>> H2,-0.0704607172891947,H1,961.196994670732,AX,225.839510482755,L1,2.91410469649777,L2,1.757924447...
setting magnet DAC
current  : 5.884295
requested: 5.885330
Delta Dac: 0.001034
Checking detector protection. dv=0.00103
Checking detector "CDD". Protection Threshold: 0.1 (V)
SetMagnetDAC 5.88532965517 ===>> OK
Magnet settling time: 1.049
GetData ===>> H2,-0.180369700734916,H1,939.746392199815,AX,216.766423079953,L1,2.78559503520361,L2,1.4980416439...
setting magnet DAC
current  : 5.885330
requested: 5.886364
Delta Dac: 0.001034
Checking detector protection. dv=0.00103
Checking detector "CDD". Protection Threshold: 0.1 (V)
SetMagnetDAC 5.88636413793 ===>> OK
Magnet settling time: 1.049
GetData ===>> H2,-0.0543300191233683,H1,872.728019803208,AX,190.920486924545,L1,2.5391411991681,L2,1.1769038390...
setting magnet DAC
current  : 5.886364
requested: 5.887399
Delta Dac: 0.001034
Checking detector protection. dv=0.00103
Checking detector "CDD". Protection Threshold: 0.1 (V)
SetMagnetDAC 5.88739862069 ===>> OK
Magnet settling time: 1.049
GetData ===>> H2,-0.190764231963276,H1,722.550298462182,AX,143.227938249675,L1,2.0744928955558,L2,0.81156723130...
setting magnet DAC
current  : 5.887399
requested: 5.888433
Delta Dac: 0.001034
Checking detector protection. dv=0.00103
Checking detector "CDD". Protection Threshold: 0.1 (V)
SetMagnetDAC 5.88843310345 ===>> OK
Magnet settling time: 1.049
GetData ===>> H2,-0.146735540367008,H1,495.223250498442,AX,85.1280155512717,L1,1.4767533276266,L2,0.35684784526...
setting magnet DAC
current  : 5.888433
requested: 5.889468
Delta Dac: 0.001034
Checking detector protection. dv=0.00103
Checking detector "CDD". Protection Threshold: 0.1 (V)
SetMagnetDAC 5.88946758621 ===>> OK
Magnet settling time: 1.049
GetData ===>> H2,-0.140768961182428,H1,168.460432099001,AX,22.2377839323813,L1,0.722149492982692,L2,0.045011165...
setting magnet DAC
current  : 5.889468
requested: 5.890502
Delta Dac: 0.001034
Checking detector protection. dv=0.00103
Checking detector "CDD". Protection Threshold: 0.1 (V)
SetMagnetDAC 5.89050206897 ===>> OK
Magnet settling time: 1.049
GetData ===>> H2,-0.270164669940155,H1,58.4236491873191,AX,6.14402628170036,L1,0.408094491499604,L2,0.026603230...
setting magnet DAC
current  : 5.890502
requested: 5.891537
Delta Dac: 0.001034
Checking detector protection. dv=0.00103
Checking detector "CDD". Protection Threshold: 0.1 (V)
SetMagnetDAC 5.89153655172 ===>> OK
Magnet settling time: 1.049
GetData ===>> H2,-0.215997765678242,H1,16.6518466468712,AX,1.19397144965548,L1,0.253079749346337,L2,-0.05873777...
setting magnet DAC
current  : 5.891537
requested: 5.892571
Delta Dac: 0.001034
Checking detector protection. dv=0.00103
Checking detector "CDD". Protection Threshold: 0.1 (V)
SetMagnetDAC 5.89257103448 ===>> OK
Magnet settling time: 1.049
GetData ===>> H2,-0.280811376397289,H1,4.17482715063342,AX,0.191670327962447,L1,0.163584267487419,L2,0.02462139...
setting magnet DAC
current  : 5.892571
requested: 5.893606
Delta Dac: 0.001034
Checking detector protection. dv=0.00103
Checking detector "CDD". Protection Threshold: 0.1 (V)
SetMagnetDAC 5.89360551724 ===>> OK
Magnet settling time: 1.049
GetData ===>> H2,-0.0965080828026973,H1,0.769214076186953,AX,-0.164765122960597,L1,0.112686419982955,L2,-0.1668...
setting magnet DAC
current  : 5.893606
requested: 5.894640
Delta Dac: 0.001034
Checking detector protection. dv=0.00103
Checking detector "CDD". Protection Threshold: 0.1 (V)
SetMagnetDAC 5.89464 ===>> OK
Magnet settling time: 1.049
GetData ===>> H2,-0.244850842432464,H1,-0.0194085092479533,AX,-0.0499745259441711,L1,0.108980637315017,L2,0.174...
result of _do_sweep=True
result of _calculate_peak_center=([5.8720410089143833, 5.879732253472465, 5.8874234980305467], [717.64551557324114, 970.20689643867365, 716.92890787656313], 5.8790937350563217, 970.20689643867365)
Failed to find a valid peak. No peak greater than 1.0. max = 0.0326627502548
new center pos Detector(H1) (Ar40) @ 5.87973225347
GetHighVoltage ===>> 4500
GetDeflection H1 ===>> 0
dac uncorrected for HV and deflection 5.87973225347
update mftable H1 Ar40 5.87973225347 message=automated run peakcenter
get initial guess parabolic
get initial guess parabolic
get initial guess parabolic
get initial guess parabolic
get initial guess parabolic
get initial guess parabolic
dump mftable to /Users/jan/PychronDev/setupfiles/spectrometer/mftables/mftable.csv
add to repo msg=modified - automated run peakcenter
locally archiving mftable
setting magnet DAC
current  : 5.894640
requested: 5.879732
Delta Dac: 0.014908
Checking detector protection. dv=0.01491
Checking detector "CDD". Protection Threshold: 0.1 (V)
SetMagnetDAC 5.87973225347 ===>> OK
Magnet settling time: 0.500
sweep finished
setting integration time = 1.048576
SetIntegrationTime 1.048576 ===>> OK
Failed to find a valid peak. No peak greater than 1.0. max = 0.0326597669463
flush and close file /Users/jan/PychronDev/data/isotopes/80/291ce2-b569-4fdb-9324-8343b2751b78.h5
finished measure script
executed snippet estimated_duration=226.132928, duration=272.184195042
jan_unknown120_60.py completed successfully
Measurement Finished
20:07:07 -- ******* Measurement Finished *******
Post Measurement Started jan_pump_ms.py
20:07:07 -- ******* Post Measurement Started jan_pump_ms.py *******
testing...
no interpolation path defined
executed snippet estimated_duration=0, duration=3.09944152832e-05
Pumping spectrometer
open () {'name': 'O'}
opening name=O desc=---
checking ownership. requestor=129.138.12.150
check software interlocks O
interlocks []
actuate state mode=None-script, software_lock=False
doing actuation None-script open_channel True
Open O ===>> OK
GetIndicatorState O ===>> OK
change switch state (True, True)
update switch state O True args=() kw={} ncanvase=2
20:07:07 -- OPEN   VALVE-O (Jan Ion Pump)
---------------------------------------- open O () result=[(True, True)], time=0.08 sec
action=open, ok=True, locked=[False]
executed snippet estimated_duration=0, duration=0.345762968063
jan_pump_ms.py completed successfully
setting _ms_pumptime
Post Measurement Finished
20:07:07 -- ******* Post Measurement Finished *******
$$$$$$$$$$$$$$$$$$$$ state at run end measurement
state changed from measurement to success
post measurement save measured=True aborted=False
Set filtering
setting fod for Ar40= {'filter_outliers': True, 'std_devs': 2, 'iterations': 1}
setting fod for H1= {'filter_outliers': True, 'std_devs': 2, 'iterations': 1}
setting fod for PM41= {'filter_outliers': False, 'std_devs': 2, 'iterations': 1}
setting fod for H2= {'filter_outliers': True, 'std_devs': 2, 'iterations': 1}
setting fod for Ar36= {'filter_outliers': True, 'std_devs': 2, 'iterations': 1}
setting fod for CDD= {'filter_outliers': True, 'std_devs': 10, 'iterations': 1}
setting fod for Ar37= {'filter_outliers': True, 'std_devs': 2, 'iterations': 1}
setting fod for L2= {'filter_outliers': True, 'std_devs': 2, 'iterations': 1}
setting fod for Ar38= {'filter_outliers': True, 'std_devs': 2, 'iterations': 1}
setting fod for L1= {'filter_outliers': True, 'std_devs': 2, 'iterations': 1}
setting fod for Ar39= {'filter_outliers': True, 'std_devs': 2, 'iterations': 1}
setting fod for AX= {'filter_outliers': True, 'std_devs': 2, 'iterations': 1}
persistence save...
persistence save - db
post measurement save
7820997840 connecting to database sqlite:////Users/jan/PychronDev/.appdata/local_lab.db
connected to db sqlite:////Users/jan/PychronDev/.appdata/local_lab.db
create new session 7820997840
close session 7820997840
No database instance. Not saving post measurement to isotopedb database
$$$$$$$$$$$$$$$ auto_save_detector_ic=False
massspec enabled True
create new session 4985911824
MassSpec Database Version: 16.0
close session 4985911824
saving post measurement to secondary database
saving to massspec database 129.138.12.160/massspecdata
setting labnumber to 65555
setting aliquot to 11
setting step to 
setting uuid to 80291ce2-b569-4fdb-9324-8343b2751b78
setting irradpos to 65555
setting extract_device to Fusions CO2
setting tray to 
setting position to 197
setting power_requested to 5.0
setting extract_value to 5.0
setting duration to 30.0
setting duration_at_request to 30.0
setting first_stage_delay to 30.0
setting cleanup to 30.0
setting comment to N:14 without inclusions
setting irradiation to NM-289
setting level to N
setting irradiation_level to N
setting sample to Bw-2014-7 WO
setting material to Sanidine
setting project to Bustos Wells
setting mass_spectrometer to Jan
no attribute chron_dosages
no attribute production_ratios
no attribute interference_corrections
no attribute production_name
no attribute j
Reference Isotope=Ar40
Reference Detector=H1
%%%%%%%%%%%%%%%%%%%% Comment: N:14 without inclusions %%%%%%%%%%%%%%%%%%%
adding isotope PM41 H2
add baseline dbdet= PM41. original det= H2
get baseline data PM41 H2
Get data baseline <pychron.processing.isotope.Baseline object at 0x1b5e49790> len t=60
baseline PM41. v=-0.205265779143, e=0.00762711028518
get signal data PM41 H2
Get data signal PM41 0.11+/-0.08 len t=120
adding isotope Ar40 H1
add baseline dbdet= Ar40. original det= H1
get baseline data Ar40 H1
Get data baseline <pychron.processing.isotope.Baseline object at 0x1b5e49e90> len t=60
baseline Ar40. v=-0.013149333532, e=0.00576639477192
get signal data Ar40 H1
Get data signal Ar40 1068.90+/-0.07 len t=120
adding isotope Ar39 AX
add baseline dbdet= Ar39. original det= AX
get baseline data Ar39 AX
Get data baseline <pychron.processing.isotope.Baseline object at 0x1b5e49b90> len t=60
baseline Ar39. v=-0.0717918748938, e=0.00687118016549
get signal data Ar39 AX
Get data signal Ar39 253.190+/-0.030 len t=120
adding isotope Ar38 L1
add baseline dbdet= Ar38. original det= L1
get baseline data Ar38 L1
Get data baseline <pychron.processing.isotope.Baseline object at 0x1b5e49310> len t=60
baseline Ar38. v=-0.0216506798606, e=0.00301451861288
get signal data Ar38 L1
Get data signal Ar38 3.270+/-0.005 len t=120
adding isotope Ar37 L2
add baseline dbdet= Ar37. original det= L2
get baseline data Ar37 L2
Get data baseline <pychron.processing.isotope.Baseline object at 0x1b5e49810> len t=60
baseline Ar37. v=-0.0266785555811, e=0.00572258766836
get signal data Ar37 L2
Get data signal Ar37 1.882+/-0.010 len t=120
adding isotope Ar36 CDD
add baseline dbdet= Ar36. original det= CDD
get baseline data Ar36 CDD
Get data baseline <pychron.processing.isotope.Baseline object at 0x1c3087110> len t=60
baseline Ar36. v=0.000262995563291, e=2.04391857919e-05
get signal data Ar36 CDD
Get data signal Ar36 0.0261+/-0.0004 len t=120
65555-11 added analysis time 0.497301101685s
analysis added to mass spec database
mass spec save time= 0.504
persistence save - dvc
================= post measurement started
create new session 4991427888
close session 4991427888
---------------- Experiment Queue saving disabled
DVC saving peakcenter
Failed to find a valid peak. No peak greater than 1.0. max = 0.0326597669463
Smart pull ahead: 0 behind: 0
Up-to-date with origin
add to repo msg=modified - ad8224ebc6dbfeb9f5997218dfa5fe690569839d.json
add to repo msg=modified - 55-11.json
add to repo msg=modified - 55-11.dat.json
add to repo msg=modified - 55-11.blan.json
add to repo msg=modified - 55-11.inte.json
add to repo msg=modified - 55-11.icfa.json
add to repo msg=modified - 55-11.base.json
not at valid file /Users/jan/PychronDev/data/.dvc/repositories/Load1786/655/tags/55-11.tags.json
add to repo msg=modified - 55-11.peak.json
add to repo msg=modified - 55-11.extr.json
not at valid file /Users/jan/PychronDev/data/.dvc/repositories/Load1786/655/monitor/55-11.moni.json
commit message=<COLLECTION>
add to repo msg=modified - 55-11.inte.json
add to repo msg=modified - 55-11.base.json
commit message=<ISOEVO> default collection fits
add to repo msg=modified - 55-11.blan.json
commit message=<BLANKS> preceding bc-02-J-328
add to repo msg=modified - 55-11.icfa.json
commit message=<ICFactor> default
push repository <pychron.git_archive.repo_manager.GitRepoManager object at 0x1e60d1e90>
pushing to remote=origin, url=https://github.com
no changes to meta repo
create new session 4991427888
add association Load1786
get identifier "65555"
setting analysis irradiation position=<pychron.dvc.dvc_orm.IrradiationPositionTbl object at 0x18bf6ad90>
close session 4991427888
================= post measurement finished
20:07:22 -- ******* Post Run Check *******
loading queue conditionals post_run_actions
loading system conditionals post_run_actions
loading conditionals from /Users/jan/PychronDev/setupfiles/spectrometer/default_conditionals.yaml
loading queue conditionals post_run_terminations
loading system conditionals post_run_terminations
loading conditionals from /Users/jan/PychronDev/setupfiles/spectrometer/default_conditionals.yaml
Checking default post run terminations n=1
GetDeflection CDD ===>> 50
testing CDD==2000
evaluate ot="CDD.deflection==2000" t="CDD==2000", ctx="{'CDD': 50.0}"
20:07:22 -- ******* Post Run Check Passed *******
20:07:22 -- Automated run 65555-11 success duration: 374.420 s
----------------- finish -----------------
----------------- stop -----------------
retroactive repository identifiers disabled
finish run. runs completed=227
update duration runid=65555-11, duration=374.41981101, md5=301e91d8
loading script "jan_unknown120_60.py"
loading script "jan_pump_ms.py"
loading script "jan_co2.py"
loading script "jan_pump_extraction_line.py"
testing...
no interpolation path defined
executed snippet estimated_duration=213.652928, duration=0.000285148620605
script duration name:unknown120_60 seconds:214.0
loading script "jan_unknown120_60.py"
loading script "jan_pump_ms.py"
loading script "jan_co2.py"
loading script "jan_pump_extraction_line.py"
testing...
no interpolation path defined
executed snippet estimated_duration=0, duration=2.78949737549e-05
loading script "jan_unknown120_60.py"
loading script "jan_pump_ms.py"
loading script "jan_co2.py"
loading script "jan_pump_extraction_line.py"
testing...
no interpolation path defined
calculate duration
testing...
no interpolation path defined
executed snippet estimated_duration=0, duration=5.69820404053e-05
calculate duration
testing...
no interpolation path defined
executed snippet estimated_duration=0, duration=9.3936920166e-05
executed snippet estimated_duration=0.0, duration=0.00352501869202
script duration name:co2 seconds:0.0
loading script "jan_unknown120_60.py"
loading script "jan_pump_ms.py"
loading script "jan_co2.py"
loading script "jan_pump_extraction_line.py"
testing...
no interpolation path defined
calculate duration
testing...
no interpolation path defined
executed snippet estimated_duration=4.0, duration=0.000155925750732
executed snippet estimated_duration=4.0, duration=0.00157380104065
Script duration 214.0
Run total estimated duration= 215.000
unknown120_60 in script context. using previous estimated duration
script duration name:unknown120_60 seconds:214.0
pump_ms in script context. using previous estimated duration
co2 in script context. using previous estimated duration
script duration name:co2 seconds:0.0
pump_extraction_line in script context. using previous estimated duration
Script duration 214.0
Run total estimated duration= 215.000
script duration name:unknown120_60 seconds:214.0
script duration name:co2 seconds:0.0
Script duration 214.0
Run total estimated duration= 215.000
loading script "jan_ic_peak_hop3.py"
loading script "jan_pump_ms.py"
loading script "jan_air_x1.py"
loading script "jan_pump_extraction_line.py"
testing...
no interpolation path defined
executed snippet estimated_duration=133.8, duration=0.00923705101013
script duration name:ic_peak_hop3 seconds:134.0
loading script "jan_ic_peak_hop3.py"
loading script "jan_pump_ms.py"
loading script "jan_air_x1.py"
loading script "jan_pump_extraction_line.py"
testing...
no interpolation path defined
calculate duration
testing...
no interpolation path defined
executed snippet estimated_duration=0, duration=4.98294830322e-05
calculate duration
testing...
no interpolation path defined
executed snippet estimated_duration=0, duration=0.000124931335449
calculate duration
testing...
no interpolation path defined
executed snippet estimated_duration=32.0, duration=9.89437103271e-05
calculate duration
testing...
no interpolation path defined
executed snippet estimated_duration=34.0, duration=0.000156164169312
calculate duration
testing...
no interpolation path defined
executed snippet estimated_duration=4.0, duration=6.50882720947e-05
calculate duration
testing...
no interpolation path defined
executed snippet estimated_duration=36.0, duration=8.89301300049e-05
executed snippet estimated_duration=106.0, duration=0.0192439556122
script duration name:air_x1 seconds:106.0
Script duration 240.0
Run total estimated duration= 241.000
script duration name:unknown120_60 seconds:214.0
script duration name:co2 seconds:0.0
Script duration 214.0
Run total estimated duration= 215.000
script duration name:unknown120_60 seconds:214.0
script duration name:co2 seconds:0.0
Script duration 214.0
Run total estimated duration= 215.000
script duration name:unknown120_60 seconds:214.0
script duration name:co2 seconds:0.0
Script duration 214.0
Run total estimated duration= 215.000
loading script "jan_unknown400_120.py"
loading script "jan_pump_ms.py"
loading script "jan_sniffair_x2.py"
loading script "jan_pump_extraction_line.py"
testing...
no interpolation path defined
executed snippet estimated_duration=556.052928, duration=0.000152111053467
script duration name:unknown400_120 seconds:556.0
loading script "jan_unknown400_120.py"
loading script "jan_pump_ms.py"
loading script "jan_sniffair_x2.py"
loading script "jan_pump_extraction_line.py"
testing...
no interpolation path defined
calculate duration
testing...
no interpolation path defined
executed snippet estimated_duration=0, duration=6.89029693604e-05
calculate duration
testing...
no interpolation path defined
executed snippet estimated_duration=0, duration=0.000148057937622
calculate duration
testing...
no interpolation path defined
executed snippet estimated_duration=32.0, duration=0.000150918960571
calculate duration
testing...
no interpolation path defined
executed snippet estimated_duration=34.0, duration=9.48905944824e-05
calculate duration
testing...
no interpolation path defined
executed snippet estimated_duration=4.0, duration=5.98430633545e-05
calculate duration
testing...
no interpolation path defined
executed snippet estimated_duration=36.0, duration=9.98973846436e-05
calculate duration
testing...
no interpolation path defined
executed snippet estimated_duration=34.0, duration=0.000133037567139
calculate duration
testing...
no interpolation path defined
executed snippet estimated_duration=4.0, duration=7.89165496826e-05
calculate duration
testing...
no interpolation path defined
executed snippet estimated_duration=36.0, duration=9.08374786377e-05
calculate duration
testing...
no interpolation path defined
executed snippet estimated_duration=70.0, duration=0.000102996826172
executed snippet estimated_duration=250.0, duration=0.0295190811157
script duration name:sniffair_x2 seconds:250.0
Script duration 806.0
Run total estimated duration= 807.000
script duration name:unknown120_60 seconds:214.0
script duration name:co2 seconds:0.0
Script duration 214.0
Run total estimated duration= 215.000
unknown400_120 in script context. using previous estimated duration
script duration name:unknown400_120 seconds:556.0
script duration name:co2 seconds:0.0
Script duration 556.0
Run total estimated duration= 557.000
script duration name:unknown400_120 seconds:556.0
loading script "jan_unknown400_120.py"
loading script "jan_pump_ms.py"
loading script "jan_cocktail_x1.py"
loading script "jan_pump_extraction_line.py"
testing...
no interpolation path defined
calculate duration
testing...
no interpolation path defined
executed snippet estimated_duration=0, duration=4.6968460083e-05
calculate duration
testing...
no interpolation path defined
executed snippet estimated_duration=0, duration=0.000108957290649
calculate duration
testing...
no interpolation path defined
executed snippet estimated_duration=32.0, duration=0.000108957290649
calculate duration
testing...
no interpolation path defined
executed snippet estimated_duration=34.0, duration=0.000102996826172
calculate duration
testing...
no interpolation path defined
executed snippet estimated_duration=4.0, duration=8.01086425781e-05
calculate duration
testing...
no interpolation path defined
executed snippet estimated_duration=38.0, duration=9.79900360107e-05
executed snippet estimated_duration=108.0, duration=0.0101010799408
script duration name:cocktail_x1 seconds:108.0
Script duration 664.0
Run total estimated duration= 665.000
script duration name:unknown400_120 seconds:556.0
cocktail_x1 in script context. using previous estimated duration
script duration name:cocktail_x1 seconds:108.0
Script duration 664.0
Run total estimated duration= 665.000
script duration name:unknown120_60 seconds:214.0
script duration name:co2 seconds:0.0
Script duration 214.0
Run total estimated duration= 215.000
script duration name:unknown400_120 seconds:556.0
sniffair_x2 in script context. using previous estimated duration
script duration name:sniffair_x2 seconds:250.0
Script duration 806.0
Run total estimated duration= 807.000
script duration name:unknown120_60 seconds:214.0
script duration name:co2 seconds:0.0
Script duration 214.0
Run total estimated duration= 215.000
script duration name:unknown120_60 seconds:214.0
script duration name:co2 seconds:0.0
Script duration 214.0
Run total estimated duration= 215.000
script duration name:unknown120_60 seconds:214.0
script duration name:co2 seconds:0.0
Script duration 214.0
Run total estimated duration= 215.000
script duration name:unknown120_60 seconds:214.0
script duration name:co2 seconds:0.0
Script duration 214.0
Run total estimated duration= 215.000
script duration name:unknown120_60 seconds:214.0
script duration name:co2 seconds:0.0
Script duration 214.0
Run total estimated duration= 215.000
script duration name:unknown120_60 seconds:214.0
script duration name:co2 seconds:0.0
Script duration 214.0
Run total estimated duration= 215.000
script duration name:unknown120_60 seconds:214.0
script duration name:co2 seconds:0.0
Script duration 214.0
Run total estimated duration= 215.000
script duration name:unknown120_60 seconds:214.0
script duration name:co2 seconds:0.0
Script duration 214.0
Run total estimated duration= 215.000
script duration name:unknown120_60 seconds:214.0
script duration name:co2 seconds:0.0
Script duration 214.0
Run total estimated duration= 215.000
script duration name:unknown120_60 seconds:214.0
script duration name:co2 seconds:0.0
Script duration 214.0
Run total estimated duration= 215.000
script duration name:unknown120_60 seconds:214.0
script duration name:co2 seconds:0.0
Script duration 214.0
Run total estimated duration= 215.000
script duration name:unknown400_120 seconds:556.0
script duration name:cocktail_x1 seconds:108.0
Script duration 664.0
Run total estimated duration= 665.000
script duration name:unknown400_120 seconds:556.0
script duration name:cocktail_x1 seconds:108.0
Script duration 664.0
Run total estimated duration= 665.000
script duration name:unknown120_60 seconds:214.0
script duration name:co2 seconds:0.0
Script duration 214.0
Run total estimated duration= 215.000
script duration name:unknown120_60 seconds:214.0
script duration name:co2 seconds:0.0
Script duration 214.0
Run total estimated duration= 215.000
script duration name:unknown120_60 seconds:214.0
script duration name:co2 seconds:0.0
Script duration 214.0
Run total estimated duration= 215.000
script duration name:unknown120_60 seconds:214.0
script duration name:co2 seconds:0.0
Script duration 214.0
Run total estimated duration= 215.000
ic_peak_hop3 in script context. using previous estimated duration
script duration name:ic_peak_hop3 seconds:134.0
air_x1 in script context. using previous estimated duration
script duration name:air_x1 seconds:106.0
Script duration 240.0
Run total estimated duration= 241.000
script duration name:unknown120_60 seconds:214.0
script duration name:co2 seconds:0.0
Script duration 214.0
Run total estimated duration= 215.000
nruns=33 before=5.0, run_dur=10473.0, btw=960.0
write rem/ex queues
/Users/jan/PychronDev/experiments/rem/Load1786.rem.txt
/Users/jan/PychronDev/experiments/rem/Load1786.ex.txt
doing event level: 3
