do run
loading script "jan_unknown120_60.py"
loading script "jan_pump_ms.py"
loading script "jan_co2.py"
loading script "jan_pump_extraction_line.py"
testing...
no interpolation path defined
executed snippet estimated_duration=213.652928, duration=0.000327110290527
script duration name:unknown120_60 seconds:214.0
loading script "jan_unknown120_60.py"
loading script "jan_pump_ms.py"
loading script "jan_co2.py"
loading script "jan_pump_extraction_line.py"
testing...
no interpolation path defined
executed snippet estimated_duration=0, duration=3.00407409668e-05
loading script "jan_unknown120_60.py"
loading script "jan_pump_ms.py"
loading script "jan_co2.py"
loading script "jan_pump_extraction_line.py"
testing...
no interpolation path defined
calculate duration
testing...
no interpolation path defined
executed snippet estimated_duration=0, duration=8.9168548584e-05
calculate duration
testing...
no interpolation path defined
executed snippet estimated_duration=0, duration=0.0001380443573
executed snippet estimated_duration=0.0, duration=0.00473284721375
script duration name:co2 seconds:0.0
loading script "jan_unknown120_60.py"
loading script "jan_pump_ms.py"
loading script "jan_co2.py"
loading script "jan_pump_extraction_line.py"
testing...
no interpolation path defined
calculate duration
testing...
no interpolation path defined
executed snippet estimated_duration=4.0, duration=0.000161170959473
executed snippet estimated_duration=4.0, duration=0.00196504592896
Script duration 214.0
Run total estimated duration= 215.000
run duration: 0:03:35
doing event level: 2
19:53:58 -- Setting default integration. t=1.048576
setting integration time = 1.048576
SetIntegrationTime 1.048576 ===>> OK
----------------- start -----------------
**************** Experiment Type: Ar/Ar, Ar/Ar
$$$$$ Clearing conditionals
adding conditionals 
Add queue conditionals
add default conditionals
adding default conditionals from /Users/jan/PychronDev/setupfiles/spectrometer/default_conditionals.yaml
Start automated run 65555-10C
loading script "jan_unknown120_60.py"
loading script "jan_pump_ms.py"
loading script "jan_co2.py"
loading script "jan_pump_extraction_line.py"
%%%%%%%%%%%%%%%%%% setting automated run 65555-10C
No value "sensitivity_multiplier" in metadata
$$$$$$$$$$$$$$$ auto_save_detector_ic=False
============================= Pre Extraction Check =============================
loading queue conditionals pre_run_terminations
loading system conditionals pre_run_terminations
loading conditionals from /Users/jan/PychronDev/setupfiles/spectrometer/default_conditionals.yaml
19:53:58 -- ******* Pre Extraction Check *******
Get a measurement from the spectrometer
GetData ===>> H2,-0.157608309456935,H1,0.0374124415728485,AX,0.00675229316611986,L1,0.0277061714723404,L2,0.000...
Pre Extraction Termination data. keys=H2,H1,AX,L1,L2,CDD, signals=-0.15761,0.03741,0.00675,0.02771,0.00026,0.00357
19:53:58 -- testing system defined conditionals
Checking default pre extraction terminations n=2
testing CDD
evaluate ot="CDD.inactive" t="CDD", ctx="{'CDD': False}"
GetDeflection CDD ===>> 50
testing CDD==2000
evaluate ot="CDD.deflection==2000" t="CDD==2000", ctx="{'CDD': 50.0}"
19:53:58 -- ******* Pre Extraction Check Passed *******
=================================================================================
19:53:58 -- stopping status monitor
stop 4984189200
Alive clients [4991693744]
19:53:58 -- starting status monitor
start 4984189200
Monitor already running
set states for children of B. state=True
handle state [('B', True)]
update switch state B True args=() kw={'refresh': False} ncanvase=2
refresh_canvas_needed fired
start extraction
do extraction
Analysis started at 19:53:58.184396
Extraction Started jan_co2.py
19:53:58 -- ******* Extraction Started jan_co2.py *******
state changed from not run to extraction
DO EXTRACTION <pychron.extraction_line.pyscript_runner.RemotePyScriptRunner object at 0x12c301530>
testing...
no interpolation path defined
calculate duration
testing...
no interpolation path defined
executed snippet estimated_duration=0, duration=4.98294830322e-05
calculate duration
testing...
no interpolation path defined
executed snippet estimated_duration=0, duration=9.51290130615e-05
executed snippet estimated_duration=100.0, duration=0.0029239654541
Jan CO2 laser analysis
doing GOSUB
testing...
no interpolation path defined
executed snippet estimated_duration=0, duration=4.41074371338e-05
Waiting for CO2 access
wait ('FelixCO2Flag', 0) {}
waiting for FelixCO2Flag = 0
Read FelixCO2Flag ===>> 0
finished waiting
CO2 free
wait ('CO2PumpTimeFlag', 0) {}
waiting for CO2PumpTimeFlag = 0
Read CO2PumpTimeFlag ===>> 0
finished waiting
acquire ('JanCO2Flag',) {'clear': True}
acquire JanCO2Flag
Set JanCO2Flag 1 ===>> OK
JanCO2Flag acquired
set extraction state False (0.75, 'red', 1.5)
CO2 acquired
executed snippet estimated_duration=0, duration=0.0554559230804
WaitForCO2Access.py completed successfully
gosub finished
doing GOSUB
testing...
no interpolation path defined
executed snippet estimated_duration=0, duration=9.79900360107e-05
Prepare for CO2 analysis
close () {'description': 'Jan Inlet'}
closing name=--- desc=Jan Inlet
checking ownership. requestor=129.138.12.150
check software interlocks R
interlocks []
actuate state mode=None-script, software_lock=False
doing actuation None-script close_channel False
Close R ===>> OK
GetIndicatorState R ===>> False
change switch state (True, True)
update switch state R False args=() kw={} ncanvase=2
State checksums do not match. Local:658581687 Remote:-161856681
State checksum failed
19:53:58 -- CLOSE  VALVE-R (Jan Inlet)
---------------------------------------- close None (Jan Inlet) result=[(True, True)]
action=close, ok=True, locked=[False]
open () {'description': 'Jan Ion Pump'}
opening name=--- desc=Jan Ion Pump
checking ownership. requestor=129.138.12.150
check software interlocks O
interlocks []
actuate state mode=None-script, software_lock=False
doing actuation None-script open_channel False
Open O ===>> OK
GetIndicatorState O ===>> OK
change switch state (True, True)
update switch state O True args=() kw={} ncanvase=2
19:53:59 -- OPEN   VALVE-O (Jan Ion Pump)
---------------------------------------- open None (Jan Ion Pump) result=[(True, True)], time=0.09 sec
action=open, ok=True, locked=[False]
close () {'description': 'Microbone to Minibone'}
closing name=--- desc=Microbone to Minibone
checking ownership. requestor=129.138.12.150
check software interlocks L
interlocks []
actuate state mode=None-script, software_lock=False
doing actuation None-script close_channel False
Close L ===>> OK
set states for children of D. state=True
handle state [('D', True)]
update switch state D True args=() kw={'refresh': False} ncanvase=2
GetIndicatorState L ===>> False
change switch state (True, True)
update switch state L False args=() kw={} ncanvase=2
refresh_canvas_needed fired
19:53:59 -- CLOSE  VALVE-L (Microbone to Minibone)
---------------------------------------- close None (Microbone to Minibone) result=[(True, True)]
action=close, ok=True, locked=[False]
open () {'description': 'Microbone to Turbo'}
opening name=--- desc=Microbone to Turbo
checking ownership. requestor=129.138.12.150
check software interlocks U
interlocks []
actuate state mode=None-script, software_lock=False
doing actuation None-script open_channel False
Open U ===>> OK
GetIndicatorState U ===>> OK
change switch state (True, True)
update switch state U True args=() kw={} ncanvase=2
19:54:00 -- OPEN   VALVE-U (Microbone to Turbo)
---------------------------------------- open None (Microbone to Turbo) result=[(True, True)], time=0.13 sec
action=open, ok=True, locked=[False]
open () {'description': 'Microbone to Inlet Pipette'}
opening name=--- desc=Microbone to Inlet Pipette
checking ownership. requestor=129.138.12.150
check software interlocks S
interlocks []
actuate state mode=None-script, software_lock=False
doing actuation None-script open_channel False
Open S ===>> OK
GetIndicatorState S ===>> OK
change switch state (True, True)
update switch state S True args=() kw={} ncanvase=2
19:54:00 -- OPEN   VALVE-S (Microbone to Inlet Pipette)
---------------------------------------- open None (Microbone to Inlet Pipette) result=[(True, True)], time=0.47 sec
action=open, ok=True, locked=[False]
open () {'description': 'Microbone to Getter D-50'}
opening name=--- desc=Microbone to Getter D-50
checking ownership. requestor=129.138.12.150
check software interlocks K
interlocks []
actuate state mode=None-script, software_lock=False
doing actuation None-script open_channel False
Open K ===>> OK
GetIndicatorState K ===>> OK
change switch state (True, True)
update switch state K True args=() kw={} ncanvase=2
19:54:01 -- OPEN   VALVE-K (Microbone to Getter D-50)
---------------------------------------- open None (Microbone to Getter D-50) result=[(True, True)], time=0.49 sec
action=open, ok=True, locked=[False]
open () {'description': 'Microbone to Getter NP-10'}
opening name=--- desc=Microbone to Getter NP-10
checking ownership. requestor=129.138.12.150
check software interlocks M
interlocks []
actuate state mode=None-script, software_lock=False
doing actuation None-script open_channel False
set states for children of Q. state=True
set states for children of P. state=True
handle state [('Q', True), ('P', True)]
update switch state Q True args=() kw={'refresh': True} ncanvase=2
update switch state P True args=() kw={'refresh': False} ncanvase=2
refresh_canvas_needed fired
Open M ===>> OK
GetIndicatorState M ===>> OK
change switch state (True, True)
update switch state M True args=() kw={} ncanvase=2
19:54:02 -- OPEN   VALVE-M (Microbone to Getter NP-10)
---------------------------------------- open None (Microbone to Getter NP-10) result=[(True, True)], time=0.47 sec
action=open, ok=True, locked=[False]
close () {'description': 'CO2 Laser to Felix'}
closing name=--- desc=CO2 Laser to Felix
checking ownership. requestor=129.138.12.150
check software interlocks F
interlocks []
actuate state mode=None-script, software_lock=True
VALVE-F(CO2 Laser to Felix) software locked
change switch state (True, False)
---------------------------------------- close None (CO2 Laser to Felix) result=[(True, False)]
action=close, ok=True, locked=[True]
open () {'description': 'CO2 Laser to Jan'}
opening name=--- desc=CO2 Laser to Jan
checking ownership. requestor=129.138.12.150
check software interlocks A
interlocks []
actuate state mode=None-script, software_lock=False
doing actuation None-script open_channel False
Open A ===>> OK
GetIndicatorState A ===>> OK
change switch state (True, True)
update switch state A True args=() kw={} ncanvase=2
19:54:02 -- OPEN   VALVE-A (CO2 Laser to Jan)
---------------------------------------- open None (CO2 Laser to Jan) result=[(True, True)], time=0.14 sec
action=open, ok=True, locked=[False]
open () {'description': 'Microbone to CO2 Laser'}
opening name=--- desc=Microbone to CO2 Laser
checking ownership. requestor=129.138.12.150
check software interlocks T
interlocks []
actuate state mode=None-script, software_lock=False
doing actuation None-script open_channel False
Open T ===>> OK
GetIndicatorState T ===>> OK
change switch state (True, True)
update switch state T True args=() kw={} ncanvase=2
19:54:03 -- OPEN   VALVE-T (Microbone to CO2 Laser)
---------------------------------------- open None (Microbone to CO2 Laser) result=[(True, True)], time=0.40 sec
action=open, ok=True, locked=[False]
executed snippet estimated_duration=0, duration=5.42677593231
PrepareForCO2Analysis.py completed successfully
gosub finished
set_motor ('beam', '1.25') {}
setting motor "beam" to 1.25
set motor beam to 1.25
SetMotor beam,1.25 ===>> OK
set states for children of I. state=False
handle state [('I', False)]
update switch state I False args=() kw={'refresh': False} ncanvase=2
refresh_canvas_needed fired
GetMotorMoving beam ===>> False
GetMotorMoving beam ===>> False
Block completed
move_to_position ('196',) {'autocenter': True}
FusionsCO2 move to position 196
sending GoToHole 196,True
GoToHole 196,True ===>> OK
GetDriveMoving ===>> False
GetDriveMoving ===>> False
Block completed
GetAutoCorrecting ===>> False
GetAutoCorrecting ===>> False
Block completed
update position
GetPosition ===>> 11.96340,-9.96950,1.00000
got position (11.9634, -9.9695, 1.0)
move to position succeeded
sleep (5,) {}
SLEEP 5.0
block started
WaitControl setup for 5.0  
Join finished
block finished. duration 5.01959896088
close () {'description': 'Microbone to Turbo'}
closing name=--- desc=Microbone to Turbo
checking ownership. requestor=129.138.12.150
check software interlocks U
interlocks []
actuate state mode=None-script, software_lock=False
doing actuation None-script close_channel True
Close U ===>> OK
GetIndicatorState U ===>> False
change switch state (True, True)
update switch state U False args=() kw={} ncanvase=2
19:54:11 -- CLOSE  VALVE-U (Microbone to Turbo)
---------------------------------------- close None (Microbone to Turbo) result=[(True, True)]
action=close, ok=True, locked=[False]
enable laser
enable () {}
set extraction state FusionsCO2 Enabled (False, 'red', 1.5)
enabling laser
Enable ===>> OK
begin interval
BEGIN INTERVAL Interval 1 waiting for 30.0
block started
set extract to 5.0
WaitControl setup for 30.0  
extract (5.0,) {}
GetPosition ===>> 11.96340,-9.96950,1.00000
set extraction state FusionsCO2 ON! 5.0(watts) (0.75, 'red', 1.5)
extract sample to 5.0 (watts)
set laser output
SetLaserOutput 5.0,watts ===>> OK
executing pattern triangle.lp
execute_pattern ('triangle.lp',) {}
executing pattern triangle.lp
IsPatterning ===>> OK
IsPatterning ===>> OK
IsPatterning ===>> OK
IsPatterning ===>> OK
IsPatterning ===>> OK
IsPatterning ===>> OK
IsPatterning ===>> OK
IsPatterning ===>> OK
IsPatterning ===>> OK
IsPatterning ===>> OK
IsPatterning ===>> OK
IsPatterning ===>> OK
IsPatterning ===>> OK
IsPatterning ===>> OK
IsPatterning ===>> OK
IsPatterning ===>> OK
IsPatterning ===>> OK
IsPatterning ===>> OK
IsPatterning ===>> OK
IsPatterning ===>> OK
IsPatterning ===>> OK
IsPatterning ===>> OK
IsPatterning ===>> OK
IsPatterning ===>> OK
IsPatterning ===>> OK
IsPatterning ===>> OK
IsPatterning ===>> False
IsPatterning ===>> False
Block completed
COMPLETE INTERVAL waiting for Interval 1 to complete
Join finished
block finished. duration 30.0962889194
Interval 1 finished
end_extract () {}
ending extraction. set laser power to 0
set laser power 0
SetLaserPower 0 ===>> OK
disable () {}
%%%%%%%%%%%%%%%%%%%%%%%%%%%%%%%%%%% disable
set extraction state False (0.75, 'red', 1.5)
disabling laser
Disable ===>> OK
sleep (30.0,) {}
SLEEP 30.0
block started
WaitControl setup for 30.0  
Join finished
block finished. duration 30.0651409626
executed snippet estimated_duration=166.5, duration=74.9591500759
jan_co2.py completed successfully
GetAchievedOutput ===>> No Response
Requested Output= 0.000
Achieved Output=  0.000
GetResponseBlob ===>> No Response
GetOutputBlob ===>> No Response
persistence save...
persistence save - db
AutomatedRunPersister post_extraction_save deprecated
persistence save - dvc
no extraction position for 196
create new session 4991427888
close session 4991427888
Extraction Finished
19:55:13 -- ******* Extraction Finished *******
no overlap. not waiting for min ms pumptime
19:55:13 -- Sending spectrometer configuration
======== Sending configuration ========
SetDeflection CDD,50.0 ===>> OK
SetDeflection H2,0.0 ===>> OK
SetDeflection H1,0.0 ===>> OK
SetDeflection L2,825.0 ===>> OK
SetDeflection L1,400.0 ===>> OK
SetDeflection AX,190.0 ===>> OK
SetZFocus 74.64 ===>> OK
SetZSymmetry -50.72 ===>> OK
SetExtractionLens 26.13 ===>> OK
SetIonRepeller -3.81 ===>> OK
SetElectronEnergy 75.08 ===>> OK
SetYSymmetry -2.81 ===>> OK
SetIonCounterVoltage 1590.0 ===>> OK
send trap current 200.0
GetParameter Trap Current Readback ===>> 198.258926936459
SetParameter Trap Current Set,200.0 ===>> OK
updating mftable name mftable
Using mftable located at /Users/jan/PychronDev/setupfiles/spectrometer/mftables/mftable.csv
============ MFtable ===========
Isotope  H2     H1     AX     L1     L2     CDD    
Ar40     5.7976 5.8798 5.9931 6.1375 6.2315 6.3658
Ar39     5.6969 5.7721 5.8855 6.0236 6.1167 6.2523
Ar36     5.3744 5.4411 5.5489 5.6825 5.7716 5.9033
================================
get initial guess parabolic
get initial guess parabolic
get initial guess parabolic
get initial guess parabolic
get initial guess parabolic
get initial guess parabolic
======== Configuration Finished ========
GetYSymmetry ===>> -2.81
GetZSymmetry ===>> -50.72
GetParameter Trap Current Readback ===>> 197.811389855338
GetHighVoltage ===>> 4500
start measurement
do measurement
L#=65555 analysis type=unknown
Measurement Started jan_unknown120_60.py
19:55:13 -- ******* Measurement Started jan_unknown120_60.py *******
state changed from extraction to measurement
setting spec, defl, and gains
GetExtractionLens ===>> 26.13
GetYSymmetry ===>> -2.81
GetZSymmetry ===>> -50.72
GetZFocus ===>> 74.64
GetDeflection H2 ===>> 0
GetDeflection H1 ===>> 0
GetDeflection AX ===>> 190
GetDeflection L1 ===>> 400
GetDeflection L2 ===>> 825
GetDeflection CDD ===>> 50
GetGain H2 ===>> 0.0113
GetGain H1 ===>> 0.1
GetGain AX ===>> 0.097049
GetGain L1 ===>> 0.010355
GetGain L2 ===>> 0.095649
GetGain CDD ===>> 0
pre measurement save
New frame /Users/jan/PychronDev/data/isotopes/61/e1e2e1-eaad-4395-ba63-510b421de0ec.h5
flush and close file /Users/jan/PychronDev/data/isotopes/61/e1e2e1-eaad-4395-ba63-510b421de0ec.h5
testing...
no interpolation path defined
executed snippet estimated_duration=226.132928, duration=0.000145196914673
unknown measurement script
activate_detectors ('H2', 'H1', 'AX', 'L1', 'L2', 'CDD') {}
activate detectors
*************** Set Analysis View Ar/Ar
create graphs
clearing graphs
clear isotope group
setting isotope det=H2, iso=PM41
setting isotope det=H1, iso=Ar40
setting isotope det=AX, iso=Ar39
setting isotope det=L1, iso=Ar38
setting isotope det=L2, iso=Ar37
setting isotope det=CDD, iso=Ar36
setting previous blanks
 - setting Ar40 blank 0.166+/-0.007
 - setting Ar36 blank 0.00460+/-0.00019
 - setting Ar37 blank 0.046+/-0.005
 - setting Ar38 blank 0.0069+/-0.0022
 - setting PM41 blank 0.03+/-0.06
 - setting Ar39 blank 0.027+/-0.009
load analysis view
position_magnet ('Ar40',) {'detector': 'H1'}
detector Detector(H1)
POSITION Ar40 H1
setting detector H2 to PM41 (40.9624)
setting detector H1 to Ar40 (39.9624)
setting detector AX to Ar39 (38.9624)
setting detector L1 to Ar38 (37.9624)
setting detector L2 to Ar37 (36.9624)
setting detector CDD to Ar36 (35.9624)
Mapping mass to dac mass func: "parabolic"
H1 map mass coeffs = [-0.00063987  0.15840543  0.57138999]
H1 map mass to dac 39.9624 >> 5.87978
GetDeflection H1 ===>> 0
GetHighVoltage ===>> 4500
positioning Ar40 (5.87978) on H1
setting magnet DAC
current  : 5.879775
requested: 5.879780
Delta Dac: 0.000005
Checking detector protection. dv=0.00000
Checking detector "CDD". Protection Threshold: 0.1 (V)
SetMagnetDAC 5.87978 ===>> OK
Magnet settling time: 0.500
equilibrate () {'delay': 3, 'inlet': 'R', 'outlet': 'O', 'eqtime': 12.0}
Equilibration Started
19:55:15 -- ******* Equilibration Started *******
checking ownership. requestor=129.138.12.150
check software interlocks O
interlocks []
actuate state mode=None-script, software_lock=False
doing actuation None-script close_channel True
Close O ===>> OK
GetIndicatorState O ===>> False
change switch state (True, True)
update switch state O False args=() kw={} ncanvase=2
19:55:15 -- CLOSE  VALVE-O (Jan Ion Pump)
waiting 3s before opening inlet value ('R',)
update labels <pychron.experiment.plot_panel.PlotPanel object at 0x1e4d9b6b0>
update labels "<pychron.graph.stacked_regression_graph.StackedRegressionGraph object at 0x1e6809bf0>"
setting label 0 H2 PM41
setting label 1 H1 Ar40
setting label 2 AX Ar39
setting label 3 L1 Ar38
setting label 4 L2 Ar37
setting label 5 CDD Ar36
update labels "<pychron.graph.stacked_graph.StackedGraph object at 0x1e68091d0>"
setting label 0 H2 PM41
setting label 1 H1 Ar40
setting label 2 AX Ar39
setting label 3 L1 Ar38
setting label 4 L2 Ar37
setting label 5 CDD Ar36
checking ownership. requestor=129.138.12.150
check software interlocks R
interlocks []
actuate state mode=None-script, software_lock=False
doing actuation None-script open_channel True
Open R ===>> OK
GetIndicatorState R ===>> OK
change switch state (True, True)
update switch state R True args=() kw={} ncanvase=2
19:55:18 -- OPEN   VALVE-R (Jan Inlet)
equilibrating for 12.0sec
set_time_zero () {}
sniff (12.0,) {}
py_sniff
build tables- sniff [Detector(H2), Detector(H1), Detector(AX), Detector(L1), Detector(L2), Detector(CDD)]
add group /sniff/PM41 (Group) '' table H2
add group /sniff/Ar40 (Group) '' table H1
add group /sniff/Ar39 (Group) '' table AX
add group /sniff/Ar38 (Group) '' table L1
add group /sniff/Ar37 (Group) '' table L2
add group /sniff/Ar36 (Group) '' table CDD
flush and close file /Users/jan/PychronDev/data/isotopes/61/e1e2e1-eaad-4395-ba63-510b421de0ec.h5
measuring sniff. ncounts=12.0
"sniff" increment series count="1" fit count="0" regressing="False"
starting measurement
GetData ===>> H2,0.0834090257328941,H1,50.5252740967068,AX,13.5047307532865,L1,0.0659263257478085,L2,0.27964229...
GetData ===>> H2,0.890431914926187,H1,315.695063034438,AX,79.9475420943623,L1,0.554618312438714,L2,0.5966038804...
GetData ===>> H2,0.43978656610054,H1,441.220164896765,AX,107.782750420272,L1,1.0057750004469,L2,0.5733112957645...
GetData ===>> H2,0.185766253737884,H1,482.000052256867,AX,115.756919221319,L1,1.20686453387253,L2,0.61871248135...
GetData ===>> H2,0.0317774541998563,H1,497.755393546845,AX,118.281555815704,L1,1.35950361030878,L2,0.6013042481...
GetData ===>> H2,-0.0222113262180438,H1,504.132380801507,AX,119.495747387017,L1,1.41894800402691,L2,0.629254373...
GetData ===>> H2,-0.0707549805494144,H1,507.007736372009,AX,119.900456416579,L1,1.43771524203281,L2,0.697224824...
GetData ===>> H2,-0.0797663269252843,H1,507.835773397804,AX,120.27505545885,L1,1.47433552656222,L2,0.6251513903...
GetData ===>> H2,-0.00438901171098231,H1,508.249620459796,AX,120.44855747519,L1,1.5149408389794,L2,0.6491203185...
GetData ===>> H2,-0.159660018247321,H1,508.31650185473,AX,120.323125360867,L1,1.52229179329336,L2,0.74537633340...
GetData ===>> H2,-0.189955437365981,H1,508.47820299013,AX,120.32479615233,L1,1.53315393625873,L2,0.727446827145...
Equilibration Finished
GetData ===>> H2,-0.142490541448474,H1,508.502235518336,AX,120.255745287546,L1,1.52326523959792,L2,0.6800590289...
19:55:30 -- ******* Equilibration Finished *******
checking ownership. requestor=129.138.12.150
check software interlocks R
interlocks []
actuate state mode=None-script, software_lock=False
doing actuation None-script close_channel True
Close R ===>> OK
GetIndicatorState R ===>> False
change switch state (True, True)
update switch state R False args=() kw={} ncanvase=2
19:55:31 -- CLOSE  VALVE-R (Jan Inlet)
Post Equilibration Started jan_pump_extraction_line.py
19:55:31 -- ******* Post Equilibration Started jan_pump_extraction_line.py *******
testing...
no interpolation path defined
calculate duration
testing...
no interpolation path defined
executed snippet estimated_duration=4.0, duration=0.0001540184021
executed snippet estimated_duration=4.0, duration=0.00158309936523
Pump after analysis
doing GOSUB
testing...
no interpolation path defined
executed snippet estimated_duration=4.0, duration=0.000146865844727
Pump Microbone
close () {'description': 'Jan Inlet'}
closing name=--- desc=Jan Inlet
checking ownership. requestor=129.138.12.150
check software interlocks R
interlocks []
actuate state mode=None-script, software_lock=False
doing actuation None-script close_channel False
measurement finished
estimated time: 12.583 actual time: :12.670
flush and close file /Users/jan/PychronDev/data/isotopes/61/e1e2e1-eaad-4395-ba63-510b421de0ec.h5
set_fits () {}
Close R ===>> OK
using default fits file=/Users/jan/PychronDev/scripts/measurement/fits/nominal_linear.yaml
set "Ar40" to "('Linear', 'SEM')"
No fit for "PM41". defaulting to linear. check the measurement script "jan_unknown120_60.py"
set "PM41" to "linear"
set "Ar36" to "('Linear', 'SEM')"
set "Ar37" to "('linear', 'SEM')"
set "Ar38" to "('linear', 'SEM')"
set "Ar39" to "('Linear', 'SEM')"
set_baseline_fits () {}
using default fits file=/Users/jan/PychronDev/scripts/measurement/fits/nominal_linear.yaml
set "H1" to "('average', 'SEM')"
set "H2" to "('average', 'SEM')"
set "CDD" to "('average', 'SEM')"
set "L2" to "('average', 'SEM')"
set "L1" to "('average', 'SEM')"
set "AX" to "('average', 'SEM')"
multicollect () {'integration_time': 1, 'ncounts': 120}
build tables- signal [Detector(H2), Detector(H1), Detector(AX), Detector(L1), Detector(L2), Detector(CDD)]
add group /signal/PM41 (Group) '' table H2
add group /signal/Ar40 (Group) '' table H1
add group /signal/Ar39 (Group) '' table AX
add group /signal/Ar38 (Group) '' table L1
add group /signal/Ar37 (Group) '' table L2
add group /signal/Ar36 (Group) '' table CDD
flush and close file /Users/jan/PychronDev/data/isotopes/61/e1e2e1-eaad-4395-ba63-510b421de0ec.h5
measuring signal. ncounts=120
GetIndicatorState R ===>> False
change switch state (True, True)
update switch state R False args=() kw={} ncanvase=2
19:55:31 -- CLOSE  VALVE-R (Jan Inlet)
---------------------------------------- close None (Jan Inlet) result=[(True, True)]
action=close, ok=True, locked=[False]
is_closed ('F',) {}
is F () closed?
is closed True
open () {'description': 'CO2 Laser to Jan'}
opening name=--- desc=CO2 Laser to Jan
checking ownership. requestor=129.138.12.150
check software interlocks A
interlocks []
actuate state mode=None-script, software_lock=False
doing actuation None-script open_channel False
Open A ===>> OK
GetIndicatorState A ===>> OK
change switch state (True, True)
update switch state A True args=() kw={} ncanvase=2
19:55:32 -- OPEN   VALVE-A (CO2 Laser to Jan)
---------------------------------------- open None (CO2 Laser to Jan) result=[(True, True)], time=0.12 sec
"signal" increment series count="2" fit count="1" regressing="True"
starting measurement
GetData ===>> H2,0.0474856901336121,H1,508.281877333944,AX,120.487993604539,L1,1.54740878834667,L2,0.6303287206...
action=open, ok=True, locked=[False]
sleep (1,) {}
SLEEP 1.0
GetData ===>> H2,0.184004398958815,H1,508.562091623021,AX,120.492782949435,L1,1.55048716858731,L2,0.64220449117...
close () {'description': 'CO2 Laser to Roughing'}
closing name=--- desc=CO2 Laser to Roughing
checking ownership. requestor=129.138.12.150
check software interlocks G
interlocks []
actuate state mode=None-script, software_lock=True
VALVE-G(CO2 Laser to Roughing) software locked
change switch state (True, False)
---------------------------------------- close None (CO2 Laser to Roughing) result=[(True, False)]
action=close, ok=True, locked=[True]
open () {'description': 'Microbone to Turbo'}
opening name=--- desc=Microbone to Turbo
checking ownership. requestor=129.138.12.150
check software interlocks U
interlocks []
actuate state mode=None-script, software_lock=False
doing actuation None-script open_channel True
Open U ===>> OK
GetIndicatorState U ===>> OK
change switch state (True, True)
update switch state U True args=() kw={} ncanvase=2
19:55:33 -- OPEN   VALVE-U (Microbone to Turbo)
---------------------------------------- open None (Microbone to Turbo) result=[(True, True)], time=0.16 sec
action=open, ok=True, locked=[False]
open () {'description': 'Microbone to Getter NP-10'}
opening name=--- desc=Microbone to Getter NP-10
checking ownership. requestor=129.138.12.150
check software interlocks M
interlocks []
actuate state mode=None-script, software_lock=False
doing actuation None-script open_channel False
Open M ===>> OK
GetIndicatorState M ===>> OK
change switch state (True, True)
update switch state M True args=() kw={} ncanvase=2
19:55:34 -- OPEN   VALVE-M (Microbone to Getter NP-10)
---------------------------------------- open None (Microbone to Getter NP-10) result=[(True, True)], time=0.13 sec
action=open, ok=True, locked=[False]
open () {'description': 'Microbone to Getter D-50'}
opening name=--- desc=Microbone to Getter D-50
checking ownership. requestor=129.138.12.150
check software interlocks K
interlocks []
actuate state mode=None-script, software_lock=False
doing actuation None-script open_channel False
GetData ===>> H2,-0.0648103476172598,H1,508.279639524034,AX,120.248783697684,L1,1.56561500366715,L2,0.553385016...
Open K ===>> OK
GetIndicatorState K ===>> OK
change switch state (True, True)
update switch state K True args=() kw={} ncanvase=2
19:55:34 -- OPEN   VALVE-K (Microbone to Getter D-50)
---------------------------------------- open None (Microbone to Getter D-50) result=[(True, True)], time=0.40 sec
action=open, ok=True, locked=[False]
open () {'description': 'Microbone to CO2 Laser'}
opening name=--- desc=Microbone to CO2 Laser
checking ownership. requestor=129.138.12.150
check software interlocks T
interlocks []
actuate state mode=None-script, software_lock=False
doing actuation None-script open_channel False
Open T ===>> OK
GetIndicatorState T ===>> OK
change switch state (True, True)
update switch state T True args=() kw={} ncanvase=2
19:55:35 -- OPEN   VALVE-T (Microbone to CO2 Laser)
---------------------------------------- open None (Microbone to CO2 Laser) result=[(True, True)], time=0.40 sec
GetData ===>> H2,-0.153207836947996,H1,507.747724011005,AX,120.298497322787,L1,1.56923752570649,L2,0.6088298904...
action=open, ok=True, locked=[False]
open () {'description': 'Microbone to Inlet Pipette'}
opening name=--- desc=Microbone to Inlet Pipette
checking ownership. requestor=129.138.12.150
check software interlocks S
interlocks []
actuate state mode=None-script, software_lock=False
doing actuation None-script open_channel False
Open S ===>> OK
GetIndicatorState S ===>> OK
change switch state (True, True)
update switch state S True args=() kw={} ncanvase=2
19:55:36 -- OPEN   VALVE-S (Microbone to Inlet Pipette)
---------------------------------------- open None (Microbone to Inlet Pipette) result=[(True, True)], time=0.39 sec
action=open, ok=True, locked=[False]
sleep (1,) {}
SLEEP 1.0
GetData ===>> H2,-0.106806334608206,H1,507.566707334008,AX,120.306718754834,L1,1.54173671225772,L2,0.5285144133...
set_resource () {'name': 'CO2PumpTimeFlag', 'value': 30}
Set CO2PumpTimeFlag 30 ===>> OK
release ('JanCO2Flag',) {}
release JanCO2Flag
Set JanCO2Flag 0 ===>> OK
executed snippet estimated_duration=6.0, duration=5.86806511879
PumpMicrobone.py completed successfully
gosub finished
get_resource_value () {'name': 'JanMiniboneFlag'}
Read JanMiniboneFlag ===>> 0
Get Resource Value JanMiniboneFlag=0.0
get resource value 0.0
get_resource_value () {'name': 'JanMiniboneFlag'}
Read JanMiniboneFlag ===>> 0
Get Resource Value JanMiniboneFlag=0.0
executed snippet estimated_duration=4.0, duration=5.88244915009
jan_pump_extraction_line.py completed successfully
Post Equilibration Finished
19:55:37 -- ******* Post Equilibration Finished *******
GetData ===>> H2,-0.0700715187072864,H1,507.421914130391,AX,120.291871686445,L1,1.5395467805297,L2,0.5851226852...
GetData ===>> H2,-0.0196322527516618,H1,507.239164969128,AX,120.319239431295,L1,1.55334801637876,L2,0.654436127...
GetData ===>> H2,-0.135812971000471,H1,507.190998621193,AX,120.146865268035,L1,1.53926644953057,L2,0.6412328859...
GetData ===>> H2,-0.0871132591876751,H1,507.012120067043,AX,119.963900665037,L1,1.50674787845086,L2,0.658346007...
GetData ===>> H2,-0.15503470654816,H1,506.875618762675,AX,119.954318643203,L1,1.53756394969201,L2,0.62292204212...
GetData ===>> H2,-0.208232936193984,H1,506.960446502307,AX,120.109325263137,L1,1.55937196010862,L2,0.5865634769...
GetData ===>> H2,-0.0790820512600547,H1,506.182232122084,AX,120.045765931852,L1,1.53234702700861,L2,0.660095216...
GetData ===>> H2,-0.126741894496197,H1,505.716255631021,AX,120.026978740921,L1,1.50554502204593,L2,0.6160358458...
GetData ===>> H2,-0.182530895001933,H1,505.499561047721,AX,120.049553641229,L1,1.54204165819429,L2,0.6563681832...
GetData ===>> H2,-0.0122449168144259,H1,505.502421262623,AX,119.603152506866,L1,1.56313927085046,L2,0.627974315...
GetData ===>> H2,-0.11348388676184,H1,505.482610544078,AX,119.619655510594,L1,1.5602021304438,L2,0.687995397561...
GetData ===>> H2,-0.17978912464457,H1,505.037059797471,AX,119.634856803194,L1,1.52795075002642,L2,0.66149003278...
GetData ===>> H2,-0.130515856261969,H1,505.011674943281,AX,119.790491952864,L1,1.50185061825969,L2,0.6673896446...
GetData ===>> H2,-0.0992025114288441,H1,504.510588580554,AX,119.674537746742,L1,1.50265930623692,L2,0.579291130...
GetData ===>> H2,-0.216324943215283,H1,504.623174732823,AX,119.628160572878,L1,1.51046895532365,L2,0.6371979717...
GetData ===>> H2,-0.280248695295488,H1,504.216883598876,AX,119.318465293088,L1,1.53206300924912,L2,0.5904857418...
GetData ===>> H2,-0.218761481184456,H1,504.273053464694,AX,119.409825504636,L1,1.53893574578336,L2,0.7123117584...
GetData ===>> H2,-0.152703774505835,H1,503.82715042949,AX,119.496627151594,L1,1.49655759074126,L2,0.76108885728...
GetData ===>> H2,-0.107982050116987,H1,503.770910419058,AX,119.482195891343,L1,1.50797907032262,L2,0.4986576361...
19:55:57 -- collecting point 25
GetData ===>> H2,-0.135654770356111,H1,504.075840417302,AX,119.328773872841,L1,1.49879182222939,L2,0.6734840043...
GetData ===>> H2,-0.200027268802315,H1,503.699882589986,AX,119.208109370038,L1,1.47771220102069,L2,0.6611584762...
GetData ===>> H2,-0.166333943721462,H1,503.296164018634,AX,119.099875697259,L1,1.46513196585464,L2,0.6322260020...
GetData ===>> H2,-0.187342230146208,H1,503.283838518374,AX,119.189217328797,L1,1.46875898360294,L2,0.6589405065...
GetData ===>> H2,-0.222474259390557,H1,503.219190893888,AX,119.25789424287,L1,1.50176291729492,L2,0.65545359599...
GetData ===>> H2,-0.0856642954797181,H1,502.969573326186,AX,119.216190620719,L1,1.5121094203598,L2,0.6155668703...
GetData ===>> H2,-0.168980552292959,H1,502.757197516002,AX,119.166718191489,L1,1.49943910069096,L2,0.5934589941...
GetData ===>> H2,-0.172512898979991,H1,502.55266646126,AX,118.988059051253,L1,1.5034706344878,L2,0.653121438007...
GetData ===>> H2,-0.152072877213378,H1,502.061823787498,AX,118.927325325416,L1,1.48906152579091,L2,0.6032942542...
GetData ===>> H2,-0.131864055995804,H1,502.161877750082,AX,118.98671331084,L1,1.52171086569802,L2,0.60752601349...
GetData ===>> H2,-0.102815571047114,H1,501.811512817169,AX,119.161855958945,L1,1.54381206464044,L2,0.6828263913...
GetData ===>> H2,-0.169799647497739,H1,501.865404516077,AX,118.9745647881,L1,1.46473407310949,L2,0.605593105691...
GetData ===>> H2,-0.162796969257003,H1,502.081622536145,AX,118.855148226913,L1,1.49726919431983,L2,0.6685673237...
GetData ===>> H2,-0.226491469292996,H1,501.499634434088,AX,118.799660310672,L1,1.51182825382661,L2,0.6221327354...
GetData ===>> H2,-0.284094971778039,H1,501.335096657721,AX,118.679456214619,L1,1.49907290652578,L2,0.5257374439...
GetData ===>> H2,-0.241680263023487,H1,500.928235205063,AX,118.760718404462,L1,1.45409041177057,L2,0.6159443382...
GetData ===>> H2,-0.221877548926196,H1,500.557423359872,AX,118.931379736815,L1,1.50770445727854,L2,0.5733913293...
GetData ===>> H2,-0.101736782208637,H1,500.188182236553,AX,118.641604138153,L1,1.50637919274127,L2,0.6692533571...
GetData ===>> H2,-0.213879634292071,H1,500.052076206525,AX,118.310485926142,L1,1.49297965609996,L2,0.6283286151...
GetData ===>> H2,-0.318774996843156,H1,499.83613643363,AX,118.316212894187,L1,1.50047070018187,L2,0.63659217775...
GetData ===>> H2,-0.208154789388891,H1,499.578809864635,AX,118.340098589835,L1,1.49137409466172,L2,0.5838419996...
GetData ===>> H2,-0.236699769830186,H1,499.893960104323,AX,118.328637590987,L1,1.49918379499993,L2,0.5983307527...
GetData ===>> H2,-0.179279017344771,H1,499.610912807517,AX,118.487962788121,L1,1.4945558121634,L2,0.67048822945...
GetData ===>> H2,-0.134913767033371,H1,499.394086899365,AX,118.443809040336,L1,1.49055980788303,L2,0.6269799960...
GetData ===>> H2,-0.222009555309362,H1,499.080154534812,AX,118.338233922879,L1,1.44389308850857,L2,0.6331632272...
19:56:23 -- collecting point 50
GetData ===>> H2,-0.223258151668064,H1,498.69913850908,AX,118.292261757999,L1,1.45471561379532,L2,0.69902049127...
GetData ===>> H2,-0.119771906328375,H1,498.709967428698,AX,118.334597886212,L1,1.4881598223521,L2,0.60956189932...
GetData ===>> H2,-0.0624000856438919,H1,498.438526264657,AX,118.23103887441,L1,1.49121174778452,L2,0.6058218501...
GetData ===>> H2,-0.222404218259219,H1,498.081195234498,AX,118.029242860201,L1,1.51603232605687,L2,0.6729694561...
GetData ===>> H2,-0.229909619069722,H1,498.524265650618,AX,117.97264973592,L1,1.52907352843991,L2,0.65643677762...
GetData ===>> H2,-0.202665646566884,H1,498.351882686002,AX,118.135890303004,L1,1.53279114242572,L2,0.6363178572...
GetData ===>> H2,-0.0798408495117032,H1,497.920547360071,AX,118.146331570053,L1,1.47617054485458,L2,0.632477451...
GetData ===>> H2,-0.121001499164812,H1,497.60914936452,AX,118.035447368293,L1,1.44755368757689,L2,0.64119859416...
GetData ===>> H2,-0.127267783189059,H1,497.26222899092,AX,117.905500577675,L1,1.48099458742672,L2,0.64794287804...
GetData ===>> H2,-0.208633093268041,H1,497.022101044284,AX,118.011171071493,L1,1.48069954411542,L2,0.5357943405...
GetData ===>> H2,-0.132658006480952,H1,496.894790706468,AX,117.797830196324,L1,1.47438059345491,L2,0.6305001601...
GetData ===>> H2,-0.108129513323838,H1,497.129400725396,AX,117.653943153746,L1,1.47347800378555,L2,0.6275057266...
GetData ===>> H2,-0.231446708926099,H1,496.854201029931,AX,117.757537222501,L1,1.48304594081475,L2,0.5694240316...
GetData ===>> H2,-0.20596376433196,H1,496.675117521092,AX,117.757518601041,L1,1.49409827795657,L2,0.65745426688...
GetData ===>> H2,-0.1479715913568,H1,496.286006867596,AX,117.603985674102,L1,1.49516932502041,L2,0.575895270262...
GetData ===>> H2,-0.168544666945056,H1,496.031351041728,AX,117.524380381801,L1,1.50460195204267,L2,0.6338832966...
GetData ===>> H2,-0.156057462814966,H1,495.687115724666,AX,117.679960862479,L1,1.50269284165261,L2,0.7571290131...
GetData ===>> H2,-0.176828022683878,H1,495.646351252235,AX,117.561612826623,L1,1.4985468464587,L2,0.68474758236...
GetData ===>> H2,-0.111525188911624,H1,495.617242619188,AX,117.397394216488,L1,1.47162542036593,L2,0.5939850406...
GetData ===>> H2,-0.300137759555934,H1,495.279964248668,AX,117.448398677683,L1,1.47508623673882,L2,0.5181726098...
GetData ===>> H2,-0.284531584186545,H1,495.30056356261,AX,117.352331483626,L1,1.49850945590792,L2,0.65596805024...
GetData ===>> H2,-0.130668291487929,H1,495.118602073012,AX,117.474657938288,L1,1.44779924149974,L2,0.6429246284...
GetData ===>> H2,-0.11776152603092,H1,494.809258008717,AX,117.310813874934,L1,1.43331292053897,L2,0.64022699910...
GetData ===>> H2,-0.0999390244476358,H1,494.678506802579,AX,117.195546461155,L1,1.45569980143715,L2,0.568132122...
GetData ===>> H2,-0.0359532508715012,H1,494.859340154855,AX,117.279232194563,L1,1.4817908580368,L2,0.5452007788...
19:56:50 -- collecting point 75
GetData ===>> H2,-0.10771282336092,H1,494.499075865971,AX,117.132361541145,L1,1.49185986137982,L2,0.68599408999...
GetData ===>> H2,-0.0967556999468969,H1,494.261001179687,AX,117.293451524155,L1,1.47304926791204,L2,0.665491667...
GetData ===>> H2,-0.136133421955941,H1,493.986893968375,AX,117.232809997233,L1,1.48544698248466,L2,0.6675154155...
GetData ===>> H2,-0.126172717579088,H1,493.706277960449,AX,117.128682737621,L1,1.51423259239825,L2,0.5994400844...
GetData ===>> H2,-0.159150840117293,H1,493.836222220567,AX,116.916413753709,L1,1.49223225435282,L2,0.5862547340...
GetData ===>> H2,-0.139407722603123,H1,493.383098894054,AX,117.08989336601,L1,1.4782969802604,L2,0.586998005722...
GetData ===>> H2,-0.119025157895185,H1,493.048833897293,AX,117.027529711978,L1,1.4727917770643,L2,0.50466709364...
GetData ===>> H2,-0.116910457010966,H1,493.043669368779,AX,116.726667357903,L1,1.45357201038524,L2,0.5643136622...
GetData ===>> H2,-0.21258405257452,H1,492.915909700625,AX,116.879992840734,L1,1.47192536541739,L2,0.58228690439...
GetData ===>> H2,-0.197759147264324,H1,492.591060173054,AX,116.65419437867,L1,1.46469673117693,L2,0.70692411251...
GetData ===>> H2,-0.193568166633641,H1,492.582555628462,AX,116.732270688311,L1,1.49170652682331,L2,0.6863600402...
GetData ===>> H2,-0.203606523600441,H1,492.194777053196,AX,116.617067988264,L1,1.47857778858332,L2,0.6944684837...
GetData ===>> H2,-0.163526054327876,H1,492.076816563629,AX,116.563258792794,L1,1.44847679359812,L2,0.6701680758...
GetData ===>> H2,-0.167424513120211,H1,491.807871613376,AX,116.65643968672,L1,1.43008783409147,L2,0.60261947740...
GetData ===>> H2,-0.164363094154791,H1,491.560590423481,AX,116.561107553703,L1,1.47537340038854,L2,0.6283286151...
GetData ===>> H2,-0.0697324847027471,H1,491.441043875979,AX,116.520832946845,L1,1.47340075282236,L2,0.512722185...
GetData ===>> H2,-0.202937942810031,H1,491.094798733691,AX,116.450830735309,L1,1.47348959147766,L2,0.5714819753...
GetData ===>> H2,-0.147975643408464,H1,491.136328091057,AX,116.546142428916,L1,1.479259229935,L2,0.576421220498...
GetData ===>> H2,-0.184439757373381,H1,491.035356164083,AX,116.459824312231,L1,1.47600956587105,L2,0.6343404864...
GetData ===>> H2,-0.167184272936598,H1,490.982729586499,AX,116.368466344514,L1,1.46464007469814,L2,0.6728436781...
GetData ===>> H2,-0.127159633263127,H1,490.561017749681,AX,116.262686076148,L1,1.43984699669196,L2,0.6713572232...
GetData ===>> H2,-0.208875605815833,H1,490.402861395949,AX,116.17744589772,L1,1.46031059613304,L2,0.62991726692...
GetData ===>> H2,-0.16945825257591,H1,490.523680611334,AX,116.086731841543,L1,1.45624146453968,L2,0.60752601349...
GetData ===>> H2,-0.244919465674305,H1,489.9766223528,AX,116.243822126951,L1,1.47520084373793,L2,0.664565560389...
GetData ===>> H2,-0.224774599909788,H1,489.704297945983,AX,116.182002220869,L1,1.47937259296633,L2,0.6516581521...
19:57:16 -- collecting point 100
GetData ===>> H2,-0.208748961023007,H1,489.673115177888,AX,116.094288831542,L1,1.44921353512873,L2,0.5871237907...
invalid checksum "None". error=int() argument must be a string or a number, not 'NoneType'
State checksums do not match. Local:1695186306 Remote:None
State checksum failed
GetData ===>> H2,-0.219316589425446,H1,489.321445468443,AX,116.059988975904,L1,1.48471617422771,L2,0.5756437298...
GetData ===>> H2,-0.12149248747913,H1,489.091144926134,AX,116.056989024661,L1,1.46508947175567,L2,0.53593148730...
GetData ===>> H2,-0.215355500753301,H1,489.019667075815,AX,116.040027427048,L1,1.46656784956459,L2,0.6019332685...
GetData ===>> H2,-0.1322698297944,H1,488.913970948925,AX,116.0842870117,L1,1.45470274919134,L2,0.57491197972827...
GetData ===>> H2,-0.0621858756876071,H1,489.001676710969,AX,115.899123881326,L1,1.43310730856134,L2,0.615395294...
GetData ===>> H2,-0.0525544655499489,H1,488.718393830251,AX,115.894940620601,L1,1.46118072961247,L2,0.586643521...
GetData ===>> H2,-0.0455071594928684,H1,488.138653462542,AX,115.937260499641,L1,1.50055839067401,L2,0.704613579...
GetData ===>> H2,-0.15596559416176,H1,488.126304622654,AX,115.900327052401,L1,1.48089924503941,L2,0.65276704641...
GetData ===>> H2,-0.194503513780507,H1,488.037865418532,AX,115.824897002521,L1,1.50281666562624,L2,0.5889191037...
GetData ===>> H2,-0.243132434297668,H1,487.864386845512,AX,115.637559402446,L1,1.46469673117693,L2,0.5674690259...
GetData ===>> H2,-0.221952981333947,H1,487.719516086669,AX,115.604095918142,L1,1.46103784785505,L2,0.6392096924...
GetData ===>> H2,-0.0684535575115416,H1,487.314273549629,AX,115.403609545667,L1,1.4307970134177,L2,0.5848596859...
GetData ===>> H2,-0.0290082965855168,H1,486.818992382078,AX,115.557327759427,L1,1.43393877611607,L2,0.566988855...
GetData ===>> H2,-0.19190348877126,H1,486.655521742996,AX,115.492824073753,L1,1.44561178611465,L2,0.47766176591...
GetData ===>> H2,-0.239233086722091,H1,486.827049187361,AX,115.487722605439,L1,1.43156791340365,L2,0.7122431240...
GetData ===>> H2,-0.189240843107918,H1,486.725845930609,AX,115.406158875596,L1,1.44835465108322,L2,0.6837298037...
GetData ===>> H2,-0.120862179053739,H1,486.465407335149,AX,115.509793208356,L1,1.44023919284497,L2,0.6210231413...
GetData ===>> H2,-0.185887040585586,H1,486.610124822877,AX,115.360930580927,L1,1.45768774808007,L2,0.5540708779...
GetData ===>> H2,-0.179293862061737,H1,486.109511359046,AX,115.118202928814,L1,1.43658653406666,L2,0.6625761743...
GetData ===>> H2,-0.17782953944504,H1,485.863080086111,AX,115.316512962086,L1,1.44630526031938,L2,0.65001198217...
measurement finished
estimated time: 125.829 actual time: :126.246
flush and close file /Users/jan/PychronDev/data/isotopes/61/e1e2e1-eaad-4395-ba63-510b421de0ec.h5
baselines () {'settling_time': 15.0, 'detector': 'H1', 'mass': 34.2, 'ncounts': 60}
%%%%%%%%%%%%%%%%%%%%%%%%%%%%%%%% Baseline
build tables- baseline [Detector(H2), Detector(H1), Detector(AX), Detector(L1), Detector(L2), Detector(CDD)]
add group baseline table H2
add group baseline table H1
add group baseline table AX
add group baseline table L1
add group baseline table L2
add group baseline table CDD
flush and close file /Users/jan/PychronDev/data/isotopes/61/e1e2e1-eaad-4395-ba63-510b421de0ec.h5
detector Detector(H1)
POSITION 34.2 H1
Mapping mass to dac mass func: "parabolic"
H1 map mass coeffs = [-0.00063987  0.15840543  0.57138999]
H1 map mass to dac 34.2 >> 5.24043599104
GetDeflection H1 ===>> 0
GetHighVoltage ===>> 4500
positioning 34.2 (5.24043599104) on H1
setting magnet DAC
current  : 5.879780
requested: 5.240436
Delta Dac: 0.639344
Checking detector protection. dv=0.63934
Checking detector "CDD". Protection Threshold: 0.1 (V)
ProtectDetector CDD,On ===>> OK
GetDeflection CDD ===>> 2000
Protected = 2000
SetMagnetDAC 5.24043599104 ===>> OK
Magnet settling time: 0.500
GetMagnetMoving ===>> True
GetMagnetMoving ===>> True
GetMagnetMoving ===>> True
GetMagnetMoving ===>> True
GetMagnetMoving ===>> True
GetMagnetMoving ===>> True
GetMagnetMoving ===>> True
GetMagnetMoving ===>> True
GetMagnetMoving ===>> False
ProtectDetector CDD,Off ===>> OK
GetDeflection CDD ===>> 50
Delaying 15.0s for detectors to settle
Join finished
measuring baseline. ncounts=60
"baseline" increment series count="2" fit count="1" regressing="True"
starting measurement
GetData ===>> H2,-0.270445966966953,H1,-0.0734676174424241,AX,-0.00421058738538665,L1,-0.038341164068346,L2,-0....
GetData ===>> H2,-0.242040968038566,H1,-0.114320453651362,AX,-0.197283330090295,L1,-0.0224920567039056,L2,-0.11...
GetData ===>> H2,-0.211390693166246,H1,-0.045154015877613,AX,-0.0619396500019096,L1,-0.00860986334949056,L2,-0....
GetData ===>> H2,-0.0449097296842338,H1,-0.0815966113283604,AX,-0.0959719193626159,L1,0.0130383337098152,L2,-0....
GetData ===>> H2,-0.148972404127693,H1,-0.0309524734341203,AX,-0.128520945202092,L1,-0.0144036108358206,L2,0.05...
GetData ===>> H2,-0.0996939767020347,H1,0.00132149555629475,AX,-0.0559804600932744,L1,-0.0601257449484948,L2,0....
GetData ===>> H2,-0.0269568650886624,H1,0.0104473982503574,AX,-0.0670522049600605,L1,-0.0108460001344206,L2,0.0...
GetData ===>> H2,-0.169222103823751,H1,-0.0606052941992229,AX,-0.0686056265003289,L1,0.00629956996023073,L2,-0....
GetData ===>> H2,-0.259749786668051,H1,-0.0123717622481088,AX,0.0453932393384401,L1,-0.0264049077437482,L2,-0.0...
GetData ===>> H2,-0.237621225614683,H1,-0.0198736327205794,AX,-0.171380038982793,L1,-0.000825673175396124,L2,-0...
GetData ===>> H2,-0.213697830843683,H1,-0.0682585161267511,AX,-0.159347439039676,L1,-0.0485831547922371,L2,-0.0...
GetData ===>> H2,-0.169212657771269,H1,-0.0304754764927971,AX,-0.113864223368067,L1,0.00114141997218493,L2,-0.0...
GetData ===>> H2,-0.175402530724553,H1,-0.0108331533517301,AX,-0.00276054176618053,L1,-0.0368963399525899,L2,0....
GetData ===>> H2,-0.0694137835270398,H1,0.0559939122177557,AX,-0.0753870644199375,L1,-0.0425965575422522,L2,-0....
GetData ===>> H2,-0.11079279009306,H1,-0.0771269383552873,AX,-0.084393474338257,L1,-0.0283290166385008,L2,-0.05...
GetData ===>> H2,-0.174709968450799,H1,0.00226387051631707,AX,-0.0743553889615458,L1,-0.0707751422357316,L2,0.0...
GetData ===>> H2,-0.256653286143926,H1,-0.0453805564798902,AX,-0.0454524390262926,L1,-0.0436239057275282,L2,0.0...
GetData ===>> H2,-0.287682752443227,H1,0.0363384735471374,AX,-0.0744481242816696,L1,-0.0199949461031906,L2,-0.1...
GetData ===>> H2,-0.251742031644377,H1,-0.00620525691028535,AX,-0.034459413039291,L1,0.00651192524538008,L2,-0....
GetData ===>> H2,-0.268819862009794,H1,-0.0599019313519243,AX,-0.114559453738138,L1,0.0466238858011725,L2,-0.05...
GetData ===>> H2,-0.113657134718483,H1,-0.0133617074061341,AX,-0.122171901236571,L1,0.014423849166582,L2,0.0267...
GetData ===>> H2,-0.0629735519488602,H1,-0.0361277441066619,AX,-0.0373817309921475,L1,0.0197707949154643,L2,0.0...
GetData ===>> H2,-0.173461236883712,H1,-0.0536191320401834,AX,-0.109379868105403,L1,-0.0109862666871129,L2,0.01...
GetData ===>> H2,-0.285674756863815,H1,-0.0705352962856896,AX,-0.175100801775039,L1,-0.0415906603574376,L2,-0.0...
19:58:22 -- collecting point 25
GetData ===>> H2,-0.184026984728529,H1,-0.100843721665611,AX,-0.140495691388708,L1,-0.0316228689422183,L2,-0.07...
GetData ===>> H2,-0.223196196525331,H1,-0.0692240679653676,AX,-0.0543572711998317,L1,-0.038593927041485,L2,-0.0...
GetData ===>> H2,-0.196143406464541,H1,-0.0719537875751407,AX,-0.0447683101418134,L1,-0.0575995645815581,L2,-0....
GetData ===>> H2,-0.18099817608518,H1,-0.0340290490865367,AX,-0.0547282881910947,L1,-0.0578903889134493,L2,-0.0...
GetData ===>> H2,-0.17394175529705,H1,-0.0374155578989786,AX,-0.0481889064715519,L1,-0.0411475546530336,L2,-0.0...
GetData ===>> H2,-0.188089307623211,H1,-0.0650399427090108,AX,-0.139428939618408,L1,-0.0408182066749587,L2,-0.0...
GetData ===>> H2,-0.262781063915152,H1,0.0273533924592285,AX,-0.041996959188719,L1,-0.0307809431709201,L2,0.014...
GetData ===>> H2,-0.427485674090966,H1,0.020659852212135,AX,-0.101824362789266,L1,-0.0137612243207191,L2,0.0326...
GetData ===>> H2,-0.357496218261459,H1,0.0588822860409845,AX,-0.0801859502971153,L1,0.0157975464703808,L2,0.039...
GetData ===>> H2,-0.155964243146601,H1,0.0225330438687667,AX,-0.0494643522952428,L1,-0.0144359687732066,L2,0.02...
GetData ===>> H2,-0.186767729090951,H1,0.0163886290677652,AX,-0.129053875296472,L1,-0.0308276521375836,L2,-0.03...
GetData ===>> H2,-0.268317200314165,H1,-0.0192892464709658,AX,-0.0738801190589076,L1,0.0112256852155401,L2,-0.0...
GetData ===>> H2,-0.343605909556324,H1,-0.00966427186990231,AX,-0.143556740213019,L1,0.000595300062658393,L2,0....
GetData ===>> H2,-0.332082575011273,H1,0.00161971452083978,AX,-0.0751668200156728,L1,0.0369252934407781,L2,-0.0...
GetData ===>> H2,-0.22137106114974,H1,-0.0173929492230272,AX,-0.128405090447411,L1,0.0213314559651993,L2,-0.105...
GetData ===>> H2,-0.257895213932503,H1,-0.0536310542340377,AX,-0.0468902535487163,L1,-0.00615133814029652,L2,0....
GetData ===>> H2,-0.299799687091106,H1,0.023988669229147,AX,0.0418766270205598,L1,-0.00485107525622743,L2,-0.04...
GetData ===>> H2,-0.170706385636184,H1,-0.0328962124630959,AX,-0.103052751756852,L1,0.0120263314634188,L2,-0.03...
GetData ===>> H2,-0.174238785893596,H1,0.0183571869273315,AX,0.00882899904878872,L1,0.0149665813200349,L2,-0.03...
GetData ===>> H2,-0.27960824558084,H1,0.0107098548180808,AX,-0.0198581053430876,L1,-0.00836403784700303,L2,-0.0...
GetData ===>> H2,-0.149832681343178,H1,0.0895599126448989,AX,-0.14436836578951,L1,0.0142521501689035,L2,-0.0028...
GetData ===>> H2,-0.12569410016973,H1,0.0347156103878145,AX,-0.0560848070245288,L1,0.040376219149557,L2,0.00990...
GetData ===>> H2,-0.167123537251972,H1,-0.0621908228237043,AX,-0.106587180666027,L1,0.0110648434186774,L2,-0.08...
GetData ===>> H2,-0.253058452117868,H1,-0.0410761973449912,AX,-0.0147314714181082,L1,-3.12010275954928E-05,L2,-...
GetData ===>> H2,-0.248585493257162,H1,-0.0857204525012588,AX,-0.0932136160454026,L1,-0.0190297420775087,L2,-0....
19:58:48 -- collecting point 50
GetData ===>> H2,-0.180739104501802,H1,-0.00739803419202973,AX,-0.092750027980088,L1,-0.0272855387596758,L2,-0....
GetData ===>> H2,-0.160512198893104,H1,-0.0145782531069337,AX,0.0186562472788333,L1,-0.0329880041352271,L2,-0.0...
GetData ===>> H2,-0.0691059232767925,H1,-0.0309047738422883,AX,-0.11928688849465,L1,-0.0217572536673512,L2,-0.0...
GetData ===>> H2,-0.161873394153787,H1,0.0242630927748123,AX,-0.0891455554182043,L1,0.00566133130460072,L2,0.01...
GetData ===>> H2,-0.247466303923118,H1,-0.0400388310324516,AX,0.00474523963695558,L1,-0.0278222665075447,L2,-0....
GetData ===>> H2,-0.076408238977189,H1,-0.129849092105982,AX,-0.160437157755708,L1,-0.00757255886461198,L2,-0.0...
GetData ===>> H2,-0.109719151567831,H1,-0.0735868156718887,AX,-0.0362452844374384,L1,0.00461687672048179,L2,-0....
GetData ===>> H2,-0.139144137175693,H1,-0.0220561063030587,AX,0.000708054989568973,L1,0.00568652416912444,L2,-0...
GetData ===>> H2,-0.210853236227022,H1,-0.0196947393330536,AX,0.0249104672585196,L1,-0.0144887000037837,L2,-0.0...
GetData ===>> H2,-0.234418002491209,H1,0.0233205106981995,AX,-0.0181763208082124,L1,-0.0238728137775194,L2,-0.1...
GetData ===>> H2,-0.249153116591547,H1,-0.0655763788010908,AX,-0.0239058675982972,L1,-0.00843718655076325,L2,-0...
measurement finished
estimated time: 62.915 actual time: :63.106
flush and close file /Users/jan/PychronDev/data/isotopes/61/e1e2e1-eaad-4395-ba63-510b421de0ec.h5
activate_detectors ('H1', 'AX', 'CDD') {'peak_center': True}
peak_center () {'detector': 'H1', 'integration_time': 0.262144, 'isotope': 'Ar40'}
peak center: mean=486.710932248 threshold=3
peak center started
setup peak center. detector=['H1', 'AX', 'CDD'], isotope=Ar40
VersionedUnpickler [<apptools.sweet_pickle.versioned_unpickler.VersionedUnpickler object at 0x1d2dc5f50>] using Updater [<apptools.sweet_pickle.updater.Updater object at 0x1373f1ad0>]
VersionedUnpickler [<apptools.sweet_pickle.versioned_unpickler.VersionedUnpickler object at 0x1d2dc5f50>] using Updater [<apptools.sweet_pickle.updater.Updater object at 0x1373f1ad0>]
VersionedUnpickler [<apptools.sweet_pickle.versioned_unpickler.VersionedUnpickler object at 0x1e2958350>] using Updater [<apptools.sweet_pickle.updater.Updater object at 0x1373f1ad0>]
setting integration time = 0.524288
SetIntegrationTime 0.524288 ===>> OK
Mapping mass to dac mass func: "parabolic"
H1 map mass coeffs = [-0.00063987  0.15840543  0.57138999]
H1 map mass to dac 39.9624 >> 5.87978
GetDeflection H1 ===>> 0
GetHighVoltage ===>> 4500
do peak center. <pychron.spectrometer.jobs.peak_center.PeakCenter object at 0x1376ecfb0>
doing pc
starting peak center. center dac= 5.87978 step_width=0.001
width = 0.001
get scan parameters. half-width=0.015,window=0.015, i=0, scalar=1
Scan parameters center=5.87978 width=0.03000 (5.86478 - 5.89478)
GetData ===>> H2,-0.174403499503151,H1,-0.00838802854159475,AX,-0.053545666599943,L1,0.0197491708244246,L2,-0.0...
Moving to starting dac 5.86478
setting magnet DAC
current  : 5.240436
requested: 5.864780
Delta Dac: 0.624344
Checking detector protection. dv=0.62434
Checking detector "CDD". Protection Threshold: 0.1 (V)
ProtectDetector CDD,On ===>> OK
GetDeflection CDD ===>> 2000
Protected = 2000
SetMagnetDAC 5.86478 ===>> OK
Magnet settling time: 0.500
GetMagnetMoving ===>> True
GetMagnetMoving ===>> True
GetMagnetMoving ===>> True
GetMagnetMoving ===>> True
GetMagnetMoving ===>> True
GetMagnetMoving ===>> True
GetMagnetMoving ===>> True
GetMagnetMoving ===>> True
GetMagnetMoving ===>> False
ProtectDetector CDD,Off ===>> OK
GetDeflection CDD ===>> 50
Wait until signal near baseline. tol= -0.0062910214062. timeout= 10
GetData ===>> H2,2.41040490894724,H1,1.10080638272245,AX,0.0892126803491924,L1,0.000442871880081443,L2,0.106981...
GetData ===>> H2,26.4741781702688,H1,16.0543047645791,AX,1.44216154524741,L1,-0.0255657169153761,L2,-0.04285026...
GetData ===>> H2,26.7783644045121,H1,15.6997429872815,AX,2.4636821474127,L1,-0.0135994227447052,L2,0.1457023320...
GetData ===>> H2,13.9022151989382,H1,7.59235633910855,AX,1.07585121205495,L1,0.00418583093078442,L2,-0.01261572...
GetData ===>> H2,5.7129915915369,H1,3.94690054849007,AX,0.342096402897632,L1,0.00253626060811275,L2,-0.08634116...
GetData ===>> H2,1.99383178460822,H1,2.22150537890602,AX,0.303341466643368,L1,0.0098195162744112,L2,-0.11212558...
GetData ===>> H2,0.584368852693133,H1,1.1278870581058,AX,0.136346510726485,L1,0.0114238788008075,L2,0.013118476...
GetData ===>> H2,0.134951105428703,H1,0.853795098623578,AX,0.0100588010722995,L1,0.00928958119777165,L2,-0.0659...
GetData ===>> H2,0.0513201893813801,H1,0.613088193073952,AX,-0.00202971058697987,L1,0.00573901596206472,L2,-0.0...
GetData ===>> H2,-0.0665138708141923,H1,0.558630484240941,AX,0.13854958408204,L1,-0.00748501266996898,L2,-0.012...
GetData ===>> H2,-0.132950963307085,H1,0.545797301502238,AX,0.0497920850369884,L1,-0.0387472588280577,L2,0.0998...
GetData ===>> H2,-0.116903691500862,H1,0.469883286854667,AX,0.127720218806034,L1,-0.061646466108822,L2,0.076640...
GetData ===>> H2,-0.0630231096936973,H1,0.515429582078908,AX,0.118167260128985,L1,-0.0490295227249135,L2,0.0564...
GetData ===>> H2,0.0802036285334025,H1,0.436094614603966,AX,-0.017132439928832,L1,-0.0536739229063421,L2,-0.091...
GetData ===>> H2,0.0734441291926763,H1,0.412588273054815,AX,0.0512081145907358,L1,-0.0170841731128447,L2,-0.011...
GetData ===>> H2,-0.0371383863552543,H1,0.475351571578142,AX,-0.0561195893100503,L1,0.0136713751391909,L2,0.026...
GetData ===>> H2,-0.141233441088927,H1,0.480008206174909,AX,-0.0434348247643598,L1,0.0262373219147584,L2,0.0401...
GetData ===>> H2,-0.0956313265465394,H1,0.578277752411949,AX,0.0423176473421727,L1,0.0310229793354224,L2,-0.055...
GetData ===>> H2,-0.136363557931481,H1,0.540277386781552,AX,0.018435790454986,L1,0.0284737094549853,L2,-0.07013...
GetData ===>> H2,-0.178662867455015,H1,0.476259001366697,AX,-0.0941871437925798,L1,-0.0258314729529302,L2,0.002...
GetData ===>> H2,-0.178662867455015,H1,0.476259001366697,AX,-0.0941871437925798,L1,-0.0258314729529302,L2,0.002...
Peak center failed to move to a baseline position
_do_sweep sm= 5.86478, em= 5.89478, stm= 0.001
calculated step values: start=5.86478, end=5.89478, width=0.001, nsteps=31.0
setting magnet DAC
current  : 5.864780
requested: 5.864780
Delta Dac: 0.000000
Checking detector protection. dv=0.00000
Checking detector "CDD". Protection Threshold: 0.1 (V)
SetMagnetDAC 5.86478 ===>> OK
GetData ===>> H2,-0.270980906398499,H1,0.436429434432229,AX,-0.0401880013535818,L1,-0.0373432273065924,L2,0.058...
setting magnet DAC
current  : 5.864780
requested: 5.865814
Delta Dac: 0.001034
Checking detector protection. dv=0.00103
Checking detector "CDD". Protection Threshold: 0.1 (V)
SetMagnetDAC 5.86581448276 ===>> OK
Magnet settling time: 1.049
GetData ===>> H2,-0.124602939266918,H1,1.03710318618269,AX,0.214435283491706,L1,0.00717970891823227,L2,-0.04319...
setting magnet DAC
current  : 5.865814
requested: 5.866849
Delta Dac: 0.001034
Checking detector protection. dv=0.00103
Checking detector "CDD". Protection Threshold: 0.1 (V)
SetMagnetDAC 5.86684896552 ===>> OK
Magnet settling time: 1.049
GetData ===>> H2,-0.262369858984453,H1,3.71687147686555,AX,0.587788965897222,L1,0.013875281678909,L2,0.00924651...
setting magnet DAC
current  : 5.866849
requested: 5.867883
Delta Dac: 0.001034
Checking detector protection. dv=0.00103
Checking detector "CDD". Protection Threshold: 0.1 (V)
SetMagnetDAC 5.86788344828 ===>> OK
Magnet settling time: 1.049
GetData ===>> H2,-0.215367619297163,H1,14.1985475736049,AX,2.25771309240995,L1,-0.0290894063429653,L2,0.0916391...
setting magnet DAC
current  : 5.867883
requested: 5.868918
Delta Dac: 0.001034
Checking detector protection. dv=0.00103
Checking detector "CDD". Protection Threshold: 0.1 (V)
SetMagnetDAC 5.86891793103 ===>> OK
Magnet settling time: 1.049
GetData ===>> H2,-0.0735575583472466,H1,47.6525601382064,AX,7.31133348078946,L1,-0.00354344599678047,L2,-0.0043...
setting magnet DAC
current  : 5.868918
requested: 5.869952
Delta Dac: 0.001034
Checking detector protection. dv=0.00103
Checking detector "CDD". Protection Threshold: 0.1 (V)
SetMagnetDAC 5.86995241379 ===>> OK
Magnet settling time: 1.049
GetData ===>> H2,-0.171368852288163,H1,124.964783234001,AX,21.0480579643768,L1,0.089251381451282,L2,-0.08907149...
setting magnet DAC
current  : 5.869952
requested: 5.870987
Delta Dac: 0.001034
Checking detector protection. dv=0.00103
Checking detector "CDD". Protection Threshold: 0.1 (V)
SetMagnetDAC 5.87098689655 ===>> OK
Magnet settling time: 1.049
GetData ===>> H2,-0.0641146964058969,H1,238.853074855617,AX,44.5166035035484,L1,0.256967239951043,L2,-0.0199247...
setting magnet DAC
current  : 5.870987
requested: 5.872021
Delta Dac: 0.001034
Checking detector protection. dv=0.00103
Checking detector "CDD". Protection Threshold: 0.1 (V)
SetMagnetDAC 5.87202137931 ===>> OK
Magnet settling time: 1.049
GetData ===>> H2,-0.142521463178832,H1,348.451277948325,AX,71.3999846897416,L1,0.489703859829748,L2,0.070510183...
setting magnet DAC
current  : 5.872021
requested: 5.873056
Delta Dac: 0.001034
Checking detector protection. dv=0.00103
Checking detector "CDD". Protection Threshold: 0.1 (V)
SetMagnetDAC 5.87305586207 ===>> OK
Magnet settling time: 1.049
GetData ===>> H2,-0.104517528376149,H1,419.76942094246,AX,92.4737476413264,L1,0.789048054070907,L2,0.3674802982...
setting magnet DAC
current  : 5.873056
requested: 5.874090
Delta Dac: 0.001034
Checking detector protection. dv=0.00103
Checking detector "CDD". Protection Threshold: 0.1 (V)
SetMagnetDAC 5.87409034483 ===>> OK
Magnet settling time: 1.049
GetData ===>> H2,-0.071700097238457,H1,451.670139477181,AX,104.164988683604,L1,1.05032077523411,L2,0.5181726098...
setting magnet DAC
current  : 5.874090
requested: 5.875125
Delta Dac: 0.001034
Checking detector protection. dv=0.00103
Checking detector "CDD". Protection Threshold: 0.1 (V)
SetMagnetDAC 5.87512482759 ===>> OK
Magnet settling time: 1.049
GetData ===>> H2,-0.223505653302453,H1,461.848266646041,AX,108.59259393722,L1,1.21170615539389,L2,0.45641926410...
setting magnet DAC
current  : 5.875125
requested: 5.876159
Delta Dac: 0.001034
Checking detector protection. dv=0.00103
Checking detector "CDD". Protection Threshold: 0.1 (V)
SetMagnetDAC 5.87615931034 ===>> OK
Magnet settling time: 1.049
GetData ===>> H2,-0.349775320630136,H1,464.05340962524,AX,109.482355851623,L1,1.31062807986515,L2,0.66581757695...
setting magnet DAC
current  : 5.876159
requested: 5.877194
Delta Dac: 0.001034
Checking detector protection. dv=0.00103
Checking detector "CDD". Protection Threshold: 0.1 (V)
SetMagnetDAC 5.8771937931 ===>> OK
Magnet settling time: 1.049
GetData ===>> H2,-0.0895679510109608,H1,464.745602021336,AX,110.208715515941,L1,1.32343752965639,L2,0.657593604...
setting magnet DAC
current  : 5.877194
requested: 5.878228
Delta Dac: 0.001034
Checking detector protection. dv=0.00103
Checking detector "CDD". Protection Threshold: 0.1 (V)
SetMagnetDAC 5.87822827586 ===>> OK
Magnet settling time: 1.049
GetData ===>> H2,-0.203059260807568,H1,464.867396944227,AX,110.158775711148,L1,1.37084639075206,L2,0.7056681303...
setting magnet DAC
current  : 5.878228
requested: 5.879263
Delta Dac: 0.001034
Checking detector protection. dv=0.00103
Checking detector "CDD". Protection Threshold: 0.1 (V)
SetMagnetDAC 5.87926275862 ===>> OK
Magnet settling time: 1.049
GetData ===>> H2,-0.191448421562714,H1,464.939131807983,AX,109.876514831886,L1,1.40054838891986,L2,0.6375163670...
setting magnet DAC
current  : 5.879263
requested: 5.880297
Delta Dac: 0.001034
Checking detector protection. dv=0.00103
Checking detector "CDD". Protection Threshold: 0.1 (V)
SetMagnetDAC 5.88029724138 ===>> OK
Magnet settling time: 1.049
GetData ===>> H2,-0.0109846227691562,H1,465.137104530131,AX,109.995268108156,L1,1.34546258082861,L2,0.527840162...
setting magnet DAC
current  : 5.880297
requested: 5.881332
Delta Dac: 0.001034
Checking detector protection. dv=0.00103
Checking detector "CDD". Protection Threshold: 0.1 (V)
SetMagnetDAC 5.88133172414 ===>> OK
Magnet settling time: 1.049
GetData ===>> H2,-0.0448001016592507,H1,464.850594991957,AX,109.842659341268,L1,1.42039450614963,L2,0.538720181...
setting magnet DAC
current  : 5.881332
requested: 5.882366
Delta Dac: 0.001034
Checking detector protection. dv=0.00103
Checking detector "CDD". Protection Threshold: 0.1 (V)
SetMagnetDAC 5.8823662069 ===>> OK
Magnet settling time: 1.049
GetData ===>> H2,-0.010020385424432,H1,464.737679368929,AX,109.611827172966,L1,1.42954834986345,L2,0.4865941586...
setting magnet DAC
current  : 5.882366
requested: 5.883401
Delta Dac: 0.001034
Checking detector protection. dv=0.00103
Checking detector "CDD". Protection Threshold: 0.1 (V)
SetMagnetDAC 5.88340068966 ===>> OK
Magnet settling time: 1.049
GetData ===>> H2,-0.199119805063657,H1,463.620597812676,AX,109.27624867974,L1,1.37075670905297,L2,0.58867896437...
setting magnet DAC
current  : 5.883401
requested: 5.884435
Delta Dac: 0.001034
Checking detector protection. dv=0.00103
Checking detector "CDD". Protection Threshold: 0.1 (V)
SetMagnetDAC 5.88443517241 ===>> OK
Magnet settling time: 1.049
GetData ===>> H2,-0.0692320520517537,H1,459.624090611392,AX,107.467766166457,L1,1.37449322575186,L2,0.460393309...
setting magnet DAC
current  : 5.884435
requested: 5.885470
Delta Dac: 0.001034
Checking detector protection. dv=0.00103
Checking detector "CDD". Protection Threshold: 0.1 (V)
SetMagnetDAC 5.88546965517 ===>> OK
Magnet settling time: 1.049
GetData ===>> H2,-0.131588881259107,H1,446.766332049462,AX,102.077844591674,L1,1.31998526334982,L2,0.5554540472...
setting magnet DAC
current  : 5.885470
requested: 5.886504
Delta Dac: 0.001034
Checking detector protection. dv=0.00103
Checking detector "CDD". Protection Threshold: 0.1 (V)
SetMagnetDAC 5.88650413793 ===>> OK
Magnet settling time: 1.049
GetData ===>> H2,-0.0933038059401372,H1,407.727731351434,AX,87.3407506531201,L1,1.19951066507584,L2,0.338483403...
setting magnet DAC
current  : 5.886504
requested: 5.887539
Delta Dac: 0.001034
Checking detector protection. dv=0.00103
Checking detector "CDD". Protection Threshold: 0.1 (V)
SetMagnetDAC 5.88753862069 ===>> OK
Magnet settling time: 1.049
GetData ===>> H2,-0.215351461235791,H1,325.75721877713,AX,62.5984162698842,L1,0.960112653608595,L2,0.1842788979...
setting magnet DAC
current  : 5.887539
requested: 5.888573
Delta Dac: 0.001034
Checking detector protection. dv=0.00103
Checking detector "CDD". Protection Threshold: 0.1 (V)
SetMagnetDAC 5.88857310345 ===>> OK
Magnet settling time: 1.049
GetData ===>> H2,-0.220962305885309,H1,212.818275009915,AX,35.2798412001288,L1,0.607510380077977,L2,0.073837634...
setting magnet DAC
current  : 5.888573
requested: 5.889608
Delta Dac: 0.001034
Checking detector protection. dv=0.00103
Checking detector "CDD". Protection Threshold: 0.1 (V)
SetMagnetDAC 5.88960758621 ===>> OK
Magnet settling time: 1.049
GetData ===>> H2,-0.265969786354186,H1,105.283034321791,AX,14.7504109757428,L1,0.390261075368844,L2,0.111792433...
setting magnet DAC
current  : 5.889608
requested: 5.890642
Delta Dac: 0.001034
Checking detector protection. dv=0.00103
Checking detector "CDD". Protection Threshold: 0.1 (V)
SetMagnetDAC 5.89064206897 ===>> OK
Magnet settling time: 1.049
GetData ===>> H2,-0.292276291576445,H1,21.6705459702333,AX,2.10285272531152,L1,0.184039987820804,L2,0.027605551...
setting magnet DAC
current  : 5.890642
requested: 5.891677
Delta Dac: 0.001034
Checking detector protection. dv=0.00103
Checking detector "CDD". Protection Threshold: 0.1 (V)
SetMagnetDAC 5.89167655172 ===>> OK
Magnet settling time: 1.049
GetData ===>> H2,-0.210344042929716,H1,6.10938232196017,AX,0.315886342543194,L1,0.130946003438618,L2,0.04772253...
setting magnet DAC
current  : 5.891677
requested: 5.892711
Delta Dac: 0.001034
Checking detector protection. dv=0.00103
Checking detector "CDD". Protection Threshold: 0.1 (V)
SetMagnetDAC 5.89271103448 ===>> OK
Magnet settling time: 1.049
GetData ===>> H2,-0.266931363561249,H1,1.39129460957645,AX,0.0335904586846736,L1,0.0734064687372661,L2,0.018129...
setting magnet DAC
current  : 5.892711
requested: 5.893746
Delta Dac: 0.001034
Checking detector protection. dv=0.00103
Checking detector "CDD". Protection Threshold: 0.1 (V)
SetMagnetDAC 5.89374551724 ===>> OK
Magnet settling time: 1.049
GetData ===>> H2,-0.0840756398923728,H1,0.233661661739393,AX,-0.173103195199698,L1,0.0284953310892277,L2,-0.006...
setting magnet DAC
current  : 5.893746
requested: 5.894780
Delta Dac: 0.001034
Checking detector protection. dv=0.00103
Checking detector "CDD". Protection Threshold: 0.1 (V)
SetMagnetDAC 5.89478 ===>> OK
Magnet settling time: 1.049
GetData ===>> H2,-0.0386233649520208,H1,0.0562803587925266,AX,-0.114235013517078,L1,0.0155258770674695,L2,-0.09...
result of _do_sweep=True
result of _calculate_peak_center=([5.8719488203994175, 5.8796400649574991, 5.8873313095155808], [340.76402923439565, 465.1335338798317, 342.18417520485673], 5.8802785833736424, 465.1335338798317)
Failed to find a valid peak. No peak greater than 1.0. max = 0.0211150505577
new center pos Detector(H1) (Ar40) @ 5.87964006496
GetHighVoltage ===>> 4500
GetDeflection H1 ===>> 0
dac uncorrected for HV and deflection 5.87964006496
update mftable H1 Ar40 5.87964006496 message=automated run peakcenter
get initial guess parabolic
get initial guess parabolic
get initial guess parabolic
get initial guess parabolic
get initial guess parabolic
get initial guess parabolic
dump mftable to /Users/jan/PychronDev/setupfiles/spectrometer/mftables/mftable.csv
add to repo msg=modified - automated run peakcenter
locally archiving mftable
setting magnet DAC
current  : 5.894780
requested: 5.879640
Delta Dac: 0.015140
Checking detector protection. dv=0.01514
Checking detector "CDD". Protection Threshold: 0.1 (V)
SetMagnetDAC 5.87964006496 ===>> OK
Magnet settling time: 0.500
sweep finished
setting integration time = 1.048576
SetIntegrationTime 1.048576 ===>> OK
Failed to find a valid peak. No peak greater than 1.0. max = 0.0210852177351
flush and close file /Users/jan/PychronDev/data/isotopes/61/e1e2e1-eaad-4395-ba63-510b421de0ec.h5
finished measure script
executed snippet estimated_duration=226.132928, duration=272.56813693
jan_unknown120_60.py completed successfully
Measurement Finished
19:59:46 -- ******* Measurement Finished *******
Post Measurement Started jan_pump_ms.py
19:59:46 -- ******* Post Measurement Started jan_pump_ms.py *******
testing...
no interpolation path defined
executed snippet estimated_duration=0, duration=2.8133392334e-05
Pumping spectrometer
open () {'name': 'O'}
opening name=O desc=---
checking ownership. requestor=129.138.12.150
check software interlocks O
interlocks []
actuate state mode=None-script, software_lock=False
doing actuation None-script open_channel True
Open O ===>> OK
GetIndicatorState O ===>> OK
change switch state (True, True)
update switch state O True args=() kw={} ncanvase=2
19:59:46 -- OPEN   VALVE-O (Jan Ion Pump)
---------------------------------------- open O () result=[(True, True)], time=0.09 sec
action=open, ok=True, locked=[False]
executed snippet estimated_duration=0, duration=0.352647066116
jan_pump_ms.py completed successfully
setting _ms_pumptime
Post Measurement Finished
19:59:46 -- ******* Post Measurement Finished *******
$$$$$$$$$$$$$$$$$$$$ state at run end measurement
state changed from measurement to success
post measurement save measured=True aborted=False
Set filtering
setting fod for Ar40= {'filter_outliers': True, 'std_devs': 2, 'iterations': 1}
setting fod for H1= {'filter_outliers': True, 'std_devs': 2, 'iterations': 1}
setting fod for PM41= {'filter_outliers': False, 'std_devs': 2, 'iterations': 1}
setting fod for H2= {'filter_outliers': True, 'std_devs': 2, 'iterations': 1}
setting fod for Ar36= {'filter_outliers': True, 'std_devs': 2, 'iterations': 1}
setting fod for CDD= {'filter_outliers': True, 'std_devs': 10, 'iterations': 1}
setting fod for Ar37= {'filter_outliers': True, 'std_devs': 2, 'iterations': 1}
setting fod for L2= {'filter_outliers': True, 'std_devs': 2, 'iterations': 1}
setting fod for Ar38= {'filter_outliers': True, 'std_devs': 2, 'iterations': 1}
setting fod for L1= {'filter_outliers': True, 'std_devs': 2, 'iterations': 1}
setting fod for Ar39= {'filter_outliers': True, 'std_devs': 2, 'iterations': 1}
setting fod for AX= {'filter_outliers': True, 'std_devs': 2, 'iterations': 1}
persistence save...
persistence save - db
post measurement save
6269380560 connecting to database sqlite:////Users/jan/PychronDev/.appdata/local_lab.db
connected to db sqlite:////Users/jan/PychronDev/.appdata/local_lab.db
create new session 6269380560
close session 6269380560
No database instance. Not saving post measurement to isotopedb database
$$$$$$$$$$$$$$$ auto_save_detector_ic=False
massspec enabled True
create new session 4985911824
MassSpec Database Version: 16.0
close session 4985911824
saving post measurement to secondary database
saving to massspec database 129.138.12.160/massspecdata
setting labnumber to 65555
setting aliquot to 10
setting step to C
setting uuid to 61e1e2e1-eaad-4395-ba63-510b421de0ec
setting irradpos to 65555
setting extract_device to Fusions CO2
setting tray to 
setting position to 196
setting power_requested to 5.0
setting extract_value to 5.0
setting duration to 30.0
setting duration_at_request to 30.0
setting first_stage_delay to 30.0
setting cleanup to 30.0
setting comment to N:14 without inclusions
setting irradiation to NM-289
setting level to N
setting irradiation_level to N
setting sample to Bw-2014-7 WO
setting material to Sanidine
setting project to Bustos Wells
setting mass_spectrometer to Jan
no attribute chron_dosages
no attribute production_ratios
no attribute interference_corrections
no attribute production_name
no attribute j
Reference Isotope=Ar40
Reference Detector=H1
%%%%%%%%%%%%%%%%%%%% Comment: N:14 without inclusions %%%%%%%%%%%%%%%%%%%
adding isotope PM41 H2
add baseline dbdet= PM41. original det= H2
get baseline data PM41 H2
Get data baseline <pychron.processing.isotope.Baseline object at 0x1d42b4650> len t=60
baseline PM41. v=-0.198942383553, e=0.00943904986819
get signal data PM41 H2
Get data signal PM41 0.07+/-0.07 len t=120
adding isotope Ar40 H1
add baseline dbdet= Ar40. original det= H1
get baseline data Ar40 H1
Get data baseline <pychron.processing.isotope.Baseline object at 0x1d42b4110> len t=60
baseline Ar40. v=-0.0242261647224, e=0.00512448255846
get signal data Ar40 H1
Get data signal Ar40 510.73+/-0.04 len t=120
adding isotope Ar39 AX
add baseline dbdet= Ar39. original det= AX
get baseline data Ar39 AX
Get data baseline <pychron.processing.isotope.Baseline object at 0x1d42b4490> len t=60
baseline Ar39. v=-0.0745457827906, e=0.00673286331849
get signal data Ar39 AX
Get data signal Ar39 121.070+/-0.020 len t=120
adding isotope Ar38 L1
add baseline dbdet= Ar38. original det= L1
get baseline data Ar38 L1
Get data baseline <pychron.processing.isotope.Baseline object at 0x1c713ac50> len t=60
baseline Ar38. v=-0.0140253345947, e=0.00301882470925
get signal data Ar38 L1
Get data signal Ar38 1.563+/-0.004 len t=120
adding isotope Ar37 L2
add baseline dbdet= Ar37. original det= L2
get baseline data Ar37 L2
Get data baseline <pychron.processing.isotope.Baseline object at 0x1c713ad50> len t=60
baseline Ar37. v=-0.026485785261, e=0.00555460054212
get signal data Ar37 L2
Get data signal Ar37 0.657+/-0.010 len t=120
adding isotope Ar36 CDD
add baseline dbdet= Ar36. original det= CDD
get baseline data Ar36 CDD
Get data baseline <pychron.processing.isotope.Baseline object at 0x1c713a290> len t=60
baseline Ar36. v=0.000153827592853, e=1.80308116679e-05
get signal data Ar36 CDD
Get data signal Ar36 0.01360+/-0.00032 len t=120
65555-10C added analysis time 0.471290111542s
analysis added to mass spec database
mass spec save time= 0.481
persistence save - dvc
================= post measurement started
create new session 4991427888
close session 4991427888
---------------- Experiment Queue saving disabled
DVC saving peakcenter
Failed to find a valid peak. No peak greater than 1.0. max = 0.0210852177351
Smart pull ahead: 0 behind: 0
Up-to-date with origin
add to repo msg=modified - ad8224ebc6dbfeb9f5997218dfa5fe690569839d.json
add to repo msg=modified - 55-10C.json
add to repo msg=modified - 55-10C.dat.json
add to repo msg=modified - 55-10C.blan.json
add to repo msg=modified - 55-10C.inte.json
add to repo msg=modified - 55-10C.icfa.json
add to repo msg=modified - 55-10C.base.json
not at valid file /Users/jan/PychronDev/data/.dvc/repositories/Load1786/655/tags/55-10C.tags.json
add to repo msg=modified - 55-10C.peak.json
add to repo msg=modified - 55-10C.extr.json
not at valid file /Users/jan/PychronDev/data/.dvc/repositories/Load1786/655/monitor/55-10C.moni.json
commit message=<COLLECTION>
add to repo msg=modified - 55-10C.inte.json
add to repo msg=modified - 55-10C.base.json
commit message=<ISOEVO> default collection fits
add to repo msg=modified - 55-10C.blan.json
commit message=<BLANKS> preceding bc-02-J-328
add to repo msg=modified - 55-10C.icfa.json
commit message=<ICFactor> default
push repository <pychron.git_archive.repo_manager.GitRepoManager object at 0x1de29bfb0>
pushing to remote=origin, url=https://github.com
no changes to meta repo
create new session 4991427888
add association Load1786
get identifier "65555"
setting analysis irradiation position=<pychron.dvc.dvc_orm.IrradiationPositionTbl object at 0x1e5044a10>
close session 4991427888
================= post measurement finished
20:00:01 -- ******* Post Run Check *******
loading queue conditionals post_run_actions
loading system conditionals post_run_actions
loading conditionals from /Users/jan/PychronDev/setupfiles/spectrometer/default_conditionals.yaml
loading queue conditionals post_run_terminations
loading system conditionals post_run_terminations
loading conditionals from /Users/jan/PychronDev/setupfiles/spectrometer/default_conditionals.yaml
Checking default post run terminations n=1
GetDeflection CDD ===>> 50
testing CDD==2000
evaluate ot="CDD.deflection==2000" t="CDD==2000", ctx="{'CDD': 50.0}"
20:00:01 -- ******* Post Run Check Passed *******
20:00:01 -- Automated run 65555-10C success duration: 363.300 s
----------------- finish -----------------
----------------- stop -----------------
retroactive repository identifiers disabled
finish run. runs completed=226
update duration runid=65555-10C, duration=363.299743891, md5=301e91d8
loading script "jan_unknown120_60.py"
loading script "jan_pump_ms.py"
loading script "jan_co2.py"
loading script "jan_pump_extraction_line.py"
testing...
no interpolation path defined
executed snippet estimated_duration=213.652928, duration=0.000241994857788
script duration name:unknown120_60 seconds:214.0
loading script "jan_unknown120_60.py"
loading script "jan_pump_ms.py"
loading script "jan_co2.py"
loading script "jan_pump_extraction_line.py"
testing...
no interpolation path defined
executed snippet estimated_duration=0, duration=3.21865081787e-05
loading script "jan_unknown120_60.py"
loading script "jan_pump_ms.py"
loading script "jan_co2.py"
loading script "jan_pump_extraction_line.py"
testing...
no interpolation path defined
calculate duration
testing...
no interpolation path defined
executed snippet estimated_duration=0, duration=6.103515625e-05
calculate duration
testing...
no interpolation path defined
executed snippet estimated_duration=0, duration=9.29832458496e-05
executed snippet estimated_duration=0.0, duration=0.00270414352417
script duration name:co2 seconds:0.0
loading script "jan_unknown120_60.py"
loading script "jan_pump_ms.py"
loading script "jan_co2.py"
loading script "jan_pump_extraction_line.py"
testing...
no interpolation path defined
calculate duration
testing...
no interpolation path defined
executed snippet estimated_duration=4.0, duration=0.000185966491699
executed snippet estimated_duration=4.0, duration=0.00159001350403
Script duration 214.0
Run total estimated duration= 215.000
unknown120_60 in script context. using previous estimated duration
script duration name:unknown120_60 seconds:214.0
pump_ms in script context. using previous estimated duration
co2 in script context. using previous estimated duration
script duration name:co2 seconds:0.0
pump_extraction_line in script context. using previous estimated duration
Script duration 214.0
Run total estimated duration= 215.000
script duration name:unknown120_60 seconds:214.0
script duration name:co2 seconds:0.0
Script duration 214.0
Run total estimated duration= 215.000
script duration name:unknown120_60 seconds:214.0
script duration name:co2 seconds:0.0
Script duration 214.0
Run total estimated duration= 215.000
loading script "jan_ic_peak_hop3.py"
loading script "jan_pump_ms.py"
loading script "jan_air_x1.py"
loading script "jan_pump_extraction_line.py"
testing...
no interpolation path defined
executed snippet estimated_duration=133.8, duration=0.00801396369934
script duration name:ic_peak_hop3 seconds:134.0
loading script "jan_ic_peak_hop3.py"
loading script "jan_pump_ms.py"
loading script "jan_air_x1.py"
loading script "jan_pump_extraction_line.py"
testing...
no interpolation path defined
calculate duration
testing...
no interpolation path defined
executed snippet estimated_duration=0, duration=4.79221343994e-05
calculate duration
testing...
no interpolation path defined
executed snippet estimated_duration=0, duration=0.000100135803223
calculate duration
testing...
no interpolation path defined
executed snippet estimated_duration=32.0, duration=9.41753387451e-05
calculate duration
testing...
no interpolation path defined
executed snippet estimated_duration=34.0, duration=0.000102043151855
calculate duration
testing...
no interpolation path defined
executed snippet estimated_duration=4.0, duration=6.89029693604e-05
calculate duration
testing...
no interpolation path defined
executed snippet estimated_duration=36.0, duration=0.000144958496094
executed snippet estimated_duration=106.0, duration=0.0105857849121
script duration name:air_x1 seconds:106.0
Script duration 240.0
Run total estimated duration= 241.000
script duration name:unknown120_60 seconds:214.0
script duration name:co2 seconds:0.0
Script duration 214.0
Run total estimated duration= 215.000
script duration name:unknown120_60 seconds:214.0
script duration name:co2 seconds:0.0
Script duration 214.0
Run total estimated duration= 215.000
script duration name:unknown120_60 seconds:214.0
script duration name:co2 seconds:0.0
Script duration 214.0
Run total estimated duration= 215.000
loading script "jan_unknown400_120.py"
loading script "jan_pump_ms.py"
loading script "jan_sniffair_x2.py"
loading script "jan_pump_extraction_line.py"
testing...
no interpolation path defined
executed snippet estimated_duration=556.052928, duration=0.000146150588989
script duration name:unknown400_120 seconds:556.0
loading script "jan_unknown400_120.py"
loading script "jan_pump_ms.py"
loading script "jan_sniffair_x2.py"
loading script "jan_pump_extraction_line.py"
testing...
no interpolation path defined
calculate duration
testing...
no interpolation path defined
executed snippet estimated_duration=0, duration=5.00679016113e-05
calculate duration
testing...
no interpolation path defined
executed snippet estimated_duration=0, duration=0.00011682510376
calculate duration
testing...
no interpolation path defined
executed snippet estimated_duration=32.0, duration=9.29832458496e-05
calculate duration
testing...
no interpolation path defined
executed snippet estimated_duration=34.0, duration=0.000123977661133
calculate duration
testing...
no interpolation path defined
executed snippet estimated_duration=4.0, duration=9.51290130615e-05
calculate duration
testing...
no interpolation path defined
executed snippet estimated_duration=36.0, duration=0.0001380443573
calculate duration
testing...
no interpolation path defined
executed snippet estimated_duration=34.0, duration=0.000150918960571
calculate duration
testing...
no interpolation path defined
executed snippet estimated_duration=4.0, duration=8.29696655273e-05
calculate duration
testing...
no interpolation path defined
executed snippet estimated_duration=36.0, duration=0.000102996826172
calculate duration
testing...
no interpolation path defined
executed snippet estimated_duration=70.0, duration=0.0001380443573
executed snippet estimated_duration=250.0, duration=0.0280408859253
script duration name:sniffair_x2 seconds:250.0
Script duration 806.0
Run total estimated duration= 807.000
script duration name:unknown120_60 seconds:214.0
script duration name:co2 seconds:0.0
Script duration 214.0
Run total estimated duration= 215.000
unknown400_120 in script context. using previous estimated duration
script duration name:unknown400_120 seconds:556.0
script duration name:co2 seconds:0.0
Script duration 556.0
Run total estimated duration= 557.000
script duration name:unknown400_120 seconds:556.0
loading script "jan_unknown400_120.py"
loading script "jan_pump_ms.py"
loading script "jan_cocktail_x1.py"
loading script "jan_pump_extraction_line.py"
testing...
no interpolation path defined
calculate duration
testing...
no interpolation path defined
executed snippet estimated_duration=0, duration=4.79221343994e-05
calculate duration
testing...
no interpolation path defined
executed snippet estimated_duration=0, duration=0.000111818313599
calculate duration
testing...
no interpolation path defined
executed snippet estimated_duration=32.0, duration=9.89437103271e-05
calculate duration
testing...
no interpolation path defined
executed snippet estimated_duration=34.0, duration=9.58442687988e-05
calculate duration
testing...
no interpolation path defined
executed snippet estimated_duration=4.0, duration=7.70092010498e-05
calculate duration
testing...
no interpolation path defined
executed snippet estimated_duration=38.0, duration=0.0001540184021
executed snippet estimated_duration=108.0, duration=0.0141639709473
script duration name:cocktail_x1 seconds:108.0
Script duration 664.0
Run total estimated duration= 665.000
script duration name:unknown400_120 seconds:556.0
cocktail_x1 in script context. using previous estimated duration
script duration name:cocktail_x1 seconds:108.0
Script duration 664.0
Run total estimated duration= 665.000
script duration name:unknown120_60 seconds:214.0
script duration name:co2 seconds:0.0
Script duration 214.0
Run total estimated duration= 215.000
script duration name:unknown400_120 seconds:556.0
sniffair_x2 in script context. using previous estimated duration
script duration name:sniffair_x2 seconds:250.0
Script duration 806.0
Run total estimated duration= 807.000
script duration name:unknown120_60 seconds:214.0
script duration name:co2 seconds:0.0
Script duration 214.0
Run total estimated duration= 215.000
script duration name:unknown120_60 seconds:214.0
script duration name:co2 seconds:0.0
Script duration 214.0
Run total estimated duration= 215.000
script duration name:unknown120_60 seconds:214.0
script duration name:co2 seconds:0.0
Script duration 214.0
Run total estimated duration= 215.000
script duration name:unknown120_60 seconds:214.0
script duration name:co2 seconds:0.0
Script duration 214.0
Run total estimated duration= 215.000
script duration name:unknown120_60 seconds:214.0
script duration name:co2 seconds:0.0
Script duration 214.0
Run total estimated duration= 215.000
script duration name:unknown120_60 seconds:214.0
script duration name:co2 seconds:0.0
Script duration 214.0
Run total estimated duration= 215.000
script duration name:unknown120_60 seconds:214.0
script duration name:co2 seconds:0.0
Script duration 214.0
Run total estimated duration= 215.000
script duration name:unknown120_60 seconds:214.0
script duration name:co2 seconds:0.0
Script duration 214.0
Run total estimated duration= 215.000
script duration name:unknown120_60 seconds:214.0
script duration name:co2 seconds:0.0
Script duration 214.0
Run total estimated duration= 215.000
script duration name:unknown120_60 seconds:214.0
script duration name:co2 seconds:0.0
Script duration 214.0
Run total estimated duration= 215.000
script duration name:unknown120_60 seconds:214.0
script duration name:co2 seconds:0.0
Script duration 214.0
Run total estimated duration= 215.000
script duration name:unknown400_120 seconds:556.0
script duration name:cocktail_x1 seconds:108.0
Script duration 664.0
Run total estimated duration= 665.000
script duration name:unknown400_120 seconds:556.0
script duration name:cocktail_x1 seconds:108.0
Script duration 664.0
Run total estimated duration= 665.000
script duration name:unknown120_60 seconds:214.0
script duration name:co2 seconds:0.0
Script duration 214.0
Run total estimated duration= 215.000
script duration name:unknown120_60 seconds:214.0
script duration name:co2 seconds:0.0
Script duration 214.0
Run total estimated duration= 215.000
script duration name:unknown120_60 seconds:214.0
script duration name:co2 seconds:0.0
Script duration 214.0
Run total estimated duration= 215.000
script duration name:unknown120_60 seconds:214.0
script duration name:co2 seconds:0.0
Script duration 214.0
Run total estimated duration= 215.000
ic_peak_hop3 in script context. using previous estimated duration
script duration name:ic_peak_hop3 seconds:134.0
air_x1 in script context. using previous estimated duration
script duration name:air_x1 seconds:106.0
Script duration 240.0
Run total estimated duration= 241.000
script duration name:unknown120_60 seconds:214.0
script duration name:co2 seconds:0.0
Script duration 214.0
Run total estimated duration= 215.000
nruns=34 before=5.0, run_dur=10688.0, btw=990.0
write rem/ex queues
/Users/jan/PychronDev/experiments/rem/Load1786.rem.txt
/Users/jan/PychronDev/experiments/rem/Load1786.ex.txt
doing event level: 3
