do run
loading script "jan_unknown120_60.py"
loading script "jan_pump_ms.py"
loading script "jan_co2.py"
loading script "jan_pump_extraction_line.py"
testing...
no interpolation path defined
executed snippet estimated_duration=213.652928, duration=0.000443935394287
script duration name:unknown120_60 seconds:214.0
loading script "jan_unknown120_60.py"
loading script "jan_pump_ms.py"
loading script "jan_co2.py"
loading script "jan_pump_extraction_line.py"
testing...
no interpolation path defined
executed snippet estimated_duration=0, duration=2.59876251221e-05
loading script "jan_unknown120_60.py"
loading script "jan_pump_ms.py"
loading script "jan_co2.py"
loading script "jan_pump_extraction_line.py"
testing...
no interpolation path defined
calculate duration
testing...
no interpolation path defined
executed snippet estimated_duration=0, duration=7.60555267334e-05
calculate duration
testing...
no interpolation path defined
executed snippet estimated_duration=0, duration=0.000102996826172
executed snippet estimated_duration=0.0, duration=0.00481295585632
script duration name:co2 seconds:0.0
loading script "jan_unknown120_60.py"
loading script "jan_pump_ms.py"
loading script "jan_co2.py"
loading script "jan_pump_extraction_line.py"
testing...
no interpolation path defined
calculate duration
testing...
no interpolation path defined
executed snippet estimated_duration=4.0, duration=0.000154972076416
executed snippet estimated_duration=4.0, duration=0.00142502784729
Script duration 214.0
Run total estimated duration= 215.000
run duration: 0:03:35
doing event level: 2
20:58:07 -- Setting default integration. t=1.048576
setting integration time = 1.048576
SetIntegrationTime 1.048576 ===>> OK
----------------- start -----------------
**************** Experiment Type: Ar/Ar, Ar/Ar
$$$$$ Clearing conditionals
adding conditionals 
Add queue conditionals
add default conditionals
adding default conditionals from /Users/jan/PychronDev/setupfiles/spectrometer/default_conditionals.yaml
Start automated run 65555-17
loading script "jan_unknown120_60.py"
loading script "jan_pump_ms.py"
loading script "jan_co2.py"
loading script "jan_pump_extraction_line.py"
%%%%%%%%%%%%%%%%%% setting automated run 65555-17
No value "sensitivity_multiplier" in metadata
$$$$$$$$$$$$$$$ auto_save_detector_ic=False
============================= Pre Extraction Check =============================
loading queue conditionals pre_run_terminations
loading system conditionals pre_run_terminations
loading conditionals from /Users/jan/PychronDev/setupfiles/spectrometer/default_conditionals.yaml
20:58:07 -- ******* Pre Extraction Check *******
Get a measurement from the spectrometer
GetData ===>> H2,-0.0946456298594604,H1,-0.0296884265695628,AX,-0.0158101747428018,L1,0.0354238479746742,L2,-0....
Pre Extraction Termination data. keys=H2,H1,AX,L1,L2,CDD, signals=-0.09465,-0.02969,-0.01581,0.03542,-0.06665,0.00491
20:58:07 -- testing system defined conditionals
Checking default pre extraction terminations n=2
testing CDD
evaluate ot="CDD.inactive" t="CDD", ctx="{'CDD': False}"
GetDeflection CDD ===>> 50
testing CDD==2000
evaluate ot="CDD.deflection==2000" t="CDD==2000", ctx="{'CDD': 50.0}"
20:58:07 -- ******* Pre Extraction Check Passed *******
=================================================================================
20:58:07 -- stopping status monitor
stop 4984189200
Alive clients [4991693744]
20:58:07 -- starting status monitor
start 4984189200
Monitor already running
start extraction
do extraction
Analysis started at 20:58:07.170356
Extraction Started jan_co2.py
20:58:07 -- ******* Extraction Started jan_co2.py *******
state changed from not run to extraction
DO EXTRACTION <pychron.extraction_line.pyscript_runner.RemotePyScriptRunner object at 0x12c301530>
testing...
no interpolation path defined
calculate duration
testing...
no interpolation path defined
executed snippet estimated_duration=0, duration=4.29153442383e-05
calculate duration
testing...
no interpolation path defined
executed snippet estimated_duration=0, duration=0.000144004821777
executed snippet estimated_duration=100.0, duration=0.00212216377258
Jan CO2 laser analysis
doing GOSUB
testing...
no interpolation path defined
executed snippet estimated_duration=0, duration=3.69548797607e-05
Waiting for CO2 access
wait ('FelixCO2Flag', 0) {}
waiting for FelixCO2Flag = 0
Read FelixCO2Flag ===>> 0
finished waiting
CO2 free
wait ('CO2PumpTimeFlag', 0) {}
waiting for CO2PumpTimeFlag = 0
Read CO2PumpTimeFlag ===>> 0
finished waiting
acquire ('JanCO2Flag',) {'clear': True}
acquire JanCO2Flag
Set JanCO2Flag 1 ===>> OK
JanCO2Flag acquired
set extraction state False (0.75, 'red', 1.5)
CO2 acquired
executed snippet estimated_duration=0, duration=0.0160839557648
WaitForCO2Access.py completed successfully
gosub finished
doing GOSUB
testing...
no interpolation path defined
executed snippet estimated_duration=0, duration=9.58442687988e-05
Prepare for CO2 analysis
close () {'description': 'Jan Inlet'}
closing name=--- desc=Jan Inlet
checking ownership. requestor=129.138.12.150
check software interlocks R
interlocks []
actuate state mode=None-script, software_lock=False
doing actuation None-script close_channel False
Close R ===>> OK
GetIndicatorState R ===>> False
change switch state (True, True)
update switch state R False args=() kw={} ncanvase=2
20:58:07 -- CLOSE  VALVE-R (Jan Inlet)
---------------------------------------- close None (Jan Inlet) result=[(True, True)]
action=close, ok=True, locked=[False]
open () {'description': 'Jan Ion Pump'}
opening name=--- desc=Jan Ion Pump
checking ownership. requestor=129.138.12.150
check software interlocks O
interlocks []
actuate state mode=None-script, software_lock=False
doing actuation None-script open_channel False
Open O ===>> OK
GetIndicatorState O ===>> OK
change switch state (True, True)
update switch state O True args=() kw={} ncanvase=2
20:58:07 -- OPEN   VALVE-O (Jan Ion Pump)
---------------------------------------- open None (Jan Ion Pump) result=[(True, True)], time=0.10 sec
action=open, ok=True, locked=[False]
close () {'description': 'Microbone to Minibone'}
closing name=--- desc=Microbone to Minibone
checking ownership. requestor=129.138.12.150
check software interlocks L
interlocks []
actuate state mode=None-script, software_lock=False
doing actuation None-script close_channel False
Close L ===>> OK
GetIndicatorState L ===>> False
change switch state (True, True)
update switch state L False args=() kw={} ncanvase=2
20:58:08 -- CLOSE  VALVE-L (Microbone to Minibone)
---------------------------------------- close None (Microbone to Minibone) result=[(True, True)]
action=close, ok=True, locked=[False]
open () {'description': 'Microbone to Turbo'}
opening name=--- desc=Microbone to Turbo
checking ownership. requestor=129.138.12.150
check software interlocks U
interlocks []
actuate state mode=None-script, software_lock=False
doing actuation None-script open_channel False
Open U ===>> OK
GetIndicatorState U ===>> OK
change switch state (True, True)
update switch state U True args=() kw={} ncanvase=2
20:58:09 -- OPEN   VALVE-U (Microbone to Turbo)
---------------------------------------- open None (Microbone to Turbo) result=[(True, True)], time=0.13 sec
action=open, ok=True, locked=[False]
open () {'description': 'Microbone to Inlet Pipette'}
opening name=--- desc=Microbone to Inlet Pipette
checking ownership. requestor=129.138.12.150
check software interlocks S
interlocks []
actuate state mode=None-script, software_lock=False
doing actuation None-script open_channel False
Open S ===>> OK
GetIndicatorState S ===>> OK
change switch state (True, True)
update switch state S True args=() kw={} ncanvase=2
20:58:10 -- OPEN   VALVE-S (Microbone to Inlet Pipette)
---------------------------------------- open None (Microbone to Inlet Pipette) result=[(True, True)], time=0.40 sec
action=open, ok=True, locked=[False]
open () {'description': 'Microbone to Getter D-50'}
opening name=--- desc=Microbone to Getter D-50
checking ownership. requestor=129.138.12.150
check software interlocks K
interlocks []
actuate state mode=None-script, software_lock=False
doing actuation None-script open_channel False
Open K ===>> OK
GetIndicatorState K ===>> OK
change switch state (True, True)
update switch state K True args=() kw={} ncanvase=2
20:58:10 -- OPEN   VALVE-K (Microbone to Getter D-50)
---------------------------------------- open None (Microbone to Getter D-50) result=[(True, True)], time=0.40 sec
action=open, ok=True, locked=[False]
open () {'description': 'Microbone to Getter NP-10'}
opening name=--- desc=Microbone to Getter NP-10
checking ownership. requestor=129.138.12.150
check software interlocks M
interlocks []
actuate state mode=None-script, software_lock=False
doing actuation None-script open_channel False
Open M ===>> OK
GetIndicatorState M ===>> OK
change switch state (True, True)
update switch state M True args=() kw={} ncanvase=2
20:58:11 -- OPEN   VALVE-M (Microbone to Getter NP-10)
---------------------------------------- open None (Microbone to Getter NP-10) result=[(True, True)], time=0.13 sec
action=open, ok=True, locked=[False]
close () {'description': 'CO2 Laser to Felix'}
closing name=--- desc=CO2 Laser to Felix
checking ownership. requestor=129.138.12.150
check software interlocks F
interlocks []
actuate state mode=None-script, software_lock=True
VALVE-F(CO2 Laser to Felix) software locked
change switch state (True, False)
---------------------------------------- close None (CO2 Laser to Felix) result=[(True, False)]
action=close, ok=True, locked=[True]
open () {'description': 'CO2 Laser to Jan'}
opening name=--- desc=CO2 Laser to Jan
checking ownership. requestor=129.138.12.150
check software interlocks A
interlocks []
actuate state mode=None-script, software_lock=False
doing actuation None-script open_channel False
Open A ===>> OK
GetIndicatorState A ===>> OK
change switch state (True, True)
update switch state A True args=() kw={} ncanvase=2
20:58:11 -- OPEN   VALVE-A (CO2 Laser to Jan)
---------------------------------------- open None (CO2 Laser to Jan) result=[(True, True)], time=0.12 sec
action=open, ok=True, locked=[False]
open () {'description': 'Microbone to CO2 Laser'}
opening name=--- desc=Microbone to CO2 Laser
checking ownership. requestor=129.138.12.150
check software interlocks T
interlocks []
actuate state mode=None-script, software_lock=False
doing actuation None-script open_channel False
Open T ===>> OK
GetIndicatorState T ===>> OK
change switch state (True, True)
update switch state T True args=() kw={} ncanvase=2
20:58:12 -- OPEN   VALVE-T (Microbone to CO2 Laser)
---------------------------------------- open None (Microbone to CO2 Laser) result=[(True, True)], time=0.39 sec
action=open, ok=True, locked=[False]
executed snippet estimated_duration=0, duration=5.15823507309
PrepareForCO2Analysis.py completed successfully
gosub finished
set_motor ('beam', '1.25') {}
setting motor "beam" to 1.25
set motor beam to 1.25
SetMotor beam,1.25 ===>> OK
GetMotorMoving beam ===>> False
GetMotorMoving beam ===>> False
Block completed
move_to_position ('203',) {'autocenter': True}
FusionsCO2 move to position 203
sending GoToHole 203,True
GoToHole 203,True ===>> OK
GetDriveMoving ===>> OK
GetDriveMoving ===>> OK
GetDriveMoving ===>> OK
GetDriveMoving ===>> OK
GetDriveMoving ===>> OK
GetDriveMoving ===>> OK
GetDriveMoving ===>> False
GetDriveMoving ===>> False
Block completed
GetAutoCorrecting ===>> OK
GetAutoCorrecting ===>> OK
GetAutoCorrecting ===>> OK
GetAutoCorrecting ===>> OK
GetAutoCorrecting ===>> False
GetAutoCorrecting ===>> False
Block completed
update position
GetPosition ===>> 1.99390,-11.96340,1.00000
got position (1.9939, -11.9634, 1.0)
move to position succeeded
sleep (5,) {}
SLEEP 5.0
block started
WaitControl setup for 5.0  
Join finished
block finished. duration 5.04168796539
close () {'description': 'Microbone to Turbo'}
closing name=--- desc=Microbone to Turbo
checking ownership. requestor=129.138.12.150
check software interlocks U
interlocks []
actuate state mode=None-script, software_lock=False
doing actuation None-script close_channel True
Close U ===>> OK
GetIndicatorState U ===>> False
change switch state (True, True)
update switch state U False args=() kw={} ncanvase=2
20:58:24 -- CLOSE  VALVE-U (Microbone to Turbo)
---------------------------------------- close None (Microbone to Turbo) result=[(True, True)]
action=close, ok=True, locked=[False]
enable laser
enable () {}
set extraction state FusionsCO2 Enabled (False, 'red', 1.5)
enabling laser
Enable ===>> OK
begin interval
BEGIN INTERVAL Interval 1 waiting for 30.0
block started
WaitControl setup for 30.0  
set extract to 5.0
extract (5.0,) {}
GetPosition ===>> 1.99390,-11.96340,1.00000
set extraction state FusionsCO2 ON! 5.0(watts) (0.75, 'red', 1.5)
extract sample to 5.0 (watts)
set laser output
SetLaserOutput 5.0,watts ===>> OK
executing pattern triangle.lp
execute_pattern ('triangle.lp',) {}
executing pattern triangle.lp
IsPatterning ===>> OK
IsPatterning ===>> OK
IsPatterning ===>> OK
IsPatterning ===>> OK
IsPatterning ===>> OK
IsPatterning ===>> OK
IsPatterning ===>> OK
IsPatterning ===>> OK
IsPatterning ===>> OK
IsPatterning ===>> OK
IsPatterning ===>> OK
IsPatterning ===>> OK
IsPatterning ===>> OK
IsPatterning ===>> OK
IsPatterning ===>> OK
IsPatterning ===>> OK
IsPatterning ===>> OK
IsPatterning ===>> OK
IsPatterning ===>> OK
IsPatterning ===>> OK
IsPatterning ===>> OK
IsPatterning ===>> OK
IsPatterning ===>> OK
IsPatterning ===>> OK
IsPatterning ===>> OK
IsPatterning ===>> OK
IsPatterning ===>> False
IsPatterning ===>> False
Block completed
COMPLETE INTERVAL waiting for Interval 1 to complete
Join finished
block finished. duration 30.1022088528
Interval 1 finished
end_extract () {}
ending extraction. set laser power to 0
set laser power 0
SetLaserPower 0 ===>> OK
disable () {}
%%%%%%%%%%%%%%%%%%%%%%%%%%%%%%%%%%% disable
set extraction state False (0.75, 'red', 1.5)
disabling laser
Disable ===>> OK
sleep (30.0,) {}
SLEEP 30.0
block started
WaitControl setup for 30.0  
Join finished
block finished. duration 30.0875861645
executed snippet estimated_duration=166.5, duration=78.3510739803
jan_co2.py completed successfully
GetAchievedOutput ===>> No Response
Requested Output= 0.000
Achieved Output=  0.000
GetResponseBlob ===>> No Response
GetOutputBlob ===>> No Response
persistence save...
persistence save - db
AutomatedRunPersister post_extraction_save deprecated
persistence save - dvc
no extraction position for 203
create new session 4991427888
close session 4991427888
Extraction Finished
20:59:25 -- ******* Extraction Finished *******
no overlap. not waiting for min ms pumptime
20:59:25 -- Sending spectrometer configuration
======== Sending configuration ========
SetDeflection CDD,50.0 ===>> OK
SetDeflection H2,0.0 ===>> OK
SetDeflection H1,0.0 ===>> OK
SetDeflection L2,825.0 ===>> OK
SetDeflection L1,400.0 ===>> OK
SetDeflection AX,190.0 ===>> OK
SetZFocus 74.64 ===>> OK
SetZSymmetry -50.72 ===>> OK
SetExtractionLens 26.13 ===>> OK
SetIonRepeller -3.81 ===>> OK
SetElectronEnergy 75.08 ===>> OK
SetYSymmetry -2.81 ===>> OK
SetIonCounterVoltage 1590.0 ===>> OK
send trap current 200.0
GetParameter Trap Current Readback ===>> 198.147042666178
SetParameter Trap Current Set,200.0 ===>> OK
updating mftable name mftable
Using mftable located at /Users/jan/PychronDev/setupfiles/spectrometer/mftables/mftable.csv
============ MFtable ===========
Isotope  H2     H1     AX     L1     L2     CDD    
Ar40     5.7976 5.8795 5.9929 6.1376 6.2313 6.3658
Ar39     5.6969 5.7718 5.8853 6.0236 6.1165 6.2523
Ar36     5.3744 5.4408 5.5487 5.6825 5.7714 5.9034
================================
get initial guess parabolic
get initial guess parabolic
get initial guess parabolic
get initial guess parabolic
get initial guess parabolic
get initial guess parabolic
======== Configuration Finished ========
GetYSymmetry ===>> -2.81
GetZSymmetry ===>> -50.72
GetParameter Trap Current Readback ===>> 198.035158395898
GetHighVoltage ===>> 4500
start measurement
do measurement
L#=65555 analysis type=unknown
Measurement Started jan_unknown120_60.py
20:59:25 -- ******* Measurement Started jan_unknown120_60.py *******
state changed from extraction to measurement
setting spec, defl, and gains
GetExtractionLens ===>> 26.13
GetYSymmetry ===>> -2.81
GetZSymmetry ===>> -50.72
GetZFocus ===>> 74.64
GetDeflection H2 ===>> 0
GetDeflection H1 ===>> 0
GetDeflection AX ===>> 190
GetDeflection L1 ===>> 400
GetDeflection L2 ===>> 825
GetDeflection CDD ===>> 50
GetGain H2 ===>> 0.0113
GetGain H1 ===>> 0.1
GetGain AX ===>> 0.097049
GetGain L1 ===>> 0.010355
GetGain L2 ===>> 0.095649
GetGain CDD ===>> 0
pre measurement save
New frame /Users/jan/PychronDev/data/isotopes/98/1b247d-4149-4c8d-9103-985a959574b4.h5
flush and close file /Users/jan/PychronDev/data/isotopes/98/1b247d-4149-4c8d-9103-985a959574b4.h5
testing...
no interpolation path defined
executed snippet estimated_duration=226.132928, duration=0.000362157821655
unknown measurement script
activate_detectors ('H2', 'H1', 'AX', 'L1', 'L2', 'CDD') {}
activate detectors
*************** Set Analysis View Ar/Ar
create graphs
clearing graphs
clear isotope group
setting isotope det=H2, iso=PM41
setting isotope det=H1, iso=Ar40
setting isotope det=AX, iso=Ar39
setting isotope det=L1, iso=Ar38
setting isotope det=L2, iso=Ar37
setting isotope det=CDD, iso=Ar36
setting previous blanks
 - setting Ar40 blank 0.166+/-0.007
 - setting Ar36 blank 0.00460+/-0.00019
 - setting Ar37 blank 0.046+/-0.005
 - setting Ar38 blank 0.0069+/-0.0022
 - setting PM41 blank 0.03+/-0.06
 - setting Ar39 blank 0.027+/-0.009
load analysis view
position_magnet ('Ar40',) {'detector': 'H1'}
detector Detector(H1)
POSITION Ar40 H1
setting detector H2 to PM41 (40.9624)
setting detector H1 to Ar40 (39.9624)
setting detector AX to Ar39 (38.9624)
setting detector L1 to Ar38 (37.9624)
setting detector L2 to Ar37 (36.9624)
setting detector CDD to Ar36 (35.9624)
Mapping mass to dac mass func: "parabolic"
H1 map mass coeffs = [-0.00063987  0.15840543  0.57113999]
H1 map mass to dac 39.9624 >> 5.87953
GetDeflection H1 ===>> 0
GetHighVoltage ===>> 4500
positioning Ar40 (5.87953) on H1
setting magnet DAC
current  : 5.879529
requested: 5.879530
Delta Dac: 0.000001
Checking detector protection. dv=0.00000
Checking detector "CDD". Protection Threshold: 0.1 (V)
SetMagnetDAC 5.87953 ===>> OK
Magnet settling time: 0.500
equilibrate () {'delay': 3, 'inlet': 'R', 'outlet': 'O', 'eqtime': 12.0}
Equilibration Started
20:59:27 -- ******* Equilibration Started *******
checking ownership. requestor=129.138.12.150
check software interlocks O
interlocks []
actuate state mode=None-script, software_lock=False
doing actuation None-script close_channel True
Close O ===>> OK
GetIndicatorState O ===>> False
change switch state (True, True)
update switch state O False args=() kw={} ncanvase=2
20:59:27 -- CLOSE  VALVE-O (Jan Ion Pump)
waiting 3s before opening inlet value ('R',)
update labels <pychron.experiment.plot_panel.PlotPanel object at 0x1d23b0110>
update labels "<pychron.graph.stacked_regression_graph.StackedRegressionGraph object at 0x1d6534350>"
setting label 0 H2 PM41
setting label 1 H1 Ar40
setting label 2 AX Ar39
setting label 3 L1 Ar38
setting label 4 L2 Ar37
setting label 5 CDD Ar36
update labels "<pychron.graph.stacked_graph.StackedGraph object at 0x1deaefa10>"
setting label 0 H2 PM41
setting label 1 H1 Ar40
setting label 2 AX Ar39
setting label 3 L1 Ar38
setting label 4 L2 Ar37
setting label 5 CDD Ar36
checking ownership. requestor=129.138.12.150
check software interlocks R
interlocks []
actuate state mode=None-script, software_lock=False
doing actuation None-script open_channel True
Open R ===>> OK
set states for children of R. state=True
handle state [('R', True)]
update switch state R True args=() kw={'refresh': False} ncanvase=2
refresh_canvas_needed fired
GetIndicatorState R ===>> OK
change switch state (True, True)
update switch state R True args=() kw={} ncanvase=2
20:59:30 -- OPEN   VALVE-R (Jan Inlet)
equilibrating for 12.0sec
set_time_zero () {}
sniff (12.0,) {}
py_sniff
build tables- sniff [Detector(H2), Detector(H1), Detector(AX), Detector(L1), Detector(L2), Detector(CDD)]
add group /sniff/PM41 (Group) '' table H2
add group /sniff/Ar40 (Group) '' table H1
add group /sniff/Ar39 (Group) '' table AX
add group /sniff/Ar38 (Group) '' table L1
add group /sniff/Ar37 (Group) '' table L2
add group /sniff/Ar36 (Group) '' table CDD
flush and close file /Users/jan/PychronDev/data/isotopes/98/1b247d-4149-4c8d-9103-985a959574b4.h5
measuring sniff. ncounts=12.0
"sniff" increment series count="1" fit count="0" regressing="False"
starting measurement
GetData ===>> H2,-0.0116876494206184,H1,24.3612429788869,AX,6.57455406913504,L1,0.0206910631163034,L2,0.1986093...
GetData ===>> H2,1.01644130047146,H1,278.597942584647,AX,71.0758814433451,L1,0.500366587475043,L2,0.70406455068...
GetData ===>> H2,0.703118734792173,H1,429.478872952049,AX,105.289425426868,L1,0.981128547924608,L2,0.6939309493...
GetData ===>> H2,0.238616894598891,H1,477.535892053301,AX,114.833778435707,L1,1.21020066416797,L2,0.74507881587...
GetData ===>> H2,0.122564999600746,H1,495.365436577215,AX,117.945500154565,L1,1.36190959178778,L2,0.73077617600...
GetData ===>> H2,0.0886115323373412,H1,502.742409223783,AX,119.544740929257,L1,1.43953453586143,L2,0.6316430983...
GetData ===>> H2,-0.0393237081668588,H1,505.42209169273,AX,119.904524030013,L1,1.46947584326879,L2,0.7095893008...
GetData ===>> H2,-0.10444235874698,H1,506.844403120451,AX,120.092293570997,L1,1.486283541453,L2,0.7280989585512...
GetData ===>> H2,-0.114443484797179,H1,507.531106519992,AX,120.111820148131,L1,1.52910708452794,L2,0.5662228735...
GetData ===>> H2,-0.107001168144634,H1,507.714266232953,AX,120.320703683356,L1,1.54444663835041,L2,0.7744802913...
GetData ===>> H2,-0.147573132537638,H1,507.904005278836,AX,120.395540827458,L1,1.55536295055109,L2,0.7345747493...
Equilibration Finished
20:59:43 -- ******* Equilibration Finished *******
checking ownership. requestor=129.138.12.150
check software interlocks R
interlocks []
actuate state mode=None-script, software_lock=False
doing actuation None-script close_channel True
GetData ===>> H2,0.0430137319774831,H1,508.04613197842,AX,120.292059377689,L1,1.54194733078069,L2,0.62046262956...
Close R ===>> OK
GetIndicatorState R ===>> False
change switch state (True, True)
update switch state R False args=() kw={} ncanvase=2
20:59:43 -- CLOSE  VALVE-R (Jan Inlet)
Post Equilibration Started jan_pump_extraction_line.py
20:59:43 -- ******* Post Equilibration Started jan_pump_extraction_line.py *******
testing...
no interpolation path defined
calculate duration
testing...
no interpolation path defined
executed snippet estimated_duration=4.0, duration=0.00017786026001
executed snippet estimated_duration=4.0, duration=0.00174713134766
Pump after analysis
doing GOSUB
testing...
no interpolation path defined
executed snippet estimated_duration=4.0, duration=0.000143051147461
Pump Microbone
close () {'description': 'Jan Inlet'}
closing name=--- desc=Jan Inlet
checking ownership. requestor=129.138.12.150
check software interlocks R
interlocks []
actuate state mode=None-script, software_lock=False
doing actuation None-script close_channel False
Close R ===>> OK
measurement finished
estimated time: 12.583 actual time: :12.670
flush and close file /Users/jan/PychronDev/data/isotopes/98/1b247d-4149-4c8d-9103-985a959574b4.h5
set_fits () {}
using default fits file=/Users/jan/PychronDev/scripts/measurement/fits/nominal_linear.yaml
set "Ar40" to "('Linear', 'SEM')"
No fit for "PM41". defaulting to linear. check the measurement script "jan_unknown120_60.py"
set "PM41" to "linear"
set "Ar36" to "('Linear', 'SEM')"
set "Ar37" to "('linear', 'SEM')"
set "Ar38" to "('linear', 'SEM')"
set "Ar39" to "('Linear', 'SEM')"
set_baseline_fits () {}
using default fits file=/Users/jan/PychronDev/scripts/measurement/fits/nominal_linear.yaml
GetIndicatorState R ===>> False
change switch state (True, True)
update switch state R False args=() kw={} ncanvase=2
set "H1" to "('average', 'SEM')"
set "H2" to "('average', 'SEM')"
set "CDD" to "('average', 'SEM')"
set "L2" to "('average', 'SEM')"
20:59:44 -- CLOSE  VALVE-R (Jan Inlet)
set "L1" to "('average', 'SEM')"
---------------------------------------- close None (Jan Inlet) result=[(True, True)]
set "AX" to "('average', 'SEM')"
multicollect () {'integration_time': 1, 'ncounts': 120}
build tables- signal [Detector(H2), Detector(H1), Detector(AX), Detector(L1), Detector(L2), Detector(CDD)]
add group /signal/PM41 (Group) '' table H2
add group /signal/Ar40 (Group) '' table H1
add group /signal/Ar39 (Group) '' table AX
add group /signal/Ar38 (Group) '' table L1
add group /signal/Ar37 (Group) '' table L2
add group /signal/Ar36 (Group) '' table CDD
flush and close file /Users/jan/PychronDev/data/isotopes/98/1b247d-4149-4c8d-9103-985a959574b4.h5
measuring signal. ncounts=120
action=close, ok=True, locked=[False]
is_closed ('F',) {}
is F () closed?
is closed True
open () {'description': 'CO2 Laser to Jan'}
opening name=--- desc=CO2 Laser to Jan
checking ownership. requestor=129.138.12.150
check software interlocks A
interlocks []
actuate state mode=None-script, software_lock=False
doing actuation None-script open_channel False
Open A ===>> OK
GetIndicatorState A ===>> OK
change switch state (True, True)
update switch state A True args=() kw={} ncanvase=2
20:59:44 -- OPEN   VALVE-A (CO2 Laser to Jan)
---------------------------------------- open None (CO2 Laser to Jan) result=[(True, True)], time=0.12 sec
"signal" increment series count="2" fit count="1" regressing="True"
starting measurement
GetData ===>> H2,-0.033325964727109,H1,507.728568729635,AX,120.182969149425,L1,1.53025321638822,L2,0.6289343569...
action=open, ok=True, locked=[False]
sleep (1,) {}
SLEEP 1.0
GetData ===>> H2,0.162766268931847,H1,507.836617249228,AX,120.436446930786,L1,1.56192474254951,L2,0.67778344769...
close () {'description': 'CO2 Laser to Roughing'}
closing name=--- desc=CO2 Laser to Roughing
checking ownership. requestor=129.138.12.150
check software interlocks G
interlocks []
actuate state mode=None-script, software_lock=True
VALVE-G(CO2 Laser to Roughing) software locked
change switch state (True, False)
---------------------------------------- close None (CO2 Laser to Roughing) result=[(True, False)]
action=close, ok=True, locked=[True]
open () {'description': 'Microbone to Turbo'}
opening name=--- desc=Microbone to Turbo
checking ownership. requestor=129.138.12.150
check software interlocks U
interlocks []
actuate state mode=None-script, software_lock=False
doing actuation None-script open_channel True
Open U ===>> OK
GetIndicatorState U ===>> OK
change switch state (True, True)
update switch state U True args=() kw={} ncanvase=2
20:59:45 -- OPEN   VALVE-U (Microbone to Turbo)
---------------------------------------- open None (Microbone to Turbo) result=[(True, True)], time=0.16 sec
action=open, ok=True, locked=[False]
open () {'description': 'Microbone to Getter NP-10'}
opening name=--- desc=Microbone to Getter NP-10
checking ownership. requestor=129.138.12.150
check software interlocks M
interlocks []
actuate state mode=None-script, software_lock=False
doing actuation None-script open_channel False
Open M ===>> OK
GetIndicatorState M ===>> OK
change switch state (True, True)
update switch state M True args=() kw={} ncanvase=2
20:59:46 -- OPEN   VALVE-M (Microbone to Getter NP-10)
---------------------------------------- open None (Microbone to Getter NP-10) result=[(True, True)], time=0.13 sec
action=open, ok=True, locked=[False]
open () {'description': 'Microbone to Getter D-50'}
opening name=--- desc=Microbone to Getter D-50
checking ownership. requestor=129.138.12.150
check software interlocks K
interlocks []
actuate state mode=None-script, software_lock=False
doing actuation None-script open_channel False
GetData ===>> H2,0.0736190573667072,H1,507.775952515355,AX,120.495675408616,L1,1.58493744911384,L2,0.6978424384...
Open K ===>> OK
GetIndicatorState K ===>> OK
change switch state (True, True)
update switch state K True args=() kw={} ncanvase=2
20:59:47 -- OPEN   VALVE-K (Microbone to Getter D-50)
---------------------------------------- open None (Microbone to Getter D-50) result=[(True, True)], time=0.42 sec
action=open, ok=True, locked=[False]
open () {'description': 'Microbone to CO2 Laser'}
opening name=--- desc=Microbone to CO2 Laser
checking ownership. requestor=129.138.12.150
check software interlocks T
interlocks []
actuate state mode=None-script, software_lock=False
doing actuation None-script open_channel False
Open T ===>> OK
GetIndicatorState T ===>> OK
change switch state (True, True)
update switch state T True args=() kw={} ncanvase=2
20:59:47 -- OPEN   VALVE-T (Microbone to CO2 Laser)
---------------------------------------- open None (Microbone to CO2 Laser) result=[(True, True)], time=0.40 sec
GetData ===>> H2,-0.0530212362826887,H1,507.512632627583,AX,120.163189802154,L1,1.57171529260848,L2,0.694994584...
action=open, ok=True, locked=[False]
open () {'description': 'Microbone to Inlet Pipette'}
opening name=--- desc=Microbone to Inlet Pipette
checking ownership. requestor=129.138.12.150
check software interlocks S
interlocks []
actuate state mode=None-script, software_lock=False
doing actuation None-script open_channel False
Open S ===>> OK
GetIndicatorState S ===>> OK
change switch state (True, True)
update switch state S True args=() kw={} ncanvase=2
20:59:48 -- OPEN   VALVE-S (Microbone to Inlet Pipette)
---------------------------------------- open None (Microbone to Inlet Pipette) result=[(True, True)], time=0.40 sec
action=open, ok=True, locked=[False]
sleep (1,) {}
SLEEP 1.0
GetData ===>> H2,-0.146447917293935,H1,507.08923629353,AX,120.14241853316,L1,1.56130007006981,L2,0.665594569323...
set_resource () {'name': 'CO2PumpTimeFlag', 'value': 30}
Set CO2PumpTimeFlag 30 ===>> OK
release ('JanCO2Flag',) {}
release JanCO2Flag
Set JanCO2Flag 0 ===>> OK
executed snippet estimated_duration=6.0, duration=5.89830112457
PumpMicrobone.py completed successfully
gosub finished
get_resource_value () {'name': 'JanMiniboneFlag'}
Read JanMiniboneFlag ===>> 0
Get Resource Value JanMiniboneFlag=0.0
get resource value 0.0
get_resource_value () {'name': 'JanMiniboneFlag'}
Read JanMiniboneFlag ===>> 0
Get Resource Value JanMiniboneFlag=0.0
executed snippet estimated_duration=4.0, duration=5.91422796249
jan_pump_extraction_line.py completed successfully
Post Equilibration Finished
20:59:49 -- ******* Post Equilibration Finished *******
GetData ===>> H2,-0.253045006311022,H1,507.259948244347,AX,120.150467778267,L1,1.55135929832254,L2,0.6724206078...
GetData ===>> H2,-0.136375444315002,H1,506.927111366441,AX,119.858755388225,L1,1.56119402158399,L2,0.7222070548...
GetData ===>> H2,-0.207821985741155,H1,506.775843839773,AX,119.89234024882,L1,1.54765936657173,L2,0.59252126617...
GetData ===>> H2,-0.209146405348128,H1,506.545747275821,AX,119.84932967666,L1,1.55665430784501,L2,0.69640134500...
GetData ===>> H2,-0.128742574949654,H1,506.640062773539,AX,119.698605870479,L1,1.55934221998231,L2,0.5464237978...
GetData ===>> H2,-0.0599323595992139,H1,505.97591048367,AX,119.517443444539,L1,1.55316709127715,L2,0.7420464782...
GetData ===>> H2,-0.122187679790595,H1,505.871088455931,AX,119.776548193844,L1,1.53992659538383,L2,0.6554993251...
GetData ===>> H2,-0.151526034792694,H1,505.608467806458,AX,119.727136520908,L1,1.50987576658812,L2,0.6452908319...
GetData ===>> H2,-0.110700729229203,H1,505.553873699781,AX,119.716308126608,L1,1.51292716636528,L2,0.6224530330...
GetData ===>> H2,-0.167191021325905,H1,505.660840660522,AX,119.584572311276,L1,1.53599086054431,L2,0.6327289022...
GetData ===>> H2,-0.125342560403181,H1,505.360574133232,AX,119.706754280442,L1,1.49883050312127,L2,0.6554421637...
GetData ===>> H2,-0.0663456586264028,H1,505.147730925286,AX,119.477703940824,L1,1.50949536917919,L2,0.678046451...
GetData ===>> H2,-0.0238871798074992,H1,504.84883117524,AX,119.445590236884,L1,1.53865543058573,L2,0.7092003846...
GetData ===>> H2,-0.0440132695154141,H1,504.751012484938,AX,119.367039402299,L1,1.54563704888907,L2,0.741531562...
GetData ===>> H2,-0.0887602840223873,H1,504.690427658081,AX,119.474484788635,L1,1.56477437771647,L2,0.610728549...
GetData ===>> H2,-0.156651889045796,H1,504.067446182474,AX,119.446432295642,L1,1.52683712040636,L2,0.5909317238...
GetData ===>> H2,-0.180156171764937,H1,504.226202642909,AX,119.375161501625,L1,1.52015671483485,L2,0.5520476001...
GetData ===>> H2,-0.161682998699847,H1,503.908423543053,AX,119.27854698011,L1,1.54501403814759,L2,0.63483196784...
GetData ===>> H2,-0.137086608632976,H1,504.009909089609,AX,119.066318760102,L1,1.53519794484803,L2,0.6923869844...
21:00:09 -- collecting point 25
GetData ===>> H2,-0.146412794733084,H1,503.65785160668,AX,119.145830359088,L1,1.56337210330401,L2,0.62894578607...
GetData ===>> H2,-0.13722856575415,H1,503.409461463512,AX,119.246760967061,L1,1.5469476878781,L2,0.553933705212...
GetData ===>> H2,-0.119214555262617,H1,503.452731168366,AX,119.162884495573,L1,1.52264681994054,L2,0.7102756273...
GetData ===>> H2,-0.124606995821409,H1,503.627904447639,AX,119.205041596801,L1,1.48634541587316,L2,0.6494975598...
GetData ===>> H2,-0.249896902068534,H1,503.184351784199,AX,118.957651873578,L1,1.47770962497068,L2,0.6714715650...
GetData ===>> H2,-0.175665774281585,H1,502.905376118529,AX,118.896182720514,L1,1.54856227118509,L2,0.6175342949...
GetData ===>> H2,-0.0719726342386225,H1,502.611598036347,AX,119.010919711519,L1,1.54840209377991,L2,0.639575464...
GetData ===>> H2,-0.187323350293205,H1,502.287398184824,AX,118.80574994391,L1,1.49872864373669,L2,0.58267567584...
GetData ===>> H2,-0.27794586039933,H1,501.851135799798,AX,118.638579354491,L1,1.49261110326693,L2,0.59353904451...
GetData ===>> H2,-0.159167047731216,H1,501.86477684774,AX,118.842143235854,L1,1.51598845802386,L2,0.62531139198...
GetData ===>> H2,-0.214282284855473,H1,501.92179939687,AX,118.899638553306,L1,1.53596503175743,L2,0.60802926215...
GetData ===>> H2,-0.152914591551439,H1,501.589222827435,AX,118.738086116833,L1,1.51751233118701,L2,0.6174427859...
GetData ===>> H2,-0.100962481659301,H1,501.284569407641,AX,118.61389780882,L1,1.52101766620817,L2,0.61355373342...
GetData ===>> H2,-0.128779070574175,H1,501.100114715829,AX,118.519284786223,L1,1.53547042236435,L2,0.6712886181...
GetData ===>> H2,-0.162011125041311,H1,501.027225118409,AX,118.510921684984,L1,1.52924260055619,L2,0.6450393485...
GetData ===>> H2,-0.226661122222888,H1,500.649571519285,AX,118.52789751705,L1,1.54149767165227,L2,0.69848293140...
GetData ===>> H2,-0.139709148687346,H1,500.667573932589,AX,118.459576806633,L1,1.57939401196155,L2,0.6144573521...
GetData ===>> H2,-0.085851181545064,H1,500.504214649312,AX,118.287169816056,L1,1.52282240105572,L2,0.6890360939...
GetData ===>> H2,-0.042336321742969,H1,499.915406520123,AX,118.332406237535,L1,1.54349156087512,L2,0.6085210758...
GetData ===>> H2,-0.225958257787534,H1,500.148320535475,AX,118.386647875631,L1,1.54004286789764,L2,0.6950288951...
GetData ===>> H2,-0.208445816130744,H1,500.036469254974,AX,118.383812747605,L1,1.48281656162357,L2,0.5632618973...
GetData ===>> H2,-0.200164797816456,H1,499.714805158892,AX,118.187155149732,L1,1.49322966062443,L2,0.6060734696...
GetData ===>> H2,-0.172423861756699,H1,499.366442362296,AX,118.410991055048,L1,1.52499803553906,L2,0.6247971020...
GetData ===>> H2,-0.12692845934068,H1,499.593992064019,AX,118.270011378171,L1,1.49545160417754,L2,0.56295322944...
GetData ===>> H2,-0.100971957684244,H1,499.607326548905,AX,118.231281257112,L1,1.50056096981689,L2,0.6893448742...
21:00:36 -- collecting point 50
GetData ===>> H2,-0.104389579773975,H1,499.320456366536,AX,118.018716255047,L1,1.48217999542893,L2,0.6638681272...
GetData ===>> H2,-0.205733318208671,H1,498.767116362529,AX,117.878734338074,L1,1.51024070276721,L2,0.6120782223...
GetData ===>> H2,-0.193874117220388,H1,498.747204813105,AX,117.90618981766,L1,1.53603218673133,L2,0.62559710980...
GetData ===>> H2,-0.163500402130873,H1,498.306092263158,AX,117.832104604697,L1,1.53406678443203,L2,0.7159494482...
GetData ===>> H2,-0.220154589544722,H1,498.233602437842,AX,117.889313626041,L1,1.47884443443107,L2,0.6620616847...
GetData ===>> H2,-0.149312741378964,H1,498.22511049974,AX,117.903842688538,L1,1.47945632778692,L2,0.67491331919...
GetData ===>> H2,-0.187692850264881,H1,498.199760795221,AX,117.87893921185,L1,1.505618561738,L2,0.5304343405127...
GetData ===>> H2,-0.154310479858603,H1,497.671910274157,AX,117.781542713881,L1,1.51389848122328,L2,0.6004121898...
GetData ===>> H2,-0.200783657690863,H1,497.807888347345,AX,117.662112768552,L1,1.51228354091081,L2,0.6380095131...
GetData ===>> H2,-0.215541316998475,H1,497.636431712866,AX,117.717636528601,L1,1.49453390163345,L2,0.7225273820...
GetData ===>> H2,-0.0152224379987105,H1,497.048487210009,AX,117.66053091911,L1,1.49785965455847,L2,0.5982049530...
GetData ===>> H2,-0.174510157038105,H1,496.707680771605,AX,117.732344417776,L1,1.47497678175066,L2,0.6708998571...
GetData ===>> H2,-0.217915292873441,H1,496.983792717495,AX,117.644806345975,L1,1.50067961105392,L2,0.6489717087...
GetData ===>> H2,-0.20876243394072,H1,496.752975934385,AX,117.427387012681,L1,1.54062812515419,L2,0.47711351315...
GetData ===>> H2,-0.0445132362400749,H1,496.444169872094,AX,117.399068278981,L1,1.52082533380275,L2,0.647839995...
GetData ===>> H2,-0.0914987579062975,H1,496.140155299733,AX,117.305664453692,L1,1.50002710034761,L2,0.651600992...
GetData ===>> H2,-0.104516790215271,H1,496.059897457327,AX,117.50533033124,L1,1.47826606602841,L2,0.63050016015...
GetData ===>> H2,-0.0828619904319676,H1,495.898647190685,AX,117.271481811717,L1,1.47637788931824,L2,0.522149215...
GetData ===>> H2,-0.186771774974976,H1,495.633662574306,AX,117.14010960826,L1,1.50628766781512,L2,0.53430859622...
GetData ===>> H2,-0.270146297477588,H1,495.319381708634,AX,117.150571038789,L1,1.45549909706802,L2,0.6136452387...
GetData ===>> H2,-0.166097729835236,H1,495.249544153514,AX,117.253157498166,L1,1.44694304104581,L2,0.5974844670...
GetData ===>> H2,-0.179010459559021,H1,494.899104362659,AX,117.192460955763,L1,1.45474520244262,L2,0.7177683448...
GetData ===>> H2,-0.197667441942932,H1,495.008852326053,AX,117.137471134496,L1,1.46407352625301,L2,0.6258485421...
GetData ===>> H2,-0.221150139159384,H1,495.076793426717,AX,116.979251487999,L1,1.49309821422625,L2,0.6426388590...
GetData ===>> H2,-0.224604918654417,H1,494.803210146208,AX,117.013930792276,L1,1.48290547769873,L2,0.5846309914...
21:01:02 -- collecting point 75
GetData ===>> H2,-0.175032629438191,H1,494.464841018309,AX,117.076575678402,L1,1.47174900186794,L2,0.5563914129...
GetData ===>> H2,-0.164799140406643,H1,494.316700545094,AX,117.028012755538,L1,1.50797907032262,L2,0.6880182698...
GetData ===>> H2,-0.167791611875541,H1,494.223956577523,AX,116.864736456764,L1,1.48118914004176,L2,0.5820353472...
GetData ===>> H2,-0.288030589566406,H1,493.873328541989,AX,116.668353350557,L1,1.48460404399823,L2,0.6197419764...
GetData ===>> H2,-0.272656287390191,H1,493.766736104262,AX,116.865181877456,L1,1.48770771078483,L2,0.6741929418...
GetData ===>> H2,-0.299939210290504,H1,493.700613133843,AX,116.940049206976,L1,1.47739921543876,L2,0.6763998292...
GetData ===>> H2,-0.140676902061359,H1,493.614031902477,AX,116.93763536708,L1,1.46516158305277,L2,0.62154933897...
GetData ===>> H2,-0.102010211404085,H1,493.326021825237,AX,116.828727814395,L1,1.4394625297101,L2,0.67435302523...
GetData ===>> H2,-0.158482255844759,H1,493.165827705457,AX,116.673779627871,L1,1.52204392704174,L2,0.5947398081...
GetData ===>> H2,-0.0540252712657295,H1,493.046520179004,AX,116.509690663205,L1,1.52840242850282,L2,0.605261427...
GetData ===>> H2,-0.0646232926862314,H1,493.220414553986,AX,116.613116525108,L1,1.50989639869416,L2,0.575632296...
GetData ===>> H2,-0.144699762425966,H1,492.532135805872,AX,116.647662757574,L1,1.5287211957899,L2,0.56454230827...
GetData ===>> H2,-0.189617021935587,H1,492.219781637956,AX,116.503832478039,L1,1.50590240383226,L2,0.6077776374...
GetData ===>> H2,-0.230523403322501,H1,492.653199225332,AX,116.57258735464,L1,1.51327930630435,L2,0.65808305777...
GetData ===>> H2,-0.186100138421873,H1,492.158144661368,AX,116.592841346194,L1,1.50448971799307,L2,0.6331632272...
GetData ===>> H2,-0.142954040603428,H1,492.12971272787,AX,116.401681215624,L1,1.47532961709696,L2,0.60035500690...
GetData ===>> H2,-0.135591219048833,H1,491.666409997832,AX,116.258257104469,L1,1.48852307098007,L2,0.6745702816...
GetData ===>> H2,-0.151928405359837,H1,491.769173707889,AX,116.471006742251,L1,1.50104585960034,L2,0.7056430182...
GetData ===>> H2,-0.267735213736902,H1,491.358406533377,AX,116.416437418151,L1,1.44982173836336,L2,0.6703281525...
GetData ===>> H2,-0.23103217288714,H1,491.176873467423,AX,116.200969814269,L1,1.44392781995711,L2,0.70618061824...
GetData ===>> H2,-0.269388353455505,H1,491.212931531821,AX,116.209620842684,L1,1.46634762541237,L2,0.5588034570...
GetData ===>> H2,-0.121495192590087,H1,490.897836517174,AX,116.05724827742,L1,1.49467180982607,L2,0.68239184151...
GetData ===>> H2,-0.142516216824344,H1,490.685438315311,AX,115.994466190364,L1,1.48816883901434,L2,0.6580716251...
GetData ===>> H2,-0.190270923115618,H1,490.310962737544,AX,116.405166222616,L1,1.46521180370475,L2,0.6011326978...
GetData ===>> H2,-0.169429914985568,H1,490.388167491232,AX,116.318805552231,L1,1.43384367457173,L2,0.5548139002...
21:01:28 -- collecting point 100
GetData ===>> H2,-0.0753347426824637,H1,490.129070165955,AX,115.878671399222,L1,1.47209786977586,L2,0.601658786...
GetData ===>> H2,-0.124954501941039,H1,490.112738367658,AX,115.763133096469,L1,1.48581820559543,L2,0.6284543348...
GetData ===>> H2,-0.18504135329499,H1,489.931133139089,AX,115.981694410013,L1,1.48454475722041,L2,0.66024384333...
GetData ===>> H2,-0.107194645363478,H1,489.560385975953,AX,115.709040126704,L1,1.48541604780069,L2,0.5566886283...
GetData ===>> H2,-0.0153596760548641,H1,489.213908782578,AX,115.728612907204,L1,1.45102924548289,L2,0.673666955...
GetData ===>> H2,-0.108822158919131,H1,488.858566938646,AX,115.765888733816,L1,1.49779519226673,L2,0.6457938005...
GetData ===>> H2,-0.163103460733405,H1,488.985083691102,AX,115.916524493539,L1,1.46258905274252,L2,0.5514989219...
GetData ===>> H2,-0.14473894350116,H1,488.905099136938,AX,115.751334343422,L1,1.44837522235738,L2,0.57975992837...
GetData ===>> H2,-0.0794262267406611,H1,488.7025443453,AX,115.543811008149,L1,1.49961704458364,L2,0.62692285162...
GetData ===>> H2,0.00356092691486525,H1,488.69273116966,AX,115.640314452815,L1,1.44699831920442,L2,0.5229034180...
GetData ===>> H2,-0.113012855518399,H1,488.262373046126,AX,115.404995045863,L1,1.44187628350331,L2,0.6006294853...
GetData ===>> H2,-0.214842470480965,H1,487.944561854395,AX,115.502546901953,L1,1.45112183946361,L2,0.5852484677...
GetData ===>> H2,-0.223457483301266,H1,487.84376171908,AX,115.477963742319,L1,1.48364260723403,L2,0.64875451025...
GetData ===>> H2,-0.104093200986615,H1,488.08712768141,AX,115.472123504337,L1,1.46125281482005,L2,0.53817157925...
GetData ===>> H2,0.0645053849566651,H1,487.849092150164,AX,115.596794072899,L1,1.49117180567238,L2,0.5933903795...
GetData ===>> H2,0.00361939655200654,H1,487.400365180435,AX,115.229359138041,L1,1.48751965854805,L2,0.602230625...
GetData ===>> H2,-0.160243451534297,H1,487.441709302614,AX,115.213573637898,L1,1.48849988453288,L2,0.6292886605...
GetData ===>> H2,-0.204653797538832,H1,487.202752102462,AX,115.353151035321,L1,1.46954405681028,L2,0.6826548582...
GetData ===>> H2,-0.0947187710635954,H1,486.964630570339,AX,115.25197859316,L1,1.4617316787692,L2,0.62653427023...
GetData ===>> H2,-0.0514295237376249,H1,486.561947099329,AX,115.106978869312,L1,1.45207740428914,L2,0.627917170...
GetData ===>> H2,-0.108757225188792,H1,486.462911329896,AX,115.263889755725,L1,1.45520062054651,L2,0.4869939654...
measurement finished
estimated time: 125.829 actual time: :126.258
flush and close file /Users/jan/PychronDev/data/isotopes/98/1b247d-4149-4c8d-9103-985a959574b4.h5
baselines () {'settling_time': 15.0, 'detector': 'H1', 'mass': 34.2, 'ncounts': 60}
%%%%%%%%%%%%%%%%%%%%%%%%%%%%%%%% Baseline
build tables- baseline [Detector(H2), Detector(H1), Detector(AX), Detector(L1), Detector(L2), Detector(CDD)]
add group baseline table H2
add group baseline table H1
add group baseline table AX
add group baseline table L1
add group baseline table L2
add group baseline table CDD
flush and close file /Users/jan/PychronDev/data/isotopes/98/1b247d-4149-4c8d-9103-985a959574b4.h5
detector Detector(H1)
POSITION 34.2 H1
Mapping mass to dac mass func: "parabolic"
H1 map mass coeffs = [-0.00063987  0.15840543  0.57113999]
H1 map mass to dac 34.2 >> 5.24018599104
GetDeflection H1 ===>> 0
GetHighVoltage ===>> 4500
positioning 34.2 (5.24018599104) on H1
setting magnet DAC
current  : 5.879530
requested: 5.240186
Delta Dac: 0.639344
Checking detector protection. dv=0.63934
Checking detector "CDD". Protection Threshold: 0.1 (V)
ProtectDetector CDD,On ===>> OK
GetDeflection CDD ===>> 2000
Protected = 2000
SetMagnetDAC 5.24018599104 ===>> OK
Magnet settling time: 0.500
GetMagnetMoving ===>> True
GetMagnetMoving ===>> True
GetMagnetMoving ===>> True
GetMagnetMoving ===>> True
GetMagnetMoving ===>> True
GetMagnetMoving ===>> True
GetMagnetMoving ===>> True
GetMagnetMoving ===>> True
GetMagnetMoving ===>> False
ProtectDetector CDD,Off ===>> OK
GetDeflection CDD ===>> 50
Delaying 15.0s for detectors to settle
Join finished
measuring baseline. ncounts=60
"baseline" increment series count="2" fit count="1" regressing="True"
starting measurement
GetData ===>> H2,-0.161795075843716,H1,-0.0455594039614702,AX,-0.066124777292694,L1,-0.0366087879866495,L2,-0.0...
GetData ===>> H2,-0.187204676210412,H1,0.00851478471359819,AX,-0.0830141683215825,L1,-0.0460098698258485,L2,0.0...
GetData ===>> H2,-0.320620851554917,H1,0.0570800264840134,AX,-0.0980695682763637,L1,-0.0336992379729257,L2,-0.0...
GetData ===>> H2,-0.223985425774366,H1,-0.0208873558769749,AX,-0.0423216403692168,L1,-0.0195980846019209,L2,-0....
GetData ===>> H2,-0.162636294201823,H1,-0.0760661066531608,AX,-0.124431188826269,L1,0.0237624355024197,L2,-0.00...
GetData ===>> H2,-0.161279241727285,H1,0.00985090861009859,AX,-0.150466935627616,L1,-0.001368086429652,L2,-0.07...
GetData ===>> H2,-0.167039856442041,H1,0.0501935453879778,AX,-0.0436435454208939,L1,-0.0277419987776494,L2,-0.0...
GetData ===>> H2,-0.187768367022778,H1,-0.0348279893104706,AX,-0.0158913669824102,L1,-0.0155986214638504,L2,-0....
GetData ===>> H2,-0.177925367268352,H1,0.0355986356089356,AX,-0.028974031694173,L1,-0.00837602947420841,L2,0.06...
GetData ===>> H2,-0.157825789276661,H1,0.0167823375428757,AX,-0.139463725186779,L1,-0.0170199021521741,L2,-0.06...
GetData ===>> H2,-0.170029037515861,H1,-0.0491362864759147,AX,-0.209091086749901,L1,-0.0652730688333725,L2,0.02...
GetData ===>> H2,-0.0376392828506463,H1,-0.052164613731631,AX,-0.0988808015851852,L1,-0.0167200706145907,L2,-0....
GetData ===>> H2,-0.127689558053233,H1,-0.0270768074825732,AX,-0.0960994020791041,L1,-0.0611846130343821,L2,-0....
GetData ===>> H2,-0.186158132708211,H1,-0.0620835322054923,AX,-0.0747726972059772,L1,-0.0538497505803864,L2,-0....
GetData ===>> H2,-0.18568068252852,H1,0.0283914681967314,AX,-0.141724760445383,L1,-0.0027575870844756,L2,-0.004...
GetData ===>> H2,-0.259628845563396,H1,0.0688848194039472,AX,-0.150432153994088,L1,0.00680707053389021,L2,-0.01...
GetData ===>> H2,-0.283609976320673,H1,-0.00250755700845746,AX,0.0271500166359663,L1,-0.0305210457272113,L2,0.0...
GetData ===>> H2,-0.18436961406382,H1,-0.0225212174722376,AX,-0.028046241068085,L1,-0.0359905234036936,L2,0.052...
GetData ===>> H2,-0.146487092329635,H1,-0.033814407342425,AX,-0.0857727608019568,L1,-0.047806451244177,L2,-0.02...
GetData ===>> H2,-0.091962105844782,H1,-0.0239046122776586,AX,-0.0786443050343022,L1,-0.018606461911746,L2,0.01...
GetData ===>> H2,-0.158418772055493,H1,0.00419636337423159,AX,-0.0377876015456059,L1,0.0132436277041535,L2,-0.1...
GetData ===>> H2,-0.202773487447109,H1,0.0800299753080271,AX,0.00815609508401658,L1,0.00118463072384493,L2,-0.0...
GetData ===>> H2,-0.251590075372574,H1,0.0185242178606384,AX,-0.0234883411695255,L1,0.00486302534832687,L2,0.09...
GetData ===>> H2,-0.243742048321529,H1,-0.0835155296645461,AX,-0.0750277180298539,L1,0.0113937316265013,L2,-0.0...
21:02:34 -- collecting point 25
GetData ===>> H2,-0.313045155015771,H1,-0.0453924796552261,AX,-0.110747212803565,L1,-0.00444920727630118,L2,0.0...
GetData ===>> H2,-0.242556433192197,H1,-0.0350664776934682,AX,-0.0489657709178939,L1,0.0163511609930291,L2,0.05...
GetData ===>> H2,-0.209842909678685,H1,0.0293340980187075,AX,-0.175031256112477,L1,0.0351978691261315,L2,-0.003...
GetData ===>> H2,-0.132144041468745,H1,-0.00820911462497946,AX,-0.0934338196026283,L1,0.0182680310019481,L2,0.0...
GetData ===>> H2,-0.222953760093262,H1,-0.0245366742299911,AX,-0.037416519963009,L1,-0.00968183219729011,L2,0.0...
GetData ===>> H2,-0.225507162751523,H1,0.0843952658276638,AX,-0.0187794468800069,L1,-0.0278462268997639,L2,-0.0...
GetData ===>> H2,-0.294699196266354,H1,0.0762492627050861,AX,-0.158420009238636,L1,-0.0212633591474261,L2,-0.02...
GetData ===>> H2,-0.239747333892551,H1,0.0191207591832444,AX,-0.105729658892203,L1,-0.0122473790000562,L2,-0.07...
GetData ===>> H2,-0.21199816386312,H1,0.0350616598842947,AX,-0.0208671621154524,L1,0.0107215627982965,L2,-0.150...
GetData ===>> H2,-0.204699621983343,H1,0.0129288333014844,AX,-0.0549949557798402,L1,0.0311503395939968,L2,-0.04...
GetData ===>> H2,-0.270323681276029,H1,-0.0588409170253044,AX,-0.0841384780605217,L1,-0.0137252686397593,L2,-0....
GetData ===>> H2,-0.28836901538131,H1,-0.0823236592517372,AX,-0.247748848869932,L1,-0.0589482960893851,L2,0.032...
GetData ===>> H2,-0.313821730848302,H1,0.0180231258967158,AX,0.0296681207290358,L1,-0.0513938649402999,L2,-0.01...
GetData ===>> H2,-0.369579927664985,H1,0.0314580306520764,AX,-0.0364308276385632,L1,-0.0266601189533015,L2,-0.0...
GetData ===>> H2,-0.30206806625402,H1,-0.106444352404034,AX,-0.176827836443624,L1,-0.0171626188254625,L2,-0.158...
GetData ===>> H2,-0.157416491494137,H1,-0.0509723698437046,AX,-0.046716325502015,L1,-0.0328491041125253,L2,-0.0...
GetData ===>> H2,-0.170489152901853,H1,-0.0115130067106726,AX,-0.109252402789856,L1,-0.0229151734137609,L2,-0.0...
GetData ===>> H2,-0.18209781500134,H1,-0.0340171245572616,AX,-0.0726165853451668,L1,0.0140168192324093,L2,-0.08...
GetData ===>> H2,-0.133288258111976,H1,0.0390592149210669,AX,0.0121587819523883,L1,0.00362513880287589,L2,-0.01...
GetData ===>> H2,-0.218097201756594,H1,0.0243824075945255,AX,0.0290763023913692,L1,-0.0224812687930781,L2,-0.00...
GetData ===>> H2,-0.186805490618958,H1,-0.0027461224145096,AX,-0.110654512075392,L1,-0.00159848321852715,L2,-0....
GetData ===>> H2,-0.24277714736851,H1,-0.0125029603619485,AX,-0.0751668200156728,L1,0.0253618788553062,L2,-0.00...
GetData ===>> H2,-0.172719300760322,H1,-0.0320853320585844,AX,-0.110144656491464,L1,-0.00885808105814156,L2,-0....
GetData ===>> H2,-0.209238017652246,H1,-0.06883069611876,AX,-0.0289276423729346,L1,0.000746530303347632,L2,0.02...
GetData ===>> H2,-0.18107778543317,H1,-0.0353049655082092,AX,-0.0159841580304206,L1,-0.0322623500835554,L2,-0.0...
21:03:00 -- collecting point 50
GetData ===>> H2,-0.276034754547126,H1,0.0615558963975583,AX,-0.102067724099763,L1,-0.0336812781417284,L2,-0.08...
GetData ===>> H2,-0.343498795060463,H1,-0.00909175351087019,AX,-0.113296448213558,L1,0.000392463067519234,L2,-0...
GetData ===>> H2,-0.248916386158609,H1,-0.0144470577132292,AX,0.0308517681973322,L1,-0.00315952258813102,L2,0.0...
GetData ===>> H2,-0.220296046458337,H1,0.0238096977568382,AX,0.115342152052393,L1,0.00189883528122868,L2,0.0107...
GetData ===>> H2,-0.211658738583382,H1,-0.00860272481937303,AX,-0.0343666396036628,L1,-0.00179407635506194,L2,-...
GetData ===>> H2,-0.189034546184475,H1,0.0318398660162924,AX,-0.137631668328924,L1,-0.00277558453971406,L2,-0.0...
GetData ===>> H2,-0.154063205299755,H1,-0.0302489021493322,AX,-0.104373832016084,L1,-0.00562237691613623,L2,-0....
GetData ===>> H2,-0.174067319181517,H1,-0.0746715130350182,AX,-0.011228502908148,L1,0.0307166003957632,L2,-0.08...
GetData ===>> H2,-0.150729352951239,H1,-0.000861440209942543,AX,-0.072848427622641,L1,-0.00118808527028897,L2,-...
GetData ===>> H2,-0.211004103911759,H1,-0.0552763033650592,AX,-0.188278807232831,L1,-0.000847274261825202,L2,-0...
GetData ===>> H2,-0.251220261738837,H1,-0.0327769657568087,AX,-0.0462757063925863,L1,-0.0213400822171041,L2,-0....
measurement finished
estimated time: 62.915 actual time: :63.141
flush and close file /Users/jan/PychronDev/data/isotopes/98/1b247d-4149-4c8d-9103-985a959574b4.h5
activate_detectors ('H1', 'AX', 'CDD') {'peak_center': True}
peak_center () {'detector': 'H1', 'integration_time': 0.262144, 'isotope': 'Ar40'}
peak center: mean=487.375885899 threshold=3
peak center started
setup peak center. detector=['H1', 'AX', 'CDD'], isotope=Ar40
VersionedUnpickler [<apptools.sweet_pickle.versioned_unpickler.VersionedUnpickler object at 0x1e0f21950>] using Updater [<apptools.sweet_pickle.updater.Updater object at 0x1373f1ad0>]
VersionedUnpickler [<apptools.sweet_pickle.versioned_unpickler.VersionedUnpickler object at 0x1e0f21950>] using Updater [<apptools.sweet_pickle.updater.Updater object at 0x1373f1ad0>]
VersionedUnpickler [<apptools.sweet_pickle.versioned_unpickler.VersionedUnpickler object at 0x1a764edd0>] using Updater [<apptools.sweet_pickle.updater.Updater object at 0x1373f1ad0>]
setting integration time = 0.524288
SetIntegrationTime 0.524288 ===>> OK
Mapping mass to dac mass func: "parabolic"
H1 map mass coeffs = [-0.00063987  0.15840543  0.57113999]
H1 map mass to dac 39.9624 >> 5.87953
GetDeflection H1 ===>> 0
GetHighVoltage ===>> 4500
do peak center. <pychron.spectrometer.jobs.peak_center.PeakCenter object at 0x1376ecfb0>
doing pc
starting peak center. center dac= 5.87953 step_width=0.001
width = 0.001
get scan parameters. half-width=0.015,window=0.015, i=0, scalar=1
Scan parameters center=5.87953 width=0.03000 (5.86453 - 5.89453)
GetData ===>> H2,-0.330944604696194,H1,-0.0513181220335167,AX,-0.00752821051124331,L1,0.000550891613817586,L2,0...
Moving to starting dac 5.86453
setting magnet DAC
current  : 5.240186
requested: 5.864530
Delta Dac: 0.624344
Checking detector protection. dv=0.62434
Checking detector "CDD". Protection Threshold: 0.1 (V)
ProtectDetector CDD,On ===>> OK
GetDeflection CDD ===>> 2000
Protected = 2000
SetMagnetDAC 5.86453 ===>> OK
Magnet settling time: 0.500
GetMagnetMoving ===>> True
GetMagnetMoving ===>> True
GetMagnetMoving ===>> True
GetMagnetMoving ===>> True
GetMagnetMoving ===>> True
GetMagnetMoving ===>> True
GetMagnetMoving ===>> True
GetMagnetMoving ===>> True
GetMagnetMoving ===>> False
ProtectDetector CDD,Off ===>> OK
GetDeflection CDD ===>> 50
Wait until signal near baseline. tol= -0.0384885915251. timeout= 10
GetData ===>> H2,3.01478735316422,H1,1.39376736093542,AX,0.101359110032207,L1,0.0291752350138516,L2,-0.14566701...
GetData ===>> H2,31.5546182818059,H1,17.6617601430575,AX,1.56826310494165,L1,0.0258386196281607,L2,-0.143776065...
GetData ===>> H2,31.2226316391723,H1,16.3292233443663,AX,2.37501446607911,L1,0.0210602228324997,L2,-0.257735738...
GetData ===>> H2,16.1245900324522,H1,7.90209389630323,AX,1.20080144822346,L1,0.00645813810465564,L2,0.006035186...
GetData ===>> H2,6.56458890773753,H1,3.91160163584405,AX,0.51033917267229,L1,-0.00623050001417527,L2,0.03412089...
GetData ===>> H2,2.22829292057459,H1,2.08171681369154,AX,0.138062584629462,L1,0.00826336085080916,L2,-0.0114316...
GetData ===>> H2,0.607962605804643,H1,1.37938784074276,AX,0.0555861006142004,L1,0.00798044932405148,L2,-0.06328...
GetData ===>> H2,0.19554711898647,H1,0.878081275246356,AX,0.11663701886203,L1,-0.02133182699334,L2,-0.020448481...
GetData ===>> H2,0.0501563497579935,H1,0.617249039467471,AX,0.0094090924070591,L1,-0.00615373699410339,L2,-0.05...
GetData ===>> H2,-0.0296046368757467,H1,0.514474020127387,AX,0.0323603593589525,L1,0.00292041588091698,L2,-0.06...
GetData ===>> H2,-0.0699345501856824,H1,0.501550938372586,AX,-0.00933777546558917,L1,-0.00713242165748147,L2,0....
GetData ===>> H2,-0.046308496821688,H1,0.436381602959757,AX,0.104025036834064,L1,-0.0201820469649228,L2,0.05243...
GetData ===>> H2,0.0166901138928334,H1,0.403885389298719,AX,-0.0153462177887686,L1,-0.0281870572971988,L2,-0.03...
GetData ===>> H2,-0.0262652728558265,H1,0.470074313611746,AX,-0.0211687172815147,L1,-0.0167558815523043,L2,-0.0...
GetData ===>> H2,-0.120426623601153,H1,0.455414067153393,AX,-0.0684317372620254,L1,-0.0258913269474446,L2,0.043...
GetData ===>> H2,-0.0843167289390969,H1,0.402952982252747,AX,0.0584593173668313,L1,-0.0294867014683251,L2,0.009...
GetData ===>> H2,-0.00407834199063075,H1,0.394059689126869,AX,-0.031003542854471,L1,-0.0437508202419204,L2,-0.0...
GetData ===>> H2,0.048450325849316,H1,0.341576634237551,AX,0.0049076586148148,L1,-0.033544913848652,L2,0.074908...
GetData ===>> H2,0.0440147647150433,H1,0.373598546794729,AX,0.039509078390197,L1,-0.047564691506562,L2,-0.02522...
GetData ===>> H2,-0.00600502247551546,H1,0.232850172514909,AX,-0.08732588349929,L1,-0.0159243214256569,L2,0.096...
GetData ===>> H2,-0.0128612566962543,H1,0.39709575162481,AX,-0.00820100141012843,L1,-0.0149752524119032,L2,-0.1...
Peak center failed to move to a baseline position
_do_sweep sm= 5.86453, em= 5.89453, stm= 0.001
calculated step values: start=5.86453, end=5.89453, width=0.001, nsteps=31.0
setting magnet DAC
current  : 5.864530
requested: 5.864530
Delta Dac: 0.000000
Checking detector protection. dv=0.00000
Checking detector "CDD". Protection Threshold: 0.1 (V)
SetMagnetDAC 5.86453 ===>> OK
GetData ===>> H2,-0.0128612566962543,H1,0.39709575162481,AX,-0.00820100141012843,L1,-0.0149752524119032,L2,-0.1...
setting magnet DAC
current  : 5.864530
requested: 5.865564
Delta Dac: 0.001034
Checking detector protection. dv=0.00103
Checking detector "CDD". Protection Threshold: 0.1 (V)
SetMagnetDAC 5.86556448276 ===>> OK
Magnet settling time: 1.049
GetData ===>> H2,-0.080607726305422,H1,0.853077369855426,AX,-0.0358973899819656,L1,0.029035887012002,L2,0.07876...
setting magnet DAC
current  : 5.865564
requested: 5.866599
Delta Dac: 0.001034
Checking detector protection. dv=0.00103
Checking detector "CDD". Protection Threshold: 0.1 (V)
SetMagnetDAC 5.86659896552 ===>> OK
Magnet settling time: 1.049
GetData ===>> H2,-0.185976441242014,H1,2.42146278318389,AX,0.356924007256276,L1,0.00276195005539682,L2,-0.11007...
setting magnet DAC
current  : 5.866599
requested: 5.867633
Delta Dac: 0.001034
Checking detector protection. dv=0.00103
Checking detector "CDD". Protection Threshold: 0.1 (V)
SetMagnetDAC 5.86763344828 ===>> OK
Magnet settling time: 1.049
GetData ===>> H2,-0.137187506503754,H1,9.31318421232452,AX,1.4004803395777,L1,-0.025067704710587,L2,-0.11770904...
setting magnet DAC
current  : 5.867633
requested: 5.868668
Delta Dac: 0.001034
Checking detector protection. dv=0.00103
Checking detector "CDD". Protection Threshold: 0.1 (V)
SetMagnetDAC 5.86866793103 ===>> OK
Magnet settling time: 1.049
GetData ===>> H2,-0.0790901815096256,H1,33.3707739329968,AX,5.11561238056451,L1,-0.0123145060243201,L2,0.002573...
setting magnet DAC
current  : 5.868668
requested: 5.869702
Delta Dac: 0.001034
Checking detector protection. dv=0.00103
Checking detector "CDD". Protection Threshold: 0.1 (V)
SetMagnetDAC 5.86970241379 ===>> OK
Magnet settling time: 1.049
GetData ===>> H2,-0.23563855421687,H1,94.3940280874255,AX,15.3042572854089,L1,0.0694478275350766,L2,-0.00091093...
setting magnet DAC
current  : 5.869702
requested: 5.870737
Delta Dac: 0.001034
Checking detector protection. dv=0.00103
Checking detector "CDD". Protection Threshold: 0.1 (V)
SetMagnetDAC 5.87073689655 ===>> OK
Magnet settling time: 1.049
GetData ===>> H2,-0.244683992026157,H1,200.806279898429,AX,36.3570409943752,L1,0.219729485891079,L2,-0.02552576...
setting magnet DAC
current  : 5.870737
requested: 5.871771
Delta Dac: 0.001034
Checking detector protection. dv=0.00103
Checking detector "CDD". Protection Threshold: 0.1 (V)
SetMagnetDAC 5.87177137931 ===>> OK
Magnet settling time: 1.049
GetData ===>> H2,-0.0550402399679833,H1,316.775777483103,AX,62.9626434991507,L1,0.419708938008338,L2,0.18806667...
setting magnet DAC
current  : 5.871771
requested: 5.872806
Delta Dac: 0.001034
Checking detector protection. dv=0.00103
Checking detector "CDD". Protection Threshold: 0.1 (V)
SetMagnetDAC 5.87280586207 ===>> OK
Magnet settling time: 1.049
GetData ===>> H2,-0.208075294671025,H1,402.257947398605,AX,86.646403058887,L1,0.685688547885885,L2,0.2247428185...
setting magnet DAC
current  : 5.872806
requested: 5.873840
Delta Dac: 0.001034
Checking detector protection. dv=0.00103
Checking detector "CDD". Protection Threshold: 0.1 (V)
SetMagnetDAC 5.87384034483 ===>> OK
Magnet settling time: 1.049
GetData ===>> H2,-0.118107888798501,H1,445.341283673427,AX,101.218810949818,L1,1.00535948671136,L2,0.4006857867...
setting magnet DAC
current  : 5.873840
requested: 5.874875
Delta Dac: 0.001034
Checking detector protection. dv=0.00103
Checking detector "CDD". Protection Threshold: 0.1 (V)
SetMagnetDAC 5.87487482759 ===>> OK
Magnet settling time: 1.049
GetData ===>> H2,-0.0841108554651833,H1,460.469337761954,AX,107.608806598895,L1,1.15966713236642,L2,0.631624186...
setting magnet DAC
current  : 5.874875
requested: 5.875909
Delta Dac: 0.001034
Checking detector protection. dv=0.00103
Checking detector "CDD". Protection Threshold: 0.1 (V)
SetMagnetDAC 5.87590931034 ===>> OK
Magnet settling time: 1.049
GetData ===>> H2,-0.0893865412921413,H1,465.222257135176,AX,109.142519433035,L1,1.24066396153619,L2,0.590622966...
setting magnet DAC
current  : 5.875909
requested: 5.876944
Delta Dac: 0.001034
Checking detector protection. dv=0.00103
Checking detector "CDD". Protection Threshold: 0.1 (V)
SetMagnetDAC 5.8769437931 ===>> OK
Magnet settling time: 1.049
GetData ===>> H2,-0.141876120289547,H1,466.195677201482,AX,109.706732609366,L1,1.31677675047097,L2,0.6121697262...
setting magnet DAC
current  : 5.876944
requested: 5.877978
Delta Dac: 0.001034
Checking detector protection. dv=0.00103
Checking detector "CDD". Protection Threshold: 0.1 (V)
SetMagnetDAC 5.87797827586 ===>> OK
Magnet settling time: 1.049
GetData ===>> H2,-0.0924728197580932,H1,466.097031364493,AX,110.044865246136,L1,1.31856992522779,L2,0.599863235...
setting magnet DAC
current  : 5.877978
requested: 5.879013
Delta Dac: 0.001034
Checking detector protection. dv=0.00103
Checking detector "CDD". Protection Threshold: 0.1 (V)
SetMagnetDAC 5.87901275862 ===>> OK
Magnet settling time: 1.049
GetData ===>> H2,-0.0564903625037473,H1,465.983886724906,AX,109.890886640585,L1,1.33760830396269,L2,0.542583341...
setting magnet DAC
current  : 5.879013
requested: 5.880047
Delta Dac: 0.001034
Checking detector protection. dv=0.00103
Checking detector "CDD". Protection Threshold: 0.1 (V)
SetMagnetDAC 5.88004724138 ===>> OK
Magnet settling time: 1.049
GetData ===>> H2,-0.111013462360933,H1,465.659766157754,AX,109.743784908063,L1,1.36938595329298,L2,0.4914147980...
setting magnet DAC
current  : 5.880047
requested: 5.881082
Delta Dac: 0.001034
Checking detector protection. dv=0.00103
Checking detector "CDD". Protection Threshold: 0.1 (V)
SetMagnetDAC 5.88108172414 ===>> OK
Magnet settling time: 1.049
GetData ===>> H2,-0.116965934041706,H1,465.752544444811,AX,109.905477591399,L1,1.36690878747764,L2,0.6376533987...
setting magnet DAC
current  : 5.881082
requested: 5.882116
Delta Dac: 0.001034
Checking detector protection. dv=0.00103
Checking detector "CDD". Protection Threshold: 0.1 (V)
SetMagnetDAC 5.8821162069 ===>> OK
Magnet settling time: 1.049
GetData ===>> H2,-0.228125276313294,H1,465.82534071931,AX,109.850496598764,L1,1.39604311853584,L2,0.57969132362...
setting magnet DAC
current  : 5.882116
requested: 5.883151
Delta Dac: 0.001034
Checking detector protection. dv=0.00103
Checking detector "CDD". Protection Threshold: 0.1 (V)
SetMagnetDAC 5.88315068966 ===>> OK
Magnet settling time: 1.049
GetData ===>> H2,-0.211028350316203,H1,465.007155506357,AX,109.311503577356,L1,1.3899715505183,L2,0.58698657072...
setting magnet DAC
current  : 5.883151
requested: 5.884185
Delta Dac: 0.001034
Checking detector protection. dv=0.00103
Checking detector "CDD". Protection Threshold: 0.1 (V)
SetMagnetDAC 5.88418517241 ===>> OK
Magnet settling time: 1.049
GetData ===>> H2,-0.115826570885749,H1,462.680751786105,AX,108.412286830521,L1,1.38080058025366,L2,0.6456244159...
setting magnet DAC
current  : 5.884185
requested: 5.885220
Delta Dac: 0.001034
Checking detector protection. dv=0.00103
Checking detector "CDD". Protection Threshold: 0.1 (V)
SetMagnetDAC 5.88521965517 ===>> OK
Magnet settling time: 1.049
GetData ===>> H2,-0.117791291996249,H1,453.662339101969,AX,104.608023388949,L1,1.32406881909658,L2,0.5420575771...
setting magnet DAC
current  : 5.885220
requested: 5.886254
Delta Dac: 0.001034
Checking detector protection. dv=0.00103
Checking detector "CDD". Protection Threshold: 0.1 (V)
SetMagnetDAC 5.88625413793 ===>> OK
Magnet settling time: 1.049
GetData ===>> H2,-0.108567438451369,H1,426.054290421137,AX,93.4077810865549,L1,1.22135192924131,L2,0.3997499419...
setting magnet DAC
current  : 5.886254
requested: 5.887289
Delta Dac: 0.001034
Checking detector protection. dv=0.00103
Checking detector "CDD". Protection Threshold: 0.1 (V)
SetMagnetDAC 5.88728862069 ===>> OK
Magnet settling time: 1.049
GetData ===>> H2,-0.107080656561688,H1,358.636361555682,AX,71.6105372956688,L1,1.06320147304156,L2,0.1550769923...
setting magnet DAC
current  : 5.887289
requested: 5.888323
Delta Dac: 0.001034
Checking detector protection. dv=0.00103
Checking detector "CDD". Protection Threshold: 0.1 (V)
SetMagnetDAC 5.88832310345 ===>> OK
Magnet settling time: 1.049
GetData ===>> H2,-0.305722535769942,H1,251.66585923449,AX,43.7859439708318,L1,0.749242218656774,L2,0.1407758712...
setting magnet DAC
current  : 5.888323
requested: 5.889358
Delta Dac: 0.001034
Checking detector protection. dv=0.00103
Checking detector "CDD". Protection Threshold: 0.1 (V)
SetMagnetDAC 5.88935758621 ===>> OK
Magnet settling time: 1.049
GetData ===>> H2,-0.36865639585774,H1,137.131762930098,AX,20.3010532776786,L1,0.494832977613057,L2,0.0617818724...
setting magnet DAC
current  : 5.889358
requested: 5.890392
Delta Dac: 0.001034
Checking detector protection. dv=0.00103
Checking detector "CDD". Protection Threshold: 0.1 (V)
SetMagnetDAC 5.89039206897 ===>> OK
Magnet settling time: 1.049
GetData ===>> H2,-0.145491187230192,H1,55.7844885589671,AX,6.81908794228582,L1,0.285617593092843,L2,0.251454265...
setting magnet DAC
current  : 5.890392
requested: 5.891427
Delta Dac: 0.001034
Checking detector protection. dv=0.00103
Checking detector "CDD". Protection Threshold: 0.1 (V)
SetMagnetDAC 5.89142655172 ===>> OK
Magnet settling time: 1.049
GetData ===>> H2,-0.197471891348735,H1,9.02649792619477,AX,0.656084999342656,L1,0.156064451501761,L2,-0.0541402...
setting magnet DAC
current  : 5.891427
requested: 5.892461
Delta Dac: 0.001034
Checking detector protection. dv=0.00103
Checking detector "CDD". Protection Threshold: 0.1 (V)
SetMagnetDAC 5.89246103448 ===>> OK
Magnet settling time: 1.049
GetData ===>> H2,-0.266399551661657,H1,2.34019156926453,AX,-0.0165756988820535,L1,0.117091213078803,L2,0.073313...
setting magnet DAC
current  : 5.892461
requested: 5.893496
Delta Dac: 0.001034
Checking detector protection. dv=0.00103
Checking detector "CDD". Protection Threshold: 0.1 (V)
SetMagnetDAC 5.89349551724 ===>> OK
Magnet settling time: 1.049
GetData ===>> H2,-0.212895167342217,H1,0.524722896568242,AX,-0.0547514767061171,L1,0.0810006109363769,L2,-0.132...
setting magnet DAC
current  : 5.893496
requested: 5.894530
Delta Dac: 0.001034
Checking detector protection. dv=0.00103
Checking detector "CDD". Protection Threshold: 0.1 (V)
SetMagnetDAC 5.89453 ===>> OK
Magnet settling time: 1.049
GetData ===>> H2,-0.211971225721098,H1,-0.0102248595901021,AX,-0.19843728399363,L1,0.0143286886543062,L2,-0.056...
result of _do_sweep=True
result of _calculate_peak_center=([5.8721051503006017, 5.8797673712943128, 5.887429592288024], [344.35619703501203, 466.19488645328971, 344.05921895477411], 5.8769520855504114, 466.19488645328971)
Failed to find a valid peak. No peak greater than 1.0. max = 0.02589785103
new center pos Detector(H1) (Ar40) @ 5.87976737129
GetHighVoltage ===>> 4500
GetDeflection H1 ===>> 0
dac uncorrected for HV and deflection 5.87976737129
update mftable H1 Ar40 5.87976737129 message=automated run peakcenter
get initial guess parabolic
get initial guess parabolic
get initial guess parabolic
get initial guess parabolic
get initial guess parabolic
get initial guess parabolic
dump mftable to /Users/jan/PychronDev/setupfiles/spectrometer/mftables/mftable.csv
add to repo msg=modified - automated run peakcenter
locally archiving mftable
setting magnet DAC
current  : 5.894530
requested: 5.879767
Delta Dac: 0.014763
Checking detector protection. dv=0.01476
Checking detector "CDD". Protection Threshold: 0.1 (V)
SetMagnetDAC 5.87976737129 ===>> OK
Magnet settling time: 0.500
sweep finished
setting integration time = 1.048576
SetIntegrationTime 1.048576 ===>> OK
Failed to find a valid peak. No peak greater than 1.0. max = 0.0258757747244
flush and close file /Users/jan/PychronDev/data/isotopes/98/1b247d-4149-4c8d-9103-985a959574b4.h5
finished measure script
executed snippet estimated_duration=226.132928, duration=272.432657003
jan_unknown120_60.py completed successfully
Measurement Finished
21:03:58 -- ******* Measurement Finished *******
Post Measurement Started jan_pump_ms.py
21:03:58 -- ******* Post Measurement Started jan_pump_ms.py *******
testing...
no interpolation path defined
executed snippet estimated_duration=0, duration=2.69412994385e-05
Pumping spectrometer
open () {'name': 'O'}
opening name=O desc=---
checking ownership. requestor=129.138.12.150
check software interlocks O
interlocks []
actuate state mode=None-script, software_lock=False
doing actuation None-script open_channel True
Open O ===>> OK
GetIndicatorState O ===>> OK
change switch state (True, True)
update switch state O True args=() kw={} ncanvase=2
21:03:58 -- OPEN   VALVE-O (Jan Ion Pump)
---------------------------------------- open O () result=[(True, True)], time=0.09 sec
action=open, ok=True, locked=[False]
executed snippet estimated_duration=0, duration=0.338669061661
jan_pump_ms.py completed successfully
setting _ms_pumptime
Post Measurement Finished
21:03:58 -- ******* Post Measurement Finished *******
$$$$$$$$$$$$$$$$$$$$ state at run end measurement
state changed from measurement to success
post measurement save measured=True aborted=False
Set filtering
setting fod for Ar40= {'filter_outliers': True, 'std_devs': 2, 'iterations': 1}
setting fod for H1= {'filter_outliers': True, 'std_devs': 2, 'iterations': 1}
setting fod for PM41= {'filter_outliers': False, 'std_devs': 2, 'iterations': 1}
setting fod for H2= {'filter_outliers': True, 'std_devs': 2, 'iterations': 1}
setting fod for Ar36= {'filter_outliers': True, 'std_devs': 2, 'iterations': 1}
setting fod for CDD= {'filter_outliers': True, 'std_devs': 10, 'iterations': 1}
setting fod for Ar37= {'filter_outliers': True, 'std_devs': 2, 'iterations': 1}
setting fod for L2= {'filter_outliers': True, 'std_devs': 2, 'iterations': 1}
setting fod for Ar38= {'filter_outliers': True, 'std_devs': 2, 'iterations': 1}
setting fod for L1= {'filter_outliers': True, 'std_devs': 2, 'iterations': 1}
setting fod for Ar39= {'filter_outliers': True, 'std_devs': 2, 'iterations': 1}
setting fod for AX= {'filter_outliers': True, 'std_devs': 2, 'iterations': 1}
persistence save...
persistence save - db
post measurement save
8068620112 connecting to database sqlite:////Users/jan/PychronDev/.appdata/local_lab.db
connected to db sqlite:////Users/jan/PychronDev/.appdata/local_lab.db
create new session 8068620112
close session 8068620112
No database instance. Not saving post measurement to isotopedb database
$$$$$$$$$$$$$$$ auto_save_detector_ic=False
massspec enabled True
create new session 4985911824
MassSpec Database Version: 16.0
close session 4985911824
saving post measurement to secondary database
saving to massspec database 129.138.12.160/massspecdata
setting labnumber to 65555
setting aliquot to 17
setting step to 
setting uuid to 981b247d-4149-4c8d-9103-985a959574b4
setting irradpos to 65555
setting extract_device to Fusions CO2
setting tray to 
setting position to 203
setting power_requested to 5.0
setting extract_value to 5.0
setting duration to 30.0
setting duration_at_request to 30.0
setting first_stage_delay to 30.0
setting cleanup to 30.0
setting comment to N:14 without inclusions
setting irradiation to NM-289
setting level to N
setting irradiation_level to N
setting sample to Bw-2014-7 WO
setting material to Sanidine
setting project to Bustos Wells
setting mass_spectrometer to Jan
no attribute chron_dosages
no attribute production_ratios
no attribute interference_corrections
no attribute production_name
no attribute j
Reference Isotope=Ar40
Reference Detector=H1
%%%%%%%%%%%%%%%%%%%% Comment: N:14 without inclusions %%%%%%%%%%%%%%%%%%%
adding isotope PM41 H2
add baseline dbdet= PM41. original det= H2
get baseline data PM41 H2
Get data baseline <pychron.processing.isotope.Baseline object at 0x1e544d5d0> len t=60
baseline PM41. v=-0.207246105641, e=0.00693227568549
get signal data PM41 H2
Get data signal PM41 0.08+/-0.08 len t=120
adding isotope Ar40 H1
add baseline dbdet= Ar40. original det= H1
get baseline data Ar40 H1
Get data baseline <pychron.processing.isotope.Baseline object at 0x1b5b03d50> len t=60
baseline Ar40. v=-0.00830196629755, e=0.00543744060006
get signal data Ar40 H1
Get data signal Ar40 510.310+/-0.035 len t=120
adding isotope Ar39 AX
add baseline dbdet= Ar39. original det= AX
get baseline data Ar39 AX
Get data baseline <pychron.processing.isotope.Baseline object at 0x1b5b03fd0> len t=60
baseline Ar39. v=-0.0710110606922, e=0.00733417238333
get signal data Ar39 AX
Get data signal Ar39 120.831+/-0.022 len t=120
adding isotope Ar38 L1
add baseline dbdet= Ar38. original det= L1
get baseline data Ar38 L1
Get data baseline <pychron.processing.isotope.Baseline object at 0x1e0fc2990> len t=60
baseline Ar38. v=-0.0102986495052, e=0.00288881794634
get signal data Ar38 L1
Get data signal Ar38 1.569+/-0.005 len t=120
adding isotope Ar37 L2
add baseline dbdet= Ar37. original det= L2
get baseline data Ar37 L2
Get data baseline <pychron.processing.isotope.Baseline object at 0x1e0fc2e10> len t=60
baseline Ar37. v=-0.0287647850267, e=0.00592512456301
get signal data Ar37 L2
Get data signal Ar37 0.693+/-0.010 len t=120
adding isotope Ar36 CDD
add baseline dbdet= Ar36. original det= CDD
get baseline data Ar36 CDD
Get data baseline <pychron.processing.isotope.Baseline object at 0x1e0fc2190> len t=60
baseline Ar36. v=0.000151346503139, e=2.1374896804e-05
get signal data Ar36 CDD
Get data signal Ar36 0.01733+/-0.00033 len t=120
65555-17 added analysis time 0.453163146973s
analysis added to mass spec database
mass spec save time= 0.462
persistence save - dvc
================= post measurement started
create new session 4991427888
close session 4991427888
---------------- Experiment Queue saving disabled
DVC saving peakcenter
Failed to find a valid peak. No peak greater than 1.0. max = 0.0258757747244
Smart pull ahead: 0 behind: 0
Up-to-date with origin
add to repo msg=modified - ad8224ebc6dbfeb9f5997218dfa5fe690569839d.json
add to repo msg=modified - 55-17.json
add to repo msg=modified - 55-17.dat.json
add to repo msg=modified - 55-17.blan.json
add to repo msg=modified - 55-17.inte.json
add to repo msg=modified - 55-17.icfa.json
add to repo msg=modified - 55-17.base.json
not at valid file /Users/jan/PychronDev/data/.dvc/repositories/Load1786/655/tags/55-17.tags.json
add to repo msg=modified - 55-17.peak.json
add to repo msg=modified - 55-17.extr.json
not at valid file /Users/jan/PychronDev/data/.dvc/repositories/Load1786/655/monitor/55-17.moni.json
commit message=<COLLECTION>
add to repo msg=modified - 55-17.inte.json
add to repo msg=modified - 55-17.base.json
commit message=<ISOEVO> default collection fits
add to repo msg=modified - 55-17.blan.json
commit message=<BLANKS> preceding bc-02-J-328
add to repo msg=modified - 55-17.icfa.json
commit message=<ICFactor> default
push repository <pychron.git_archive.repo_manager.GitRepoManager object at 0x1edb61c50>
pushing to remote=origin, url=https://github.com
no changes to meta repo
create new session 4991427888
add association Load1786
get identifier "65555"
setting analysis irradiation position=<pychron.dvc.dvc_orm.IrradiationPositionTbl object at 0x1de3ca0d0>
close session 4991427888
================= post measurement finished
21:04:13 -- ******* Post Run Check *******
loading queue conditionals post_run_actions
loading system conditionals post_run_actions
loading conditionals from /Users/jan/PychronDev/setupfiles/spectrometer/default_conditionals.yaml
loading queue conditionals post_run_terminations
loading system conditionals post_run_terminations
loading conditionals from /Users/jan/PychronDev/setupfiles/spectrometer/default_conditionals.yaml
Checking default post run terminations n=1
GetDeflection CDD ===>> 50
testing CDD==2000
evaluate ot="CDD.deflection==2000" t="CDD==2000", ctx="{'CDD': 50.0}"
21:04:13 -- ******* Post Run Check Passed *******
21:04:13 -- Automated run 65555-17 success duration: 366.249 s
----------------- finish -----------------
----------------- stop -----------------
retroactive repository identifiers disabled
finish run. runs completed=234
update duration runid=65555-17, duration=366.248644114, md5=301e91d8
loading script "jan_unknown400_120.py"
loading script "jan_pump_ms.py"
loading script "jan_sniffair_x2.py"
loading script "jan_pump_extraction_line.py"
testing...
no interpolation path defined
executed snippet estimated_duration=556.052928, duration=0.000263929367065
script duration name:unknown400_120 seconds:556.0
loading script "jan_unknown400_120.py"
loading script "jan_pump_ms.py"
loading script "jan_sniffair_x2.py"
loading script "jan_pump_extraction_line.py"
testing...
no interpolation path defined
executed snippet estimated_duration=0, duration=2.90870666504e-05
loading script "jan_unknown400_120.py"
loading script "jan_pump_ms.py"
loading script "jan_sniffair_x2.py"
loading script "jan_pump_extraction_line.py"
testing...
no interpolation path defined
calculate duration
testing...
no interpolation path defined
executed snippet estimated_duration=0, duration=0.000132083892822
calculate duration
testing...
no interpolation path defined
executed snippet estimated_duration=0, duration=0.000101089477539
calculate duration
testing...
no interpolation path defined
executed snippet estimated_duration=32.0, duration=9.29832458496e-05
calculate duration
testing...
no interpolation path defined
executed snippet estimated_duration=34.0, duration=0.000105142593384
calculate duration
testing...
no interpolation path defined
executed snippet estimated_duration=4.0, duration=8.60691070557e-05
calculate duration
testing...
no interpolation path defined
executed snippet estimated_duration=36.0, duration=9.70363616943e-05
calculate duration
testing...
no interpolation path defined
executed snippet estimated_duration=34.0, duration=0.000105857849121
calculate duration
testing...
no interpolation path defined
executed snippet estimated_duration=4.0, duration=6.48498535156e-05
calculate duration
testing...
no interpolation path defined
executed snippet estimated_duration=36.0, duration=9.10758972168e-05
calculate duration
testing...
no interpolation path defined
executed snippet estimated_duration=70.0, duration=0.000144958496094
executed snippet estimated_duration=250.0, duration=0.0130438804626
script duration name:sniffair_x2 seconds:250.0
loading script "jan_unknown400_120.py"
loading script "jan_pump_ms.py"
loading script "jan_sniffair_x2.py"
loading script "jan_pump_extraction_line.py"
testing...
no interpolation path defined
calculate duration
testing...
no interpolation path defined
executed snippet estimated_duration=4.0, duration=0.000177145004272
executed snippet estimated_duration=4.0, duration=0.00165605545044
Script duration 806.0
Run total estimated duration= 807.000
loading script "jan_unknown120_60.py"
loading script "jan_pump_ms.py"
loading script "jan_co2.py"
loading script "jan_pump_extraction_line.py"
testing...
no interpolation path defined
executed snippet estimated_duration=213.652928, duration=0.000180959701538
script duration name:unknown120_60 seconds:214.0
pump_ms in script context. using previous estimated duration
loading script "jan_unknown120_60.py"
loading script "jan_pump_ms.py"
loading script "jan_co2.py"
loading script "jan_pump_extraction_line.py"
testing...
no interpolation path defined
calculate duration
testing...
no interpolation path defined
executed snippet estimated_duration=0, duration=4.91142272949e-05
calculate duration
testing...
no interpolation path defined
executed snippet estimated_duration=0, duration=0.0001060962677
executed snippet estimated_duration=0.0, duration=0.00338697433472
script duration name:co2 seconds:0.0
pump_extraction_line in script context. using previous estimated duration
Script duration 214.0
Run total estimated duration= 215.000
unknown400_120 in script context. using previous estimated duration
script duration name:unknown400_120 seconds:556.0
co2 in script context. using previous estimated duration
script duration name:co2 seconds:0.0
Script duration 556.0
Run total estimated duration= 557.000
script duration name:unknown400_120 seconds:556.0
loading script "jan_unknown400_120.py"
loading script "jan_pump_ms.py"
loading script "jan_cocktail_x1.py"
loading script "jan_pump_extraction_line.py"
testing...
no interpolation path defined
calculate duration
testing...
no interpolation path defined
executed snippet estimated_duration=0, duration=5.10215759277e-05
calculate duration
testing...
no interpolation path defined
executed snippet estimated_duration=0, duration=0.000101089477539
calculate duration
testing...
no interpolation path defined
executed snippet estimated_duration=32.0, duration=0.000105142593384
calculate duration
testing...
no interpolation path defined
executed snippet estimated_duration=34.0, duration=0.000102996826172
calculate duration
testing...
no interpolation path defined
executed snippet estimated_duration=4.0, duration=6.69956207275e-05
calculate duration
testing...
no interpolation path defined
executed snippet estimated_duration=38.0, duration=0.00010085105896
executed snippet estimated_duration=108.0, duration=0.0077178478241
script duration name:cocktail_x1 seconds:108.0
Script duration 664.0
Run total estimated duration= 665.000
script duration name:unknown400_120 seconds:556.0
cocktail_x1 in script context. using previous estimated duration
script duration name:cocktail_x1 seconds:108.0
Script duration 664.0
Run total estimated duration= 665.000
unknown120_60 in script context. using previous estimated duration
script duration name:unknown120_60 seconds:214.0
script duration name:co2 seconds:0.0
Script duration 214.0
Run total estimated duration= 215.000
script duration name:unknown400_120 seconds:556.0
sniffair_x2 in script context. using previous estimated duration
script duration name:sniffair_x2 seconds:250.0
Script duration 806.0
Run total estimated duration= 807.000
script duration name:unknown120_60 seconds:214.0
script duration name:co2 seconds:0.0
Script duration 214.0
Run total estimated duration= 215.000
script duration name:unknown120_60 seconds:214.0
script duration name:co2 seconds:0.0
Script duration 214.0
Run total estimated duration= 215.000
script duration name:unknown120_60 seconds:214.0
script duration name:co2 seconds:0.0
Script duration 214.0
Run total estimated duration= 215.000
script duration name:unknown120_60 seconds:214.0
script duration name:co2 seconds:0.0
Script duration 214.0
Run total estimated duration= 215.000
script duration name:unknown120_60 seconds:214.0
script duration name:co2 seconds:0.0
Script duration 214.0
Run total estimated duration= 215.000
script duration name:unknown120_60 seconds:214.0
script duration name:co2 seconds:0.0
Script duration 214.0
Run total estimated duration= 215.000
script duration name:unknown120_60 seconds:214.0
script duration name:co2 seconds:0.0
Script duration 214.0
Run total estimated duration= 215.000
script duration name:unknown120_60 seconds:214.0
script duration name:co2 seconds:0.0
Script duration 214.0
Run total estimated duration= 215.000
script duration name:unknown120_60 seconds:214.0
script duration name:co2 seconds:0.0
Script duration 214.0
Run total estimated duration= 215.000
script duration name:unknown120_60 seconds:214.0
script duration name:co2 seconds:0.0
Script duration 214.0
Run total estimated duration= 215.000
script duration name:unknown120_60 seconds:214.0
script duration name:co2 seconds:0.0
Script duration 214.0
Run total estimated duration= 215.000
script duration name:unknown400_120 seconds:556.0
script duration name:cocktail_x1 seconds:108.0
Script duration 664.0
Run total estimated duration= 665.000
script duration name:unknown400_120 seconds:556.0
script duration name:cocktail_x1 seconds:108.0
Script duration 664.0
Run total estimated duration= 665.000
script duration name:unknown120_60 seconds:214.0
script duration name:co2 seconds:0.0
Script duration 214.0
Run total estimated duration= 215.000
script duration name:unknown120_60 seconds:214.0
script duration name:co2 seconds:0.0
Script duration 214.0
Run total estimated duration= 215.000
script duration name:unknown120_60 seconds:214.0
script duration name:co2 seconds:0.0
Script duration 214.0
Run total estimated duration= 215.000
script duration name:unknown120_60 seconds:214.0
script duration name:co2 seconds:0.0
Script duration 214.0
Run total estimated duration= 215.000
loading script "jan_ic_peak_hop3.py"
loading script "jan_pump_ms.py"
loading script "jan_air_x1.py"
loading script "jan_pump_extraction_line.py"
testing...
no interpolation path defined
executed snippet estimated_duration=133.8, duration=0.00951409339905
script duration name:ic_peak_hop3 seconds:134.0
loading script "jan_ic_peak_hop3.py"
loading script "jan_pump_ms.py"
loading script "jan_air_x1.py"
loading script "jan_pump_extraction_line.py"
testing...
no interpolation path defined
calculate duration
testing...
no interpolation path defined
executed snippet estimated_duration=0, duration=6.19888305664e-05
calculate duration
testing...
no interpolation path defined
executed snippet estimated_duration=0, duration=9.91821289062e-05
calculate duration
testing...
no interpolation path defined
executed snippet estimated_duration=32.0, duration=0.00010085105896
calculate duration
testing...
no interpolation path defined
executed snippet estimated_duration=34.0, duration=0.000102043151855
calculate duration
testing...
no interpolation path defined
executed snippet estimated_duration=4.0, duration=6.50882720947e-05
calculate duration
testing...
no interpolation path defined
executed snippet estimated_duration=36.0, duration=8.98838043213e-05
executed snippet estimated_duration=106.0, duration=0.00803709030151
script duration name:air_x1 seconds:106.0
Script duration 240.0
Run total estimated duration= 241.000
script duration name:unknown120_60 seconds:214.0
script duration name:co2 seconds:0.0
Script duration 214.0
Run total estimated duration= 215.000
nruns=26 before=5.0, run_dur=8942.0, btw=750.0
write rem/ex queues
/Users/jan/PychronDev/experiments/rem/Load1786.rem.txt
/Users/jan/PychronDev/experiments/rem/Load1786.ex.txt
doing event level: 3
