do run
loading script "jan_unknown120_60.py"
loading script "jan_pump_ms.py"
loading script "jan_co2.py"
loading script "jan_pump_extraction_line.py"
testing...
no interpolation path defined
executed snippet estimated_duration=213.652928, duration=0.000330209732056
script duration name:unknown120_60 seconds:214.0
loading script "jan_unknown120_60.py"
loading script "jan_pump_ms.py"
loading script "jan_co2.py"
loading script "jan_pump_extraction_line.py"
testing...
no interpolation path defined
executed snippet estimated_duration=0, duration=3.2901763916e-05
loading script "jan_unknown120_60.py"
loading script "jan_pump_ms.py"
loading script "jan_co2.py"
loading script "jan_pump_extraction_line.py"
testing...
no interpolation path defined
calculate duration
testing...
no interpolation path defined
executed snippet estimated_duration=0, duration=6.22272491455e-05
calculate duration
testing...
no interpolation path defined
executed snippet estimated_duration=0, duration=0.000135183334351
executed snippet estimated_duration=0.0, duration=0.00348305702209
script duration name:co2 seconds:0.0
loading script "jan_unknown120_60.py"
loading script "jan_pump_ms.py"
loading script "jan_co2.py"
loading script "jan_pump_extraction_line.py"
testing...
no interpolation path defined
calculate duration
testing...
no interpolation path defined
executed snippet estimated_duration=4.0, duration=0.000153064727783
executed snippet estimated_duration=4.0, duration=0.00161719322205
Script duration 214.0
Run total estimated duration= 215.000
run duration: 0:03:35
doing event level: 2
20:50:53 -- Setting default integration. t=1.048576
setting integration time = 1.048576
SetIntegrationTime 1.048576 ===>> OK
----------------- start -----------------
**************** Experiment Type: Ar/Ar, Ar/Ar
$$$$$ Clearing conditionals
adding conditionals 
Add queue conditionals
add default conditionals
adding default conditionals from /Users/jan/PychronDev/setupfiles/spectrometer/default_conditionals.yaml
Start automated run 65555-16
loading script "jan_unknown120_60.py"
loading script "jan_pump_ms.py"
loading script "jan_co2.py"
loading script "jan_pump_extraction_line.py"
%%%%%%%%%%%%%%%%%% setting automated run 65555-16
No value "sensitivity_multiplier" in metadata
$$$$$$$$$$$$$$$ auto_save_detector_ic=False
============================= Pre Extraction Check =============================
loading queue conditionals pre_run_terminations
loading system conditionals pre_run_terminations
loading conditionals from /Users/jan/PychronDev/setupfiles/spectrometer/default_conditionals.yaml
20:50:53 -- ******* Pre Extraction Check *******
Get a measurement from the spectrometer
GetData ===>> H2,-0.124717874416106,H1,-0.00162486006221025,AX,-0.0494759471806117,L1,0.0241494275032996,L2,0.0...
Pre Extraction Termination data. keys=H2,H1,AX,L1,L2,CDD, signals=-0.12472,-0.00162,-0.04948,0.02415,0.02862,0.00432
20:50:53 -- testing system defined conditionals
Checking default pre extraction terminations n=2
testing CDD
evaluate ot="CDD.inactive" t="CDD", ctx="{'CDD': False}"
GetDeflection CDD ===>> 50
testing CDD==2000
evaluate ot="CDD.deflection==2000" t="CDD==2000", ctx="{'CDD': 50.0}"
20:50:53 -- ******* Pre Extraction Check Passed *******
=================================================================================
20:50:53 -- stopping status monitor
stop 4984189200
Alive clients [4991693744]
20:50:53 -- starting status monitor
start 4984189200
Monitor already running
start extraction
do extraction
Analysis started at 20:50:53.711228
Extraction Started jan_co2.py
20:50:53 -- ******* Extraction Started jan_co2.py *******
state changed from not run to extraction
DO EXTRACTION <pychron.extraction_line.pyscript_runner.RemotePyScriptRunner object at 0x12c301530>
testing...
no interpolation path defined
calculate duration
testing...
no interpolation path defined
executed snippet estimated_duration=0, duration=4.60147857666e-05
calculate duration
testing...
no interpolation path defined
executed snippet estimated_duration=0, duration=8.70227813721e-05
executed snippet estimated_duration=100.0, duration=0.00369000434875
Jan CO2 laser analysis
doing GOSUB
testing...
no interpolation path defined
executed snippet estimated_duration=0, duration=4.72068786621e-05
Waiting for CO2 access
wait ('FelixCO2Flag', 0) {}
waiting for FelixCO2Flag = 0
Read FelixCO2Flag ===>> 0
finished waiting
CO2 free
wait ('CO2PumpTimeFlag', 0) {}
waiting for CO2PumpTimeFlag = 0
Read CO2PumpTimeFlag ===>> 0
finished waiting
acquire ('JanCO2Flag',) {'clear': True}
acquire JanCO2Flag
Set JanCO2Flag 1 ===>> OK
JanCO2Flag acquired
set extraction state False (0.75, 'red', 1.5)
CO2 acquired
executed snippet estimated_duration=0, duration=0.0169830322266
WaitForCO2Access.py completed successfully
gosub finished
doing GOSUB
testing...
no interpolation path defined
executed snippet estimated_duration=0, duration=0.000143051147461
Prepare for CO2 analysis
close () {'description': 'Jan Inlet'}
closing name=--- desc=Jan Inlet
checking ownership. requestor=129.138.12.150
check software interlocks R
interlocks []
actuate state mode=None-script, software_lock=False
doing actuation None-script close_channel False
Close R ===>> OK
GetIndicatorState R ===>> False
change switch state (True, True)
update switch state R False args=() kw={} ncanvase=2
20:50:54 -- CLOSE  VALVE-R (Jan Inlet)
---------------------------------------- close None (Jan Inlet) result=[(True, True)]
action=close, ok=True, locked=[False]
open () {'description': 'Jan Ion Pump'}
opening name=--- desc=Jan Ion Pump
checking ownership. requestor=129.138.12.150
check software interlocks O
interlocks []
actuate state mode=None-script, software_lock=False
doing actuation None-script open_channel False
Open O ===>> OK
GetIndicatorState O ===>> OK
change switch state (True, True)
update switch state O True args=() kw={} ncanvase=2
20:50:54 -- OPEN   VALVE-O (Jan Ion Pump)
---------------------------------------- open None (Jan Ion Pump) result=[(True, True)], time=0.10 sec
action=open, ok=True, locked=[False]
close () {'description': 'Microbone to Minibone'}
closing name=--- desc=Microbone to Minibone
checking ownership. requestor=129.138.12.150
check software interlocks L
interlocks []
actuate state mode=None-script, software_lock=False
doing actuation None-script close_channel False
Close L ===>> OK
GetIndicatorState L ===>> False
change switch state (True, True)
update switch state L False args=() kw={} ncanvase=2
20:50:55 -- CLOSE  VALVE-L (Microbone to Minibone)
---------------------------------------- close None (Microbone to Minibone) result=[(True, True)]
action=close, ok=True, locked=[False]
open () {'description': 'Microbone to Turbo'}
opening name=--- desc=Microbone to Turbo
checking ownership. requestor=129.138.12.150
check software interlocks U
interlocks []
actuate state mode=None-script, software_lock=False
doing actuation None-script open_channel False
Open U ===>> OK
GetIndicatorState U ===>> OK
change switch state (True, True)
update switch state U True args=() kw={} ncanvase=2
20:50:55 -- OPEN   VALVE-U (Microbone to Turbo)
---------------------------------------- open None (Microbone to Turbo) result=[(True, True)], time=0.12 sec
action=open, ok=True, locked=[False]
open () {'description': 'Microbone to Inlet Pipette'}
opening name=--- desc=Microbone to Inlet Pipette
checking ownership. requestor=129.138.12.150
check software interlocks S
interlocks []
actuate state mode=None-script, software_lock=False
doing actuation None-script open_channel False
Open S ===>> OK
GetIndicatorState S ===>> OK
change switch state (True, True)
update switch state S True args=() kw={} ncanvase=2
20:50:56 -- OPEN   VALVE-S (Microbone to Inlet Pipette)
---------------------------------------- open None (Microbone to Inlet Pipette) result=[(True, True)], time=0.40 sec
action=open, ok=True, locked=[False]
open () {'description': 'Microbone to Getter D-50'}
opening name=--- desc=Microbone to Getter D-50
checking ownership. requestor=129.138.12.150
check software interlocks K
interlocks []
actuate state mode=None-script, software_lock=False
doing actuation None-script open_channel False
Open K ===>> OK
GetIndicatorState K ===>> OK
change switch state (True, True)
update switch state K True args=() kw={} ncanvase=2
20:50:56 -- OPEN   VALVE-K (Microbone to Getter D-50)
---------------------------------------- open None (Microbone to Getter D-50) result=[(True, True)], time=0.41 sec
action=open, ok=True, locked=[False]
open () {'description': 'Microbone to Getter NP-10'}
opening name=--- desc=Microbone to Getter NP-10
checking ownership. requestor=129.138.12.150
check software interlocks M
interlocks []
actuate state mode=None-script, software_lock=False
doing actuation None-script open_channel False
Open M ===>> OK
GetIndicatorState M ===>> OK
change switch state (True, True)
update switch state M True args=() kw={} ncanvase=2
20:50:57 -- OPEN   VALVE-M (Microbone to Getter NP-10)
---------------------------------------- open None (Microbone to Getter NP-10) result=[(True, True)], time=0.14 sec
action=open, ok=True, locked=[False]
close () {'description': 'CO2 Laser to Felix'}
closing name=--- desc=CO2 Laser to Felix
checking ownership. requestor=129.138.12.150
check software interlocks F
interlocks []
actuate state mode=None-script, software_lock=True
VALVE-F(CO2 Laser to Felix) software locked
change switch state (True, False)
---------------------------------------- close None (CO2 Laser to Felix) result=[(True, False)]
action=close, ok=True, locked=[True]
open () {'description': 'CO2 Laser to Jan'}
opening name=--- desc=CO2 Laser to Jan
checking ownership. requestor=129.138.12.150
check software interlocks A
interlocks []
actuate state mode=None-script, software_lock=False
doing actuation None-script open_channel False
Open A ===>> OK
GetIndicatorState A ===>> OK
change switch state (True, True)
update switch state A True args=() kw={} ncanvase=2
20:50:57 -- OPEN   VALVE-A (CO2 Laser to Jan)
---------------------------------------- open None (CO2 Laser to Jan) result=[(True, True)], time=0.12 sec
action=open, ok=True, locked=[False]
open () {'description': 'Microbone to CO2 Laser'}
opening name=--- desc=Microbone to CO2 Laser
checking ownership. requestor=129.138.12.150
check software interlocks T
interlocks []
actuate state mode=None-script, software_lock=False
doing actuation None-script open_channel False
Open T ===>> OK
GetIndicatorState T ===>> OK
change switch state (True, True)
update switch state T True args=() kw={} ncanvase=2
20:50:58 -- OPEN   VALVE-T (Microbone to CO2 Laser)
---------------------------------------- open None (Microbone to CO2 Laser) result=[(True, True)], time=0.41 sec
action=open, ok=True, locked=[False]
executed snippet estimated_duration=0, duration=4.8330051899
PrepareForCO2Analysis.py completed successfully
gosub finished
set_motor ('beam', '1.25') {}
setting motor "beam" to 1.25
set motor beam to 1.25
SetMotor beam,1.25 ===>> OK
GetMotorMoving beam ===>> False
GetMotorMoving beam ===>> False
Block completed
move_to_position ('202',) {'autocenter': True}
FusionsCO2 move to position 202
sending GoToHole 202,True
GoToHole 202,True ===>> OK
GetDriveMoving ===>> OK
GetDriveMoving ===>> OK
GetDriveMoving ===>> OK
GetDriveMoving ===>> OK
GetDriveMoving ===>> OK
GetDriveMoving ===>> OK
GetDriveMoving ===>> OK
GetDriveMoving ===>> False
GetDriveMoving ===>> False
Block completed
GetAutoCorrecting ===>> OK
GetAutoCorrecting ===>> OK
GetAutoCorrecting ===>> OK
GetAutoCorrecting ===>> OK
GetAutoCorrecting ===>> False
GetAutoCorrecting ===>> False
Block completed
update position
GetPosition ===>> 0.00000,-11.96340,1.00000
got position (0.0, -11.9634, 1.0)
move to position succeeded
sleep (5,) {}
SLEEP 5.0
block started
WaitControl setup for 5.0  
Join finished
block finished. duration 5.02206015587
close () {'description': 'Microbone to Turbo'}
closing name=--- desc=Microbone to Turbo
checking ownership. requestor=129.138.12.150
check software interlocks U
interlocks []
actuate state mode=None-script, software_lock=False
doing actuation None-script close_channel True
Close U ===>> OK
GetIndicatorState U ===>> False
change switch state (True, True)
update switch state U False args=() kw={} ncanvase=2
20:51:10 -- CLOSE  VALVE-U (Microbone to Turbo)
---------------------------------------- close None (Microbone to Turbo) result=[(True, True)]
action=close, ok=True, locked=[False]
enable laser
enable () {}
set extraction state FusionsCO2 Enabled (False, 'red', 1.5)
enabling laser
Enable ===>> OK
begin interval
BEGIN INTERVAL Interval 1 waiting for 30.0
block started
set extract to 5.0
WaitControl setup for 30.0  
extract (5.0,) {}
GetPosition ===>> 0.00000,-11.96340,1.00000
set extraction state FusionsCO2 ON! 5.0(watts) (0.75, 'red', 1.5)
extract sample to 5.0 (watts)
set laser output
SetLaserOutput 5.0,watts ===>> OK
executing pattern triangle.lp
execute_pattern ('triangle.lp',) {}
executing pattern triangle.lp
IsPatterning ===>> OK
IsPatterning ===>> OK
IsPatterning ===>> OK
IsPatterning ===>> OK
IsPatterning ===>> OK
IsPatterning ===>> OK
IsPatterning ===>> OK
IsPatterning ===>> OK
IsPatterning ===>> OK
IsPatterning ===>> OK
IsPatterning ===>> OK
IsPatterning ===>> OK
IsPatterning ===>> OK
IsPatterning ===>> OK
IsPatterning ===>> OK
IsPatterning ===>> OK
IsPatterning ===>> OK
IsPatterning ===>> OK
IsPatterning ===>> OK
IsPatterning ===>> OK
IsPatterning ===>> OK
IsPatterning ===>> OK
IsPatterning ===>> OK
IsPatterning ===>> OK
IsPatterning ===>> OK
IsPatterning ===>> OK
IsPatterning ===>> False
IsPatterning ===>> False
Block completed
COMPLETE INTERVAL waiting for Interval 1 to complete
Join finished
block finished. duration 30.092318058
Interval 1 finished
end_extract () {}
ending extraction. set laser power to 0
set laser power 0
SetLaserPower 0 ===>> OK
disable () {}
%%%%%%%%%%%%%%%%%%%%%%%%%%%%%%%%%%% disable
set extraction state False (0.75, 'red', 1.5)
disabling laser
Disable ===>> OK
sleep (30.0,) {}
SLEEP 30.0
block started
WaitControl setup for 30.0  
Join finished
block finished. duration 30.0889830589
executed snippet estimated_duration=166.5, duration=78.1304850578
jan_co2.py completed successfully
GetAchievedOutput ===>> No Response
Requested Output= 0.000
Achieved Output=  0.000
GetResponseBlob ===>> No Response
GetOutputBlob ===>> No Response
persistence save...
persistence save - db
AutomatedRunPersister post_extraction_save deprecated
persistence save - dvc
no extraction position for 202
create new session 4991427888
close session 4991427888
Extraction Finished
20:52:11 -- ******* Extraction Finished *******
no overlap. not waiting for min ms pumptime
20:52:11 -- Sending spectrometer configuration
======== Sending configuration ========
SetDeflection CDD,50.0 ===>> OK
SetDeflection H2,0.0 ===>> OK
SetDeflection H1,0.0 ===>> OK
SetDeflection L2,825.0 ===>> OK
SetDeflection L1,400.0 ===>> OK
SetDeflection AX,190.0 ===>> OK
SetZFocus 74.64 ===>> OK
SetZSymmetry -50.72 ===>> OK
SetExtractionLens 26.13 ===>> OK
SetIonRepeller -3.81 ===>> OK
SetElectronEnergy 75.08 ===>> OK
SetYSymmetry -2.81 ===>> OK
SetIonCounterVoltage 1590.0 ===>> OK
send trap current 200.0
GetParameter Trap Current Readback ===>> 198.258926936459
SetParameter Trap Current Set,200.0 ===>> OK
updating mftable name mftable
Using mftable located at /Users/jan/PychronDev/setupfiles/spectrometer/mftables/mftable.csv
============ MFtable ===========
Isotope  H2     H1     AX     L1     L2     CDD    
Ar40     5.7980 5.8799 5.9933 6.1379 6.2317 6.3661
Ar39     5.6972 5.7721 5.8857 6.0240 6.1168 6.2526
Ar36     5.3747 5.4411 5.5491 5.6828 5.7718 5.9037
================================
get initial guess parabolic
get initial guess parabolic
get initial guess parabolic
get initial guess parabolic
get initial guess parabolic
get initial guess parabolic
======== Configuration Finished ========
GetYSymmetry ===>> -2.81
GetZSymmetry ===>> -50.72
GetParameter Trap Current Readback ===>> 198.147042666178
GetHighVoltage ===>> 4500
start measurement
do measurement
L#=65555 analysis type=unknown
Measurement Started jan_unknown120_60.py
20:52:12 -- ******* Measurement Started jan_unknown120_60.py *******
state changed from extraction to measurement
setting spec, defl, and gains
GetExtractionLens ===>> 26.13
GetYSymmetry ===>> -2.81
GetZSymmetry ===>> -50.72
GetZFocus ===>> 74.64
GetDeflection H2 ===>> 0
GetDeflection H1 ===>> 0
GetDeflection AX ===>> 190
GetDeflection L1 ===>> 400
GetDeflection L2 ===>> 825
GetDeflection CDD ===>> 50
GetGain H2 ===>> 0.0113
GetGain H1 ===>> 0.1
GetGain AX ===>> 0.097049
GetGain L1 ===>> 0.010355
GetGain L2 ===>> 0.095649
GetGain CDD ===>> 0
pre measurement save
New frame /Users/jan/PychronDev/data/isotopes/37/6822fe-997a-4b8a-b641-5612ee02ab5e.h5
flush and close file /Users/jan/PychronDev/data/isotopes/37/6822fe-997a-4b8a-b641-5612ee02ab5e.h5
testing...
no interpolation path defined
executed snippet estimated_duration=226.132928, duration=0.000221967697144
unknown measurement script
activate_detectors ('H2', 'H1', 'AX', 'L1', 'L2', 'CDD') {}
activate detectors
*************** Set Analysis View Ar/Ar
create graphs
clearing graphs
clear isotope group
setting isotope det=H2, iso=PM41
setting isotope det=H1, iso=Ar40
setting isotope det=AX, iso=Ar39
setting isotope det=L1, iso=Ar38
setting isotope det=L2, iso=Ar37
setting isotope det=CDD, iso=Ar36
setting previous blanks
 - setting Ar40 blank 0.166+/-0.007
 - setting Ar36 blank 0.00460+/-0.00019
 - setting Ar37 blank 0.046+/-0.005
 - setting Ar38 blank 0.0069+/-0.0022
 - setting PM41 blank 0.03+/-0.06
 - setting Ar39 blank 0.027+/-0.009
load analysis view
position_magnet ('Ar40',) {'detector': 'H1'}
detector Detector(H1)
POSITION Ar40 H1
setting detector H2 to PM41 (40.9624)
setting detector H1 to Ar40 (39.9624)
setting detector AX to Ar39 (38.9624)
setting detector L1 to Ar38 (37.9624)
setting detector L2 to Ar37 (36.9624)
setting detector CDD to Ar36 (35.9624)
Mapping mass to dac mass func: "parabolic"
H1 map mass coeffs = [-0.00063987  0.15840543  0.57146999]
H1 map mass to dac 39.9624 >> 5.87986
GetDeflection H1 ===>> 0
GetHighVoltage ===>> 4500
positioning Ar40 (5.87986) on H1
setting magnet DAC
current  : 5.879861
requested: 5.879860
Delta Dac: 0.000001
Checking detector protection. dv=0.00000
Checking detector "CDD". Protection Threshold: 0.1 (V)
SetMagnetDAC 5.87986 ===>> OK
Magnet settling time: 0.500
equilibrate () {'delay': 3, 'inlet': 'R', 'outlet': 'O', 'eqtime': 12.0}
Equilibration Started
20:52:13 -- ******* Equilibration Started *******
checking ownership. requestor=129.138.12.150
check software interlocks O
interlocks []
actuate state mode=None-script, software_lock=False
doing actuation None-script close_channel True
Close O ===>> OK
GetIndicatorState O ===>> False
change switch state (True, True)
update switch state O False args=() kw={} ncanvase=2
20:52:13 -- CLOSE  VALVE-O (Jan Ion Pump)
waiting 3s before opening inlet value ('R',)
update labels <pychron.experiment.plot_panel.PlotPanel object at 0x1bf64e230>
update labels "<pychron.graph.stacked_regression_graph.StackedRegressionGraph object at 0x1c293db30>"
setting label 0 H2 PM41
setting label 1 H1 Ar40
setting label 2 AX Ar39
setting label 3 L1 Ar38
setting label 4 L2 Ar37
setting label 5 CDD Ar36
update labels "<pychron.graph.stacked_graph.StackedGraph object at 0x1d9d001d0>"
setting label 0 H2 PM41
setting label 1 H1 Ar40
setting label 2 AX Ar39
setting label 3 L1 Ar38
setting label 4 L2 Ar37
setting label 5 CDD Ar36
checking ownership. requestor=129.138.12.150
check software interlocks R
interlocks []
actuate state mode=None-script, software_lock=False
doing actuation None-script open_channel True
Open R ===>> OK
set states for children of R. state=True
handle state [('R', True)]
update switch state R True args=() kw={'refresh': False} ncanvase=2
GetIndicatorState R ===>> OK
change switch state (True, True)
update switch state R True args=() kw={} ncanvase=2
refresh_canvas_needed fired
20:52:17 -- OPEN   VALVE-R (Jan Inlet)
equilibrating for 12.0sec
set_time_zero () {}
sniff (12.0,) {}
py_sniff
build tables- sniff [Detector(H2), Detector(H1), Detector(AX), Detector(L1), Detector(L2), Detector(CDD)]
add group /sniff/PM41 (Group) '' table H2
add group /sniff/Ar40 (Group) '' table H1
add group /sniff/Ar39 (Group) '' table AX
add group /sniff/Ar38 (Group) '' table L1
add group /sniff/Ar37 (Group) '' table L2
add group /sniff/Ar36 (Group) '' table CDD
flush and close file /Users/jan/PychronDev/data/isotopes/37/6822fe-997a-4b8a-b641-5612ee02ab5e.h5
measuring sniff. ncounts=12.0
"sniff" increment series count="1" fit count="0" regressing="False"
starting measurement
GetData ===>> H2,0.306455714828951,H1,317.602654847161,AX,82.1523664080644,L1,0.186604996490863,L2,0.7637784399...
GetData ===>> H2,1.13043625704516,H1,1856.43322865478,AX,464.243383101223,L1,2.44809858874091,L2,3.200104473366...
GetData ===>> H2,0.427653408717735,H1,2565.1297898115,AX,623.715958431889,L1,4.98890708727653,L2,3.750002930167...
GetData ===>> H2,0.10459577636008,H1,2795.93806643456,AX,669.740826767113,L1,6.57284358866615,L2,3.959374249941...
GetData ===>> H2,0.052405092668995,H1,2881.58609559309,AX,685.659817477742,L1,7.47497209611142,L2,3.94540712728...
GetData ===>> H2,0.104214484433965,H1,2918.03655321281,AX,692.725737920685,L1,7.97998770785071,L2,4.05526752592...
GetData ===>> H2,0.0229493711496951,H1,2932.65400883154,AX,695.862662816776,L1,8.26742404519603,L2,4.0890929153...
GetData ===>> H2,-0.000924025289707426,H1,2939.01848188894,AX,696.708707163673,L1,8.50093732152335,L2,3.9521404...
GetData ===>> H2,-0.0210963797296484,H1,2942.42951208672,AX,697.061984560587,L1,8.60696388326074,L2,4.064057507...
GetData ===>> H2,-0.0119526946247987,H1,2943.37153674971,AX,697.145856893026,L1,8.72623185595157,L2,4.134586475...
GetData ===>> H2,-0.0694531130911254,H1,2942.77724928339,AX,697.062622313474,L1,8.83926042604076,L2,4.065873814...
Equilibration Finished
20:52:29 -- ******* Equilibration Finished *******
checking ownership. requestor=129.138.12.150
check software interlocks R
interlocks []
actuate state mode=None-script, software_lock=False
doing actuation None-script close_channel True
GetData ===>> H2,0.0427740419043412,H1,2942.63035566822,AX,696.776288543898,L1,8.88176121731977,L2,4.0276220782...
Close R ===>> OK
GetIndicatorState R ===>> False
change switch state (True, True)
update switch state R False args=() kw={} ncanvase=2
20:52:30 -- CLOSE  VALVE-R (Jan Inlet)
Post Equilibration Started jan_pump_extraction_line.py
20:52:30 -- ******* Post Equilibration Started jan_pump_extraction_line.py *******
testing...
no interpolation path defined
calculate duration
testing...
no interpolation path defined
executed snippet estimated_duration=4.0, duration=0.000171184539795
executed snippet estimated_duration=4.0, duration=0.00191116333008
Pump after analysis
doing GOSUB
testing...
no interpolation path defined
executed snippet estimated_duration=4.0, duration=0.000117063522339
Pump Microbone
close () {'description': 'Jan Inlet'}
closing name=--- desc=Jan Inlet
checking ownership. requestor=129.138.12.150
check software interlocks R
interlocks []
actuate state mode=None-script, software_lock=False
doing actuation None-script close_channel False
Close R ===>> OK
measurement finished
estimated time: 12.583 actual time: :12.684
flush and close file /Users/jan/PychronDev/data/isotopes/37/6822fe-997a-4b8a-b641-5612ee02ab5e.h5
set_fits () {}
using default fits file=/Users/jan/PychronDev/scripts/measurement/fits/nominal_linear.yaml
set "Ar40" to "('Linear', 'SEM')"
No fit for "PM41". defaulting to linear. check the measurement script "jan_unknown120_60.py"
set "PM41" to "linear"
set "Ar36" to "('Linear', 'SEM')"
set "Ar37" to "('linear', 'SEM')"
set "Ar38" to "('linear', 'SEM')"
set "Ar39" to "('Linear', 'SEM')"
set_baseline_fits () {}
GetIndicatorState R ===>> False
change switch state (True, True)
using default fits file=/Users/jan/PychronDev/scripts/measurement/fits/nominal_linear.yaml
update switch state R False args=() kw={} ncanvase=2
set "H1" to "('average', 'SEM')"
set "H2" to "('average', 'SEM')"
set "CDD" to "('average', 'SEM')"
set "L2" to "('average', 'SEM')"
20:52:30 -- CLOSE  VALVE-R (Jan Inlet)
set "L1" to "('average', 'SEM')"
---------------------------------------- close None (Jan Inlet) result=[(True, True)]
set "AX" to "('average', 'SEM')"
multicollect () {'integration_time': 1, 'ncounts': 120}
build tables- signal [Detector(H2), Detector(H1), Detector(AX), Detector(L1), Detector(L2), Detector(CDD)]
add group /signal/PM41 (Group) '' table H2
add group /signal/Ar40 (Group) '' table H1
add group /signal/Ar39 (Group) '' table AX
add group /signal/Ar38 (Group) '' table L1
add group /signal/Ar37 (Group) '' table L2
add group /signal/Ar36 (Group) '' table CDD
flush and close file /Users/jan/PychronDev/data/isotopes/37/6822fe-997a-4b8a-b641-5612ee02ab5e.h5
measuring signal. ncounts=120
action=close, ok=True, locked=[False]
is_closed ('F',) {}
is F () closed?
is closed True
open () {'description': 'CO2 Laser to Jan'}
opening name=--- desc=CO2 Laser to Jan
checking ownership. requestor=129.138.12.150
check software interlocks A
interlocks []
actuate state mode=None-script, software_lock=False
doing actuation None-script open_channel False
Open A ===>> OK
GetIndicatorState A ===>> OK
change switch state (True, True)
update switch state A True args=() kw={} ncanvase=2
20:52:30 -- OPEN   VALVE-A (CO2 Laser to Jan)
---------------------------------------- open None (CO2 Laser to Jan) result=[(True, True)], time=0.12 sec
starting measurement
GetData ===>> H2,0.0753818075657598,H1,2943.39926690834,AX,696.979403269122,L1,8.91015694572915,L2,3.8805066923...
"signal" increment series count="2" fit count="1" regressing="True"
action=open, ok=True, locked=[False]
sleep (1,) {}
SLEEP 1.0
GetData ===>> H2,0.15439882773683,H1,2943.39833007067,AX,697.098178479994,L1,8.92418945270146,L2,4.038923755685...
close () {'description': 'CO2 Laser to Roughing'}
closing name=--- desc=CO2 Laser to Roughing
checking ownership. requestor=129.138.12.150
check software interlocks G
interlocks []
actuate state mode=None-script, software_lock=True
VALVE-G(CO2 Laser to Roughing) software locked
change switch state (True, False)
---------------------------------------- close None (CO2 Laser to Roughing) result=[(True, False)]
action=close, ok=True, locked=[True]
open () {'description': 'Microbone to Turbo'}
opening name=--- desc=Microbone to Turbo
checking ownership. requestor=129.138.12.150
check software interlocks U
interlocks []
actuate state mode=None-script, software_lock=False
doing actuation None-script open_channel True
Open U ===>> OK
GetIndicatorState U ===>> OK
change switch state (True, True)
update switch state U True args=() kw={} ncanvase=2
20:52:32 -- OPEN   VALVE-U (Microbone to Turbo)
---------------------------------------- open None (Microbone to Turbo) result=[(True, True)], time=0.15 sec
action=open, ok=True, locked=[False]
open () {'description': 'Microbone to Getter NP-10'}
opening name=--- desc=Microbone to Getter NP-10
checking ownership. requestor=129.138.12.150
check software interlocks M
interlocks []
actuate state mode=None-script, software_lock=False
doing actuation None-script open_channel False
Open M ===>> OK
GetIndicatorState M ===>> OK
change switch state (True, True)
update switch state M True args=() kw={} ncanvase=2
20:52:32 -- OPEN   VALVE-M (Microbone to Getter NP-10)
---------------------------------------- open None (Microbone to Getter NP-10) result=[(True, True)], time=0.16 sec
action=open, ok=True, locked=[False]
open () {'description': 'Microbone to Getter D-50'}
opening name=--- desc=Microbone to Getter D-50
checking ownership. requestor=129.138.12.150
check software interlocks K
interlocks []
actuate state mode=None-script, software_lock=False
doing actuation None-script open_channel False
GetData ===>> H2,0.0870380769509758,H1,2942.30677427788,AX,696.965909009307,L1,8.88895126769883,L2,4.1092718346...
Open K ===>> OK
GetIndicatorState K ===>> OK
change switch state (True, True)
update switch state K True args=() kw={} ncanvase=2
20:52:33 -- OPEN   VALVE-K (Microbone to Getter D-50)
---------------------------------------- open None (Microbone to Getter D-50) result=[(True, True)], time=0.42 sec
action=open, ok=True, locked=[False]
open () {'description': 'Microbone to CO2 Laser'}
opening name=--- desc=Microbone to CO2 Laser
checking ownership. requestor=129.138.12.150
check software interlocks T
interlocks []
actuate state mode=None-script, software_lock=False
doing actuation None-script open_channel False
Open T ===>> OK
GetIndicatorState T ===>> OK
change switch state (True, True)
update switch state T True args=() kw={} ncanvase=2
20:52:34 -- OPEN   VALVE-T (Microbone to CO2 Laser)
---------------------------------------- open None (Microbone to CO2 Laser) result=[(True, True)], time=0.41 sec
GetData ===>> H2,-0.078701278061757,H1,2940.9257778862,AX,696.47942863236,L1,8.88371188198744,L2,4.001555225099...
action=open, ok=True, locked=[False]
open () {'description': 'Microbone to Inlet Pipette'}
opening name=--- desc=Microbone to Inlet Pipette
checking ownership. requestor=129.138.12.150
check software interlocks S
interlocks []
actuate state mode=None-script, software_lock=False
doing actuation None-script open_channel False
Open S ===>> OK
GetIndicatorState S ===>> OK
change switch state (True, True)
update switch state S True args=() kw={} ncanvase=2
20:52:34 -- OPEN   VALVE-S (Microbone to Inlet Pipette)
---------------------------------------- open None (Microbone to Inlet Pipette) result=[(True, True)], time=0.41 sec
action=open, ok=True, locked=[False]
sleep (1,) {}
SLEEP 1.0
GetData ===>> H2,0.0256916766573227,H1,2938.96590574778,AX,696.435615292443,L1,8.90348218590876,L2,4.0490277011...
set_resource () {'name': 'CO2PumpTimeFlag', 'value': 30}
Set CO2PumpTimeFlag 30 ===>> OK
release ('JanCO2Flag',) {}
release JanCO2Flag
Set JanCO2Flag 0 ===>> OK
executed snippet estimated_duration=6.0, duration=5.9442191124
PumpMicrobone.py completed successfully
gosub finished
get_resource_value () {'name': 'JanMiniboneFlag'}
Read JanMiniboneFlag ===>> 0
Get Resource Value JanMiniboneFlag=0.0
get resource value 0.0
get_resource_value () {'name': 'JanMiniboneFlag'}
Read JanMiniboneFlag ===>> 0
Get Resource Value JanMiniboneFlag=0.0
executed snippet estimated_duration=4.0, duration=5.95989203453
jan_pump_extraction_line.py completed successfully
Post Equilibration Finished
20:52:36 -- ******* Post Equilibration Finished *******
GetData ===>> H2,0.0785259613782082,H1,2937.6908557992,AX,695.869417247587,L1,8.91530579150957,L2,4.20794866861...
GetData ===>> H2,-0.0582331141329838,H1,2936.03728058302,AX,695.408044010843,L1,8.89958191827935,L2,3.975786137...
GetData ===>> H2,-0.100182713097578,H1,2935.03633211156,AX,695.600931812,L1,8.88645847493844,L2,4.0527179971227...
GetData ===>> H2,0.0337155083875559,H1,2933.83964218268,AX,695.588622032018,L1,8.87283964151616,L2,4.1505118714...
GetData ===>> H2,-0.00288873186123386,H1,2933.23496239631,AX,694.774589555731,L1,8.88464926271386,L2,3.93146525...
GetData ===>> H2,0.0950631842087394,H1,2931.28442539851,AX,694.435283615727,L1,8.84481041006008,L2,3.9561875697...
GetData ===>> H2,0.0656900384193474,H1,2930.44274053784,AX,694.769076991205,L1,8.83379195509308,L2,4.0514374369...
GetData ===>> H2,-0.0193103369166814,H1,2929.06118838543,AX,694.346049974957,L1,8.86193007072753,L2,3.988396434...
GetData ===>> H2,-0.0186311597741067,H1,2927.98618343905,AX,693.890904836108,L1,8.80150790579144,L2,4.025131462...
GetData ===>> H2,-0.0939927560377872,H1,2926.35560111765,AX,693.917913001971,L1,8.78309955100281,L2,4.083770898...
GetData ===>> H2,0.00585098490710989,H1,2925.71193888937,AX,693.466860901,L1,8.80113200489067,L2,4.088429103095...
GetData ===>> H2,-0.0309357623262646,H1,2925.05219172114,AX,692.987932977626,L1,8.82337603978594,L2,4.024188768...
GetData ===>> H2,-0.0269174631219762,H1,2923.39038375893,AX,692.93915899825,L1,8.81039097444653,L2,4.0467926370...
GetData ===>> H2,0.0818075006792542,H1,2922.08151137165,AX,692.63865124374,L1,8.79816135185731,L2,3.87543532582...
GetData ===>> H2,-0.0364922109264667,H1,2920.18032973084,AX,692.478148161571,L1,8.77306921204071,L2,4.018660812...
GetData ===>> H2,-0.104863228450498,H1,2919.09373410918,AX,691.929892432454,L1,8.7748213627508,L2,3.96714367263...
GetData ===>> H2,-0.0614076359687391,H1,2918.27282091794,AX,691.87673538892,L1,8.76497540352306,L2,3.9559084494...
GetData ===>> H2,-0.0111956004568493,H1,2916.17718053361,AX,691.539364627939,L1,8.75546778268923,L2,4.102336185...
GetData ===>> H2,-0.0507998334872956,H1,2916.13538775234,AX,691.258754058337,L1,8.80763060229137,L2,3.958746209...
20:52:56 -- collecting point 25
GetData ===>> H2,0.0070954786603638,H1,2914.28043743201,AX,690.802005487516,L1,8.79453119026956,L2,4.1092369223...
GetData ===>> H2,-0.000483629086547776,H1,2913.19650108847,AX,690.537668772403,L1,8.76806388509257,L2,3.9573971...
GetData ===>> H2,-0.151883848248503,H1,2911.48498266306,AX,690.515037696503,L1,8.70223010668985,L2,3.9947487328...
GetData ===>> H2,-0.0304440789904855,H1,2910.88091323156,AX,690.210074077933,L1,8.68724925335878,L2,3.983440533...
GetData ===>> H2,0.107588150979459,H1,2909.67059073654,AX,690.219408705533,L1,8.70111147832736,L2,3.92503569061...
GetData ===>> H2,0.0726927672379402,H1,2908.24672668883,AX,690.018767616582,L1,8.72902724622133,L2,3.8952686603...
GetData ===>> H2,-0.0216857803725547,H1,2907.47993438092,AX,689.760469542769,L1,8.77795979745489,L2,3.969830548...
GetData ===>> H2,-0.107375942703668,H1,2906.31354862027,AX,689.531179621585,L1,8.77962919860121,L2,3.9780195766...
GetData ===>> H2,-0.119228083525104,H1,2906.12282455663,AX,688.88867780359,L1,8.70344162237356,L2,4.13622778856...
GetData ===>> H2,-0.0221991044967577,H1,2904.66605717451,AX,688.880937268476,L1,8.69012682365242,L2,3.993713256...
GetData ===>> H2,-0.0381428720340501,H1,2902.38896763746,AX,688.325651362168,L1,8.72378439874667,L2,3.919083196...
GetData ===>> H2,-0.00491127500081803,H1,2900.92856742318,AX,687.821854183925,L1,8.70828010749882,L2,3.92831436...
GetData ===>> H2,-0.0419686084476416,H1,2899.93997859642,AX,687.389591438056,L1,8.66894453983159,L2,3.988826888...
GetData ===>> H2,-0.0411965075905108,H1,2898.73519400411,AX,687.417400111544,L1,8.64974925396269,L2,3.939162690...
GetData ===>> H2,-0.063067093356911,H1,2898.16615185177,AX,687.280307751175,L1,8.68862526157318,L2,3.9581414343...
GetData ===>> H2,-0.0736280545471154,H1,2895.83368960703,AX,687.195949432128,L1,8.66115420055075,L2,3.937720829...
GetData ===>> H2,-0.0810710790941803,H1,2895.3862385647,AX,686.552914863154,L1,8.67989902548135,L2,4.0051273689...
GetData ===>> H2,-0.0652806823013492,H1,2894.46633184825,AX,686.64892173596,L1,8.70097058198313,L2,3.9876286025...
GetData ===>> H2,-0.0760084005556457,H1,2892.82560109516,AX,686.128129875147,L1,8.70482167131814,L2,4.019091400...
GetData ===>> H2,-0.059482145276981,H1,2890.72999507744,AX,686.113694377933,L1,8.68724238223664,L2,4.0310671472...
GetData ===>> H2,-0.0404650667733305,H1,2889.56021636904,AX,685.832427915692,L1,8.68326970434317,L2,4.051251175...
GetData ===>> H2,-0.0643806588837139,H1,2889.10974755235,AX,685.418430745768,L1,8.6960108769904,L2,3.9472444863...
GetData ===>> H2,0.0166329385980302,H1,2888.71502455802,AX,684.759593661742,L1,8.71455966655095,L2,3.9414766903...
GetData ===>> H2,0.0309195309387118,H1,2887.14426310803,AX,684.588568869238,L1,8.67043649546777,L2,3.9602232735...
GetData ===>> H2,-0.0824705066710887,H1,2885.54099403644,AX,684.793922024905,L1,8.61951231631306,L2,3.879134140...
20:53:22 -- collecting point 50
GetData ===>> H2,-0.0700118494550204,H1,2884.60943180388,AX,684.519761357346,L1,8.63635785776275,L2,3.889463648...
GetData ===>> H2,-0.0232348161588533,H1,2883.74310898382,AX,684.532914241025,L1,8.67276830751319,L2,3.935825511...
GetData ===>> H2,0.0143611329390252,H1,2882.51658558097,AX,684.261536098195,L1,8.60971338142619,L2,3.9590020775...
GetData ===>> H2,0.0171393583114621,H1,2881.44881658258,AX,683.911117312047,L1,8.56881336815967,L2,4.0129004332...
GetData ===>> H2,-0.0119893927061547,H1,2879.99803384666,AX,683.582509926409,L1,8.62040151442555,L2,3.908159580...
GetData ===>> H2,-0.034803293699089,H1,2879.80143519789,AX,683.165865457438,L1,8.65624428159472,L2,3.9932827812...
GetData ===>> H2,-0.00179094068181402,H1,2878.11354096771,AX,682.905533590346,L1,8.64086142257842,L2,4.00775710...
GetData ===>> H2,-0.0168175585979215,H1,2876.62056074087,AX,682.767200710791,L1,8.63758861217466,L2,3.977356518...
GetData ===>> H2,0.0914287346214142,H1,2875.37308923614,AX,682.634303285487,L1,8.66082304575271,L2,3.9790083552...
GetData ===>> H2,0.0567225550809928,H1,2874.22832344988,AX,682.540929158238,L1,8.63416110740279,L2,3.9946207520...
GetData ===>> H2,0.0433310566782122,H1,2872.19738043268,AX,682.117658006958,L1,8.59985360205625,L2,4.0080829223...
GetData ===>> H2,-0.0676329611828321,H1,2870.82002017377,AX,681.399153778586,L1,8.5990369669594,L2,3.9782405969...
GetData ===>> H2,-0.0930377589397134,H1,2869.58266136639,AX,681.091491776626,L1,8.60131749810035,L2,4.034605452...
GetData ===>> H2,-0.0211534198330931,H1,2868.47468500738,AX,680.925567924949,L1,8.61548646895554,L2,3.899200908...
GetData ===>> H2,-0.0396467201816742,H1,2867.4570337884,AX,681.212643985277,L1,8.57741824634335,L2,3.9616422061...
GetData ===>> H2,0.0171107695038131,H1,2867.18527316039,AX,680.64482295354,L1,8.58493305695692,L2,3.90556497156...
GetData ===>> H2,0.0172931945525719,H1,2866.3402689934,AX,680.82277138253,L1,8.61933071421151,L2,3.956978414980...
GetData ===>> H2,-0.0385215672967241,H1,2864.64800390425,AX,680.751236951567,L1,8.56422593510618,L2,3.900957674...
GetData ===>> H2,0.0393476724502646,H1,2862.52459444928,AX,679.852779175127,L1,8.57375992814996,L2,4.0002753356...
GetData ===>> H2,-0.0270030603244383,H1,2861.17744938895,AX,679.57253781824,L1,8.55138153442434,L2,3.9986813149...
GetData ===>> H2,-0.0995856666221449,H1,2860.91319383891,AX,679.368521156442,L1,8.56886469002091,L2,4.015949319...
GetData ===>> H2,-0.163419394811713,H1,2859.86387411282,AX,678.864665021706,L1,8.57016661593265,L2,3.9668296270...
GetData ===>> H2,-0.113988734764605,H1,2858.73608846749,AX,678.906053092839,L1,8.5795805757363,L2,3.83093259642...
GetData ===>> H2,-0.0785982909496088,H1,2858.72496682642,AX,678.692395679766,L1,8.57216164871094,L2,3.957687855...
GetData ===>> H2,-0.103961925719647,H1,2857.88039011791,AX,678.105960157261,L1,8.58608834579586,L2,3.9195365965...
20:53:49 -- collecting point 75
GetData ===>> H2,-0.1218035710137,H1,2856.20394407234,AX,677.613755233204,L1,8.61008687408359,L2,3.901911692742...
GetData ===>> H2,-0.0748901337416324,H1,2854.43569300849,AX,677.893066778731,L1,8.58471912477667,L2,3.877017191...
GetData ===>> H2,0.140345254118931,H1,2852.81616353863,AX,677.519794522718,L1,8.55130117288505,L2,4.02382798753...
GetData ===>> H2,0.0147572031370775,H1,2851.86687911642,AX,677.507318074822,L1,8.49666232572795,L2,3.8364202079...
GetData ===>> H2,-0.0299808993198191,H1,2850.13248872075,AX,677.218596144893,L1,8.50240981875757,L2,3.951954330...
GetData ===>> H2,-0.0453265760596142,H1,2848.52688295629,AX,676.956955766193,L1,8.53826975340052,L2,3.862176576...
GetData ===>> H2,-0.0782025949494415,H1,2847.93854134879,AX,676.581302589411,L1,8.53520129422804,L2,4.011794944...
GetData ===>> H2,-0.0274799472581319,H1,2847.17165267773,AX,676.617358653334,L1,8.56991169604382,L2,3.785183512...
GetData ===>> H2,-0.0558499460103518,H1,2845.85347579942,AX,676.507309717893,L1,8.59221207223125,L2,3.978356923...
GetData ===>> H2,-0.0700416841202704,H1,2844.58918216768,AX,676.015470416723,L1,8.56330759837339,L2,3.959257945...
GetData ===>> H2,-0.13861018895016,H1,2843.43973193874,AX,675.23795930836,L1,8.54521210367469,L2,3.888230564125...
GetData ===>> H2,-0.187033405738325,H1,2842.22264728152,AX,674.671863507436,L1,8.51103968201093,L2,3.8914761685...
GetData ===>> H2,-0.169216706080443,H1,2841.51359592979,AX,674.286412392232,L1,8.51445482928742,L2,3.8913947363...
GetData ===>> H2,-0.0703752845945881,H1,2840.23903359824,AX,674.490869114083,L1,8.54455411929207,L2,3.909143806...
set states for children of C. state=False
set states for children of B. state=False
handle state [('C', False), ('B', False)]
update switch state C False args=() kw={'refresh': True} ncanvase=2
update switch state B False args=() kw={'refresh': False} ncanvase=2
refresh_canvas_needed fired
GetData ===>> H2,-0.0328466063639833,H1,2838.90899023451,AX,674.143684635953,L1,8.55712190002361,L2,3.903703411...
GetData ===>> H2,-0.0936961059560066,H1,2838.11998833213,AX,674.53376278896,L1,8.4822110367065,L2,3.85866447238...
GetData ===>> H2,-0.0241549099182573,H1,2835.7888918339,AX,674.172994280424,L1,8.47815685675817,L2,3.9821027154...
GetData ===>> H2,-0.0435072263332386,H1,2835.25072431989,AX,673.787682203638,L1,8.50756560509625,L2,3.782057643...
GetData ===>> H2,0.0523110454716529,H1,2833.9785561295,AX,673.086814325464,L1,8.48597300624682,L2,3.98545311072...
GetData ===>> H2,0.0313552934358025,H1,2833.28322739347,AX,673.251173665191,L1,8.47508081831775,L2,3.9396626959...
GetData ===>> H2,-0.0496692892646302,H1,2832.9310634042,AX,673.094727907606,L1,8.52581472014402,L2,3.9875122648...
GetData ===>> H2,-0.0919512675122502,H1,2831.26962871042,AX,672.829010488744,L1,8.4997532910463,L2,4.1124954496...
GetData ===>> H2,-0.0111956004568493,H1,2829.63525175457,AX,672.631878128729,L1,8.48399639941847,L2,3.979322440...
GetData ===>> H2,-0.0106178915750057,H1,2828.76413577292,AX,672.121306290377,L1,8.5090234197898,L2,3.8658283678...
GetData ===>> H2,-0.0682935119638876,H1,2827.60586710102,AX,671.940911220086,L1,8.51288034524966,L2,3.838140963...
20:54:15 -- collecting point 100
GetData ===>> H2,-0.0857726356019586,H1,2826.55801474744,AX,671.959454643367,L1,8.47137879167936,L2,3.926512244...
GetData ===>> H2,-0.137611165149318,H1,2825.14912413501,AX,671.98543743206,L1,8.4455668451522,L2,3.887800151570...
GetData ===>> H2,-0.140472815692068,H1,2824.21476557454,AX,671.559618210566,L1,8.46760442708605,L2,3.8108101199...
GetData ===>> H2,-0.0968315359943592,H1,2822.41765975048,AX,671.256903984721,L1,8.45916770448592,L2,3.877238189...
GetData ===>> H2,-0.0540334117280864,H1,2821.70122627651,AX,670.997886838354,L1,8.48552445115905,L2,3.788344344...
GetData ===>> H2,0.0301474550647199,H1,2821.01736439435,AX,670.634251365578,L1,8.51694327671298,L2,3.9360464358...
GetData ===>> H2,0.0166588035768909,H1,2819.79484198652,AX,670.08216481204,L1,8.44148510433465,L2,3.86447928237...
GetData ===>> H2,-0.00731827336314621,H1,2818.97416384146,AX,670.406104951271,L1,8.41048216557005,L2,3.98876871...
GetData ===>> H2,0.00363707347801297,H1,2816.77717216563,AX,669.615800929408,L1,8.47903476717789,L2,3.841745346...
GetData ===>> H2,-0.154028072957599,H1,2815.71081053616,AX,669.371964003029,L1,8.51645135990261,L2,3.8577108766...
GetData ===>> H2,-0.151885198466571,H1,2815.65777432552,AX,669.150924955207,L1,8.47030468412106,L2,3.8950010870...
GetData ===>> H2,-0.0873041836266701,H1,2814.47223295143,AX,668.925632352204,L1,8.48987756415986,L2,3.800337844...
GetData ===>> H2,-0.113743757705678,H1,2812.79391773429,AX,669.065262759963,L1,8.50684528773196,L2,3.9071938660...
GetData ===>> H2,0.0116910799742832,H1,2810.95923396199,AX,669.005262185562,L1,8.49655820927203,L2,3.9097715271...
GetData ===>> H2,-0.050403545047013,H1,2810.37844743626,AX,668.472898259494,L1,8.48080950398628,L2,3.9066121149...
GetData ===>> H2,-0.0140157590498817,H1,2809.28612044632,AX,667.935482950001,L1,8.42943873872144,L2,3.885973827...
GetData ===>> H2,0.0273087885776357,H1,2808.03225109355,AX,667.66138848647,L1,8.41403145372832,L2,3.81942356631...
GetData ===>> H2,0.00873596949300118,H1,2806.66647714014,AX,667.244201199876,L1,8.42648716612725,L2,3.828502799...
GetData ===>> H2,-0.0434950158982638,H1,2805.90875114811,AX,667.250211277142,L1,8.44551575233084,L2,3.862234724...
GetData ===>> H2,0.0061379544919103,H1,2804.25467100898,AX,666.993490727385,L1,8.4508661624104,L2,3.81941194171...
GetData ===>> H2,0.0388053162822591,H1,2803.21256243773,AX,666.609615052074,L1,8.44757153100179,L2,3.7103229376...
measurement finished
estimated time: 125.829 actual time: :126.294
flush and close file /Users/jan/PychronDev/data/isotopes/37/6822fe-997a-4b8a-b641-5612ee02ab5e.h5
baselines () {'settling_time': 15.0, 'detector': 'H1', 'mass': 34.2, 'ncounts': 60}
%%%%%%%%%%%%%%%%%%%%%%%%%%%%%%%% Baseline
build tables- baseline [Detector(H2), Detector(H1), Detector(AX), Detector(L1), Detector(L2), Detector(CDD)]
add group baseline table H2
add group baseline table H1
add group baseline table AX
add group baseline table L1
add group baseline table L2
add group baseline table CDD
flush and close file /Users/jan/PychronDev/data/isotopes/37/6822fe-997a-4b8a-b641-5612ee02ab5e.h5
detector Detector(H1)
POSITION 34.2 H1
Mapping mass to dac mass func: "parabolic"
H1 map mass coeffs = [-0.00063987  0.15840543  0.57146999]
H1 map mass to dac 34.2 >> 5.24051599104
GetDeflection H1 ===>> 0
GetHighVoltage ===>> 4500
positioning 34.2 (5.24051599104) on H1
setting magnet DAC
current  : 5.879860
requested: 5.240516
Delta Dac: 0.639344
Checking detector protection. dv=0.63934
Checking detector "CDD". Protection Threshold: 0.1 (V)
ProtectDetector CDD,On ===>> OK
GetDeflection CDD ===>> 2000
Protected = 2000
SetMagnetDAC 5.24051599104 ===>> OK
Magnet settling time: 0.500
GetMagnetMoving ===>> True
GetMagnetMoving ===>> True
GetMagnetMoving ===>> True
GetMagnetMoving ===>> True
GetMagnetMoving ===>> True
GetMagnetMoving ===>> True
GetMagnetMoving ===>> True
GetMagnetMoving ===>> True
GetMagnetMoving ===>> False
ProtectDetector CDD,Off ===>> OK
GetDeflection CDD ===>> 50
Delaying 15.0s for detectors to settle
Join finished
measuring baseline. ncounts=60
"baseline" increment series count="2" fit count="1" regressing="True"
starting measurement
GetData ===>> H2,-0.133695333368132,H1,-0.119539071783836,AX,-0.17695533443169,L1,-0.0832574778547194,L2,-0.020...
GetData ===>> H2,-0.0833631783429572,H1,-0.0798326042447116,AX,-0.0851700497944782,L1,-0.0691076223913816,L2,-0...
GetData ===>> H2,-0.125442615137486,H1,-0.0948137559689808,AX,-0.127733130149214,L1,-0.101056384949604,L2,-0.04...
GetData ===>> H2,-0.101567577678005,H1,-0.157021271371804,AX,-0.115880377753251,L1,-0.111616517922807,L2,0.0454...
GetData ===>> H2,-0.231777788473058,H1,-0.0862686960422241,AX,-0.158501159699246,L1,-0.0899755923520001,L2,-0.0...
GetData ===>> H2,-0.178682513524629,H1,-0.0668876549200224,AX,-0.132193469411708,L1,-0.10568922535411,L2,0.0244...
GetData ===>> H2,-0.237788021253685,H1,-0.0863878790231752,AX,-0.24215444533302,L1,-0.122610196159849,L2,-0.062...
GetData ===>> H2,-0.180745851232793,H1,-0.0214001766218662,AX,-0.0918807944038197,L1,-0.130311475404487,L2,0.11...
GetData ===>> H2,-0.199260041956723,H1,-0.0170947860098412,AX,-0.0834314394315156,L1,-0.1055376563878,L2,-0.082...
GetData ===>> H2,-0.250600292429432,H1,0.0390472816834244,AX,-0.0857263985492806,L1,-0.0551733066493332,L2,-0.0...
GetData ===>> H2,-0.142752697816438,H1,0.0316966775841145,AX,-0.135266176790589,L1,-0.0745891937595297,L2,-0.03...
GetData ===>> H2,-0.134394494989119,H1,-0.0241431266908563,AX,-0.0239638572384509,L1,-0.0579705735647583,L2,-0....
GetData ===>> H2,-0.257940909966881,H1,-0.0129204077619736,AX,-0.0359669689725313,L1,-0.0699922193964141,L2,0.0...
GetData ===>> H2,-0.137694983788398,H1,-0.0294976256561384,AX,0.0422944356964901,L1,-0.0680005708889094,L2,-0.0...
GetData ===>> H2,-0.20362674216196,H1,0.105401414537787,AX,-0.0832343949637411,L1,-0.101973334535754,L2,-0.0041...
set states for children of V. state=False
handle state [('V', False)]
update switch state V False args=() kw={'refresh': False} ncanvase=2
refresh_canvas_needed fired
GetData ===>> H2,-0.276277857672997,H1,0.00985090861009859,AX,-0.164285853807157,L1,-0.082391105980437,L2,-0.08...
GetData ===>> H2,-0.276496780311806,H1,0.0133463885147346,AX,-0.211605409128697,L1,-0.0616284668891868,L2,-0.10...
set states for children of H. state=True
handle state [('H', True)]
update switch state H True args=() kw={'refresh': False} ncanvase=2
refresh_canvas_needed fired
GetData ===>> H2,-0.155537314290301,H1,0.0536068892962095,AX,-0.066391413652372,L1,-0.0388023618674883,L2,-0.00...
GetData ===>> H2,-0.340081306961145,H1,-0.0204460894119627,AX,-0.102172021617867,L1,-0.0389161606666606,L2,-0.0...
GetData ===>> H2,-0.273556415331206,H1,-0.0204699417030383,AX,-0.0506354287399998,L1,-0.0490714060975499,L2,-0....
GetData ===>> H2,-0.188798581041092,H1,0.0826419705401317,AX,-0.161758715135498,L1,-0.039225207746504,L2,-0.124...
GetData ===>> H2,-0.15047683363262,H1,0.0318040688890743,AX,-0.152600185374371,L1,-0.0180908274519121,L2,-0.029...
GetData ===>> H2,-0.305008004037507,H1,-0.0298673020955985,AX,-0.0736830552477029,L1,0.00445838420221085,L2,-0....
GetData ===>> H2,-0.225827644062108,H1,0.0955836824848568,AX,-0.0701474308205531,L1,0.0412541690566641,L2,-0.00...
20:55:20 -- collecting point 25
GetData ===>> H2,-0.233062985016541,H1,0.0448828045964913,AX,-0.068466515134528,L1,7.20129454422138E-05,L2,0.03...
GetData ===>> H2,-0.273294445208914,H1,0.0752355312277909,AX,-0.012933605976823,L1,-0.0543149388843741,L2,-0.03...
GetData ===>> H2,-0.188662393205153,H1,-0.00867429014299577,AX,-0.0582760667338901,L1,-0.0512096193976868,L2,-0...
GetData ===>> H2,-0.194236664695734,H1,0.0434507429419863,AX,-0.121221826167869,L1,-0.00591744714910273,L2,0.00...
GetData ===>> H2,-0.206781742773591,H1,0.0859696795912913,AX,-0.0813450659867425,L1,-0.00771047255829764,L2,0.0...
GetData ===>> H2,-0.173575895403372,H1,0.0545378214666716,AX,-0.168076438697045,L1,-0.0301892774781891,L2,0.111...
GetData ===>> H2,-0.109923597495665,H1,0.0150524179096002,AX,-0.107548986635331,L1,-0.0268314543008796,L2,-0.00...
GetData ===>> H2,-0.244623440865712,H1,0.0290596605724282,AX,-0.0376484461179263,L1,-0.0329472922584093,L2,0.02...
GetData ===>> H2,-0.206451593850661,H1,0.120481798395722,AX,0.0277302191776894,L1,-0.0284296448312316,L2,-0.012...
GetData ===>> H2,-0.165661733557289,H1,0.0592284190732208,AX,-0.0223401342546394,L1,-0.0336848701105362,L2,-0.0...
GetData ===>> H2,-0.173005289167748,H1,0.0636805126750463,AX,-0.163555540661968,L1,-0.0110701859122176,L2,-0.03...
GetData ===>> H2,-0.130192847760867,H1,0.0407298822280968,AX,-0.102542856332406,L1,0.0116950218516675,L2,-0.052...
GetData ===>> H2,-0.0757657798822409,H1,0.0297755859238748,AX,-0.116795744400476,L1,0.030482316898117,L2,-0.156...
GetData ===>> H2,-0.236382287359108,H1,0.138130162361372,AX,-0.0673883953065871,L1,0.0326259134220219,L2,0.0098...
GetData ===>> H2,-0.184843072969463,H1,-0.0103918425594649,AX,0.0393466016736944,L1,-0.0117618934424772,L2,-0.0...
set states for children of H. state=False
handle state [('H', False)]
update switch state H False args=() kw={'refresh': False} ncanvase=2
refresh_canvas_needed fired
GetData ===>> H2,-0.202832799493002,H1,-0.0278042516097752,AX,-0.116737810057828,L1,-0.0154103017032641,L2,-0.0...
State checksums do not match. Local:-1401191061 Remote:287999353
State checksum failed
GetData ===>> H2,-0.186886407754781,H1,-0.00985511059521367,AX,-0.10170847623692,L1,-0.0319102812288816,L2,-0.1...
set states for children of C. state=True
set states for children of B. state=True
handle state [('C', True), ('B', True)]
update switch state C True args=() kw={'refresh': True} ncanvase=2
update switch state B True args=() kw={'refresh': False} ncanvase=2
refresh_canvas_needed fired
GetData ===>> H2,-0.185780490163099,H1,0.0752713098111315,AX,0.020884049512361,L1,-0.0130540723468223,L2,-0.054...
GetData ===>> H2,-0.181930514864407,H1,0.00887267329432469,AX,-0.0302729237121391,L1,-0.0168747848036761,L2,-0....
GetData ===>> H2,-0.268979795124132,H1,0.077274930879301,AX,-0.00640301533987412,L1,-0.0321737352743406,L2,0.01...
GetData ===>> H2,-0.265417722223506,H1,0.0926612142421181,AX,-0.0359785654661176,L1,-0.0057327293977594,L2,-0.0...
GetData ===>> H2,-0.170521535685474,H1,0.122140301977036,AX,-0.0820868927815314,L1,0.0084269242426212,L2,-0.028...
GetData ===>> H2,-0.181411059169316,H1,0.13538545262024,AX,-0.129760582440321,L1,-0.0028859682281129,L2,0.00920...
GetData ===>> H2,-0.223309331747186,H1,-0.0100340215697379,AX,-0.141040657886837,L1,0.00488944165604091,L2,-0.0...
GetData ===>> H2,-0.196959397893964,H1,0.00134535304081602,AX,-0.00762100953241721,L1,0.0174909100604848,L2,-0....
20:55:47 -- collecting point 50
GetData ===>> H2,-0.295053527569929,H1,0.0580826039558559,AX,-0.0164945072132835,L1,-0.00255601338799295,L2,0.0...
GetData ===>> H2,-0.249735506128485,H1,0.0563639058644984,AX,-0.0556442303315244,L1,-0.0152867524298361,L2,-0.0...
GetData ===>> H2,-0.246157303514053,H1,0.07639237856385,AX,0.00721635767582159,L1,-0.000132013654415535,L2,-0.1...
GetData ===>> H2,-0.110633036941477,H1,-0.0746715130350182,AX,-0.0371150151353766,L1,-0.0026064071904324,L2,-0....
GetData ===>> H2,-0.0747301787136902,H1,-0.0383098632829924,AX,-0.049058530437346,L1,0.0127298003098527,L2,0.04...
GetData ===>> H2,-0.070596323423717,H1,0.0311716550846387,AX,-0.128416675929093,L1,0.0244066291615308,L2,-0.013...
GetData ===>> H2,-0.113536673528598,H1,0.00668957285425722,AX,-0.122531073540698,L1,0.0117562412855174,L2,0.081...
GetData ===>> H2,-0.0727522438354622,H1,0.125338069855352,AX,0.0755618735615161,L1,0.0286947327901526,L2,0.0449...
GetData ===>> H2,-0.13431470889681,H1,0.0144439705241474,AX,-0.0633540344859295,L1,0.0244330708254289,L2,-0.089...
GetData ===>> H2,-0.0544580644434789,H1,0.0492745880631198,AX,-0.136646053845515,L1,0.00458565829995378,L2,-0.0...
GetData ===>> H2,-0.124542090775594,H1,0.0308494835504327,AX,-0.0524210033226473,L1,0.0357159451569099,L2,-0.06...
measurement finished
estimated time: 62.915 actual time: :63.163
flush and close file /Users/jan/PychronDev/data/isotopes/37/6822fe-997a-4b8a-b641-5612ee02ab5e.h5
activate_detectors ('H1', 'AX', 'CDD') {'peak_center': True}
peak_center () {'detector': 'H1', 'integration_time': 0.262144, 'isotope': 'Ar40'}
peak center: mean=2808.59646654 threshold=3
peak center started
setup peak center. detector=['H1', 'AX', 'CDD'], isotope=Ar40
VersionedUnpickler [<apptools.sweet_pickle.versioned_unpickler.VersionedUnpickler object at 0x1a764edd0>] using Updater [<apptools.sweet_pickle.updater.Updater object at 0x1373f1ad0>]
VersionedUnpickler [<apptools.sweet_pickle.versioned_unpickler.VersionedUnpickler object at 0x1a764edd0>] using Updater [<apptools.sweet_pickle.updater.Updater object at 0x1373f1ad0>]
VersionedUnpickler [<apptools.sweet_pickle.versioned_unpickler.VersionedUnpickler object at 0x1cc077950>] using Updater [<apptools.sweet_pickle.updater.Updater object at 0x1373f1ad0>]
setting integration time = 0.524288
SetIntegrationTime 0.524288 ===>> OK
Mapping mass to dac mass func: "parabolic"
H1 map mass coeffs = [-0.00063987  0.15840543  0.57146999]
H1 map mass to dac 39.9624 >> 5.87986
GetDeflection H1 ===>> 0
GetHighVoltage ===>> 4500
do peak center. <pychron.spectrometer.jobs.peak_center.PeakCenter object at 0x1376ecfb0>
doing pc
starting peak center. center dac= 5.87986 step_width=0.001
width = 0.001
get scan parameters. half-width=0.015,window=0.015, i=0, scalar=1
Scan parameters center=5.87986 width=0.03000 (5.86486 - 5.89486)
GetData ===>> H2,-0.146027790299503,H1,0.0175697591382697,AX,0.10156977052201,L1,0.0556876363465212,L2,0.018511...
Moving to starting dac 5.86486
setting magnet DAC
current  : 5.240516
requested: 5.864860
Delta Dac: 0.624344
Checking detector protection. dv=0.62434
Checking detector "CDD". Protection Threshold: 0.1 (V)
ProtectDetector CDD,On ===>> OK
GetDeflection CDD ===>> 2000
Protected = 2000
SetMagnetDAC 5.86486 ===>> OK
Magnet settling time: 0.500
GetMagnetMoving ===>> True
GetMagnetMoving ===>> True
GetMagnetMoving ===>> True
GetMagnetMoving ===>> True
GetMagnetMoving ===>> True
GetMagnetMoving ===>> True
GetMagnetMoving ===>> True
GetMagnetMoving ===>> True
GetMagnetMoving ===>> True
GetMagnetMoving ===>> False
ProtectDetector CDD,Off ===>> OK
GetDeflection CDD ===>> 50
Wait until signal near baseline. tol= 0.0131773193537. timeout= 10
GetData ===>> H2,114.223917011172,H1,65.4101328169751,AX,4.4405572307794,L1,0.0872966971069135,L2,0.03594344794...
GetData ===>> H2,148.526287358367,H1,108.666948054943,AX,18.4986307831067,L1,0.175118946693391,L2,-0.0638130269...
GetData ===>> H2,104.76169735018,H1,52.1938936500013,AX,8.40143697195114,L1,0.148687700417961,L2,-0.02527532433...
GetData ===>> H2,50.6544305412038,H1,26.5767613848724,AX,4.0631489286977,L1,0.107526198768547,L2,-0.11296882686...
GetData ===>> H2,19.5303506022431,H1,14.3403482565262,AX,2.05964228728644,L1,0.0878310683604455,L2,-0.052091742...
GetData ===>> H2,6.32586565928917,H1,8.5598668679663,AX,1.17798225786759,L1,0.0888276739602179,L2,-0.0854537974...
GetData ===>> H2,2.04080658798178,H1,5.6600051893877,AX,0.779492471608206,L1,0.0841174982848801,L2,-0.029646594...
GetData ===>> H2,0.962319764713932,H1,4.23231475139103,AX,0.641263307560789,L1,0.0551888733447542,L2,-0.0740765...
GetData ===>> H2,0.962319764713932,H1,4.23231475139103,AX,0.641263307560789,L1,0.0551888733447542,L2,-0.0740765...
GetData ===>> H2,0.793414241940558,H1,3.49111472608803,AX,0.420489784205855,L1,0.0394249925275094,L2,-0.1627977...
GetData ===>> H2,0.820703115346033,H1,3.16855349474843,AX,0.371707374369141,L1,0.0249427979013212,L2,-0.0924842...
GetData ===>> H2,0.836760746009945,H1,3.09471893813791,AX,0.529300787743773,L1,0.00920325957195051,L2,-0.124180...
GetData ===>> H2,0.840805460834522,H1,3.01476319034311,AX,0.523049554166782,L1,-0.000886876133266053,L2,-0.0445...
GetData ===>> H2,0.782858659572779,H1,3.00737875348667,AX,0.462997694574249,L1,-0.0072427575876534,L2,0.0365357...
GetData ===>> H2,0.665205698004882,H1,2.85114826995805,AX,0.457749268966431,L1,0.00952936737242108,L2,-0.004691...
GetData ===>> H2,0.512583269763301,H1,2.89824853957643,AX,0.450225469855752,L1,0.0364287939499447,L2,-0.0694341...
GetData ===>> H2,0.425081410339837,H1,2.95778377441576,AX,0.395537486433323,L1,0.0361907713821481,L2,-0.0279846...
GetData ===>> H2,0.398658206115651,H1,2.89060655934084,AX,0.48617774695747,L1,0.0408464540518905,L2,-0.14605431...
GetData ===>> H2,0.332689943034426,H1,2.90252926713876,AX,0.556936501607088,L1,0.053664811087972,L2,-0.06449577...
GetData ===>> H2,0.352915494768443,H1,2.93276553183783,AX,0.612603559416305,L1,0.0404592001870485,L2,-0.0693659...
GetData ===>> H2,0.38802495744942,H1,2.92708042693846,AX,0.621837965620421,L1,0.0630700690777138,L2,0.060095554...
Peak center failed to move to a baseline position
_do_sweep sm= 5.86486, em= 5.89486, stm= 0.001
calculated step values: start=5.86486, end=5.89486, width=0.001, nsteps=31.0
setting magnet DAC
current  : 5.864860
requested: 5.864860
Delta Dac: 0.000000
Checking detector protection. dv=0.00000
Checking detector "CDD". Protection Threshold: 0.1 (V)
SetMagnetDAC 5.86486 ===>> OK
GetData ===>> H2,0.38802495744942,H1,2.92708042693846,AX,0.621837965620421,L1,0.0630700690777138,L2,0.060095554...
setting magnet DAC
current  : 5.864860
requested: 5.865894
Delta Dac: 0.001034
Checking detector protection. dv=0.00103
Checking detector "CDD". Protection Threshold: 0.1 (V)
SetMagnetDAC 5.86589448276 ===>> OK
Magnet settling time: 1.049
GetData ===>> H2,0.298874359651038,H1,5.81597099782563,AX,1.05294808581902,L1,0.0650768238508365,L2,-0.00746943...
setting magnet DAC
current  : 5.865894
requested: 5.866929
Delta Dac: 0.001034
Checking detector protection. dv=0.00103
Checking detector "CDD". Protection Threshold: 0.1 (V)
SetMagnetDAC 5.86692896552 ===>> OK
Magnet settling time: 1.049
GetData ===>> H2,0.180724091812721,H1,18.89615928005,AX,3.44161840968179,L1,0.0374675036050987,L2,-0.1510890480...
setting magnet DAC
current  : 5.866929
requested: 5.867963
Delta Dac: 0.001034
Checking detector protection. dv=0.00103
Checking detector "CDD". Protection Threshold: 0.1 (V)
SetMagnetDAC 5.86796344828 ===>> OK
Magnet settling time: 1.049
GetData ===>> H2,0.17095862059027,H1,68.8200523060146,AX,10.8527210482148,L1,0.00557602207993374,L2,-0.09482766...
setting magnet DAC
current  : 5.867963
requested: 5.868998
Delta Dac: 0.001034
Checking detector protection. dv=0.00103
Checking detector "CDD". Protection Threshold: 0.1 (V)
SetMagnetDAC 5.86899793103 ===>> OK
Magnet settling time: 1.049
GetData ===>> H2,0.177640661037307,H1,223.030795187752,AX,34.8057493739995,L1,0.135543258995451,L2,-0.054640959...
setting magnet DAC
current  : 5.868998
requested: 5.870032
Delta Dac: 0.001034
Checking detector protection. dv=0.00103
Checking detector "CDD". Protection Threshold: 0.1 (V)
SetMagnetDAC 5.87003241379 ===>> OK
Magnet settling time: 1.049
GetData ===>> H2,0.103779909099135,H1,583.239914838098,AX,97.7465244639253,L1,0.505133301736734,L2,0.1133200588...
setting magnet DAC
current  : 5.870032
requested: 5.871067
Delta Dac: 0.001034
Checking detector protection. dv=0.00103
Checking detector "CDD". Protection Threshold: 0.1 (V)
SetMagnetDAC 5.87106689655 ===>> OK
Magnet settling time: 1.049
GetData ===>> H2,0.0579757012932378,H1,1528.75782661648,AX,291.519228702604,L1,2.03978888208501,L2,0.5183325850...
setting magnet DAC
current  : 5.871067
requested: 5.872101
Delta Dac: 0.001034
Checking detector protection. dv=0.00103
Checking detector "CDD". Protection Threshold: 0.1 (V)
SetMagnetDAC 5.87210137931 ===>> OK
Magnet settling time: 1.049
GetData ===>> H2,-0.0181255899285814,H1,2140.52477794676,AX,448.660163566884,L1,3.54478890027257,L2,1.207351270...
setting magnet DAC
current  : 5.872101
requested: 5.873136
Delta Dac: 0.001034
Checking detector protection. dv=0.00103
Checking detector "CDD". Protection Threshold: 0.1 (V)
SetMagnetDAC 5.87313586207 ===>> OK
Magnet settling time: 1.049
GetData ===>> H2,-0.0583061433462159,H1,2483.76628400867,AX,557.72979109515,L1,5.05214561780215,L2,2.2553199166...
setting magnet DAC
current  : 5.873136
requested: 5.874170
Delta Dac: 0.001034
Checking detector protection. dv=0.00103
Checking detector "CDD". Protection Threshold: 0.1 (V)
SetMagnetDAC 5.87417034483 ===>> OK
Magnet settling time: 1.049
GetData ===>> H2,0.0452297412130631,H1,2619.17351334766,AX,610.573734882165,L1,6.23721995854258,L2,3.1159578550...
setting magnet DAC
current  : 5.874170
requested: 5.875205
Delta Dac: 0.001034
Checking detector protection. dv=0.00103
Checking detector "CDD". Protection Threshold: 0.1 (V)
SetMagnetDAC 5.87520482759 ===>> OK
Magnet settling time: 1.049
GetData ===>> H2,0.0532829037982606,H1,2661.36654509443,AX,629.185491444581,L1,7.04024502281062,L2,3.4772534807...
setting magnet DAC
current  : 5.875205
requested: 5.876239
Delta Dac: 0.001034
Checking detector protection. dv=0.00103
Checking detector "CDD". Protection Threshold: 0.1 (V)
SetMagnetDAC 5.87623931034 ===>> OK
Magnet settling time: 1.049
GetData ===>> H2,-0.0258386115347471,H1,2672.44338572168,AX,633.957820222568,L1,7.4677533783721,L2,3.6025870783...
setting magnet DAC
current  : 5.876239
requested: 5.877274
Delta Dac: 0.001034
Checking detector protection. dv=0.00103
Checking detector "CDD". Protection Threshold: 0.1 (V)
SetMagnetDAC 5.8772737931 ===>> OK
Magnet settling time: 1.049
GetData ===>> H2,-0.0779464693089503,H1,2674.6381455301,AX,634.985639878946,L1,7.72899627501017,L2,3.5713681787...
setting magnet DAC
current  : 5.877274
requested: 5.878308
Delta Dac: 0.001034
Checking detector protection. dv=0.00103
Checking detector "CDD". Protection Threshold: 0.1 (V)
SetMagnetDAC 5.87830827586 ===>> OK
Magnet settling time: 1.049
GetData ===>> H2,-0.0424340147926254,H1,2674.70496807476,AX,635.640841650523,L1,7.85033620179363,L2,3.626924345...
setting magnet DAC
current  : 5.878308
requested: 5.879343
Delta Dac: 0.001034
Checking detector protection. dv=0.00103
Checking detector "CDD". Protection Threshold: 0.1 (V)
SetMagnetDAC 5.87934275862 ===>> OK
Magnet settling time: 1.049
GetData ===>> H2,-0.0672979238510944,H1,2674.58845898494,AX,635.553456655828,L1,7.98184467103101,L2,3.751652462...
setting magnet DAC
current  : 5.879343
requested: 5.880377
Delta Dac: 0.001034
Checking detector protection. dv=0.00103
Checking detector "CDD". Protection Threshold: 0.1 (V)
SetMagnetDAC 5.88037724138 ===>> OK
Magnet settling time: 1.049
GetData ===>> H2,-0.0672924980641485,H1,2673.91399762175,AX,635.635200161154,L1,8.09902480881438,L2,3.633375088...
setting magnet DAC
current  : 5.880377
requested: 5.881412
Delta Dac: 0.001034
Checking detector protection. dv=0.00103
Checking detector "CDD". Protection Threshold: 0.1 (V)
SetMagnetDAC 5.88141172414 ===>> OK
Magnet settling time: 1.049
GetData ===>> H2,-0.034944498940607,H1,2673.77133586476,AX,634.80001912874,L1,8.12927454769118,L2,3.73555329001...
setting magnet DAC
current  : 5.881412
requested: 5.882446
Delta Dac: 0.001034
Checking detector protection. dv=0.00103
Checking detector "CDD". Protection Threshold: 0.1 (V)
SetMagnetDAC 5.8824462069 ===>> OK
Magnet settling time: 1.049
GetData ===>> H2,-0.136709353472039,H1,2671.67707744358,AX,634.293732012716,L1,8.13166972248753,L2,3.7485160516...
setting magnet DAC
current  : 5.882446
requested: 5.883481
Delta Dac: 0.001034
Checking detector protection. dv=0.00103
Checking detector "CDD". Protection Threshold: 0.1 (V)
SetMagnetDAC 5.88348068966 ===>> OK
Magnet settling time: 1.049
GetData ===>> H2,-0.0871552357577349,H1,2665.13552403848,AX,630.392086936035,L1,8.05076560454985,L2,3.554695910...
setting magnet DAC
current  : 5.883481
requested: 5.884515
Delta Dac: 0.001034
Checking detector protection. dv=0.00103
Checking detector "CDD". Protection Threshold: 0.1 (V)
SetMagnetDAC 5.88451517241 ===>> OK
Magnet settling time: 1.049
GetData ===>> H2,-0.125873922071829,H1,2642.95268023591,AX,620.362190236581,L1,7.89213337057164,L2,3.5310020254...
setting magnet DAC
current  : 5.884515
requested: 5.885550
Delta Dac: 0.001034
Checking detector protection. dv=0.00103
Checking detector "CDD". Protection Threshold: 0.1 (V)
SetMagnetDAC 5.88554965517 ===>> OK
Magnet settling time: 1.049
GetData ===>> H2,-0.0940454165699811,H1,2560.55634253661,AX,585.346307884505,L1,7.44204995513774,L2,2.984750773...
setting magnet DAC
current  : 5.885550
requested: 5.886584
Delta Dac: 0.001034
Checking detector protection. dv=0.00103
Checking detector "CDD". Protection Threshold: 0.1 (V)
SetMagnetDAC 5.88658413793 ===>> OK
Magnet settling time: 1.049
GetData ===>> H2,-0.30820555717422,H1,2310.07840712612,AX,489.769857683634,L1,6.49355148470218,L2,2.24365717476...
setting magnet DAC
current  : 5.886584
requested: 5.887619
Delta Dac: 0.001034
Checking detector protection. dv=0.00103
Checking detector "CDD". Protection Threshold: 0.1 (V)
SetMagnetDAC 5.88761862069 ===>> OK
Magnet settling time: 1.049
GetData ===>> H2,-0.434912613051282,H1,1778.88898355841,AX,332.853290498115,L1,5.0112200819762,L2,1.32567865777...
setting magnet DAC
current  : 5.887619
requested: 5.888653
Delta Dac: 0.001034
Checking detector protection. dv=0.00103
Checking detector "CDD". Protection Threshold: 0.1 (V)
SetMagnetDAC 5.88865310345 ===>> OK
Magnet settling time: 1.049
GetData ===>> H2,-0.331732751871051,H1,1101.36446656528,AX,177.485479200789,L1,3.44033563703331,L2,0.6303681484...
setting magnet DAC
current  : 5.888653
requested: 5.889688
Delta Dac: 0.001034
Checking detector protection. dv=0.00103
Checking detector "CDD". Protection Threshold: 0.1 (V)
SetMagnetDAC 5.88968758621 ===>> OK
Magnet settling time: 1.049
GetData ===>> H2,-0.439743013075035,H1,527.396606217533,AX,71.6223668126367,L1,2.12859959441915,L2,0.2990744733...
setting magnet DAC
current  : 5.889688
requested: 5.890722
Delta Dac: 0.001034
Checking detector protection. dv=0.00103
Checking detector "CDD". Protection Threshold: 0.1 (V)
SetMagnetDAC 5.89072206897 ===>> OK
Magnet settling time: 1.049
GetData ===>> H2,-0.320636559362947,H1,196.181305476113,AX,21.9194019758457,L1,1.29469904417115,L2,0.1056365784...
setting magnet DAC
current  : 5.890722
requested: 5.891757
Delta Dac: 0.001034
Checking detector protection. dv=0.00103
Checking detector "CDD". Protection Threshold: 0.1 (V)
SetMagnetDAC 5.89175655172 ===>> OK
Magnet settling time: 1.049
GetData ===>> H2,-0.165584791295995,H1,58.4092837586075,AX,4.91978379253914,L1,0.817343307772537,L2,-0.02500211...
setting magnet DAC
current  : 5.891757
requested: 5.892791
Delta Dac: 0.001034
Checking detector protection. dv=0.00103
Checking detector "CDD". Protection Threshold: 0.1 (V)
SetMagnetDAC 5.89279103448 ===>> OK
Magnet settling time: 1.049
GetData ===>> H2,-0.252079555513509,H1,6.96731307279539,AX,-0.103388817734631,L1,0.38615215267432,L2,-0.1533443...
setting magnet DAC
current  : 5.892791
requested: 5.893826
Delta Dac: 0.001034
Checking detector protection. dv=0.00103
Checking detector "CDD". Protection Threshold: 0.1 (V)
SetMagnetDAC 5.89382551724 ===>> OK
Magnet settling time: 1.049
GetData ===>> H2,-0.23474335420898,H1,1.32508105110667,AX,-0.357318888933876,L1,0.249625715574644,L2,-0.0089951...
setting magnet DAC
current  : 5.893826
requested: 5.894860
Delta Dac: 0.001034
Checking detector protection. dv=0.00103
Checking detector "CDD". Protection Threshold: 0.1 (V)
SetMagnetDAC 5.89486 ===>> OK
Magnet settling time: 1.049
GetData ===>> H2,-0.0923347673090708,H1,-0.0110836261791423,AX,-0.503351826485418,L1,0.180871843077537,L2,-0.05...
result of _do_sweep=True
result of _calculate_peak_center=([5.8718038877755507, 5.8795293386773544, 5.887254789579158], [1964.5958049690814, 2674.7028667084105, 1965.7101134906588], 5.8783269338677355, 2674.7028667084105)
Failed to find a valid peak. No peak greater than 1.0. max = 0.059937799852
new center pos Detector(H1) (Ar40) @ 5.87952933868
GetHighVoltage ===>> 4500
GetDeflection H1 ===>> 0
dac uncorrected for HV and deflection 5.87952933868
update mftable H1 Ar40 5.87952933868 message=automated run peakcenter
get initial guess parabolic
get initial guess parabolic
get initial guess parabolic
get initial guess parabolic
get initial guess parabolic
get initial guess parabolic
dump mftable to /Users/jan/PychronDev/setupfiles/spectrometer/mftables/mftable.csv
add to repo msg=modified - automated run peakcenter
sweep finished
locally archiving mftable
setting magnet DAC
current  : 5.894860
requested: 5.879529
Delta Dac: 0.015331
Checking detector protection. dv=0.01533
Checking detector "CDD". Protection Threshold: 0.1 (V)
SetMagnetDAC 5.87952933868 ===>> OK
Magnet settling time: 0.500
setting integration time = 1.048576
SetIntegrationTime 1.048576 ===>> OK
Failed to find a valid peak. No peak greater than 1.0. max = 0.059937799852
flush and close file /Users/jan/PychronDev/data/isotopes/37/6822fe-997a-4b8a-b641-5612ee02ab5e.h5
finished measure script
executed snippet estimated_duration=226.132928, duration=273.253859043
jan_unknown120_60.py completed successfully
Measurement Finished
20:56:45 -- ******* Measurement Finished *******
Post Measurement Started jan_pump_ms.py
20:56:45 -- ******* Post Measurement Started jan_pump_ms.py *******
testing...
no interpolation path defined
executed snippet estimated_duration=0, duration=4.10079956055e-05
Pumping spectrometer
open () {'name': 'O'}
opening name=O desc=---
checking ownership. requestor=129.138.12.150
check software interlocks O
interlocks []
actuate state mode=None-script, software_lock=False
doing actuation None-script open_channel True
Open O ===>> OK
GetIndicatorState O ===>> OK
change switch state (True, True)
update switch state O True args=() kw={} ncanvase=2
20:56:45 -- OPEN   VALVE-O (Jan Ion Pump)
---------------------------------------- open O () result=[(True, True)], time=0.08 sec
action=open, ok=True, locked=[False]
executed snippet estimated_duration=0, duration=0.340546131134
jan_pump_ms.py completed successfully
setting _ms_pumptime
Post Measurement Finished
20:56:45 -- ******* Post Measurement Finished *******
$$$$$$$$$$$$$$$$$$$$ state at run end measurement
state changed from measurement to success
post measurement save measured=True aborted=False
Set filtering
setting fod for Ar40= {'filter_outliers': True, 'std_devs': 2, 'iterations': 1}
setting fod for H1= {'filter_outliers': True, 'std_devs': 2, 'iterations': 1}
setting fod for PM41= {'filter_outliers': False, 'std_devs': 2, 'iterations': 1}
setting fod for H2= {'filter_outliers': True, 'std_devs': 2, 'iterations': 1}
setting fod for Ar36= {'filter_outliers': True, 'std_devs': 2, 'iterations': 1}
setting fod for CDD= {'filter_outliers': True, 'std_devs': 10, 'iterations': 1}
setting fod for Ar37= {'filter_outliers': True, 'std_devs': 2, 'iterations': 1}
setting fod for L2= {'filter_outliers': True, 'std_devs': 2, 'iterations': 1}
setting fod for Ar38= {'filter_outliers': True, 'std_devs': 2, 'iterations': 1}
setting fod for L1= {'filter_outliers': True, 'std_devs': 2, 'iterations': 1}
setting fod for Ar39= {'filter_outliers': True, 'std_devs': 2, 'iterations': 1}
setting fod for AX= {'filter_outliers': True, 'std_devs': 2, 'iterations': 1}
persistence save...
persistence save - db
post measurement save
8129366160 connecting to database sqlite:////Users/jan/PychronDev/.appdata/local_lab.db
connected to db sqlite:////Users/jan/PychronDev/.appdata/local_lab.db
create new session 8129366160
close session 8129366160
No database instance. Not saving post measurement to isotopedb database
$$$$$$$$$$$$$$$ auto_save_detector_ic=False
massspec enabled True
create new session 4985911824
MassSpec Database Version: 16.0
close session 4985911824
saving post measurement to secondary database
saving to massspec database 129.138.12.160/massspecdata
setting labnumber to 65555
setting aliquot to 16
setting step to 
setting uuid to 376822fe-997a-4b8a-b641-5612ee02ab5e
setting irradpos to 65555
setting extract_device to Fusions CO2
setting tray to 
setting position to 202
setting power_requested to 5.0
setting extract_value to 5.0
setting duration to 30.0
setting duration_at_request to 30.0
setting first_stage_delay to 30.0
setting cleanup to 30.0
setting comment to N:14 without inclusions
setting irradiation to NM-289
setting level to N
setting irradiation_level to N
setting sample to Bw-2014-7 WO
setting material to Sanidine
setting project to Bustos Wells
setting mass_spectrometer to Jan
no attribute chron_dosages
no attribute production_ratios
no attribute interference_corrections
no attribute production_name
no attribute j
Reference Isotope=Ar40
Reference Detector=H1
%%%%%%%%%%%%%%%%%%%% Comment: N:14 without inclusions %%%%%%%%%%%%%%%%%%%
adding isotope PM41 H2
add baseline dbdet= PM41. original det= H2
get baseline data PM41 H2
Get data baseline <pychron.processing.isotope.Baseline object at 0x1d4a70f50> len t=60
baseline PM41. v=-0.184039236502, e=0.00826799523702
get signal data PM41 H2
Get data signal PM41 0.19+/-0.07 len t=120
adding isotope Ar40 H1
add baseline dbdet= Ar40. original det= H1
get baseline data Ar40 H1
Get data baseline <pychron.processing.isotope.Baseline object at 0x1d4a70b90> len t=60
baseline Ar40. v=0.0250858763162, e=0.00768520045164
get signal data Ar40 H1
Get data signal Ar40 2958.23+/-0.14 len t=120
adding isotope Ar39 AX
add baseline dbdet= Ar39. original det= AX
get baseline data Ar39 AX
Get data baseline <pychron.processing.isotope.Baseline object at 0x1d4a70d50> len t=60
baseline Ar39. v=-0.0786234503921, e=0.00746299955481
get signal data Ar39 AX
Get data signal Ar39 700.66+/-0.05 len t=120
adding isotope Ar38 L1
add baseline dbdet= Ar38. original det= L1
get baseline data Ar38 L1
Get data baseline <pychron.processing.isotope.Baseline object at 0x1d4a70990> len t=60
baseline Ar38. v=-0.026914451664, e=0.00533300917814
get signal data Ar38 L1
Get data signal Ar38 8.935+/-0.007 len t=120
adding isotope Ar37 L2
add baseline dbdet= Ar37. original det= L2
get baseline data Ar37 L2
Get data baseline <pychron.processing.isotope.Baseline object at 0x1a4bf2b90> len t=60
baseline Ar37. v=-0.0277228678403, e=0.00607656368658
get signal data Ar37 L2
Get data signal Ar37 4.086+/-0.012 len t=120
adding isotope Ar36 CDD
add baseline dbdet= Ar36. original det= CDD
get baseline data Ar36 CDD
Get data baseline <pychron.processing.isotope.Baseline object at 0x1a4bf2f10> len t=60
baseline Ar36. v=0.000704629646005, e=4.57079779652e-05
get signal data Ar36 CDD
Get data signal Ar36 0.0471+/-0.0006 len t=120
65555-16 added analysis time 0.528268814087s
analysis added to mass spec database
mass spec save time= 0.538
persistence save - dvc
================= post measurement started
create new session 4991427888
close session 4991427888
---------------- Experiment Queue saving disabled
DVC saving peakcenter
Failed to find a valid peak. No peak greater than 1.0. max = 0.059937799852
Smart pull ahead: 0 behind: 0
Up-to-date with origin
add to repo msg=modified - ad8224ebc6dbfeb9f5997218dfa5fe690569839d.json
add to repo msg=modified - 55-16.json
add to repo msg=modified - 55-16.dat.json
add to repo msg=modified - 55-16.blan.json
add to repo msg=modified - 55-16.inte.json
add to repo msg=modified - 55-16.icfa.json
add to repo msg=modified - 55-16.base.json
not at valid file /Users/jan/PychronDev/data/.dvc/repositories/Load1786/655/tags/55-16.tags.json
add to repo msg=modified - 55-16.peak.json
add to repo msg=modified - 55-16.extr.json
not at valid file /Users/jan/PychronDev/data/.dvc/repositories/Load1786/655/monitor/55-16.moni.json
commit message=<COLLECTION>
add to repo msg=modified - 55-16.inte.json
add to repo msg=modified - 55-16.base.json
commit message=<ISOEVO> default collection fits
add to repo msg=modified - 55-16.blan.json
commit message=<BLANKS> preceding bc-02-J-328
add to repo msg=modified - 55-16.icfa.json
commit message=<ICFactor> default
push repository <pychron.git_archive.repo_manager.GitRepoManager object at 0x1edbfde90>
pushing to remote=origin, url=https://github.com
no changes to meta repo
create new session 4991427888
add association Load1786
get identifier "65555"
setting analysis irradiation position=<pychron.dvc.dvc_orm.IrradiationPositionTbl object at 0x1c64cd410>
close session 4991427888
================= post measurement finished
20:57:00 -- ******* Post Run Check *******
loading queue conditionals post_run_actions
loading system conditionals post_run_actions
loading conditionals from /Users/jan/PychronDev/setupfiles/spectrometer/default_conditionals.yaml
loading queue conditionals post_run_terminations
loading system conditionals post_run_terminations
loading conditionals from /Users/jan/PychronDev/setupfiles/spectrometer/default_conditionals.yaml
Checking default post run terminations n=1
GetDeflection CDD ===>> 50
testing CDD==2000
evaluate ot="CDD.deflection==2000" t="CDD==2000", ctx="{'CDD': 50.0}"
20:57:00 -- ******* Post Run Check Passed *******
20:57:00 -- Automated run 65555-16 success duration: 367.348 s
----------------- finish -----------------
----------------- stop -----------------
retroactive repository identifiers disabled
finish run. runs completed=233
update duration runid=65555-16, duration=367.347576857, md5=301e91d8
loading script "jan_unknown120_60.py"
loading script "jan_pump_ms.py"
loading script "jan_co2.py"
loading script "jan_pump_extraction_line.py"
testing...
no interpolation path defined
executed snippet estimated_duration=213.652928, duration=0.000240087509155
script duration name:unknown120_60 seconds:214.0
loading script "jan_unknown120_60.py"
loading script "jan_pump_ms.py"
loading script "jan_co2.py"
loading script "jan_pump_extraction_line.py"
testing...
no interpolation path defined
executed snippet estimated_duration=0, duration=2.8133392334e-05
loading script "jan_unknown120_60.py"
loading script "jan_pump_ms.py"
loading script "jan_co2.py"
loading script "jan_pump_extraction_line.py"
testing...
no interpolation path defined
calculate duration
testing...
no interpolation path defined
executed snippet estimated_duration=0, duration=9.70363616943e-05
calculate duration
testing...
no interpolation path defined
executed snippet estimated_duration=0, duration=0.000176906585693
executed snippet estimated_duration=0.0, duration=0.00393104553223
script duration name:co2 seconds:0.0
loading script "jan_unknown120_60.py"
loading script "jan_pump_ms.py"
loading script "jan_co2.py"
loading script "jan_pump_extraction_line.py"
testing...
no interpolation path defined
calculate duration
testing...
no interpolation path defined
executed snippet estimated_duration=4.0, duration=0.000186920166016
executed snippet estimated_duration=4.0, duration=0.00148892402649
Script duration 214.0
Run total estimated duration= 215.000
loading script "jan_unknown400_120.py"
loading script "jan_pump_ms.py"
loading script "jan_sniffair_x2.py"
loading script "jan_pump_extraction_line.py"
testing...
no interpolation path defined
executed snippet estimated_duration=556.052928, duration=0.000247001647949
script duration name:unknown400_120 seconds:556.0
pump_ms in script context. using previous estimated duration
loading script "jan_unknown400_120.py"
loading script "jan_pump_ms.py"
loading script "jan_sniffair_x2.py"
loading script "jan_pump_extraction_line.py"
testing...
no interpolation path defined
calculate duration
testing...
no interpolation path defined
executed snippet estimated_duration=0, duration=5.10215759277e-05
calculate duration
testing...
no interpolation path defined
executed snippet estimated_duration=0, duration=0.00010085105896
calculate duration
testing...
no interpolation path defined
executed snippet estimated_duration=32.0, duration=9.51290130615e-05
calculate duration
testing...
no interpolation path defined
executed snippet estimated_duration=34.0, duration=9.70363616943e-05
calculate duration
testing...
no interpolation path defined
executed snippet estimated_duration=4.0, duration=6.89029693604e-05
calculate duration
testing...
no interpolation path defined
executed snippet estimated_duration=36.0, duration=9.48905944824e-05
calculate duration
testing...
no interpolation path defined
executed snippet estimated_duration=34.0, duration=0.000103950500488
calculate duration
testing...
no interpolation path defined
executed snippet estimated_duration=4.0, duration=6.69956207275e-05
calculate duration
testing...
no interpolation path defined
executed snippet estimated_duration=36.0, duration=0.000106811523438
calculate duration
testing...
no interpolation path defined
executed snippet estimated_duration=70.0, duration=0.0001060962677
executed snippet estimated_duration=250.0, duration=0.0127899646759
script duration name:sniffair_x2 seconds:250.0
pump_extraction_line in script context. using previous estimated duration
Script duration 806.0
Run total estimated duration= 807.000
unknown120_60 in script context. using previous estimated duration
script duration name:unknown120_60 seconds:214.0
co2 in script context. using previous estimated duration
script duration name:co2 seconds:0.0
Script duration 214.0
Run total estimated duration= 215.000
unknown400_120 in script context. using previous estimated duration
script duration name:unknown400_120 seconds:556.0
script duration name:co2 seconds:0.0
Script duration 556.0
Run total estimated duration= 557.000
script duration name:unknown400_120 seconds:556.0
loading script "jan_unknown400_120.py"
loading script "jan_pump_ms.py"
loading script "jan_cocktail_x1.py"
loading script "jan_pump_extraction_line.py"
testing...
no interpolation path defined
calculate duration
testing...
no interpolation path defined
executed snippet estimated_duration=0, duration=4.91142272949e-05
calculate duration
testing...
no interpolation path defined
executed snippet estimated_duration=0, duration=0.000138998031616
calculate duration
testing...
no interpolation path defined
executed snippet estimated_duration=32.0, duration=0.000134944915771
calculate duration
testing...
no interpolation path defined
executed snippet estimated_duration=34.0, duration=0.000117063522339
calculate duration
testing...
no interpolation path defined
executed snippet estimated_duration=4.0, duration=7.91549682617e-05
calculate duration
testing...
no interpolation path defined
executed snippet estimated_duration=38.0, duration=0.000147104263306
executed snippet estimated_duration=108.0, duration=0.00902509689331
script duration name:cocktail_x1 seconds:108.0
Script duration 664.0
Run total estimated duration= 665.000
script duration name:unknown400_120 seconds:556.0
cocktail_x1 in script context. using previous estimated duration
script duration name:cocktail_x1 seconds:108.0
Script duration 664.0
Run total estimated duration= 665.000
script duration name:unknown120_60 seconds:214.0
script duration name:co2 seconds:0.0
Script duration 214.0
Run total estimated duration= 215.000
script duration name:unknown400_120 seconds:556.0
sniffair_x2 in script context. using previous estimated duration
script duration name:sniffair_x2 seconds:250.0
Script duration 806.0
Run total estimated duration= 807.000
script duration name:unknown120_60 seconds:214.0
script duration name:co2 seconds:0.0
Script duration 214.0
Run total estimated duration= 215.000
script duration name:unknown120_60 seconds:214.0
script duration name:co2 seconds:0.0
Script duration 214.0
Run total estimated duration= 215.000
script duration name:unknown120_60 seconds:214.0
script duration name:co2 seconds:0.0
Script duration 214.0
Run total estimated duration= 215.000
script duration name:unknown120_60 seconds:214.0
script duration name:co2 seconds:0.0
Script duration 214.0
Run total estimated duration= 215.000
script duration name:unknown120_60 seconds:214.0
script duration name:co2 seconds:0.0
Script duration 214.0
Run total estimated duration= 215.000
script duration name:unknown120_60 seconds:214.0
script duration name:co2 seconds:0.0
Script duration 214.0
Run total estimated duration= 215.000
script duration name:unknown120_60 seconds:214.0
script duration name:co2 seconds:0.0
Script duration 214.0
Run total estimated duration= 215.000
script duration name:unknown120_60 seconds:214.0
script duration name:co2 seconds:0.0
Script duration 214.0
Run total estimated duration= 215.000
script duration name:unknown120_60 seconds:214.0
script duration name:co2 seconds:0.0
Script duration 214.0
Run total estimated duration= 215.000
script duration name:unknown120_60 seconds:214.0
script duration name:co2 seconds:0.0
Script duration 214.0
Run total estimated duration= 215.000
script duration name:unknown120_60 seconds:214.0
script duration name:co2 seconds:0.0
Script duration 214.0
Run total estimated duration= 215.000
script duration name:unknown400_120 seconds:556.0
script duration name:cocktail_x1 seconds:108.0
Script duration 664.0
Run total estimated duration= 665.000
script duration name:unknown400_120 seconds:556.0
script duration name:cocktail_x1 seconds:108.0
Script duration 664.0
Run total estimated duration= 665.000
script duration name:unknown120_60 seconds:214.0
script duration name:co2 seconds:0.0
Script duration 214.0
Run total estimated duration= 215.000
script duration name:unknown120_60 seconds:214.0
script duration name:co2 seconds:0.0
Script duration 214.0
Run total estimated duration= 215.000
script duration name:unknown120_60 seconds:214.0
script duration name:co2 seconds:0.0
Script duration 214.0
Run total estimated duration= 215.000
script duration name:unknown120_60 seconds:214.0
script duration name:co2 seconds:0.0
Script duration 214.0
Run total estimated duration= 215.000
loading script "jan_ic_peak_hop3.py"
loading script "jan_pump_ms.py"
loading script "jan_air_x1.py"
loading script "jan_pump_extraction_line.py"
testing...
no interpolation path defined
executed snippet estimated_duration=133.8, duration=0.00993204116821
script duration name:ic_peak_hop3 seconds:134.0
loading script "jan_ic_peak_hop3.py"
loading script "jan_pump_ms.py"
loading script "jan_air_x1.py"
loading script "jan_pump_extraction_line.py"
testing...
no interpolation path defined
calculate duration
testing...
no interpolation path defined
executed snippet estimated_duration=0, duration=5.50746917725e-05
calculate duration
testing...
no interpolation path defined
executed snippet estimated_duration=0, duration=0.000140905380249
calculate duration
testing...
no interpolation path defined
executed snippet estimated_duration=32.0, duration=0.000151872634888
calculate duration
testing...
no interpolation path defined
executed snippet estimated_duration=34.0, duration=0.000166893005371
calculate duration
testing...
no interpolation path defined
executed snippet estimated_duration=4.0, duration=7.00950622559e-05
calculate duration
testing...
no interpolation path defined
executed snippet estimated_duration=36.0, duration=9.29832458496e-05
executed snippet estimated_duration=106.0, duration=0.00976490974426
script duration name:air_x1 seconds:106.0
Script duration 240.0
Run total estimated duration= 241.000
script duration name:unknown120_60 seconds:214.0
script duration name:co2 seconds:0.0
Script duration 214.0
Run total estimated duration= 215.000
nruns=27 before=5.0, run_dur=9157.0, btw=780.0
write rem/ex queues
/Users/jan/PychronDev/experiments/rem/Load1786.rem.txt
/Users/jan/PychronDev/experiments/rem/Load1786.ex.txt
doing event level: 3
