do run
loading script "jan_unknown120_60.py"
loading script "jan_pump_ms.py"
loading script "jan_co2.py"
loading script "jan_pump_extraction_line.py"
testing...
no interpolation path defined
executed snippet estimated_duration=213.652928, duration=0.00049901008606
script duration name:unknown120_60 seconds:214.0
loading script "jan_unknown120_60.py"
loading script "jan_pump_ms.py"
loading script "jan_co2.py"
loading script "jan_pump_extraction_line.py"
testing...
no interpolation path defined
executed snippet estimated_duration=0, duration=2.71797180176e-05
loading script "jan_unknown120_60.py"
loading script "jan_pump_ms.py"
loading script "jan_co2.py"
loading script "jan_pump_extraction_line.py"
testing...
no interpolation path defined
calculate duration
testing...
no interpolation path defined
executed snippet estimated_duration=0, duration=8.89301300049e-05
calculate duration
testing...
no interpolation path defined
executed snippet estimated_duration=0, duration=0.000143051147461
executed snippet estimated_duration=0.0, duration=0.00419902801514
script duration name:co2 seconds:0.0
loading script "jan_unknown120_60.py"
loading script "jan_pump_ms.py"
loading script "jan_co2.py"
loading script "jan_pump_extraction_line.py"
testing...
no interpolation path defined
calculate duration
testing...
no interpolation path defined
executed snippet estimated_duration=4.0, duration=0.00022292137146
executed snippet estimated_duration=4.0, duration=0.00176310539246
Script duration 214.0
Run total estimated duration= 215.000
run duration: 0:03:35
doing event level: 2
19:39:32 -- Setting default integration. t=1.048576
setting integration time = 1.048576
SetIntegrationTime 1.048576 ===>> OK
----------------- start -----------------
**************** Experiment Type: Ar/Ar, Ar/Ar
$$$$$ Clearing conditionals
adding conditionals 
Add queue conditionals
add default conditionals
adding default conditionals from /Users/jan/PychronDev/setupfiles/spectrometer/default_conditionals.yaml
Start automated run 65555-10A
loading script "jan_unknown120_60.py"
loading script "jan_pump_ms.py"
loading script "jan_co2.py"
loading script "jan_pump_extraction_line.py"
%%%%%%%%%%%%%%%%%% setting automated run 65555-10A
No value "sensitivity_multiplier" in metadata
$$$$$$$$$$$$$$$ auto_save_detector_ic=False
============================= Pre Extraction Check =============================
loading queue conditionals pre_run_terminations
loading system conditionals pre_run_terminations
loading conditionals from /Users/jan/PychronDev/setupfiles/spectrometer/default_conditionals.yaml
19:39:32 -- ******* Pre Extraction Check *******
Get a measurement from the spectrometer
GetData ===>> H2,-0.20450284511442,H1,0.112249345390736,AX,-0.0320588719326918,L1,0.0219562686837194,L2,0.06162...
Pre Extraction Termination data. keys=H2,H1,AX,L1,L2,CDD, signals=-0.20450,0.11225,-0.03206,0.02196,0.06162,0.00328
19:39:32 -- testing system defined conditionals
Checking default pre extraction terminations n=2
testing CDD
evaluate ot="CDD.inactive" t="CDD", ctx="{'CDD': False}"
GetDeflection CDD ===>> 50
testing CDD==2000
evaluate ot="CDD.deflection==2000" t="CDD==2000", ctx="{'CDD': 50.0}"
19:39:32 -- ******* Pre Extraction Check Passed *******
=================================================================================
19:39:32 -- stopping status monitor
stop 4984189200
Alive clients [4991693744]
19:39:32 -- starting status monitor
start 4984189200
Monitor already running
start extraction
do extraction
Analysis started at 19:39:32.169349
Extraction Started jan_co2.py
19:39:32 -- ******* Extraction Started jan_co2.py *******
state changed from not run to extraction
DO EXTRACTION <pychron.extraction_line.pyscript_runner.RemotePyScriptRunner object at 0x12c301530>
testing...
no interpolation path defined
calculate duration
testing...
no interpolation path defined
executed snippet estimated_duration=0, duration=4.88758087158e-05
calculate duration
testing...
no interpolation path defined
executed snippet estimated_duration=0, duration=9.91821289062e-05
executed snippet estimated_duration=100.0, duration=0.0029571056366
Jan CO2 laser analysis
doing GOSUB
testing...
no interpolation path defined
executed snippet estimated_duration=0, duration=4.41074371338e-05
Waiting for CO2 access
wait ('FelixCO2Flag', 0) {}
waiting for FelixCO2Flag = 0
Read FelixCO2Flag ===>> 0
finished waiting
CO2 free
wait ('CO2PumpTimeFlag', 0) {}
waiting for CO2PumpTimeFlag = 0
Read CO2PumpTimeFlag ===>> 0
finished waiting
acquire ('JanCO2Flag',) {'clear': True}
acquire JanCO2Flag
Set JanCO2Flag 1 ===>> OK
JanCO2Flag acquired
set extraction state False (0.75, 'red', 1.5)
CO2 acquired
executed snippet estimated_duration=0, duration=0.0196800231934
WaitForCO2Access.py completed successfully
gosub finished
doing GOSUB
testing...
no interpolation path defined
executed snippet estimated_duration=0, duration=0.000102996826172
Prepare for CO2 analysis
close () {'description': 'Jan Inlet'}
closing name=--- desc=Jan Inlet
checking ownership. requestor=129.138.12.150
check software interlocks R
interlocks []
actuate state mode=None-script, software_lock=False
doing actuation None-script close_channel False
Close R ===>> OK
GetIndicatorState R ===>> False
change switch state (True, True)
update switch state R False args=() kw={} ncanvase=2
19:39:32 -- CLOSE  VALVE-R (Jan Inlet)
---------------------------------------- close None (Jan Inlet) result=[(True, True)]
action=close, ok=True, locked=[False]
open () {'description': 'Jan Ion Pump'}
opening name=--- desc=Jan Ion Pump
checking ownership. requestor=129.138.12.150
check software interlocks O
interlocks []
actuate state mode=None-script, software_lock=False
doing actuation None-script open_channel False
Open O ===>> OK
GetIndicatorState O ===>> OK
change switch state (True, True)
update switch state O True args=() kw={} ncanvase=2
19:39:32 -- OPEN   VALVE-O (Jan Ion Pump)
---------------------------------------- open None (Jan Ion Pump) result=[(True, True)], time=0.10 sec
action=open, ok=True, locked=[False]
close () {'description': 'Microbone to Minibone'}
closing name=--- desc=Microbone to Minibone
checking ownership. requestor=129.138.12.150
check software interlocks L
interlocks []
actuate state mode=None-script, software_lock=False
doing actuation None-script close_channel False
Close L ===>> OK
GetIndicatorState L ===>> False
change switch state (True, True)
update switch state L False args=() kw={} ncanvase=2
19:39:33 -- CLOSE  VALVE-L (Microbone to Minibone)
---------------------------------------- close None (Microbone to Minibone) result=[(True, True)]
action=close, ok=True, locked=[False]
open () {'description': 'Microbone to Turbo'}
opening name=--- desc=Microbone to Turbo
checking ownership. requestor=129.138.12.150
check software interlocks U
interlocks []
actuate state mode=None-script, software_lock=False
doing actuation None-script open_channel False
Open U ===>> OK
GetIndicatorState U ===>> OK
change switch state (True, True)
update switch state U True args=() kw={} ncanvase=2
19:39:34 -- OPEN   VALVE-U (Microbone to Turbo)
---------------------------------------- open None (Microbone to Turbo) result=[(True, True)], time=0.12 sec
action=open, ok=True, locked=[False]
open () {'description': 'Microbone to Inlet Pipette'}
opening name=--- desc=Microbone to Inlet Pipette
checking ownership. requestor=129.138.12.150
check software interlocks S
interlocks []
actuate state mode=None-script, software_lock=False
doing actuation None-script open_channel False
Open S ===>> OK
GetIndicatorState S ===>> OK
change switch state (True, True)
update switch state S True args=() kw={} ncanvase=2
19:39:34 -- OPEN   VALVE-S (Microbone to Inlet Pipette)
---------------------------------------- open None (Microbone to Inlet Pipette) result=[(True, True)], time=0.41 sec
action=open, ok=True, locked=[False]
open () {'description': 'Microbone to Getter D-50'}
opening name=--- desc=Microbone to Getter D-50
checking ownership. requestor=129.138.12.150
check software interlocks K
interlocks []
actuate state mode=None-script, software_lock=False
doing actuation None-script open_channel False
Open K ===>> OK
GetIndicatorState K ===>> OK
change switch state (True, True)
update switch state K True args=() kw={} ncanvase=2
19:39:35 -- OPEN   VALVE-K (Microbone to Getter D-50)
---------------------------------------- open None (Microbone to Getter D-50) result=[(True, True)], time=0.41 sec
action=open, ok=True, locked=[False]
open () {'description': 'Microbone to Getter NP-10'}
opening name=--- desc=Microbone to Getter NP-10
checking ownership. requestor=129.138.12.150
check software interlocks M
interlocks []
actuate state mode=None-script, software_lock=False
doing actuation None-script open_channel False
Open M ===>> OK
GetIndicatorState M ===>> OK
change switch state (True, True)
update switch state M True args=() kw={} ncanvase=2
19:39:35 -- OPEN   VALVE-M (Microbone to Getter NP-10)
---------------------------------------- open None (Microbone to Getter NP-10) result=[(True, True)], time=0.14 sec
action=open, ok=True, locked=[False]
close () {'description': 'CO2 Laser to Felix'}
closing name=--- desc=CO2 Laser to Felix
checking ownership. requestor=129.138.12.150
check software interlocks F
interlocks []
actuate state mode=None-script, software_lock=True
VALVE-F(CO2 Laser to Felix) software locked
change switch state (True, False)
---------------------------------------- close None (CO2 Laser to Felix) result=[(True, False)]
action=close, ok=True, locked=[True]
open () {'description': 'CO2 Laser to Jan'}
opening name=--- desc=CO2 Laser to Jan
checking ownership. requestor=129.138.12.150
check software interlocks A
interlocks []
actuate state mode=None-script, software_lock=False
doing actuation None-script open_channel False
Open A ===>> OK
GetIndicatorState A ===>> OK
change switch state (True, True)
update switch state A True args=() kw={} ncanvase=2
19:39:36 -- OPEN   VALVE-A (CO2 Laser to Jan)
---------------------------------------- open None (CO2 Laser to Jan) result=[(True, True)], time=0.13 sec
action=open, ok=True, locked=[False]
open () {'description': 'Microbone to CO2 Laser'}
opening name=--- desc=Microbone to CO2 Laser
checking ownership. requestor=129.138.12.150
check software interlocks T
interlocks []
actuate state mode=None-script, software_lock=False
doing actuation None-script open_channel False
Open T ===>> OK
GetIndicatorState T ===>> OK
change switch state (True, True)
update switch state T True args=() kw={} ncanvase=2
19:39:36 -- OPEN   VALVE-T (Microbone to CO2 Laser)
---------------------------------------- open None (Microbone to CO2 Laser) result=[(True, True)], time=0.42 sec
action=open, ok=True, locked=[False]
executed snippet estimated_duration=0, duration=4.90085887909
PrepareForCO2Analysis.py completed successfully
gosub finished
set_motor ('beam', '1.25') {}
setting motor "beam" to 1.25
set motor beam to 1.25
SetMotor beam,1.25 ===>> OK
GetMotorMoving beam ===>> False
GetMotorMoving beam ===>> False
Block completed
move_to_position ('196',) {'autocenter': True}
FusionsCO2 move to position 196
sending GoToHole 196,True
GoToHole 196,True ===>> OK
GetDriveMoving ===>> OK
GetDriveMoving ===>> OK
GetDriveMoving ===>> OK
GetDriveMoving ===>> OK
GetDriveMoving ===>> OK
GetDriveMoving ===>> OK
GetDriveMoving ===>> False
GetDriveMoving ===>> False
Block completed
GetAutoCorrecting ===>> OK
GetAutoCorrecting ===>> OK
GetAutoCorrecting ===>> OK
GetAutoCorrecting ===>> False
GetAutoCorrecting ===>> False
Block completed
update position
GetPosition ===>> 11.96340,-9.96950,1.00000
got position (11.9634, -9.9695, 1.0)
move to position succeeded
sleep (5,) {}
SLEEP 5.0
block started
WaitControl setup for 5.0  
Join finished
block finished. duration 5.02797317505
close () {'description': 'Microbone to Turbo'}
closing name=--- desc=Microbone to Turbo
checking ownership. requestor=129.138.12.150
check software interlocks U
interlocks []
actuate state mode=None-script, software_lock=False
doing actuation None-script close_channel True
Close U ===>> OK
set states for children of U. state=False
handle state [('U', False)]
update switch state U False args=() kw={'refresh': False} ncanvase=2
refresh_canvas_needed fired
GetIndicatorState U ===>> False
change switch state (True, True)
update switch state U False args=() kw={} ncanvase=2
19:39:48 -- CLOSE  VALVE-U (Microbone to Turbo)
---------------------------------------- close None (Microbone to Turbo) result=[(True, True)]
action=close, ok=True, locked=[False]
enable laser
enable () {}
set extraction state FusionsCO2 Enabled (False, 'red', 1.5)
enabling laser
Enable ===>> OK
begin interval
BEGIN INTERVAL Interval 1 waiting for 30.0
block started
set extract to 0.3
WaitControl setup for 30.0  
extract (0.3,) {}
GetPosition ===>> 11.96340,-9.96950,1.00000
set extraction state FusionsCO2 ON! 0.3(watts) (0.75, 'red', 1.5)
extract sample to 0.3 (watts)
set laser output
SetLaserOutput 0.3,watts ===>> OK
executing pattern triangle.lp
execute_pattern ('triangle.lp',) {}
executing pattern triangle.lp
IsPatterning ===>> OK
IsPatterning ===>> OK
IsPatterning ===>> OK
IsPatterning ===>> OK
IsPatterning ===>> OK
IsPatterning ===>> OK
IsPatterning ===>> OK
IsPatterning ===>> OK
IsPatterning ===>> OK
IsPatterning ===>> OK
IsPatterning ===>> OK
IsPatterning ===>> OK
IsPatterning ===>> OK
IsPatterning ===>> OK
IsPatterning ===>> OK
IsPatterning ===>> OK
IsPatterning ===>> OK
IsPatterning ===>> OK
IsPatterning ===>> OK
IsPatterning ===>> OK
IsPatterning ===>> OK
IsPatterning ===>> OK
IsPatterning ===>> OK
IsPatterning ===>> OK
IsPatterning ===>> OK
IsPatterning ===>> OK
IsPatterning ===>> False
IsPatterning ===>> False
Block completed
COMPLETE INTERVAL waiting for Interval 1 to complete
Join finished
block finished. duration 30.1040430069
Interval 1 finished
end_extract () {}
ending extraction. set laser power to 0
set laser power 0
SetLaserPower 0 ===>> OK
disable () {}
%%%%%%%%%%%%%%%%%%%%%%%%%%%%%%%%%%% disable
set extraction state False (0.75, 'red', 1.5)
disabling laser
Disable ===>> OK
sleep (30.0,) {}
SLEEP 30.0
block started
WaitControl setup for 30.0  
Join finished
block finished. duration 30.0793061256
executed snippet estimated_duration=166.5, duration=77.4677510262
jan_co2.py completed successfully
GetAchievedOutput ===>> No Response
Requested Output= 0.000
Achieved Output=  0.000
GetResponseBlob ===>> No Response
GetOutputBlob ===>> No Response
persistence save...
persistence save - db
AutomatedRunPersister post_extraction_save deprecated
persistence save - dvc
no extraction position for 196
create new session 4991427888
close session 4991427888
Extraction Finished
19:40:49 -- ******* Extraction Finished *******
no overlap. not waiting for min ms pumptime
19:40:49 -- Sending spectrometer configuration
======== Sending configuration ========
SetDeflection CDD,50.0 ===>> OK
SetDeflection H2,0.0 ===>> OK
SetDeflection H1,0.0 ===>> OK
SetDeflection L2,825.0 ===>> OK
SetDeflection L1,400.0 ===>> OK
SetDeflection AX,190.0 ===>> OK
SetZFocus 74.64 ===>> OK
SetZSymmetry -50.72 ===>> OK
SetExtractionLens 26.13 ===>> OK
SetIonRepeller -3.81 ===>> OK
SetElectronEnergy 75.08 ===>> OK
SetYSymmetry -2.81 ===>> OK
SetIonCounterVoltage 1590.0 ===>> OK
send trap current 200.0
GetParameter Trap Current Readback ===>> 198.594579747299
SetParameter Trap Current Set,200.0 ===>> OK
updating mftable name mftable
Using mftable located at /Users/jan/PychronDev/setupfiles/spectrometer/mftables/mftable.csv
============ MFtable ===========
Isotope  H2     H1     AX     L1     L2     CDD    
Ar40     5.7974 5.8796 5.9929 6.1373 6.2313 6.3655
Ar39     5.6966 5.7718 5.8853 6.0234 6.1164 6.2520
Ar36     5.3741 5.4408 5.5487 5.6822 5.7714 5.9031
================================
get initial guess parabolic
get initial guess parabolic
get initial guess parabolic
get initial guess parabolic
get initial guess parabolic
get initial guess parabolic
======== Configuration Finished ========
GetYSymmetry ===>> -2.81
GetZSymmetry ===>> -50.72
GetParameter Trap Current Readback ===>> 197.699505585058
GetHighVoltage ===>> 4500
start measurement
do measurement
L#=65555 analysis type=unknown
Measurement Started jan_unknown120_60.py
19:40:49 -- ******* Measurement Started jan_unknown120_60.py *******
state changed from extraction to measurement
setting spec, defl, and gains
GetExtractionLens ===>> 26.13
GetYSymmetry ===>> -2.81
GetZSymmetry ===>> -50.72
GetZFocus ===>> 74.64
GetDeflection H2 ===>> 0
GetDeflection H1 ===>> 0
GetDeflection AX ===>> 190
GetDeflection L1 ===>> 400
GetDeflection L2 ===>> 825
GetDeflection CDD ===>> 50
GetGain H2 ===>> 0.0113
GetGain H1 ===>> 0.1
GetGain AX ===>> 0.097049
GetGain L1 ===>> 0.010355
GetGain L2 ===>> 0.095649
GetGain CDD ===>> 0
pre measurement save
New frame /Users/jan/PychronDev/data/isotopes/e3/ebefac-926f-4763-b63e-3e14a2d62244.h5
flush and close file /Users/jan/PychronDev/data/isotopes/e3/ebefac-926f-4763-b63e-3e14a2d62244.h5
testing...
no interpolation path defined
executed snippet estimated_duration=226.132928, duration=0.000332117080688
unknown measurement script
activate_detectors ('H2', 'H1', 'AX', 'L1', 'L2', 'CDD') {}
activate detectors
*************** Set Analysis View Ar/Ar
create graphs
clearing graphs
clear isotope group
setting isotope det=H2, iso=PM41
setting isotope det=H1, iso=Ar40
setting isotope det=AX, iso=Ar39
setting isotope det=L1, iso=Ar38
setting isotope det=L2, iso=Ar37
setting isotope det=CDD, iso=Ar36
setting previous blanks
 - setting Ar40 blank 0.166+/-0.007
 - setting Ar36 blank 0.00460+/-0.00019
 - setting Ar37 blank 0.046+/-0.005
 - setting Ar38 blank 0.0069+/-0.0022
 - setting PM41 blank 0.03+/-0.06
 - setting Ar39 blank 0.027+/-0.009
load analysis view
position_magnet ('Ar40',) {'detector': 'H1'}
detector Detector(H1)
POSITION Ar40 H1
setting detector H2 to PM41 (40.9624)
setting detector H1 to Ar40 (39.9624)
setting detector AX to Ar39 (38.9624)
setting detector L1 to Ar38 (37.9624)
setting detector L2 to Ar37 (36.9624)
setting detector CDD to Ar36 (35.9624)
Mapping mass to dac mass func: "parabolic"
H1 map mass coeffs = [-0.00063987  0.15840543  0.57116999]
H1 map mass to dac 39.9624 >> 5.87956
GetDeflection H1 ===>> 0
GetHighVoltage ===>> 4500
positioning Ar40 (5.87956) on H1
setting magnet DAC
current  : 5.879563
requested: 5.879560
Delta Dac: 0.000003
Checking detector protection. dv=0.00000
Checking detector "CDD". Protection Threshold: 0.1 (V)
SetMagnetDAC 5.87956 ===>> OK
Magnet settling time: 0.500
equilibrate () {'delay': 3, 'inlet': 'R', 'outlet': 'O', 'eqtime': 12.0}
Equilibration Started
19:40:51 -- ******* Equilibration Started *******
checking ownership. requestor=129.138.12.150
check software interlocks O
interlocks []
actuate state mode=None-script, software_lock=False
doing actuation None-script close_channel True
update labels <pychron.experiment.plot_panel.PlotPanel object at 0x1d5db9b90>
update labels "<pychron.graph.stacked_regression_graph.StackedRegressionGraph object at 0x1e6d04cb0>"
setting label 0 H2 PM41
setting label 1 H1 Ar40
setting label 2 AX Ar39
setting label 3 L1 Ar38
setting label 4 L2 Ar37
setting label 5 CDD Ar36
update labels "<pychron.graph.stacked_graph.StackedGraph object at 0x1e6d6bdd0>"
setting label 0 H2 PM41
setting label 1 H1 Ar40
setting label 2 AX Ar39
setting label 3 L1 Ar38
setting label 4 L2 Ar37
setting label 5 CDD Ar36
Close O ===>> OK
GetIndicatorState O ===>> False
change switch state (True, True)
update switch state O False args=() kw={} ncanvase=2
19:40:51 -- CLOSE  VALVE-O (Jan Ion Pump)
waiting 3s before opening inlet value ('R',)
checking ownership. requestor=129.138.12.150
check software interlocks R
interlocks []
actuate state mode=None-script, software_lock=False
doing actuation None-script open_channel True
Open R ===>> OK
GetIndicatorState R ===>> OK
change switch state (True, True)
update switch state R True args=() kw={} ncanvase=2
19:40:55 -- OPEN   VALVE-R (Jan Inlet)
equilibrating for 12.0sec
set_time_zero () {}
sniff (12.0,) {}
py_sniff
build tables- sniff [Detector(H2), Detector(H1), Detector(AX), Detector(L1), Detector(L2), Detector(CDD)]
add group /sniff/PM41 (Group) '' table H2
add group /sniff/Ar40 (Group) '' table H1
add group /sniff/Ar39 (Group) '' table AX
add group /sniff/Ar38 (Group) '' table L1
add group /sniff/Ar37 (Group) '' table L2
add group /sniff/Ar36 (Group) '' table CDD
flush and close file /Users/jan/PychronDev/data/isotopes/e3/ebefac-926f-4763-b63e-3e14a2d62244.h5
measuring sniff. ncounts=12.0
"sniff" increment series count="1" fit count="0" regressing="False"
starting measurement
GetData ===>> H2,-0.118736997268703,H1,2.80278527207647,AX,0.859336727129404,L1,0.00494587672735223,L2,0.031337...
GetData ===>> H2,1.02926336569231,H1,64.8641567887859,AX,17.3344933809123,L1,0.246001922883588,L2,0.40763668237...
GetData ===>> H2,0.71515625828675,H1,111.214717682678,AX,27.2858832550462,L1,0.421011670771693,L2,0.17319025041...
GetData ===>> H2,0.321412600216861,H1,126.380258576068,AX,30.1703317713986,L1,0.426395764540247,L2,0.1690494490...
GetData ===>> H2,0.178591639977116,H1,131.751275520631,AX,31.1239270353758,L1,0.413844785171798,L2,0.1723917348...
GetData ===>> H2,0.0918041409046017,H1,134.003515976365,AX,31.4308696353107,L1,0.426564828600218,L2,0.136397007...
GetData ===>> H2,0.0478658122910725,H1,134.83558471915,AX,31.5045180430081,L1,0.426654262161784,L2,0.1697110526...
GetData ===>> H2,-0.102358079631623,H1,135.199908737475,AX,31.7235077007972,L1,0.438582844633258,L2,0.340404325...
GetData ===>> H2,-0.0986758211911562,H1,135.544450999554,AX,31.6864144858841,L1,0.413972162295431,L2,0.19073645...
GetData ===>> H2,-0.0759528286795386,H1,135.659371046827,AX,31.5802463658178,L1,0.409778120629596,L2,0.21482495...
GetData ===>> H2,-0.236410538279694,H1,135.734185879134,AX,31.6104967610008,L1,0.4242300302946,L2,0.15736947601...
Equilibration Finished
19:41:07 -- ******* Equilibration Finished *******
checking ownership. requestor=129.138.12.150
check software interlocks R
interlocks []
actuate state mode=None-script, software_lock=False
doing actuation None-script close_channel True
GetData ===>> H2,-0.182146385545793,H1,135.847087596874,AX,31.6855645297145,L1,0.448457683646124,L2,0.300146882...
Close R ===>> OK
set states for children of R. state=False
handle state [('R', False)]
update switch state R False args=() kw={'refresh': False} ncanvase=2
refresh_canvas_needed fired
GetIndicatorState R ===>> False
change switch state (True, True)
update switch state R False args=() kw={} ncanvase=2
19:41:07 -- CLOSE  VALVE-R (Jan Inlet)
Post Equilibration Started jan_pump_extraction_line.py
19:41:07 -- ******* Post Equilibration Started jan_pump_extraction_line.py *******
testing...
no interpolation path defined
calculate duration
testing...
no interpolation path defined
executed snippet estimated_duration=4.0, duration=0.000243902206421
executed snippet estimated_duration=4.0, duration=0.00163388252258
Pump after analysis
doing GOSUB
testing...
no interpolation path defined
executed snippet estimated_duration=4.0, duration=0.000144004821777
Pump Microbone
close () {'description': 'Jan Inlet'}
closing name=--- desc=Jan Inlet
checking ownership. requestor=129.138.12.150
check software interlocks R
interlocks []
actuate state mode=None-script, software_lock=False
doing actuation None-script close_channel False
Close R ===>> OK
measurement finished
estimated time: 12.583 actual time: :12.701
flush and close file /Users/jan/PychronDev/data/isotopes/e3/ebefac-926f-4763-b63e-3e14a2d62244.h5
set_fits () {}
using default fits file=/Users/jan/PychronDev/scripts/measurement/fits/nominal_linear.yaml
set "Ar40" to "('Linear', 'SEM')"
No fit for "PM41". defaulting to linear. check the measurement script "jan_unknown120_60.py"
set "PM41" to "linear"
set "Ar36" to "('Linear', 'SEM')"
set "Ar37" to "('linear', 'SEM')"
set "Ar38" to "('linear', 'SEM')"
set "Ar39" to "('Linear', 'SEM')"
set_baseline_fits () {}
GetIndicatorState R ===>> False
using default fits file=/Users/jan/PychronDev/scripts/measurement/fits/nominal_linear.yaml
change switch state (True, True)
update switch state R False args=() kw={} ncanvase=2
set "H1" to "('average', 'SEM')"
set "H2" to "('average', 'SEM')"
set "CDD" to "('average', 'SEM')"
set "L2" to "('average', 'SEM')"
19:41:08 -- CLOSE  VALVE-R (Jan Inlet)
set "L1" to "('average', 'SEM')"
---------------------------------------- close None (Jan Inlet) result=[(True, True)]
set "AX" to "('average', 'SEM')"
multicollect () {'integration_time': 1, 'ncounts': 120}
build tables- signal [Detector(H2), Detector(H1), Detector(AX), Detector(L1), Detector(L2), Detector(CDD)]
add group /signal/PM41 (Group) '' table H2
add group /signal/Ar40 (Group) '' table H1
add group /signal/Ar39 (Group) '' table AX
add group /signal/Ar38 (Group) '' table L1
add group /signal/Ar37 (Group) '' table L2
add group /signal/Ar36 (Group) '' table CDD
flush and close file /Users/jan/PychronDev/data/isotopes/e3/ebefac-926f-4763-b63e-3e14a2d62244.h5
measuring signal. ncounts=120
action=close, ok=True, locked=[False]
is_closed ('F',) {}
is F () closed?
is closed True
open () {'description': 'CO2 Laser to Jan'}
opening name=--- desc=CO2 Laser to Jan
checking ownership. requestor=129.138.12.150
check software interlocks A
interlocks []
actuate state mode=None-script, software_lock=False
doing actuation None-script open_channel False
Open A ===>> OK
GetIndicatorState A ===>> OK
change switch state (True, True)
update switch state A True args=() kw={} ncanvase=2
19:41:08 -- OPEN   VALVE-A (CO2 Laser to Jan)
---------------------------------------- open None (CO2 Laser to Jan) result=[(True, True)], time=0.12 sec
starting measurement
GetData ===>> H2,0.0904131516304346,H1,135.668539222778,AX,31.9091394246861,L1,0.465055306744024,L2,0.259803688...
action=open, ok=True, locked=[False]
sleep (1,) {}
SLEEP 1.0
"signal" increment series count="2" fit count="1" regressing="True"
GetData ===>> H2,0.0501549870175346,H1,135.713912051251,AX,31.5059200515546,L1,0.452967448490693,L2,0.220006309...
close () {'description': 'CO2 Laser to Roughing'}
closing name=--- desc=CO2 Laser to Roughing
checking ownership. requestor=129.138.12.150
check software interlocks G
interlocks []
actuate state mode=None-script, software_lock=True
VALVE-G(CO2 Laser to Roughing) software locked
change switch state (True, False)
---------------------------------------- close None (CO2 Laser to Roughing) result=[(True, False)]
action=close, ok=True, locked=[True]
open () {'description': 'Microbone to Turbo'}
opening name=--- desc=Microbone to Turbo
checking ownership. requestor=129.138.12.150
check software interlocks U
interlocks []
actuate state mode=None-script, software_lock=False
doing actuation None-script open_channel True
Open U ===>> OK
GetIndicatorState U ===>> OK
change switch state (True, True)
update switch state U True args=() kw={} ncanvase=2
19:41:10 -- OPEN   VALVE-U (Microbone to Turbo)
---------------------------------------- open None (Microbone to Turbo) result=[(True, True)], time=0.16 sec
action=open, ok=True, locked=[False]
open () {'description': 'Microbone to Getter NP-10'}
opening name=--- desc=Microbone to Getter NP-10
checking ownership. requestor=129.138.12.150
check software interlocks M
interlocks []
actuate state mode=None-script, software_lock=False
doing actuation None-script open_channel False
Open M ===>> OK
GetIndicatorState M ===>> OK
change switch state (True, True)
update switch state M True args=() kw={} ncanvase=2
19:41:10 -- OPEN   VALVE-M (Microbone to Getter NP-10)
---------------------------------------- open None (Microbone to Getter NP-10) result=[(True, True)], time=0.14 sec
action=open, ok=True, locked=[False]
open () {'description': 'Microbone to Getter D-50'}
opening name=--- desc=Microbone to Getter D-50
checking ownership. requestor=129.138.12.150
check software interlocks K
interlocks []
actuate state mode=None-script, software_lock=False
doing actuation None-script open_channel False
GetData ===>> H2,-0.218081032196631,H1,135.505748478401,AX,31.5787637112526,L1,0.461776360089277,L2,0.317402892...
Open K ===>> OK
GetIndicatorState K ===>> OK
change switch state (True, True)
update switch state K True args=() kw={} ncanvase=2
19:41:11 -- OPEN   VALVE-K (Microbone to Getter D-50)
---------------------------------------- open None (Microbone to Getter D-50) result=[(True, True)], time=0.41 sec
action=open, ok=True, locked=[False]
open () {'description': 'Microbone to CO2 Laser'}
opening name=--- desc=Microbone to CO2 Laser
checking ownership. requestor=129.138.12.150
check software interlocks T
interlocks []
actuate state mode=None-script, software_lock=False
doing actuation None-script open_channel False
Open T ===>> OK
GetIndicatorState T ===>> OK
change switch state (True, True)
update switch state T True args=() kw={} ncanvase=2
19:41:11 -- OPEN   VALVE-T (Microbone to CO2 Laser)
---------------------------------------- open None (Microbone to CO2 Laser) result=[(True, True)], time=0.42 sec
GetData ===>> H2,-0.181348992739132,H1,135.495489306319,AX,31.4503248631225,L1,0.479838966967359,L2,0.246887678...
action=open, ok=True, locked=[False]
open () {'description': 'Microbone to Inlet Pipette'}
opening name=--- desc=Microbone to Inlet Pipette
checking ownership. requestor=129.138.12.150
check software interlocks S
interlocks []
actuate state mode=None-script, software_lock=False
doing actuation None-script open_channel False
Open S ===>> OK
GetIndicatorState S ===>> OK
change switch state (True, True)
update switch state S True args=() kw={} ncanvase=2
19:41:12 -- OPEN   VALVE-S (Microbone to Inlet Pipette)
---------------------------------------- open None (Microbone to Inlet Pipette) result=[(True, True)], time=0.43 sec
action=open, ok=True, locked=[False]
sleep (1,) {}
SLEEP 1.0
GetData ===>> H2,-0.0709041433506402,H1,135.741571524233,AX,31.5980936599267,L1,0.446172884988272,L2,0.20373276...
set_resource () {'name': 'CO2PumpTimeFlag', 'value': 30}
Set CO2PumpTimeFlag 30 ===>> OK
release ('JanCO2Flag',) {}
release JanCO2Flag
Set JanCO2Flag 0 ===>> OK
executed snippet estimated_duration=6.0, duration=5.96563911438
PumpMicrobone.py completed successfully
gosub finished
get_resource_value () {'name': 'JanMiniboneFlag'}
Read JanMiniboneFlag ===>> 0
Get Resource Value JanMiniboneFlag=0.0
get resource value 0.0
get_resource_value () {'name': 'JanMiniboneFlag'}
Read JanMiniboneFlag ===>> 0
Get Resource Value JanMiniboneFlag=0.0
executed snippet estimated_duration=4.0, duration=5.97766304016
jan_pump_extraction_line.py completed successfully
Post Equilibration Finished
19:41:13 -- ******* Post Equilibration Finished *******
GetData ===>> H2,-0.0988613164246865,H1,135.823976512172,AX,31.3295807262642,L1,0.442128207817675,L2,0.35820426...
GetData ===>> H2,-0.139457735556991,H1,135.567176637297,AX,31.4135729230213,L1,0.422424783732807,L2,0.164270069...
GetData ===>> H2,-0.262911499543637,H1,135.345418890504,AX,31.4679641090749,L1,0.401767056510057,L2,0.136590859...
GetData ===>> H2,-0.180849750382423,H1,135.33224517303,AX,31.4857139352895,L1,0.390334463938301,L2,0.1993396116...
GetData ===>> H2,-0.0736009406757869,H1,135.359673258301,AX,31.3355550837524,L1,0.40777905305071,L2,0.202762831...
GetData ===>> H2,-0.121096181759611,H1,135.560914776894,AX,31.3907167638875,L1,0.415881783600674,L2,0.165627434...
GetData ===>> H2,-0.0302389782911831,H1,135.533189345547,AX,31.3497569457486,L1,0.424173688093359,L2,0.11688841...
GetData ===>> H2,-0.0263712563131064,H1,135.309258613896,AX,31.4729100600505,L1,0.428270325855421,L2,0.25332662...
GetData ===>> H2,-0.146416847341809,H1,135.316893799848,AX,31.3420702187746,L1,0.418963158690896,L2,0.195140629...
GetData ===>> H2,-0.204152412076542,H1,135.461848341755,AX,31.416091827853,L1,0.422996696611935,L2,0.1284494264...
GetData ===>> H2,-0.223324146989993,H1,135.307519758873,AX,31.4749720599117,L1,0.4738124585475,L2,0.14918065726...
GetData ===>> H2,-0.170359620841628,H1,134.902818942798,AX,31.4043598668536,L1,0.437047325975516,L2,0.162855692...
GetData ===>> H2,-0.176890113899438,H1,135.057815858739,AX,31.3537822530345,L1,0.396498529626657,L2,0.174410851...
GetData ===>> H2,-0.200625912310348,H1,135.018879944912,AX,31.3444529136041,L1,0.414356752805551,L2,0.094978765...
GetData ===>> H2,-0.160208338343314,H1,135.197750341994,AX,31.4313007398218,L1,0.411420021810483,L2,0.173258694...
GetData ===>> H2,-0.121481667028862,H1,134.984506391719,AX,31.4093973220734,L1,0.393211709313301,L2,0.224811299...
GetData ===>> H2,-0.143575613234153,H1,135.054639116462,AX,31.3305775807267,L1,0.395060569237532,L2,0.222699813...
GetData ===>> H2,-0.2822502656046,H1,135.0065757596,AX,31.3641625530813,L1,0.396688233053273,L2,0.1628442859525...
GetData ===>> H2,-0.194576289711489,H1,134.933328627074,AX,31.3336759683053,L1,0.405430370215915,L2,0.174661817...
19:41:34 -- collecting point 25
GetData ===>> H2,-0.0670618997275328,H1,134.84420963885,AX,31.4014641051712,L1,0.391804792159574,L2,0.208593997...
GetData ===>> H2,-0.0471675782203799,H1,134.991316628703,AX,31.2498608503086,L1,0.397398122131055,L2,0.22678586...
GetData ===>> H2,-0.178783732449806,H1,135.064629075065,AX,31.2919491676578,L1,0.441645257734709,L2,0.224297690...
GetData ===>> H2,-0.225741465107321,H1,134.94472895313,AX,31.2785508331507,L1,0.449724781997077,L2,0.1672129526...
GetData ===>> H2,-0.0617520203869248,H1,134.684889576845,AX,31.3763077719125,L1,0.432943514002619,L2,0.20380123...
GetData ===>> H2,-0.179725699855656,H1,134.78188861173,AX,31.2651002343175,L1,0.445919049772703,L2,0.2216269683...
GetData ===>> H2,-0.187497313461282,H1,134.728962599381,AX,31.2534551134008,L1,0.385627649692383,L2,0.190850554...
GetData ===>> H2,-0.179299260135805,H1,134.647013612396,AX,31.1611578420418,L1,0.399454629541553,L2,0.219207403...
GetData ===>> H2,-0.095708839942314,H1,134.524143141061,AX,31.2693547050361,L1,0.439032996172303,L2,0.120468301...
GetData ===>> H2,-0.0432643718902289,H1,134.414273634397,AX,31.1981134478965,L1,0.436054021443438,L2,0.18838613...
GetData ===>> H2,-0.102987463948046,H1,134.658986120741,AX,31.1024913297411,L1,0.395087490901356,L2,0.163711159...
GetData ===>> H2,-0.213677630280072,H1,134.682414805436,AX,31.1216258324219,L1,0.409638552762433,L2,0.242024502...
GetData ===>> H2,-0.16849743377948,H1,134.738245760938,AX,31.1480453873417,L1,0.436404732832065,L2,0.1301483518...
GetData ===>> H2,-0.061004937035964,H1,134.697802888756,AX,31.17343916073,L1,0.378160092516009,L2,0.14319345458...
GetData ===>> H2,-0.0317085587329281,H1,134.506188935565,AX,31.1962969997564,L1,0.398411635029997,L2,0.05966245...
GetData ===>> H2,-0.129465707114215,H1,134.456685205273,AX,31.1702240972037,L1,0.373926157634095,L2,0.117127828...
GetData ===>> H2,-0.0857645101286027,H1,134.383393927919,AX,31.1759816816387,L1,0.40579995536439,L2,0.218728063...
GetData ===>> H2,-0.160940290820537,H1,134.282999458181,AX,31.1966602870473,L1,0.421991277821918,L2,0.239102149...
GetData ===>> H2,-0.216151257553736,H1,134.309352709384,AX,31.0677426474209,L1,0.364844316843221,L2,0.214562467...
GetData ===>> H2,-0.185045399796083,H1,134.274189388144,AX,31.0812480266546,L1,0.385611756081062,L2,0.218716650...
GetData ===>> H2,-0.174757220634355,H1,134.196095058143,AX,31.0126214106885,L1,0.408236857827736,L2,0.187598897...
GetData ===>> H2,-0.156266866520972,H1,134.198585383407,AX,30.9538219299635,L1,0.403632809560838,L2,0.130992124...
GetData ===>> H2,-0.204934132410803,H1,134.085788009202,AX,31.0485769299483,L1,0.373483669874461,L2,0.212177317...
GetData ===>> H2,-0.160182678634957,H1,134.056467355562,AX,31.1559928233329,L1,0.387914140995489,L2,0.200035656...
GetData ===>> H2,-0.130587484516706,H1,133.988523767354,AX,31.1312885083668,L1,0.402674810088917,L2,0.154814671...
19:42:00 -- collecting point 50
GetData ===>> H2,-0.264721306334857,H1,133.971960234633,AX,31.0480927855469,L1,0.441161104639809,L2,0.190953240...
GetData ===>> H2,-0.207517468560023,H1,133.930038948463,AX,31.1215854608589,L1,0.397754309105197,L2,0.176521272...
GetData ===>> H2,-0.163357288808171,H1,134.246526393139,AX,31.0352502686983,L1,0.382819752818978,L2,0.323966014...
GetData ===>> H2,-0.189290731341797,H1,133.907856814664,AX,30.9666381715544,L1,0.38788601528102,L2,0.2045201319...
GetData ===>> H2,-0.189658818811338,H1,133.83075997658,AX,31.0604122167645,L1,0.382583860901106,L2,0.1355189786...
GetData ===>> H2,-0.12440957515466,H1,133.948240852317,AX,31.1047114116275,L1,0.40773743544613,L2,0.17838076400...
GetData ===>> H2,-0.204041888635595,H1,133.685101026879,AX,30.9440723922575,L1,0.414829549395609,L2,0.108406664...
GetData ===>> H2,-0.126912236432473,H1,133.704778976394,AX,30.9048810294608,L1,0.45756880600552,L2,0.2267287979...
GetData ===>> H2,-0.225192058820025,H1,133.678993176551,AX,30.9481200290717,L1,0.419619984693734,L2,0.242709441...
GetData ===>> H2,-0.198278347198933,H1,133.649352386357,AX,30.9767445436613,L1,0.427187204306116,L2,0.161897577...
GetData ===>> H2,-0.178135915693855,H1,133.849030680447,AX,30.9107286189467,L1,0.404889478173788,L2,0.214436931...
GetData ===>> H2,-0.201010160031523,H1,133.603648248925,AX,30.8734302316658,L1,0.392022545855385,L2,0.221843819...
GetData ===>> H2,-0.202227532418439,H1,133.688005815868,AX,30.8657032795215,L1,0.393324271015043,L2,0.104781629...
GetData ===>> H2,-0.11228190628734,H1,133.715743127305,AX,30.928098419385,L1,0.400969474027453,L2,0.29247854273...
GetData ===>> H2,-0.0883157787326638,H1,133.637099744915,AX,30.8513124025763,L1,0.375274518425219,L2,0.12193905...
GetData ===>> H2,-0.0882317544382027,H1,133.636264370295,AX,30.9842442719144,L1,0.3419344508633,L2,0.2043147315...
GetData ===>> H2,-0.17672408662638,H1,133.352352218125,AX,30.7980512334701,L1,0.413995433286651,L2,0.1586469036...
GetData ===>> H2,-0.114259421501539,H1,133.390066397345,AX,30.9035099144227,L1,0.442026467717893,L2,0.157472125...
GetData ===>> H2,-0.0686746336758075,H1,133.434020994755,AX,30.8200242938331,L1,0.470807027816487,L2,0.14081008...
GetData ===>> H2,-0.209890060258993,H1,133.542863638924,AX,30.8438019272621,L1,0.418187520832329,L2,0.135176891...
GetData ===>> H2,-0.199064518887689,H1,133.498634022518,AX,30.9354128198247,L1,0.40691123848473,L2,0.1576203979...
GetData ===>> H2,-0.224540277506008,H1,133.558398493701,AX,30.9165496240448,L1,0.425587235729735,L2,0.186971397...
GetData ===>> H2,-0.219577965904515,H1,133.559114603821,AX,30.7881540105204,L1,0.401871040385099,L2,0.176430010...
GetData ===>> H2,-0.174418350612511,H1,133.210637484022,AX,31.1005538394083,L1,0.391309358544093,L2,0.157962565...
GetData ===>> H2,-0.0892860788168079,H1,133.241902925677,AX,30.8350425772654,L1,0.409647122664561,L2,0.24694475...
19:42:26 -- collecting point 75
GetData ===>> H2,-0.148898122813933,H1,133.066981014995,AX,30.7975409076492,L1,0.413664745199422,L2,0.229593702...
GetData ===>> H2,-0.237598358278622,H1,133.158880358513,AX,30.6906811819046,L1,0.369759950566295,L2,0.228897443...
GetData ===>> H2,-0.208199252292486,H1,132.981674006668,AX,30.747414849412,L1,0.361112745460994,L2,0.2116409520...
GetData ===>> H2,-0.165235169878355,H1,132.958025688281,AX,30.8548729994667,L1,0.382987202704375,L2,0.222517200...
GetData ===>> H2,-0.0792229747632882,H1,132.780181564548,AX,30.8063107752309,L1,0.424375786551946,L2,0.13984078...
GetData ===>> H2,-0.1792452792793,H1,133.060031537447,AX,30.7859651898042,L1,0.422599905710597,L2,0.12019467473...
GetData ===>> H2,-0.166474319926579,H1,133.070594857864,AX,30.7984809833215,L1,0.432651760607021,L2,0.281730206...
GetData ===>> H2,-0.141337792322138,H1,133.114245149839,AX,30.7479656712889,L1,0.353497942367798,L2,0.152054647...
GetData ===>> H2,-0.173791886902986,H1,133.015879342683,AX,30.7454668424167,L1,0.360896658753429,L2,0.216924851...
GetData ===>> H2,-0.175001578780579,H1,132.927174743211,AX,30.8540936894048,L1,0.394518479845921,L2,0.278307422...
GetData ===>> H2,-0.27836752249298,H1,132.840171719668,AX,30.8213137995927,L1,0.363504653428153,L2,0.2578364362...
GetData ===>> H2,-0.180389618338695,H1,132.625770060427,AX,30.7444995686938,L1,0.345390536545694,L2,0.169733866...
GetData ===>> H2,-0.126839233058552,H1,132.670972819469,AX,30.7915648956113,L1,0.371451160577627,L2,0.096494724...
GetData ===>> H2,-0.153880786184285,H1,132.608492433554,AX,30.6682319933679,L1,0.374687721320531,L2,0.088288317...
GetData ===>> H2,-0.0898023639595084,H1,132.632880686096,AX,30.6096998564018,L1,0.358096454113104,L2,0.12858625...
GetData ===>> H2,-0.15911977545915,H1,132.572673356446,AX,30.6559083238824,L1,0.364074935416122,L2,0.2379606291...
GetData ===>> H2,-0.180909120897004,H1,132.689179218926,AX,30.6772272436201,L1,0.416497984724424,L2,0.159958565...
GetData ===>> H2,-0.278366179645099,H1,132.657170602049,AX,30.7209785645182,L1,0.384218104336725,L2,0.164726324...
GetData ===>> H2,-0.330318604917654,H1,132.796613711949,AX,30.7494166296049,L1,0.409883409924254,L2,0.214904838...
GetData ===>> H2,-0.255975813372864,H1,132.526869494202,AX,30.6893384013331,L1,0.39412324986511,L2,0.2063915782...
GetData ===>> H2,-0.118677470218438,H1,132.490849947073,AX,30.5890105145754,L1,0.422555818777907,L2,0.245278008...
GetData ===>> H2,-0.101517492653626,H1,132.33748301278,AX,30.6779656915808,L1,0.397953828169491,L2,0.2093243450...
GetData ===>> H2,-0.129626547069649,H1,132.351690669723,AX,30.5938308377564,L1,0.389659308888998,L2,0.236682142...
GetData ===>> H2,-0.224608958713913,H1,132.225365957857,AX,30.6908288887443,L1,0.378701839496552,L2,0.188580087...
GetData ===>> H2,-0.141648627186885,H1,132.238205002964,AX,30.6431430680339,L1,0.392673387804081,L2,0.167954391...
19:42:53 -- collecting point 100
GetData ===>> H2,-0.0573040498675817,H1,132.355000019366,AX,30.4918156063333,L1,0.376380966780959,L2,0.10580756...
GetData ===>> H2,-0.108704466259554,H1,132.32926016768,AX,30.4735321557294,L1,0.397651490978265,L2,0.1470936469...
GetData ===>> H2,-0.064884897638724,H1,132.218372265666,AX,30.4801315621331,L1,0.379336563659253,L2,0.159730449...
GetData ===>> H2,-0.175507828881624,H1,132.218966618999,AX,30.5913333743671,L1,0.379921180574556,L2,0.211640952...
GetData ===>> H2,-0.271733245768134,H1,132.303662973982,AX,30.4813253985148,L1,0.379072396231415,L2,0.225553184...
GetData ===>> H2,-0.251288846273355,H1,132.322365179722,AX,30.4912924142425,L1,0.404004777241384,L2,0.154803266...
GetData ===>> H2,-0.201066784908083,H1,132.120649865138,AX,30.5713019618354,L1,0.40658200220978,L2,0.1018292663...
GetData ===>> H2,-0.21908619586769,H1,132.205633803488,AX,30.5466435135684,L1,0.371058882546828,L2,0.1839708626...
GetData ===>> H2,-0.141131014846138,H1,132.162591760821,AX,30.4507323060958,L1,0.360241910651525,L2,0.195505750...
GetData ===>> H2,-0.221515196949824,H1,132.059062410035,AX,30.4695351424046,L1,0.380219617114328,L2,0.185214418...
GetData ===>> H2,-0.320835310319426,H1,131.961100517226,AX,30.5658919433697,L1,0.398515684890098,L2,0.259986198...
GetData ===>> H2,-0.267529562338673,H1,131.926150739896,AX,30.5559183225334,L1,0.389091821603016,L2,0.150058811...
GetData ===>> H2,-0.308210134376034,H1,132.062744676371,AX,30.5795047436033,L1,0.363016214419733,L2,0.145097914...
GetData ===>> H2,-0.177145224233977,H1,131.91065724058,AX,30.4320800990311,L1,0.390071490659441,L2,0.1988946020...
GetData ===>> H2,-0.130868496138071,H1,131.890179545785,AX,30.3798296541075,L1,0.410690255562645,L2,0.292923563...
GetData ===>> H2,-0.201167900054113,H1,132.047734839796,AX,30.4232579175316,L1,0.378590552793454,L2,0.183628602...
GetData ===>> H2,-0.200373784784334,H1,131.81802260955,AX,30.3131873108111,L1,0.347429600633454,L2,0.2051363358...
GetData ===>> H2,-0.184403336863049,H1,131.603469849088,AX,30.4509200507064,L1,0.383993181792737,L2,0.263077516...
GetData ===>> H2,-0.165482200801474,H1,131.759226788595,AX,30.3214986878736,L1,0.387722153955282,L2,0.169585575...
GetData ===>> H2,-0.207805816893421,H1,131.684752971873,AX,30.4171846899036,L1,0.414506183573885,L2,0.257345484...
GetData ===>> H2,-0.277721594198979,H1,131.917562849066,AX,30.3046352767099,L1,0.428019139318279,L2,0.151587048...
measurement finished
estimated time: 125.829 actual time: :126.278
flush and close file /Users/jan/PychronDev/data/isotopes/e3/ebefac-926f-4763-b63e-3e14a2d62244.h5
baselines () {'settling_time': 15.0, 'detector': 'H1', 'mass': 34.2, 'ncounts': 60}
%%%%%%%%%%%%%%%%%%%%%%%%%%%%%%%% Baseline
build tables- baseline [Detector(H2), Detector(H1), Detector(AX), Detector(L1), Detector(L2), Detector(CDD)]
add group baseline table H2
add group baseline table H1
add group baseline table AX
add group baseline table L1
add group baseline table L2
add group baseline table CDD
flush and close file /Users/jan/PychronDev/data/isotopes/e3/ebefac-926f-4763-b63e-3e14a2d62244.h5
detector Detector(H1)
POSITION 34.2 H1
Mapping mass to dac mass func: "parabolic"
H1 map mass coeffs = [-0.00063987  0.15840543  0.57116999]
H1 map mass to dac 34.2 >> 5.24021599104
GetDeflection H1 ===>> 0
GetHighVoltage ===>> 4500
positioning 34.2 (5.24021599104) on H1
setting magnet DAC
current  : 5.879560
requested: 5.240216
Delta Dac: 0.639344
Checking detector protection. dv=0.63934
Checking detector "CDD". Protection Threshold: 0.1 (V)
ProtectDetector CDD,On ===>> OK
GetDeflection CDD ===>> 2000
Protected = 2000
SetMagnetDAC 5.24021599104 ===>> OK
Magnet settling time: 0.500
GetMagnetMoving ===>> True
GetMagnetMoving ===>> True
GetMagnetMoving ===>> True
GetMagnetMoving ===>> True
GetMagnetMoving ===>> True
GetMagnetMoving ===>> True
GetMagnetMoving ===>> True
GetMagnetMoving ===>> True
GetMagnetMoving ===>> False
ProtectDetector CDD,Off ===>> OK
GetDeflection CDD ===>> 50
Delaying 15.0s for detectors to settle
Join finished
measuring baseline. ncounts=60
"baseline" increment series count="2" fit count="1" regressing="True"
starting measurement
GetData ===>> H2,-0.23842666769981,H1,0.02490739449057,AX,-0.0450234096101669,L1,0.00463128525490319,L2,0.03319...
GetData ===>> H2,-0.244144402460973,H1,-0.0956717969803343,AX,-0.164030824443071,L1,-0.00962308070966595,L2,0.0...
GetData ===>> H2,-0.318502851766456,H1,-0.0557651040544503,AX,-0.162686113100774,L1,0.00484741574451379,L2,-0.0...
GetData ===>> H2,-0.189995884748415,H1,-0.00176800063635945,AX,-0.131857502927307,L1,-0.0157185685186178,L2,0.0...
GetData ===>> H2,-0.170525583526916,H1,-0.0321568805938586,AX,-0.0144066981831482,L1,-0.020059689394485,L2,0.02...
GetData ===>> H2,-0.227753033695787,H1,-0.0516638730287287,AX,0.0260012258046786,L1,-0.0147601516218234,L2,-0.0...
GetData ===>> H2,-0.169386733759217,H1,-0.0234275817460493,AX,-0.0366279669021177,L1,-0.0305138595273354,L2,0.0...
GetData ===>> H2,-0.123538719728253,H1,0.00744112664830001,AX,-0.122357280655923,L1,-0.039622882255093,L2,-0.05...
GetData ===>> H2,-0.109027779949638,H1,-0.0208277253872734,AX,0.026128868560963,L1,-0.0201771854144681,L2,-0.05...
GetData ===>> H2,-0.110515251399074,H1,-0.00724297394920619,AX,-0.0971308470054168,L1,-0.0137839961855505,L2,0....
GetData ===>> H2,-0.0230907474879251,H1,0.0377107680689772,AX,-0.0665305279848091,L1,-0.0197899229319252,L2,-0....
GetData ===>> H2,-0.15579536498335,H1,0.0920170898544238,AX,-0.0497774137150448,L1,-0.0235719878906827,L2,0.008...
GetData ===>> H2,-0.235164740067021,H1,-0.0604860805052841,AX,-0.0353755459669598,L1,-0.0199349982397404,L2,-0....
GetData ===>> H2,-0.218273717948411,H1,0.0373289103132503,AX,-0.0112401023496658,L1,0.00430589754238774,L2,0.02...
GetData ===>> H2,-0.17502452927485,H1,-0.0459170979659749,AX,-0.0392023370990897,L1,-0.027235219064627,L2,-0.02...
GetData ===>> H2,-0.250289622550069,H1,-0.015747077205641,AX,-0.165885568200709,L1,-0.0109371136731845,L2,-0.05...
GetData ===>> H2,-0.116726433699921,H1,-0.0555743528499296,AX,-0.00851419558713789,L1,-0.0107500902551579,L2,0....
GetData ===>> H2,-0.136929777748113,H1,-0.0326696435996475,AX,-0.000243211270674235,L1,-0.0371539316036083,L2,-...
GetData ===>> H2,-0.132990718785865,H1,-0.0040343657824458,AX,-0.0266777337504757,L1,-0.00260160779154093,L2,-0...
GetData ===>> H2,-0.225091062110752,H1,-0.0380236864295778,AX,-0.00805020385440875,L1,-0.0430970736248237,L2,-0...
GetData ===>> H2,-0.22517051293112,H1,-0.0212689901698092,AX,-0.189148006028335,L1,-0.0328742499485467,L2,-0.02...
GetData ===>> H2,-0.231803359253948,H1,-0.069903524785375,AX,-0.0638293558038116,L1,0.00925134980424247,L2,-0.0...
GetData ===>> H2,-0.167933319609949,H1,-0.0413981364280723,AX,0.00908423970056359,L1,0.000272443100828397,L2,-0...
GetData ===>> H2,-0.18178345060562,H1,-0.0819660953594646,AX,-0.0623106380850839,L1,-0.0070940436591602,L2,-0.0...
19:43:58 -- collecting point 25
GetData ===>> H2,-0.168841556619455,H1,-0.0506623841062258,AX,-0.0148706596156667,L1,-0.0285542307223571,L2,-0....
GetData ===>> H2,-0.178561049620113,H1,-0.0148764238167008,AX,-0.0461249678182095,L1,-0.00396094608738645,L2,-0...
GetData ===>> H2,-0.123005896353209,H1,-0.027649222976822,AX,-0.143417603719938,L1,0.0154937319016595,L2,-0.000...
GetData ===>> H2,-0.135031411303722,H1,-0.0142085201932705,AX,-0.142687133865771,L1,0.0539454560402164,L2,-0.01...
GetData ===>> H2,-0.201886465657981,H1,-0.0104634066038887,AX,0.0318497566564373,L1,0.0158792057026907,L2,-0.01...
GetData ===>> H2,-0.226241024598222,H1,-0.0304635515401717,AX,-0.115150395646202,L1,-0.0123204994868598,L2,-0.1...
GetData ===>> H2,-0.184283283240046,H1,-0.0318706861459848,AX,0.0106505038081684,L1,-0.00163928210047807,L2,0.0...
GetData ===>> H2,-0.182557877631313,H1,-0.0120378026368549,AX,-0.0573717433097955,L1,0.0429080492918093,L2,-0.0...
GetData ===>> H2,-0.179345143661506,H1,-0.0150314722347165,AX,-0.0048021997934883,L1,0.00737099004823634,L2,0.0...
GetData ===>> H2,-0.175582076993574,H1,-0.0766978392460647,AX,-0.125415990072522,L1,-0.0196088756050828,L2,-0.0...
GetData ===>> H2,-0.237431559838577,H1,-0.0881040982082524,AX,-0.0701242459741108,L1,-0.011614445044162,L2,-0.0...
GetData ===>> H2,-0.249762405612078,H1,-0.030916698742378,AX,-0.114849131592555,L1,0.00133707013406308,L2,-0.06...
GetData ===>> H2,-0.22239209571165,H1,-0.0556101187284995,AX,-0.103806001471279,L1,-0.0321282300687966,L2,0.001...
GetData ===>> H2,-0.172071753153342,H1,-0.110281199302009,AX,0.0308633726555485,L1,-0.0210403794046228,L2,0.023...
GetData ===>> H2,-0.140835032683536,H1,0.00834777048044368,AX,-0.0195565461164219,L1,0.00830332622566617,L2,-0....
GetData ===>> H2,-0.096510583546609,H1,0.000641559639302969,AX,-0.00357256997417172,L1,-0.0158888908797252,L2,-...
GetData ===>> H2,-0.157887925601545,H1,-0.107087809047512,AX,-0.108336965162474,L1,-0.0390946425038544,L2,-0.13...
GetData ===>> H2,-0.183920416797439,H1,-0.121847451852619,AX,-0.0522007069315676,L1,-0.0290753184413666,L2,0.00...
GetData ===>> H2,-0.192968371656587,H1,-0.0212928422647306,AX,-0.0301917434688879,L1,-0.0673884122287228,L2,-0....
GetData ===>> H2,-0.170176114554127,H1,0.0184526331408421,AX,-0.0721644913151917,L1,-0.0277264243677794,L2,-0.0...
GetData ===>> H2,-0.105864592071401,H1,0.0270073696053032,AX,-0.0850889153352753,L1,-0.00774285202119794,L2,-0....
GetData ===>> H2,-0.109392842827287,H1,-0.0555505089238515,AX,-0.227744188524646,L1,-6.84058049955697E-05,L2,-0...
GetData ===>> H2,-0.107312353667544,H1,-0.0369028192078289,AX,-0.16354394834561,L1,0.0217399829756948,L2,0.0303...
GetData ===>> H2,-0.0400837218610252,H1,0.0306466353385162,AX,-0.0774735656222004,L1,-0.00405692067237689,L2,-0...
GetData ===>> H2,-0.14846998284734,H1,-0.0219368466807478,AX,-0.0805336864538814,L1,-0.0210463735483747,L2,-0.1...
19:44:24 -- collecting point 50
GetData ===>> H2,-0.142083781686919,H1,0.00142885428122703,AX,-0.0397357566408639,L1,-0.0207406676630111,L2,0.0...
GetData ===>> H2,-0.333071671220239,H1,-0.0277923263388267,AX,-0.134651603398429,L1,-0.00655673631955583,L2,0.0...
GetData ===>> H2,-0.171158378284312,H1,-0.0612132818293308,AX,-0.0141863157279842,L1,0.00360712993710987,L2,-0....
GetData ===>> H2,-0.287555164706713,H1,-0.0058593488399648,AX,-0.0756652671653396,L1,0.0146519852276933,L2,0.03...
GetData ===>> H2,-0.219811043955374,H1,0.0259096498460344,AX,-0.0733584786886474,L1,-0.003141525819154,L2,0.015...
GetData ===>> H2,-0.149337050791727,H1,-0.0707021786575666,AX,-0.0825968954221603,L1,-0.00218765102946915,L2,0....
GetData ===>> H2,-0.158780759959203,H1,0.0172237700986734,AX,-0.124998898997076,L1,-0.0203342442775822,L2,0.036...
GetData ===>> H2,-0.198103035599602,H1,-0.000944939539881795,AX,-0.120584575495923,L1,-0.0694997236581225,L2,-0...
GetData ===>> H2,-0.232692917231616,H1,-0.0455474808060295,AX,-0.161097938690255,L1,-0.0445697395085283,L2,-0.0...
GetData ===>> H2,-0.300765581497839,H1,-0.040134221487098,AX,0.0278578642009074,L1,0.00797573881738859,L2,-0.03...
GetData ===>> H2,-0.17371887969572,H1,-0.0681035501492343,AX,-0.0418578097797759,L1,-0.00198486599948634,L2,0.0...
measurement finished
estimated time: 62.915 actual time: :63.190
flush and close file /Users/jan/PychronDev/data/isotopes/e3/ebefac-926f-4763-b63e-3e14a2d62244.h5
activate_detectors ('H1', 'AX', 'CDD') {'peak_center': True}
peak_center () {'detector': 'H1', 'integration_time': 0.262144, 'isotope': 'Ar40'}
peak center: mean=131.862050211 threshold=3
peak center started
setup peak center. detector=['H1', 'AX', 'CDD'], isotope=Ar40
VersionedUnpickler [<apptools.sweet_pickle.versioned_unpickler.VersionedUnpickler object at 0x1e513f530>] using Updater [<apptools.sweet_pickle.updater.Updater object at 0x1373f1ad0>]
VersionedUnpickler [<apptools.sweet_pickle.versioned_unpickler.VersionedUnpickler object at 0x1e513f530>] using Updater [<apptools.sweet_pickle.updater.Updater object at 0x1373f1ad0>]
VersionedUnpickler [<apptools.sweet_pickle.versioned_unpickler.VersionedUnpickler object at 0x1d9f00290>] using Updater [<apptools.sweet_pickle.updater.Updater object at 0x1373f1ad0>]
setting integration time = 0.524288
SetIntegrationTime 0.524288 ===>> OK
Mapping mass to dac mass func: "parabolic"
H1 map mass coeffs = [-0.00063987  0.15840543  0.57116999]
H1 map mass to dac 39.9624 >> 5.87956
GetDeflection H1 ===>> 0
GetHighVoltage ===>> 4500
do peak center. <pychron.spectrometer.jobs.peak_center.PeakCenter object at 0x1376ecfb0>
doing pc
starting peak center. center dac= 5.87956 step_width=0.001
width = 0.001
get scan parameters. half-width=0.015,window=0.015, i=0, scalar=1
Scan parameters center=5.87956 width=0.03000 (5.86456 - 5.89456)
GetData ===>> H2,-0.140447135690138,H1,-0.0177149644956519,AX,-0.0980348009834011,L1,-0.0177826333083711,L2,-0....
Moving to starting dac 5.86456
setting magnet DAC
current  : 5.240216
requested: 5.864560
Delta Dac: 0.624344
Checking detector protection. dv=0.62434
Checking detector "CDD". Protection Threshold: 0.1 (V)
ProtectDetector CDD,On ===>> OK
GetDeflection CDD ===>> 2000
Protected = 2000
SetMagnetDAC 5.86456 ===>> OK
Magnet settling time: 0.500
GetMagnetMoving ===>> True
GetMagnetMoving ===>> True
GetMagnetMoving ===>> True
GetMagnetMoving ===>> True
GetMagnetMoving ===>> True
GetMagnetMoving ===>> True
GetMagnetMoving ===>> True
GetMagnetMoving ===>> True
GetMagnetMoving ===>> True
GetMagnetMoving ===>> False
ProtectDetector CDD,Off ===>> OK
GetDeflection CDD ===>> 50
Wait until signal near baseline. tol= -0.0132862233717. timeout= 10
GetData ===>> H2,6.19881714376156,H1,2.90562504696281,AX,0.0932922282278673,L1,0.0100593150619649,L2,-0.0577591...
GetData ===>> H2,8.42950349247048,H1,5.19896319252486,AX,0.640216334332168,L1,-0.00948759127783123,L2,-0.087319...
GetData ===>> H2,4.61539168392134,H1,2.47660747169982,AX,0.378100247578577,L1,-0.0429653612832694,L2,-0.1325207...
GetData ===>> H2,1.85961396226545,H1,1.1248404182495,AX,0.216732959792838,L1,-0.0393701451578171,L2,-0.13823969...
GetData ===>> H2,0.620492735547315,H1,0.580883335877247,AX,0.0872425053539519,L1,-0.0161855393585268,L2,-0.0833...
GetData ===>> H2,0.0340111008378503,H1,0.368388315270862,AX,0.0457994568655047,L1,0.00858943822860182,L2,-0.080...
GetData ===>> H2,-0.0959181740007561,H1,0.12207200050367,AX,-0.0419737676343964,L1,0.0416570894486164,L2,-0.074...
GetData ===>> H2,-0.139626583754539,H1,0.107101060478088,AX,-0.143129124111538,L1,0.0408584808073786,L2,0.00107...
GetData ===>> H2,-0.134385837174445,H1,0.21041748399917,AX,-0.176021351605712,L1,-0.00213965494157957,L2,-0.065...
GetData ===>> H2,-0.134385837174445,H1,0.21041748399917,AX,-0.176021351605712,L1,-0.00213965494157957,L2,-0.065...
GetData ===>> H2,-0.0840052084195647,H1,0.0415055586684645,AX,-0.14155372423501,L1,0.00029644697973312,L2,0.069...
GetData ===>> H2,-0.17933430650468,H1,0.143125690792201,AX,-0.125172687162531,L1,0.00764000700261116,L2,0.05116...
GetData ===>> H2,-0.20911811316304,H1,0.146559554895487,AX,-0.0214934679538517,L1,-0.0202395390874779,L2,0.0199...
GetData ===>> H2,-0.193018668839667,H1,0.050790275440238,AX,-0.0709820816136846,L1,-0.0201772559398784,L2,-0.07...
GetData ===>> H2,-0.20706741488024,H1,0.0911075127252527,AX,-0.160341022152616,L1,0.00397691843834287,L2,-0.050...
GetData ===>> H2,-0.207450096394529,H1,0.143960299711332,AX,-0.0564905995822707,L1,0.00142709449150729,L2,-0.15...
GetData ===>> H2,-0.229104383040709,H1,0.069897954205911,AX,0.00467563158650865,L1,-0.00320751381480809,L2,-0.0...
GetData ===>> H2,-0.104193040532626,H1,0.113608853404546,AX,0.0299698334229895,L1,-0.0309417206749034,L2,0.0997...
GetData ===>> H2,-0.100712325587624,H1,0.0482840331196278,AX,0.0532690520865122,L1,-0.0114178438194012,L2,-0.09...
GetData ===>> H2,-0.229115141983993,H1,0.0940152405277452,AX,0.0586910320897661,L1,-0.0086482355691621,L2,-0.07...
GetData ===>> H2,-0.198558840107641,H1,0.0430330621510545,AX,-0.0202640489805086,L1,0.0050047136277214,L2,-0.00...
Peak center failed to move to a baseline position
_do_sweep sm= 5.86456, em= 5.89456, stm= 0.001
calculated step values: start=5.86456, end=5.89456, width=0.001, nsteps=31.0
setting magnet DAC
current  : 5.864560
requested: 5.864560
Delta Dac: 0.000000
Checking detector protection. dv=0.00000
Checking detector "CDD". Protection Threshold: 0.1 (V)
SetMagnetDAC 5.86456 ===>> OK
GetData ===>> H2,-0.198558840107641,H1,0.0430330621510545,AX,-0.0202640489805086,L1,0.0050047136277214,L2,-0.00...
setting magnet DAC
current  : 5.864560
requested: 5.865594
Delta Dac: 0.001034
Checking detector protection. dv=0.00103
Checking detector "CDD". Protection Threshold: 0.1 (V)
SetMagnetDAC 5.86559448276 ===>> OK
Magnet settling time: 1.049
GetData ===>> H2,-0.178579271854633,H1,0.239891253737734,AX,0.0100588010722995,L1,-0.0131080094173433,L2,-0.014...
setting magnet DAC
current  : 5.865594
requested: 5.866629
Delta Dac: 0.001034
Checking detector protection. dv=0.00103
Checking detector "CDD". Protection Threshold: 0.1 (V)
SetMagnetDAC 5.86662896552 ===>> OK
Magnet settling time: 1.049
GetData ===>> H2,-0.184787936358964,H1,0.649106749085004,AX,-0.00402498275161055,L1,-0.00472151957001088,L2,0.0...
setting magnet DAC
current  : 5.866629
requested: 5.867663
Delta Dac: 0.001034
Checking detector protection. dv=0.00103
Checking detector "CDD". Protection Threshold: 0.1 (V)
SetMagnetDAC 5.86766344828 ===>> OK
Magnet settling time: 1.049
GetData ===>> H2,-0.160951094193095,H1,2.47791046503296,AX,0.188909191472916,L1,-3.00008711962555E-05,L2,-0.076...
setting magnet DAC
current  : 5.867663
requested: 5.868698
Delta Dac: 0.001034
Checking detector protection. dv=0.00103
Checking detector "CDD". Protection Threshold: 0.1 (V)
SetMagnetDAC 5.86869793103 ===>> OK
Magnet settling time: 1.049
GetData ===>> H2,-0.0444501037271403,H1,11.8861194569823,AX,1.73911242878066,L1,0.0313473907102744,L2,-0.085158...
setting magnet DAC
current  : 5.868698
requested: 5.869732
Delta Dac: 0.001034
Checking detector protection. dv=0.00103
Checking detector "CDD". Protection Threshold: 0.1 (V)
SetMagnetDAC 5.86973241379 ===>> OK
Magnet settling time: 1.049
GetData ===>> H2,-0.193673098659576,H1,32.4105722458408,AX,5.04962744702498,L1,0.00304767054581169,L2,0.1428741...
setting magnet DAC
current  : 5.869732
requested: 5.870767
Delta Dac: 0.001034
Checking detector protection. dv=0.00103
Checking detector "CDD". Protection Threshold: 0.1 (V)
SetMagnetDAC 5.87076689655 ===>> OK
Magnet settling time: 1.049
GetData ===>> H2,-0.173128046127622,H1,64.706815097068,AX,11.7090367302823,L1,0.0308091138398102,L2,0.010453640...
setting magnet DAC
current  : 5.870767
requested: 5.871801
Delta Dac: 0.001034
Checking detector protection. dv=0.00103
Checking detector "CDD". Protection Threshold: 0.1 (V)
SetMagnetDAC 5.87180137931 ===>> OK
Magnet settling time: 1.049
GetData ===>> H2,-0.0736063634552254,H1,95.805828568377,AX,18.8667734936934,L1,0.127455412729361,L2,0.051596051...
setting magnet DAC
current  : 5.871801
requested: 5.872836
Delta Dac: 0.001034
Checking detector protection. dv=0.00103
Checking detector "CDD". Protection Threshold: 0.1 (V)
SetMagnetDAC 5.87283586207 ===>> OK
Magnet settling time: 1.049
GetData ===>> H2,-0.055121560138679,H1,115.319771667334,AX,24.6397934421272,L1,0.200649567729771,L2,0.028334519...
setting magnet DAC
current  : 5.872836
requested: 5.873870
Delta Dac: 0.001034
Checking detector protection. dv=0.00103
Checking detector "CDD". Protection Threshold: 0.1 (V)
SetMagnetDAC 5.87387034483 ===>> OK
Magnet settling time: 1.049
GetData ===>> H2,-0.201611447816664,H1,123.851752494514,AX,27.5455174868507,L1,0.242255522270741,L2,0.123033590...
setting magnet DAC
current  : 5.873870
requested: 5.874905
Delta Dac: 0.001034
Checking detector protection. dv=0.00103
Checking detector "CDD". Protection Threshold: 0.1 (V)
SetMagnetDAC 5.87490482759 ===>> OK
Magnet settling time: 1.049
GetData ===>> H2,-0.12519247664796,H1,126.404188212809,AX,28.6117550847441,L1,0.288595699116831,L2,0.0824758717...
setting magnet DAC
current  : 5.874905
requested: 5.875939
Delta Dac: 0.001034
Checking detector protection. dv=0.00103
Checking detector "CDD". Protection Threshold: 0.1 (V)
SetMagnetDAC 5.87593931034 ===>> OK
Magnet settling time: 1.049
GetData ===>> H2,-0.0769327514586238,H1,127.081556904686,AX,29.1099825795737,L1,0.349516675367201,L2,0.19908858...
setting magnet DAC
current  : 5.875939
requested: 5.876974
Delta Dac: 0.001034
Checking detector protection. dv=0.00103
Checking detector "CDD". Protection Threshold: 0.1 (V)
SetMagnetDAC 5.8769737931 ===>> OK
Magnet settling time: 1.049
GetData ===>> H2,-0.235194995513135,H1,127.293735288367,AX,29.1592526950146,L1,0.353872830076564,L2,0.145611098...
setting magnet DAC
current  : 5.876974
requested: 5.878008
Delta Dac: 0.001034
Checking detector protection. dv=0.00103
Checking detector "CDD". Protection Threshold: 0.1 (V)
SetMagnetDAC 5.87800827586 ===>> OK
Magnet settling time: 1.049
GetData ===>> H2,-0.0705013992992617,H1,127.229914596396,AX,29.0815181805678,L1,0.365805455403683,L2,0.17325869...
setting magnet DAC
current  : 5.878008
requested: 5.879043
Delta Dac: 0.001034
Checking detector protection. dv=0.00103
Checking detector "CDD". Protection Threshold: 0.1 (V)
SetMagnetDAC 5.87904275862 ===>> OK
Magnet settling time: 1.049
GetData ===>> H2,-0.0285369075813512,H1,127.47530772011,AX,29.0392880116404,L1,0.398753167343255,L2,0.204634243...
setting magnet DAC
current  : 5.879043
requested: 5.880077
Delta Dac: 0.001034
Checking detector protection. dv=0.00103
Checking detector "CDD". Protection Threshold: 0.1 (V)
SetMagnetDAC 5.88007724138 ===>> OK
Magnet settling time: 1.049
GetData ===>> H2,-0.0360550714747323,H1,127.058580048669,AX,29.1776812387906,L1,0.389727800855584,L2,0.18272732...
setting magnet DAC
current  : 5.880077
requested: 5.881112
Delta Dac: 0.001034
Checking detector protection. dv=0.00103
Checking detector "CDD". Protection Threshold: 0.1 (V)
SetMagnetDAC 5.88111172414 ===>> OK
Magnet settling time: 1.049
GetData ===>> H2,-0.0604630230093448,H1,127.301695114365,AX,29.1329086144258,L1,0.33875144334823,L2,0.046309878...
setting magnet DAC
current  : 5.881112
requested: 5.882146
Delta Dac: 0.001034
Checking detector protection. dv=0.00103
Checking detector "CDD". Protection Threshold: 0.1 (V)
SetMagnetDAC 5.8821462069 ===>> OK
Magnet settling time: 1.049
GetData ===>> H2,-0.266004705396572,H1,127.242239882174,AX,28.9331302655023,L1,0.372181899494443,L2,0.127913530...
setting magnet DAC
current  : 5.882146
requested: 5.883181
Delta Dac: 0.001034
Checking detector protection. dv=0.00103
Checking detector "CDD". Protection Threshold: 0.1 (V)
SetMagnetDAC 5.88318068966 ===>> OK
Magnet settling time: 1.049
GetData ===>> H2,-0.152721342742704,H1,127.04453805791,AX,28.9704750124777,L1,0.355912361772967,L2,0.1819971782...
setting magnet DAC
current  : 5.883181
requested: 5.884215
Delta Dac: 0.001034
Checking detector protection. dv=0.00103
Checking detector "CDD". Protection Threshold: 0.1 (V)
SetMagnetDAC 5.88421517241 ===>> OK
Magnet settling time: 1.049
GetData ===>> H2,-0.158403914096017,H1,126.122148532092,AX,28.4900098876989,L1,0.35949168287425,L2,0.2528699520...
setting magnet DAC
current  : 5.884215
requested: 5.885250
Delta Dac: 0.001034
Checking detector protection. dv=0.00103
Checking detector "CDD". Protection Threshold: 0.1 (V)
SetMagnetDAC 5.88524965517 ===>> OK
Magnet settling time: 1.049
GetData ===>> H2,-0.241279167052059,H1,123.286182777314,AX,27.3635947252365,L1,0.356381389338611,L2,0.142942570...
setting magnet DAC
current  : 5.885250
requested: 5.886284
Delta Dac: 0.001034
Checking detector protection. dv=0.00103
Checking detector "CDD". Protection Threshold: 0.1 (V)
SetMagnetDAC 5.88628413793 ===>> OK
Magnet settling time: 1.049
GetData ===>> H2,-0.15546976078262,H1,114.125321701262,AX,23.8422967238273,L1,0.297360012965021,L2,0.0670461107...
setting magnet DAC
current  : 5.886284
requested: 5.887319
Delta Dac: 0.001034
Checking detector protection. dv=0.00103
Checking detector "CDD". Protection Threshold: 0.1 (V)
SetMagnetDAC 5.88731862069 ===>> OK
Magnet settling time: 1.049
GetData ===>> H2,-0.156442492452778,H1,92.3353544780234,AX,17.1583363591919,L1,0.233412613035008,L2,-0.00585262...
setting magnet DAC
current  : 5.887319
requested: 5.888353
Delta Dac: 0.001034
Checking detector protection. dv=0.00103
Checking detector "CDD". Protection Threshold: 0.1 (V)
SetMagnetDAC 5.88835310345 ===>> OK
Magnet settling time: 1.049
GetData ===>> H2,-0.218771069415769,H1,60.5422147220715,AX,9.60139815490425,L1,0.133877870482201,L2,0.020179512...
setting magnet DAC
current  : 5.888353
requested: 5.889388
Delta Dac: 0.001034
Checking detector protection. dv=0.00103
Checking detector "CDD". Protection Threshold: 0.1 (V)
SetMagnetDAC 5.88938758621 ===>> OK
Magnet settling time: 1.049
GetData ===>> H2,-0.104522936428352,H1,30.4859499149346,AX,4.11261516455461,L1,0.107603377654032,L2,0.057178749...
setting magnet DAC
current  : 5.889388
requested: 5.890422
Delta Dac: 0.001034
Checking detector protection. dv=0.00103
Checking detector "CDD". Protection Threshold: 0.1 (V)
SetMagnetDAC 5.89042206897 ===>> OK
Magnet settling time: 1.049
GetData ===>> H2,-0.154386147498224,H1,11.8797740358666,AX,1.30825592736541,L1,0.00430589754238774,L2,0.0151228...
setting magnet DAC
current  : 5.890422
requested: 5.891457
Delta Dac: 0.001034
Checking detector protection. dv=0.00103
Checking detector "CDD". Protection Threshold: 0.1 (V)
SetMagnetDAC 5.89145655172 ===>> OK
Magnet settling time: 1.049
GetData ===>> H2,-0.216450156804328,H1,3.61971479526357,AX,0.267690309196346,L1,0.0646412712593908,L2,0.0044637...
setting magnet DAC
current  : 5.891457
requested: 5.892491
Delta Dac: 0.001034
Checking detector protection. dv=0.00103
Checking detector "CDD". Protection Threshold: 0.1 (V)
SetMagnetDAC 5.89249103448 ===>> OK
Magnet settling time: 1.049
GetData ===>> H2,-0.104925829077598,H1,0.8963416438317,AX,-0.146048179971319,L1,0.0463842190064737,L2,-0.060444...
setting magnet DAC
current  : 5.892491
requested: 5.893526
Delta Dac: 0.001034
Checking detector protection. dv=0.00103
Checking detector "CDD". Protection Threshold: 0.1 (V)
SetMagnetDAC 5.89352551724 ===>> OK
Magnet settling time: 1.049
GetData ===>> H2,-0.0865485915519774,H1,0.188777085581449,AX,-0.00585781300136312,L1,0.0182950700797944,L2,-0.0...
setting magnet DAC
current  : 5.893526
requested: 5.894560
Delta Dac: 0.001034
Checking detector protection. dv=0.00103
Checking detector "CDD". Protection Threshold: 0.1 (V)
SetMagnetDAC 5.89456 ===>> OK
Magnet settling time: 1.049
GetData ===>> H2,-0.0706234444566808,H1,0.0608158721001175,AX,-0.0302613265387185,L1,0.0248539405676119,L2,0.06...
result of _do_sweep=True
result of _calculate_peak_center=([5.8717288203994205, 5.8794781120862423, 5.8872274037730641], [93.624535038321866, 127.46842294309208, 94.256714313345498], 5.8790137350563203, 127.46842294309208)
Failed to find a valid peak. No peak greater than 1.0. max = 0.0229145669556
new center pos Detector(H1) (Ar40) @ 5.87947811209
GetHighVoltage ===>> 4500
GetDeflection H1 ===>> 0
dac uncorrected for HV and deflection 5.87947811209
update mftable H1 Ar40 5.87947811209 message=automated run peakcenter
get initial guess parabolic
get initial guess parabolic
get initial guess parabolic
get initial guess parabolic
get initial guess parabolic
get initial guess parabolic
dump mftable to /Users/jan/PychronDev/setupfiles/spectrometer/mftables/mftable.csv
add to repo msg=modified - automated run peakcenter
locally archiving mftable
setting magnet DAC
current  : 5.894560
requested: 5.879478
Delta Dac: 0.015082
Checking detector protection. dv=0.01508
Checking detector "CDD". Protection Threshold: 0.1 (V)
SetMagnetDAC 5.87947811209 ===>> OK
Magnet settling time: 0.500
sweep finished
setting integration time = 1.048576
SetIntegrationTime 1.048576 ===>> OK
Failed to find a valid peak. No peak greater than 1.0. max = 0.0229217268358
flush and close file /Users/jan/PychronDev/data/isotopes/e3/ebefac-926f-4763-b63e-3e14a2d62244.h5
finished measure script
executed snippet estimated_duration=226.132928, duration=273.014341831
jan_unknown120_60.py completed successfully
Measurement Finished
19:45:23 -- ******* Measurement Finished *******
Post Measurement Started jan_pump_ms.py
19:45:23 -- ******* Post Measurement Started jan_pump_ms.py *******
testing...
no interpolation path defined
executed snippet estimated_duration=0, duration=3.09944152832e-05
Pumping spectrometer
open () {'name': 'O'}
opening name=O desc=---
checking ownership. requestor=129.138.12.150
check software interlocks O
interlocks []
actuate state mode=None-script, software_lock=False
doing actuation None-script open_channel True
Open O ===>> OK
GetIndicatorState O ===>> OK
change switch state (True, True)
update switch state O True args=() kw={} ncanvase=2
19:45:23 -- OPEN   VALVE-O (Jan Ion Pump)
---------------------------------------- open O () result=[(True, True)], time=0.09 sec
action=open, ok=True, locked=[False]
executed snippet estimated_duration=0, duration=0.344540119171
jan_pump_ms.py completed successfully
setting _ms_pumptime
Post Measurement Finished
19:45:23 -- ******* Post Measurement Finished *******
$$$$$$$$$$$$$$$$$$$$ state at run end measurement
state changed from measurement to success
post measurement save measured=True aborted=False
Set filtering
setting fod for Ar40= {'filter_outliers': True, 'std_devs': 2, 'iterations': 1}
setting fod for H1= {'filter_outliers': True, 'std_devs': 2, 'iterations': 1}
setting fod for PM41= {'filter_outliers': False, 'std_devs': 2, 'iterations': 1}
setting fod for H2= {'filter_outliers': True, 'std_devs': 2, 'iterations': 1}
setting fod for Ar36= {'filter_outliers': True, 'std_devs': 2, 'iterations': 1}
setting fod for CDD= {'filter_outliers': True, 'std_devs': 10, 'iterations': 1}
setting fod for Ar37= {'filter_outliers': True, 'std_devs': 2, 'iterations': 1}
setting fod for L2= {'filter_outliers': True, 'std_devs': 2, 'iterations': 1}
setting fod for Ar38= {'filter_outliers': True, 'std_devs': 2, 'iterations': 1}
setting fod for L1= {'filter_outliers': True, 'std_devs': 2, 'iterations': 1}
setting fod for Ar39= {'filter_outliers': True, 'std_devs': 2, 'iterations': 1}
setting fod for AX= {'filter_outliers': True, 'std_devs': 2, 'iterations': 1}
persistence save...
persistence save - db
post measurement save
8154640656 connecting to database sqlite:////Users/jan/PychronDev/.appdata/local_lab.db
connected to db sqlite:////Users/jan/PychronDev/.appdata/local_lab.db
create new session 8154640656
close session 8154640656
No database instance. Not saving post measurement to isotopedb database
$$$$$$$$$$$$$$$ auto_save_detector_ic=False
massspec enabled True
create new session 4985911824
MassSpec Database Version: 16.0
close session 4985911824
saving post measurement to secondary database
saving to massspec database 129.138.12.160/massspecdata
setting labnumber to 65555
setting aliquot to 10
setting step to A
setting uuid to e3ebefac-926f-4763-b63e-3e14a2d62244
setting irradpos to 65555
setting extract_device to Fusions CO2
setting tray to 
setting position to 196
setting power_requested to 0.3
setting extract_value to 0.3
setting duration to 30.0
setting duration_at_request to 30.0
setting first_stage_delay to 30.0
setting cleanup to 30.0
setting comment to N:14 without inclusions
setting irradiation to NM-289
setting level to N
setting irradiation_level to N
setting sample to Bw-2014-7 WO
setting material to Sanidine
setting project to Bustos Wells
setting mass_spectrometer to Jan
no attribute chron_dosages
no attribute production_ratios
no attribute interference_corrections
no attribute production_name
no attribute j
Reference Isotope=Ar40
Reference Detector=H1
%%%%%%%%%%%%%%%%%%%% Comment: N:14 without inclusions %%%%%%%%%%%%%%%%%%%
adding isotope PM41 H2
add baseline dbdet= PM41. original det= H2
get baseline data PM41 H2
Get data baseline <pychron.processing.isotope.Baseline object at 0x1d8bc8b50> len t=60
baseline PM41. v=-0.178542972631, e=0.00612442862442
get signal data PM41 H2
Get data signal PM41 0.07+/-0.07 len t=120
adding isotope Ar40 H1
add baseline dbdet= Ar40. original det= H1
get baseline data Ar40 H1
Get data baseline <pychron.processing.isotope.Baseline object at 0x1d8bc8d50> len t=60
baseline Ar40. v=-0.0270197706045, e=0.00454487313996
get signal data Ar40 H1
Get data signal Ar40 136.220+/-0.024 len t=120
adding isotope Ar39 AX
add baseline dbdet= Ar39. original det= AX
get baseline data Ar39 AX
Get data baseline <pychron.processing.isotope.Baseline object at 0x1d8bc8f10> len t=60
baseline Ar39. v=-0.065059091572, e=0.00769932495279
get signal data Ar39 AX
Get data signal Ar39 31.724+/-0.014 len t=120
adding isotope Ar38 L1
add baseline dbdet= Ar38. original det= L1
get baseline data Ar38 L1
Get data baseline <pychron.processing.isotope.Baseline object at 0x1d8bc3110> len t=60
baseline Ar38. v=-0.0116913258441, e=0.00216353193857
get signal data Ar38 L1
Get data signal Ar38 0.440+/-0.005 len t=120
adding isotope Ar37 L2
add baseline dbdet= Ar37. original det= L2
get baseline data Ar37 L2
Get data baseline <pychron.processing.isotope.Baseline object at 0x1d8bc32d0> len t=60
baseline Ar37. v=-0.0197854943761, e=0.00473353688744
get signal data Ar37 L2
Get data signal Ar37 0.205+/-0.010 len t=120
adding isotope Ar36 CDD
add baseline dbdet= Ar36. original det= CDD
get baseline data Ar36 CDD
Get data baseline <pychron.processing.isotope.Baseline object at 0x1d8bc3490> len t=60
baseline Ar36. v=4.21785331738e-05, e=8.73323675033e-06
get signal data Ar36 CDD
Get data signal Ar36 0.01482+/-0.00030 len t=120
65555-10A added analysis time 0.502081155777s
analysis added to mass spec database
mass spec save time= 0.510
persistence save - dvc
================= post measurement started
create new session 4991427888
close session 4991427888
---------------- Experiment Queue saving disabled
DVC saving peakcenter
Failed to find a valid peak. No peak greater than 1.0. max = 0.0229217268358
Smart pull ahead: 0 behind: 0
Up-to-date with origin
add to repo msg=modified - ad8224ebc6dbfeb9f5997218dfa5fe690569839d.json
add to repo msg=modified - 55-10A.json
add to repo msg=modified - 55-10A.dat.json
add to repo msg=modified - 55-10A.blan.json
add to repo msg=modified - 55-10A.inte.json
add to repo msg=modified - 55-10A.icfa.json
add to repo msg=modified - 55-10A.base.json
not at valid file /Users/jan/PychronDev/data/.dvc/repositories/Load1786/655/tags/55-10A.tags.json
add to repo msg=modified - 55-10A.peak.json
add to repo msg=modified - 55-10A.extr.json
not at valid file /Users/jan/PychronDev/data/.dvc/repositories/Load1786/655/monitor/55-10A.moni.json
commit message=<COLLECTION>
add to repo msg=modified - 55-10A.inte.json
add to repo msg=modified - 55-10A.base.json
commit message=<ISOEVO> default collection fits
add to repo msg=modified - 55-10A.blan.json
commit message=<BLANKS> preceding bc-02-J-328
add to repo msg=modified - 55-10A.icfa.json
commit message=<ICFactor> default
push repository <pychron.git_archive.repo_manager.GitRepoManager object at 0x1e6d6b6b0>
pushing to remote=origin, url=https://github.com
no changes to meta repo
create new session 4991427888
add association Load1786
get identifier "65555"
setting analysis irradiation position=<pychron.dvc.dvc_orm.IrradiationPositionTbl object at 0x1e67815d0>
close session 4991427888
================= post measurement finished
19:45:37 -- ******* Post Run Check *******
loading queue conditionals post_run_actions
loading system conditionals post_run_actions
loading conditionals from /Users/jan/PychronDev/setupfiles/spectrometer/default_conditionals.yaml
loading queue conditionals post_run_terminations
loading system conditionals post_run_terminations
loading conditionals from /Users/jan/PychronDev/setupfiles/spectrometer/default_conditionals.yaml
Checking default post run terminations n=1
GetDeflection CDD ===>> 50
testing CDD==2000
evaluate ot="CDD.deflection==2000" t="CDD==2000", ctx="{'CDD': 50.0}"
19:45:37 -- ******* Post Run Check Passed *******
19:45:37 -- Automated run 65555-10A success duration: 365.949 s
----------------- finish -----------------
----------------- stop -----------------
retroactive repository identifiers disabled
finish run. runs completed=224
update duration runid=65555-10A, duration=365.949304819, md5=301e91d8
loading script "jan_unknown120_60.py"
loading script "jan_pump_ms.py"
loading script "jan_co2.py"
loading script "jan_pump_extraction_line.py"
testing...
no interpolation path defined
executed snippet estimated_duration=213.652928, duration=0.000240802764893
script duration name:unknown120_60 seconds:214.0
loading script "jan_unknown120_60.py"
loading script "jan_pump_ms.py"
loading script "jan_co2.py"
loading script "jan_pump_extraction_line.py"
testing...
no interpolation path defined
executed snippet estimated_duration=0, duration=2.69412994385e-05
loading script "jan_unknown120_60.py"
loading script "jan_pump_ms.py"
loading script "jan_co2.py"
loading script "jan_pump_extraction_line.py"
testing...
no interpolation path defined
calculate duration
testing...
no interpolation path defined
executed snippet estimated_duration=0, duration=5.60283660889e-05
calculate duration
testing...
no interpolation path defined
executed snippet estimated_duration=0, duration=0.000118017196655
executed snippet estimated_duration=0.0, duration=0.00718712806702
script duration name:co2 seconds:0.0
loading script "jan_unknown120_60.py"
loading script "jan_pump_ms.py"
loading script "jan_co2.py"
loading script "jan_pump_extraction_line.py"
testing...
no interpolation path defined
calculate duration
testing...
no interpolation path defined
executed snippet estimated_duration=4.0, duration=0.000160932540894
executed snippet estimated_duration=4.0, duration=0.00193095207214
Script duration 214.0
Run total estimated duration= 215.000
unknown120_60 in script context. using previous estimated duration
script duration name:unknown120_60 seconds:214.0
pump_ms in script context. using previous estimated duration
co2 in script context. using previous estimated duration
script duration name:co2 seconds:0.0
pump_extraction_line in script context. using previous estimated duration
Script duration 214.0
Run total estimated duration= 215.000
script duration name:unknown120_60 seconds:214.0
script duration name:co2 seconds:0.0
Script duration 214.0
Run total estimated duration= 215.000
script duration name:unknown120_60 seconds:214.0
script duration name:co2 seconds:0.0
Script duration 214.0
Run total estimated duration= 215.000
script duration name:unknown120_60 seconds:214.0
script duration name:co2 seconds:0.0
Script duration 214.0
Run total estimated duration= 215.000
script duration name:unknown120_60 seconds:214.0
script duration name:co2 seconds:0.0
Script duration 214.0
Run total estimated duration= 215.000
loading script "jan_ic_peak_hop3.py"
loading script "jan_pump_ms.py"
loading script "jan_air_x1.py"
loading script "jan_pump_extraction_line.py"
testing...
no interpolation path defined
executed snippet estimated_duration=133.8, duration=0.00911211967468
script duration name:ic_peak_hop3 seconds:134.0
loading script "jan_ic_peak_hop3.py"
loading script "jan_pump_ms.py"
loading script "jan_air_x1.py"
loading script "jan_pump_extraction_line.py"
testing...
no interpolation path defined
calculate duration
testing...
no interpolation path defined
executed snippet estimated_duration=0, duration=4.98294830322e-05
calculate duration
testing...
no interpolation path defined
executed snippet estimated_duration=0, duration=9.70363616943e-05
calculate duration
testing...
no interpolation path defined
executed snippet estimated_duration=32.0, duration=0.000123023986816
calculate duration
testing...
no interpolation path defined
executed snippet estimated_duration=34.0, duration=0.000128984451294
calculate duration
testing...
no interpolation path defined
executed snippet estimated_duration=4.0, duration=7.10487365723e-05
calculate duration
testing...
no interpolation path defined
executed snippet estimated_duration=36.0, duration=9.79900360107e-05
executed snippet estimated_duration=106.0, duration=0.0152111053467
script duration name:air_x1 seconds:106.0
Script duration 240.0
Run total estimated duration= 241.000
script duration name:unknown120_60 seconds:214.0
script duration name:co2 seconds:0.0
Script duration 214.0
Run total estimated duration= 215.000
script duration name:unknown120_60 seconds:214.0
script duration name:co2 seconds:0.0
Script duration 214.0
Run total estimated duration= 215.000
script duration name:unknown120_60 seconds:214.0
script duration name:co2 seconds:0.0
Script duration 214.0
Run total estimated duration= 215.000
loading script "jan_unknown400_120.py"
loading script "jan_pump_ms.py"
loading script "jan_sniffair_x2.py"
loading script "jan_pump_extraction_line.py"
testing...
no interpolation path defined
executed snippet estimated_duration=556.052928, duration=0.000152111053467
script duration name:unknown400_120 seconds:556.0
loading script "jan_unknown400_120.py"
loading script "jan_pump_ms.py"
loading script "jan_sniffair_x2.py"
loading script "jan_pump_extraction_line.py"
testing...
no interpolation path defined
calculate duration
testing...
no interpolation path defined
executed snippet estimated_duration=0, duration=6.89029693604e-05
calculate duration
testing...
no interpolation path defined
executed snippet estimated_duration=0, duration=0.000128030776978
calculate duration
testing...
no interpolation path defined
executed snippet estimated_duration=32.0, duration=9.89437103271e-05
calculate duration
testing...
no interpolation path defined
executed snippet estimated_duration=34.0, duration=9.79900360107e-05
calculate duration
testing...
no interpolation path defined
executed snippet estimated_duration=4.0, duration=6.22272491455e-05
calculate duration
testing...
no interpolation path defined
executed snippet estimated_duration=36.0, duration=8.39233398438e-05
calculate duration
testing...
no interpolation path defined
executed snippet estimated_duration=34.0, duration=0.00018310546875
calculate duration
testing...
no interpolation path defined
executed snippet estimated_duration=4.0, duration=6.48498535156e-05
calculate duration
testing...
no interpolation path defined
executed snippet estimated_duration=36.0, duration=9.79900360107e-05
calculate duration
testing...
no interpolation path defined
executed snippet estimated_duration=70.0, duration=9.60826873779e-05
executed snippet estimated_duration=250.0, duration=0.0171918869019
script duration name:sniffair_x2 seconds:250.0
Script duration 806.0
Run total estimated duration= 807.000
script duration name:unknown120_60 seconds:214.0
script duration name:co2 seconds:0.0
Script duration 214.0
Run total estimated duration= 215.000
unknown400_120 in script context. using previous estimated duration
script duration name:unknown400_120 seconds:556.0
script duration name:co2 seconds:0.0
Script duration 556.0
Run total estimated duration= 557.000
script duration name:unknown400_120 seconds:556.0
loading script "jan_unknown400_120.py"
loading script "jan_pump_ms.py"
loading script "jan_cocktail_x1.py"
loading script "jan_pump_extraction_line.py"
testing...
no interpolation path defined
calculate duration
testing...
no interpolation path defined
executed snippet estimated_duration=0, duration=5.10215759277e-05
calculate duration
testing...
no interpolation path defined
executed snippet estimated_duration=0, duration=0.000164985656738
calculate duration
testing...
no interpolation path defined
executed snippet estimated_duration=32.0, duration=0.000130176544189
calculate duration
testing...
no interpolation path defined
executed snippet estimated_duration=34.0, duration=0.000164031982422
calculate duration
testing...
no interpolation path defined
executed snippet estimated_duration=4.0, duration=0.000138998031616
calculate duration
testing...
no interpolation path defined
executed snippet estimated_duration=38.0, duration=0.000205039978027
executed snippet estimated_duration=108.0, duration=0.0217759609222
script duration name:cocktail_x1 seconds:108.0
Script duration 664.0
Run total estimated duration= 665.000
script duration name:unknown400_120 seconds:556.0
cocktail_x1 in script context. using previous estimated duration
script duration name:cocktail_x1 seconds:108.0
Script duration 664.0
Run total estimated duration= 665.000
script duration name:unknown120_60 seconds:214.0
script duration name:co2 seconds:0.0
Script duration 214.0
Run total estimated duration= 215.000
script duration name:unknown400_120 seconds:556.0
sniffair_x2 in script context. using previous estimated duration
script duration name:sniffair_x2 seconds:250.0
Script duration 806.0
Run total estimated duration= 807.000
script duration name:unknown120_60 seconds:214.0
script duration name:co2 seconds:0.0
Script duration 214.0
Run total estimated duration= 215.000
script duration name:unknown120_60 seconds:214.0
script duration name:co2 seconds:0.0
Script duration 214.0
Run total estimated duration= 215.000
script duration name:unknown120_60 seconds:214.0
script duration name:co2 seconds:0.0
Script duration 214.0
Run total estimated duration= 215.000
script duration name:unknown120_60 seconds:214.0
script duration name:co2 seconds:0.0
Script duration 214.0
Run total estimated duration= 215.000
script duration name:unknown120_60 seconds:214.0
script duration name:co2 seconds:0.0
Script duration 214.0
Run total estimated duration= 215.000
script duration name:unknown120_60 seconds:214.0
script duration name:co2 seconds:0.0
Script duration 214.0
Run total estimated duration= 215.000
script duration name:unknown120_60 seconds:214.0
script duration name:co2 seconds:0.0
Script duration 214.0
Run total estimated duration= 215.000
script duration name:unknown120_60 seconds:214.0
script duration name:co2 seconds:0.0
Script duration 214.0
Run total estimated duration= 215.000
script duration name:unknown120_60 seconds:214.0
script duration name:co2 seconds:0.0
Script duration 214.0
Run total estimated duration= 215.000
script duration name:unknown120_60 seconds:214.0
script duration name:co2 seconds:0.0
Script duration 214.0
Run total estimated duration= 215.000
script duration name:unknown120_60 seconds:214.0
script duration name:co2 seconds:0.0
Script duration 214.0
Run total estimated duration= 215.000
script duration name:unknown400_120 seconds:556.0
script duration name:cocktail_x1 seconds:108.0
Script duration 664.0
Run total estimated duration= 665.000
script duration name:unknown400_120 seconds:556.0
script duration name:cocktail_x1 seconds:108.0
Script duration 664.0
Run total estimated duration= 665.000
script duration name:unknown120_60 seconds:214.0
script duration name:co2 seconds:0.0
Script duration 214.0
Run total estimated duration= 215.000
script duration name:unknown120_60 seconds:214.0
script duration name:co2 seconds:0.0
Script duration 214.0
Run total estimated duration= 215.000
script duration name:unknown120_60 seconds:214.0
script duration name:co2 seconds:0.0
Script duration 214.0
Run total estimated duration= 215.000
script duration name:unknown120_60 seconds:214.0
script duration name:co2 seconds:0.0
Script duration 214.0
Run total estimated duration= 215.000
ic_peak_hop3 in script context. using previous estimated duration
script duration name:ic_peak_hop3 seconds:134.0
air_x1 in script context. using previous estimated duration
script duration name:air_x1 seconds:106.0
Script duration 240.0
Run total estimated duration= 241.000
script duration name:unknown120_60 seconds:214.0
script duration name:co2 seconds:0.0
Script duration 214.0
Run total estimated duration= 215.000
nruns=36 before=5.0, run_dur=11118.0, btw=1050.0
write rem/ex queues
/Users/jan/PychronDev/experiments/rem/Load1786.rem.txt
/Users/jan/PychronDev/experiments/rem/Load1786.ex.txt
doing event level: 3
