do run
loading script "jan_unknown120_60.py"
loading script "jan_pump_ms.py"
loading script "jan_co2.py"
loading script "jan_pump_extraction_line.py"
testing...
no interpolation path defined
executed snippet estimated_duration=213.652928, duration=0.000189065933228
script duration name:unknown120_60 seconds:214.0
loading script "jan_unknown120_60.py"
loading script "jan_pump_ms.py"
loading script "jan_co2.py"
loading script "jan_pump_extraction_line.py"
testing...
no interpolation path defined
executed snippet estimated_duration=0, duration=1.78813934326e-05
loading script "jan_unknown120_60.py"
loading script "jan_pump_ms.py"
loading script "jan_co2.py"
loading script "jan_pump_extraction_line.py"
testing...
no interpolation path defined
calculate duration
testing...
no interpolation path defined
executed snippet estimated_duration=0, duration=9.20295715332e-05
calculate duration
testing...
no interpolation path defined
executed snippet estimated_duration=0, duration=8.9168548584e-05
executed snippet estimated_duration=0.0, duration=0.00230503082275
script duration name:co2 seconds:0.0
loading script "jan_unknown120_60.py"
loading script "jan_pump_ms.py"
loading script "jan_co2.py"
loading script "jan_pump_extraction_line.py"
testing...
no interpolation path defined
calculate duration
testing...
no interpolation path defined
executed snippet estimated_duration=4.0, duration=0.000119924545288
executed snippet estimated_duration=4.0, duration=0.000946998596191
Script duration 214.0
Run total estimated duration= 215.000
run duration: 0:03:35
doing event level: 2
23:16:38 -- Setting default integration. t=1.048576
setting integration time = 1.048576
SetIntegrationTime 1.048576 ===>> OK
----------------- start -----------------
**************** Experiment Type: Ar/Ar, Ar/Ar
$$$$$ Clearing conditionals
adding conditionals 
Add queue conditionals
add default conditionals
adding default conditionals from /Users/jan/PychronDev/setupfiles/spectrometer/default_conditionals.yaml
Start automated run 65556-08
loading script "jan_unknown120_60.py"
loading script "jan_pump_ms.py"
loading script "jan_co2.py"
loading script "jan_pump_extraction_line.py"
%%%%%%%%%%%%%%%%%% setting automated run 65556-08
No value "sensitivity_multiplier" in metadata
$$$$$$$$$$$$$$$ auto_save_detector_ic=False
============================= Pre Extraction Check =============================
loading queue conditionals pre_run_terminations
loading system conditionals pre_run_terminations
loading conditionals from /Users/jan/PychronDev/setupfiles/spectrometer/default_conditionals.yaml
23:16:38 -- ******* Pre Extraction Check *******
Get a measurement from the spectrometer
GetData ===>> H2,-0.118939928049049,H1,0.0225211126007931,AX,0.0209536691536522,L1,0.0288400822975559,L2,-0.030...
Pre Extraction Termination data. keys=H2,H1,AX,L1,L2,CDD, signals=-0.11894,0.02252,0.02095,0.02884,-0.03046,0.00283
23:16:38 -- testing system defined conditionals
Checking default pre extraction terminations n=2
testing CDD
evaluate ot="CDD.inactive" t="CDD", ctx="{'CDD': False}"
GetDeflection CDD ===>> 50
testing CDD==2000
evaluate ot="CDD.deflection==2000" t="CDD==2000", ctx="{'CDD': 50.0}"
23:16:38 -- ******* Pre Extraction Check Passed *******
=================================================================================
23:16:38 -- stopping status monitor
stop 4984189200
Alive clients [4991693744]
23:16:38 -- starting status monitor
start 4984189200
Monitor already running
start extraction
do extraction
Analysis started at 23:16:38.315300
Extraction Started jan_co2.py
23:16:38 -- ******* Extraction Started jan_co2.py *******
state changed from not run to extraction
DO EXTRACTION <pychron.extraction_line.pyscript_runner.RemotePyScriptRunner object at 0x12c301530>
testing...
no interpolation path defined
calculate duration
testing...
no interpolation path defined
executed snippet estimated_duration=0, duration=5.31673431396e-05
calculate duration
testing...
no interpolation path defined
executed snippet estimated_duration=0, duration=9.70363616943e-05
executed snippet estimated_duration=100.0, duration=0.00278806686401
Jan CO2 laser analysis
doing GOSUB
testing...
no interpolation path defined
executed snippet estimated_duration=0, duration=4.88758087158e-05
Waiting for CO2 access
wait ('FelixCO2Flag', 0) {}
waiting for FelixCO2Flag = 0
Read FelixCO2Flag ===>> 0
finished waiting
CO2 free
wait ('CO2PumpTimeFlag', 0) {}
waiting for CO2PumpTimeFlag = 0
Read CO2PumpTimeFlag ===>> 0
finished waiting
acquire ('JanCO2Flag',) {'clear': True}
acquire JanCO2Flag
Set JanCO2Flag 1 ===>> OK
JanCO2Flag acquired
set extraction state False (0.75, 'red', 1.5)
CO2 acquired
executed snippet estimated_duration=0, duration=0.0213379859924
WaitForCO2Access.py completed successfully
gosub finished
doing GOSUB
testing...
no interpolation path defined
executed snippet estimated_duration=0, duration=9.70363616943e-05
Prepare for CO2 analysis
close () {'description': 'Jan Inlet'}
closing name=--- desc=Jan Inlet
checking ownership. requestor=129.138.12.150
check software interlocks R
interlocks []
actuate state mode=None-script, software_lock=False
doing actuation None-script close_channel False
Close R ===>> OK
GetIndicatorState R ===>> False
change switch state (True, True)
update switch state R False args=() kw={} ncanvase=2
23:16:38 -- CLOSE  VALVE-R (Jan Inlet)
---------------------------------------- close None (Jan Inlet) result=[(True, True)]
action=close, ok=True, locked=[False]
open () {'description': 'Jan Ion Pump'}
opening name=--- desc=Jan Ion Pump
checking ownership. requestor=129.138.12.150
check software interlocks O
interlocks []
actuate state mode=None-script, software_lock=False
doing actuation None-script open_channel False
Open O ===>> OK
GetIndicatorState O ===>> OK
change switch state (True, True)
update switch state O True args=() kw={} ncanvase=2
23:16:39 -- OPEN   VALVE-O (Jan Ion Pump)
---------------------------------------- open None (Jan Ion Pump) result=[(True, True)], time=0.09 sec
action=open, ok=True, locked=[False]
close () {'description': 'Microbone to Minibone'}
closing name=--- desc=Microbone to Minibone
checking ownership. requestor=129.138.12.150
check software interlocks L
interlocks []
actuate state mode=None-script, software_lock=False
doing actuation None-script close_channel False
Close L ===>> OK
GetIndicatorState L ===>> False
change switch state (True, True)
update switch state L False args=() kw={} ncanvase=2
23:16:39 -- CLOSE  VALVE-L (Microbone to Minibone)
---------------------------------------- close None (Microbone to Minibone) result=[(True, True)]
action=close, ok=True, locked=[False]
open () {'description': 'Microbone to Turbo'}
opening name=--- desc=Microbone to Turbo
checking ownership. requestor=129.138.12.150
check software interlocks U
interlocks []
actuate state mode=None-script, software_lock=False
doing actuation None-script open_channel False
Open U ===>> OK
GetIndicatorState U ===>> OK
change switch state (True, True)
update switch state U True args=() kw={} ncanvase=2
23:16:40 -- OPEN   VALVE-U (Microbone to Turbo)
---------------------------------------- open None (Microbone to Turbo) result=[(True, True)], time=0.14 sec
action=open, ok=True, locked=[False]
open () {'description': 'Microbone to Inlet Pipette'}
opening name=--- desc=Microbone to Inlet Pipette
checking ownership. requestor=129.138.12.150
check software interlocks S
interlocks []
actuate state mode=None-script, software_lock=False
doing actuation None-script open_channel False
Open S ===>> OK
GetIndicatorState S ===>> OK
change switch state (True, True)
update switch state S True args=() kw={} ncanvase=2
23:16:40 -- OPEN   VALVE-S (Microbone to Inlet Pipette)
---------------------------------------- open None (Microbone to Inlet Pipette) result=[(True, True)], time=0.42 sec
action=open, ok=True, locked=[False]
open () {'description': 'Microbone to Getter D-50'}
opening name=--- desc=Microbone to Getter D-50
checking ownership. requestor=129.138.12.150
check software interlocks K
interlocks []
actuate state mode=None-script, software_lock=False
doing actuation None-script open_channel False
Open K ===>> OK
GetIndicatorState K ===>> OK
change switch state (True, True)
update switch state K True args=() kw={} ncanvase=2
23:16:41 -- OPEN   VALVE-K (Microbone to Getter D-50)
---------------------------------------- open None (Microbone to Getter D-50) result=[(True, True)], time=0.42 sec
action=open, ok=True, locked=[False]
open () {'description': 'Microbone to Getter NP-10'}
opening name=--- desc=Microbone to Getter NP-10
checking ownership. requestor=129.138.12.150
check software interlocks M
interlocks []
actuate state mode=None-script, software_lock=False
doing actuation None-script open_channel False
Open M ===>> OK
GetIndicatorState M ===>> OK
change switch state (True, True)
update switch state M True args=() kw={} ncanvase=2
23:16:41 -- OPEN   VALVE-M (Microbone to Getter NP-10)
---------------------------------------- open None (Microbone to Getter NP-10) result=[(True, True)], time=0.16 sec
action=open, ok=True, locked=[False]
close () {'description': 'CO2 Laser to Felix'}
closing name=--- desc=CO2 Laser to Felix
checking ownership. requestor=129.138.12.150
check software interlocks F
interlocks []
actuate state mode=None-script, software_lock=True
VALVE-F(CO2 Laser to Felix) software locked
change switch state (True, False)
---------------------------------------- close None (CO2 Laser to Felix) result=[(True, False)]
action=close, ok=True, locked=[True]
open () {'description': 'CO2 Laser to Jan'}
opening name=--- desc=CO2 Laser to Jan
checking ownership. requestor=129.138.12.150
check software interlocks A
interlocks []
actuate state mode=None-script, software_lock=False
doing actuation None-script open_channel False
Open A ===>> OK
GetIndicatorState A ===>> OK
change switch state (True, True)
update switch state A True args=() kw={} ncanvase=2
23:16:42 -- OPEN   VALVE-A (CO2 Laser to Jan)
---------------------------------------- open None (CO2 Laser to Jan) result=[(True, True)], time=0.14 sec
action=open, ok=True, locked=[False]
open () {'description': 'Microbone to CO2 Laser'}
opening name=--- desc=Microbone to CO2 Laser
checking ownership. requestor=129.138.12.150
check software interlocks T
interlocks []
actuate state mode=None-script, software_lock=False
doing actuation None-script open_channel False
Open T ===>> OK
GetIndicatorState T ===>> OK
change switch state (True, True)
update switch state T True args=() kw={} ncanvase=2
23:16:43 -- OPEN   VALVE-T (Microbone to CO2 Laser)
---------------------------------------- open None (Microbone to CO2 Laser) result=[(True, True)], time=0.43 sec
action=open, ok=True, locked=[False]
executed snippet estimated_duration=0, duration=4.98729896545
PrepareForCO2Analysis.py completed successfully
gosub finished
set_motor ('beam', '1.25') {}
setting motor "beam" to 1.25
set motor beam to 1.25
SetMotor beam,1.25 ===>> OK
GetMotorMoving beam ===>> False
GetMotorMoving beam ===>> False
Block completed
move_to_position ('213',) {'autocenter': True}
FusionsCO2 move to position 213
sending GoToHole 213,True
GoToHole 213,True ===>> OK
GetDriveMoving ===>> OK
GetDriveMoving ===>> OK
GetDriveMoving ===>> OK
GetDriveMoving ===>> False
GetDriveMoving ===>> False
Block completed
GetAutoCorrecting ===>> False
GetAutoCorrecting ===>> False
Block completed
update position
GetPosition ===>> 1.99390,-13.95730,1.00000
got position (1.9939, -13.9573, 1.0)
move to position succeeded
sleep (5,) {}
SLEEP 5.0
block started
WaitControl setup for 5.0  
Join finished
block finished. duration 5.04394102097
close () {'description': 'Microbone to Turbo'}
closing name=--- desc=Microbone to Turbo
checking ownership. requestor=129.138.12.150
check software interlocks U
interlocks []
actuate state mode=None-script, software_lock=False
doing actuation None-script close_channel True
Close U ===>> OK
GetIndicatorState U ===>> False
change switch state (True, True)
update switch state U False args=() kw={} ncanvase=2
23:16:52 -- CLOSE  VALVE-U (Microbone to Turbo)
---------------------------------------- close None (Microbone to Turbo) result=[(True, True)]
action=close, ok=True, locked=[False]
enable laser
enable () {}
set extraction state FusionsCO2 Enabled (False, 'red', 1.5)
enabling laser
Enable ===>> OK
begin interval
BEGIN INTERVAL Interval 1 waiting for 30.0
block started
set extract to 5.0
WaitControl setup for 30.0  
extract (5.0,) {}
GetPosition ===>> 1.99390,-13.95730,1.00000
set extraction state FusionsCO2 ON! 5.0(watts) (0.75, 'red', 1.5)
extract sample to 5.0 (watts)
set laser output
SetLaserOutput 5.0,watts ===>> OK
executing pattern triangle.lp
execute_pattern ('triangle.lp',) {}
executing pattern triangle.lp
IsPatterning ===>> OK
IsPatterning ===>> OK
IsPatterning ===>> OK
IsPatterning ===>> OK
IsPatterning ===>> OK
IsPatterning ===>> OK
IsPatterning ===>> OK
IsPatterning ===>> OK
IsPatterning ===>> OK
IsPatterning ===>> OK
IsPatterning ===>> OK
IsPatterning ===>> OK
IsPatterning ===>> OK
IsPatterning ===>> OK
IsPatterning ===>> OK
IsPatterning ===>> OK
IsPatterning ===>> OK
IsPatterning ===>> OK
IsPatterning ===>> OK
IsPatterning ===>> OK
IsPatterning ===>> OK
IsPatterning ===>> OK
IsPatterning ===>> OK
IsPatterning ===>> OK
IsPatterning ===>> OK
IsPatterning ===>> OK
IsPatterning ===>> False
IsPatterning ===>> False
Block completed
COMPLETE INTERVAL waiting for Interval 1 to complete
Join finished
block finished. duration 30.0891499519
Interval 1 finished
end_extract () {}
ending extraction. set laser power to 0
set laser power 0
SetLaserPower 0 ===>> OK
disable () {}
%%%%%%%%%%%%%%%%%%%%%%%%%%%%%%%%%%% disable
set extraction state False (0.75, 'red', 1.5)
disabling laser
Disable ===>> OK
sleep (30.0,) {}
SLEEP 30.0
block started
WaitControl setup for 30.0  
Join finished
block finished. duration 30.1358540058
executed snippet estimated_duration=166.5, duration=75.3570978642
jan_co2.py completed successfully
GetAchievedOutput ===>> No Response
Requested Output= 0.000
Achieved Output=  0.000
GetResponseBlob ===>> No Response
GetOutputBlob ===>> No Response
persistence save...
persistence save - db
AutomatedRunPersister post_extraction_save deprecated
persistence save - dvc
no extraction position for 213
create new session 4991427888
close session 4991427888
Extraction Finished
23:17:53 -- ******* Extraction Finished *******
no overlap. not waiting for min ms pumptime
23:17:53 -- Sending spectrometer configuration
======== Sending configuration ========
SetDeflection CDD,50.0 ===>> OK
SetDeflection H2,0.0 ===>> OK
SetDeflection H1,0.0 ===>> OK
SetDeflection L2,825.0 ===>> OK
SetDeflection L1,400.0 ===>> OK
SetDeflection AX,190.0 ===>> OK
SetZFocus 74.64 ===>> OK
SetZSymmetry -50.72 ===>> OK
SetExtractionLens 26.13 ===>> OK
SetIonRepeller -3.81 ===>> OK
SetElectronEnergy 75.08 ===>> OK
SetYSymmetry -2.81 ===>> OK
SetIonCounterVoltage 1590.0 ===>> OK
send trap current 200.0
GetParameter Trap Current Readback ===>> 198.258926936459
SetParameter Trap Current Set,200.0 ===>> OK
updating mftable name mftable
Using mftable located at /Users/jan/PychronDev/setupfiles/spectrometer/mftables/mftable.csv
============ MFtable ===========
Isotope  H2     H1     AX     L1     L2     CDD    
Ar40     5.7977 5.8796 5.9930 6.1376 6.2314 6.3659
Ar39     5.6970 5.7719 5.8854 6.0237 6.1165 6.2524
Ar36     5.3745 5.4409 5.5488 5.6826 5.7715 5.9035
================================
get initial guess parabolic
get initial guess parabolic
get initial guess parabolic
get initial guess parabolic
get initial guess parabolic
get initial guess parabolic
======== Configuration Finished ========
GetYSymmetry ===>> -2.81
GetZSymmetry ===>> -50.72
GetParameter Trap Current Readback ===>> 197.699505585058
GetHighVoltage ===>> 4500
start measurement
do measurement
L#=65556 analysis type=unknown
Measurement Started jan_unknown120_60.py
23:17:53 -- ******* Measurement Started jan_unknown120_60.py *******
state changed from extraction to measurement
setting spec, defl, and gains
GetExtractionLens ===>> 26.13
GetYSymmetry ===>> -2.81
GetZSymmetry ===>> -50.72
GetZFocus ===>> 74.64
GetDeflection H2 ===>> 0
GetDeflection H1 ===>> 0
GetDeflection AX ===>> 190
GetDeflection L1 ===>> 400
GetDeflection L2 ===>> 825
GetDeflection CDD ===>> 50
GetGain H2 ===>> 0.0113
GetGain H1 ===>> 0.1
GetGain AX ===>> 0.097049
GetGain L1 ===>> 0.010355
GetGain L2 ===>> 0.095649
GetGain CDD ===>> 0
pre measurement save
New frame /Users/jan/PychronDev/data/isotopes/b8/c7f86e-9103-4310-b5ca-c08ecb3269f6.h5
flush and close file /Users/jan/PychronDev/data/isotopes/b8/c7f86e-9103-4310-b5ca-c08ecb3269f6.h5
testing...
no interpolation path defined
executed snippet estimated_duration=226.132928, duration=0.000150918960571
unknown measurement script
activate_detectors ('H2', 'H1', 'AX', 'L1', 'L2', 'CDD') {}
activate detectors
*************** Set Analysis View Ar/Ar
create graphs
clearing graphs
clear isotope group
setting isotope det=H2, iso=PM41
setting isotope det=H1, iso=Ar40
setting isotope det=AX, iso=Ar39
setting isotope det=L1, iso=Ar38
setting isotope det=L2, iso=Ar37
setting isotope det=CDD, iso=Ar36
setting previous blanks
 - setting Ar40 blank 0.173+/-0.007
 - setting Ar36 blank 0.00434+/-0.00019
 - setting Ar37 blank 0.054+/-0.005
 - setting Ar38 blank 0.0105+/-0.0023
 - setting PM41 blank 0.00+/-0.06
 - setting Ar39 blank 0.018+/-0.009
load analysis view
position_magnet ('Ar40',) {'detector': 'H1'}
detector Detector(H1)
POSITION Ar40 H1
setting detector H2 to PM41 (40.9624)
setting detector H1 to Ar40 (39.9624)
setting detector AX to Ar39 (38.9624)
setting detector L1 to Ar38 (37.9624)
setting detector L2 to Ar37 (36.9624)
setting detector CDD to Ar36 (35.9624)
Mapping mass to dac mass func: "parabolic"
H1 map mass coeffs = [-0.00063987  0.15840543  0.57119999]
H1 map mass to dac 39.9624 >> 5.87959
GetDeflection H1 ===>> 0
GetHighVoltage ===>> 4500
positioning Ar40 (5.87959) on H1
setting magnet DAC
current  : 5.879588
requested: 5.879590
Delta Dac: 0.000002
Checking detector protection. dv=0.00000
Checking detector "CDD". Protection Threshold: 0.1 (V)
SetMagnetDAC 5.87959 ===>> OK
Magnet settling time: 0.500
equilibrate () {'delay': 3, 'inlet': 'R', 'outlet': 'O', 'eqtime': 12.0}
Equilibration Started
23:17:55 -- ******* Equilibration Started *******
checking ownership. requestor=129.138.12.150
check software interlocks O
interlocks []
actuate state mode=None-script, software_lock=False
doing actuation None-script close_channel True
Close O ===>> OK
GetIndicatorState O ===>> False
change switch state (True, True)
update switch state O False args=() kw={} ncanvase=2
23:17:55 -- CLOSE  VALVE-O (Jan Ion Pump)
waiting 3s before opening inlet value ('R',)
update labels <pychron.experiment.plot_panel.PlotPanel object at 0x1e8854ad0>
update labels "<pychron.graph.stacked_regression_graph.StackedRegressionGraph object at 0x1d638b7d0>"
setting label 0 H2 PM41
setting label 1 H1 Ar40
setting label 2 AX Ar39
setting label 3 L1 Ar38
setting label 4 L2 Ar37
setting label 5 CDD Ar36
update labels "<pychron.graph.stacked_graph.StackedGraph object at 0x1c48d5710>"
setting label 0 H2 PM41
setting label 1 H1 Ar40
setting label 2 AX Ar39
setting label 3 L1 Ar38
setting label 4 L2 Ar37
setting label 5 CDD Ar36
checking ownership. requestor=129.138.12.150
check software interlocks R
interlocks []
actuate state mode=None-script, software_lock=False
doing actuation None-script open_channel True
Open R ===>> OK
set states for children of R. state=True
handle state [('R', True)]
update switch state R True args=() kw={'refresh': False} ncanvase=2
refresh_canvas_needed fired
GetIndicatorState R ===>> OK
change switch state (True, True)
update switch state R True args=() kw={} ncanvase=2
23:17:58 -- OPEN   VALVE-R (Jan Inlet)
equilibrating for 12.0sec
set_time_zero () {}
sniff (12.0,) {}
py_sniff
build tables- sniff [Detector(H2), Detector(H1), Detector(AX), Detector(L1), Detector(L2), Detector(CDD)]
add group /sniff/PM41 (Group) '' table H2
add group /sniff/Ar40 (Group) '' table H1
add group /sniff/Ar39 (Group) '' table AX
add group /sniff/Ar38 (Group) '' table L1
add group /sniff/Ar37 (Group) '' table L2
add group /sniff/Ar36 (Group) '' table CDD
flush and close file /Users/jan/PychronDev/data/isotopes/b8/c7f86e-9103-4310-b5ca-c08ecb3269f6.h5
measuring sniff. ncounts=12.0
"sniff" increment series count="1" fit count="0" regressing="False"
starting measurement
GetData ===>> H2,-0.0601086434886639,H1,92.3672435901829,AX,23.8813673489355,L1,0.0166189724241293,L2,0.2452095...
GetData ===>> H2,1.03477435220222,H1,1150.64798108851,AX,290.17856542219,L1,1.38422245658885,L2,2.0219027708311...
GetData ===>> H2,0.65126209082512,H1,1798.23877930589,AX,439.436324432007,L1,3.37652643479718,L2,2.395070905188...
GetData ===>> H2,0.323253729565596,H1,2006.77652822479,AX,481.76033845258,L1,4.66096540757041,L2,2.555127374682...
GetData ===>> H2,0.146657832816954,H1,2082.33294548106,AX,495.903108872207,L1,5.3762444285151,L2,2.695661809444...
GetData ===>> H2,0.0551859679085976,H1,2113.47196128209,AX,501.448566625839,L1,5.78657646524335,L2,2.5786460256...
GetData ===>> H2,0.0312395424019478,H1,2126.95537334818,AX,504.207151959944,L1,6.0545781431403,L2,2.52834662725...
GetData ===>> H2,-0.0612015426719349,H1,2132.5775837068,AX,505.454105473664,L1,6.23301007058069,L2,2.6748403478...
GetData ===>> H2,-0.123600925903037,H1,2134.78892481119,AX,505.717482911446,L1,6.30611787685045,L2,2.7379424332...
GetData ===>> H2,-0.102976636125524,H1,2135.42623304874,AX,506.247533913217,L1,6.3550527544131,L2,2.69378977487...
GetData ===>> H2,-0.0553941438839696,H1,2135.74781689401,AX,506.216538676535,L1,6.41490610001609,L2,2.639470287...
Equilibration Finished
23:18:11 -- ******* Equilibration Finished *******
checking ownership. requestor=129.138.12.150
check software interlocks R
interlocks []
actuate state mode=None-script, software_lock=False
doing actuation None-script close_channel True
GetData ===>> H2,0.0503553116062526,H1,2135.44641830238,AX,505.989994066864,L1,6.44740885444385,L2,2.6927844378...
Close R ===>> OK
GetIndicatorState R ===>> False
change switch state (True, True)
update switch state R False args=() kw={} ncanvase=2
23:18:11 -- CLOSE  VALVE-R (Jan Inlet)
Post Equilibration Started jan_pump_extraction_line.py
23:18:11 -- ******* Post Equilibration Started jan_pump_extraction_line.py *******
testing...
no interpolation path defined
calculate duration
testing...
no interpolation path defined
executed snippet estimated_duration=4.0, duration=0.000149011611938
executed snippet estimated_duration=4.0, duration=0.00186109542847
Pump after analysis
doing GOSUB
testing...
no interpolation path defined
executed snippet estimated_duration=4.0, duration=0.000139951705933
Pump Microbone
close () {'description': 'Jan Inlet'}
closing name=--- desc=Jan Inlet
checking ownership. requestor=129.138.12.150
check software interlocks R
interlocks []
actuate state mode=None-script, software_lock=False
doing actuation None-script close_channel False
measurement finished
estimated time: 12.583 actual time: :12.678
flush and close file /Users/jan/PychronDev/data/isotopes/b8/c7f86e-9103-4310-b5ca-c08ecb3269f6.h5
set_fits () {}
using default fits file=/Users/jan/PychronDev/scripts/measurement/fits/nominal_linear.yaml
Close R ===>> OK
set "Ar40" to "('Linear', 'SEM')"
No fit for "PM41". defaulting to linear. check the measurement script "jan_unknown120_60.py"
set "PM41" to "linear"
set "Ar36" to "('Linear', 'SEM')"
set "Ar37" to "('linear', 'SEM')"
set "Ar38" to "('linear', 'SEM')"
set "Ar39" to "('Linear', 'SEM')"
set_baseline_fits () {}
using default fits file=/Users/jan/PychronDev/scripts/measurement/fits/nominal_linear.yaml
set "H1" to "('average', 'SEM')"
set "H2" to "('average', 'SEM')"
set "CDD" to "('average', 'SEM')"
set "L2" to "('average', 'SEM')"
set "L1" to "('average', 'SEM')"
set "AX" to "('average', 'SEM')"
multicollect () {'integration_time': 1, 'ncounts': 120}
build tables- signal [Detector(H2), Detector(H1), Detector(AX), Detector(L1), Detector(L2), Detector(CDD)]
add group /signal/PM41 (Group) '' table H2
add group /signal/Ar40 (Group) '' table H1
add group /signal/Ar39 (Group) '' table AX
add group /signal/Ar38 (Group) '' table L1
add group /signal/Ar37 (Group) '' table L2
add group /signal/Ar36 (Group) '' table CDD
flush and close file /Users/jan/PychronDev/data/isotopes/b8/c7f86e-9103-4310-b5ca-c08ecb3269f6.h5
measuring signal. ncounts=120
GetIndicatorState R ===>> False
change switch state (True, True)
update switch state R False args=() kw={} ncanvase=2
23:18:12 -- CLOSE  VALVE-R (Jan Inlet)
---------------------------------------- close None (Jan Inlet) result=[(True, True)]
action=close, ok=True, locked=[False]
is_closed ('F',) {}
is F () closed?
is closed True
open () {'description': 'CO2 Laser to Jan'}
opening name=--- desc=CO2 Laser to Jan
checking ownership. requestor=129.138.12.150
check software interlocks A
interlocks []
actuate state mode=None-script, software_lock=False
doing actuation None-script open_channel False
"signal" increment series count="2" fit count="1" regressing="True"
Open A ===>> OK
GetIndicatorState A ===>> OK
change switch state (True, True)
update switch state A True args=() kw={} ncanvase=2
23:18:12 -- OPEN   VALVE-A (CO2 Laser to Jan)
---------------------------------------- open None (CO2 Laser to Jan) result=[(True, True)], time=0.12 sec
starting measurement
GetData ===>> H2,0.0292678695732015,H1,2134.83707709355,AX,506.340956543097,L1,6.4686770346794,L2,2.65291447329...
action=open, ok=True, locked=[False]
sleep (1,) {}
SLEEP 1.0
set states for children of V. state=True
handle state [('V', True)]
update switch state V True args=() kw={'refresh': False} ncanvase=2
refresh_canvas_needed fired
GetData ===>> H2,0.0898753659092882,H1,2135.31680074252,AX,506.087504945816,L1,6.51064910971229,L2,2.6933275496...
close () {'description': 'CO2 Laser to Roughing'}
closing name=--- desc=CO2 Laser to Roughing
checking ownership. requestor=129.138.12.150
check software interlocks G
interlocks []
actuate state mode=None-script, software_lock=True
VALVE-G(CO2 Laser to Roughing) software locked
change switch state (True, False)
---------------------------------------- close None (CO2 Laser to Roughing) result=[(True, False)]
action=close, ok=True, locked=[True]
open () {'description': 'Microbone to Turbo'}
opening name=--- desc=Microbone to Turbo
checking ownership. requestor=129.138.12.150
check software interlocks U
interlocks []
actuate state mode=None-script, software_lock=False
doing actuation None-script open_channel True
Open U ===>> OK
GetIndicatorState U ===>> OK
change switch state (True, True)
update switch state U True args=() kw={} ncanvase=2
23:18:14 -- OPEN   VALVE-U (Microbone to Turbo)
---------------------------------------- open None (Microbone to Turbo) result=[(True, True)], time=0.22 sec
action=open, ok=True, locked=[False]
open () {'description': 'Microbone to Getter NP-10'}
opening name=--- desc=Microbone to Getter NP-10
checking ownership. requestor=129.138.12.150
check software interlocks M
interlocks []
actuate state mode=None-script, software_lock=False
doing actuation None-script open_channel False
Open M ===>> OK
GetIndicatorState M ===>> OK
change switch state (True, True)
update switch state M True args=() kw={} ncanvase=2
23:18:14 -- OPEN   VALVE-M (Microbone to Getter NP-10)
---------------------------------------- open None (Microbone to Getter NP-10) result=[(True, True)], time=0.14 sec
action=open, ok=True, locked=[False]
open () {'description': 'Microbone to Getter D-50'}
opening name=--- desc=Microbone to Getter D-50
checking ownership. requestor=129.138.12.150
check software interlocks K
interlocks []
actuate state mode=None-script, software_lock=False
doing actuation None-script open_channel False
GetData ===>> H2,0.0542821093063947,H1,2135.27587496454,AX,505.614890412937,L1,6.51114768986472,L2,2.5854046502...
Open K ===>> OK
GetIndicatorState K ===>> OK
change switch state (True, True)
update switch state K True args=() kw={} ncanvase=2
23:18:15 -- OPEN   VALVE-K (Microbone to Getter D-50)
---------------------------------------- open None (Microbone to Getter D-50) result=[(True, True)], time=0.44 sec
action=open, ok=True, locked=[False]
open () {'description': 'Microbone to CO2 Laser'}
opening name=--- desc=Microbone to CO2 Laser
checking ownership. requestor=129.138.12.150
check software interlocks T
interlocks []
actuate state mode=None-script, software_lock=False
doing actuation None-script open_channel False
Open T ===>> OK
GetIndicatorState T ===>> OK
change switch state (True, True)
update switch state T True args=() kw={} ncanvase=2
23:18:15 -- OPEN   VALVE-T (Microbone to CO2 Laser)
---------------------------------------- open None (Microbone to CO2 Laser) result=[(True, True)], time=0.42 sec
GetData ===>> H2,-0.00222898154688751,H1,2133.37373179876,AX,505.741319726976,L1,6.48706051671298,L2,2.58814289...
action=open, ok=True, locked=[False]
open () {'description': 'Microbone to Inlet Pipette'}
opening name=--- desc=Microbone to Inlet Pipette
checking ownership. requestor=129.138.12.150
check software interlocks S
interlocks []
actuate state mode=None-script, software_lock=False
doing actuation None-script open_channel False
Open S ===>> OK
GetIndicatorState S ===>> OK
change switch state (True, True)
update switch state S True args=() kw={} ncanvase=2
23:18:16 -- OPEN   VALVE-S (Microbone to Inlet Pipette)
---------------------------------------- open None (Microbone to Inlet Pipette) result=[(True, True)], time=0.42 sec
action=open, ok=True, locked=[False]
sleep (1,) {}
SLEEP 1.0
GetData ===>> H2,-0.00321791259975763,H1,2132.09214567408,AX,505.218312377274,L1,6.43669902541993,L2,2.63288747...
set_resource () {'name': 'CO2PumpTimeFlag', 'value': 30}
Set CO2PumpTimeFlag 30 ===>> OK
release ('JanCO2Flag',) {}
release JanCO2Flag
Set JanCO2Flag 0 ===>> OK
executed snippet estimated_duration=6.0, duration=6.05188989639
PumpMicrobone.py completed successfully
gosub finished
get_resource_value () {'name': 'JanMiniboneFlag'}
Read JanMiniboneFlag ===>> 0
Get Resource Value JanMiniboneFlag=0.0
get resource value 0.0
get_resource_value () {'name': 'JanMiniboneFlag'}
Read JanMiniboneFlag ===>> 0
Get Resource Value JanMiniboneFlag=0.0
executed snippet estimated_duration=4.0, duration=6.0686712265
jan_pump_extraction_line.py completed successfully
Post Equilibration Finished
23:18:17 -- ******* Post Equilibration Finished *******
GetData ===>> H2,-0.100555005110559,H1,2131.19969866935,AX,505.402872208649,L1,6.48294792081845,L2,2.6155758129...
GetData ===>> H2,-0.160042224465098,H1,2130.1781410702,AX,505.28538346517,L1,6.51636643459115,L2,2.590187961625...
GetData ===>> H2,-0.156996371798087,H1,2129.93713122608,AX,505.051223304752,L1,6.50513421595842,L2,2.6697454322...
GetData ===>> H2,-0.106439659654443,H1,2129.4583362468,AX,504.722187794646,L1,6.48891646574394,L2,2.55582037710...
GetData ===>> H2,-0.214800726836187,H1,2128.10372224279,AX,504.608249314448,L1,6.46829343238053,L2,2.6475319553...
GetData ===>> H2,-0.101023398824621,H1,2127.38620689655,AX,504.080243268995,L1,6.39737763009361,L2,2.6407753546...
GetData ===>> H2,-0.0247854778240024,H1,2125.90825136288,AX,504.182744426182,L1,6.41134012497004,L2,2.534235678...
GetData ===>> H2,-0.0300637568896152,H1,2125.33870346878,AX,503.874989216026,L1,6.43440444466252,L2,2.639805214...
GetData ===>> H2,-0.161192816960994,H1,2125.11318901091,AX,504.096457054292,L1,6.44436039230809,L2,2.6019739388...
GetData ===>> H2,-0.108766694714253,H1,2123.68116191674,AX,503.530846310357,L1,6.47191590322508,L2,2.5684800932...
GetData ===>> H2,-0.00239222228923925,H1,2122.24719982472,AX,503.500135018914,L1,6.4434013428414,L2,2.663368500...
GetData ===>> H2,-0.0546385031348716,H1,2121.57715705201,AX,502.993554318872,L1,6.45627632990633,L2,2.563282016...
GetData ===>> H2,-0.148544266965962,H1,2121.61704497931,AX,503.003740113604,L1,6.51028709504959,L2,2.5760928900...
GetData ===>> H2,-0.188186397104434,H1,2120.99029665687,AX,502.899155710825,L1,6.44533582413217,L2,2.6490103854...
GetData ===>> H2,-0.062133000457759,H1,2120.23913061256,AX,502.888055671272,L1,6.40330907541654,L2,2.6207073470...
GetData ===>> H2,-0.0488467579919078,H1,2119.95021375326,AX,502.701395852769,L1,6.39420262846815,L2,2.693639551...
GetData ===>> H2,-0.0635768127383417,H1,2118.43727849067,AX,502.37896757749,L1,6.39705661682014,L2,2.7130202950...
GetData ===>> H2,0.00625628054434515,H1,2116.66289935662,AX,502.157534569671,L1,6.40346728358759,L2,2.591077637...
GetData ===>> H2,-0.0422033493013857,H1,2115.23374151038,AX,501.706189171659,L1,6.43215300524243,L2,2.637992003...
23:18:38 -- collecting point 25
GetData ===>> H2,-0.0848476485915677,H1,2114.55278198056,AX,501.594899009373,L1,6.42046580537342,L2,2.676538712...
GetData ===>> H2,-0.0443741337632556,H1,2114.23251195972,AX,501.752337818453,L1,6.37503620816819,L2,2.675406466...
GetData ===>> H2,-0.153007836301897,H1,2113.23794186033,AX,501.330674331374,L1,6.41458490152541,L2,2.5783456532...
GetData ===>> H2,-0.220371489421728,H1,2112.46830649935,AX,501.019878580731,L1,6.41184949134018,L2,2.5869297383...
GetData ===>> H2,-0.0871877336410179,H1,2111.74690265487,AX,500.776322927424,L1,6.41536338614957,L2,2.640590565...
GetData ===>> H2,-0.142971607254236,H1,2110.79301106755,AX,500.898930415925,L1,6.33748183310227,L2,2.6335457358...
GetData ===>> H2,-0.0713122970191541,H1,2110.3494635969,AX,500.337603828254,L1,6.32362515989708,L2,2.5665278941...
GetData ===>> H2,-0.0802066805808191,H1,2109.44638546182,AX,500.263961632332,L1,6.38849017174066,L2,2.619736495...
GetData ===>> H2,-0.0416741578788512,H1,2108.67702877985,AX,500.472315079447,L1,6.41524154712859,L2,2.556259281...
GetData ===>> H2,-0.0621804525984148,H1,2108.39575345646,AX,500.266984879842,L1,6.38250482093182,L2,2.611519319...
GetData ===>> H2,0.04318533136597,H1,2106.95118287808,AX,499.932439207596,L1,6.3549675062727,L2,2.5909505403254...
GetData ===>> H2,-0.0755434860075181,H1,2105.67275775957,AX,499.575018841701,L1,6.36985205800537,L2,2.736855713...
GetData ===>> H2,-0.092600194458617,H1,2104.68519797862,AX,498.996321925123,L1,6.34198551712206,L2,2.5739094926...
GetData ===>> H2,-0.0713055171774746,H1,2103.79928286115,AX,499.132320524056,L1,6.36983626539872,L2,2.678491290...
GetData ===>> H2,-0.0431191994433991,H1,2102.79210766273,AX,498.974784304504,L1,6.35760097986126,L2,2.561422328...
GetData ===>> H2,0.00879310526222981,H1,2102.38321232935,AX,498.547461358688,L1,6.36001229870845,L2,2.499991815...
GetData ===>> H2,-0.0304237049139353,H1,2101.85056178938,AX,498.606620675191,L1,6.3176564934975,L2,2.5877616147...
GetData ===>> H2,-0.070086435971458,H1,2100.69318388526,AX,498.47247939728,L1,6.30613520401697,L2,2.52918954790...
GetData ===>> H2,-0.0335663152970532,H1,2099.26017592725,AX,498.214587786369,L1,6.32050408669056,L2,2.593931587...
GetData ===>> H2,-0.0318253564434757,H1,2099.23852125752,AX,498.042151681035,L1,6.3299186498757,L2,2.6276076081...
GetData ===>> H2,-0.124405518529612,H1,2098.37285055182,AX,497.550713566858,L1,6.33691227512362,L2,2.5626582665...
GetData ===>> H2,-0.144964569817196,H1,2097.23372614258,AX,497.490237229699,L1,6.35057954665033,L2,2.5616071407...
GetData ===>> H2,-0.0714085703350019,H1,2095.87267320807,AX,497.328011492714,L1,6.29670492237668,L2,2.504078275...
GetData ===>> H2,-0.105672445355299,H1,2095.24113065496,AX,497.059762112834,L1,6.2872693908407,L2,2.63095967094...
GetData ===>> H2,-0.169181620686238,H1,2094.25875931505,AX,496.856767484169,L1,6.32159219941338,L2,2.5763008352...
23:19:04 -- collecting point 50
GetData ===>> H2,-0.0989439082186463,H1,2094.13421732387,AX,496.808793491913,L1,6.3317290039741,L2,2.5789463989...
GetData ===>> H2,-0.0833157696216392,H1,2093.62641923447,AX,496.876222752558,L1,6.30001651345581,L2,2.606342047...
GetData ===>> H2,-0.0392572045564055,H1,2092.05992161063,AX,496.643235175116,L1,6.28169031398186,L2,2.544213240...
GetData ===>> H2,0.037746569463056,H1,2091.36847276688,AX,496.382480117253,L1,6.2940067938586,L2,2.591655353245...
GetData ===>> H2,-0.0787080534969681,H1,2090.44651876802,AX,496.078527404859,L1,6.28025904594361,L2,2.543785939...
GetData ===>> H2,-0.140390369163785,H1,2089.08413143024,AX,496.197077688932,L1,6.28562591945446,L2,2.5613414733...
GetData ===>> H2,-0.168937369353708,H1,2088.60744549062,AX,495.90051585798,L1,6.27067087379162,L2,2.77493286097...
GetData ===>> H2,-0.0777689396870634,H1,2088.17687457652,AX,495.652267123572,L1,6.25279315705028,L2,2.574983856...
GetData ===>> H2,0.0133376749383122,H1,2087.5761860642,AX,495.712419398279,L1,6.28817926708681,L2,2.54733143888...
GetData ===>> H2,-0.0432792960555857,H1,2086.63099926731,AX,495.063662469285,L1,6.30213750182143,L2,2.532064770...
GetData ===>> H2,-0.15280242656008,H1,2085.69902134054,AX,494.63198196868,L1,6.27994415629558,L2,2.599605073476...
GetData ===>> H2,-0.0738544528500948,H1,2084.58582666042,AX,494.222897807964,L1,6.25515978665082,L2,2.501630996...
GetData ===>> H2,-0.0264296826695128,H1,2083.1729864836,AX,494.305083422325,L1,6.22839943624008,L2,2.4924657915...
GetData ===>> H2,-0.0827590409912414,H1,2082.96701928908,AX,494.418706540812,L1,6.27754179537832,L2,2.642415375...
GetData ===>> H2,-0.125245209004316,H1,2081.41225525025,AX,494.289400051642,L1,6.31549676789726,L2,2.5483708607...
GetData ===>> H2,-0.0997941626067941,H1,2080.78028365389,AX,494.31974103987,L1,6.23046970224515,L2,2.5785304976...
GetData ===>> H2,-0.118616589957848,H1,2080.47672187052,AX,494.059687077829,L1,6.22914079914781,L2,2.5582228238...
GetData ===>> H2,-0.0355011564051665,H1,2079.34229634396,AX,493.601913443152,L1,6.23885933405071,L2,2.612594100...
GetData ===>> H2,-0.0957833286401716,H1,2078.74825365148,AX,493.524417559632,L1,6.23913441701915,L2,2.582342992...
GetData ===>> H2,-0.0509640448613334,H1,2078.46920911754,AX,493.500217212576,L1,6.23735198124045,L2,2.636802462...
GetData ===>> H2,-0.157546171599113,H1,2077.12825194136,AX,493.423976739206,L1,6.21389745830172,L2,2.5996166287...
GetData ===>> H2,-0.114229646276316,H1,2075.42835599632,AX,493.109696225761,L1,6.19529072754961,L2,2.5520551236...
GetData ===>> H2,-0.123546833596466,H1,2074.7098534429,AX,492.935139592774,L1,6.20168300769072,L2,2.41199265036...
GetData ===>> H2,-0.205078340431759,H1,2074.34264725743,AX,492.826022292166,L1,6.24902315148319,L2,2.5492139555...
GetData ===>> H2,-0.169759166424115,H1,2073.12642369445,AX,492.19174366556,L1,6.25225070042144,L2,2.64242692467...
23:19:30 -- collecting point 75
GetData ===>> H2,-0.127631429756421,H1,2072.48880246361,AX,491.942036275522,L1,6.24382271275712,L2,2.5787153424...
GetData ===>> H2,-0.153806466443797,H1,2071.96876379478,AX,491.917526901811,L1,6.22665142983976,L2,2.5056482612...
GetData ===>> H2,-0.0810561762281409,H1,2071.15074347805,AX,492.349277334663,L1,6.25758346647214,L2,2.570432331...
GetData ===>> H2,-0.144722730658876,H1,2069.76046474399,AX,491.726610786848,L1,6.20456706238285,L2,2.6593253726...
GetData ===>> H2,-0.054901694294033,H1,2068.51790617078,AX,491.393276036015,L1,6.28049521810546,L2,2.5623348420...
GetData ===>> H2,-0.054901694294033,H1,2068.51790617078,AX,491.393276036015,L1,6.28049521810546,L2,2.5623348420...
GetData ===>> H2,-0.132823011363788,H1,2067.49925020141,AX,490.962938006939,L1,6.29625755883722,L2,2.6234234716...
GetData ===>> H2,-0.117480098502031,H1,2067.66902250597,AX,490.910123226468,L1,6.27871300981782,L2,2.6010148302...
GetData ===>> H2,-0.119694798709823,H1,2065.63415221678,AX,490.780820031997,L1,6.22445738990712,L2,2.6239782638...
GetData ===>> H2,-0.119694798709823,H1,2065.63415221678,AX,490.780820031997,L1,6.22445738990712,L2,2.6239782638...
GetData ===>> H2,-0.154571260844454,H1,2064.63273226858,AX,490.313400786472,L1,6.16123340440289,L2,2.6660832659...
GetData ===>> H2,-0.154571260844454,H1,2064.63273226858,AX,490.313400786472,L1,6.16123340440289,L2,2.6660832659...
GetData ===>> H2,-0.0433010038975718,H1,2062.18758585858,AX,489.664752672902,L1,6.22926488726636,L2,2.494751240...
GetData ===>> H2,-0.15172317115022,H1,2061.09417774803,AX,489.752929395068,L1,6.19675786834638,L2,2.58207726847...
GetData ===>> H2,-0.0566665458533334,H1,2060.64668865838,AX,489.57429054393,L1,6.20819613211306,L2,2.5435203207...
GetData ===>> H2,-0.048766673390779,H1,2059.74236541405,AX,489.161004111353,L1,6.22452495798198,L2,2.5217882622...
GetData ===>> H2,-0.00844680394659611,H1,2059.33572424776,AX,488.992432769962,L1,6.21190516717191,L2,2.55390308...
GetData ===>> H2,-0.034060579634391,H1,2057.76967373075,AX,488.85090204254,L1,6.25088915389483,L2,2.62901777215...
GetData ===>> H2,-0.100869074704827,H1,2057.00099685892,AX,488.616823063922,L1,6.19701208475718,L2,2.4991491488...
GetData ===>> H2,-0.0949409007240529,H1,2056.59291951009,AX,488.319368658702,L1,6.14530467489657,L2,2.565037780...
GetData ===>> H2,-0.110626267690509,H1,2054.97132943699,AX,488.56486725726,L1,6.16857359786254,L2,2.46447919057...
GetData ===>> H2,-0.0391391257609632,H1,2054.2796338664,AX,488.340374333001,L1,6.21480657064909,L2,2.6008530538...
GetData ===>> H2,-0.0591336237701486,H1,2053.53790284081,AX,487.980020032447,L1,6.18269079624584,L2,2.542561790...
GetData ===>> H2,-0.0116713387453676,H1,2052.58134913701,AX,488.073072018735,L1,6.21786566824305,L2,2.632691151...
GetData ===>> H2,-0.019937860641688,H1,2052.2176298883,AX,487.967243915543,L1,6.2204981912368,L2,2.445879655881...
23:19:56 -- collecting point 100
GetData ===>> H2,0.0342698822908645,H1,2051.35795937898,AX,487.575085966905,L1,6.1998919775066,L2,2.43077624830...
GetData ===>> H2,-0.0470060272572298,H1,2050.80616513816,AX,487.34706667271,L1,6.15662779458409,L2,2.5059253201...
GetData ===>> H2,-0.0615459333256907,H1,2049.51543281303,AX,487.080519881212,L1,6.17983760008968,L2,2.546961869...
GetData ===>> H2,-0.0965051665498775,H1,2048.48482513835,AX,486.540684510329,L1,6.23251358411703,L2,2.597998900...
GetData ===>> H2,-0.238743049305434,H1,2048.22374081047,AX,486.588873809108,L1,6.16936027541578,L2,2.6443326173...
GetData ===>> H2,-0.155954786035961,H1,2047.75701635728,AX,486.490628401641,L1,6.15791106031251,L2,2.4791697054...
GetData ===>> H2,-0.07228855204369,H1,2047.00761994497,AX,486.273585786632,L1,6.17209364038835,L2,2.54895987144...
GetData ===>> H2,-0.0793300212574523,H1,2045.94752477897,AX,486.14686270588,L1,6.19925944572948,L2,2.4933199427...
GetData ===>> H2,-0.0797988459321371,H1,2044.84038363184,AX,485.848362233483,L1,6.19626828019702,L2,2.505209586...
GetData ===>> H2,-0.0341990784332597,H1,2043.55344246177,AX,485.919748781968,L1,6.17824422042281,L2,2.522942871...
GetData ===>> H2,-0.0512843180835008,H1,2042.76659033555,AX,485.86349006392,L1,6.18106256345553,L2,2.4901226856...
GetData ===>> H2,-0.0749877323148304,H1,2042.44180839937,AX,485.395791554526,L1,6.18455143213289,L2,2.462713709...
GetData ===>> H2,-0.0814815776355482,H1,2040.97002005975,AX,484.901835581221,L1,6.16056573390717,L2,2.608399055...
GetData ===>> H2,-0.0118942492885257,H1,2040.91861382522,AX,484.614072595416,L1,6.22103858319444,L2,2.549652829...
GetData ===>> H2,-0.0516181526167732,H1,2039.74297147918,AX,484.73235227389,L1,6.19189888454995,L2,2.4921772286...
GetData ===>> H2,-0.100320801012756,H1,2039.39581608807,AX,484.856237199079,L1,6.13610087456836,L2,2.4494447800...
GetData ===>> H2,-0.052776998169614,H1,2038.95682585215,AX,484.672514144601,L1,6.12896559406177,L2,2.5261873982...
GetData ===>> H2,-0.0620936828199317,H1,2037.71361377383,AX,484.407406088629,L1,6.1453156412392,L2,2.4926966424...
GetData ===>> H2,-0.0199079793425968,H1,2036.99913349063,AX,484.358963633786,L1,6.13745199024064,L2,2.569958708...
GetData ===>> H2,-0.0774355559630477,H1,2035.62994732864,AX,484.488709424676,L1,6.16222243402835,L2,2.580598468...
GetData ===>> H2,-0.138921098568442,H1,2034.84747884573,AX,484.102281161667,L1,6.16317078109437,L2,2.5413723019...
measurement finished
estimated time: 125.829 actual time: :126.245
flush and close file /Users/jan/PychronDev/data/isotopes/b8/c7f86e-9103-4310-b5ca-c08ecb3269f6.h5
baselines () {'settling_time': 15.0, 'detector': 'H1', 'mass': 34.2, 'ncounts': 60}
%%%%%%%%%%%%%%%%%%%%%%%%%%%%%%%% Baseline
build tables- baseline [Detector(H2), Detector(H1), Detector(AX), Detector(L1), Detector(L2), Detector(CDD)]
add group baseline table H2
add group baseline table H1
add group baseline table AX
add group baseline table L1
add group baseline table L2
add group baseline table CDD
flush and close file /Users/jan/PychronDev/data/isotopes/b8/c7f86e-9103-4310-b5ca-c08ecb3269f6.h5
detector Detector(H1)
POSITION 34.2 H1
Mapping mass to dac mass func: "parabolic"
H1 map mass coeffs = [-0.00063987  0.15840543  0.57119999]
H1 map mass to dac 34.2 >> 5.24024599104
GetDeflection H1 ===>> 0
GetHighVoltage ===>> 4500
positioning 34.2 (5.24024599104) on H1
setting magnet DAC
current  : 5.879590
requested: 5.240246
Delta Dac: 0.639344
Checking detector protection. dv=0.63934
Checking detector "CDD". Protection Threshold: 0.1 (V)
ProtectDetector CDD,On ===>> OK
GetDeflection CDD ===>> 2000
Protected = 2000
SetMagnetDAC 5.24024599104 ===>> OK
Magnet settling time: 0.500
GetMagnetMoving ===>> True
GetMagnetMoving ===>> True
GetMagnetMoving ===>> True
GetMagnetMoving ===>> True
GetMagnetMoving ===>> True
GetMagnetMoving ===>> True
GetMagnetMoving ===>> True
GetMagnetMoving ===>> True
GetMagnetMoving ===>> False
ProtectDetector CDD,Off ===>> OK
GetDeflection CDD ===>> 50
Delaying 15.0s for detectors to settle
Join finished
measuring baseline. ncounts=60
"baseline" increment series count="2" fit count="1" regressing="True"
starting measurement
GetData ===>> H2,-0.0123618035941872,H1,-0.168155082839649,AX,-0.163555540661968,L1,-0.0951598753619507,L2,0.03...
GetData ===>> H2,-0.0967638252619082,H1,-0.0697962424362818,AX,-0.111848027198108,L1,-0.105426663485456,L2,0.02...
GetData ===>> H2,-0.122030791860303,H1,-0.060545687370017,AX,-0.170499089878955,L1,-0.0909344439029975,L2,0.024...
GetData ===>> H2,-0.116476103084439,H1,-0.0322880527756418,AX,-0.136796795531037,L1,-0.0524681644991258,L2,-0.0...
GetData ===>> H2,-0.128573612195559,H1,-0.0395499535252196,AX,-0.0684433298876153,L1,-0.0132146841055705,L2,-0....
GetData ===>> H2,-0.176413622592512,H1,0.0181305025350077,AX,0.0110217701062138,L1,-0.0551661239598775,L2,-0.00...
GetData ===>> H2,-0.18733953302628,H1,0.0403480129572699,AX,-0.228948986347389,L1,-0.0582697643728197,L2,-0.102...
GetData ===>> H2,-0.175190581465474,H1,-0.0470140182742938,AX,-0.101291283505762,L1,-0.0815019513707978,L2,0.01...
GetData ===>> H2,-0.244295113363843,H1,-0.0457024817166694,AX,-0.0542065451431306,L1,-0.0529251256914154,L2,0.0...
GetData ===>> H2,-0.207956725239975,H1,-0.0243935662130433,AX,-0.103133871237072,L1,-0.0854869956389854,L2,-0.0...
GetData ===>> H2,-0.22200416732391,H1,0.0470548038642661,AX,-0.208998391594697,L1,-0.0931240548717274,L2,-0.004...
GetData ===>> H2,-0.260985739934135,H1,0.00930214128020985,AX,-0.125833079359729,L1,-0.0912771245154283,L2,-0.0...
GetData ===>> H2,-0.143178351176957,H1,-0.00813754896877832,AX,-0.150049555204548,L1,-0.0752900118935635,L2,-0....
GetData ===>> H2,-0.168713355214541,H1,0.0513392702292893,AX,-0.0187794468800069,L1,-0.0421726560037581,L2,0.00...
GetData ===>> H2,-0.185261211092126,H1,0.0407776159893071,AX,-0.109994016830317,L1,-0.0406361624335813,L2,-0.06...
GetData ===>> H2,-0.168201884643587,H1,-0.033945577351857,AX,-0.0677245844916115,L1,-0.0445829087175342,L2,-0.0...
GetData ===>> H2,-0.18646698099607,H1,0.107847050378829,AX,-0.108673012887127,L1,-0.0632768951355452,L2,-0.0952...
GetData ===>> H2,-0.138081623041616,H1,-0.028042756730051,AX,-0.105567424192817,L1,-0.0557778312670379,L2,-0.01...
GetData ===>> H2,-0.129449487832522,H1,0.0349781305860166,AX,-0.0163089260018575,L1,-0.00100088065121835,L2,-0....
GetData ===>> H2,-0.214315950640918,H1,0.0367680593750254,AX,-0.116401790190352,L1,-0.0049962236281503,L2,-0.05...
GetData ===>> H2,-0.161963864631301,H1,0.00313468058126283,AX,-0.0184082928165665,L1,-0.0298299493368195,L2,-0....
GetData ===>> H2,-0.168157349173838,H1,0.0176890659808972,AX,-0.0812523372397301,L1,-0.0480769280154634,L2,-0.0...
GetData ===>> H2,-0.297889118650176,H1,0.0579751844608236,AX,-0.19904473512489,L1,-0.0414685088435752,L2,-0.131...
GetData ===>> H2,-0.244806438936085,H1,0.054645237274076,AX,-0.000718840914651306,L1,-0.00918663035124342,L2,-0...
23:21:02 -- collecting point 25
GetData ===>> H2,-0.170571458962182,H1,0.0655545093932066,AX,-0.0683274035699141,L1,0.012472896437759,L2,0.0262...
GetData ===>> H2,-0.178084628617525,H1,0.059681974512782,AX,-0.1331781920777,L1,0.0294959829898579,L2,-0.030802...
GetData ===>> H2,-0.150819826418786,H1,0.0812226587427524,AX,-0.0894816694375265,L1,0.0243285064687432,L2,-0.01...
GetData ===>> H2,-0.105714393155139,H1,0.148918793755582,AX,0.0293896175337308,L1,-0.000613260024041286,L2,-0.0...
GetData ===>> H2,-0.179060392895691,H1,0.0051387653992709,AX,-0.0885312750723724,L1,-0.00431844677329585,L2,0.0...
GetData ===>> H2,-0.151324844153768,H1,0.00991055741421678,AX,-0.0851932310561238,L1,-0.00657352760802021,L2,-0...
GetData ===>> H2,-0.261324654425601,H1,0.083655776997227,AX,-0.169965879965797,L1,-0.013603018363545,L2,0.04549...
GetData ===>> H2,-0.291274761598186,H1,0.0409804847285812,AX,-0.0957169534285772,L1,-0.0462959559274244,L2,0.09...
GetData ===>> H2,-0.156811298052213,H1,0.0237381092574875,AX,-0.0868738578093489,L1,-0.0132506416108325,L2,0.03...
GetData ===>> H2,-0.174083520871667,H1,0.031469962985198,AX,0.0066362773843868,L1,-0.0083304612148165,L2,0.0313...
GetData ===>> H2,-0.130859027078792,H1,0.0389160161633707,AX,-0.048849821394283,L1,4.80096014928565E-05,L2,-0.1...
GetData ===>> H2,-0.18129772021409,H1,0.0387131516071506,AX,-0.0417186601718905,L1,0.0234451612166885,L2,-0.053...
GetData ===>> H2,-0.17076305436002,H1,0.00943336797669687,AX,-0.115973073501833,L1,-0.000238825931711436,L2,-0....
GetData ===>> H2,-0.18057718175193,H1,-0.0100817311089461,AX,-0.0564905995822707,L1,-0.0318659723703584,L2,0.08...
GetData ===>> H2,-0.277459720834096,H1,0.0190133814828243,AX,-0.0818202994282089,L1,-0.0382884544009362,L2,-0.0...
GetData ===>> H2,-0.130211769014448,H1,-0.00811369373872033,AX,-0.0942682706651257,L1,-0.0207035027847794,L2,-0...
GetData ===>> H2,-0.0878577032692933,H1,0.0785987739367446,AX,-0.188313575333846,L1,0.0119771144915781,L2,-0.05...
GetData ===>> H2,-0.253266860075691,H1,0.022354074998643,AX,-0.0886819479690334,L1,0.0136014015026977,L2,0.0382...
GetData ===>> H2,-0.286593509608964,H1,0.0539410690795219,AX,-0.0700546914015978,L1,-0.0241065169219114,L2,-0.1...
GetData ===>> H2,-0.189475450725769,H1,0.0559103654545147,AX,-0.195765251468549,L1,0.000806542933037671,L2,-0.0...
GetData ===>> H2,-0.208110326310472,H1,0.051649572963375,AX,-0.066066812769951,L1,0.0203354403790029,L2,-0.0100...
GetData ===>> H2,-0.216634608704877,H1,0.097575781145376,AX,-0.0581021590357172,L1,-0.0236666711121684,L2,-0.05...
GetData ===>> H2,-0.206213072101642,H1,0.0214830977314452,AX,0.0451959342939498,L1,-0.0402157713553756,L2,0.029...
GetData ===>> H2,-0.133758895295841,H1,-0.0187287095153142,AX,0.0281711754220029,L1,0.0136542282404694,L2,-0.13...
GetData ===>> H2,-0.244935612258827,H1,-0.0521407689930918,AX,0.0221140038384685,L1,0.0245772993037689,L2,-0.04...
23:21:28 -- collecting point 50
GetData ===>> H2,-0.278738142392944,H1,-0.00885320322814283,AX,0.0236688739992145,L1,-0.000196821238727507,L2,-...
GetData ===>> H2,-0.206711671154818,H1,0.118083579194317,AX,-0.0673883953065871,L1,-0.0199841555141322,L2,0.077...
GetData ===>> H2,-0.152836211312821,H1,0.0425199138504474,AX,-0.0499861207687713,L1,-0.0383255907862917,L2,0.02...
GetData ===>> H2,-0.193817510246491,H1,0.0188105572518584,AX,-0.11835995860948,L1,-0.00303954352067008,L2,0.025...
GetData ===>> H2,-0.139814578341722,H1,0.0426511840956103,AX,-0.110596574075413,L1,0.0119266973550538,L2,-0.046...
GetData ===>> H2,-0.0953404522953635,H1,0.113681027741675,AX,-0.0734280308995828,L1,-0.00459796027904612,L2,-0....
GetData ===>> H2,-0.176742984162334,H1,0.0631433863245825,AX,-0.0493368084651176,L1,0.0135461738456763,L2,0.021...
GetData ===>> H2,-0.20648393539545,H1,0.0581303459906259,AX,-0.0466003732981999,L1,0.0279367870741698,L2,-0.029...
GetData ===>> H2,-0.142964850853294,H1,0.00252630562880292,AX,0.00308626131210663,L1,0.0221268973499162,L2,0.01...
GetData ===>> H2,-0.244527903929969,H1,0.00804953147148804,AX,-0.105729658892203,L1,0.0256632916856162,L2,-0.13...
GetData ===>> H2,-0.265015742236592,H1,0.0660439028466576,AX,-0.0235115371291955,L1,0.00508156234171393,L2,-0.0...
measurement finished
estimated time: 62.915 actual time: :63.151
flush and close file /Users/jan/PychronDev/data/isotopes/b8/c7f86e-9103-4310-b5ca-c08ecb3269f6.h5
activate_detectors ('H1', 'AX', 'CDD') {'peak_center': True}
peak_center () {'detector': 'H1', 'integration_time': 0.262144, 'isotope': 'Ar40'}
peak center: mean=2038.76162291 threshold=3
peak center started
setup peak center. detector=['H1', 'AX', 'CDD'], isotope=Ar40
VersionedUnpickler [<apptools.sweet_pickle.versioned_unpickler.VersionedUnpickler object at 0x1e0702530>] using Updater [<apptools.sweet_pickle.updater.Updater object at 0x1373f1ad0>]
VersionedUnpickler [<apptools.sweet_pickle.versioned_unpickler.VersionedUnpickler object at 0x1e0702530>] using Updater [<apptools.sweet_pickle.updater.Updater object at 0x1373f1ad0>]
VersionedUnpickler [<apptools.sweet_pickle.versioned_unpickler.VersionedUnpickler object at 0x1f5215410>] using Updater [<apptools.sweet_pickle.updater.Updater object at 0x1373f1ad0>]
setting integration time = 0.524288
SetIntegrationTime 0.524288 ===>> OK
Mapping mass to dac mass func: "parabolic"
H1 map mass coeffs = [-0.00063987  0.15840543  0.57119999]
H1 map mass to dac 39.9624 >> 5.87959
GetDeflection H1 ===>> 0
GetHighVoltage ===>> 4500
do peak center. <pychron.spectrometer.jobs.peak_center.PeakCenter object at 0x1376ecfb0>
doing pc
starting peak center. center dac= 5.87959 step_width=0.001
width = 0.001
get scan parameters. half-width=0.015,window=0.015, i=0, scalar=1
Scan parameters center=5.87959 width=0.03000 (5.86459 - 5.89459)
GetData ===>> H2,-0.190404395208542,H1,0.0275443021319212,AX,-0.0226068906044387,L1,0.00962938408387672,L2,-0.0...
Moving to starting dac 5.86459
setting magnet DAC
current  : 5.240246
requested: 5.864590
Delta Dac: 0.624344
Checking detector protection. dv=0.62434
Checking detector "CDD". Protection Threshold: 0.1 (V)
ProtectDetector CDD,On ===>> OK
GetDeflection CDD ===>> 2000
Protected = 2000
SetMagnetDAC 5.86459 ===>> OK
Magnet settling time: 0.500
GetMagnetMoving ===>> True
GetMagnetMoving ===>> True
GetMagnetMoving ===>> True
GetMagnetMoving ===>> True
GetMagnetMoving ===>> True
GetMagnetMoving ===>> True
GetMagnetMoving ===>> True
GetMagnetMoving ===>> True
GetMagnetMoving ===>> True
GetMagnetMoving ===>> False
ProtectDetector CDD,Off ===>> OK
GetDeflection CDD ===>> 50
Wait until signal near baseline. tol= 0.0206582265989. timeout= 10
GetData ===>> H2,94.8015576646051,H1,47.9754659633758,AX,3.21100006591326,L1,0.0664702369901151,L2,0.0749771985...
GetData ===>> H2,128.66662110182,H1,78.3523944526729,AX,13.1522671835338,L1,0.0868923268167958,L2,-0.0687969823...
GetData ===>> H2,72.7796021917453,H1,37.5807794108138,AX,5.76208163136237,L1,0.0797883458599348,L2,0.0241658116...
GetData ===>> H2,31.1545144178439,H1,18.9812152168942,AX,2.74622843727108,L1,0.10934247040245,L2,-0.03970886425...
GetData ===>> H2,10.7934620545126,H1,10.0997843427143,AX,1.35834986770264,L1,0.107941042195996,L2,-0.1449607613...
GetData ===>> H2,3.19995751029449,H1,5.92654969969251,AX,0.828678361499307,L1,0.0624469493682321,L2,-0.10133423...
GetData ===>> H2,0.93494208958422,H1,3.8554835441529,AX,0.486061600704857,L1,0.0225703356342584,L2,-0.008630794...
GetData ===>> H2,0.575967207487624,H1,2.7131336550813,AX,0.331592944093474,L1,0.00348467050386242,L2,-0.0578501...
GetData ===>> H2,0.599325570397957,H1,2.24393386021335,AX,0.199559720530354,L1,-0.00844917809082843,L2,-0.03431...
GetData ===>> H2,0.645754976754782,H1,2.01739369484455,AX,0.389585225124244,L1,-0.00373540221145212,L2,-0.00812...
GetData ===>> H2,0.645754976754782,H1,2.01739369484455,AX,0.389585225124244,L1,-0.00373540221145212,L2,-0.00812...
GetData ===>> H2,0.715997300103002,H1,1.84710890362998,AX,0.347836602949116,L1,0.026318985774084,L2,-0.05905640...
GetData ===>> H2,0.622354124618016,H1,1.87787528458905,AX,0.300762997702605,L1,0.00222174438784106,L2,0.0037577...
GetData ===>> H2,0.58643349917156,H1,1.7943367743434,AX,0.212741072031846,L1,0.0219556996284734,L2,-0.002983291...
GetData ===>> H2,0.577908637543292,H1,1.70175741432421,AX,0.224577959855645,L1,0.0495601220930994,L2,-0.1383764...
GetData ===>> H2,0.535971497725343,H1,1.71949722045193,AX,0.122178461190572,L1,0.0429321077316794,L2,0.09125166...
GetData ===>> H2,0.475930269403434,H1,1.79794548080217,AX,0.187633062391324,L1,0.0575595597938968,L2,-0.1223350...
GetData ===>> H2,0.413616652963917,H1,1.76814143104911,AX,0.19025494570175,L1,0.0707286779803923,L2,0.008654348...
GetData ===>> H2,0.24479925799239,H1,1.81846944327713,AX,0.164735186854012,L1,0.0890828593006057,L2,0.047380760...
GetData ===>> H2,0.0940950682963814,H1,1.7731442407406,AX,0.199165235730401,L1,0.119896797616161,L2,-0.09915026...
GetData ===>> H2,0.043355571399201,H1,1.67212591107295,AX,0.278604913918538,L1,0.089203231978873,L2,0.130034329...
Peak center failed to move to a baseline position
_do_sweep sm= 5.86459, em= 5.89459, stm= 0.001
calculated step values: start=5.86459, end=5.89459, width=0.001, nsteps=31.0
setting magnet DAC
current  : 5.864590
requested: 5.864590
Delta Dac: 0.000000
Checking detector protection. dv=0.00000
Checking detector "CDD". Protection Threshold: 0.1 (V)
SetMagnetDAC 5.86459 ===>> OK
GetData ===>> H2,0.043355571399201,H1,1.67212591107295,AX,0.278604913918538,L1,0.089203231978873,L2,0.130034329...
setting magnet DAC
current  : 5.864590
requested: 5.865624
Delta Dac: 0.001034
Checking detector protection. dv=0.00103
Checking detector "CDD". Protection Threshold: 0.1 (V)
SetMagnetDAC 5.86562448276 ===>> OK
Magnet settling time: 1.049
GetData ===>> H2,0.0461505941458827,H1,3.20174177025223,AX,0.57379138720027,L1,0.0042386600635582,L2,-0.0864094...
setting magnet DAC
current  : 5.865624
requested: 5.866659
Delta Dac: 0.001034
Checking detector protection. dv=0.00103
Checking detector "CDD". Protection Threshold: 0.1 (V)
SetMagnetDAC 5.86665896552 ===>> OK
Magnet settling time: 1.049
GetData ===>> H2,0.0267711229683031,H1,10.2738628852864,AX,2.05694812178631,L1,0.0337555702127131,L2,0.02307241...
setting magnet DAC
current  : 5.866659
requested: 5.867693
Delta Dac: 0.001034
Checking detector protection. dv=0.00103
Checking detector "CDD". Protection Threshold: 0.1 (V)
SetMagnetDAC 5.86769344828 ===>> OK
Magnet settling time: 1.049
GetData ===>> H2,0.11220402172653,H1,36.8574199663232,AX,6.05724807716128,L1,0.000661312983661163,L2,-0.0920975...
setting magnet DAC
current  : 5.867693
requested: 5.868728
Delta Dac: 0.001034
Checking detector protection. dv=0.00103
Checking detector "CDD". Protection Threshold: 0.1 (V)
SetMagnetDAC 5.86872793103 ===>> OK
Magnet settling time: 1.049
GetData ===>> H2,0.0489463001743448,H1,125.298795220904,AX,19.6477875048562,L1,0.0297782977016944,L2,-0.0133443...
setting magnet DAC
current  : 5.868728
requested: 5.869762
Delta Dac: 0.001034
Checking detector protection. dv=0.00103
Checking detector "CDD". Protection Threshold: 0.1 (V)
SetMagnetDAC 5.86976241379 ===>> OK
Magnet settling time: 1.049
GetData ===>> H2,-0.0431395508324951,H1,502.054791942475,AX,83.2655064385102,L1,0.511867253855813,L2,-0.0406421...
setting magnet DAC
current  : 5.869762
requested: 5.870797
Delta Dac: 0.001034
Checking detector protection. dv=0.00103
Checking detector "CDD". Protection Threshold: 0.1 (V)
SetMagnetDAC 5.87079689655 ===>> OK
Magnet settling time: 1.049
GetData ===>> H2,-0.00843396975143926,H1,997.193647095258,AX,186.080373390228,L1,1.26915221498126,L2,0.24501544...
setting magnet DAC
current  : 5.870797
requested: 5.871831
Delta Dac: 0.001034
Checking detector protection. dv=0.00103
Checking detector "CDD". Protection Threshold: 0.1 (V)
SetMagnetDAC 5.87183137931 ===>> OK
Magnet settling time: 1.049
GetData ===>> H2,0.000137575930602668,H1,1472.33320720996,AX,303.30399078148,L1,2.31352554520166,L2,0.658621562...
setting magnet DAC
current  : 5.871831
requested: 5.872866
Delta Dac: 0.001034
Checking detector protection. dv=0.00103
Checking detector "CDD". Protection Threshold: 0.1 (V)
SetMagnetDAC 5.87286586207 ===>> OK
Magnet settling time: 1.049
GetData ===>> H2,-0.0577153688277982,H1,1764.74283162195,AX,391.693263986584,L1,3.39552028828563,L2,1.345012166...
setting magnet DAC
current  : 5.872866
requested: 5.873900
Delta Dac: 0.001034
Checking detector protection. dv=0.00103
Checking detector "CDD". Protection Threshold: 0.1 (V)
SetMagnetDAC 5.87390034483 ===>> OK
Magnet settling time: 1.049
GetData ===>> H2,0.0276496882061067,H1,1889.20223376856,AX,437.63249847525,L1,4.32853759353201,L2,1.83696863564...
setting magnet DAC
current  : 5.873900
requested: 5.874935
Delta Dac: 0.001034
Checking detector protection. dv=0.00103
Checking detector "CDD". Protection Threshold: 0.1 (V)
SetMagnetDAC 5.87493482759 ===>> OK
Magnet settling time: 1.049
GetData ===>> H2,0.0379962695444621,H1,1929.66949829206,AX,455.50800989037,L1,4.99142213411842,L2,2.17248960085...
setting magnet DAC
current  : 5.874935
requested: 5.875969
Delta Dac: 0.001034
Checking detector protection. dv=0.00103
Checking detector "CDD". Protection Threshold: 0.1 (V)
SetMagnetDAC 5.87596931034 ===>> OK
Magnet settling time: 1.049
GetData ===>> H2,-0.0321743843293142,H1,1940.26848254797,AX,459.700500687385,L1,5.34204680808316,L2,2.494463256...
setting magnet DAC
current  : 5.875969
requested: 5.877004
Delta Dac: 0.001034
Checking detector protection. dv=0.00103
Checking detector "CDD". Protection Threshold: 0.1 (V)
SetMagnetDAC 5.8770037931 ===>> OK
Magnet settling time: 1.049
GetData ===>> H2,-0.127352950530383,H1,1941.97999761837,AX,461.173496349329,L1,5.61608820264125,L2,2.3545792239...
setting magnet DAC
current  : 5.877004
requested: 5.878038
Delta Dac: 0.001034
Checking detector protection. dv=0.00103
Checking detector "CDD". Protection Threshold: 0.1 (V)
SetMagnetDAC 5.87803827586 ===>> OK
Magnet settling time: 1.049
GetData ===>> H2,-0.0527793066829161,H1,1943.14042026675,AX,461.27786250212,L1,5.68019083198973,L2,2.2844368072...
setting magnet DAC
current  : 5.878038
requested: 5.879073
Delta Dac: 0.001034
Checking detector protection. dv=0.00103
Checking detector "CDD". Protection Threshold: 0.1 (V)
SetMagnetDAC 5.87907275862 ===>> OK
Magnet settling time: 1.049
GetData ===>> H2,0.00517643078454067,H1,1942.80699967576,AX,461.435628742322,L1,5.78599362674111,L2,2.295966104...
setting magnet DAC
current  : 5.879073
requested: 5.880107
Delta Dac: 0.001034
Checking detector protection. dv=0.00103
Checking detector "CDD". Protection Threshold: 0.1 (V)
SetMagnetDAC 5.88010724138 ===>> OK
Magnet settling time: 1.049
GetData ===>> H2,-0.00874366411219498,H1,1941.96212330949,AX,461.321260453372,L1,5.84553079490572,L2,2.34908778...
setting magnet DAC
current  : 5.880107
requested: 5.881142
Delta Dac: 0.001034
Checking detector protection. dv=0.00103
Checking detector "CDD". Protection Threshold: 0.1 (V)
SetMagnetDAC 5.88114172414 ===>> OK
Magnet settling time: 1.049
GetData ===>> H2,-0.104495896141577,H1,1941.72187421025,AX,460.593428558126,L1,5.82966173829149,L2,2.4705489997...
setting magnet DAC
current  : 5.881142
requested: 5.882176
Delta Dac: 0.001034
Checking detector protection. dv=0.00103
Checking detector "CDD". Protection Threshold: 0.1 (V)
SetMagnetDAC 5.8821762069 ===>> OK
Magnet settling time: 1.049
GetData ===>> H2,-0.165854761842923,H1,1940.66953992807,AX,459.985501645833,L1,5.81248053303486,L2,2.3810948037...
setting magnet DAC
current  : 5.882176
requested: 5.883211
Delta Dac: 0.001034
Checking detector protection. dv=0.00103
Checking detector "CDD". Protection Threshold: 0.1 (V)
SetMagnetDAC 5.88321068966 ===>> OK
Magnet settling time: 1.049
GetData ===>> H2,-0.00906149958318345,H1,1937.54054766727,AX,458.775598469956,L1,5.86821924983212,L2,2.29066245...
setting magnet DAC
current  : 5.883211
requested: 5.884245
Delta Dac: 0.001034
Checking detector protection. dv=0.00103
Checking detector "CDD". Protection Threshold: 0.1 (V)
SetMagnetDAC 5.88424517241 ===>> OK
Magnet settling time: 1.049
GetData ===>> H2,-0.00836333652692505,H1,1927.72813903907,AX,453.455806427403,L1,5.85638179886597,L2,2.35564063...
setting magnet DAC
current  : 5.884245
requested: 5.885280
Delta Dac: 0.001034
Checking detector protection. dv=0.00103
Checking detector "CDD". Protection Threshold: 0.1 (V)
SetMagnetDAC 5.88527965517 ===>> OK
Magnet settling time: 1.049
GetData ===>> H2,-0.0822361518118775,H1,1889.78692566127,AX,437.63249847525,L1,5.58687030253579,L2,2.1455475961...
setting magnet DAC
current  : 5.885280
requested: 5.886314
Delta Dac: 0.001034
Checking detector protection. dv=0.00103
Checking detector "CDD". Protection Threshold: 0.1 (V)
SetMagnetDAC 5.88631413793 ===>> OK
Magnet settling time: 1.049
GetData ===>> H2,-0.264358020607615,H1,1782.34333029282,AX,395.130416128333,L1,5.11817646187728,L2,1.6937396508...
setting magnet DAC
current  : 5.886314
requested: 5.887349
Delta Dac: 0.001034
Checking detector protection. dv=0.00103
Checking detector "CDD". Protection Threshold: 0.1 (V)
SetMagnetDAC 5.88734862069 ===>> OK
Magnet settling time: 1.049
GetData ===>> H2,-0.340650514033688,H1,1344.31458198284,AX,254.940471038001,L1,3.68433829189793,L2,1.0229342875...
setting magnet DAC
current  : 5.887349
requested: 5.888383
Delta Dac: 0.001034
Checking detector protection. dv=0.00103
Checking detector "CDD". Protection Threshold: 0.1 (V)
SetMagnetDAC 5.88838310345 ===>> OK
Magnet settling time: 1.049
GetData ===>> H2,-0.351292725741943,H1,842.824150323234,AX,137.189858344629,L1,2.58033383988897,L2,0.5203665788...
setting magnet DAC
current  : 5.888383
requested: 5.889418
Delta Dac: 0.001034
Checking detector protection. dv=0.00103
Checking detector "CDD". Protection Threshold: 0.1 (V)
SetMagnetDAC 5.88941758621 ===>> OK
Magnet settling time: 1.049
GetData ===>> H2,-0.334619472411431,H1,405.801738822642,AX,55.990123243319,L1,1.64606680418442,L2,0.14114078558...
setting magnet DAC
current  : 5.889418
requested: 5.890452
Delta Dac: 0.001034
Checking detector protection. dv=0.00103
Checking detector "CDD". Protection Threshold: 0.1 (V)
SetMagnetDAC 5.89045206897 ===>> OK
Magnet settling time: 1.049
GetData ===>> H2,-0.214858629269826,H1,152.949486323144,AX,17.4080892271098,L1,0.988578807708947,L2,0.015920051...
setting magnet DAC
current  : 5.890452
requested: 5.891487
Delta Dac: 0.001034
Checking detector protection. dv=0.00103
Checking detector "CDD". Protection Threshold: 0.1 (V)
SetMagnetDAC 5.89148655172 ===>> OK
Magnet settling time: 1.049
GetData ===>> H2,-0.304188473548629,H1,46.8163213508896,AX,4.13203882281537,L1,0.651957426897387,L2,0.030908729...
setting magnet DAC
current  : 5.891487
requested: 5.892521
Delta Dac: 0.001034
Checking detector protection. dv=0.00103
Checking detector "CDD". Protection Threshold: 0.1 (V)
SetMagnetDAC 5.89252103448 ===>> OK
Magnet settling time: 1.049
GetData ===>> H2,-0.190556811985306,H1,12.1549501554418,AX,0.658225837748026,L1,0.374673011858047,L2,0.08224793...
setting magnet DAC
current  : 5.892521
requested: 5.893556
Delta Dac: 0.001034
Checking detector protection. dv=0.00103
Checking detector "CDD". Protection Threshold: 0.1 (V)
SetMagnetDAC 5.89355551724 ===>> OK
Magnet settling time: 1.049
GetData ===>> H2,-0.150170973546144,H1,2.65960063684376,AX,-0.232468128859877,L1,0.256343101938661,L2,0.0555152...
setting magnet DAC
current  : 5.893556
requested: 5.894590
Delta Dac: 0.001034
Checking detector protection. dv=0.00103
Checking detector "CDD". Protection Threshold: 0.1 (V)
SetMagnetDAC 5.89459 ===>> OK
Magnet settling time: 1.049
GetData ===>> H2,-0.259859976323693,H1,0.0965416955235778,AX,-0.400318422876102,L1,0.110956403430602,L2,-0.0421...
result of _do_sweep=True
result of _calculate_peak_center=([5.8717588203994211, 5.8794500649575028, 5.8871413095155845], [1439.0067851577746, 1943.1344066689164, 1432.0958942694654], 5.8780569338677369, 1943.1344066689164)
Failed to find a valid peak. No peak greater than 1.0. max = 0.0579324273153
new center pos Detector(H1) (Ar40) @ 5.87945006496
GetHighVoltage ===>> 4500
GetDeflection H1 ===>> 0
dac uncorrected for HV and deflection 5.87945006496
update mftable H1 Ar40 5.87945006496 message=automated run peakcenter
get initial guess parabolic
get initial guess parabolic
get initial guess parabolic
get initial guess parabolic
get initial guess parabolic
get initial guess parabolic
dump mftable to /Users/jan/PychronDev/setupfiles/spectrometer/mftables/mftable.csv
add to repo msg=modified - automated run peakcenter
sweep finished
locally archiving mftable
setting magnet DAC
current  : 5.894590
requested: 5.879450
Delta Dac: 0.015140
Checking detector protection. dv=0.01514
Checking detector "CDD". Protection Threshold: 0.1 (V)
SetMagnetDAC 5.87945006496 ===>> OK
Magnet settling time: 0.500
setting integration time = 1.048576
SetIntegrationTime 1.048576 ===>> OK
Failed to find a valid peak. No peak greater than 1.0. max = 0.058030876086
flush and close file /Users/jan/PychronDev/data/isotopes/b8/c7f86e-9103-4310-b5ca-c08ecb3269f6.h5
finished measure script
executed snippet estimated_duration=226.132928, duration=273.640483856
jan_unknown120_60.py completed successfully
Measurement Finished
23:22:27 -- ******* Measurement Finished *******
Post Measurement Started jan_pump_ms.py
23:22:27 -- ******* Post Measurement Started jan_pump_ms.py *******
testing...
no interpolation path defined
executed snippet estimated_duration=0, duration=2.90870666504e-05
Pumping spectrometer
open () {'name': 'O'}
opening name=O desc=---
checking ownership. requestor=129.138.12.150
check software interlocks O
interlocks []
actuate state mode=None-script, software_lock=False
doing actuation None-script open_channel True
Open O ===>> OK
GetIndicatorState O ===>> OK
change switch state (True, True)
update switch state O True args=() kw={} ncanvase=2
23:22:27 -- OPEN   VALVE-O (Jan Ion Pump)
---------------------------------------- open O () result=[(True, True)], time=0.09 sec
action=open, ok=True, locked=[False]
executed snippet estimated_duration=0, duration=0.346524000168
jan_pump_ms.py completed successfully
setting _ms_pumptime
Post Measurement Finished
23:22:28 -- ******* Post Measurement Finished *******
$$$$$$$$$$$$$$$$$$$$ state at run end measurement
state changed from measurement to success
post measurement save measured=True aborted=False
Set filtering
setting fod for Ar40= {'filter_outliers': True, 'std_devs': 2, 'iterations': 1}
setting fod for H1= {'filter_outliers': True, 'std_devs': 2, 'iterations': 1}
setting fod for PM41= {'filter_outliers': False, 'std_devs': 2, 'iterations': 1}
setting fod for H2= {'filter_outliers': True, 'std_devs': 2, 'iterations': 1}
setting fod for Ar36= {'filter_outliers': True, 'std_devs': 2, 'iterations': 1}
setting fod for CDD= {'filter_outliers': True, 'std_devs': 10, 'iterations': 1}
setting fod for Ar37= {'filter_outliers': True, 'std_devs': 2, 'iterations': 1}
setting fod for L2= {'filter_outliers': True, 'std_devs': 2, 'iterations': 1}
setting fod for Ar38= {'filter_outliers': True, 'std_devs': 2, 'iterations': 1}
setting fod for L1= {'filter_outliers': True, 'std_devs': 2, 'iterations': 1}
setting fod for Ar39= {'filter_outliers': True, 'std_devs': 2, 'iterations': 1}
setting fod for AX= {'filter_outliers': True, 'std_devs': 2, 'iterations': 1}
persistence save...
persistence save - db
post measurement save
7981791760 connecting to database sqlite:////Users/jan/PychronDev/.appdata/local_lab.db
connected to db sqlite:////Users/jan/PychronDev/.appdata/local_lab.db
create new session 7981791760
close session 7981791760
No database instance. Not saving post measurement to isotopedb database
$$$$$$$$$$$$$$$ auto_save_detector_ic=False
massspec enabled True
create new session 4985911824
MassSpec Database Version: 16.0
close session 4985911824
saving post measurement to secondary database
saving to massspec database 129.138.12.160/massspecdata
setting labnumber to 65556
setting aliquot to 8
setting step to 
setting uuid to b8c7f86e-9103-4310-b5ca-c08ecb3269f6
setting irradpos to 65556
setting extract_device to Fusions CO2
setting tray to 
setting position to 213
setting power_requested to 5.0
setting extract_value to 5.0
setting duration to 30.0
setting duration_at_request to 30.0
setting first_stage_delay to 30.0
setting cleanup to 30.0
setting comment to N:15without inclusions
setting irradiation to NM-289
setting level to N
setting irradiation_level to N
setting sample to Bw-2014-7 WO
setting material to Sanidine
setting project to Bustos Wells
setting mass_spectrometer to Jan
no attribute chron_dosages
no attribute production_ratios
no attribute interference_corrections
no attribute production_name
no attribute j
Reference Isotope=Ar40
Reference Detector=H1
%%%%%%%%%%%%%%%%%%%% Comment: N:15without inclusions %%%%%%%%%%%%%%%%%%%
adding isotope PM41 H2
add baseline dbdet= PM41. original det= H2
get baseline data PM41 H2
Get data baseline <pychron.processing.isotope.Baseline object at 0x1e0ef59d0> len t=60
baseline PM41. v=-0.183908699755, e=0.00675213741329
get signal data PM41 H2
Get data signal PM41 0.11+/-0.06 len t=120
adding isotope Ar40 H1
add baseline dbdet= Ar40. original det= H1
get baseline data Ar40 H1
Get data baseline <pychron.processing.isotope.Baseline object at 0x1e745fd10> len t=60
baseline Ar40. v=0.0250902922399, e=0.00578305549029
get signal data Ar40 H1
Get data signal Ar40 2146.69+/-0.09 len t=120
adding isotope Ar39 AX
add baseline dbdet= Ar39. original det= AX
get baseline data Ar39 AX
Get data baseline <pychron.processing.isotope.Baseline object at 0x1e745f650> len t=60
baseline Ar39. v=-0.0763372016185, e=0.00773851609794
get signal data Ar39 AX
Get data signal Ar39 508.78+/-0.04 len t=120
adding isotope Ar38 L1
add baseline dbdet= Ar38. original det= L1
get baseline data Ar38 L1
Get data baseline <pychron.processing.isotope.Baseline object at 0x1e745f810> len t=60
baseline Ar38. v=-0.0217460169337, e=0.00458573915062
get signal data Ar38 L1
Get data signal Ar38 6.527+/-0.007 len t=120
adding isotope Ar37 L2
add baseline dbdet= Ar37. original det= L2
get baseline data Ar37 L2
Get data baseline <pychron.processing.isotope.Baseline object at 0x1e745fa90> len t=60
baseline Ar37. v=-0.0241452804073, e=0.00648910941727
get signal data Ar37 L2
Get data signal Ar37 2.663+/-0.011 len t=120
adding isotope Ar36 CDD
add baseline dbdet= Ar36. original det= CDD
get baseline data Ar36 CDD
Get data baseline <pychron.processing.isotope.Baseline object at 0x1e745fe90> len t=60
baseline Ar36. v=0.000446596245388, e=2.93921760476e-05
get signal data Ar36 CDD
Get data signal Ar36 0.0452+/-0.0005 len t=120
65556-08 added analysis time 0.577395915985s
analysis added to mass spec database
mass spec save time= 0.600
persistence save - dvc
================= post measurement started
create new session 4991427888
close session 4991427888
---------------- Experiment Queue saving disabled
DVC saving peakcenter
Failed to find a valid peak. No peak greater than 1.0. max = 0.058030876086
Smart pull ahead: 0 behind: 0
Up-to-date with origin
add to repo msg=modified - ad8224ebc6dbfeb9f5997218dfa5fe690569839d.json
add to repo msg=modified - 56-08.json
add to repo msg=modified - 56-08.dat.json
add to repo msg=modified - 56-08.blan.json
add to repo msg=modified - 56-08.inte.json
add to repo msg=modified - 56-08.icfa.json
add to repo msg=modified - 56-08.base.json
not at valid file /Users/jan/PychronDev/data/.dvc/repositories/Load1786/655/tags/56-08.tags.json
add to repo msg=modified - 56-08.peak.json
add to repo msg=modified - 56-08.extr.json
not at valid file /Users/jan/PychronDev/data/.dvc/repositories/Load1786/655/monitor/56-08.moni.json
commit message=<COLLECTION>
add to repo msg=modified - 56-08.inte.json
add to repo msg=modified - 56-08.base.json
commit message=<ISOEVO> default collection fits
add to repo msg=modified - 56-08.blan.json
commit message=<BLANKS> preceding bc-02-J-329
add to repo msg=modified - 56-08.icfa.json
commit message=<ICFactor> default
push repository <pychron.git_archive.repo_manager.GitRepoManager object at 0x1f6774350>
pushing to remote=origin, url=https://github.com
no changes to meta repo
create new session 4991427888
add association Load1786
get identifier "65556"
setting analysis irradiation position=<pychron.dvc.dvc_orm.IrradiationPositionTbl object at 0x1b858d750>
close session 4991427888
================= post measurement finished
23:22:42 -- ******* Post Run Check *******
loading queue conditionals post_run_actions
loading system conditionals post_run_actions
loading conditionals from /Users/jan/PychronDev/setupfiles/spectrometer/default_conditionals.yaml
loading queue conditionals post_run_terminations
loading system conditionals post_run_terminations
loading conditionals from /Users/jan/PychronDev/setupfiles/spectrometer/default_conditionals.yaml
Checking default post run terminations n=1
GetDeflection CDD ===>> 50
testing CDD==2000
evaluate ot="CDD.deflection==2000" t="CDD==2000", ctx="{'CDD': 50.0}"
23:22:42 -- ******* Post Run Check Passed *******
23:22:42 -- Automated run 65556-08 success duration: 364.347 s
----------------- finish -----------------
----------------- stop -----------------
retroactive repository identifiers disabled
finish run. runs completed=249
update duration runid=65556-08, duration=364.346539021, md5=301e91d8
loading script "jan_unknown120_60.py"
loading script "jan_pump_ms.py"
loading script "jan_co2.py"
loading script "jan_pump_extraction_line.py"
testing...
no interpolation path defined
executed snippet estimated_duration=213.652928, duration=0.000258922576904
script duration name:unknown120_60 seconds:214.0
loading script "jan_unknown120_60.py"
loading script "jan_pump_ms.py"
loading script "jan_co2.py"
loading script "jan_pump_extraction_line.py"
testing...
no interpolation path defined
executed snippet estimated_duration=0, duration=2.31266021729e-05
loading script "jan_unknown120_60.py"
loading script "jan_pump_ms.py"
loading script "jan_co2.py"
loading script "jan_pump_extraction_line.py"
testing...
no interpolation path defined
calculate duration
testing...
no interpolation path defined
executed snippet estimated_duration=0, duration=0.000137090682983
calculate duration
testing...
no interpolation path defined
executed snippet estimated_duration=0, duration=0.000142097473145
executed snippet estimated_duration=0.0, duration=0.00243997573853
script duration name:co2 seconds:0.0
loading script "jan_unknown120_60.py"
loading script "jan_pump_ms.py"
loading script "jan_co2.py"
loading script "jan_pump_extraction_line.py"
testing...
no interpolation path defined
calculate duration
testing...
no interpolation path defined
executed snippet estimated_duration=4.0, duration=0.000155210494995
executed snippet estimated_duration=4.0, duration=0.00128698348999
Script duration 214.0
Run total estimated duration= 215.000
unknown120_60 in script context. using previous estimated duration
script duration name:unknown120_60 seconds:214.0
pump_ms in script context. using previous estimated duration
co2 in script context. using previous estimated duration
script duration name:co2 seconds:0.0
pump_extraction_line in script context. using previous estimated duration
Script duration 214.0
Run total estimated duration= 215.000
script duration name:unknown120_60 seconds:214.0
script duration name:co2 seconds:0.0
Script duration 214.0
Run total estimated duration= 215.000
loading script "jan_unknown400_120.py"
loading script "jan_pump_ms.py"
loading script "jan_cocktail_x1.py"
loading script "jan_pump_extraction_line.py"
testing...
no interpolation path defined
executed snippet estimated_duration=556.052928, duration=0.000153064727783
script duration name:unknown400_120 seconds:556.0
loading script "jan_unknown400_120.py"
loading script "jan_pump_ms.py"
loading script "jan_cocktail_x1.py"
loading script "jan_pump_extraction_line.py"
testing...
no interpolation path defined
calculate duration
testing...
no interpolation path defined
executed snippet estimated_duration=0, duration=4.29153442383e-05
calculate duration
testing...
no interpolation path defined
executed snippet estimated_duration=0, duration=8.08238983154e-05
calculate duration
testing...
no interpolation path defined
executed snippet estimated_duration=32.0, duration=0.0001540184021
calculate duration
testing...
no interpolation path defined
executed snippet estimated_duration=34.0, duration=9.08374786377e-05
calculate duration
testing...
no interpolation path defined
executed snippet estimated_duration=4.0, duration=5.19752502441e-05
calculate duration
testing...
no interpolation path defined
executed snippet estimated_duration=38.0, duration=7.29560852051e-05
executed snippet estimated_duration=108.0, duration=0.0160880088806
script duration name:cocktail_x1 seconds:108.0
Script duration 664.0
Run total estimated duration= 665.000
unknown400_120 in script context. using previous estimated duration
script duration name:unknown400_120 seconds:556.0
cocktail_x1 in script context. using previous estimated duration
script duration name:cocktail_x1 seconds:108.0
Script duration 664.0
Run total estimated duration= 665.000
script duration name:unknown120_60 seconds:214.0
script duration name:co2 seconds:0.0
Script duration 214.0
Run total estimated duration= 215.000
script duration name:unknown120_60 seconds:214.0
script duration name:co2 seconds:0.0
Script duration 214.0
Run total estimated duration= 215.000
script duration name:unknown120_60 seconds:214.0
script duration name:co2 seconds:0.0
Script duration 214.0
Run total estimated duration= 215.000
script duration name:unknown120_60 seconds:214.0
script duration name:co2 seconds:0.0
Script duration 214.0
Run total estimated duration= 215.000
loading script "jan_ic_peak_hop3.py"
loading script "jan_pump_ms.py"
loading script "jan_air_x1.py"
loading script "jan_pump_extraction_line.py"
testing...
no interpolation path defined
executed snippet estimated_duration=133.8, duration=0.00569200515747
script duration name:ic_peak_hop3 seconds:134.0
loading script "jan_ic_peak_hop3.py"
loading script "jan_pump_ms.py"
loading script "jan_air_x1.py"
loading script "jan_pump_extraction_line.py"
testing...
no interpolation path defined
calculate duration
testing...
no interpolation path defined
executed snippet estimated_duration=0, duration=6.31809234619e-05
calculate duration
testing...
no interpolation path defined
executed snippet estimated_duration=0, duration=0.000212907791138
calculate duration
testing...
no interpolation path defined
executed snippet estimated_duration=32.0, duration=0.000154972076416
calculate duration
testing...
no interpolation path defined
executed snippet estimated_duration=34.0, duration=0.000125885009766
calculate duration
testing...
no interpolation path defined
executed snippet estimated_duration=4.0, duration=7.08103179932e-05
calculate duration
testing...
no interpolation path defined
executed snippet estimated_duration=36.0, duration=9.60826873779e-05
executed snippet estimated_duration=106.0, duration=0.00829100608826
script duration name:air_x1 seconds:106.0
Script duration 240.0
Run total estimated duration= 241.000
script duration name:unknown120_60 seconds:214.0
script duration name:co2 seconds:0.0
Script duration 214.0
Run total estimated duration= 215.000
nruns=11 before=5.0, run_dur=3291.0, btw=300.0
write rem/ex queues
/Users/jan/PychronDev/experiments/rem/Load1786.rem.txt
/Users/jan/PychronDev/experiments/rem/Load1786.ex.txt
doing event level: 3
