do run
loading script "jan_unknown120_60.py"
loading script "jan_pump_ms.py"
loading script "jan_co2.py"
loading script "jan_pump_extraction_line.py"
testing...
no interpolation path defined
executed snippet estimated_duration=213.652928, duration=0.000298023223877
script duration name:unknown120_60 seconds:214.0
loading script "jan_unknown120_60.py"
loading script "jan_pump_ms.py"
loading script "jan_co2.py"
loading script "jan_pump_extraction_line.py"
testing...
no interpolation path defined
executed snippet estimated_duration=0, duration=3.2901763916e-05
loading script "jan_unknown120_60.py"
loading script "jan_pump_ms.py"
loading script "jan_co2.py"
loading script "jan_pump_extraction_line.py"
testing...
no interpolation path defined
calculate duration
testing...
no interpolation path defined
executed snippet estimated_duration=0, duration=8.89301300049e-05
calculate duration
testing...
no interpolation path defined
executed snippet estimated_duration=0, duration=0.000102996826172
executed snippet estimated_duration=0.0, duration=0.00357413291931
script duration name:co2 seconds:0.0
loading script "jan_unknown120_60.py"
loading script "jan_pump_ms.py"
loading script "jan_co2.py"
loading script "jan_pump_extraction_line.py"
testing...
no interpolation path defined
calculate duration
testing...
no interpolation path defined
executed snippet estimated_duration=4.0, duration=0.00016188621521
executed snippet estimated_duration=4.0, duration=0.00208497047424
Script duration 214.0
Run total estimated duration= 215.000
run duration: 0:03:35
doing event level: 2
22:54:55 -- Setting default integration. t=1.048576
setting integration time = 1.048576
SetIntegrationTime 1.048576 ===>> OK
----------------- start -----------------
**************** Experiment Type: Ar/Ar, Ar/Ar
$$$$$ Clearing conditionals
adding conditionals 
Add queue conditionals
add default conditionals
adding default conditionals from /Users/jan/PychronDev/setupfiles/spectrometer/default_conditionals.yaml
Start automated run 65556-05
loading script "jan_unknown120_60.py"
loading script "jan_pump_ms.py"
loading script "jan_co2.py"
loading script "jan_pump_extraction_line.py"
%%%%%%%%%%%%%%%%%% setting automated run 65556-05
No value "sensitivity_multiplier" in metadata
$$$$$$$$$$$$$$$ auto_save_detector_ic=False
============================= Pre Extraction Check =============================
loading queue conditionals pre_run_terminations
loading system conditionals pre_run_terminations
loading conditionals from /Users/jan/PychronDev/setupfiles/spectrometer/default_conditionals.yaml
22:54:55 -- ******* Pre Extraction Check *******
Get a measurement from the spectrometer
GetData ===>> H2,-0.137374576939871,H1,0.0485346545286759,AX,0.0424453114923373,L1,-0.0173509057931042,L2,-0.03...
Pre Extraction Termination data. keys=H2,H1,AX,L1,L2,CDD, signals=-0.13737,0.04853,0.04245,-0.01735,-0.03643,0.00328
22:54:55 -- testing system defined conditionals
Checking default pre extraction terminations n=2
testing CDD
evaluate ot="CDD.inactive" t="CDD", ctx="{'CDD': False}"
GetDeflection CDD ===>> 50
testing CDD==2000
evaluate ot="CDD.deflection==2000" t="CDD==2000", ctx="{'CDD': 50.0}"
22:54:55 -- ******* Pre Extraction Check Passed *******
=================================================================================
22:54:55 -- stopping status monitor
stop 4984189200
Alive clients [4991693744]
22:54:55 -- starting status monitor
start 4984189200
Monitor already running
start extraction
do extraction
Analysis started at 22:54:55.542681
Extraction Started jan_co2.py
22:54:55 -- ******* Extraction Started jan_co2.py *******
state changed from not run to extraction
DO EXTRACTION <pychron.extraction_line.pyscript_runner.RemotePyScriptRunner object at 0x12c301530>
testing...
no interpolation path defined
calculate duration
testing...
no interpolation path defined
executed snippet estimated_duration=0, duration=5.00679016113e-05
calculate duration
testing...
no interpolation path defined
executed snippet estimated_duration=0, duration=0.000126123428345
executed snippet estimated_duration=100.0, duration=0.00388789176941
Jan CO2 laser analysis
doing GOSUB
testing...
no interpolation path defined
executed snippet estimated_duration=0, duration=5.50746917725e-05
Waiting for CO2 access
wait ('FelixCO2Flag', 0) {}
waiting for FelixCO2Flag = 0
Read FelixCO2Flag ===>> 0
finished waiting
CO2 free
wait ('CO2PumpTimeFlag', 0) {}
waiting for CO2PumpTimeFlag = 0
Read CO2PumpTimeFlag ===>> 0
finished waiting
acquire ('JanCO2Flag',) {'clear': True}
acquire JanCO2Flag
Set JanCO2Flag 1 ===>> OK
JanCO2Flag acquired
set extraction state False (0.75, 'red', 1.5)
CO2 acquired
executed snippet estimated_duration=0, duration=0.0198929309845
WaitForCO2Access.py completed successfully
gosub finished
doing GOSUB
testing...
no interpolation path defined
executed snippet estimated_duration=0, duration=0.00010085105896
Prepare for CO2 analysis
close () {'description': 'Jan Inlet'}
closing name=--- desc=Jan Inlet
checking ownership. requestor=129.138.12.150
check software interlocks R
interlocks []
actuate state mode=None-script, software_lock=False
doing actuation None-script close_channel False
Close R ===>> OK
GetIndicatorState R ===>> False
change switch state (True, True)
update switch state R False args=() kw={} ncanvase=2
22:54:55 -- CLOSE  VALVE-R (Jan Inlet)
---------------------------------------- close None (Jan Inlet) result=[(True, True)]
action=close, ok=True, locked=[False]
open () {'description': 'Jan Ion Pump'}
opening name=--- desc=Jan Ion Pump
checking ownership. requestor=129.138.12.150
check software interlocks O
interlocks []
actuate state mode=None-script, software_lock=False
doing actuation None-script open_channel False
Open O ===>> OK
GetIndicatorState O ===>> OK
change switch state (True, True)
update switch state O True args=() kw={} ncanvase=2
22:54:56 -- OPEN   VALVE-O (Jan Ion Pump)
---------------------------------------- open None (Jan Ion Pump) result=[(True, True)], time=0.10 sec
action=open, ok=True, locked=[False]
close () {'description': 'Microbone to Minibone'}
closing name=--- desc=Microbone to Minibone
checking ownership. requestor=129.138.12.150
check software interlocks L
interlocks []
actuate state mode=None-script, software_lock=False
doing actuation None-script close_channel False
Close L ===>> OK
GetIndicatorState L ===>> False
change switch state (True, True)
update switch state L False args=() kw={} ncanvase=2
22:54:57 -- CLOSE  VALVE-L (Microbone to Minibone)
---------------------------------------- close None (Microbone to Minibone) result=[(True, True)]
action=close, ok=True, locked=[False]
open () {'description': 'Microbone to Turbo'}
opening name=--- desc=Microbone to Turbo
checking ownership. requestor=129.138.12.150
check software interlocks U
interlocks []
actuate state mode=None-script, software_lock=False
doing actuation None-script open_channel False
Open U ===>> OK
GetIndicatorState U ===>> OK
change switch state (True, True)
update switch state U True args=() kw={} ncanvase=2
22:54:57 -- OPEN   VALVE-U (Microbone to Turbo)
---------------------------------------- open None (Microbone to Turbo) result=[(True, True)], time=0.18 sec
action=open, ok=True, locked=[False]
open () {'description': 'Microbone to Inlet Pipette'}
opening name=--- desc=Microbone to Inlet Pipette
checking ownership. requestor=129.138.12.150
check software interlocks S
interlocks []
actuate state mode=None-script, software_lock=False
doing actuation None-script open_channel False
Open S ===>> OK
GetIndicatorState S ===>> OK
change switch state (True, True)
update switch state S True args=() kw={} ncanvase=2
22:54:58 -- OPEN   VALVE-S (Microbone to Inlet Pipette)
---------------------------------------- open None (Microbone to Inlet Pipette) result=[(True, True)], time=0.42 sec
action=open, ok=True, locked=[False]
open () {'description': 'Microbone to Getter D-50'}
opening name=--- desc=Microbone to Getter D-50
checking ownership. requestor=129.138.12.150
check software interlocks K
interlocks []
actuate state mode=None-script, software_lock=False
doing actuation None-script open_channel False
Open K ===>> OK
GetIndicatorState K ===>> OK
change switch state (True, True)
update switch state K True args=() kw={} ncanvase=2
22:54:58 -- OPEN   VALVE-K (Microbone to Getter D-50)
---------------------------------------- open None (Microbone to Getter D-50) result=[(True, True)], time=0.42 sec
action=open, ok=True, locked=[False]
open () {'description': 'Microbone to Getter NP-10'}
opening name=--- desc=Microbone to Getter NP-10
checking ownership. requestor=129.138.12.150
check software interlocks M
interlocks []
actuate state mode=None-script, software_lock=False
doing actuation None-script open_channel False
Open M ===>> OK
GetIndicatorState M ===>> OK
change switch state (True, True)
update switch state M True args=() kw={} ncanvase=2
22:54:59 -- OPEN   VALVE-M (Microbone to Getter NP-10)
---------------------------------------- open None (Microbone to Getter NP-10) result=[(True, True)], time=0.14 sec
action=open, ok=True, locked=[False]
close () {'description': 'CO2 Laser to Felix'}
closing name=--- desc=CO2 Laser to Felix
checking ownership. requestor=129.138.12.150
check software interlocks F
interlocks []
actuate state mode=None-script, software_lock=True
VALVE-F(CO2 Laser to Felix) software locked
change switch state (True, False)
---------------------------------------- close None (CO2 Laser to Felix) result=[(True, False)]
action=close, ok=True, locked=[True]
open () {'description': 'CO2 Laser to Jan'}
opening name=--- desc=CO2 Laser to Jan
checking ownership. requestor=129.138.12.150
check software interlocks A
interlocks []
actuate state mode=None-script, software_lock=False
doing actuation None-script open_channel False
Open A ===>> OK
GetIndicatorState A ===>> OK
change switch state (True, True)
update switch state A True args=() kw={} ncanvase=2
22:54:59 -- OPEN   VALVE-A (CO2 Laser to Jan)
---------------------------------------- open None (CO2 Laser to Jan) result=[(True, True)], time=0.14 sec
action=open, ok=True, locked=[False]
open () {'description': 'Microbone to CO2 Laser'}
opening name=--- desc=Microbone to CO2 Laser
checking ownership. requestor=129.138.12.150
check software interlocks T
interlocks []
actuate state mode=None-script, software_lock=False
doing actuation None-script open_channel False
Open T ===>> OK
GetIndicatorState T ===>> OK
change switch state (True, True)
update switch state T True args=() kw={} ncanvase=2
22:55:00 -- OPEN   VALVE-T (Microbone to CO2 Laser)
---------------------------------------- open None (Microbone to CO2 Laser) result=[(True, True)], time=0.43 sec
action=open, ok=True, locked=[False]
executed snippet estimated_duration=0, duration=5.01488399506
PrepareForCO2Analysis.py completed successfully
gosub finished
set_motor ('beam', '1.25') {}
setting motor "beam" to 1.25
set motor beam to 1.25
SetMotor beam,1.25 ===>> OK
GetMotorMoving beam ===>> False
GetMotorMoving beam ===>> False
Block completed
move_to_position ('210',) {'autocenter': True}
FusionsCO2 move to position 210
sending GoToHole 210,True
GoToHole 210,True ===>> OK
GetDriveMoving ===>> OK
GetDriveMoving ===>> OK
GetDriveMoving ===>> OK
GetDriveMoving ===>> False
GetDriveMoving ===>> OK
GetDriveMoving ===>> OK
GetDriveMoving ===>> OK
GetDriveMoving ===>> OK
GetDriveMoving ===>> OK
GetDriveMoving ===>> OK
GetDriveMoving ===>> False
Block completed
GetAutoCorrecting ===>> False
GetAutoCorrecting ===>> False
Block completed
update position
GetPosition ===>> -3.98780,-13.95730,1.00000
got position (-3.9878, -13.9573, 1.0)
move to position succeeded
sleep (5,) {}
SLEEP 5.0
block started
WaitControl setup for 5.0  
Join finished
block finished. duration 5.01507282257
close () {'description': 'Microbone to Turbo'}
closing name=--- desc=Microbone to Turbo
checking ownership. requestor=129.138.12.150
check software interlocks U
interlocks []
actuate state mode=None-script, software_lock=False
doing actuation None-script close_channel True
Close U ===>> OK
GetIndicatorState U ===>> False
change switch state (True, True)
update switch state U False args=() kw={} ncanvase=2
22:55:11 -- CLOSE  VALVE-U (Microbone to Turbo)
---------------------------------------- close None (Microbone to Turbo) result=[(True, True)]
action=close, ok=True, locked=[False]
enable laser
enable () {}
set extraction state FusionsCO2 Enabled (False, 'red', 1.5)
enabling laser
Enable ===>> OK
begin interval
BEGIN INTERVAL Interval 1 waiting for 30.0
block started
set extract to 5.0
WaitControl setup for 30.0  
extract (5.0,) {}
GetPosition ===>> -3.98780,-13.95730,1.00000
set extraction state FusionsCO2 ON! 5.0(watts) (0.75, 'red', 1.5)
extract sample to 5.0 (watts)
set laser output
SetLaserOutput 5.0,watts ===>> OK
executing pattern triangle.lp
execute_pattern ('triangle.lp',) {}
executing pattern triangle.lp
IsPatterning ===>> OK
IsPatterning ===>> OK
IsPatterning ===>> OK
IsPatterning ===>> OK
IsPatterning ===>> OK
IsPatterning ===>> OK
IsPatterning ===>> OK
IsPatterning ===>> OK
IsPatterning ===>> OK
IsPatterning ===>> OK
IsPatterning ===>> OK
IsPatterning ===>> OK
IsPatterning ===>> OK
IsPatterning ===>> OK
IsPatterning ===>> OK
IsPatterning ===>> OK
IsPatterning ===>> OK
IsPatterning ===>> OK
IsPatterning ===>> OK
IsPatterning ===>> OK
IsPatterning ===>> OK
IsPatterning ===>> OK
IsPatterning ===>> OK
IsPatterning ===>> OK
IsPatterning ===>> OK
IsPatterning ===>> OK
IsPatterning ===>> OK
IsPatterning ===>> OK
IsPatterning ===>> False
Join finished
block finished. duration 30.104598999
Interval 1 finished
IsPatterning ===>> False
Block completed
COMPLETE INTERVAL waiting for Interval 1 to complete
end_extract () {}
ending extraction. set laser power to 0
set laser power 0
SetLaserPower 0 ===>> OK
disable () {}
%%%%%%%%%%%%%%%%%%%%%%%%%%%%%%%%%%% disable
set extraction state False (0.75, 'red', 1.5)
disabling laser
Disable ===>> OK
sleep (30.0,) {}
SLEEP 30.0
block started
WaitControl setup for 30.0  
Join finished
block finished. duration 30.0970771313
executed snippet estimated_duration=165.0, duration=77.4712069035
jan_co2.py completed successfully
GetAchievedOutput ===>> No Response
Requested Output= 0.000
Achieved Output=  0.000
GetResponseBlob ===>> No Response
GetOutputBlob ===>> No Response
persistence save...
persistence save - db
AutomatedRunPersister post_extraction_save deprecated
persistence save - dvc
no extraction position for 210
create new session 4991427888
close session 4991427888
Extraction Finished
22:56:13 -- ******* Extraction Finished *******
no overlap. not waiting for min ms pumptime
22:56:13 -- Sending spectrometer configuration
======== Sending configuration ========
SetDeflection CDD,50.0 ===>> OK
SetDeflection H2,0.0 ===>> OK
SetDeflection H1,0.0 ===>> OK
SetDeflection L2,825.0 ===>> OK
SetDeflection L1,400.0 ===>> OK
SetDeflection AX,190.0 ===>> OK
SetZFocus 74.64 ===>> OK
SetZSymmetry -50.72 ===>> OK
SetExtractionLens 26.13 ===>> OK
SetIonRepeller -3.81 ===>> OK
SetElectronEnergy 75.08 ===>> OK
SetYSymmetry -2.81 ===>> OK
SetIonCounterVoltage 1590.0 ===>> OK
send trap current 200.0
GetParameter Trap Current Readback ===>> 198.258926936459
SetParameter Trap Current Set,200.0 ===>> OK
updating mftable name mftable
Using mftable located at /Users/jan/PychronDev/setupfiles/spectrometer/mftables/mftable.csv
============ MFtable ===========
Isotope  H2     H1     AX     L1     L2     CDD    
Ar40     5.7976 5.8795 5.9929 6.1375 6.2313 6.3658
Ar39     5.6969 5.7717 5.8853 6.0236 6.1164 6.2523
Ar36     5.3744 5.4408 5.5487 5.6825 5.7714 5.9033
================================
get initial guess parabolic
get initial guess parabolic
get initial guess parabolic
get initial guess parabolic
get initial guess parabolic
get initial guess parabolic
======== Configuration Finished ========
GetYSymmetry ===>> -2.81
GetZSymmetry ===>> -50.72
GetParameter Trap Current Readback ===>> 198.258926936459
GetHighVoltage ===>> 4500
start measurement
do measurement
L#=65556 analysis type=unknown
Measurement Started jan_unknown120_60.py
22:56:13 -- ******* Measurement Started jan_unknown120_60.py *******
state changed from extraction to measurement
setting spec, defl, and gains
GetExtractionLens ===>> 26.13
GetYSymmetry ===>> -2.81
GetZSymmetry ===>> -50.72
GetZFocus ===>> 74.64
GetDeflection H2 ===>> 0
GetDeflection H1 ===>> 0
GetDeflection AX ===>> 190
GetDeflection L1 ===>> 400
GetDeflection L2 ===>> 825
GetDeflection CDD ===>> 50
GetGain H2 ===>> 0.0113
GetGain H1 ===>> 0.1
GetGain AX ===>> 0.097049
GetGain L1 ===>> 0.010355
GetGain L2 ===>> 0.095649
GetGain CDD ===>> 0
pre measurement save
New frame /Users/jan/PychronDev/data/isotopes/5e/8ff5f3-d733-41b7-8641-90e612aa9037.h5
flush and close file /Users/jan/PychronDev/data/isotopes/5e/8ff5f3-d733-41b7-8641-90e612aa9037.h5
testing...
no interpolation path defined
executed snippet estimated_duration=226.132928, duration=0.000247001647949
unknown measurement script
activate_detectors ('H2', 'H1', 'AX', 'L1', 'L2', 'CDD') {}
activate detectors
*************** Set Analysis View Ar/Ar
create graphs
clearing graphs
clear isotope group
setting isotope det=H2, iso=PM41
setting isotope det=H1, iso=Ar40
setting isotope det=AX, iso=Ar39
setting isotope det=L1, iso=Ar38
setting isotope det=L2, iso=Ar37
setting isotope det=CDD, iso=Ar36
setting previous blanks
 - setting Ar40 blank 0.173+/-0.007
 - setting Ar36 blank 0.00434+/-0.00019
 - setting Ar37 blank 0.054+/-0.005
 - setting Ar38 blank 0.0105+/-0.0023
 - setting PM41 blank 0.00+/-0.06
 - setting Ar39 blank 0.018+/-0.009
load analysis view
position_magnet ('Ar40',) {'detector': 'H1'}
detector Detector(H1)
POSITION Ar40 H1
setting detector H2 to PM41 (40.9624)
setting detector H1 to Ar40 (39.9624)
setting detector AX to Ar39 (38.9624)
setting detector L1 to Ar38 (37.9624)
setting detector L2 to Ar37 (36.9624)
setting detector CDD to Ar36 (35.9624)
Mapping mass to dac mass func: "parabolic"
H1 map mass coeffs = [-0.00063987  0.15840543  0.57108999]
H1 map mass to dac 39.9624 >> 5.87948
GetDeflection H1 ===>> 0
GetHighVoltage ===>> 4500
positioning Ar40 (5.87948) on H1
setting magnet DAC
current  : 5.879480
requested: 5.879480
Delta Dac: 0.000000
Checking detector protection. dv=0.00000
Checking detector "CDD". Protection Threshold: 0.1 (V)
SetMagnetDAC 5.87948 ===>> OK
Magnet settling time: 0.500
equilibrate () {'delay': 3, 'inlet': 'R', 'outlet': 'O', 'eqtime': 12.0}
Equilibration Started
22:56:15 -- ******* Equilibration Started *******
checking ownership. requestor=129.138.12.150
check software interlocks O
interlocks []
actuate state mode=None-script, software_lock=False
doing actuation None-script close_channel True
Close O ===>> OK
GetIndicatorState O ===>> False
change switch state (True, True)
update switch state O False args=() kw={} ncanvase=2
22:56:15 -- CLOSE  VALVE-O (Jan Ion Pump)
waiting 3s before opening inlet value ('R',)
update labels <pychron.experiment.plot_panel.PlotPanel object at 0x1e2ff42f0>
update labels "<pychron.graph.stacked_regression_graph.StackedRegressionGraph object at 0x1e904bcb0>"
setting label 0 H2 PM41
setting label 1 H1 Ar40
setting label 2 AX Ar39
setting label 3 L1 Ar38
setting label 4 L2 Ar37
setting label 5 CDD Ar36
update labels "<pychron.graph.stacked_graph.StackedGraph object at 0x1e77f8b30>"
setting label 0 H2 PM41
setting label 1 H1 Ar40
setting label 2 AX Ar39
setting label 3 L1 Ar38
setting label 4 L2 Ar37
setting label 5 CDD Ar36
checking ownership. requestor=129.138.12.150
check software interlocks R
interlocks []
actuate state mode=None-script, software_lock=False
doing actuation None-script open_channel True
Open R ===>> OK
State checksums do not match. Local:-598318598 Remote:-1449001502
State checksum failed
GetIndicatorState R ===>> OK
change switch state (True, True)
update switch state R True args=() kw={} ncanvase=2
22:56:18 -- OPEN   VALVE-R (Jan Inlet)
set_time_zero () {}
equilibrating for 12.0sec
sniff (12.0,) {}
py_sniff
build tables- sniff [Detector(H2), Detector(H1), Detector(AX), Detector(L1), Detector(L2), Detector(CDD)]
add group /sniff/PM41 (Group) '' table H2
add group /sniff/Ar40 (Group) '' table H1
add group /sniff/Ar39 (Group) '' table AX
add group /sniff/Ar38 (Group) '' table L1
add group /sniff/Ar37 (Group) '' table L2
add group /sniff/Ar36 (Group) '' table CDD
flush and close file /Users/jan/PychronDev/data/isotopes/5e/8ff5f3-d733-41b7-8641-90e612aa9037.h5
measuring sniff. ncounts=12.0
"sniff" increment series count="1" fit count="0" regressing="False"
starting measurement
GetData ===>> H2,-0.234139476917482,H1,0.220112306058318,AX,-0.0349812619665678,L1,-0.0118074461694069,L2,0.037...
GetData ===>> H2,0.737921069670727,H1,34.9008360690063,AX,9.74475536900019,L1,0.150855923188089,L2,0.2829738480...
GetData ===>> H2,0.830607959228134,H1,76.2606177083513,AX,18.9711611689041,L1,0.273726380861933,L2,0.2790718334...
GetData ===>> H2,0.359378278903318,H1,90.0964028553999,AX,21.4032980370892,L1,0.329442672429201,L2,0.2137750188...
GetData ===>> H2,0.0900828335523367,H1,94.8837425811333,AX,22.2032077217022,L1,0.36945570900122,L2,0.1540391198...
GetData ===>> H2,0.0188970267291691,H1,96.6642462752993,AX,22.5580671459063,L1,0.31372289587281,L2,0.1653308655...
GetData ===>> H2,-0.0196322527516618,H1,97.4841931373996,AX,22.5438557144788,L1,0.284192639747462,L2,0.15700449...
GetData ===>> H2,-0.112537743869726,H1,97.8735708219729,AX,22.6827941616586,L1,0.287230394402927,L2,0.103197145...
GetData ===>> H2,-0.181695750826471,H1,97.9730644175476,AX,22.6584940427056,L1,0.317059085266745,L2,0.222311761...
GetData ===>> H2,-0.217389761877854,H1,98.1019296167659,AX,22.6445533800541,L1,0.30725717648539,L2,0.1857392270...
GetData ===>> H2,-0.179404522065824,H1,98.2468191069611,AX,22.5208469750975,L1,0.322887950056449,L2,0.135359337...
Equilibration Finished
22:56:30 -- ******* Equilibration Finished *******
checking ownership. requestor=129.138.12.150
check software interlocks R
interlocks []
actuate state mode=None-script, software_lock=False
doing actuation None-script close_channel True
GetData ===>> H2,-0.198059881558515,H1,98.3454488261931,AX,22.7127074684134,L1,0.332750274143873,L2,0.186469399...
Close R ===>> OK
GetIndicatorState R ===>> False
change switch state (True, True)
update switch state R False args=() kw={} ncanvase=2
22:56:31 -- CLOSE  VALVE-R (Jan Inlet)
Post Equilibration Started jan_pump_extraction_line.py
22:56:31 -- ******* Post Equilibration Started jan_pump_extraction_line.py *******
testing...
no interpolation path defined
calculate duration
testing...
no interpolation path defined
executed snippet estimated_duration=4.0, duration=0.000144958496094
executed snippet estimated_duration=4.0, duration=0.00163102149963
Pump after analysis
doing GOSUB
testing...
no interpolation path defined
executed snippet estimated_duration=4.0, duration=0.000135183334351
Pump Microbone
close () {'description': 'Jan Inlet'}
closing name=--- desc=Jan Inlet
checking ownership. requestor=129.138.12.150
check software interlocks R
interlocks []
actuate state mode=None-script, software_lock=False
doing actuation None-script close_channel False
measurement finished
estimated time: 12.583 actual time: :12.691
flush and close file /Users/jan/PychronDev/data/isotopes/5e/8ff5f3-d733-41b7-8641-90e612aa9037.h5
Close R ===>> OK
set_fits () {}
using default fits file=/Users/jan/PychronDev/scripts/measurement/fits/nominal_linear.yaml
set "Ar40" to "('Linear', 'SEM')"
No fit for "PM41". defaulting to linear. check the measurement script "jan_unknown120_60.py"
set "PM41" to "linear"
set "Ar36" to "('Linear', 'SEM')"
set "Ar37" to "('linear', 'SEM')"
set "Ar38" to "('linear', 'SEM')"
set "Ar39" to "('Linear', 'SEM')"
set_baseline_fits () {}
using default fits file=/Users/jan/PychronDev/scripts/measurement/fits/nominal_linear.yaml
set "H1" to "('average', 'SEM')"
set "H2" to "('average', 'SEM')"
set "CDD" to "('average', 'SEM')"
set "L2" to "('average', 'SEM')"
set "L1" to "('average', 'SEM')"
set "AX" to "('average', 'SEM')"
multicollect () {'integration_time': 1, 'ncounts': 120}
build tables- signal [Detector(H2), Detector(H1), Detector(AX), Detector(L1), Detector(L2), Detector(CDD)]
add group /signal/PM41 (Group) '' table H2
add group /signal/Ar40 (Group) '' table H1
add group /signal/Ar39 (Group) '' table AX
add group /signal/Ar38 (Group) '' table L1
add group /signal/Ar37 (Group) '' table L2
add group /signal/Ar36 (Group) '' table CDD
flush and close file /Users/jan/PychronDev/data/isotopes/5e/8ff5f3-d733-41b7-8641-90e612aa9037.h5
measuring signal. ncounts=120
GetIndicatorState R ===>> False
change switch state (True, True)
update switch state R False args=() kw={} ncanvase=2
22:56:32 -- CLOSE  VALVE-R (Jan Inlet)
---------------------------------------- close None (Jan Inlet) result=[(True, True)]
action=close, ok=True, locked=[False]
is_closed ('F',) {}
is F () closed?
is closed True
open () {'description': 'CO2 Laser to Jan'}
opening name=--- desc=CO2 Laser to Jan
checking ownership. requestor=129.138.12.150
check software interlocks A
interlocks []
actuate state mode=None-script, software_lock=False
doing actuation None-script open_channel False
Open A ===>> OK
GetIndicatorState A ===>> OK
change switch state (True, True)
update switch state A True args=() kw={} ncanvase=2
22:56:32 -- OPEN   VALVE-A (CO2 Laser to Jan)
---------------------------------------- open None (CO2 Laser to Jan) result=[(True, True)], time=0.12 sec
"signal" increment series count="2" fit count="1" regressing="True"
starting measurement
GetData ===>> H2,0.0391309994376337,H1,98.3105211377045,AX,22.6690445723704,L1,0.304914103811603,L2,0.121460205...
action=open, ok=True, locked=[False]
sleep (1,) {}
SLEEP 1.0
GetData ===>> H2,0.0508963418037754,H1,98.2709383889352,AX,22.7088092073903,L1,0.336902143747635,L2,0.150366738...
close () {'description': 'CO2 Laser to Roughing'}
closing name=--- desc=CO2 Laser to Roughing
checking ownership. requestor=129.138.12.150
check software interlocks G
interlocks []
actuate state mode=None-script, software_lock=True
VALVE-G(CO2 Laser to Roughing) software locked
change switch state (True, False)
---------------------------------------- close None (CO2 Laser to Roughing) result=[(True, False)]
action=close, ok=True, locked=[True]
open () {'description': 'Microbone to Turbo'}
opening name=--- desc=Microbone to Turbo
checking ownership. requestor=129.138.12.150
check software interlocks U
interlocks []
actuate state mode=None-script, software_lock=False
doing actuation None-script open_channel True
Open U ===>> OK
GetIndicatorState U ===>> OK
change switch state (True, True)
update switch state U True args=() kw={} ncanvase=2
22:56:33 -- OPEN   VALVE-U (Microbone to Turbo)
---------------------------------------- open None (Microbone to Turbo) result=[(True, True)], time=0.20 sec
action=open, ok=True, locked=[False]
open () {'description': 'Microbone to Getter NP-10'}
opening name=--- desc=Microbone to Getter NP-10
checking ownership. requestor=129.138.12.150
check software interlocks M
interlocks []
actuate state mode=None-script, software_lock=False
doing actuation None-script open_channel False
Open M ===>> OK
GetIndicatorState M ===>> OK
change switch state (True, True)
update switch state M True args=() kw={} ncanvase=2
22:56:34 -- OPEN   VALVE-M (Microbone to Getter NP-10)
---------------------------------------- open None (Microbone to Getter NP-10) result=[(True, True)], time=0.15 sec
action=open, ok=True, locked=[False]
open () {'description': 'Microbone to Getter D-50'}
opening name=--- desc=Microbone to Getter D-50
checking ownership. requestor=129.138.12.150
check software interlocks K
interlocks []
actuate state mode=None-script, software_lock=False
doing actuation None-script open_channel False
GetData ===>> H2,-0.121449205616184,H1,98.2737312124852,AX,22.5771869136652,L1,0.334067758279784,L2,0.135188294...
Open K ===>> OK
GetIndicatorState K ===>> OK
change switch state (True, True)
update switch state K True args=() kw={} ncanvase=2
22:56:34 -- OPEN   VALVE-K (Microbone to Getter D-50)
---------------------------------------- open None (Microbone to Getter D-50) result=[(True, True)], time=0.42 sec
action=open, ok=True, locked=[False]
open () {'description': 'Microbone to CO2 Laser'}
opening name=--- desc=Microbone to CO2 Laser
checking ownership. requestor=129.138.12.150
check software interlocks T
interlocks []
actuate state mode=None-script, software_lock=False
doing actuation None-script open_channel False
Open T ===>> OK
GetIndicatorState T ===>> OK
change switch state (True, True)
update switch state T True args=() kw={} ncanvase=2
22:56:35 -- OPEN   VALVE-T (Microbone to CO2 Laser)
---------------------------------------- open None (Microbone to CO2 Laser) result=[(True, True)], time=0.42 sec
GetData ===>> H2,-0.161867992908403,H1,98.1320036073868,AX,22.5603711778929,L1,0.340663827028235,L2,0.204873878...
action=open, ok=True, locked=[False]
open () {'description': 'Microbone to Inlet Pipette'}
opening name=--- desc=Microbone to Inlet Pipette
checking ownership. requestor=129.138.12.150
check software interlocks S
interlocks []
actuate state mode=None-script, software_lock=False
doing actuation None-script open_channel False
Open S ===>> OK
GetIndicatorState S ===>> OK
change switch state (True, True)
update switch state S True args=() kw={} ncanvase=2
22:56:36 -- OPEN   VALVE-S (Microbone to Inlet Pipette)
---------------------------------------- open None (Microbone to Inlet Pipette) result=[(True, True)], time=0.42 sec
action=open, ok=True, locked=[False]
sleep (1,) {}
SLEEP 1.0
GetData ===>> H2,-0.149016972682368,H1,98.1608325148965,AX,22.6595037423249,L1,0.290277572537844,L2,0.159034697...
set_resource () {'name': 'CO2PumpTimeFlag', 'value': 30}
Set CO2PumpTimeFlag 30 ===>> OK
release ('JanCO2Flag',) {}
release JanCO2Flag
Set JanCO2Flag 0 ===>> OK
executed snippet estimated_duration=6.0, duration=6.01289987564
PumpMicrobone.py completed successfully
gosub finished
get_resource_value () {'name': 'JanMiniboneFlag'}
Read JanMiniboneFlag ===>> 0
Get Resource Value JanMiniboneFlag=0.0
get resource value 0.0
get_resource_value () {'name': 'JanMiniboneFlag'}
Read JanMiniboneFlag ===>> 0
Get Resource Value JanMiniboneFlag=0.0
executed snippet estimated_duration=4.0, duration=6.02931499481
jan_pump_extraction_line.py completed successfully
Post Equilibration Finished
22:56:37 -- ******* Post Equilibration Finished *******
GetData ===>> H2,-0.125572414559597,H1,98.1869290795402,AX,22.6419518388098,L1,0.309292578206794,L2,0.127605676...
GetData ===>> H2,-0.135668291864923,H1,98.1400367503931,AX,22.5948080409136,L1,0.314763738427124,L2,0.133557695...
GetData ===>> H2,-0.2695173688012,H1,98.1790000764418,AX,22.6555426668396,L1,0.310133167507603,L2,0.07243662916...
GetData ===>> H2,-0.200265921024934,H1,98.2558722742362,AX,22.5702091676757,L1,0.289900276737731,L2,0.058339513...
GetData ===>> H2,-0.153436211749234,H1,98.3122815536959,AX,22.5632965922958,L1,0.290293394924229,L2,0.198141513...
GetData ===>> H2,-0.126990646940682,H1,98.2056865827437,AX,22.5928010820461,L1,0.318905000655581,L2,0.073314916...
GetData ===>> H2,-0.15276323612076,H1,98.1336386368273,AX,22.6214328872872,L1,0.300885285012823,L2,0.1992597379...
GetData ===>> H2,-0.228854262926749,H1,97.9728334807675,AX,22.5045057075877,L1,0.285261894465813,L2,0.227915839...
GetData ===>> H2,-0.250631224460192,H1,98.0709427496555,AX,22.4121160250923,L1,0.285107399094828,L2,0.114494294...
GetData ===>> H2,-0.264393249977489,H1,98.0740002609183,AX,22.4593503529285,L1,0.309631242105711,L2,0.094568435...
GetData ===>> H2,-0.148835996250537,H1,98.0001397932321,AX,22.6043383645405,L1,0.36825838006354,L2,0.1453259962...
GetData ===>> H2,-0.166829301992616,H1,98.0816265360032,AX,22.4258953327565,L1,0.339898440743643,L2,0.103105952...
GetData ===>> H2,-0.169788852558917,H1,98.1929205564599,AX,22.51464916614,L1,0.262357787235119,L2,0.13766275248...
GetData ===>> H2,-0.184241466510607,H1,98.2685725347169,AX,22.5522037343914,L1,0.296866672958535,L2,0.146386582...
GetData ===>> H2,-0.24523566541956,H1,98.0971647226411,AX,22.4132933436026,L1,0.300703749512748,L2,0.1207305278...
GetData ===>> H2,-0.205064863124514,H1,97.9226043506553,AX,22.5192554371658,L1,0.300518562257853,L2,0.065536082...
GetData ===>> H2,-0.197818485605617,H1,97.9146643554674,AX,22.4856056932285,L1,0.275238365792191,L2,0.089359669...
GetData ===>> H2,-0.163862227752805,H1,97.8802146635251,AX,22.3590205934868,L1,0.257114103579593,L2,0.139840784...
GetData ===>> H2,-0.11693075351707,H1,97.9064376352225,AX,22.4656484690267,L1,0.261106608143113,L2,0.1559437956...
22:56:57 -- collecting point 25
GetData ===>> H2,-0.223658158218371,H1,97.9025820716354,AX,22.3792338918326,L1,0.237109482589817,L2,0.248680037...
GetData ===>> H2,-0.277814255624984,H1,97.9629035376164,AX,22.3574817953718,L1,0.236213369360325,L2,0.124162339...
GetData ===>> H2,-0.243323530976925,H1,97.8566427997683,AX,22.42515780438,L1,0.256054237011815,L2,0.20008129887...
GetData ===>> H2,-0.141549971826499,H1,97.9454433632674,AX,22.4574493506518,L1,0.304142127839722,L2,0.191055925...
GetData ===>> H2,-0.157144968968838,H1,97.9787668930533,AX,22.4192189427221,L1,0.278522200082147,L2,0.133705930...
GetData ===>> H2,-0.210694284167316,H1,97.9037014185316,AX,22.4093344991159,L1,0.273067162294659,L2,0.157472125...
GetData ===>> H2,-0.163175019223619,H1,97.9821600583066,AX,22.400679881202,L1,0.284353203278488,L2,0.1269557653...
GetData ===>> H2,-0.141175614228437,H1,97.7656942688251,AX,22.4157127085356,L1,0.290566030661968,L2,0.151780930...
GetData ===>> H2,-0.172398229699035,H1,97.7004940592441,AX,22.4743267593289,L1,0.278245971775635,L2,0.209141757...
GetData ===>> H2,-0.134940811801204,H1,97.6338936091141,AX,22.3814067545195,L1,0.267484972012384,L2,0.151552833...
GetData ===>> H2,-0.193250077076923,H1,97.6986653443679,AX,22.3329027768801,L1,0.281822188663187,L2,0.079068347...
GetData ===>> H2,-0.148056684137684,H1,97.6352956037952,AX,22.2827276659792,L1,0.270168079028417,L2,0.142874147...
GetData ===>> H2,-0.155573793017056,H1,97.6676516290501,AX,22.3734139382357,L1,0.291522747555472,L2,0.091422625...
GetData ===>> H2,-0.00416323424257967,H1,97.6383480935641,AX,22.3457540258056,L1,0.283585683753457,L2,0.1501272...
GetData ===>> H2,0.00763820202255705,H1,97.5731236164756,AX,22.1986199315519,L1,0.303070712059152,L2,0.13767415...
GetData ===>> H2,-0.176873916223855,H1,97.8326484469661,AX,22.3832563088189,L1,0.317056647025494,L2,0.161669456...
GetData ===>> H2,-0.147367819476647,H1,97.6983102567037,AX,22.4213149744415,L1,0.264360230174642,L2,0.171410710...
GetData ===>> H2,-0.168150601360114,H1,97.7107920961854,AX,22.2729719351455,L1,0.262055267836839,L2,0.150047407...
GetData ===>> H2,-0.0258263821531915,H1,97.671379324339,AX,22.3031076984815,L1,0.219518494474028,L2,0.235437918...
GetData ===>> H2,-0.0806551463176178,H1,97.5155256393729,AX,22.3333552597931,L1,0.272974729146306,L2,0.30799843...
GetData ===>> H2,-0.108938497590992,H1,97.5848498502229,AX,22.2801045156911,L1,0.281249595213231,L2,0.172403142...
GetData ===>> H2,-0.18128287812404,H1,97.5461088954688,AX,22.3585938657726,L1,0.290994472951259,L2,0.1967722770...
GetData ===>> H2,-0.193659817897491,H1,97.4599974626917,AX,22.3874340894301,L1,0.286562424517085,L2,0.161612426...
GetData ===>> H2,-0.177234309028718,H1,97.5669681569134,AX,22.3490769806673,L1,0.323355918245816,L2,0.149773695...
GetData ===>> H2,-0.0677523243266754,H1,97.5514653316777,AX,22.3623956808908,L1,0.310089308965838,L2,0.11198623...
22:57:24 -- collecting point 50
GetData ===>> H2,-0.134829927843393,H1,97.6212939961041,AX,22.3680857210582,L1,0.27632109920087,L2,0.1588750175...
GetData ===>> H2,-0.214942115977673,H1,97.4559356712323,AX,22.2648191430401,L1,0.274388074783938,L2,0.223715603...
GetData ===>> H2,-0.122721893981071,H1,97.4776826240545,AX,22.1959448871599,L1,0.25148786093212,L2,0.1356786197...
GetData ===>> H2,-0.264222495557311,H1,97.3918839963578,AX,22.2890596693999,L1,0.277408814452717,L2,0.152932828...
GetData ===>> H2,-0.295758130568244,H1,97.416174991066,AX,22.3466849600977,L1,0.274375910905713,L2,0.1736693629...
GetData ===>> H2,-0.175193281480978,H1,97.5618594961246,AX,22.2183294182712,L1,0.260137516246086,L2,0.154700619...
GetData ===>> H2,-0.169783455085649,H1,97.5086766357037,AX,22.353809457794,L1,0.272341098127483,L2,0.1649886718...
GetData ===>> H2,-0.225597383199333,H1,97.5207069603242,AX,22.359783535097,L1,0.309190250314516,L2,0.0951839316...
GetData ===>> H2,-0.0638547086364028,H1,97.4074155913113,AX,22.2316822074922,L1,0.274709206411857,L2,0.15133614...
GetData ===>> H2,-0.0812539763141054,H1,97.3516264164037,AX,22.06351207908,L1,0.221045039875262,L2,0.1843359416...
GetData ===>> H2,-0.209793064565731,H1,97.3791726986836,AX,22.1763557519634,L1,0.257783869635896,L2,0.296403925...
GetData ===>> H2,-0.333584948383265,H1,97.3661079637417,AX,22.2206818717022,L1,0.296816739554284,L2,0.152590679...
GetData ===>> H2,-0.2265911070367,H1,97.3661611421556,AX,22.2502082087157,L1,0.325454726321308,L2,0.14386628344...
GetData ===>> H2,-0.154944180742338,H1,97.309271686933,AX,22.2332722425588,L1,0.281782057491593,L2,0.1799322688...
GetData ===>> H2,-0.0541202429644283,H1,97.2143893990835,AX,22.2296397576269,L1,0.311255279173609,L2,0.27973356...
GetData ===>> H2,-0.176238139156227,H1,97.2410240646591,AX,22.1546774444353,L1,0.329229276134041,L2,0.098261473...
GetData ===>> H2,-0.233307895938566,H1,97.2254644457707,AX,22.1046969154883,L1,0.316589734539149,L2,0.195266139...
GetData ===>> H2,-0.211342201859288,H1,97.4114051325218,AX,22.0914501274104,L1,0.272209755352815,L2,0.055921769...
GetData ===>> H2,-0.149476153651225,H1,97.3520872517647,AX,22.1935154354249,L1,0.261275631089884,L2,0.062011862...
GetData ===>> H2,-0.169711938322046,H1,97.4483090260634,AX,22.2977183131047,L1,0.276619175185753,L2,0.173349954...
GetData ===>> H2,-0.134303890400416,H1,97.2000905187696,AX,22.1041804411795,L1,0.293949022985674,L2,0.247675399...
GetData ===>> H2,-0.156612711912891,H1,97.1177986849552,AX,22.1030054712948,L1,0.287665997569286,L2,0.135188294...
GetData ===>> H2,-0.171994854415889,H1,97.1193225496276,AX,22.0367621922537,L1,0.289931920366253,L2,0.160163871...
GetData ===>> H2,-0.118097065121941,H1,97.0082277017275,AX,22.0646617876353,L1,0.299653587283765,L2,0.268005580...
GetData ===>> H2,-0.220797193848892,H1,96.9374121665302,AX,22.0877191118798,L1,0.276430595490082,L2,0.144949661...
22:57:50 -- collecting point 75
GetData ===>> H2,-0.184047219032498,H1,96.9005640357908,AX,22.1608394306173,L1,0.280138346286458,L2,0.183891001...
GetData ===>> H2,-0.0914567575981614,H1,96.8751068030772,AX,22.1310016237512,L1,0.267179869491548,L2,0.12396851...
GetData ===>> H2,-0.130430712654039,H1,96.826346611087,AX,22.1575194071273,L1,0.295569701479176,L2,0.2373784592...
GetData ===>> H2,-0.0674932504581505,H1,96.9635708551773,AX,22.0679430454219,L1,0.295295714482355,L2,0.22494826...
GetData ===>> H2,-0.153672689683056,H1,96.9522885810281,AX,22.2419079620423,L1,0.266964722999457,L2,0.104542245...
GetData ===>> H2,-0.161851789156794,H1,96.9999237221813,AX,22.0666641181705,L1,0.241129605112857,L2,0.163391784...
GetData ===>> H2,-0.16148989933384,H1,96.9749260562329,AX,22.1528689615089,L1,0.266038550918243,L2,0.1360663205...
GetData ===>> H2,-0.229995766239619,H1,96.8860114534476,AX,22.2189627660982,L1,0.293323224959251,L2,0.061110869...
GetData ===>> H2,-0.191997849528704,H1,96.8636011406346,AX,22.0798443796197,L1,0.27424940743144,L2,0.1820656290...
GetData ===>> H2,-0.238277632933431,H1,96.8110581453836,AX,21.9903691893261,L1,0.250276741356338,L2,0.219390010...
GetData ===>> H2,-0.176468966804543,H1,96.9315859767909,AX,22.0387252621774,L1,0.24551747559213,L2,0.1939311736...
GetData ===>> H2,-0.107385413380722,H1,96.9832463421436,AX,22.1743401842401,L1,0.283212283861049,L2,0.148450768...
GetData ===>> H2,-0.118163359978883,H1,97.084295329017,AX,22.0528681655818,L1,0.285005214464279,L2,0.0458408951...
GetData ===>> H2,-0.151527385053376,H1,96.8149331978528,AX,22.03761457351,L1,0.270913444190477,L2,0.13847238168...
GetData ===>> H2,-0.151120949326784,H1,96.8012913384532,AX,22.0902623853478,L1,0.300344343101044,L2,0.152761753...
GetData ===>> H2,-0.204582364946239,H1,96.8284170451511,AX,22.025242788073,L1,0.311420986878909,L2,0.1732586949...
GetData ===>> H2,-0.267728493162242,H1,96.7828741623232,AX,22.0183472285028,L1,0.298881263047346,L2,0.112522042...
GetData ===>> H2,-0.166477019451939,H1,96.7555971993769,AX,22.0381053415173,L1,0.266817648064537,L2,0.271850103...
GetData ===>> H2,-0.103541022625012,H1,96.7145062139658,AX,21.9934545530735,L1,0.234846280700531,L2,0.054678708...
GetData ===>> H2,-0.198967430315108,H1,96.7648185736522,AX,22.096898415395,L1,0.254711330361323,L2,0.1857278181...
GetData ===>> H2,-0.0707644727859402,H1,96.8276738090892,AX,22.0294526525364,L1,0.26482687528587,L2,0.136647874...
GetData ===>> H2,-0.0296277291524521,H1,96.784873226548,AX,21.9890266317014,L1,0.264346863051014,L2,0.246054299...
GetData ===>> H2,-0.121620979537627,H1,96.7039787004289,AX,21.9950553621917,L1,0.265137983884495,L2,0.180000718...
GetData ===>> H2,-0.16674022008604,H1,96.6993609846686,AX,21.8964174206034,L1,0.241726078631477,L2,0.1649772654...
GetData ===>> H2,-0.116274481441077,H1,96.708791185413,AX,22.0036407501705,L1,0.238739202132717,L2,0.1252568966...
22:58:16 -- collecting point 100
GetData ===>> H2,-0.221917959207242,H1,96.7022448286278,AX,21.9829595114642,L1,0.286963931232916,L2,0.258617381...
GetData ===>> H2,-0.24493023006655,H1,96.5518568744435,AX,21.8940248173391,L1,0.275066842160742,L2,0.1307982842...
GetData ===>> H2,-0.0712268707187231,H1,96.5095051740925,AX,21.8315253766547,L1,0.263148753835138,L2,0.02465627...
GetData ===>> H2,-0.162459413985585,H1,96.7033771507752,AX,22.037395020121,L1,0.273637590640268,L2,0.2322874766...
GetData ===>> H2,-0.193244685651444,H1,96.6937880707261,AX,21.7847550623351,L1,0.273980592754102,L2,0.199533590...
GetData ===>> H2,-0.23037130638514,H1,96.5278590404413,AX,21.8576151192815,L1,0.264691983490293,L2,0.1208787431...
GetData ===>> H2,-0.24939387711028,H1,96.5926274099882,AX,21.9258935788719,L1,0.266208707463946,L2,0.1270013729...
GetData ===>> H2,-0.208049694558185,H1,96.5532540676181,AX,21.9327574508247,L1,0.278881186361643,L2,0.143911899...
GetData ===>> H2,-0.151855493631923,H1,96.4215866431167,AX,21.8139035199701,L1,0.270619182598582,L2,0.203778410...
GetData ===>> H2,-0.113773534204914,H1,96.4396115279329,AX,21.7808348067532,L1,0.250573130444136,L2,0.052363692...
GetData ===>> H2,-0.0710695761702774,H1,96.2482273367088,AX,21.7891655195988,L1,0.283655013575089,L2,0.22416072...
GetData ===>> H2,-0.0603513683767113,H1,96.3652782135136,AX,21.9132894431602,L1,0.261051889084186,L2,0.23193362...
GetData ===>> H2,-0.0893768708165778,H1,96.4088998515467,AX,21.9202944265549,L1,0.280149299957307,L2,0.15068606...
GetData ===>> H2,-0.137577367135771,H1,96.3066970530416,AX,21.9313123890004,L1,0.313803331918729,L2,0.158236300...
GetData ===>> H2,-0.161562818362207,H1,96.2845429725924,AX,21.8045390445987,L1,0.331841552885012,L2,0.097976511...
GetData ===>> H2,-0.159200813519115,H1,96.3157257019783,AX,21.7682883642679,L1,0.292985991722115,L2,0.100848964...
GetData ===>> H2,-0.125233040020743,H1,96.3272817613435,AX,21.7652712456116,L1,0.303177848583832,L2,0.264857066...
GetData ===>> H2,-0.102440646012695,H1,96.4185473685678,AX,21.8665970195113,L1,0.267268603546866,L2,0.113855873...
GetData ===>> H2,-0.148205257303601,H1,96.2813808977809,AX,21.9413120956313,L1,0.27071524226811,L2,0.1677148487...
GetData ===>> H2,-0.126875734804208,H1,96.3631925742865,AX,21.8677585265338,L1,0.273368792075009,L2,0.120263081...
GetData ===>> H2,-0.130861732525111,H1,96.4491196535821,AX,21.7130007707953,L1,0.269011837216787,L2,0.162867098...
measurement finished
estimated time: 125.829 actual time: :126.283
flush and close file /Users/jan/PychronDev/data/isotopes/5e/8ff5f3-d733-41b7-8641-90e612aa9037.h5
baselines () {'settling_time': 15.0, 'detector': 'H1', 'mass': 34.2, 'ncounts': 60}
%%%%%%%%%%%%%%%%%%%%%%%%%%%%%%%% Baseline
build tables- baseline [Detector(H2), Detector(H1), Detector(AX), Detector(L1), Detector(L2), Detector(CDD)]
add group baseline table H2
add group baseline table H1
add group baseline table AX
add group baseline table L1
add group baseline table L2
add group baseline table CDD
flush and close file /Users/jan/PychronDev/data/isotopes/5e/8ff5f3-d733-41b7-8641-90e612aa9037.h5
detector Detector(H1)
POSITION 34.2 H1
Mapping mass to dac mass func: "parabolic"
H1 map mass coeffs = [-0.00063987  0.15840543  0.57108999]
H1 map mass to dac 34.2 >> 5.24013599104
GetDeflection H1 ===>> 0
GetHighVoltage ===>> 4500
positioning 34.2 (5.24013599104) on H1
setting magnet DAC
current  : 5.879480
requested: 5.240136
Delta Dac: 0.639344
Checking detector protection. dv=0.63934
Checking detector "CDD". Protection Threshold: 0.1 (V)
ProtectDetector CDD,On ===>> OK
GetDeflection CDD ===>> 2000
Protected = 2000
SetMagnetDAC 5.24013599104 ===>> OK
Magnet settling time: 0.500
GetMagnetMoving ===>> True
GetMagnetMoving ===>> True
GetMagnetMoving ===>> True
GetMagnetMoving ===>> True
GetMagnetMoving ===>> True
GetMagnetMoving ===>> True
GetMagnetMoving ===>> True
GetMagnetMoving ===>> True
GetMagnetMoving ===>> False
ProtectDetector CDD,Off ===>> OK
GetDeflection CDD ===>> 50
Delaying 15.0s for detectors to settle
Join finished
measuring baseline. ncounts=60
"baseline" increment series count="2" fit count="1" regressing="True"
starting measurement
GetData ===>> H2,-0.233202934765019,H1,-0.130469162692193,AX,-0.0732889264279765,L1,-0.0157209674451276,L2,0.02...
GetData ===>> H2,-0.176416322316448,H1,-0.147304994958408,AX,-0.116448137827236,L1,-0.0211171041749389,L2,0.016...
GetData ===>> H2,-0.0570192120602699,H1,-0.0621789016495676,AX,-0.0347029428869105,L1,-0.0143005441195243,L2,-0...
GetData ===>> H2,-0.120852710634627,H1,-0.0750529422804512,AX,-0.0859929812003189,L1,-0.00155168429743146,L2,0....
GetData ===>> H2,-0.197521790787059,H1,-0.0683061979177112,AX,-0.134442879476285,L1,-0.0260238761389997,L2,0.01...
GetData ===>> H2,-0.200310414950309,H1,0.0272460059282721,AX,-0.0459046571740535,L1,-0.0194506063986892,L2,-0.0...
GetData ===>> H2,-0.220030644889067,H1,0.00735762039256755,AX,-0.0354567218864057,L1,-0.0265498876761057,L2,-0....
GetData ===>> H2,-0.210578436343258,H1,-0.0820256894302094,AX,-0.0333229323595596,L1,-0.0174600386645428,L2,-0....
GetData ===>> H2,-0.168869895681587,H1,0.0218887574336748,AX,-0.0565833519293278,L1,-0.0243042614952116,L2,-0.0...
GetData ===>> H2,-0.211001409863607,H1,0.0155415645676672,AX,-0.0860277527965719,L1,-0.00208205933412196,L2,0.0...
GetData ===>> H2,-0.235662537693155,H1,-0.0080421280143071,AX,-0.0158217736383487,L1,-0.00450199085142597,L2,-0...
GetData ===>> H2,-0.201664025273848,H1,-0.0345418025006648,AX,-0.0672840604957703,L1,-0.0128371225433666,L2,0.0...
GetData ===>> H2,-0.268389778520307,H1,-0.00189921264948085,AX,0.0280203217452529,L1,-0.0343883702150585,L2,-0....
GetData ===>> H2,-0.171631939293477,H1,-0.0269575538424992,AX,-0.000811646427868562,L1,-0.0114981630764346,L2,0...
GetData ===>> H2,-0.128841248034531,H1,-0.0491601319303701,AX,-0.0917880756973155,L1,-0.0326862533662014,L2,-0....
GetData ===>> H2,-0.135477637102337,H1,-0.0284482141301943,AX,-0.139370963643555,L1,0.00436953342683892,L2,-0.0...
GetData ===>> H2,-0.128870984960368,H1,-0.00782743053406849,AX,-0.0676550282038249,L1,0.0223431913591424,L2,-0....
GetData ===>> H2,-0.229792511707253,H1,-0.00868621769194429,AX,-0.0688606634877054,L1,-0.034149420593236,L2,0.0...
GetData ===>> H2,-0.207795037648754,H1,-0.0714173856702914,AX,-0.0373817309921475,L1,-0.050326629566213,L2,0.02...
GetData ===>> H2,-0.215337996167002,H1,-0.0699869665328421,AX,-0.095346092695354,L1,-0.0221564273922069,L2,0.03...
GetData ===>> H2,-0.247841621365684,H1,-0.0800829044403926,AX,-0.0526760827314044,L1,-0.0203138627315086,L2,-0....
GetData ===>> H2,-0.26551855107672,H1,0.0159472001945328,AX,-0.0729295722892291,L1,-0.010686549456831,L2,0.0640...
GetData ===>> H2,-0.216564598118891,H1,-0.0302012022221686,AX,-0.0302265350100094,L1,-0.0254630863880261,L2,-0....
GetData ===>> H2,-0.149689531419925,H1,-0.0445340073965681,AX,-0.0549253903923406,L1,-0.0111265312850193,L2,-0....
22:59:22 -- collecting point 25
GetData ===>> H2,-0.171795185081035,H1,-0.0215313629019718,AX,0.0586291534222289,L1,0.00299244662583837,L2,-0.1...
GetData ===>> H2,-0.163511203063011,H1,-0.101046303136098,AX,-0.017132439928832,L1,0.000613303543656067,L2,-0.0...
GetData ===>> H2,-0.218132235723832,H1,-0.0754224504754262,AX,-0.128995948253704,L1,-0.0300275814036126,L2,-0.0...
GetData ===>> H2,-0.134589224790821,H1,-0.0300581023042977,AX,-0.0695098455302392,L1,-0.0338141801328554,L2,-0....
GetData ===>> H2,-0.152915942930108,H1,-0.040253459427597,AX,-0.0667160134519884,L1,0.0105079185265976,L2,-0.02...
GetData ===>> H2,-0.198665371649857,H1,-0.0250017738721684,AX,-0.0877779070891746,L1,-0.00449959160401598,L2,0....
GetData ===>> H2,-0.201506292169159,H1,0.00864601037797748,AX,-0.0580441897339635,L1,-0.0225100365295756,L2,-0....
GetData ===>> H2,-0.159789672684559,H1,0.0140383409883651,AX,-0.0915678684153093,L1,-0.00910389449570572,L2,-0....
GetData ===>> H2,-0.0985119871163564,H1,-0.0554312892080187,AX,-0.0427970644291059,L1,-0.0319078861604396,L2,0....
GetData ===>> H2,-0.117942826609926,H1,-0.0908928916003802,AX,-0.0286840980735981,L1,-0.0266553263141981,L2,0.0...
GetData ===>> H2,-0.124391996435658,H1,0.00735762039256755,AX,-0.0859118474273289,L1,0.0319746156243518,L2,0.04...
GetData ===>> H2,-0.135323488356128,H1,-0.15871407206538,AX,-0.0929586428828118,L1,0.0234018973149354,L2,0.0341...
GetData ===>> H2,-0.0899012820583145,H1,-0.0315248667628552,AX,-0.0234419492335062,L1,-0.0294202995920539,L2,-0...
GetData ===>> H2,-0.128176201881458,H1,-0.0367239562557352,AX,-0.0628207443899394,L1,-0.0212190033558294,L2,-0....
GetData ===>> H2,-0.204807443473383,H1,-0.0248586665201998,AX,-0.0689997742899945,L1,-0.00310313260449059,L2,-0...
GetData ===>> H2,-0.27145510924408,H1,-0.0321568805938586,AX,-0.0440957719743969,L1,0.00756896927922396,L2,0.02...
GetData ===>> H2,-0.230795288321196,H1,-0.0067897195543452,AX,-0.0223053398942352,L1,0.0135305660844146,L2,0.04...
GetData ===>> H2,-0.214439839868132,H1,0.0130481346132918,AX,-0.026109449633698,L1,-0.0228732221268916,L2,-0.01...
GetData ===>> H2,-0.107785880498437,H1,0.000999420072545121,AX,-0.114617389378005,L1,-0.0562518488783918,L2,0.0...
GetData ===>> H2,-0.200499175111948,H1,-0.0897606985276632,AX,-0.0791543257197626,L1,-0.0115029582356826,L2,-0....
GetData ===>> H2,-0.183963583675207,H1,0.00530577427857466,AX,0.0405071555972108,L1,-0.0191040840641005,L2,-0.0...
GetData ===>> H2,-0.110080652795159,H1,-0.100510057173042,AX,-0.0226416848570106,L1,-0.0194542034537553,L2,-0.1...
GetData ===>> H2,-0.182787227384708,H1,-0.134439908215822,AX,-0.0436667365773319,L1,-0.0282511488935207,L2,-0.1...
GetData ===>> H2,-0.17507853025438,H1,-0.0663393051788084,AX,-0.0917996655404717,L1,-0.0212909315679493,L2,-0.0...
GetData ===>> H2,-0.112618960944629,H1,-0.0108927897960463,AX,-0.0153462177887686,L1,-0.01978272906057,L2,-0.00...
22:59:48 -- collecting point 50
GetData ===>> H2,-0.179677118926006,H1,-0.117048943207698,AX,-0.130536795845775,L1,-0.0106421905485277,L2,-0.01...
GetData ===>> H2,-0.106388243032093,H1,-0.080166337699805,AX,-0.0896671111580489,L1,-0.00748741120599109,L2,-0....
GetData ===>> H2,-0.19156647964333,H1,0.0615558963975583,AX,-0.00170489496822083,L1,-0.00809901923917958,L2,-0....
GetData ===>> H2,-0.259244513003324,H1,-0.0626438263879645,AX,-0.135069049899124,L1,0.0107107604511042,L2,-0.06...
GetData ===>> H2,-0.247908881237677,H1,-0.0184901821991044,AX,-0.062716404681505,L1,0.00542140241896936,L2,-0.0...
GetData ===>> H2,-0.215690775675096,H1,-0.00891284085213755,AX,-0.0364308276385632,L1,-0.00486786938978332,L2,-...
GetData ===>> H2,-0.1570922847403,H1,0.00589030755022719,AX,-0.0536732049139451,L1,-0.0386765827482954,L2,0.046...
GetData ===>> H2,-0.0845022827580185,H1,0.000474558541596792,AX,-0.0689534040446743,L1,-0.0268494263709861,L2,-...
GetData ===>> H2,-0.0273006075039893,H1,-0.021579066961208,AX,-0.101418759252332,L1,-0.0203390399294789,L2,0.00...
GetData ===>> H2,-0.180211497688681,H1,-0.0847788968016737,AX,-0.195718897549942,L1,-0.0297209505956458,L2,-0.0...
GetData ===>> H2,-0.282302668562348,H1,0.0213160618612431,AX,-0.101094275205314,L1,-0.0293172856267453,L2,-0.01...
measurement finished
estimated time: 62.915 actual time: :63.135
flush and close file /Users/jan/PychronDev/data/isotopes/5e/8ff5f3-d733-41b7-8641-90e612aa9037.h5
activate_detectors ('H1', 'AX', 'CDD') {'peak_center': True}
peak_center () {'detector': 'H1', 'integration_time': 0.262144, 'isotope': 'Ar40'}
peak center: mean=96.3520666048 threshold=3
peak center started
setup peak center. detector=['H1', 'AX', 'CDD'], isotope=Ar40
VersionedUnpickler [<apptools.sweet_pickle.versioned_unpickler.VersionedUnpickler object at 0x1e37a9fb0>] using Updater [<apptools.sweet_pickle.updater.Updater object at 0x1373f1ad0>]
VersionedUnpickler [<apptools.sweet_pickle.versioned_unpickler.VersionedUnpickler object at 0x1e37a9fb0>] using Updater [<apptools.sweet_pickle.updater.Updater object at 0x1373f1ad0>]
VersionedUnpickler [<apptools.sweet_pickle.versioned_unpickler.VersionedUnpickler object at 0x1d638b530>] using Updater [<apptools.sweet_pickle.updater.Updater object at 0x1373f1ad0>]
setting integration time = 0.524288
SetIntegrationTime 0.524288 ===>> OK
Mapping mass to dac mass func: "parabolic"
H1 map mass coeffs = [-0.00063987  0.15840543  0.57108999]
H1 map mass to dac 39.9624 >> 5.87948
GetDeflection H1 ===>> 0
GetHighVoltage ===>> 4500
do peak center. <pychron.spectrometer.jobs.peak_center.PeakCenter object at 0x1376ecfb0>
doing pc
starting peak center. center dac= 5.87948 step_width=0.001
width = 0.001
get scan parameters. half-width=0.015,window=0.015, i=0, scalar=1
Scan parameters center=5.87948 width=0.03000 (5.86448 - 5.89448)
GetData ===>> H2,-0.213747658746281,H1,0.00839548880435821,AX,-0.0497542240147729,L1,-0.032722176551708,L2,-0.0...
Moving to starting dac 5.86448
setting magnet DAC
current  : 5.240136
requested: 5.864480
Delta Dac: 0.624344
Checking detector protection. dv=0.62434
Checking detector "CDD". Protection Threshold: 0.1 (V)
ProtectDetector CDD,On ===>> OK
GetDeflection CDD ===>> 2000
Protected = 2000
SetMagnetDAC 5.86448 ===>> OK
Magnet settling time: 0.500
GetMagnetMoving ===>> True
GetMagnetMoving ===>> True
GetMagnetMoving ===>> True
GetMagnetMoving ===>> True
GetMagnetMoving ===>> True
GetMagnetMoving ===>> True
GetMagnetMoving ===>> True
GetMagnetMoving ===>> True
GetMagnetMoving ===>> True
GetMagnetMoving ===>> False
ProtectDetector CDD,Off ===>> OK
GetDeflection CDD ===>> 50
Wait until signal near baseline. tol= 0.00629661660327. timeout= 10
GetData ===>> H2,4.45251272250742,H1,2.29312510099631,AX,0.193596208977242,L1,-0.0138031724528058,L2,-0.1378067...
GetData ===>> H2,6.13648259385967,H1,3.74609485518576,AX,0.460698570732298,L1,0.00678415705490087,L2,-0.0149155...
GetData ===>> H2,3.3111391486334,H1,1.71872795011179,AX,0.187865084617519,L1,-0.026736427327321,L2,-0.061081982...
GetData ===>> H2,1.30926983466716,H1,0.829824867785089,AX,0.0952393454168253,L1,-0.0367010451386059,L2,0.085005...
GetData ===>> H2,0.41426942259242,H1,0.440040776464534,AX,-0.144426493086557,L1,-0.0382824646485107,L2,-0.12917...
GetData ===>> H2,0.0795735913017258,H1,0.206408766446908,AX,-0.108927944869399,L1,-0.0256495146221845,L2,-0.078...
GetData ===>> H2,-0.0925567331724969,H1,0.145963389489023,AX,-0.0324647646849793,L1,-0.03091061226958,L2,0.0261...
GetData ===>> H2,-0.086442967154124,H1,0.100808212333159,AX,0.0260476413330711,L1,-0.019949679622077,L2,-0.2051...
GetData ===>> H2,-0.086442967154124,H1,0.100808212333159,AX,0.0260476413330711,L1,-0.019949679622077,L2,-0.2051...
GetData ===>> H2,-0.140952595046795,H1,0.216550177722064,AX,-0.0527340552310604,L1,-0.00638162549942369,L2,-0.1...
GetData ===>> H2,-0.202339421645133,H1,0.0231296090798196,AX,-0.0778213114727049,L1,-0.0186607818638892,L2,-0.0...
GetData ===>> H2,-0.174247636115405,H1,0.065590318589215,AX,-0.0452901037939523,L1,-0.0292856625233638,L2,0.018...
GetData ===>> H2,-0.153186215426631,H1,0.0388563500747676,AX,0.100084127357948,L1,-0.0340712129046579,L2,0.0099...
GetData ===>> H2,-0.135615198682801,H1,0.0272102104435625,AX,-0.0285913191325786,L1,-0.0379662006506684,L2,-0.0...
GetData ===>> H2,-0.112507964130068,H1,0.0669272044024673,AX,-0.150982575191664,L1,-0.0252257304849703,L2,-0.06...
GetData ===>> H2,-0.143064170823827,H1,0.143697993301717,AX,-0.111083252202725,L1,-0.0456806811777892,L2,0.0059...
GetData ===>> H2,-0.103243860386381,H1,0.0931810476861418,AX,0.0451727219620974,L1,-0.04594642703451,L2,0.03350...
GetData ===>> H2,-0.0577804097261604,H1,0.0601235962569781,AX,-0.134417769967087,L1,-0.0265209693858788,L2,0.14...
GetData ===>> H2,-0.114762881671033,H1,0.043796822631559,AX,-0.0861204769926072,L1,-0.0270476362048951,L2,-0.04...
GetData ===>> H2,-0.101588689926343,H1,-0.00507210532731932,AX,-0.0913128909397741,L1,-0.0230442765200325,L2,0....
Peak center baseline intensity achieved
_do_sweep sm= 5.86448, em= 5.89448, stm= 0.001
calculated step values: start=5.86448, end=5.89448, width=0.001, nsteps=31.0
setting magnet DAC
current  : 5.864480
requested: 5.864480
Delta Dac: 0.000000
Checking detector protection. dv=0.00000
Checking detector "CDD". Protection Threshold: 0.1 (V)
SetMagnetDAC 5.86448 ===>> OK
GetData ===>> H2,-0.101588689926343,H1,-0.00507210532731932,AX,-0.0913128909397741,L1,-0.0230442765200325,L2,0....
setting magnet DAC
current  : 5.864480
requested: 5.865514
Delta Dac: 0.001034
Checking detector protection. dv=0.00103
Checking detector "CDD". Protection Threshold: 0.1 (V)
SetMagnetDAC 5.86551448276 ===>> OK
Magnet settling time: 1.049
GetData ===>> H2,-0.188393491373919,H1,0.142529545821657,AX,-0.0651161896710855,L1,-0.0213725459599004,L2,-0.11...
setting magnet DAC
current  : 5.865514
requested: 5.866549
Delta Dac: 0.001034
Checking detector protection. dv=0.00103
Checking detector "CDD". Protection Threshold: 0.1 (V)
SetMagnetDAC 5.86654896552 ===>> OK
Magnet settling time: 1.049
GetData ===>> H2,-0.340404084391507,H1,0.575337588062453,AX,-0.0119360663107233,L1,-0.00285237332061666,L2,0.02...
setting magnet DAC
current  : 5.866549
requested: 5.867583
Delta Dac: 0.001034
Checking detector protection. dv=0.00103
Checking detector "CDD". Protection Threshold: 0.1 (V)
SetMagnetDAC 5.86758344828 ===>> OK
Magnet settling time: 1.049
GetData ===>> H2,-0.221546384436453,H1,1.65667676069072,AX,0.16601101605016,L1,-0.00387696757503434,L2,0.048269...
setting magnet DAC
current  : 5.867583
requested: 5.868618
Delta Dac: 0.001034
Checking detector protection. dv=0.00103
Checking detector "CDD". Protection Threshold: 0.1 (V)
SetMagnetDAC 5.86861793103 ===>> OK
Magnet settling time: 1.049
GetData ===>> H2,-0.0868383765275596,H1,5.57359260329673,AX,0.763533864388645,L1,-0.0288620315884471,L2,-0.0377...
setting magnet DAC
current  : 5.868618
requested: 5.869652
Delta Dac: 0.001034
Checking detector protection. dv=0.00103
Checking detector "CDD". Protection Threshold: 0.1 (V)
SetMagnetDAC 5.86965241379 ===>> OK
Magnet settling time: 1.049
GetData ===>> H2,-0.184399826106356,H1,16.0848523001186,AX,2.53971633956745,L1,-0.0196430423367854,L2,-0.077967...
setting magnet DAC
current  : 5.869652
requested: 5.870687
Delta Dac: 0.001034
Checking detector protection. dv=0.00103
Checking detector "CDD". Protection Threshold: 0.1 (V)
SetMagnetDAC 5.87068689655 ===>> OK
Magnet settling time: 1.049
GetData ===>> H2,-0.20354991143592,H1,46.4213447533882,AX,8.00829956599226,L1,0.0018280127351847,L2,-0.02076724...
setting magnet DAC
current  : 5.870687
requested: 5.871721
Delta Dac: 0.001034
Checking detector protection. dv=0.00103
Checking detector "CDD". Protection Threshold: 0.1 (V)
SetMagnetDAC 5.87172137931 ===>> OK
Magnet settling time: 1.049
GetData ===>> H2,-0.10569101537426,H1,69.6846343251419,AX,13.4757737524759,L1,0.0909656520042383,L2,-0.11953214...
setting magnet DAC
current  : 5.871721
requested: 5.872756
Delta Dac: 0.001034
Checking detector protection. dv=0.00103
Checking detector "CDD". Protection Threshold: 0.1 (V)
SetMagnetDAC 5.87275586207 ===>> OK
Magnet settling time: 1.049
GetData ===>> H2,-0.146624876747829,H1,84.524874941531,AX,17.5771584548083,L1,0.145741883892322,L2,0.0896560031...
setting magnet DAC
current  : 5.872756
requested: 5.873790
Delta Dac: 0.001034
Checking detector protection. dv=0.00103
Checking detector "CDD". Protection Threshold: 0.1 (V)
SetMagnetDAC 5.87379034483 ===>> OK
Magnet settling time: 1.049
GetData ===>> H2,-0.159716742246132,H1,91.1368402274592,AX,19.8280603398111,L1,0.193763571237412,L2,0.074794867...
setting magnet DAC
current  : 5.873790
requested: 5.874825
Delta Dac: 0.001034
Checking detector protection. dv=0.00103
Checking detector "CDD". Protection Threshold: 0.1 (V)
SetMagnetDAC 5.87482482759 ===>> OK
Magnet settling time: 1.049
GetData ===>> H2,-0.176855986355372,H1,92.9982835604386,AX,20.6377475766302,L1,0.19830281215571,L2,0.1341164291...
setting magnet DAC
current  : 5.874825
requested: 5.875859
Delta Dac: 0.001034
Checking detector protection. dv=0.00103
Checking detector "CDD". Protection Threshold: 0.1 (V)
SetMagnetDAC 5.87585931034 ===>> OK
Magnet settling time: 1.049
GetData ===>> H2,-0.201161159072493,H1,93.5866831469184,AX,20.9220522843869,L1,0.2341093915941,L2,0.20477117746...
setting magnet DAC
current  : 5.875859
requested: 5.876894
Delta Dac: 0.001034
Checking detector protection. dv=0.00103
Checking detector "CDD". Protection Threshold: 0.1 (V)
SetMagnetDAC 5.8768937931 ===>> OK
Magnet settling time: 1.049
GetData ===>> H2,-0.245706584794731,H1,93.6943659883026,AX,20.7932703108229,L1,0.241638609861897,L2,0.130969319...
setting magnet DAC
current  : 5.876894
requested: 5.877928
Delta Dac: 0.001034
Checking detector protection. dv=0.00103
Checking detector "CDD". Protection Threshold: 0.1 (V)
SetMagnetDAC 5.87792827586 ===>> OK
Magnet settling time: 1.049
GetData ===>> H2,-0.186011474640032,H1,93.85906997383,AX,20.9786274470041,L1,0.283823855238649,L2,0.11778907306...
setting magnet DAC
current  : 5.877928
requested: 5.878963
Delta Dac: 0.001034
Checking detector protection. dv=0.00103
Checking detector "CDD". Protection Threshold: 0.1 (V)
SetMagnetDAC 5.87896275862 ===>> OK
Magnet settling time: 1.049
GetData ===>> H2,-0.171177267136703,H1,93.8550394945762,AX,21.0457703108225,L1,0.307132946054225,L2,0.128118766...
setting magnet DAC
current  : 5.878963
requested: 5.879997
Delta Dac: 0.001034
Checking detector protection. dv=0.00103
Checking detector "CDD". Protection Threshold: 0.1 (V)
SetMagnetDAC 5.87999724138 ===>> OK
Magnet settling time: 1.049
GetData ===>> H2,-0.191631583413075,H1,93.6618813425458,AX,20.9365591983781,L1,0.307751677282061,L2,0.082088387...
setting magnet DAC
current  : 5.879997
requested: 5.881032
Delta Dac: 0.001034
Checking detector protection. dv=0.00103
Checking detector "CDD". Protection Threshold: 0.1 (V)
SetMagnetDAC 5.88103172414 ===>> OK
Magnet settling time: 1.049
GetData ===>> H2,-0.0929221553349806,H1,93.9245805236284,AX,20.9370470754321,L1,0.275422057416242,L2,0.14417418...
setting magnet DAC
current  : 5.881032
requested: 5.882066
Delta Dac: 0.001034
Checking detector protection. dv=0.00103
Checking detector "CDD". Protection Threshold: 0.1 (V)
SetMagnetDAC 5.8820662069 ===>> OK
Magnet settling time: 1.049
GetData ===>> H2,-0.18484722980922,H1,93.7136221315814,AX,21.0754621703918,L1,0.268699394773747,L2,0.1641331929...
setting magnet DAC
current  : 5.882066
requested: 5.883101
Delta Dac: 0.001034
Checking detector protection. dv=0.00103
Checking detector "CDD". Protection Threshold: 0.1 (V)
SetMagnetDAC 5.88310068966 ===>> OK
Magnet settling time: 1.049
GetData ===>> H2,-0.197881869399138,H1,93.5676535046724,AX,20.9974838691055,L1,0.307720009026565,L2,0.156422821...
setting magnet DAC
current  : 5.883101
requested: 5.884135
Delta Dac: 0.001034
Checking detector protection. dv=0.00103
Checking detector "CDD". Protection Threshold: 0.1 (V)
SetMagnetDAC 5.88413517241 ===>> OK
Magnet settling time: 1.049
GetData ===>> H2,-0.200896909428078,H1,93.2294664156638,AX,20.6762046302519,L1,0.266635326707943,L2,0.227276661...
setting magnet DAC
current  : 5.884135
requested: 5.885170
Delta Dac: 0.001034
Checking detector protection. dv=0.00103
Checking detector "CDD". Protection Threshold: 0.1 (V)
SetMagnetDAC 5.88516965517 ===>> OK
Magnet settling time: 1.049
GetData ===>> H2,-0.260061539982286,H1,90.9913080919096,AX,19.6977027886672,L1,0.264396686055369,L2,0.031364349...
setting magnet DAC
current  : 5.885170
requested: 5.886204
Delta Dac: 0.001034
Checking detector protection. dv=0.00103
Checking detector "CDD". Protection Threshold: 0.1 (V)
SetMagnetDAC 5.88620413793 ===>> OK
Magnet settling time: 1.049
GetData ===>> H2,-0.251412566340513,H1,84.1893455971474,AX,17.2488328044442,L1,0.200625321618683,L2,0.185693591...
setting magnet DAC
current  : 5.886204
requested: 5.887239
Delta Dac: 0.001034
Checking detector protection. dv=0.00103
Checking detector "CDD". Protection Threshold: 0.1 (V)
SetMagnetDAC 5.88723862069 ===>> OK
Magnet settling time: 1.049
GetData ===>> H2,-0.192593134495803,H1,68.146820159269,AX,12.3539742139096,L1,0.171387838055144,L2,0.0108863866...
setting magnet DAC
current  : 5.887239
requested: 5.888273
Delta Dac: 0.001034
Checking detector protection. dv=0.00103
Checking detector "CDD". Protection Threshold: 0.1 (V)
SetMagnetDAC 5.88827310345 ===>> OK
Magnet settling time: 1.049
GetData ===>> H2,-0.171633288441854,H1,44.2015052520945,AX,6.85176608950105,L1,0.15635469884326,L2,-0.120466472...
setting magnet DAC
current  : 5.888273
requested: 5.889308
Delta Dac: 0.001034
Checking detector protection. dv=0.00103
Checking detector "CDD". Protection Threshold: 0.1 (V)
SetMagnetDAC 5.88930758621 ===>> OK
Magnet settling time: 1.049
GetData ===>> H2,-0.142556564458772,H1,22.1771805920602,AX,2.99761027534221,L1,0.0647736195083121,L2,0.00132087...
setting magnet DAC
current  : 5.889308
requested: 5.890342
Delta Dac: 0.001034
Checking detector protection. dv=0.00103
Checking detector "CDD". Protection Threshold: 0.1 (V)
SetMagnetDAC 5.89034206897 ===>> OK
Magnet settling time: 1.049
GetData ===>> H2,-0.157242231516626,H1,8.72802741608474,AX,0.925399744589236,L1,0.0293770527750442,L2,-0.041916...
setting magnet DAC
current  : 5.890342
requested: 5.891377
Delta Dac: 0.001034
Checking detector protection. dv=0.00103
Checking detector "CDD". Protection Threshold: 0.1 (V)
SetMagnetDAC 5.89137655172 ===>> OK
Magnet settling time: 1.049
GetData ===>> H2,-0.256930177988415,H1,2.66678025490383,AX,0.0371647977484608,L1,0.00723724502860392,L2,-0.1594...
setting magnet DAC
current  : 5.891377
requested: 5.892411
Delta Dac: 0.001034
Checking detector protection. dv=0.00103
Checking detector "CDD". Protection Threshold: 0.1 (V)
SetMagnetDAC 5.89241103448 ===>> OK
Magnet settling time: 1.049
GetData ===>> H2,-0.206722451432117,H1,0.694662651473643,AX,0.0388591731510659,L1,0.00532194864126807,L2,0.0475...
setting magnet DAC
current  : 5.892411
requested: 5.893446
Delta Dac: 0.001034
Checking detector protection. dv=0.00103
Checking detector "CDD". Protection Threshold: 0.1 (V)
SetMagnetDAC 5.89344551724 ===>> OK
Magnet settling time: 1.049
GetData ===>> H2,-0.11979896150901,H1,0.165829531437756,AX,-0.107004350687898,L1,-0.0284383828060554,L2,-0.0801...
setting magnet DAC
current  : 5.893446
requested: 5.894480
Delta Dac: 0.001034
Checking detector protection. dv=0.00103
Checking detector "CDD". Protection Threshold: 0.1 (V)
SetMagnetDAC 5.89448 ===>> OK
Magnet settling time: 1.049
GetData ===>> H2,-0.203024213519702,H1,-0.100259808073377,AX,-0.0278722793410079,L1,-0.0216863159971824,L2,0.06...
result of _do_sweep=True
result of _calculate_peak_center=([5.8717068675281592, 5.8794271356506105, 5.8871474037730618], [69.299216091986338, 93.922474718569632, 69.561391540569645], 5.8810234316909673, 93.922474718569632)
Failed to find a valid peak. No peak greater than 1.0. max = 0.0240088354512
new center pos Detector(H1) (Ar40) @ 5.87942713565
GetHighVoltage ===>> 4500
GetDeflection H1 ===>> 0
dac uncorrected for HV and deflection 5.87942713565
update mftable H1 Ar40 5.87942713565 message=automated run peakcenter
get initial guess parabolic
get initial guess parabolic
get initial guess parabolic
get initial guess parabolic
get initial guess parabolic
get initial guess parabolic
dump mftable to /Users/jan/PychronDev/setupfiles/spectrometer/mftables/mftable.csv
add to repo msg=modified - automated run peakcenter
locally archiving mftable
setting magnet DAC
current  : 5.894480
requested: 5.879427
Delta Dac: 0.015053
Checking detector protection. dv=0.01505
Checking detector "CDD". Protection Threshold: 0.1 (V)
SetMagnetDAC 5.87942713565 ===>> OK
Magnet settling time: 0.500
sweep finished
setting integration time = 1.048576
SetIntegrationTime 1.048576 ===>> OK
Failed to find a valid peak. No peak greater than 1.0. max = 0.0240804342458
flush and close file /Users/jan/PychronDev/data/isotopes/5e/8ff5f3-d733-41b7-8641-90e612aa9037.h5
finished measure script
executed snippet estimated_duration=226.132928, duration=272.723073959
jan_unknown120_60.py completed successfully
Measurement Finished
23:00:46 -- ******* Measurement Finished *******
Post Measurement Started jan_pump_ms.py
23:00:46 -- ******* Post Measurement Started jan_pump_ms.py *******
testing...
no interpolation path defined
executed snippet estimated_duration=0, duration=2.69412994385e-05
Pumping spectrometer
open () {'name': 'O'}
opening name=O desc=---
checking ownership. requestor=129.138.12.150
check software interlocks O
interlocks []
actuate state mode=None-script, software_lock=False
doing actuation None-script open_channel True
Open O ===>> OK
GetIndicatorState O ===>> OK
change switch state (True, True)
update switch state O True args=() kw={} ncanvase=2
23:00:46 -- OPEN   VALVE-O (Jan Ion Pump)
---------------------------------------- open O () result=[(True, True)], time=0.09 sec
action=open, ok=True, locked=[False]
executed snippet estimated_duration=0, duration=0.351986885071
jan_pump_ms.py completed successfully
setting _ms_pumptime
Post Measurement Finished
23:00:46 -- ******* Post Measurement Finished *******
$$$$$$$$$$$$$$$$$$$$ state at run end measurement
state changed from measurement to success
post measurement save measured=True aborted=False
Set filtering
setting fod for Ar40= {'filter_outliers': True, 'std_devs': 2, 'iterations': 1}
setting fod for H1= {'filter_outliers': True, 'std_devs': 2, 'iterations': 1}
setting fod for PM41= {'filter_outliers': False, 'std_devs': 2, 'iterations': 1}
setting fod for H2= {'filter_outliers': True, 'std_devs': 2, 'iterations': 1}
setting fod for Ar36= {'filter_outliers': True, 'std_devs': 2, 'iterations': 1}
setting fod for CDD= {'filter_outliers': True, 'std_devs': 10, 'iterations': 1}
setting fod for Ar37= {'filter_outliers': True, 'std_devs': 2, 'iterations': 1}
setting fod for L2= {'filter_outliers': True, 'std_devs': 2, 'iterations': 1}
setting fod for Ar38= {'filter_outliers': True, 'std_devs': 2, 'iterations': 1}
setting fod for L1= {'filter_outliers': True, 'std_devs': 2, 'iterations': 1}
setting fod for Ar39= {'filter_outliers': True, 'std_devs': 2, 'iterations': 1}
setting fod for AX= {'filter_outliers': True, 'std_devs': 2, 'iterations': 1}
persistence save...
persistence save - db
post measurement save
8242541776 connecting to database sqlite:////Users/jan/PychronDev/.appdata/local_lab.db
connected to db sqlite:////Users/jan/PychronDev/.appdata/local_lab.db
create new session 8242541776
close session 8242541776
No database instance. Not saving post measurement to isotopedb database
$$$$$$$$$$$$$$$ auto_save_detector_ic=False
massspec enabled True
create new session 4985911824
MassSpec Database Version: 16.0
close session 4985911824
saving post measurement to secondary database
saving to massspec database 129.138.12.160/massspecdata
setting labnumber to 65556
setting aliquot to 5
setting step to 
setting uuid to 5e8ff5f3-d733-41b7-8641-90e612aa9037
setting irradpos to 65556
setting extract_device to Fusions CO2
setting tray to 
setting position to 210
setting power_requested to 5.0
setting extract_value to 5.0
setting duration to 30.0
setting duration_at_request to 30.0
setting first_stage_delay to 30.0
setting cleanup to 30.0
setting comment to N:15without inclusions
setting irradiation to NM-289
setting level to N
setting irradiation_level to N
setting sample to Bw-2014-7 WO
setting material to Sanidine
setting project to Bustos Wells
setting mass_spectrometer to Jan
no attribute chron_dosages
no attribute production_ratios
no attribute interference_corrections
no attribute production_name
no attribute j
Reference Isotope=Ar40
Reference Detector=H1
%%%%%%%%%%%%%%%%%%%% Comment: N:15without inclusions %%%%%%%%%%%%%%%%%%%
adding isotope PM41 H2
add baseline dbdet= PM41. original det= H2
get baseline data PM41 H2
Get data baseline <pychron.processing.isotope.Baseline object at 0x1e4191e90> len t=60
baseline PM41. v=-0.181653653552, e=0.00663950565376
get signal data PM41 H2
Get data signal PM41 0.02+/-0.07 len t=120
adding isotope Ar40 H1
add baseline dbdet= Ar40. original det= H1
get baseline data Ar40 H1
Get data baseline <pychron.processing.isotope.Baseline object at 0x1e41870d0> len t=60
baseline Ar40. v=-0.0347781311023, e=0.00532445024997
get signal data Ar40 H1
Get data signal Ar40 98.584+/-0.017 len t=120
adding isotope Ar39 AX
add baseline dbdet= Ar39. original det= AX
get baseline data Ar39 AX
Get data baseline <pychron.processing.isotope.Baseline object at 0x1e4187290> len t=60
baseline Ar39. v=-0.0637822494741, e=0.00494282861676
get signal data Ar39 AX
Get data signal Ar39 22.777+/-0.013 len t=120
adding isotope Ar38 L1
add baseline dbdet= Ar38. original det= L1
get baseline data Ar38 L1
Get data baseline <pychron.processing.isotope.Baseline object at 0x1e4187450> len t=60
baseline Ar38. v=-0.0156940707734, e=0.00178318263735
get signal data Ar38 L1
Get data signal Ar38 0.319+/-0.005 len t=120
adding isotope Ar37 L2
add baseline dbdet= Ar37. original det= L2
get baseline data Ar37 L2
Get data baseline <pychron.processing.isotope.Baseline object at 0x1e4187610> len t=60
baseline Ar37. v=-0.0197968524629, e=0.00620793875864
get signal data Ar37 L2
Get data signal Ar37 0.157+/-0.011 len t=120
adding isotope Ar36 CDD
add baseline dbdet= Ar36. original det= CDD
get baseline data Ar36 CDD
Get data baseline <pychron.processing.isotope.Baseline object at 0x1e41877d0> len t=60
baseline Ar36. v=4.46596234551e-05, e=1.01940372471e-05
get signal data Ar36 CDD
Get data signal Ar36 0.01547+/-0.00031 len t=120
65556-05 added analysis time 0.506552934647s
analysis added to mass spec database
mass spec save time= 0.515
persistence save - dvc
================= post measurement started
create new session 4991427888
close session 4991427888
---------------- Experiment Queue saving disabled
DVC saving peakcenter
Failed to find a valid peak. No peak greater than 1.0. max = 0.0240804342458
Smart pull ahead: 0 behind: 0
Up-to-date with origin
add to repo msg=modified - ad8224ebc6dbfeb9f5997218dfa5fe690569839d.json
add to repo msg=modified - 56-05.json
add to repo msg=modified - 56-05.dat.json
add to repo msg=modified - 56-05.blan.json
add to repo msg=modified - 56-05.inte.json
add to repo msg=modified - 56-05.icfa.json
add to repo msg=modified - 56-05.base.json
not at valid file /Users/jan/PychronDev/data/.dvc/repositories/Load1786/655/tags/56-05.tags.json
add to repo msg=modified - 56-05.peak.json
add to repo msg=modified - 56-05.extr.json
not at valid file /Users/jan/PychronDev/data/.dvc/repositories/Load1786/655/monitor/56-05.moni.json
commit message=<COLLECTION>
add to repo msg=modified - 56-05.inte.json
add to repo msg=modified - 56-05.base.json
commit message=<ISOEVO> default collection fits
add to repo msg=modified - 56-05.blan.json
commit message=<BLANKS> preceding bc-02-J-329
add to repo msg=modified - 56-05.icfa.json
commit message=<ICFactor> default
push repository <pychron.git_archive.repo_manager.GitRepoManager object at 0x1d2c63230>
pushing to remote=origin, url=https://github.com
no changes to meta repo
create new session 4991427888
add association Load1786
get identifier "65556"
setting analysis irradiation position=<pychron.dvc.dvc_orm.IrradiationPositionTbl object at 0x1e88471d0>
close session 4991427888
================= post measurement finished
23:01:01 -- ******* Post Run Check *******
loading queue conditionals post_run_actions
loading system conditionals post_run_actions
loading conditionals from /Users/jan/PychronDev/setupfiles/spectrometer/default_conditionals.yaml
loading queue conditionals post_run_terminations
loading system conditionals post_run_terminations
loading conditionals from /Users/jan/PychronDev/setupfiles/spectrometer/default_conditionals.yaml
Checking default post run terminations n=1
GetDeflection CDD ===>> 50
testing CDD==2000
evaluate ot="CDD.deflection==2000" t="CDD==2000", ctx="{'CDD': 50.0}"
23:01:01 -- ******* Post Run Check Passed *******
23:01:01 -- Automated run 65556-05 success duration: 365.809 s
----------------- finish -----------------
----------------- stop -----------------
retroactive repository identifiers disabled
finish run. runs completed=246
update duration runid=65556-05, duration=365.809478045, md5=301e91d8
loading script "jan_unknown120_60.py"
loading script "jan_pump_ms.py"
loading script "jan_co2.py"
loading script "jan_pump_extraction_line.py"
testing...
no interpolation path defined
executed snippet estimated_duration=213.652928, duration=0.00019907951355
script duration name:unknown120_60 seconds:214.0
loading script "jan_unknown120_60.py"
loading script "jan_pump_ms.py"
loading script "jan_co2.py"
loading script "jan_pump_extraction_line.py"
testing...
no interpolation path defined
executed snippet estimated_duration=0, duration=2.71797180176e-05
loading script "jan_unknown120_60.py"
loading script "jan_pump_ms.py"
loading script "jan_co2.py"
loading script "jan_pump_extraction_line.py"
testing...
no interpolation path defined
calculate duration
testing...
no interpolation path defined
executed snippet estimated_duration=0, duration=9.70363616943e-05
calculate duration
testing...
no interpolation path defined
executed snippet estimated_duration=0, duration=0.000139951705933
executed snippet estimated_duration=0.0, duration=0.00495004653931
script duration name:co2 seconds:0.0
loading script "jan_unknown120_60.py"
loading script "jan_pump_ms.py"
loading script "jan_co2.py"
loading script "jan_pump_extraction_line.py"
testing...
no interpolation path defined
calculate duration
testing...
no interpolation path defined
executed snippet estimated_duration=4.0, duration=0.000150918960571
executed snippet estimated_duration=4.0, duration=0.00130200386047
Script duration 214.0
Run total estimated duration= 215.000
unknown120_60 in script context. using previous estimated duration
script duration name:unknown120_60 seconds:214.0
pump_ms in script context. using previous estimated duration
co2 in script context. using previous estimated duration
script duration name:co2 seconds:0.0
pump_extraction_line in script context. using previous estimated duration
Script duration 214.0
Run total estimated duration= 215.000
script duration name:unknown120_60 seconds:214.0
script duration name:co2 seconds:0.0
Script duration 214.0
Run total estimated duration= 215.000
script duration name:unknown120_60 seconds:214.0
script duration name:co2 seconds:0.0
Script duration 214.0
Run total estimated duration= 215.000
script duration name:unknown120_60 seconds:214.0
script duration name:co2 seconds:0.0
Script duration 214.0
Run total estimated duration= 215.000
script duration name:unknown120_60 seconds:214.0
script duration name:co2 seconds:0.0
Script duration 214.0
Run total estimated duration= 215.000
loading script "jan_unknown400_120.py"
loading script "jan_pump_ms.py"
loading script "jan_cocktail_x1.py"
loading script "jan_pump_extraction_line.py"
testing...
no interpolation path defined
executed snippet estimated_duration=556.052928, duration=0.000205993652344
script duration name:unknown400_120 seconds:556.0
loading script "jan_unknown400_120.py"
loading script "jan_pump_ms.py"
loading script "jan_cocktail_x1.py"
loading script "jan_pump_extraction_line.py"
testing...
no interpolation path defined
calculate duration
testing...
no interpolation path defined
executed snippet estimated_duration=0, duration=4.72068786621e-05
calculate duration
testing...
no interpolation path defined
executed snippet estimated_duration=0, duration=0.000146865844727
calculate duration
testing...
no interpolation path defined
executed snippet estimated_duration=32.0, duration=9.20295715332e-05
calculate duration
testing...
no interpolation path defined
executed snippet estimated_duration=34.0, duration=0.000100135803223
calculate duration
testing...
no interpolation path defined
executed snippet estimated_duration=4.0, duration=6.31809234619e-05
calculate duration
testing...
no interpolation path defined
executed snippet estimated_duration=38.0, duration=9.70363616943e-05
executed snippet estimated_duration=108.0, duration=0.0128951072693
script duration name:cocktail_x1 seconds:108.0
Script duration 664.0
Run total estimated duration= 665.000
unknown400_120 in script context. using previous estimated duration
script duration name:unknown400_120 seconds:556.0
cocktail_x1 in script context. using previous estimated duration
script duration name:cocktail_x1 seconds:108.0
Script duration 664.0
Run total estimated duration= 665.000
script duration name:unknown120_60 seconds:214.0
script duration name:co2 seconds:0.0
Script duration 214.0
Run total estimated duration= 215.000
script duration name:unknown120_60 seconds:214.0
script duration name:co2 seconds:0.0
Script duration 214.0
Run total estimated duration= 215.000
script duration name:unknown120_60 seconds:214.0
script duration name:co2 seconds:0.0
Script duration 214.0
Run total estimated duration= 215.000
script duration name:unknown120_60 seconds:214.0
script duration name:co2 seconds:0.0
Script duration 214.0
Run total estimated duration= 215.000
loading script "jan_ic_peak_hop3.py"
loading script "jan_pump_ms.py"
loading script "jan_air_x1.py"
loading script "jan_pump_extraction_line.py"
testing...
no interpolation path defined
executed snippet estimated_duration=133.8, duration=0.00959181785583
script duration name:ic_peak_hop3 seconds:134.0
loading script "jan_ic_peak_hop3.py"
loading script "jan_pump_ms.py"
loading script "jan_air_x1.py"
loading script "jan_pump_extraction_line.py"
testing...
no interpolation path defined
calculate duration
testing...
no interpolation path defined
executed snippet estimated_duration=0, duration=4.60147857666e-05
calculate duration
testing...
no interpolation path defined
executed snippet estimated_duration=0, duration=9.51290130615e-05
calculate duration
testing...
no interpolation path defined
executed snippet estimated_duration=32.0, duration=8.70227813721e-05
calculate duration
testing...
no interpolation path defined
executed snippet estimated_duration=34.0, duration=0.000105142593384
calculate duration
testing...
no interpolation path defined
executed snippet estimated_duration=4.0, duration=0.000108003616333
calculate duration
testing...
no interpolation path defined
executed snippet estimated_duration=36.0, duration=9.48905944824e-05
executed snippet estimated_duration=106.0, duration=0.00802898406982
script duration name:air_x1 seconds:106.0
Script duration 240.0
Run total estimated duration= 241.000
script duration name:unknown120_60 seconds:214.0
script duration name:co2 seconds:0.0
Script duration 214.0
Run total estimated duration= 215.000
nruns=14 before=5.0, run_dur=3936.0, btw=390.0
write rem/ex queues
/Users/jan/PychronDev/experiments/rem/Load1786.rem.txt
/Users/jan/PychronDev/experiments/rem/Load1786.ex.txt
doing event level: 3
