do run
loading script "jan_unknown120_60.py"
loading script "jan_pump_ms.py"
loading script "jan_co2.py"
loading script "jan_pump_extraction_line.py"
testing...
no interpolation path defined
executed snippet estimated_duration=213.652928, duration=0.000333786010742
script duration name:unknown120_60 seconds:214.0
loading script "jan_unknown120_60.py"
loading script "jan_pump_ms.py"
loading script "jan_co2.py"
loading script "jan_pump_extraction_line.py"
testing...
no interpolation path defined
executed snippet estimated_duration=0, duration=2.59876251221e-05
loading script "jan_unknown120_60.py"
loading script "jan_pump_ms.py"
loading script "jan_co2.py"
loading script "jan_pump_extraction_line.py"
testing...
no interpolation path defined
calculate duration
testing...
no interpolation path defined
executed snippet estimated_duration=0, duration=9.58442687988e-05
calculate duration
testing...
no interpolation path defined
executed snippet estimated_duration=0, duration=0.000134229660034
executed snippet estimated_duration=0.0, duration=0.0044538974762
script duration name:co2 seconds:0.0
loading script "jan_unknown120_60.py"
loading script "jan_pump_ms.py"
loading script "jan_co2.py"
loading script "jan_pump_extraction_line.py"
testing...
no interpolation path defined
calculate duration
testing...
no interpolation path defined
executed snippet estimated_duration=4.0, duration=0.000198841094971
executed snippet estimated_duration=4.0, duration=0.00246095657349
Script duration 214.0
Run total estimated duration= 215.000
run duration: 0:03:35
doing event level: 2
22:47:44 -- Setting default integration. t=1.048576
setting integration time = 1.048576
SetIntegrationTime 1.048576 ===>> OK
----------------- start -----------------
**************** Experiment Type: Ar/Ar, Ar/Ar
$$$$$ Clearing conditionals
adding conditionals 
Add queue conditionals
add default conditionals
adding default conditionals from /Users/jan/PychronDev/setupfiles/spectrometer/default_conditionals.yaml
Start automated run 65556-04
loading script "jan_unknown120_60.py"
loading script "jan_pump_ms.py"
loading script "jan_co2.py"
loading script "jan_pump_extraction_line.py"
%%%%%%%%%%%%%%%%%% setting automated run 65556-04
No value "sensitivity_multiplier" in metadata
$$$$$$$$$$$$$$$ auto_save_detector_ic=False
============================= Pre Extraction Check =============================
loading queue conditionals pre_run_terminations
loading system conditionals pre_run_terminations
loading conditionals from /Users/jan/PychronDev/setupfiles/spectrometer/default_conditionals.yaml
22:47:44 -- ******* Pre Extraction Check *******
Get a measurement from the spectrometer
GetData ===>> H2,-0.27774845266171,H1,-0.0286867177159199,AX,0.0823821844285361,L1,0.0119206953317914,L2,0.0454...
Pre Extraction Termination data. keys=H2,H1,AX,L1,L2,CDD, signals=-0.27775,-0.02869,0.08238,0.01192,0.04544,0.00238
22:47:44 -- testing system defined conditionals
Checking default pre extraction terminations n=2
testing CDD
evaluate ot="CDD.inactive" t="CDD", ctx="{'CDD': False}"
GetDeflection CDD ===>> 50
testing CDD==2000
evaluate ot="CDD.deflection==2000" t="CDD==2000", ctx="{'CDD': 50.0}"
22:47:44 -- ******* Pre Extraction Check Passed *******
=================================================================================
22:47:44 -- stopping status monitor
stop 4984189200
Alive clients [4991693744]
22:47:44 -- starting status monitor
start 4984189200
Monitor already running
start extraction
do extraction
Analysis started at 22:47:44.957204
Extraction Started jan_co2.py
22:47:44 -- ******* Extraction Started jan_co2.py *******
state changed from not run to extraction
DO EXTRACTION <pychron.extraction_line.pyscript_runner.RemotePyScriptRunner object at 0x12c301530>
testing...
no interpolation path defined
calculate duration
testing...
no interpolation path defined
executed snippet estimated_duration=0, duration=5.19752502441e-05
calculate duration
testing...
no interpolation path defined
executed snippet estimated_duration=0, duration=9.79900360107e-05
executed snippet estimated_duration=100.0, duration=0.00301504135132
Jan CO2 laser analysis
doing GOSUB
testing...
no interpolation path defined
executed snippet estimated_duration=0, duration=4.79221343994e-05
Waiting for CO2 access
wait ('FelixCO2Flag', 0) {}
waiting for FelixCO2Flag = 0
Read FelixCO2Flag ===>> 0
finished waiting
CO2 free
wait ('CO2PumpTimeFlag', 0) {}
waiting for CO2PumpTimeFlag = 0
Read CO2PumpTimeFlag ===>> 0
finished waiting
acquire ('JanCO2Flag',) {'clear': True}
acquire JanCO2Flag
Set JanCO2Flag 1 ===>> OK
JanCO2Flag acquired
set extraction state False (0.75, 'red', 1.5)
CO2 acquired
executed snippet estimated_duration=0, duration=0.044844865799
WaitForCO2Access.py completed successfully
gosub finished
doing GOSUB
testing...
no interpolation path defined
executed snippet estimated_duration=0, duration=0.000108957290649
Prepare for CO2 analysis
close () {'description': 'Jan Inlet'}
closing name=--- desc=Jan Inlet
checking ownership. requestor=129.138.12.150
check software interlocks R
interlocks []
actuate state mode=None-script, software_lock=False
doing actuation None-script close_channel False
Close R ===>> OK
GetIndicatorState R ===>> False
change switch state (True, True)
update switch state R False args=() kw={} ncanvase=2
22:47:45 -- CLOSE  VALVE-R (Jan Inlet)
---------------------------------------- close None (Jan Inlet) result=[(True, True)]
action=close, ok=True, locked=[False]
open () {'description': 'Jan Ion Pump'}
opening name=--- desc=Jan Ion Pump
checking ownership. requestor=129.138.12.150
check software interlocks O
interlocks []
actuate state mode=None-script, software_lock=False
doing actuation None-script open_channel False
Open O ===>> OK
GetIndicatorState O ===>> OK
change switch state (True, True)
update switch state O True args=() kw={} ncanvase=2
22:47:45 -- OPEN   VALVE-O (Jan Ion Pump)
---------------------------------------- open None (Jan Ion Pump) result=[(True, True)], time=0.10 sec
action=open, ok=True, locked=[False]
close () {'description': 'Microbone to Minibone'}
closing name=--- desc=Microbone to Minibone
checking ownership. requestor=129.138.12.150
check software interlocks L
interlocks []
actuate state mode=None-script, software_lock=False
doing actuation None-script close_channel False
Close L ===>> OK
GetIndicatorState L ===>> False
change switch state (True, True)
update switch state L False args=() kw={} ncanvase=2
22:47:46 -- CLOSE  VALVE-L (Microbone to Minibone)
---------------------------------------- close None (Microbone to Minibone) result=[(True, True)]
action=close, ok=True, locked=[False]
open () {'description': 'Microbone to Turbo'}
opening name=--- desc=Microbone to Turbo
checking ownership. requestor=129.138.12.150
check software interlocks U
interlocks []
actuate state mode=None-script, software_lock=False
doing actuation None-script open_channel False
Open U ===>> OK
GetIndicatorState U ===>> OK
change switch state (True, True)
update switch state U True args=() kw={} ncanvase=2
22:47:46 -- OPEN   VALVE-U (Microbone to Turbo)
---------------------------------------- open None (Microbone to Turbo) result=[(True, True)], time=0.13 sec
action=open, ok=True, locked=[False]
open () {'description': 'Microbone to Inlet Pipette'}
opening name=--- desc=Microbone to Inlet Pipette
checking ownership. requestor=129.138.12.150
check software interlocks S
interlocks []
actuate state mode=None-script, software_lock=False
doing actuation None-script open_channel False
Open S ===>> OK
GetIndicatorState S ===>> OK
change switch state (True, True)
update switch state S True args=() kw={} ncanvase=2
22:47:47 -- OPEN   VALVE-S (Microbone to Inlet Pipette)
---------------------------------------- open None (Microbone to Inlet Pipette) result=[(True, True)], time=0.42 sec
action=open, ok=True, locked=[False]
open () {'description': 'Microbone to Getter D-50'}
opening name=--- desc=Microbone to Getter D-50
checking ownership. requestor=129.138.12.150
check software interlocks K
interlocks []
actuate state mode=None-script, software_lock=False
doing actuation None-script open_channel False
Open K ===>> OK
GetIndicatorState K ===>> OK
change switch state (True, True)
update switch state K True args=() kw={} ncanvase=2
22:47:48 -- OPEN   VALVE-K (Microbone to Getter D-50)
---------------------------------------- open None (Microbone to Getter D-50) result=[(True, True)], time=0.41 sec
action=open, ok=True, locked=[False]
open () {'description': 'Microbone to Getter NP-10'}
opening name=--- desc=Microbone to Getter NP-10
checking ownership. requestor=129.138.12.150
check software interlocks M
interlocks []
actuate state mode=None-script, software_lock=False
doing actuation None-script open_channel False
Open M ===>> OK
GetIndicatorState M ===>> OK
change switch state (True, True)
update switch state M True args=() kw={} ncanvase=2
22:47:48 -- OPEN   VALVE-M (Microbone to Getter NP-10)
---------------------------------------- open None (Microbone to Getter NP-10) result=[(True, True)], time=0.14 sec
action=open, ok=True, locked=[False]
close () {'description': 'CO2 Laser to Felix'}
closing name=--- desc=CO2 Laser to Felix
checking ownership. requestor=129.138.12.150
check software interlocks F
interlocks []
actuate state mode=None-script, software_lock=True
VALVE-F(CO2 Laser to Felix) software locked
change switch state (True, False)
---------------------------------------- close None (CO2 Laser to Felix) result=[(True, False)]
action=close, ok=True, locked=[True]
open () {'description': 'CO2 Laser to Jan'}
opening name=--- desc=CO2 Laser to Jan
checking ownership. requestor=129.138.12.150
check software interlocks A
interlocks []
actuate state mode=None-script, software_lock=False
doing actuation None-script open_channel False
Open A ===>> OK
GetIndicatorState A ===>> OK
change switch state (True, True)
update switch state A True args=() kw={} ncanvase=2
22:47:49 -- OPEN   VALVE-A (CO2 Laser to Jan)
---------------------------------------- open None (CO2 Laser to Jan) result=[(True, True)], time=0.13 sec
action=open, ok=True, locked=[False]
open () {'description': 'Microbone to CO2 Laser'}
opening name=--- desc=Microbone to CO2 Laser
checking ownership. requestor=129.138.12.150
check software interlocks T
interlocks []
actuate state mode=None-script, software_lock=False
doing actuation None-script open_channel False
Open T ===>> OK
GetIndicatorState T ===>> OK
change switch state (True, True)
update switch state T True args=() kw={} ncanvase=2
22:47:49 -- OPEN   VALVE-T (Microbone to CO2 Laser)
---------------------------------------- open None (Microbone to CO2 Laser) result=[(True, True)], time=0.42 sec
action=open, ok=True, locked=[False]
executed snippet estimated_duration=0, duration=4.92921090126
PrepareForCO2Analysis.py completed successfully
gosub finished
set_motor ('beam', '1.25') {}
setting motor "beam" to 1.25
set motor beam to 1.25
SetMotor beam,1.25 ===>> OK
GetMotorMoving beam ===>> False
GetMotorMoving beam ===>> False
Block completed
move_to_position ('209',) {'autocenter': True}
FusionsCO2 move to position 209
sending GoToHole 209,True
GoToHole 209,True ===>> OK
GetDriveMoving ===>> OK
GetDriveMoving ===>> OK
GetDriveMoving ===>> OK
GetDriveMoving ===>> False
GetDriveMoving ===>> OK
GetDriveMoving ===>> OK
GetDriveMoving ===>> OK
GetDriveMoving ===>> OK
GetDriveMoving ===>> OK
GetDriveMoving ===>> False
Block completed
GetAutoCorrecting ===>> False
GetAutoCorrecting ===>> False
Block completed
update position
GetPosition ===>> -5.98170,-13.95730,1.00000
got position (-5.9817, -13.9573, 1.0)
move to position succeeded
sleep (5,) {}
SLEEP 5.0
block started
WaitControl setup for 5.0  
Join finished
block finished. duration 5.0313911438
close () {'description': 'Microbone to Turbo'}
closing name=--- desc=Microbone to Turbo
checking ownership. requestor=129.138.12.150
check software interlocks U
interlocks []
actuate state mode=None-script, software_lock=False
doing actuation None-script close_channel True
Close U ===>> OK
GetIndicatorState U ===>> False
change switch state (True, True)
update switch state U False args=() kw={} ncanvase=2
22:48:00 -- CLOSE  VALVE-U (Microbone to Turbo)
---------------------------------------- close None (Microbone to Turbo) result=[(True, True)]
action=close, ok=True, locked=[False]
enable laser
enable () {}
set extraction state FusionsCO2 Enabled (False, 'red', 1.5)
enabling laser
Enable ===>> OK
begin interval
BEGIN INTERVAL Interval 1 waiting for 30.0
block started
WaitControl setup for 30.0  
set extract to 5.0
extract (5.0,) {}
GetPosition ===>> -5.98170,-13.95730,1.00000
set extraction state FusionsCO2 ON! 5.0(watts) (0.75, 'red', 1.5)
extract sample to 5.0 (watts)
set laser output
SetLaserOutput 5.0,watts ===>> OK
executing pattern triangle.lp
execute_pattern ('triangle.lp',) {}
executing pattern triangle.lp
IsPatterning ===>> OK
IsPatterning ===>> OK
IsPatterning ===>> OK
IsPatterning ===>> OK
IsPatterning ===>> OK
IsPatterning ===>> OK
IsPatterning ===>> OK
IsPatterning ===>> OK
IsPatterning ===>> OK
IsPatterning ===>> OK
IsPatterning ===>> OK
IsPatterning ===>> OK
IsPatterning ===>> OK
IsPatterning ===>> OK
IsPatterning ===>> OK
IsPatterning ===>> OK
IsPatterning ===>> OK
IsPatterning ===>> OK
IsPatterning ===>> OK
IsPatterning ===>> OK
IsPatterning ===>> OK
IsPatterning ===>> OK
IsPatterning ===>> OK
IsPatterning ===>> OK
IsPatterning ===>> OK
IsPatterning ===>> OK
IsPatterning ===>> False
IsPatterning ===>> False
Block completed
COMPLETE INTERVAL waiting for Interval 1 to complete
Join finished
block finished. duration 30.1112229824
Interval 1 finished
end_extract () {}
ending extraction. set laser power to 0
set laser power 0
SetLaserPower 0 ===>> OK
disable () {}
%%%%%%%%%%%%%%%%%%%%%%%%%%%%%%%%%%% disable
set extraction state False (0.75, 'red', 1.5)
disabling laser
Disable ===>> OK
sleep (30.0,) {}
SLEEP 30.0
block started
WaitControl setup for 30.0  
Join finished
block finished. duration 30.0842988491
executed snippet estimated_duration=166.5, duration=76.528439045
jan_co2.py completed successfully
GetAchievedOutput ===>> No Response
Requested Output= 0.000
Achieved Output=  0.000
GetResponseBlob ===>> No Response
GetOutputBlob ===>> No Response
persistence save...
persistence save - db
AutomatedRunPersister post_extraction_save deprecated
persistence save - dvc
no extraction position for 209
create new session 4991427888
close session 4991427888
Extraction Finished
22:49:01 -- ******* Extraction Finished *******
no overlap. not waiting for min ms pumptime
22:49:01 -- Sending spectrometer configuration
======== Sending configuration ========
SetDeflection CDD,50.0 ===>> OK
SetDeflection H2,0.0 ===>> OK
SetDeflection H1,0.0 ===>> OK
SetDeflection L2,825.0 ===>> OK
SetDeflection L1,400.0 ===>> OK
SetDeflection AX,190.0 ===>> OK
SetZFocus 74.64 ===>> OK
SetZSymmetry -50.72 ===>> OK
SetExtractionLens 26.13 ===>> OK
SetIonRepeller -3.81 ===>> OK
SetElectronEnergy 75.08 ===>> OK
SetYSymmetry -2.81 ===>> OK
SetIonCounterVoltage 1590.0 ===>> OK
send trap current 200.0
GetParameter Trap Current Readback ===>> 198.147042666178
SetParameter Trap Current Set,200.0 ===>> OK
updating mftable name mftable
Using mftable located at /Users/jan/PychronDev/setupfiles/spectrometer/mftables/mftable.csv
============ MFtable ===========
Isotope  H2     H1     AX     L1     L2     CDD    
Ar40     5.7977 5.8796 5.9930 6.1377 6.2314 6.3659
Ar39     5.6970 5.7719 5.8854 6.0237 6.1166 6.2524
Ar36     5.3745 5.4409 5.5488 5.6826 5.7715 5.9035
================================
get initial guess parabolic
get initial guess parabolic
get initial guess parabolic
get initial guess parabolic
get initial guess parabolic
get initial guess parabolic
======== Configuration Finished ========
GetYSymmetry ===>> -2.81
GetZSymmetry ===>> -50.72
GetParameter Trap Current Readback ===>> 198.035158395898
GetHighVoltage ===>> 4500
start measurement
do measurement
L#=65556 analysis type=unknown
Measurement Started jan_unknown120_60.py
22:49:01 -- ******* Measurement Started jan_unknown120_60.py *******
state changed from extraction to measurement
setting spec, defl, and gains
GetExtractionLens ===>> 26.13
GetYSymmetry ===>> -2.81
GetZSymmetry ===>> -50.72
GetZFocus ===>> 74.64
GetDeflection H2 ===>> 0
GetDeflection H1 ===>> 0
GetDeflection AX ===>> 190
GetDeflection L1 ===>> 400
GetDeflection L2 ===>> 825
GetDeflection CDD ===>> 50
GetGain H2 ===>> 0.0113
GetGain H1 ===>> 0.1
GetGain AX ===>> 0.097049
GetGain L1 ===>> 0.010355
GetGain L2 ===>> 0.095649
GetGain CDD ===>> 0
pre measurement save
New frame /Users/jan/PychronDev/data/isotopes/0f/a97f54-c83f-4035-a93e-5d472a05bb98.h5
flush and close file /Users/jan/PychronDev/data/isotopes/0f/a97f54-c83f-4035-a93e-5d472a05bb98.h5
testing...
no interpolation path defined
executed snippet estimated_duration=226.132928, duration=0.000150918960571
unknown measurement script
activate_detectors ('H2', 'H1', 'AX', 'L1', 'L2', 'CDD') {}
activate detectors
*************** Set Analysis View Ar/Ar
create graphs
clearing graphs
clear isotope group
setting isotope det=H2, iso=PM41
setting isotope det=H1, iso=Ar40
setting isotope det=AX, iso=Ar39
setting isotope det=L1, iso=Ar38
setting isotope det=L2, iso=Ar37
setting isotope det=CDD, iso=Ar36
setting previous blanks
 - setting Ar40 blank 0.173+/-0.007
 - setting Ar36 blank 0.00434+/-0.00019
 - setting Ar37 blank 0.054+/-0.005
 - setting Ar38 blank 0.0105+/-0.0023
 - setting PM41 blank 0.00+/-0.06
 - setting Ar39 blank 0.018+/-0.009
load analysis view
position_magnet ('Ar40',) {'detector': 'H1'}
detector Detector(H1)
POSITION Ar40 H1
setting detector H2 to PM41 (40.9624)
setting detector H1 to Ar40 (39.9624)
setting detector AX to Ar39 (38.9624)
setting detector L1 to Ar38 (37.9624)
setting detector L2 to Ar37 (36.9624)
setting detector CDD to Ar36 (35.9624)
Mapping mass to dac mass func: "parabolic"
H1 map mass coeffs = [-0.00063987  0.15840543  0.57123999]
H1 map mass to dac 39.9624 >> 5.87963
GetDeflection H1 ===>> 0
GetHighVoltage ===>> 4500
positioning Ar40 (5.87963) on H1
setting magnet DAC
current  : 5.879629
requested: 5.879630
Delta Dac: 0.000001
Checking detector protection. dv=0.00000
Checking detector "CDD". Protection Threshold: 0.1 (V)
SetMagnetDAC 5.87963 ===>> OK
Magnet settling time: 0.500
equilibrate () {'delay': 3, 'inlet': 'R', 'outlet': 'O', 'eqtime': 12.0}
Equilibration Started
22:49:03 -- ******* Equilibration Started *******
checking ownership. requestor=129.138.12.150
check software interlocks O
interlocks []
actuate state mode=None-script, software_lock=False
doing actuation None-script close_channel True
Close O ===>> OK
GetIndicatorState O ===>> False
change switch state (True, True)
update switch state O False args=() kw={} ncanvase=2
22:49:03 -- CLOSE  VALVE-O (Jan Ion Pump)
waiting 3s before opening inlet value ('R',)
update labels <pychron.experiment.plot_panel.PlotPanel object at 0x1e554a0b0>
update labels "<pychron.graph.stacked_regression_graph.StackedRegressionGraph object at 0x1bd015b90>"
setting label 0 H2 PM41
setting label 1 H1 Ar40
setting label 2 AX Ar39
setting label 3 L1 Ar38
setting label 4 L2 Ar37
setting label 5 CDD Ar36
update labels "<pychron.graph.stacked_graph.StackedGraph object at 0x1e4d9b230>"
setting label 0 H2 PM41
setting label 1 H1 Ar40
setting label 2 AX Ar39
setting label 3 L1 Ar38
setting label 4 L2 Ar37
setting label 5 CDD Ar36
checking ownership. requestor=129.138.12.150
check software interlocks R
interlocks []
actuate state mode=None-script, software_lock=False
doing actuation None-script open_channel True
Open R ===>> OK
set states for children of R. state=True
handle state [('R', True)]
update switch state R True args=() kw={'refresh': False} ncanvase=2
refresh_canvas_needed fired
GetIndicatorState R ===>> OK
change switch state (True, True)
update switch state R True args=() kw={} ncanvase=2
22:49:06 -- OPEN   VALVE-R (Jan Inlet)
equilibrating for 12.0sec
set_time_zero () {}
sniff (12.0,) {}
py_sniff
build tables- sniff [Detector(H2), Detector(H1), Detector(AX), Detector(L1), Detector(L2), Detector(CDD)]
add group /sniff/PM41 (Group) '' table H2
add group /sniff/Ar40 (Group) '' table H1
add group /sniff/Ar39 (Group) '' table AX
add group /sniff/Ar38 (Group) '' table L1
add group /sniff/Ar37 (Group) '' table L2
add group /sniff/Ar36 (Group) '' table CDD
flush and close file /Users/jan/PychronDev/data/isotopes/0f/a97f54-c83f-4035-a93e-5d472a05bb98.h5
measuring sniff. ncounts=12.0
"sniff" increment series count="1" fit count="0" regressing="False"
starting measurement
GetData ===>> H2,-0.217453096395176,H1,3.21498151577166,AX,0.815596405084933,L1,-0.00389256363743289,L2,0.03804...
GetData ===>> H2,0.675547416424298,H1,700.753788749437,AX,178.920858548388,L1,0.733406943162685,L2,1.5670857883...
GetData ===>> H2,0.759765170597879,H1,1506.99347886803,AX,372.175862974207,L1,2.59843888750012,L2,2.49255813184...
GetData ===>> H2,0.344535404031124,H1,1772.11809780305,AX,428.65075809846,L1,3.97022321884765,L2,2.764143011266...
GetData ===>> H2,0.0955179128573086,H1,1864.13033290402,AX,445.907546527023,L1,4.68478304244044,L2,2.7173315056...
GetData ===>> H2,0.0845874433338444,H1,1900.07429373431,AX,452.937436417539,L1,5.18352799907856,L2,2.8422057766...
GetData ===>> H2,0.0595467596281945,H1,1915.71420095702,AX,455.810855779075,L1,5.39453010284723,L2,2.8878651791...
GetData ===>> H2,0.0278247335495803,H1,1922.26302173108,AX,457.011437182512,L1,5.54278870364413,L2,2.7983323374...
GetData ===>> H2,-0.0274283194362953,H1,1924.72442318439,AX,457.582908939756,L1,5.67816050106701,L2,2.782057363...
GetData ===>> H2,0.0562480589345742,H1,1925.98869340562,AX,457.815950479819,L1,5.70623997223841,L2,2.7253649695...
GetData ===>> H2,0.1056249178677,H1,1925.44984186367,AX,457.713253916489,L1,5.81764490414989,L2,2.7847407534898...
Equilibration Finished
22:49:18 -- ******* Equilibration Finished *******
checking ownership. requestor=129.138.12.150
check software interlocks R
interlocks []
actuate state mode=None-script, software_lock=False
doing actuation None-script close_channel True
GetData ===>> H2,-0.0537105022578589,H1,1926.09185122323,AX,457.509482599818,L1,5.80063557973275,L2,2.684950099...
Close R ===>> OK
GetIndicatorState R ===>> False
change switch state (True, True)
update switch state R False args=() kw={} ncanvase=2
22:49:19 -- CLOSE  VALVE-R (Jan Inlet)
Post Equilibration Started jan_pump_extraction_line.py
22:49:19 -- ******* Post Equilibration Started jan_pump_extraction_line.py *******
testing...
no interpolation path defined
calculate duration
testing...
no interpolation path defined
executed snippet estimated_duration=4.0, duration=0.000147819519043
executed snippet estimated_duration=4.0, duration=0.00124192237854
Pump after analysis
doing GOSUB
testing...
no interpolation path defined
executed snippet estimated_duration=4.0, duration=0.000153064727783
Pump Microbone
close () {'description': 'Jan Inlet'}
closing name=--- desc=Jan Inlet
checking ownership. requestor=129.138.12.150
check software interlocks R
interlocks []
actuate state mode=None-script, software_lock=False
doing actuation None-script close_channel False
measurement finished
estimated time: 12.583 actual time: :12.685
flush and close file /Users/jan/PychronDev/data/isotopes/0f/a97f54-c83f-4035-a93e-5d472a05bb98.h5
set_fits () {}
using default fits file=/Users/jan/PychronDev/scripts/measurement/fits/nominal_linear.yaml
Close R ===>> OK
set "Ar40" to "('Linear', 'SEM')"
No fit for "PM41". defaulting to linear. check the measurement script "jan_unknown120_60.py"
set "PM41" to "linear"
set "Ar36" to "('Linear', 'SEM')"
set "Ar37" to "('linear', 'SEM')"
set "Ar38" to "('linear', 'SEM')"
set "Ar39" to "('Linear', 'SEM')"
set_baseline_fits () {}
using default fits file=/Users/jan/PychronDev/scripts/measurement/fits/nominal_linear.yaml
set "H1" to "('average', 'SEM')"
set "H2" to "('average', 'SEM')"
set "CDD" to "('average', 'SEM')"
set "L2" to "('average', 'SEM')"
set "L1" to "('average', 'SEM')"
set "AX" to "('average', 'SEM')"
multicollect () {'integration_time': 1, 'ncounts': 120}
build tables- signal [Detector(H2), Detector(H1), Detector(AX), Detector(L1), Detector(L2), Detector(CDD)]
add group /signal/PM41 (Group) '' table H2
add group /signal/Ar40 (Group) '' table H1
add group /signal/Ar39 (Group) '' table AX
add group /signal/Ar38 (Group) '' table L1
add group /signal/Ar37 (Group) '' table L2
add group /signal/Ar36 (Group) '' table CDD
flush and close file /Users/jan/PychronDev/data/isotopes/0f/a97f54-c83f-4035-a93e-5d472a05bb98.h5
measuring signal. ncounts=120
GetIndicatorState R ===>> False
change switch state (True, True)
update switch state R False args=() kw={} ncanvase=2
22:49:20 -- CLOSE  VALVE-R (Jan Inlet)
---------------------------------------- close None (Jan Inlet) result=[(True, True)]
"signal" increment series count="2" fit count="1" regressing="True"
action=close, ok=True, locked=[False]
is_closed ('F',) {}
is F () closed?
is closed True
open () {'description': 'CO2 Laser to Jan'}
opening name=--- desc=CO2 Laser to Jan
checking ownership. requestor=129.138.12.150
check software interlocks A
interlocks []
actuate state mode=None-script, software_lock=False
doing actuation None-script open_channel False
Open A ===>> OK
GetIndicatorState A ===>> OK
change switch state (True, True)
update switch state A True args=() kw={} ncanvase=2
22:49:20 -- OPEN   VALVE-A (CO2 Laser to Jan)
---------------------------------------- open None (CO2 Laser to Jan) result=[(True, True)], time=0.13 sec
starting measurement
GetData ===>> H2,0.0870162438776853,H1,1926.5209368939,AX,458.121920965248,L1,5.87916833993735,L2,2.75705451334...
action=open, ok=True, locked=[False]
sleep (1,) {}
SLEEP 1.0
GetData ===>> H2,0.0865905072647027,H1,1925.75906975702,AX,457.604601831905,L1,5.89438087791305,L2,2.7556669397...
close () {'description': 'CO2 Laser to Roughing'}
closing name=--- desc=CO2 Laser to Roughing
checking ownership. requestor=129.138.12.150
check software interlocks G
interlocks []
actuate state mode=None-script, software_lock=True
VALVE-G(CO2 Laser to Roughing) software locked
change switch state (True, False)
---------------------------------------- close None (CO2 Laser to Roughing) result=[(True, False)]
action=close, ok=True, locked=[True]
open () {'description': 'Microbone to Turbo'}
opening name=--- desc=Microbone to Turbo
checking ownership. requestor=129.138.12.150
check software interlocks U
interlocks []
actuate state mode=None-script, software_lock=False
doing actuation None-script open_channel True
Open U ===>> OK
State checksums do not match. Local:-423938523 Remote:-110011688
State checksum failed
GetIndicatorState U ===>> OK
change switch state (True, True)
update switch state U True args=() kw={} ncanvase=2
22:49:21 -- OPEN   VALVE-U (Microbone to Turbo)
---------------------------------------- open None (Microbone to Turbo) result=[(True, True)], time=0.19 sec
action=open, ok=True, locked=[False]
open () {'description': 'Microbone to Getter NP-10'}
opening name=--- desc=Microbone to Getter NP-10
checking ownership. requestor=129.138.12.150
check software interlocks M
interlocks []
actuate state mode=None-script, software_lock=False
doing actuation None-script open_channel False
Open M ===>> OK
GetIndicatorState M ===>> OK
change switch state (True, True)
update switch state M True args=() kw={} ncanvase=2
22:49:22 -- OPEN   VALVE-M (Microbone to Getter NP-10)
---------------------------------------- open None (Microbone to Getter NP-10) result=[(True, True)], time=0.15 sec
action=open, ok=True, locked=[False]
open () {'description': 'Microbone to Getter D-50'}
opening name=--- desc=Microbone to Getter D-50
checking ownership. requestor=129.138.12.150
check software interlocks K
interlocks []
actuate state mode=None-script, software_lock=False
doing actuation None-script open_channel False
GetData ===>> H2,-0.0231220078258824,H1,1925.01987463458,AX,457.136621770363,L1,5.85090070072357,L2,2.802612634...
Open K ===>> OK
GetIndicatorState K ===>> OK
change switch state (True, True)
update switch state K True args=() kw={} ncanvase=2
22:49:23 -- OPEN   VALVE-K (Microbone to Getter D-50)
---------------------------------------- open None (Microbone to Getter D-50) result=[(True, True)], time=0.44 sec
action=open, ok=True, locked=[False]
open () {'description': 'Microbone to CO2 Laser'}
opening name=--- desc=Microbone to CO2 Laser
checking ownership. requestor=129.138.12.150
check software interlocks T
interlocks []
actuate state mode=None-script, software_lock=False
doing actuation None-script open_channel False
Open T ===>> OK
GetIndicatorState T ===>> OK
change switch state (True, True)
update switch state T True args=() kw={} ncanvase=2
22:49:23 -- OPEN   VALVE-T (Microbone to CO2 Laser)
---------------------------------------- open None (Microbone to CO2 Laser) result=[(True, True)], time=0.42 sec
GetData ===>> H2,-0.0128837020437361,H1,1923.21579458579,AX,456.794395531016,L1,5.85392871230583,L2,2.739965615...
action=open, ok=True, locked=[False]
open () {'description': 'Microbone to Inlet Pipette'}
opening name=--- desc=Microbone to Inlet Pipette
checking ownership. requestor=129.138.12.150
check software interlocks S
interlocks []
actuate state mode=None-script, software_lock=False
doing actuation None-script open_channel False
Open S ===>> OK
GetIndicatorState S ===>> OK
change switch state (True, True)
update switch state S True args=() kw={} ncanvase=2
22:49:24 -- OPEN   VALVE-S (Microbone to Inlet Pipette)
---------------------------------------- open None (Microbone to Inlet Pipette) result=[(True, True)], time=0.42 sec
action=open, ok=True, locked=[False]
sleep (1,) {}
SLEEP 1.0
GetData ===>> H2,-0.00462022497033934,H1,1922.45160268755,AX,457.182188643816,L1,5.86546296753509,L2,2.81914137...
set_resource () {'name': 'CO2PumpTimeFlag', 'value': 30}
Set CO2PumpTimeFlag 30 ===>> OK
release ('JanCO2Flag',) {}
release JanCO2Flag
Set JanCO2Flag 0 ===>> OK
executed snippet estimated_duration=6.0, duration=6.04346609116
PumpMicrobone.py completed successfully
gosub finished
get_resource_value () {'name': 'JanMiniboneFlag'}
Read JanMiniboneFlag ===>> 0
Get Resource Value JanMiniboneFlag=0.0
get resource value 0.0
get_resource_value () {'name': 'JanMiniboneFlag'}
Read JanMiniboneFlag ===>> 0
Get Resource Value JanMiniboneFlag=0.0
executed snippet estimated_duration=4.0, duration=6.0584871769
jan_pump_extraction_line.py completed successfully
Post Equilibration Finished
22:49:25 -- ******* Post Equilibration Finished *******
GetData ===>> H2,-0.0657686170497802,H1,1921.79314967743,AX,456.747032482886,L1,5.8135074088367,L2,2.7790502045...
GetData ===>> H2,-0.090375534959547,H1,1921.46051309939,AX,456.277257299575,L1,5.8350297287513,L2,2.67374278104...
GetData ===>> H2,-0.0198713067321495,H1,1921.1779897736,AX,456.646581030991,L1,5.81368673479794,L2,2.7845556897...
GetData ===>> H2,-0.0772254920943062,H1,1919.7859096753,AX,456.766520378647,L1,5.8527303316192,L2,2.81086141528...
GetData ===>> H2,-0.00839649833387936,H1,1918.63886571598,AX,456.071651593991,L1,5.84825496647573,L2,2.85205750...
GetData ===>> H2,-0.0849803746313664,H1,1918.45735240071,AX,455.75982592501,L1,5.82129181750612,L2,2.7349482016...
GetData ===>> H2,-0.176416322316448,H1,1917.60240094451,AX,455.744590512419,L1,5.83981947765769,L2,2.6706003427...
GetData ===>> H2,-0.172189123903989,H1,1916.8618376359,AX,455.606341420871,L1,5.87397311358349,L2,2.73300604675...
GetData ===>> H2,-0.174219884178624,H1,1915.81866177792,AX,455.357159297809,L1,5.8341663690306,L2,2.70057318298...
GetData ===>> H2,-0.0590251324073467,H1,1914.99542133622,AX,455.1882588242,L1,5.76330432587446,L2,2.77726908505...
GetData ===>> H2,-0.1182350662251,H1,1913.70340188149,AX,455.030967259113,L1,5.79035001704581,L2,2.777986155210...
GetData ===>> H2,-0.17031104593718,H1,1912.70716538117,AX,454.722544712507,L1,5.75871800694185,L2,2.66802408135...
GetData ===>> H2,-0.0784573597060102,H1,1912.4760143648,AX,454.71476623125,L1,5.78976274189895,L2,2.78516871476...
GetData ===>> H2,0.00873596949300118,H1,1911.73173842959,AX,454.71863609913,L1,5.76532794588135,L2,2.8650559239...
GetData ===>> H2,-0.0337523458738887,H1,1911.35519062836,AX,454.729433274374,L1,5.74581559092396,L2,2.794179472...
GetData ===>> H2,-0.14276080564874,H1,1909.78635246218,AX,454.243909661232,L1,5.70309993035794,L2,2.71215345274...
GetData ===>> H2,0.0101590073382113,H1,1909.14327261223,AX,453.845746603238,L1,5.71693307126059,L2,2.6784681832...
GetData ===>> H2,0.000261277246569219,H1,1909.01829981466,AX,453.871836414765,L1,5.7263059676064,L2,2.808165733...
GetData ===>> H2,-0.126701336515499,H1,1907.82709080866,AX,453.776725018146,L1,5.72790140780349,L2,2.7741464219...
22:49:45 -- collecting point 25
GetData ===>> H2,-0.072868841721697,H1,1907.12600470615,AX,453.377405944083,L1,5.78718522771372,L2,2.7605929157...
GetData ===>> H2,-0.0169860250902799,H1,1906.75522785703,AX,453.254319665346,L1,5.81175281133811,L2,2.697487655...
GetData ===>> H2,-0.110898388400377,H1,1905.99232200825,AX,453.25277516445,L1,5.80228941842345,L2,2.73254363465...
GetData ===>> H2,-0.17999559011381,H1,1904.75713041533,AX,453.207215700352,L1,5.81540746244041,L2,2.75570162887...
GetData ===>> H2,-0.155708898389854,H1,1903.77081934951,AX,452.672564145262,L1,5.76438324181803,L2,2.6832515877...
GetData ===>> H2,-0.0669628766547089,H1,1903.71940459043,AX,452.476933705591,L1,5.72918252687868,L2,2.739167898...
GetData ===>> H2,-0.0818229710770109,H1,1902.44421361871,AX,452.036979840666,L1,5.72584972331364,L2,2.810201949...
GetData ===>> H2,-0.0790292044961625,H1,1901.72530665097,AX,451.895547798877,L1,5.68104920427117,L2,2.775279821...
GetData ===>> H2,-0.0103378621541834,H1,1901.34023431463,AX,452.182286411887,L1,5.69998220337123,L2,2.757644238...
GetData ===>> H2,-0.0521202430381975,H1,1900.74741456974,AX,451.91223462481,L1,5.75388962171874,L2,2.7083856683...
GetData ===>> H2,-0.109437524661049,H1,1899.79582804389,AX,451.623149274683,L1,5.72798773675027,L2,2.7146730957...
GetData ===>> H2,0.00770077329192997,H1,1898.76210567573,AX,451.493984282803,L1,5.70630003932878,L2,2.646781198...
GetData ===>> H2,0.0413756038515632,H1,1898.33199433432,AX,451.669335011724,L1,5.67510176449137,L2,2.6937782192...
GetData ===>> H2,-0.0099980113907703,H1,1897.82584708241,AX,451.650228184885,L1,5.67823893974089,L2,2.791808139...
GetData ===>> H2,-0.015922198948914,H1,1896.43088124821,AX,451.127023172604,L1,5.69997450621088,L2,2.7294686502...
GetData ===>> H2,-0.102226784314585,H1,1895.72832092985,AX,450.597996935601,L1,5.72375059041425,L2,2.6622017517...
GetData ===>> H2,-0.0941133102511484,H1,1895.18210927575,AX,450.660321769587,L1,5.73015077325369,L2,2.683274696...
GetData ===>> H2,-0.10878157538117,H1,1894.18088774924,AX,450.421545593247,L1,5.70832400139961,L2,2.82484048683...
GetData ===>> H2,-0.00237453798826348,H1,1893.53370491321,AX,450.212179625226,L1,5.72620731882797,L2,2.75015153...
GetData ===>> H2,-0.0695127852735933,H1,1892.54229623607,AX,450.098194073611,L1,5.74361148673513,L2,2.709298706...
GetData ===>> H2,-0.067434924114094,H1,1891.94764551434,AX,449.694111693307,L1,5.70605207186093,L2,2.7548459680...
GetData ===>> H2,-0.0504591891191614,H1,1891.3511376004,AX,449.64593104137,L1,5.64221495986597,L2,2.67214844298...
GetData ===>> H2,-0.111617243092854,H1,1890.11181716352,AX,450.033880017086,L1,5.64919371340258,L2,2.8289098366...
GetData ===>> H2,-0.123537367416318,H1,1889.38255553315,AX,449.643626862195,L1,5.68909113940254,L2,2.7210071662...
GetData ===>> H2,-0.183026016014572,H1,1888.52491352461,AX,449.570938470339,L1,5.7012538372146,L2,2.69274977127...
22:50:12 -- collecting point 50
GetData ===>> H2,-0.160408211977508,H1,1888.23895267647,AX,449.233441842031,L1,5.68727795823344,L2,2.7401274713...
GetData ===>> H2,-0.130430712654039,H1,1887.60791909673,AX,448.982336602486,L1,5.68060462799009,L2,2.5882468792...
GetData ===>> H2,-0.110156471817643,H1,1886.62018842607,AX,448.792514836183,L1,5.67582293974188,L2,2.7404396237...
GetData ===>> H2,-0.0776239325200852,H1,1885.71949508428,AX,448.628418969516,L1,5.6780436129471,L2,2.8285514495...
GetData ===>> H2,-0.140495792486613,H1,1885.3005147596,AX,448.637696655849,L1,5.67230655129811,L2,2.67864149092...
GetData ===>> H2,-0.0874666699854959,H1,1884.6375440505,AX,448.380422341062,L1,5.69059667339314,L2,2.7446133123...
GetData ===>> H2,-0.0613615364763437,H1,1883.52857718709,AX,448.371516443436,L1,5.6850510798148,L2,2.6421612856...
GetData ===>> H2,-0.0302444114698793,H1,1882.70407866487,AX,448.257471253896,L1,5.64471286424225,L2,2.636698522...
GetData ===>> H2,-0.167840197584161,H1,1882.22797025202,AX,448.000925083817,L1,5.60855024962364,L2,2.6981347993...
GetData ===>> H2,-0.141918911449495,H1,1881.06124011542,AX,447.913138985824,L1,5.63546566549285,L2,2.7847523199...
GetData ===>> H2,-0.102368908043654,H1,1881.16724066142,AX,447.736521290572,L1,5.64220574340286,L2,2.7570545133...
GetData ===>> H2,-0.0976954895258828,H1,1880.3650367592,AX,447.702946366555,L1,5.64595892489441,L2,2.6968982965...
GetData ===>> H2,-0.0738652981646954,H1,1879.59521502869,AX,447.452502224695,L1,5.63510948693439,L2,2.629156477...
GetData ===>> H2,-0.056756069848178,H1,1878.46997734769,AX,447.56326723222,L1,5.65262608886164,L2,2.69339688331...
GetData ===>> H2,-0.13422410367095,H1,1877.42694110714,AX,447.058880820422,L1,5.64334709886678,L2,2.77730378187...
GetData ===>> H2,-0.074488886365241,H1,1877.40217473051,AX,446.527862877532,L1,5.66980675139042,L2,2.7241165602...
GetData ===>> H2,-0.0851726892055443,H1,1876.18392218567,AX,446.728318356254,L1,5.68548349816974,L2,2.709079114...
GetData ===>> H2,-0.113781655054799,H1,1875.59827265939,AX,446.590453617119,L1,5.68316153533868,L2,2.6256657764...
GetData ===>> H2,-0.131636816330198,H1,1874.51169758664,AX,446.361794453983,L1,5.67162963459532,L2,2.6892716180...
GetData ===>> H2,-0.226635539801311,H1,1874.53173011131,AX,446.255642574019,L1,5.63321588603007,L2,2.7369135169...
GetData ===>> H2,-0.00792198312698169,H1,1873.60207258617,AX,446.238301347423,L1,5.61427950953465,L2,2.63683710...
GetData ===>> H2,-0.147286773823963,H1,1872.72672163988,AX,445.909455439593,L1,5.59494254666335,L2,2.6809291807...
GetData ===>> H2,-0.122504154017087,H1,1871.36492940329,AX,445.329779239335,L1,5.62431525064772,L2,2.6811140469...
GetData ===>> H2,-0.0260709672916936,H1,1871.05407246207,AX,445.526268299808,L1,5.61212594192418,L2,2.703797490...
GetData ===>> H2,-0.0949801792976747,H1,1870.15080156061,AX,445.617631146283,L1,5.65932978319884,L2,2.627931250...
22:50:38 -- collecting point 75
GetData ===>> H2,-0.118938575189186,H1,1868.88785040312,AX,445.037849680424,L1,5.67243270788126,L2,2.7741926829...
GetData ===>> H2,-0.121046135343604,H1,1868.12713147522,AX,444.818364927173,L1,5.61489612230872,L2,2.7036472515...
GetData ===>> H2,-0.203169793850293,H1,1867.22223415822,AX,444.567435242866,L1,5.63331727443295,L2,2.6608617412...
GetData ===>> H2,-0.106423422851481,H1,1866.65696773325,AX,444.323563432204,L1,5.62064069497109,L2,2.7221399451...
GetData ===>> H2,-0.0603744201919363,H1,1865.91735259999,AX,444.638339049682,L1,5.61153657493314,L2,2.749943408...
GetData ===>> H2,0.0298451750160717,H1,1865.63489759666,AX,444.502869694008,L1,5.64320884047077,L2,2.6408100026...
GetData ===>> H2,-0.0903741799794459,H1,1864.64726160921,AX,444.279116564004,L1,5.64220727947958,L2,2.714985166...
GetData ===>> H2,-0.0537946224136985,H1,1864.40964632831,AX,443.966844078518,L1,5.61345672130306,L2,2.796620271...
GetData ===>> H2,-0.126582365602672,H1,1864.01269229513,AX,444.180610224445,L1,5.62158916411662,L2,2.6007143885...
GetData ===>> H2,-0.128069412384071,H1,1863.50989045362,AX,443.868463375291,L1,5.62767453345878,L2,2.5602788111...
GetData ===>> H2,-0.0853379146222255,H1,1861.84417627359,AX,443.681474514904,L1,5.59233867317935,L2,2.735688080...
GetData ===>> H2,-0.157829841656058,H1,1860.52351921704,AX,443.3142302179,L1,5.5921254957328,L2,2.7716367989047...
GetData ===>> H2,-0.135013832352337,H1,1859.78544197169,AX,443.38439759358,L1,5.58518458924466,L2,2.63399612762...
GetData ===>> H2,-0.0397756509917124,H1,1858.5728484072,AX,443.219033693266,L1,5.63465813686738,L2,2.6422883303...
GetData ===>> H2,0.0587502933749805,H1,1858.63608055399,AX,442.772380415417,L1,5.64940580864473,L2,2.6087573028...
GetData ===>> H2,-0.0522382989225442,H1,1858.32739262475,AX,442.683985381849,L1,5.63391179521093,L2,2.657373180...
GetData ===>> H2,-0.0144533308091362,H1,1856.81431929199,AX,442.289258417395,L1,5.5767155331699,L2,2.7101539661...
GetData ===>> H2,-0.0664826703542866,H1,1856.94312960493,AX,442.70430609206,L1,5.6037622190225,L2,2.59647363783...
GetData ===>> H2,-0.186102835837133,H1,1856.11233843426,AX,442.197597791078,L1,5.59568750778023,L2,2.6278734571...
GetData ===>> H2,-0.150742856499693,H1,1855.85381072373,AX,442.040252049585,L1,5.62253616819678,L2,2.8157081921...
GetData ===>> H2,-0.116821151953088,H1,1854.5814157247,AX,441.979843264642,L1,5.6369580378536,L2,2.715239446537...
GetData ===>> H2,-0.159655966522258,H1,1853.72910914413,AX,441.926046598375,L1,5.61902170593414,L2,2.6688212132...
GetData ===>> H2,-0.0786646906418702,H1,1852.89780083473,AX,441.39091750471,L1,5.57958185358534,L2,2.7148580262...
GetData ===>> H2,-0.0121538530280451,H1,1851.72572163343,AX,441.165725021755,L1,5.54614620686067,L2,2.625735126...
GetData ===>> H2,-0.11034060162229,H1,1851.04891890134,AX,441.089171058243,L1,5.60704660700343,L2,2.69808857470...
22:51:04 -- collecting point 100
GetData ===>> H2,-0.105155527494248,H1,1850.4232109182,AX,440.739070570798,L1,5.59919676267484,L2,2.68812766798...
GetData ===>> H2,-0.145858924581976,H1,1850.06352144322,AX,441.005974176882,L1,5.54611559666803,L2,2.6152406546...
GetData ===>> H2,-0.0227993113325555,H1,1849.17635696531,AX,440.560112363258,L1,5.52924580376746,L2,2.618661635...
GetData ===>> H2,-0.0355337403899152,H1,1849.13177384494,AX,440.515099256659,L1,5.58326565332362,L2,2.648998835...
GetData ===>> H2,-0.0974544558049027,H1,1848.03381793482,AX,440.443787933276,L1,5.55134334456957,L2,2.733907756...
GetData ===>> H2,-0.103555910138752,H1,1846.67785624257,AX,440.183114776208,L1,5.55907881626986,L2,2.6427272131...
GetData ===>> H2,-0.0571914719668915,H1,1845.97946484482,AX,440.108999255766,L1,5.57011964478223,L2,2.664558366...
GetData ===>> H2,-0.0356667906939697,H1,1845.21117015462,AX,439.879307508929,L1,5.57258824301603,L2,2.685481612...
GetData ===>> H2,0.0561130765572229,H1,1845.07268494607,AX,439.695762822964,L1,5.63112377614574,L2,2.7147886772...
GetData ===>> H2,-0.0594346818861802,H1,1844.37292957786,AX,439.480053797477,L1,5.6344631708089,L2,2.6921142190...
GetData ===>> H2,-0.159499298708894,H1,1843.59577705418,AX,439.544605705133,L1,5.57936582321204,L2,2.7331100897...
GetData ===>> H2,-0.0842422356782328,H1,1842.6820949507,AX,439.021125833183,L1,5.56536000567258,L2,2.7309945701...
GetData ===>> H2,0.000224574518427839,H1,1842.21676606935,AX,439.287772077911,L1,5.57751362662338,L2,2.57993994...
GetData ===>> H2,-0.0216382491920608,H1,1841.10627008401,AX,438.616741737671,L1,5.58046439833689,L2,2.677971369...
GetData ===>> H2,-0.0519180525310292,H1,1839.6910031592,AX,438.565903312448,L1,5.55420534691386,L2,2.6619476104...
GetData ===>> H2,-0.0396345056082184,H1,1839.66401145004,AX,438.507706992442,L1,5.54737373570728,L2,2.558372978...
GetData ===>> H2,-0.0596977621892915,H1,1838.89403982573,AX,438.635951625011,L1,5.5647014239186,L2,2.7192733467...
GetData ===>> H2,-0.0632365504715845,H1,1838.35866578166,AX,438.242535609586,L1,5.60754831313027,L2,2.667111431...
GetData ===>> H2,-0.0288982622796938,H1,1837.36977890923,AX,438.422394372538,L1,5.60183891706262,L2,2.639920707...
GetData ===>> H2,-0.0711563596383418,H1,1836.7520602832,AX,437.915794879046,L1,5.58788721850876,L2,2.6598914003...
GetData ===>> H2,-0.115156701889377,H1,1836.44878245183,AX,438.014752745406,L1,5.5598779585499,L2,2.72104184299...
measurement finished
estimated time: 125.829 actual time: :126.293
flush and close file /Users/jan/PychronDev/data/isotopes/0f/a97f54-c83f-4035-a93e-5d472a05bb98.h5
baselines () {'settling_time': 15.0, 'detector': 'H1', 'mass': 34.2, 'ncounts': 60}
%%%%%%%%%%%%%%%%%%%%%%%%%%%%%%%% Baseline
build tables- baseline [Detector(H2), Detector(H1), Detector(AX), Detector(L1), Detector(L2), Detector(CDD)]
add group baseline table H2
add group baseline table H1
add group baseline table AX
add group baseline table L1
add group baseline table L2
add group baseline table CDD
flush and close file /Users/jan/PychronDev/data/isotopes/0f/a97f54-c83f-4035-a93e-5d472a05bb98.h5
detector Detector(H1)
POSITION 34.2 H1
Mapping mass to dac mass func: "parabolic"
H1 map mass coeffs = [-0.00063987  0.15840543  0.57123999]
H1 map mass to dac 34.2 >> 5.24028599104
GetDeflection H1 ===>> 0
GetHighVoltage ===>> 4500
positioning 34.2 (5.24028599104) on H1
setting magnet DAC
current  : 5.879630
requested: 5.240286
Delta Dac: 0.639344
Checking detector protection. dv=0.63934
Checking detector "CDD". Protection Threshold: 0.1 (V)
ProtectDetector CDD,On ===>> OK
GetDeflection CDD ===>> 2000
Protected = 2000
SetMagnetDAC 5.24028599104 ===>> OK
Magnet settling time: 0.500
GetMagnetMoving ===>> True
GetMagnetMoving ===>> True
GetMagnetMoving ===>> True
GetMagnetMoving ===>> True
GetMagnetMoving ===>> True
GetMagnetMoving ===>> True
GetMagnetMoving ===>> True
GetMagnetMoving ===>> True
GetMagnetMoving ===>> False
ProtectDetector CDD,Off ===>> OK
GetDeflection CDD ===>> 50
Delaying 15.0s for detectors to settle
Join finished
measuring baseline. ncounts=60
"baseline" increment series count="2" fit count="1" regressing="True"
starting measurement
GetData ===>> H2,-0.127918012893475,H1,-0.0515088813510143,AX,-0.2616234334661,L1,-0.0874771323993664,L2,-0.149...
GetData ===>> H2,-0.148865708997238,H1,-0.175652422420058,AX,-0.0889485225222245,L1,-0.0361882284235484,L2,-0.1...
GetData ===>> H2,-0.141848638160828,H1,-0.0362827596070979,AX,-0.0637829830944689,L1,-0.039204844471675,L2,-0.0...
GetData ===>> H2,-0.174620863796852,H1,-0.0807026927063913,AX,-0.0918576147354794,L1,-0.101801412880311,L2,-0.0...
GetData ===>> H2,-0.10313769892064,H1,-0.0679366634434906,AX,-0.125149515425074,L1,-0.0231584874273844,L2,-0.06...
GetData ===>> H2,-0.0448649211853606,H1,-0.11466598701173,AX,-0.0712023354901186,L1,-0.0351205751195186,L2,0.00...
GetData ===>> H2,-0.167884734300688,H1,-0.017130565642298,AX,-0.247216062402955,L1,-0.0764403955915487,L2,-0.05...
GetData ===>> H2,-0.214833044510133,H1,0.0122368884968306,AX,-0.178937327113816,L1,-0.104425284825156,L2,-0.010...
GetData ===>> H2,-0.24364650392766,H1,-0.000551299231843316,AX,-0.0318269324570891,L1,-0.109962049028869,L2,0.0...
GetData ===>> H2,-0.120283238336557,H1,0.0264227130179375,AX,-0.146049568654488,L1,-0.0740067359794423,L2,-0.01...
GetData ===>> H2,-0.111548202526879,H1,0.0408253497733437,AX,-0.125717221403784,L1,-0.0657251129600052,L2,-0.10...
GetData ===>> H2,-0.133285553244155,H1,-0.00615754552335519,AX,-0.147197407710966,L1,-0.0713608002996606,L2,-0....
GetData ===>> H2,-0.230727990663536,H1,-0.0192653938984709,AX,-0.0659740694618811,L1,-0.0396600137102258,L2,0.0...
GetData ===>> H2,-0.198309363583681,H1,0.01211758815185,AX,-0.0625540982459733,L1,-0.0333831402568831,L2,0.0199...
GetData ===>> H2,-0.159341278117081,H1,-0.0221753657832611,AX,-0.0971772038239864,L1,-0.0703173489686794,L2,0.0...
GetData ===>> H2,-0.105455938119082,H1,0.0119982879490667,AX,-0.104860541273811,L1,-0.0725834007457554,L2,-0.05...
GetData ===>> H2,-0.161037520802855,H1,-0.0288536698877405,AX,0.0114510485285104,L1,-0.0428456212928157,L2,-0.0...
GetData ===>> H2,-0.236917697547514,H1,-0.020124082925954,AX,-0.0146734762770886,L1,-0.0300000329242624,L2,-0.1...
GetData ===>> H2,-0.277310651740424,H1,0.0295966041060637,AX,-0.131336173326692,L1,-0.05414852436992,L2,-0.0218...
GetData ===>> H2,-0.345579311508295,H1,-0.0206726859478089,AX,-0.0358857934786823,L1,-0.0575361326412815,L2,-0....
GetData ===>> H2,-0.122425712509857,H1,-0.00402243767914074,AX,-0.101696887574143,L1,-0.0637338135416479,L2,-0....
GetData ===>> H2,-0.177762054575801,H1,0.00917091475571854,AX,-0.0151374364379022,L1,-0.0112236364000186,L2,-0....
GetData ===>> H2,-0.285169679591071,H1,0.0175220364410091,AX,-0.0869781716164555,L1,0.00771895613544597,L2,0.00...
GetData ===>> H2,-0.302745406098932,H1,0.00523419901046225,AX,-0.0580210020035908,L1,-0.0378320250390556,L2,0.0...
22:52:10 -- collecting point 25
GetData ===>> H2,-0.230893542181488,H1,0.0188702113948171,AX,-0.080846647932427,L1,0.0014967138797285,L2,-0.009...
GetData ===>> H2,-0.172042073000756,H1,0.0170328801059273,AX,-0.139684033497329,L1,0.0197335534541884,L2,0.0795...
GetData ===>> H2,-0.198897310272298,H1,-0.00720719078211012,AX,-0.0236391148087717,L1,0.00103459418744382,L2,0....
GetData ===>> H2,-0.241310124631042,H1,0.062260118146429,AX,-0.179215498292906,L1,0.0122664176994503,L2,-0.0822...
GetData ===>> H2,-0.21240492200668,H1,0.0313506397183307,AX,-0.0206699909248516,L1,0.0096761893148482,L2,-0.048...
GetData ===>> H2,-0.297901194889754,H1,0.070663417434136,AX,-0.0411040803570756,L1,0.000724925844206317,L2,-0.0...
GetData ===>> H2,-0.260328055386609,H1,0.0349900633386248,AX,-0.211165117739693,L1,-0.0107488913758801,L2,0.028...
GetData ===>> H2,-0.156115555843726,H1,0.0638714916272988,AX,-0.0569775484180028,L1,0.0167510793384938,L2,-0.03...
GetData ===>> H2,-0.268416659218874,H1,0.0353719121738873,AX,-0.0938394564297258,L1,-0.00163328227526218,L2,-0....
GetData ===>> H2,-0.190243958865325,H1,0.0250505732127372,AX,0.0354820568419853,L1,-0.0224728781877669,L2,-0.04...
GetData ===>> H2,-0.0942446993420755,H1,0.0616513838020306,AX,-0.0364076347577146,L1,-0.0164921926704057,L2,0.0...
GetData ===>> H2,-0.101413260949128,H1,0.110185372687011,AX,-0.107885037081821,L1,-0.00430645031182534,L2,-0.03...
GetData ===>> H2,-0.140389017576359,H1,0.0629762809365221,AX,0.00988477154034127,L1,-0.0205896095609051,L2,-0.0...
GetData ===>> H2,-0.298240666104891,H1,0.040049678602805,AX,0.0133074094448686,L1,-0.033645358383075,L2,-0.0027...
GetData ===>> H2,-0.147874341682427,H1,-0.0226881799288535,AX,-0.0373933273171759,L1,-0.0548381090005973,L2,-0....
GetData ===>> H2,-0.172016440079107,H1,0.013823596605378,AX,-0.0688722560621805,L1,0.00526425209637022,L2,-0.05...
GetData ===>> H2,-0.19580080739887,H1,0.00701166664651711,AX,-0.158420009238636,L1,-0.0267859249128701,L2,-0.08...
GetData ===>> H2,-0.21395100818007,H1,0.025396589303406,AX,-0.00975536260063156,L1,-0.0405415460321187,L2,-0.08...
GetData ===>> H2,-0.235934299031147,H1,-0.021710253006879,AX,-0.0949636410836645,L1,-0.00378459040241461,L2,-0....
GetData ===>> H2,-0.180650047275932,H1,-0.050125868060724,AX,-0.0418114265992857,L1,-0.0134436113608869,L2,-0.0...
GetData ===>> H2,-0.121643972699945,H1,-0.0128726995758164,AX,-0.128184966033353,L1,-0.0613772312682584,L2,0.06...
GetData ===>> H2,-0.231495160197572,H1,0.0167823375428757,AX,-0.109854964628338,L1,-0.0041936828752796,L2,-0.06...
GetData ===>> H2,-0.222168499724837,H1,-0.0867215906146466,AX,-0.111338177869226,L1,-0.0110354194609948,L2,0.00...
GetData ===>> H2,-0.152603770177377,H1,0.0281528291434132,AX,-0.122264590990423,L1,-0.00690814815905698,L2,0.04...
GetData ===>> H2,-0.0913564981707423,H1,0.0439400283702931,AX,-0.063446780291294,L1,-0.0164682052181682,L2,0.01...
22:52:36 -- collecting point 50
GetData ===>> H2,-0.19234832545391,H1,0.063704385024166,AX,-0.0309803486803252,L1,-0.0151823940947493,L2,-0.094...
GetData ===>> H2,-0.260480039066381,H1,-0.0205653508105861,AX,-0.118047117779814,L1,0.0136710368060145,L2,-0.17...
GetData ===>> H2,-0.170060072279228,H1,0.0650173729902949,AX,-0.14909884866599,L1,-0.0104287855002768,L2,-0.064...
GetData ===>> H2,-0.183325506498416,H1,0.0206837143058582,AX,0.0700758136975129,L1,-0.0221336521403204,L2,-0.07...
GetData ===>> H2,-0.246207083284127,H1,-0.036032349833248,AX,-0.00704101419864427,L1,-0.0187227757997039,L2,0.0...
GetData ===>> H2,-0.240016563909588,H1,-0.00655116378529537,AX,-0.0867231821126702,L1,-0.000157216653430741,L2,...
GetData ===>> H2,-0.240806716946602,H1,0.0304437875376486,AX,-0.0916721771899434,L1,0.00436232934426556,L2,-0.0...
GetData ===>> H2,-0.304907335554339,H1,-0.00492896947796846,AX,-0.0902466142566499,L1,0.00444277522546439,L2,-0...
GetData ===>> H2,-0.237597013139764,H1,0.0976712120159153,AX,-0.00382777744046979,L1,0.0370407060234489,L2,-0.0...
GetData ===>> H2,-0.126005068579787,H1,0.0746750017581956,AX,-0.0261906332820686,L1,0.0415332047496068,L2,0.043...
GetData ===>> H2,-0.113053462429602,H1,0.0554329567160618,AX,-0.177592821864772,L1,0.0246385970318225,L2,0.0019...
measurement finished
estimated time: 62.915 actual time: :63.150
flush and close file /Users/jan/PychronDev/data/isotopes/0f/a97f54-c83f-4035-a93e-5d472a05bb98.h5
activate_detectors ('H1', 'AX', 'CDD') {'peak_center': True}
peak_center () {'detector': 'H1', 'integration_time': 0.262144, 'isotope': 'Ar40'}
peak center: mean=1839.3183473 threshold=3
peak center started
setup peak center. detector=['H1', 'AX', 'CDD'], isotope=Ar40
VersionedUnpickler [<apptools.sweet_pickle.versioned_unpickler.VersionedUnpickler object at 0x1d638b530>] using Updater [<apptools.sweet_pickle.updater.Updater object at 0x1373f1ad0>]
VersionedUnpickler [<apptools.sweet_pickle.versioned_unpickler.VersionedUnpickler object at 0x1d638b530>] using Updater [<apptools.sweet_pickle.updater.Updater object at 0x1373f1ad0>]
VersionedUnpickler [<apptools.sweet_pickle.versioned_unpickler.VersionedUnpickler object at 0x1de71c2f0>] using Updater [<apptools.sweet_pickle.updater.Updater object at 0x1373f1ad0>]
setting integration time = 0.524288
SetIntegrationTime 0.524288 ===>> OK
Mapping mass to dac mass func: "parabolic"
H1 map mass coeffs = [-0.00063987  0.15840543  0.57123999]
H1 map mass to dac 39.9624 >> 5.87963
GetDeflection H1 ===>> 0
GetHighVoltage ===>> 4500
do peak center. <pychron.spectrometer.jobs.peak_center.PeakCenter object at 0x1376ecfb0>
doing pc
starting peak center. center dac= 5.87963 step_width=0.001
width = 0.001
get scan parameters. half-width=0.015,window=0.015, i=0, scalar=1
Scan parameters center=5.87963 width=0.03000 (5.86463 - 5.89463)
GetData ===>> H2,-0.13075216143344,H1,0.0590493845967767,AX,-0.117653168637202,L1,0.0157855378155519,L2,-0.0588...
Moving to starting dac 5.86463
setting magnet DAC
current  : 5.240286
requested: 5.864630
Delta Dac: 0.624344
Checking detector protection. dv=0.62434
Checking detector "CDD". Protection Threshold: 0.1 (V)
ProtectDetector CDD,On ===>> OK
GetDeflection CDD ===>> 2000
Protected = 2000
SetMagnetDAC 5.86463 ===>> OK
Magnet settling time: 0.500
GetMagnetMoving ===>> True
GetMagnetMoving ===>> True
GetMagnetMoving ===>> True
GetMagnetMoving ===>> True
GetMagnetMoving ===>> True
GetMagnetMoving ===>> True
GetMagnetMoving ===>> True
GetMagnetMoving ===>> True
GetMagnetMoving ===>> True
GetMagnetMoving ===>> False
ProtectDetector CDD,Off ===>> OK
GetDeflection CDD ===>> 50
Wait until signal near baseline. tol= 0.0442870384476. timeout= 10
GetData ===>> H2,86.9056476166956,H1,43.4155753845333,AX,2.22865527684777,L1,0.0450560173366627,L2,-0.081585670...
GetData ===>> H2,123.11356032102,H1,73.6975557904965,AX,12.0988090258735,L1,0.0997076511202888,L2,-0.0895265388...
GetData ===>> H2,70.0638884715488,H1,35.3500760094463,AX,5.40539030208825,L1,0.100307751126542,L2,-0.0479718820...
GetData ===>> H2,29.9460705460699,H1,17.8162097148233,AX,2.69279641675389,L1,0.0721397274835834,L2,0.0464238018...
GetData ===>> H2,10.3281658232219,H1,9.60604861301515,AX,1.47539771130555,L1,0.059139524988013,L2,-0.0368860719...
GetData ===>> H2,3.06235093538431,H1,5.58045392929321,AX,0.743595092222912,L1,0.0421045303480161,L2,-0.01573524...
GetData ===>> H2,0.991068910502451,H1,3.64007555418129,AX,0.511105931219844,L1,0.0450800338983351,L2,-0.0461964...
GetData ===>> H2,0.569330842502766,H1,2.63567224643488,AX,0.376124223841558,L1,0.04739790098268,L2,-0.086887240...
GetData ===>> H2,0.577099669207945,H1,2.26931056411515,AX,0.390677995876511,L1,0.0390353882940389,L2,0.00166248...
GetData ===>> H2,0.56744657808437,H1,2.01587758799013,AX,0.305571548831554,L1,0.013887276309736,L2,-0.042736444...
GetData ===>> H2,0.56744657808437,H1,2.01587758799013,AX,0.305571548831554,L1,0.013887276309736,L2,-0.042736444...
GetData ===>> H2,0.577258668913203,H1,1.87031522730885,AX,0.431929268538666,L1,0.0120018956097286,L2,0.02755999...
GetData ===>> H2,0.567103763792904,H1,1.77131626231122,AX,0.344164695148615,L1,0.014570993867488,L2,-0.16596388...
GetData ===>> H2,0.483096316405551,H1,1.70937697623563,AX,0.325946640707054,L1,0.0118651832461974,L2,-0.0380698...
GetData ===>> H2,0.455239847030379,H1,1.69625341979638,AX,0.333335696356608,L1,-0.00587546613958711,L2,-0.14541...
GetData ===>> H2,0.361336195564246,H1,1.79984611804176,AX,0.300902372658606,L1,-0.0167822411241923,L2,0.0558115...
GetData ===>> H2,0.220531941061798,H1,1.71274226552762,AX,0.212717863860241,L1,-0.0130360932590759,L2,0.0556748...
GetData ===>> H2,0.225488720134533,H1,1.67825336744476,AX,0.219703773094538,L1,0.0356113661814306,L2,-0.0522510...
GetData ===>> H2,0.187151247269122,H1,1.65374577353845,AX,0.125888389562064,L1,0.0580645446241333,L2,-0.1649388...
GetData ===>> H2,0.125616176146956,H1,1.72514672909838,AX,0.17923422980991,L1,0.0608231693411826,L2,0.055424152...
GetData ===>> H2,0.0694214084482269,H1,1.68185792730895,AX,0.188097107396279,L1,0.0453802457412915,L2,0.0508213...
Peak center failed to move to a baseline position
_do_sweep sm= 5.86463, em= 5.89463, stm= 0.001
calculated step values: start=5.86463, end=5.89463, width=0.001, nsteps=31.0
setting magnet DAC
current  : 5.864630
requested: 5.864630
Delta Dac: 0.000000
Checking detector protection. dv=0.00000
Checking detector "CDD". Protection Threshold: 0.1 (V)
SetMagnetDAC 5.86463 ===>> OK
GetData ===>> H2,0.0694214084482269,H1,1.68185792730895,AX,0.188097107396279,L1,0.0453802457412915,L2,0.0508213...
setting magnet DAC
current  : 5.864630
requested: 5.865664
Delta Dac: 0.001034
Checking detector protection. dv=0.00103
Checking detector "CDD". Protection Threshold: 0.1 (V)
SetMagnetDAC 5.86566448276 ===>> OK
Magnet settling time: 1.049
GetData ===>> H2,-0.0425534162711323,H1,3.1795182257232,AX,0.603602598400997,L1,0.00710299461557453,L2,-0.01880...
setting magnet DAC
current  : 5.865664
requested: 5.866699
Delta Dac: 0.001034
Checking detector protection. dv=0.00103
Checking detector "CDD". Protection Threshold: 0.1 (V)
SetMagnetDAC 5.86669896552 ===>> OK
Magnet settling time: 1.049
GetData ===>> H2,0.0748971257690372,H1,10.335549804816,AX,1.94949939236409,L1,0.0127670393931275,L2,-0.03952675...
setting magnet DAC
current  : 5.866699
requested: 5.867733
Delta Dac: 0.001034
Checking detector protection. dv=0.00103
Checking detector "CDD". Protection Threshold: 0.1 (V)
SetMagnetDAC 5.86773344828 ===>> OK
Magnet settling time: 1.049
GetData ===>> H2,0.144739876389107,H1,36.801333013426,AX,5.86548879878259,L1,0.0648049020750354,L2,-0.023157918...
setting magnet DAC
current  : 5.867733
requested: 5.868768
Delta Dac: 0.001034
Checking detector protection. dv=0.00103
Checking detector "CDD". Protection Threshold: 0.1 (V)
SetMagnetDAC 5.86876793103 ===>> OK
Magnet settling time: 1.049
GetData ===>> H2,-0.0671921205390236,H1,177.214101062871,AX,27.190497938621,L1,0.166841269198344,L2,-0.00972382...
setting magnet DAC
current  : 5.868768
requested: 5.869802
Delta Dac: 0.001034
Checking detector protection. dv=0.00103
Checking detector "CDD". Protection Threshold: 0.1 (V)
SetMagnetDAC 5.86980241379 ===>> OK
Magnet settling time: 1.049
GetData ===>> H2,-0.00405388274243458,H1,472.957086474107,AX,79.0310071480147,L1,0.473044743737734,L2,0.1707947...
setting magnet DAC
current  : 5.869802
requested: 5.870837
Delta Dac: 0.001034
Checking detector protection. dv=0.00103
Checking detector "CDD". Protection Threshold: 0.1 (V)
SetMagnetDAC 5.87083689655 ===>> OK
Magnet settling time: 1.049
GetData ===>> H2,-0.028267921834808,H1,918.934387313616,AX,172.667646789854,L1,1.16489924464703,L2,0.3357917689...
setting magnet DAC
current  : 5.870837
requested: 5.871871
Delta Dac: 0.001034
Checking detector protection. dv=0.00103
Checking detector "CDD". Protection Threshold: 0.1 (V)
SetMagnetDAC 5.87187137931 ===>> OK
Magnet settling time: 1.049
GetData ===>> H2,0.0514101397620735,H1,1332.43245024034,AX,275.567353258831,L1,2.12428312648546,L2,0.8108579523...
setting magnet DAC
current  : 5.871871
requested: 5.872906
Delta Dac: 0.001034
Checking detector protection. dv=0.00103
Checking detector "CDD". Protection Threshold: 0.1 (V)
SetMagnetDAC 5.87290586207 ===>> OK
Magnet settling time: 1.049
GetData ===>> H2,-0.108940455005597,H1,1593.11919947101,AX,354.749742603504,L1,3.11537697264982,L2,1.3819963633...
setting magnet DAC
current  : 5.872906
requested: 5.873940
Delta Dac: 0.001034
Checking detector protection. dv=0.00103
Checking detector "CDD". Protection Threshold: 0.1 (V)
SetMagnetDAC 5.87394034483 ===>> OK
Magnet settling time: 1.049
GetData ===>> H2,0.0420890462685296,H1,1705.10523325983,AX,396.319832670323,L1,3.95965899877608,L2,1.9093120229...
setting magnet DAC
current  : 5.873940
requested: 5.874975
Delta Dac: 0.001034
Checking detector protection. dv=0.00103
Checking detector "CDD". Protection Threshold: 0.1 (V)
SetMagnetDAC 5.87497482759 ===>> OK
Magnet settling time: 1.049
GetData ===>> H2,0.0845084464778562,H1,1741.9870844988,AX,411.590479799301,L1,4.47013690094036,L2,2.34034365344...
setting magnet DAC
current  : 5.874975
requested: 5.876009
Delta Dac: 0.001034
Checking detector protection. dv=0.00103
Checking detector "CDD". Protection Threshold: 0.1 (V)
SetMagnetDAC 5.87600931034 ===>> OK
Magnet settling time: 1.049
GetData ===>> H2,-0.0209752979677445,H1,1751.459990851,AX,416.340034761886,L1,4.82910093445344,L2,2.50758747306...
setting magnet DAC
current  : 5.876009
requested: 5.877044
Delta Dac: 0.001034
Checking detector protection. dv=0.00103
Checking detector "CDD". Protection Threshold: 0.1 (V)
SetMagnetDAC 5.8770437931 ===>> OK
Magnet settling time: 1.049
GetData ===>> H2,0.00714036457632228,H1,1752.69080045876,AX,417.305905537681,L1,5.06490321928327,L2,2.494947598...
setting magnet DAC
current  : 5.877044
requested: 5.878078
Delta Dac: 0.001034
Checking detector protection. dv=0.00103
Checking detector "CDD". Protection Threshold: 0.1 (V)
SetMagnetDAC 5.87807827586 ===>> OK
Magnet settling time: 1.049
GetData ===>> H2,-0.0923320603815421,H1,1752.56929956797,AX,417.563105855253,L1,5.17170115221882,L2,2.505419202...
setting magnet DAC
current  : 5.878078
requested: 5.879113
Delta Dac: 0.001034
Checking detector protection. dv=0.00103
Checking detector "CDD". Protection Threshold: 0.1 (V)
SetMagnetDAC 5.87911275862 ===>> OK
Magnet settling time: 1.049
GetData ===>> H2,-0.0923591296277879,H1,1753.14766112508,AX,417.485908471876,L1,5.26146315566906,L2,2.730393447...
setting magnet DAC
current  : 5.879113
requested: 5.880147
Delta Dac: 0.001034
Checking detector protection. dv=0.00103
Checking detector "CDD". Protection Threshold: 0.1 (V)
SetMagnetDAC 5.88014724138 ===>> OK
Magnet settling time: 1.049
GetData ===>> H2,-0.0700484647150925,H1,1752.38711117045,AX,417.100776374731,L1,5.36566672387694,L2,2.459481718...
setting magnet DAC
current  : 5.880147
requested: 5.881182
Delta Dac: 0.001034
Checking detector protection. dv=0.00103
Checking detector "CDD". Protection Threshold: 0.1 (V)
SetMagnetDAC 5.88118172414 ===>> OK
Magnet settling time: 1.049
GetData ===>> H2,-0.149007954425912,H1,1752.73409753323,AX,417.149483131326,L1,5.36157056230923,L2,2.5893251377...
setting magnet DAC
current  : 5.881182
requested: 5.882216
Delta Dac: 0.001034
Checking detector protection. dv=0.00103
Checking detector "CDD". Protection Threshold: 0.1 (V)
SetMagnetDAC 5.8822162069 ===>> OK
Magnet settling time: 1.049
GetData ===>> H2,-0.105720756557229,H1,1751.00718427619,AX,416.483733320702,L1,5.31112625214993,L2,2.6534111584...
setting magnet DAC
current  : 5.882216
requested: 5.883251
Delta Dac: 0.001034
Checking detector protection. dv=0.00103
Checking detector "CDD". Protection Threshold: 0.1 (V)
SetMagnetDAC 5.88325068966 ===>> OK
Magnet settling time: 1.049
GetData ===>> H2,-0.0970384333839244,H1,1748.27419627049,AX,414.767796091458,L1,5.28787897769054,L2,2.563679505...
setting magnet DAC
current  : 5.883251
requested: 5.884285
Delta Dac: 0.001034
Checking detector protection. dv=0.00103
Checking detector "CDD". Protection Threshold: 0.1 (V)
SetMagnetDAC 5.88428517241 ===>> OK
Magnet settling time: 1.049
GetData ===>> H2,-0.112007111353315,H1,1735.94022331552,AX,409.472961990678,L1,5.24171573982897,L2,2.5601713600...
setting magnet DAC
current  : 5.884285
requested: 5.885320
Delta Dac: 0.001034
Checking detector protection. dv=0.00103
Checking detector "CDD". Protection Threshold: 0.1 (V)
SetMagnetDAC 5.88531965517 ===>> OK
Magnet settling time: 1.049
GetData ===>> H2,-0.2897118747823,H1,1692.5749386604,AX,390.487844812729,L1,5.00192664626759,L2,2.0928596764634...
setting magnet DAC
current  : 5.885320
requested: 5.886354
Delta Dac: 0.001034
Checking detector protection. dv=0.00103
Checking detector "CDD". Protection Threshold: 0.1 (V)
SetMagnetDAC 5.88635413793 ===>> OK
Magnet settling time: 1.049
GetData ===>> H2,-0.170518837123704,H1,1558.33707643926,AX,338.153543767998,L1,4.44145813659431,L2,1.6194214072...
setting magnet DAC
current  : 5.886354
requested: 5.887389
Delta Dac: 0.001034
Checking detector protection. dv=0.00103
Checking detector "CDD". Protection Threshold: 0.1 (V)
SetMagnetDAC 5.88738862069 ===>> OK
Magnet settling time: 1.049
GetData ===>> H2,-0.274274786784538,H1,1247.06664035374,AX,241.02066875486,L1,3.52358053797293,L2,1.01906646309...
setting magnet DAC
current  : 5.887389
requested: 5.888423
Delta Dac: 0.001034
Checking detector protection. dv=0.00103
Checking detector "CDD". Protection Threshold: 0.1 (V)
SetMagnetDAC 5.88842310345 ===>> OK
Magnet settling time: 1.049
GetData ===>> H2,-0.261827083714407,H1,803.10813304987,AX,133.732392526639,L1,2.45752262914721,L2,0.55165895278...
setting magnet DAC
current  : 5.888423
requested: 5.889458
Delta Dac: 0.001034
Checking detector protection. dv=0.00103
Checking detector "CDD". Protection Threshold: 0.1 (V)
SetMagnetDAC 5.88945758621 ===>> OK
Magnet settling time: 1.049
GetData ===>> H2,-0.277063229190196,H1,396.144387930794,AX,55.7834770371769,L1,1.55680550623496,L2,0.4258657255...
setting magnet DAC
current  : 5.889458
requested: 5.890492
Delta Dac: 0.001034
Checking detector protection. dv=0.00103
Checking detector "CDD". Protection Threshold: 0.1 (V)
SetMagnetDAC 5.89049206897 ===>> OK
Magnet settling time: 1.049
GetData ===>> H2,-0.318381294462284,H1,149.349596339545,AX,17.300839518453,L1,0.884697963905585,L2,0.0280155951...
setting magnet DAC
current  : 5.890492
requested: 5.891527
Delta Dac: 0.001034
Checking detector protection. dv=0.00103
Checking detector "CDD". Protection Threshold: 0.1 (V)
SetMagnetDAC 5.89152655172 ===>> OK
Magnet settling time: 1.049
GetData ===>> H2,-0.232783344333997,H1,44.7439245549856,AX,3.907897808977,L1,0.552933743609908,L2,-0.0313768341...
setting magnet DAC
current  : 5.891527
requested: 5.892561
Delta Dac: 0.001034
Checking detector protection. dv=0.00103
Checking detector "CDD". Protection Threshold: 0.1 (V)
SetMagnetDAC 5.89256103448 ===>> OK
Magnet settling time: 1.049
GetData ===>> H2,-0.206832948681991,H1,11.3864804340287,AX,0.584603294020904,L1,0.395632057892364,L2,-0.0069684...
setting magnet DAC
current  : 5.892561
requested: 5.893596
Delta Dac: 0.001034
Checking detector protection. dv=0.00103
Checking detector "CDD". Protection Threshold: 0.1 (V)
SetMagnetDAC 5.89359551724 ===>> OK
Magnet settling time: 1.049
GetData ===>> H2,-0.199419154788028,H1,2.42083576333927,AX,-0.209157127588431,L1,0.250225172301911,L2,-0.071300...
setting magnet DAC
current  : 5.893596
requested: 5.894630
Delta Dac: 0.001034
Checking detector protection. dv=0.00103
Checking detector "CDD". Protection Threshold: 0.1 (V)
SetMagnetDAC 5.89463 ===>> OK
Magnet settling time: 1.049
GetData ===>> H2,-0.17968484119375,H1,0.299629066156793,AX,-0.406429897305119,L1,0.12528495362361,L2,-0.0133671...
result of _do_sweep=True
result of _calculate_peak_center=([5.8717542484969929, 5.8794796993987966, 5.8872051503006002], [1285.6135312917488, 1753.1430886804626, 1302.2719180964464], 5.879118977955911, 1753.1430886804626)
Failed to find a valid peak. No peak greater than 1.0. max = 0.0361979464208
new center pos Detector(H1) (Ar40) @ 5.8794796994
GetHighVoltage ===>> 4500
GetDeflection H1 ===>> 0
dac uncorrected for HV and deflection 5.8794796994
update mftable H1 Ar40 5.8794796994 message=automated run peakcenter
get initial guess parabolic
get initial guess parabolic
get initial guess parabolic
get initial guess parabolic
get initial guess parabolic
get initial guess parabolic
dump mftable to /Users/jan/PychronDev/setupfiles/spectrometer/mftables/mftable.csv
add to repo msg=modified - automated run peakcenter
sweep finished
locally archiving mftable
setting magnet DAC
current  : 5.894630
requested: 5.879480
Delta Dac: 0.015150
Checking detector protection. dv=0.01515
Checking detector "CDD". Protection Threshold: 0.1 (V)
SetMagnetDAC 5.8794796994 ===>> OK
Magnet settling time: 0.500
setting integration time = 1.048576
SetIntegrationTime 1.048576 ===>> OK
Failed to find a valid peak. No peak greater than 1.0. max = 0.0361979464208
flush and close file /Users/jan/PychronDev/data/isotopes/0f/a97f54-c83f-4035-a93e-5d472a05bb98.h5
finished measure script
executed snippet estimated_duration=226.132928, duration=272.840857029
jan_unknown120_60.py completed successfully
Measurement Finished
22:53:34 -- ******* Measurement Finished *******
Post Measurement Started jan_pump_ms.py
22:53:34 -- ******* Post Measurement Started jan_pump_ms.py *******
testing...
no interpolation path defined
executed snippet estimated_duration=0, duration=2.78949737549e-05
Pumping spectrometer
open () {'name': 'O'}
opening name=O desc=---
checking ownership. requestor=129.138.12.150
check software interlocks O
interlocks []
actuate state mode=None-script, software_lock=False
doing actuation None-script open_channel True
Open O ===>> OK
GetIndicatorState O ===>> OK
change switch state (True, True)
update switch state O True args=() kw={} ncanvase=2
22:53:34 -- OPEN   VALVE-O (Jan Ion Pump)
---------------------------------------- open O () result=[(True, True)], time=0.09 sec
action=open, ok=True, locked=[False]
executed snippet estimated_duration=0, duration=0.348544120789
jan_pump_ms.py completed successfully
setting _ms_pumptime
Post Measurement Finished
22:53:35 -- ******* Post Measurement Finished *******
$$$$$$$$$$$$$$$$$$$$ state at run end measurement
state changed from measurement to success
post measurement save measured=True aborted=False
Set filtering
setting fod for Ar40= {'filter_outliers': True, 'std_devs': 2, 'iterations': 1}
setting fod for H1= {'filter_outliers': True, 'std_devs': 2, 'iterations': 1}
setting fod for PM41= {'filter_outliers': False, 'std_devs': 2, 'iterations': 1}
setting fod for H2= {'filter_outliers': True, 'std_devs': 2, 'iterations': 1}
setting fod for Ar36= {'filter_outliers': True, 'std_devs': 2, 'iterations': 1}
setting fod for CDD= {'filter_outliers': True, 'std_devs': 10, 'iterations': 1}
setting fod for Ar37= {'filter_outliers': True, 'std_devs': 2, 'iterations': 1}
setting fod for L2= {'filter_outliers': True, 'std_devs': 2, 'iterations': 1}
setting fod for Ar38= {'filter_outliers': True, 'std_devs': 2, 'iterations': 1}
setting fod for L1= {'filter_outliers': True, 'std_devs': 2, 'iterations': 1}
setting fod for Ar39= {'filter_outliers': True, 'std_devs': 2, 'iterations': 1}
setting fod for AX= {'filter_outliers': True, 'std_devs': 2, 'iterations': 1}
persistence save...
persistence save - db
post measurement save
7751928048 connecting to database sqlite:////Users/jan/PychronDev/.appdata/local_lab.db
connected to db sqlite:////Users/jan/PychronDev/.appdata/local_lab.db
create new session 7751928048
close session 7751928048
No database instance. Not saving post measurement to isotopedb database
$$$$$$$$$$$$$$$ auto_save_detector_ic=False
massspec enabled True
create new session 4985911824
MassSpec Database Version: 16.0
close session 4985911824
saving post measurement to secondary database
saving to massspec database 129.138.12.160/massspecdata
setting labnumber to 65556
setting aliquot to 4
setting step to 
setting uuid to 0fa97f54-c83f-4035-a93e-5d472a05bb98
setting irradpos to 65556
setting extract_device to Fusions CO2
setting tray to 
setting position to 209
setting power_requested to 5.0
setting extract_value to 5.0
setting duration to 30.0
setting duration_at_request to 30.0
setting first_stage_delay to 30.0
setting cleanup to 30.0
setting comment to N:15without inclusions
setting irradiation to NM-289
setting level to N
setting irradiation_level to N
setting sample to Bw-2014-7 WO
setting material to Sanidine
setting project to Bustos Wells
setting mass_spectrometer to Jan
no attribute chron_dosages
no attribute production_ratios
no attribute interference_corrections
no attribute production_name
no attribute j
Reference Isotope=Ar40
Reference Detector=H1
%%%%%%%%%%%%%%%%%%%% Comment: N:15without inclusions %%%%%%%%%%%%%%%%%%%
adding isotope PM41 H2
add baseline dbdet= PM41. original det= H2
get baseline data PM41 H2
Get data baseline <pychron.processing.isotope.Baseline object at 0x1de225e50> len t=60
baseline PM41. v=-0.191176182155, e=0.00784832810293
get signal data PM41 H2
Get data signal PM41 0.12+/-0.06 len t=120
adding isotope Ar40 H1
add baseline dbdet= Ar40. original det= H1
get baseline data Ar40 H1
Get data baseline <pychron.processing.isotope.Baseline object at 0x1de225b90> len t=60
baseline Ar40. v=0.0103019482571, e=0.00524526325637
get signal data Ar40 H1
Get data signal Ar40 1935.21+/-0.08 len t=120
adding isotope Ar39 AX
add baseline dbdet= Ar39. original det= AX
get baseline data Ar39 AX
Get data baseline <pychron.processing.isotope.Baseline object at 0x1e4f10150> len t=60
baseline Ar39. v=-0.0788420911263, e=0.00740849961158
get signal data Ar39 AX
Get data signal Ar39 459.75+/-0.04 len t=120
adding isotope Ar38 L1
add baseline dbdet= Ar38. original det= L1
get baseline data Ar38 L1
Get data baseline <pychron.processing.isotope.Baseline object at 0x1e4f10a90> len t=60
baseline Ar38. v=-0.0217101864399, e=0.00403640691392
get signal data Ar38 L1
Get data signal Ar38 5.867+/-0.007 len t=120
adding isotope Ar37 L2
add baseline dbdet= Ar37. original det= L2
get baseline data Ar37 L2
Get data baseline <pychron.processing.isotope.Baseline object at 0x1e4f10090> len t=60
baseline Ar37. v=-0.0232020483813, e=0.00633401589728
get signal data Ar37 L2
Get data signal Ar37 2.800+/-0.011 len t=120
adding isotope Ar36 CDD
add baseline dbdet= Ar36. original det= CDD
get baseline data Ar36 CDD
Get data baseline <pychron.processing.isotope.Baseline object at 0x1e4f10490> len t=60
baseline Ar36. v=0.000441634065536, e=3.26160587258e-05
get signal data Ar36 CDD
Get data signal Ar36 0.0222+/-0.0004 len t=120
65556-04 added analysis time 0.454404830933s
analysis added to mass spec database
mass spec save time= 0.462
persistence save - dvc
================= post measurement started
create new session 4991427888
close session 4991427888
set states for children of V. state=True
handle state [('V', True)]
update switch state V True args=() kw={'refresh': False} ncanvase=2
refresh_canvas_needed fired
---------------- Experiment Queue saving disabled
DVC saving peakcenter
Failed to find a valid peak. No peak greater than 1.0. max = 0.0361979464208
Smart pull ahead: 0 behind: 0
Up-to-date with origin
add to repo msg=modified - ad8224ebc6dbfeb9f5997218dfa5fe690569839d.json
add to repo msg=modified - 56-04.json
add to repo msg=modified - 56-04.dat.json
add to repo msg=modified - 56-04.blan.json
add to repo msg=modified - 56-04.inte.json
add to repo msg=modified - 56-04.icfa.json
add to repo msg=modified - 56-04.base.json
not at valid file /Users/jan/PychronDev/data/.dvc/repositories/Load1786/655/tags/56-04.tags.json
add to repo msg=modified - 56-04.peak.json
add to repo msg=modified - 56-04.extr.json
not at valid file /Users/jan/PychronDev/data/.dvc/repositories/Load1786/655/monitor/56-04.moni.json
commit message=<COLLECTION>
add to repo msg=modified - 56-04.inte.json
add to repo msg=modified - 56-04.base.json
commit message=<ISOEVO> default collection fits
add to repo msg=modified - 56-04.blan.json
commit message=<BLANKS> preceding bc-02-J-329
add to repo msg=modified - 56-04.icfa.json
commit message=<ICFactor> default
push repository <pychron.git_archive.repo_manager.GitRepoManager object at 0x1de3fdf50>
pushing to remote=origin, url=https://github.com
no changes to meta repo
create new session 4991427888
add association Load1786
get identifier "65556"
setting analysis irradiation position=<pychron.dvc.dvc_orm.IrradiationPositionTbl object at 0x19cb940d0>
close session 4991427888
================= post measurement finished
22:53:49 -- ******* Post Run Check *******
loading queue conditionals post_run_actions
loading system conditionals post_run_actions
loading conditionals from /Users/jan/PychronDev/setupfiles/spectrometer/default_conditionals.yaml
loading queue conditionals post_run_terminations
loading system conditionals post_run_terminations
loading conditionals from /Users/jan/PychronDev/setupfiles/spectrometer/default_conditionals.yaml
Checking default post run terminations n=1
GetDeflection CDD ===>> 50
testing CDD==2000
evaluate ot="CDD.deflection==2000" t="CDD==2000", ctx="{'CDD': 50.0}"
22:53:49 -- ******* Post Run Check Passed *******
22:53:49 -- Automated run 65556-04 success duration: 364.883 s
----------------- finish -----------------
----------------- stop -----------------
retroactive repository identifiers disabled
finish run. runs completed=245
update duration runid=65556-04, duration=364.883394003, md5=301e91d8
loading script "jan_unknown120_60.py"
loading script "jan_pump_ms.py"
loading script "jan_co2.py"
loading script "jan_pump_extraction_line.py"
testing...
no interpolation path defined
executed snippet estimated_duration=213.652928, duration=0.000355958938599
script duration name:unknown120_60 seconds:214.0
loading script "jan_unknown120_60.py"
loading script "jan_pump_ms.py"
loading script "jan_co2.py"
loading script "jan_pump_extraction_line.py"
testing...
no interpolation path defined
executed snippet estimated_duration=0, duration=4.10079956055e-05
loading script "jan_unknown120_60.py"
loading script "jan_pump_ms.py"
loading script "jan_co2.py"
loading script "jan_pump_extraction_line.py"
testing...
no interpolation path defined
calculate duration
testing...
no interpolation path defined
executed snippet estimated_duration=0, duration=5.60283660889e-05
calculate duration
testing...
no interpolation path defined
executed snippet estimated_duration=0, duration=9.3936920166e-05
executed snippet estimated_duration=0.0, duration=0.0087559223175
script duration name:co2 seconds:0.0
loading script "jan_unknown120_60.py"
loading script "jan_pump_ms.py"
loading script "jan_co2.py"
loading script "jan_pump_extraction_line.py"
testing...
no interpolation path defined
calculate duration
testing...
no interpolation path defined
executed snippet estimated_duration=4.0, duration=0.000200986862183
executed snippet estimated_duration=4.0, duration=0.00164389610291
Script duration 214.0
Run total estimated duration= 215.000
unknown120_60 in script context. using previous estimated duration
script duration name:unknown120_60 seconds:214.0
pump_ms in script context. using previous estimated duration
co2 in script context. using previous estimated duration
script duration name:co2 seconds:0.0
pump_extraction_line in script context. using previous estimated duration
Script duration 214.0
Run total estimated duration= 215.000
script duration name:unknown120_60 seconds:214.0
script duration name:co2 seconds:0.0
Script duration 214.0
Run total estimated duration= 215.000
script duration name:unknown120_60 seconds:214.0
script duration name:co2 seconds:0.0
Script duration 214.0
Run total estimated duration= 215.000
script duration name:unknown120_60 seconds:214.0
script duration name:co2 seconds:0.0
Script duration 214.0
Run total estimated duration= 215.000
script duration name:unknown120_60 seconds:214.0
script duration name:co2 seconds:0.0
Script duration 214.0
Run total estimated duration= 215.000
script duration name:unknown120_60 seconds:214.0
script duration name:co2 seconds:0.0
Script duration 214.0
Run total estimated duration= 215.000
loading script "jan_unknown400_120.py"
loading script "jan_pump_ms.py"
loading script "jan_cocktail_x1.py"
loading script "jan_pump_extraction_line.py"
testing...
no interpolation path defined
executed snippet estimated_duration=556.052928, duration=0.000138998031616
script duration name:unknown400_120 seconds:556.0
loading script "jan_unknown400_120.py"
loading script "jan_pump_ms.py"
loading script "jan_cocktail_x1.py"
loading script "jan_pump_extraction_line.py"
testing...
no interpolation path defined
calculate duration
testing...
no interpolation path defined
executed snippet estimated_duration=0, duration=4.50611114502e-05
calculate duration
testing...
no interpolation path defined
executed snippet estimated_duration=0, duration=9.67979431152e-05
calculate duration
testing...
no interpolation path defined
executed snippet estimated_duration=32.0, duration=8.98838043213e-05
calculate duration
testing...
no interpolation path defined
executed snippet estimated_duration=34.0, duration=0.000128984451294
calculate duration
testing...
no interpolation path defined
executed snippet estimated_duration=4.0, duration=8.39233398438e-05
calculate duration
testing...
no interpolation path defined
executed snippet estimated_duration=38.0, duration=0.000105857849121
executed snippet estimated_duration=108.0, duration=0.0181341171265
script duration name:cocktail_x1 seconds:108.0
Script duration 664.0
Run total estimated duration= 665.000
unknown400_120 in script context. using previous estimated duration
script duration name:unknown400_120 seconds:556.0
cocktail_x1 in script context. using previous estimated duration
script duration name:cocktail_x1 seconds:108.0
Script duration 664.0
Run total estimated duration= 665.000
script duration name:unknown120_60 seconds:214.0
script duration name:co2 seconds:0.0
Script duration 214.0
Run total estimated duration= 215.000
script duration name:unknown120_60 seconds:214.0
script duration name:co2 seconds:0.0
Script duration 214.0
Run total estimated duration= 215.000
script duration name:unknown120_60 seconds:214.0
script duration name:co2 seconds:0.0
Script duration 214.0
Run total estimated duration= 215.000
script duration name:unknown120_60 seconds:214.0
script duration name:co2 seconds:0.0
Script duration 214.0
Run total estimated duration= 215.000
loading script "jan_ic_peak_hop3.py"
loading script "jan_pump_ms.py"
loading script "jan_air_x1.py"
loading script "jan_pump_extraction_line.py"
testing...
no interpolation path defined
executed snippet estimated_duration=133.8, duration=0.00777101516724
script duration name:ic_peak_hop3 seconds:134.0
loading script "jan_ic_peak_hop3.py"
loading script "jan_pump_ms.py"
loading script "jan_air_x1.py"
loading script "jan_pump_extraction_line.py"
testing...
no interpolation path defined
calculate duration
testing...
no interpolation path defined
executed snippet estimated_duration=0, duration=7.70092010498e-05
calculate duration
testing...
no interpolation path defined
executed snippet estimated_duration=0, duration=0.000102996826172
calculate duration
testing...
no interpolation path defined
executed snippet estimated_duration=32.0, duration=9.3936920166e-05
calculate duration
testing...
no interpolation path defined
executed snippet estimated_duration=34.0, duration=0.000101089477539
calculate duration
testing...
no interpolation path defined
executed snippet estimated_duration=4.0, duration=7.00950622559e-05
calculate duration
testing...
no interpolation path defined
executed snippet estimated_duration=36.0, duration=9.17911529541e-05
executed snippet estimated_duration=106.0, duration=0.00811314582825
script duration name:air_x1 seconds:106.0
Script duration 240.0
Run total estimated duration= 241.000
script duration name:unknown120_60 seconds:214.0
script duration name:co2 seconds:0.0
Script duration 214.0
Run total estimated duration= 215.000
nruns=15 before=5.0, run_dur=4151.0, btw=420.0
write rem/ex queues
/Users/jan/PychronDev/experiments/rem/Load1786.rem.txt
/Users/jan/PychronDev/experiments/rem/Load1786.ex.txt
doing event level: 3
