do run
loading script "jan_unknown120_60.py"
loading script "jan_pump_ms.py"
loading script "jan_co2.py"
loading script "jan_pump_extraction_line.py"
testing...
no interpolation path defined
executed snippet estimated_duration=213.652928, duration=0.000226974487305
script duration name:unknown120_60 seconds:214.0
loading script "jan_unknown120_60.py"
loading script "jan_pump_ms.py"
loading script "jan_co2.py"
loading script "jan_pump_extraction_line.py"
testing...
no interpolation path defined
executed snippet estimated_duration=0, duration=1.81198120117e-05
loading script "jan_unknown120_60.py"
loading script "jan_pump_ms.py"
loading script "jan_co2.py"
loading script "jan_pump_extraction_line.py"
testing...
no interpolation path defined
calculate duration
testing...
no interpolation path defined
executed snippet estimated_duration=0, duration=4.6968460083e-05
calculate duration
testing...
no interpolation path defined
executed snippet estimated_duration=0, duration=6.79492950439e-05
executed snippet estimated_duration=0.0, duration=0.0021390914917
script duration name:co2 seconds:0.0
loading script "jan_unknown120_60.py"
loading script "jan_pump_ms.py"
loading script "jan_co2.py"
loading script "jan_pump_extraction_line.py"
testing...
no interpolation path defined
calculate duration
testing...
no interpolation path defined
executed snippet estimated_duration=4.0, duration=0.00012993812561
executed snippet estimated_duration=4.0, duration=0.00102400779724
Script duration 214.0
Run total estimated duration= 215.000
run duration: 0:03:35
doing event level: 2
23:02:07 -- Setting default integration. t=1.048576
setting integration time = 1.048576
SetIntegrationTime 1.048576 ===>> OK
----------------- start -----------------
**************** Experiment Type: Ar/Ar, Ar/Ar
$$$$$ Clearing conditionals
adding conditionals 
Add queue conditionals
add default conditionals
adding default conditionals from /Users/jan/PychronDev/setupfiles/spectrometer/default_conditionals.yaml
Start automated run 65556-06
loading script "jan_unknown120_60.py"
loading script "jan_pump_ms.py"
loading script "jan_co2.py"
loading script "jan_pump_extraction_line.py"
%%%%%%%%%%%%%%%%%% setting automated run 65556-06
No value "sensitivity_multiplier" in metadata
$$$$$$$$$$$$$$$ auto_save_detector_ic=False
============================= Pre Extraction Check =============================
loading queue conditionals pre_run_terminations
loading system conditionals pre_run_terminations
loading conditionals from /Users/jan/PychronDev/setupfiles/spectrometer/default_conditionals.yaml
23:02:07 -- ******* Pre Extraction Check *******
Get a measurement from the spectrometer
GetData ===>> H2,-0.228459825184659,H1,-0.0426739589063583,AX,-0.1032845215209,L1,-0.0167428581251671,L2,-0.051...
Pre Extraction Termination data. keys=H2,H1,AX,L1,L2,CDD, signals=-0.22846,-0.04267,-0.10328,-0.01674,-0.05126,0.00253
23:02:07 -- testing system defined conditionals
Checking default pre extraction terminations n=2
testing CDD
evaluate ot="CDD.inactive" t="CDD", ctx="{'CDD': False}"
GetDeflection CDD ===>> 50
testing CDD==2000
evaluate ot="CDD.deflection==2000" t="CDD==2000", ctx="{'CDD': 50.0}"
23:02:07 -- ******* Pre Extraction Check Passed *******
=================================================================================
23:02:07 -- stopping status monitor
stop 4984189200
Alive clients [4991693744]
23:02:07 -- starting status monitor
start 4984189200
Monitor already running
start extraction
do extraction
Analysis started at 23:02:07.444986
Extraction Started jan_co2.py
23:02:07 -- ******* Extraction Started jan_co2.py *******
state changed from not run to extraction
DO EXTRACTION <pychron.extraction_line.pyscript_runner.RemotePyScriptRunner object at 0x12c301530>
testing...
no interpolation path defined
calculate duration
testing...
no interpolation path defined
executed snippet estimated_duration=0, duration=5.07831573486e-05
calculate duration
testing...
no interpolation path defined
executed snippet estimated_duration=0, duration=9.29832458496e-05
executed snippet estimated_duration=100.0, duration=0.0031909942627
Jan CO2 laser analysis
doing GOSUB
testing...
no interpolation path defined
executed snippet estimated_duration=0, duration=7.70092010498e-05
Waiting for CO2 access
wait ('FelixCO2Flag', 0) {}
waiting for FelixCO2Flag = 0
Read FelixCO2Flag ===>> 0
finished waiting
CO2 free
wait ('CO2PumpTimeFlag', 0) {}
waiting for CO2PumpTimeFlag = 0
Read CO2PumpTimeFlag ===>> 0
finished waiting
acquire ('JanCO2Flag',) {'clear': True}
acquire JanCO2Flag
Set JanCO2Flag 1 ===>> OK
JanCO2Flag acquired
set extraction state False (0.75, 'red', 1.5)
CO2 acquired
executed snippet estimated_duration=0, duration=0.0204830169678
WaitForCO2Access.py completed successfully
gosub finished
doing GOSUB
testing...
no interpolation path defined
executed snippet estimated_duration=0, duration=9.79900360107e-05
Prepare for CO2 analysis
close () {'description': 'Jan Inlet'}
closing name=--- desc=Jan Inlet
checking ownership. requestor=129.138.12.150
check software interlocks R
interlocks []
actuate state mode=None-script, software_lock=False
doing actuation None-script close_channel False
Close R ===>> OK
GetIndicatorState R ===>> False
change switch state (True, True)
update switch state R False args=() kw={} ncanvase=2
23:02:07 -- CLOSE  VALVE-R (Jan Inlet)
---------------------------------------- close None (Jan Inlet) result=[(True, True)]
action=close, ok=True, locked=[False]
open () {'description': 'Jan Ion Pump'}
opening name=--- desc=Jan Ion Pump
checking ownership. requestor=129.138.12.150
check software interlocks O
interlocks []
actuate state mode=None-script, software_lock=False
doing actuation None-script open_channel False
Open O ===>> OK
GetIndicatorState O ===>> OK
change switch state (True, True)
update switch state O True args=() kw={} ncanvase=2
23:02:08 -- OPEN   VALVE-O (Jan Ion Pump)
---------------------------------------- open None (Jan Ion Pump) result=[(True, True)], time=0.11 sec
action=open, ok=True, locked=[False]
close () {'description': 'Microbone to Minibone'}
closing name=--- desc=Microbone to Minibone
checking ownership. requestor=129.138.12.150
check software interlocks L
interlocks []
actuate state mode=None-script, software_lock=False
doing actuation None-script close_channel False
Close L ===>> OK
GetIndicatorState L ===>> False
change switch state (True, True)
update switch state L False args=() kw={} ncanvase=2
23:02:08 -- CLOSE  VALVE-L (Microbone to Minibone)
---------------------------------------- close None (Microbone to Minibone) result=[(True, True)]
action=close, ok=True, locked=[False]
open () {'description': 'Microbone to Turbo'}
opening name=--- desc=Microbone to Turbo
checking ownership. requestor=129.138.12.150
check software interlocks U
interlocks []
actuate state mode=None-script, software_lock=False
doing actuation None-script open_channel False
Open U ===>> OK
GetIndicatorState U ===>> OK
change switch state (True, True)
update switch state U True args=() kw={} ncanvase=2
23:02:09 -- OPEN   VALVE-U (Microbone to Turbo)
---------------------------------------- open None (Microbone to Turbo) result=[(True, True)], time=0.16 sec
action=open, ok=True, locked=[False]
open () {'description': 'Microbone to Inlet Pipette'}
opening name=--- desc=Microbone to Inlet Pipette
checking ownership. requestor=129.138.12.150
check software interlocks S
interlocks []
actuate state mode=None-script, software_lock=False
doing actuation None-script open_channel False
Open S ===>> OK
GetIndicatorState S ===>> OK
change switch state (True, True)
update switch state S True args=() kw={} ncanvase=2
23:02:10 -- OPEN   VALVE-S (Microbone to Inlet Pipette)
---------------------------------------- open None (Microbone to Inlet Pipette) result=[(True, True)], time=0.44 sec
action=open, ok=True, locked=[False]
open () {'description': 'Microbone to Getter D-50'}
opening name=--- desc=Microbone to Getter D-50
checking ownership. requestor=129.138.12.150
check software interlocks K
interlocks []
actuate state mode=None-script, software_lock=False
doing actuation None-script open_channel False
Open K ===>> OK
GetIndicatorState K ===>> OK
change switch state (True, True)
update switch state K True args=() kw={} ncanvase=2
23:02:10 -- OPEN   VALVE-K (Microbone to Getter D-50)
---------------------------------------- open None (Microbone to Getter D-50) result=[(True, True)], time=0.42 sec
action=open, ok=True, locked=[False]
open () {'description': 'Microbone to Getter NP-10'}
opening name=--- desc=Microbone to Getter NP-10
checking ownership. requestor=129.138.12.150
check software interlocks M
interlocks []
actuate state mode=None-script, software_lock=False
doing actuation None-script open_channel False
Open M ===>> OK
GetIndicatorState M ===>> OK
change switch state (True, True)
update switch state M True args=() kw={} ncanvase=2
23:02:11 -- OPEN   VALVE-M (Microbone to Getter NP-10)
---------------------------------------- open None (Microbone to Getter NP-10) result=[(True, True)], time=0.16 sec
action=open, ok=True, locked=[False]
close () {'description': 'CO2 Laser to Felix'}
closing name=--- desc=CO2 Laser to Felix
checking ownership. requestor=129.138.12.150
check software interlocks F
interlocks []
actuate state mode=None-script, software_lock=True
VALVE-F(CO2 Laser to Felix) software locked
change switch state (True, False)
---------------------------------------- close None (CO2 Laser to Felix) result=[(True, False)]
action=close, ok=True, locked=[True]
open () {'description': 'CO2 Laser to Jan'}
opening name=--- desc=CO2 Laser to Jan
checking ownership. requestor=129.138.12.150
check software interlocks A
interlocks []
actuate state mode=None-script, software_lock=False
doing actuation None-script open_channel False
Open A ===>> OK
GetIndicatorState A ===>> OK
change switch state (True, True)
update switch state A True args=() kw={} ncanvase=2
23:02:11 -- OPEN   VALVE-A (CO2 Laser to Jan)
---------------------------------------- open None (CO2 Laser to Jan) result=[(True, True)], time=0.13 sec
action=open, ok=True, locked=[False]
open () {'description': 'Microbone to CO2 Laser'}
opening name=--- desc=Microbone to CO2 Laser
checking ownership. requestor=129.138.12.150
check software interlocks T
interlocks []
actuate state mode=None-script, software_lock=False
doing actuation None-script open_channel False
Open T ===>> OK
GetIndicatorState T ===>> OK
change switch state (True, True)
update switch state T True args=() kw={} ncanvase=2
23:02:12 -- OPEN   VALVE-T (Microbone to CO2 Laser)
---------------------------------------- open None (Microbone to CO2 Laser) result=[(True, True)], time=0.44 sec
action=open, ok=True, locked=[False]
executed snippet estimated_duration=0, duration=5.02928209305
PrepareForCO2Analysis.py completed successfully
gosub finished
set_motor ('beam', '1.25') {}
setting motor "beam" to 1.25
set motor beam to 1.25
SetMotor beam,1.25 ===>> OK
GetMotorMoving beam ===>> False
GetMotorMoving beam ===>> False
Block completed
move_to_position ('211',) {'autocenter': True}
FusionsCO2 move to position 211
sending GoToHole 211,True
GoToHole 211,True ===>> OK
GetDriveMoving ===>> OK
GetDriveMoving ===>> OK
GetDriveMoving ===>> OK
GetDriveMoving ===>> OK
GetDriveMoving ===>> OK
GetDriveMoving ===>> OK
GetDriveMoving ===>> False
GetDriveMoving ===>> False
Block completed
GetAutoCorrecting ===>> OK
GetAutoCorrecting ===>> OK
GetAutoCorrecting ===>> OK
GetAutoCorrecting ===>> False
GetAutoCorrecting ===>> False
Block completed
update position
GetPosition ===>> -1.99390,-13.95730,1.00000
got position (-1.9939, -13.9573, 1.0)
move to position succeeded
sleep (5,) {}
SLEEP 5.0
block started
WaitControl setup for 5.0  
Join finished
block finished. duration 5.02722787857
close () {'description': 'Microbone to Turbo'}
closing name=--- desc=Microbone to Turbo
checking ownership. requestor=129.138.12.150
check software interlocks U
interlocks []
actuate state mode=None-script, software_lock=False
doing actuation None-script close_channel True
Close U ===>> OK
GetIndicatorState U ===>> False
change switch state (True, True)
update switch state U False args=() kw={} ncanvase=2
23:02:23 -- CLOSE  VALVE-U (Microbone to Turbo)
---------------------------------------- close None (Microbone to Turbo) result=[(True, True)]
action=close, ok=True, locked=[False]
enable laser
enable () {}
set extraction state FusionsCO2 Enabled (False, 'red', 1.5)
enabling laser
Enable ===>> OK
begin interval
BEGIN INTERVAL Interval 1 waiting for 30.0
block started
set extract to 5.0
WaitControl setup for 30.0  
extract (5.0,) {}
GetPosition ===>> -1.99390,-13.95730,1.00000
set extraction state FusionsCO2 ON! 5.0(watts) (0.75, 'red', 1.5)
extract sample to 5.0 (watts)
set laser output
SetLaserOutput 5.0,watts ===>> OK
executing pattern triangle.lp
execute_pattern ('triangle.lp',) {}
executing pattern triangle.lp
IsPatterning ===>> OK
IsPatterning ===>> OK
IsPatterning ===>> OK
IsPatterning ===>> OK
IsPatterning ===>> OK
IsPatterning ===>> OK
IsPatterning ===>> OK
IsPatterning ===>> OK
IsPatterning ===>> OK
IsPatterning ===>> OK
IsPatterning ===>> OK
IsPatterning ===>> OK
IsPatterning ===>> OK
IsPatterning ===>> OK
IsPatterning ===>> OK
IsPatterning ===>> OK
IsPatterning ===>> OK
IsPatterning ===>> OK
IsPatterning ===>> OK
IsPatterning ===>> OK
IsPatterning ===>> OK
IsPatterning ===>> OK
IsPatterning ===>> OK
IsPatterning ===>> OK
IsPatterning ===>> OK
IsPatterning ===>> OK
IsPatterning ===>> False
IsPatterning ===>> False
Block completed
COMPLETE INTERVAL waiting for Interval 1 to complete
Join finished
block finished. duration 30.0948901176
Interval 1 finished
end_extract () {}
ending extraction. set laser power to 0
set laser power 0
SetLaserPower 0 ===>> OK
disable () {}
%%%%%%%%%%%%%%%%%%%%%%%%%%%%%%%%%%% disable
set extraction state False (0.75, 'red', 1.5)
disabling laser
Disable ===>> OK
sleep (30.0,) {}
SLEEP 30.0
block started
WaitControl setup for 30.0  
Join finished
block finished. duration 30.1101288795
executed snippet estimated_duration=166.5, duration=77.6677751541
jan_co2.py completed successfully
GetAchievedOutput ===>> No Response
Requested Output= 0.000
Achieved Output=  0.000
GetResponseBlob ===>> No Response
GetOutputBlob ===>> No Response
persistence save...
persistence save - db
AutomatedRunPersister post_extraction_save deprecated
persistence save - dvc
no extraction position for 211
create new session 4991427888
close session 4991427888
Extraction Finished
23:03:25 -- ******* Extraction Finished *******
no overlap. not waiting for min ms pumptime
23:03:25 -- Sending spectrometer configuration
======== Sending configuration ========
SetDeflection CDD,50.0 ===>> OK
SetDeflection H2,0.0 ===>> OK
SetDeflection H1,0.0 ===>> OK
SetDeflection L2,825.0 ===>> OK
SetDeflection L1,400.0 ===>> OK
SetDeflection AX,190.0 ===>> OK
SetZFocus 74.64 ===>> OK
SetZSymmetry -50.72 ===>> OK
SetExtractionLens 26.13 ===>> OK
SetIonRepeller -3.81 ===>> OK
SetElectronEnergy 75.08 ===>> OK
SetYSymmetry -2.81 ===>> OK
SetIonCounterVoltage 1590.0 ===>> OK
send trap current 200.0
GetParameter Trap Current Readback ===>> 197.923274125618
SetParameter Trap Current Set,200.0 ===>> OK
updating mftable name mftable
Using mftable located at /Users/jan/PychronDev/setupfiles/spectrometer/mftables/mftable.csv
============ MFtable ===========
Isotope  H2     H1     AX     L1     L2     CDD    
Ar40     5.7976 5.8794 5.9928 6.1375 6.2312 6.3657
Ar39     5.6968 5.7717 5.8853 6.0235 6.1163 6.2522
Ar36     5.3743 5.4407 5.5486 5.6824 5.7713 5.9033
================================
get initial guess parabolic
get initial guess parabolic
get initial guess parabolic
get initial guess parabolic
get initial guess parabolic
get initial guess parabolic
======== Configuration Finished ========
GetYSymmetry ===>> -2.81
GetZSymmetry ===>> -50.72
GetParameter Trap Current Readback ===>> 198.258926936459
GetHighVoltage ===>> 4500
start measurement
do measurement
L#=65556 analysis type=unknown
Measurement Started jan_unknown120_60.py
23:03:25 -- ******* Measurement Started jan_unknown120_60.py *******
state changed from extraction to measurement
setting spec, defl, and gains
GetExtractionLens ===>> 26.13
GetYSymmetry ===>> -2.81
GetZSymmetry ===>> -50.72
GetZFocus ===>> 74.64
GetDeflection H2 ===>> 0
GetDeflection H1 ===>> 0
GetDeflection AX ===>> 190
GetDeflection L1 ===>> 400
GetDeflection L2 ===>> 825
GetDeflection CDD ===>> 50
GetGain H2 ===>> 0.0113
GetGain H1 ===>> 0.1
GetGain AX ===>> 0.097049
GetGain L1 ===>> 0.010355
GetGain L2 ===>> 0.095649
GetGain CDD ===>> 0
pre measurement save
New frame /Users/jan/PychronDev/data/isotopes/dc/99186a-172e-4385-8609-ad2b0b937e08.h5
flush and close file /Users/jan/PychronDev/data/isotopes/dc/99186a-172e-4385-8609-ad2b0b937e08.h5
testing...
no interpolation path defined
executed snippet estimated_duration=226.132928, duration=0.000262022018433
unknown measurement script
activate_detectors ('H2', 'H1', 'AX', 'L1', 'L2', 'CDD') {}
activate detectors
*************** Set Analysis View Ar/Ar
create graphs
clearing graphs
clear isotope group
setting isotope det=H2, iso=PM41
setting isotope det=H1, iso=Ar40
setting isotope det=AX, iso=Ar39
setting isotope det=L1, iso=Ar38
setting isotope det=L2, iso=Ar37
setting isotope det=CDD, iso=Ar36
setting previous blanks
 - setting Ar40 blank 0.173+/-0.007
 - setting Ar36 blank 0.00434+/-0.00019
 - setting Ar37 blank 0.054+/-0.005
 - setting Ar38 blank 0.0105+/-0.0023
 - setting PM41 blank 0.00+/-0.06
 - setting Ar39 blank 0.018+/-0.009
load analysis view
position_magnet ('Ar40',) {'detector': 'H1'}
detector Detector(H1)
POSITION Ar40 H1
setting detector H2 to PM41 (40.9624)
setting detector H1 to Ar40 (39.9624)
setting detector AX to Ar39 (38.9624)
setting detector L1 to Ar38 (37.9624)
setting detector L2 to Ar37 (36.9624)
setting detector CDD to Ar36 (35.9624)
Mapping mass to dac mass func: "parabolic"
H1 map mass coeffs = [-0.00063987  0.15840543  0.57103999]
H1 map mass to dac 39.9624 >> 5.87943
GetDeflection H1 ===>> 0
GetHighVoltage ===>> 4500
positioning Ar40 (5.87943) on H1
setting magnet DAC
current  : 5.879427
requested: 5.879430
Delta Dac: 0.000003
Checking detector protection. dv=0.00000
Checking detector "CDD". Protection Threshold: 0.1 (V)
SetMagnetDAC 5.87943 ===>> OK
Magnet settling time: 0.500
equilibrate () {'delay': 3, 'inlet': 'R', 'outlet': 'O', 'eqtime': 12.0}
Equilibration Started
23:03:27 -- ******* Equilibration Started *******
checking ownership. requestor=129.138.12.150
check software interlocks O
interlocks []
actuate state mode=None-script, software_lock=False
doing actuation None-script close_channel True
Close O ===>> OK
GetIndicatorState O ===>> False
change switch state (True, True)
update switch state O False args=() kw={} ncanvase=2
23:03:27 -- CLOSE  VALVE-O (Jan Ion Pump)
waiting 3s before opening inlet value ('R',)
update labels <pychron.experiment.plot_panel.PlotPanel object at 0x1ce0d0830>
update labels "<pychron.graph.stacked_regression_graph.StackedRegressionGraph object at 0x1f0623410>"
setting label 0 H2 PM41
setting label 1 H1 Ar40
setting label 2 AX Ar39
setting label 3 L1 Ar38
setting label 4 L2 Ar37
setting label 5 CDD Ar36
update labels "<pychron.graph.stacked_graph.StackedGraph object at 0x1f0484710>"
setting label 0 H2 PM41
setting label 1 H1 Ar40
setting label 2 AX Ar39
setting label 3 L1 Ar38
setting label 4 L2 Ar37
setting label 5 CDD Ar36
checking ownership. requestor=129.138.12.150
check software interlocks R
interlocks []
actuate state mode=None-script, software_lock=False
doing actuation None-script open_channel True
Open R ===>> OK
set states for children of R. state=True
handle state [('R', True)]
update switch state R True args=() kw={'refresh': False} ncanvase=2
refresh_canvas_needed fired
GetIndicatorState R ===>> OK
change switch state (True, True)
update switch state R True args=() kw={} ncanvase=2
23:03:30 -- OPEN   VALVE-R (Jan Inlet)
set_time_zero () {}
equilibrating for 12.0sec
sniff (12.0,) {}
py_sniff
build tables- sniff [Detector(H2), Detector(H1), Detector(AX), Detector(L1), Detector(L2), Detector(CDD)]
add group /sniff/PM41 (Group) '' table H2
add group /sniff/Ar40 (Group) '' table H1
add group /sniff/Ar39 (Group) '' table AX
add group /sniff/Ar38 (Group) '' table L1
add group /sniff/Ar37 (Group) '' table L2
add group /sniff/Ar36 (Group) '' table CDD
flush and close file /Users/jan/PychronDev/data/isotopes/dc/99186a-172e-4385-8609-ad2b0b937e08.h5
measuring sniff. ncounts=12.0
"sniff" increment series count="1" fit count="0" regressing="False"
starting measurement
GetData ===>> H2,-0.256348159592419,H1,0.0170567413351421,AX,-0.0261210473018884,L1,-0.00526012439774562,L2,0.0...
GetData ===>> H2,0.646737651314812,H1,407.986306403532,AX,104.905825155193,L1,0.441566811129979,L2,0.8113041110...
GetData ===>> H2,0.969599676887529,H1,1041.64301443039,AX,258.199292498508,L1,1.75625782592669,L2,1.47263451375...
GetData ===>> H2,0.332833422023868,H1,1257.48325415914,AX,304.298032958196,L1,2.77137527255057,L2,1.47537975452...
GetData ===>> H2,0.0636207237399803,H1,1331.74525827646,AX,318.352630238405,L1,3.33696110098705,L2,1.4259314581...
GetData ===>> H2,0.0252874344352602,H1,1359.92553717972,AX,323.586855141913,L1,3.63711986082157,L2,1.4301334619...
GetData ===>> H2,0.0372765009564401,H1,1372.17725681894,AX,326.044985134632,L1,3.86163753313417,L2,1.4740932721...
GetData ===>> H2,0.0722235118836621,H1,1377.84751665286,AX,327.194175124514,L1,4.01871003741658,L2,1.4941620553...
GetData ===>> H2,0.0564962125105584,H1,1379.75183402209,AX,327.234513229702,L1,4.06646965258415,L2,1.5530042562...
GetData ===>> H2,-0.115775147999506,H1,1380.26324670815,AX,327.543511037686,L1,4.14184113467409,L2,1.5079955210...
GetData ===>> H2,-0.165283766551077,H1,1380.31081591761,AX,327.416229056274,L1,4.18152164669243,L2,1.4996423520...
Equilibration Finished
23:03:42 -- ******* Equilibration Finished *******
checking ownership. requestor=129.138.12.150
check software interlocks R
interlocks []
actuate state mode=None-script, software_lock=False
doing actuation None-script close_channel True
GetData ===>> H2,-0.0774301350087465,H1,1380.44878142132,AX,327.678505809722,L1,4.21086355306396,L2,1.533289239...
Close R ===>> OK
GetIndicatorState R ===>> False
change switch state (True, True)
update switch state R False args=() kw={} ncanvase=2
23:03:43 -- CLOSE  VALVE-R (Jan Inlet)
Post Equilibration Started jan_pump_extraction_line.py
23:03:43 -- ******* Post Equilibration Started jan_pump_extraction_line.py *******
testing...
no interpolation path defined
calculate duration
testing...
no interpolation path defined
executed snippet estimated_duration=4.0, duration=0.0001380443573
executed snippet estimated_duration=4.0, duration=0.00124382972717
Pump after analysis
doing GOSUB
testing...
no interpolation path defined
executed snippet estimated_duration=4.0, duration=0.000130891799927
Pump Microbone
close () {'description': 'Jan Inlet'}
closing name=--- desc=Jan Inlet
checking ownership. requestor=129.138.12.150
check software interlocks R
interlocks []
actuate state mode=None-script, software_lock=False
doing actuation None-script close_channel False
Close R ===>> OK
measurement finished
estimated time: 12.583 actual time: :12.672
flush and close file /Users/jan/PychronDev/data/isotopes/dc/99186a-172e-4385-8609-ad2b0b937e08.h5
set_fits () {}
using default fits file=/Users/jan/PychronDev/scripts/measurement/fits/nominal_linear.yaml
set "Ar40" to "('Linear', 'SEM')"
No fit for "PM41". defaulting to linear. check the measurement script "jan_unknown120_60.py"
set "PM41" to "linear"
set "Ar36" to "('Linear', 'SEM')"
set "Ar37" to "('linear', 'SEM')"
set "Ar38" to "('linear', 'SEM')"
set "Ar39" to "('Linear', 'SEM')"
set_baseline_fits () {}
using default fits file=/Users/jan/PychronDev/scripts/measurement/fits/nominal_linear.yaml
set "H1" to "('average', 'SEM')"
set "H2" to "('average', 'SEM')"
set "CDD" to "('average', 'SEM')"
set "L2" to "('average', 'SEM')"
set "L1" to "('average', 'SEM')"
set "AX" to "('average', 'SEM')"
multicollect () {'integration_time': 1, 'ncounts': 120}
build tables- signal [Detector(H2), Detector(H1), Detector(AX), Detector(L1), Detector(L2), Detector(CDD)]
add group /signal/PM41 (Group) '' table H2
add group /signal/Ar40 (Group) '' table H1
add group /signal/Ar39 (Group) '' table AX
GetIndicatorState R ===>> False
add group /signal/Ar38 (Group) '' table L1
change switch state (True, True)
add group /signal/Ar37 (Group) '' table L2
update switch state R False args=() kw={} ncanvase=2
add group /signal/Ar36 (Group) '' table CDD
flush and close file /Users/jan/PychronDev/data/isotopes/dc/99186a-172e-4385-8609-ad2b0b937e08.h5
measuring signal. ncounts=120
23:03:44 -- CLOSE  VALVE-R (Jan Inlet)
---------------------------------------- close None (Jan Inlet) result=[(True, True)]
action=close, ok=True, locked=[False]
is_closed ('F',) {}
is F () closed?
is closed True
open () {'description': 'CO2 Laser to Jan'}
opening name=--- desc=CO2 Laser to Jan
checking ownership. requestor=129.138.12.150
check software interlocks A
interlocks []
actuate state mode=None-script, software_lock=False
doing actuation None-script open_channel False
Open A ===>> OK
GetIndicatorState A ===>> OK
change switch state (True, True)
update switch state A True args=() kw={} ncanvase=2
23:03:44 -- OPEN   VALVE-A (CO2 Laser to Jan)
---------------------------------------- open None (CO2 Laser to Jan) result=[(True, True)], time=0.14 sec
"signal" increment series count="2" fit count="1" regressing="True"
starting measurement
GetData ===>> H2,-0.00156919308847929,H1,1380.60008811892,AX,327.719320305794,L1,4.195288552995,L2,1.5912680936...
action=open, ok=True, locked=[False]
sleep (1,) {}
SLEEP 1.0
GetData ===>> H2,0.0460634096253241,H1,1380.21551233329,AX,327.581291335912,L1,4.22477677177675,L2,1.4567848617...
close () {'description': 'CO2 Laser to Roughing'}
closing name=--- desc=CO2 Laser to Roughing
checking ownership. requestor=129.138.12.150
check software interlocks G
interlocks []
actuate state mode=None-script, software_lock=True
VALVE-G(CO2 Laser to Roughing) software locked
change switch state (True, False)
---------------------------------------- close None (CO2 Laser to Roughing) result=[(True, False)]
action=close, ok=True, locked=[True]
open () {'description': 'Microbone to Turbo'}
opening name=--- desc=Microbone to Turbo
checking ownership. requestor=129.138.12.150
check software interlocks U
interlocks []
actuate state mode=None-script, software_lock=False
doing actuation None-script open_channel True
Open U ===>> OK
GetIndicatorState U ===>> OK
change switch state (True, True)
update switch state U True args=() kw={} ncanvase=2
23:03:45 -- OPEN   VALVE-U (Microbone to Turbo)
---------------------------------------- open None (Microbone to Turbo) result=[(True, True)], time=0.20 sec
action=open, ok=True, locked=[False]
open () {'description': 'Microbone to Getter NP-10'}
opening name=--- desc=Microbone to Getter NP-10
checking ownership. requestor=129.138.12.150
check software interlocks M
interlocks []
actuate state mode=None-script, software_lock=False
doing actuation None-script open_channel False
Open M ===>> OK
GetIndicatorState M ===>> OK
change switch state (True, True)
update switch state M True args=() kw={} ncanvase=2
23:03:46 -- OPEN   VALVE-M (Microbone to Getter NP-10)
---------------------------------------- open None (Microbone to Getter NP-10) result=[(True, True)], time=0.16 sec
action=open, ok=True, locked=[False]
open () {'description': 'Microbone to Getter D-50'}
opening name=--- desc=Microbone to Getter D-50
checking ownership. requestor=129.138.12.150
check software interlocks K
interlocks []
actuate state mode=None-script, software_lock=False
doing actuation None-script open_channel False
GetData ===>> H2,-0.144067442216631,H1,1379.46416043357,AX,327.676762292042,L1,4.2128236175736,L2,1.50350287390...
Open K ===>> OK
GetIndicatorState K ===>> OK
change switch state (True, True)
update switch state K True args=() kw={} ncanvase=2
23:03:47 -- OPEN   VALVE-K (Microbone to Getter D-50)
---------------------------------------- open None (Microbone to Getter D-50) result=[(True, True)], time=0.42 sec
action=open, ok=True, locked=[False]
open () {'description': 'Microbone to CO2 Laser'}
opening name=--- desc=Microbone to CO2 Laser
checking ownership. requestor=129.138.12.150
check software interlocks T
interlocks []
actuate state mode=None-script, software_lock=False
doing actuation None-script open_channel False
Open T ===>> OK
GetIndicatorState T ===>> OK
change switch state (True, True)
update switch state T True args=() kw={} ncanvase=2
23:03:47 -- OPEN   VALVE-T (Microbone to CO2 Laser)
---------------------------------------- open None (Microbone to CO2 Laser) result=[(True, True)], time=0.42 sec
GetData ===>> H2,-0.145344206361583,H1,1379.1483185631,AX,327.1962898433,L1,4.16941543079738,L2,1.6024824697418...
action=open, ok=True, locked=[False]
open () {'description': 'Microbone to Inlet Pipette'}
opening name=--- desc=Microbone to Inlet Pipette
checking ownership. requestor=129.138.12.150
check software interlocks S
interlocks []
actuate state mode=None-script, software_lock=False
doing actuation None-script open_channel False
Open S ===>> OK
GetIndicatorState S ===>> OK
change switch state (True, True)
update switch state S True args=() kw={} ncanvase=2
23:03:48 -- OPEN   VALVE-S (Microbone to Inlet Pipette)
---------------------------------------- open None (Microbone to Inlet Pipette) result=[(True, True)], time=0.43 sec
action=open, ok=True, locked=[False]
sleep (1,) {}
SLEEP 1.0
GetData ===>> H2,-0.0375184724317787,H1,1378.4539362223,AX,327.097541523987,L1,4.17856591474529,L2,1.4147384895...
set_resource () {'name': 'CO2PumpTimeFlag', 'value': 30}
Set CO2PumpTimeFlag 30 ===>> OK
release ('JanCO2Flag',) {}
release JanCO2Flag
Set JanCO2Flag 0 ===>> OK
executed snippet estimated_duration=6.0, duration=6.02629995346
PumpMicrobone.py completed successfully
gosub finished
get_resource_value () {'name': 'JanMiniboneFlag'}
Read JanMiniboneFlag ===>> 0
Get Resource Value JanMiniboneFlag=0.0
get resource value 0.0
get_resource_value () {'name': 'JanMiniboneFlag'}
Read JanMiniboneFlag ===>> 0
Get Resource Value JanMiniboneFlag=0.0
executed snippet estimated_duration=4.0, duration=6.04590201378
jan_pump_extraction_line.py completed successfully
Post Equilibration Finished
23:03:49 -- ******* Post Equilibration Finished *******
GetData ===>> H2,-0.0109876286297438,H1,1378.18277391451,AX,327.240858418264,L1,4.23228016032832,L2,1.520417458...
GetData ===>> H2,-0.0800508650826308,H1,1377.49531343361,AX,327.1759830311,L1,4.23119716318088,L2,1.49929767015...
GetData ===>> H2,-0.0732931937069801,H1,1377.01769120457,AX,327.121799241126,L1,4.19469281131438,L2,1.533059371...
GetData ===>> H2,-0.0970766454723953,H1,1376.3575279412,AX,326.91521505875,L1,4.19639314394179,L2,1.46940694574...
GetData ===>> H2,-0.100527929739083,H1,1375.54004961855,AX,326.317049812669,L1,4.16730036960374,L2,1.5336915104...
GetData ===>> H2,-0.0474200818586396,H1,1374.77237677395,AX,326.382044069033,L1,4.1692662055089,L2,1.5120517224...
GetData ===>> H2,-0.0342805475286739,H1,1374.30681774684,AX,326.505265908529,L1,4.1866248726484,L2,1.5724386881...
GetData ===>> H2,-0.0680642902672387,H1,1373.74099592847,AX,326.089544991668,L1,4.18229402249506,L2,1.411765396...
GetData ===>> H2,-0.0783503049981335,H1,1373.48244505355,AX,326.173130803515,L1,4.1547653256613,L2,1.4928523450...
GetData ===>> H2,-0.0696280601944041,H1,1372.94561473203,AX,326.212714071059,L1,4.14225055441859,L2,1.526611788...
GetData ===>> H2,-0.10006086942587,H1,1372.67932264821,AX,325.981179181439,L1,4.12583085531305,L2,1.42489820653...
GetData ===>> H2,-0.0557088663497518,H1,1372.08391868737,AX,325.906466509345,L1,4.12988021044673,L2,1.544367988...
GetData ===>> H2,-0.0661163976892838,H1,1371.24758510513,AX,325.664719272798,L1,4.14803598809647,L2,1.444704124...
GetData ===>> H2,-0.0831721877170044,H1,1370.46162392417,AX,325.592081879773,L1,4.13821193575911,L2,1.486430426...
GetData ===>> H2,-0.0501063196664478,H1,1370.37728012633,AX,325.527688326966,L1,4.12936094974319,L2,1.458162988...
GetData ===>> H2,-0.0478422662971035,H1,1369.80923801293,AX,325.605446236885,L1,4.09586858457423,L2,1.481640114...
GetData ===>> H2,-0.160134060080841,H1,1368.46035928521,AX,325.285893420765,L1,4.11778388219406,L2,1.4873035066...
GetData ===>> H2,-0.188879483930147,H1,1367.60235581615,AX,325.313592382895,L1,4.15011467076843,L2,1.4241634565...
GetData ===>> H2,-0.0439020233441975,H1,1367.34463581682,AX,325.219341252482,L1,4.16841869857208,L2,1.507811674...
23:04:09 -- collecting point 25
GetData ===>> H2,-0.0797310978962643,H1,1367.47845618001,AX,324.808523527345,L1,4.16862586147739,L2,1.549087980...
GetData ===>> H2,-0.178555651194114,H1,1367.02166473673,AX,324.853447061818,L1,4.13467057125326,L2,1.4868784535...
GetData ===>> H2,-0.0256714755179727,H1,1366.00836786443,AX,324.747234475822,L1,4.11148210948865,L2,1.467132781...
GetData ===>> H2,-0.0866149448385453,H1,1365.77975261701,AX,324.440550936817,L1,4.04647134469443,L2,1.425081894...
GetData ===>> H2,-0.141032354983451,H1,1365.60863270017,AX,324.154077698579,L1,4.03929194935447,L2,1.3997591660...
GetData ===>> H2,-0.110998570502303,H1,1364.92355048068,AX,324.252141250192,L1,4.06355633049755,L2,1.4644452014...
GetData ===>> H2,-0.079935695733647,H1,1363.84750453393,AX,323.983352881063,L1,4.10138713877155,L2,1.5726109967...
GetData ===>> H2,-0.0802053256726438,H1,1363.40293607077,AX,323.613421315198,L1,4.07445765234155,L2,1.460861878...
GetData ===>> H2,-0.122604233773854,H1,1363.28356171682,AX,323.764627273363,L1,4.04939302113464,L2,1.4322804581...
GetData ===>> H2,-0.0848991139745761,H1,1362.50952452527,AX,323.621787467613,L1,4.06507780479383,L2,1.521509194...
GetData ===>> H2,-0.156658643710197,H1,1361.95786524481,AX,323.611784018791,L1,4.10169331738497,L2,1.5059272687...
GetData ===>> H2,-0.130744045014196,H1,1361.15056537804,AX,323.503930599345,L1,4.10896877838095,L2,1.5714278173...
GetData ===>> H2,-0.15214038679416,H1,1360.8705062453,AX,323.501213223597,L1,4.09610821840749,L2,1.452489825231...
GetData ===>> H2,-0.110400172390577,H1,1360.13690717828,AX,323.329823319887,L1,4.10958586203285,L2,1.4578529085...
GetData ===>> H2,0.00328897905020458,H1,1359.8650058872,AX,322.963601582013,L1,4.1026725631742,L2,1.46794825829...
GetData ===>> H2,-0.0388133848084776,H1,1359.70283029793,AX,323.071783114701,L1,4.10266534130803,L2,1.479204843...
GetData ===>> H2,-0.13760981323071,H1,1358.9144873383,AX,322.856035685298,L1,4.06248636550748,L2,1.413762753849...
GetData ===>> H2,-0.139925413588449,H1,1358.0440192015,AX,322.753121957402,L1,4.11306495160618,L2,1.50103258171...
GetData ===>> H2,-0.204454324264433,H1,1357.75421244755,AX,322.5795571816,L1,4.10188251652643,L2,1.498516395677...
GetData ===>> H2,-0.117095830419195,H1,1357.21854443302,AX,322.41818761684,L1,4.0814600573907,L2,1.492461733149...
GetData ===>> H2,-0.124056643351975,H1,1356.99942499005,AX,322.336784034036,L1,4.06952939567146,L2,1.4637675756...
GetData ===>> H2,-0.190698297904424,H1,1355.82711986108,AX,322.237548981817,L1,4.03379518774034,L2,1.5345650186...
GetData ===>> H2,-0.109165368948347,H1,1355.2671249694,AX,322.312818263038,L1,4.07733371683034,L2,1.41771167434...
GetData ===>> H2,-0.0913686919321186,H1,1355.0254706794,AX,322.203264512859,L1,4.08386148446919,L2,1.4728757242...
GetData ===>> H2,-0.024750145199933,H1,1354.06384565744,AX,321.981808674393,L1,4.05918477886759,L2,1.4464380531...
23:04:36 -- collecting point 50
GetData ===>> H2,0.00236440477083735,H1,1354.0298477836,AX,321.794572746576,L1,4.10576969593019,L2,1.4079659398...
GetData ===>> H2,-0.0409780301871165,H1,1353.50730422198,AX,321.87706281387,L1,4.06745774530766,L2,1.4451749229...
GetData ===>> H2,-0.0663565111006465,H1,1353.21490827736,AX,321.2821571603,L1,4.02096095851082,L2,1.53732862352...
GetData ===>> H2,-0.113129261608696,H1,1352.17004828447,AX,321.226910763949,L1,4.02454689144335,L2,1.5645587714...
GetData ===>> H2,-0.0357115929977496,H1,1351.66500757892,AX,321.085627465756,L1,4.04892452525333,L2,1.532944437...
GetData ===>> H2,-0.0635619010593052,H1,1351.54180263748,AX,320.892516692789,L1,4.05751846849472,L2,1.577918251...
GetData ===>> H2,-0.0569636000377905,H1,1350.90851787772,AX,320.972745863896,L1,4.03779695844384,L2,1.552303679...
GetData ===>> H2,-0.106492429103822,H1,1350.43885474449,AX,320.875066850991,L1,4.04327805494775,L2,1.4948169172...
GetData ===>> H2,-0.139292827144197,H1,1349.50072000884,AX,320.675550913587,L1,4.03668663686572,L2,1.3878118120...
GetData ===>> H2,-0.11383444043746,H1,1349.3170991186,AX,320.79804257675,L1,4.02679170017797,L2,1.5117874321579...
GetData ===>> H2,-0.0699128520507674,H1,1349.22253066148,AX,320.468879512636,L1,4.00533220165438,L2,1.393733658...
GetData ===>> H2,0.0128082891736765,H1,1348.25766326458,AX,320.159001612613,L1,4.03429496757886,L2,1.5067086032...
GetData ===>> H2,-0.03131469716454,H1,1347.70183167867,AX,320.178913237368,L1,4.05962301624625,L2,1.46995826643...
GetData ===>> H2,-0.136163167999029,H1,1346.84485119963,AX,320.211069621275,L1,4.0697991979613,L2,1.38059361969...
GetData ===>> H2,-0.170301600792678,H1,1346.02016626945,AX,320.140932149113,L1,4.05368817214163,L2,1.4277224537...
GetData ===>> H2,-0.113579985564218,H1,1345.59034372141,AX,319.833949977186,L1,4.05260811316648,L2,1.3702894109...
GetData ===>> H2,-0.134724451853423,H1,1344.90730226394,AX,319.612185599472,L1,4.03548282363968,L2,1.4069443593...
GetData ===>> H2,-0.158768603836616,H1,1345.00823573866,AX,319.547742620508,L1,4.06421537218446,L2,1.4978155519...
GetData ===>> H2,-0.138872435016787,H1,1344.26330800014,AX,319.597107620696,L1,4.06615809554767,L2,1.4946330958...
GetData ===>> H2,-0.0657537082423229,H1,1344.32222274209,AX,319.666007709159,L1,4.00587746453762,L2,1.446943309...
GetData ===>> H2,-0.128991283546933,H1,1343.71387172999,AX,319.498299407919,L1,4.00463303515285,L2,1.4954488056...
GetData ===>> H2,-0.173045758642185,H1,1342.92862486553,AX,319.390115907027,L1,4.01992611597164,L2,1.4819043224...
GetData ===>> H2,-0.154075366469742,H1,1342.3448760131,AX,319.364447775167,L1,4.00578250933593,L2,1.50482421897...
GetData ===>> H2,-0.0972933124321942,H1,1341.87620366969,AX,319.125823751,L1,3.98638118222733,L2,1.416678510910...
GetData ===>> H2,-0.0835663563384792,H1,1341.11024006441,AX,318.921603751283,L1,4.03802738815099,L2,1.388844665...
23:05:02 -- collecting point 75
GetData ===>> H2,-0.0964848527891373,H1,1340.70067065132,AX,318.786891193379,L1,4.04493944027421,L2,1.476999368...
GetData ===>> H2,-0.125619736896338,H1,1340.13325727986,AX,318.474678473994,L1,4.02309425162306,L2,1.4800778584...
GetData ===>> H2,-0.139334730328745,H1,1338.99520904034,AX,318.358255967184,L1,4.03970821768426,L2,1.4810542657...
GetData ===>> H2,-0.119279490775549,H1,1338.82016447336,AX,318.332666012014,L1,4.01877623499193,L2,1.3562806679...
GetData ===>> H2,-0.0762943881121085,H1,1338.36203478501,AX,318.308087383517,L1,4.01913888901597,L2,1.473794626...
GetData ===>> H2,-0.065639858523075,H1,1337.65147934224,AX,318.223612549824,L1,4.00188998897503,L2,1.4772176163...
GetData ===>> H2,-0.218246769089779,H1,1337.22905947858,AX,318.060549418966,L1,3.96604134717339,L2,1.5084781196...
GetData ===>> H2,-0.104447771961112,H1,1337.10375565358,AX,318.218079452176,L1,3.95482302806304,L2,1.4139579001...
GetData ===>> H2,-0.0680642902672387,H1,1336.16556917499,AX,317.734798012322,L1,3.96316185659556,L2,1.404419150...
GetData ===>> H2,-0.0276660772010273,H1,1335.59827319242,AX,317.544188736656,L1,3.98394042866182,L2,1.483351733...
GetData ===>> H2,-0.0258888877433037,H1,1335.19926788396,AX,317.377565853535,L1,4.00960432663271,L2,1.503525853...
GetData ===>> H2,-0.0787310899464901,H1,1334.57346290951,AX,317.345773064751,L1,4.018498495423,L2,1.48512082130...
GetData ===>> H2,-0.0659217700319275,H1,1334.36224906061,AX,317.427551367401,L1,3.9724878674951,L2,1.4518582183...
GetData ===>> H2,-0.168285556870888,H1,1334.51711609737,AX,317.149014581851,L1,4.01925833697093,L2,1.4967930184...
GetData ===>> H2,-0.170652415159446,H1,1333.35945674834,AX,317.439698283431,L1,4.06948466966971,L2,1.5127641606...
GetData ===>> H2,-0.157498892566031,H1,1332.33781873234,AX,317.007539611179,L1,4.0257030814474,L2,1.47782641574...
GetData ===>> H2,-0.129116987449095,H1,1332.02735643996,AX,316.722536216061,L1,4.01527257931601,L2,1.4775622192...
GetData ===>> H2,-0.147384028537671,H1,1331.14851505779,AX,316.918694124939,L1,4.01570274760127,L2,1.4261495904...
GetData ===>> H2,-0.112761089428124,H1,1331.40591018038,AX,316.611280670324,L1,4.02746133581261,L2,1.4642958936...
GetData ===>> H2,-0.160166472473429,H1,1331.16211467776,AX,316.451906067372,L1,4.02227227019425,L2,1.4617576965...
GetData ===>> H2,-0.0440404025630971,H1,1329.90638797485,AX,316.498541561105,L1,4.0097410480805,L2,1.4134757746...
GetData ===>> H2,-0.0193673859550407,H1,1329.64312241725,AX,316.495860779678,L1,4.01799339993167,L2,1.333783563...
GetData ===>> H2,0.0237386521714529,H1,1329.05206559234,AX,316.51027031046,L1,3.95964421081049,L2,1.50839768634...
GetData ===>> H2,-0.119583871041734,H1,1328.55379853708,AX,316.29077980419,L1,3.9746149553777,L2,1.511959795298...
GetData ===>> H2,-0.0864131754798776,H1,1327.82965086992,AX,315.909721672393,L1,4.00364046090252,L2,1.405945746...
23:05:28 -- collecting point 100
GetData ===>> H2,-0.149323545568848,H1,1327.79067414579,AX,315.598099646982,L1,4.01688111310574,L2,1.3904743024...
GetData ===>> H2,-0.10554254150872,H1,1327.16882503713,AX,315.771167720922,L1,4.0089826233634,L2,1.484592389131...
GetData ===>> H2,-0.079667414374574,H1,1326.52920439385,AX,315.926395934872,L1,3.98236383217704,L2,1.4928982995...
GetData ===>> H2,-0.0548786313944245,H1,1326.32556302133,AX,315.611055236385,L1,3.9523128711233,L2,1.4691312865...
GetData ===>> H2,-0.12987658785188,H1,1325.92638567888,AX,315.167128502009,L1,4.00171164782569,L2,1.44032924938...
GetData ===>> H2,-0.023921156058182,H1,1325.29425409443,AX,315.024285205922,L1,3.99837255254319,L2,1.4153239356...
GetData ===>> H2,-0.0994760016144386,H1,1324.01702427355,AX,315.213799681742,L1,3.95245789455891,L2,1.505938758...
GetData ===>> H2,-0.217295433215529,H1,1323.52832805076,AX,315.026988693646,L1,3.96736571293185,L2,1.3983474418...
GetData ===>> H2,-0.200985892140513,H1,1322.9619533751,AX,314.956282179777,L1,3.97948711065704,L2,1.45226014952...
GetData ===>> H2,-0.227571280166588,H1,1322.5764110557,AX,314.742907474782,L1,3.97768699415728,L2,1.46157393831...
GetData ===>> H2,-0.197156306020066,H1,1322.93290281052,AX,314.593944414661,L1,3.96374631599251,L2,1.4465643671...
GetData ===>> H2,-0.160914632769423,H1,1322.14178296676,AX,314.571640440061,L1,4.02865093062256,L2,1.4292149755...
GetData ===>> H2,-0.106127097120651,H1,1321.26561464704,AX,314.37876665646,L1,4.0625440431485,L2,1.499481500365...
GetData ===>> H2,-0.0979947433802395,H1,1320.7085588061,AX,314.612608425369,L1,4.01868557318707,L2,1.4365401483...
GetData ===>> H2,-0.0211928044998985,H1,1320.61573626606,AX,314.373640556846,L1,4.02251842689262,L2,1.525853277...
GetData ===>> H2,-0.0538502499173147,H1,1319.84895339587,AX,313.858902056347,L1,3.92726180374241,L2,1.382865742...
GetData ===>> H2,-0.0435818453736763,H1,1319.18504578266,AX,313.781374429883,L1,3.94582880559706,L2,1.444451501...
GetData ===>> H2,-0.0546547831769128,H1,1319.07583600937,AX,313.898632893269,L1,3.99171432248061,L2,1.514683173...
GetData ===>> H2,-0.0455411034275808,H1,1318.23544977433,AX,313.66396900916,L1,4.00367354539608,L2,1.4598512214...
GetData ===>> H2,-0.0670781774104642,H1,1317.56074980204,AX,313.461080289931,L1,3.98334971978498,L2,1.488555701...
GetData ===>> H2,-0.0580961327805243,H1,1317.15841650509,AX,313.724195003743,L1,3.95572001721227,L2,1.360169868...
measurement finished
estimated time: 125.829 actual time: :126.256
flush and close file /Users/jan/PychronDev/data/isotopes/dc/99186a-172e-4385-8609-ad2b0b937e08.h5
baselines () {'settling_time': 15.0, 'detector': 'H1', 'mass': 34.2, 'ncounts': 60}
%%%%%%%%%%%%%%%%%%%%%%%%%%%%%%%% Baseline
build tables- baseline [Detector(H2), Detector(H1), Detector(AX), Detector(L1), Detector(L2), Detector(CDD)]
add group baseline table H2
add group baseline table H1
add group baseline table AX
add group baseline table L1
add group baseline table L2
add group baseline table CDD
flush and close file /Users/jan/PychronDev/data/isotopes/dc/99186a-172e-4385-8609-ad2b0b937e08.h5
detector Detector(H1)
POSITION 34.2 H1
Mapping mass to dac mass func: "parabolic"
H1 map mass coeffs = [-0.00063987  0.15840543  0.57103999]
H1 map mass to dac 34.2 >> 5.24008599104
GetDeflection H1 ===>> 0
GetHighVoltage ===>> 4500
positioning 34.2 (5.24008599104) on H1
setting magnet DAC
current  : 5.879430
requested: 5.240086
Delta Dac: 0.639344
Checking detector protection. dv=0.63934
Checking detector "CDD". Protection Threshold: 0.1 (V)
ProtectDetector CDD,On ===>> OK
GetDeflection CDD ===>> 2000
Protected = 2000
SetMagnetDAC 5.24008599104 ===>> OK
Magnet settling time: 0.500
GetMagnetMoving ===>> True
GetMagnetMoving ===>> True
GetMagnetMoving ===>> True
GetMagnetMoving ===>> True
GetMagnetMoving ===>> True
GetMagnetMoving ===>> True
GetMagnetMoving ===>> True
GetMagnetMoving ===>> True
GetMagnetMoving ===>> False
ProtectDetector CDD,Off ===>> OK
GetDeflection CDD ===>> 50
Delaying 15.0s for detectors to settle
Join finished
measuring baseline. ncounts=60
"baseline" increment series count="2" fit count="1" regressing="True"
starting measurement
GetData ===>> H2,-0.12831002527601,H1,-0.0674598427506055,AX,-0.199832721784575,L1,-0.0724662861378907,L2,0.021...
GetData ===>> H2,-0.186413034304274,H1,-0.0869361189071548,AX,-0.120538229829628,L1,-0.0674003688100674,L2,0.02...
GetData ===>> H2,-0.186413034304274,H1,-0.0869361189071548,AX,-0.120538229829628,L1,-0.0674003688100674,L2,0.02...
GetData ===>> H2,-0.179952408104799,H1,0.041064019034809,AX,-0.178844603210678,L1,-0.0448223458714834,L2,-0.078...
GetData ===>> H2,-0.141235079798713,H1,-0.0155085427837818,AX,-0.0575920279950443,L1,-0.0576211074135198,L2,-0....
GetData ===>> H2,-0.182664458388697,H1,-0.049231668259586,AX,-0.0499397414621819,L1,-0.0455621706241668,L2,-0.0...
GetData ===>> H2,-0.182664458388697,H1,-0.049231668259586,AX,-0.0499397414621819,L1,-0.0455621706241668,L2,-0.0...
GetData ===>> H2,-0.177299097530183,H1,-0.0769839055233533,AX,-0.0603281541003927,L1,-0.0539765359726728,L2,-0....
GetData ===>> H2,-0.13858720833582,H1,0.00585451970078772,AX,-0.175309438464399,L1,-0.0215234959340324,L2,-0.01...
GetData ===>> H2,-0.24534868786097,H1,-0.0275657459211097,AX,-0.0692200326535768,L1,-0.0727029040385983,L2,-0.0...
GetData ===>> H2,-0.284277679336188,H1,-0.0489812908835095,AX,-0.059157194294338,L1,-0.0366555157408681,L2,-0.0...
GetData ===>> H2,-0.284277679336188,H1,-0.0489812908835095,AX,-0.059157194294338,L1,-0.0366555157408681,L2,-0.0...
GetData ===>> H2,-0.197374789108222,H1,-0.0486951445437754,AX,-0.17955162073939,L1,0.0154685145032609,L2,-0.040...
GetData ===>> H2,-0.308742839708629,H1,-0.0268979269691936,AX,-0.14509882301804,L1,0.0114009336781761,L2,-0.007...
GetData ===>> H2,-0.265784734918873,H1,-0.0943013112997491,AX,-0.120190636628964,L1,-0.018906237240246,L2,-0.01...
GetData ===>> H2,-0.265784734918873,H1,-0.0943013112997491,AX,-0.120190636628964,L1,-0.018906237240246,L2,-0.01...
GetData ===>> H2,-0.226060593259849,H1,-0.025812711668549,AX,-0.133747129834459,L1,-0.0395414321310808,L2,-0.03...
GetData ===>> H2,-0.191033984765831,H1,0.00966003267588462,AX,-0.0909999631246668,L1,-0.0412397701527601,L2,-0....
GetData ===>> H2,-0.270146297477588,H1,0.0283198764209793,AX,0.0343911920689251,L1,-0.0171746117310147,L2,0.024...
GetData ===>> H2,-0.133243627710461,H1,0.00146464054842106,AX,-0.080881421367905,L1,-0.0373192660222672,L2,-0.0...
GetData ===>> H2,-0.133243627710461,H1,0.00146464054842106,AX,-0.080881421367905,L1,-0.0373192660222672,L2,-0.0...
GetData ===>> H2,-0.191459982672176,H1,0.0995559903426148,AX,0.0177744229787839,L1,-0.037479805536557,L2,-0.036...
GetData ===>> H2,-0.0970089362003031,H1,-0.0398122783382025,AX,-0.100688668624597,L1,0.0232733084806762,L2,0.02...
GetData ===>> H2,-0.236738781891042,H1,-0.0128130643111344,AX,0.00904943411772044,L1,0.0173996293073111,L2,0.03...
23:06:34 -- collecting point 25
GetData ===>> H2,-0.185579525244221,H1,-0.0214836588200427,AX,-0.0974321659312737,L1,-0.0188906491433186,L2,-0....
GetData ===>> H2,-0.257483941295634,H1,-0.0875558647239981,AX,-0.123828717266251,L1,-0.0365357005508768,L2,-0.0...
GetData ===>> H2,-0.270814159831909,H1,0.0483556391725372,AX,-0.0904088745057235,L1,-0.0442069808746037,L2,-0.0...
GetData ===>> H2,-0.105315206202803,H1,-0.0540244858348025,AX,-0.0215746554526347,L1,-0.072534403984288,L2,-0.0...
GetData ===>> H2,-0.152074227408939,H1,-0.0572911006008646,AX,-0.000162005977245862,L1,-0.0408828794931858,L2,0...
GetData ===>> H2,-0.267576607106948,H1,0.0543707304397458,AX,-0.02519322947846,L1,0.0133936990596174,L2,0.03407...
GetData ===>> H2,-0.261621868676036,H1,0.0680015005795067,AX,-0.0863522870959949,L1,-0.00883289983044666,L2,0.0...
GetData ===>> H2,-0.127584115806668,H1,0.0687296412084539,AX,-0.0299945911675891,L1,-0.0260718054364716,L2,-0.0...
GetData ===>> H2,-0.194258228491849,H1,-0.00608597840037179,AX,-0.116587180605575,L1,-0.0234341562916603,L2,-0....
GetData ===>> H2,-0.25667076010195,H1,0.0834291605454897,AX,-0.0521891123708591,L1,-0.0203114648998408,L2,0.030...
GetData ===>> H2,-0.311760132948124,H1,0.0966214774412723,AX,-0.0790615948848908,L1,-0.0180452584845697,L2,0.02...
GetData ===>> H2,-0.185590315397615,H1,0.049716163906788,AX,-0.106517652155125,L1,-0.0381590749544452,L2,-0.032...
GetData ===>> H2,-0.0281456534880233,H1,-0.0168801079463375,AX,-0.0898061922165281,L1,-0.00627367895574456,L2,0...
GetData ===>> H2,-0.175995157601445,H1,0.0371976470460613,AX,-0.0541369791920331,L1,-0.00973099134178317,L2,-0....
GetData ===>> H2,-0.294979709467392,H1,-0.0482420778325608,AX,-0.0742046938779076,L1,-0.00772966040073826,L2,0....
GetData ===>> H2,-0.202073851435618,H1,-0.0418870049072371,AX,-0.0969570087390468,L1,0.00316172090417515,L2,-0....
GetData ===>> H2,-0.191420888595859,H1,0.0333433569191801,AX,-0.0346913462412732,L1,-0.0347119370601163,L2,-0.0...
GetData ===>> H2,-0.176702489403816,H1,-0.0179177143209806,AX,-0.117699515677949,L1,-0.0146557878253175,L2,-0.0...
GetData ===>> H2,-0.156973406606984,H1,-0.00670622509983938,AX,0.0116482851950402,L1,0.0160077002461712,L2,0.00...
GetData ===>> H2,-0.210238968443006,H1,0.0558029482898849,AX,0.0239821717391262,L1,0.0314987862562512,L2,-0.107...
GetData ===>> H2,-0.283835683174003,H1,0.0617349353557064,AX,-0.013130792840162,L1,0.0324901227727635,L2,-0.101...
GetData ===>> H2,-0.207326130561363,H1,-0.0158544175099749,AX,-0.114119141747316,L1,-0.0405535228410386,L2,-0.0...
GetData ===>> H2,-0.289521198495732,H1,-0.0680558682616848,AX,-0.0706574960448626,L1,-0.0258836816327182,L2,-0....
GetData ===>> H2,-0.280860915094143,H1,-0.013397488373079,AX,0.00848094469315847,L1,0.0234932324363748,L2,0.025...
GetData ===>> H2,-0.394712746796652,H1,-0.0265520904035864,AX,-0.131556290609945,L1,0.010101046740578,L2,-0.009...
23:07:00 -- collecting point 50
GetData ===>> H2,-0.331416427326918,H1,-0.0271006581934906,AX,-0.0397357566408639,L1,-0.0269344937336985,L2,-0....
invalid checksum "". error=invalid literal for int() with base 10: ''
State checksums do not match. Local:-860229079 Remote:None
State checksum failed
GetData ===>> H2,-0.323318713149056,H1,-0.0258246371753533,AX,-0.111384527918629,L1,-0.046966251290973,L2,0.036...
GetData ===>> H2,-0.324975412034564,H1,-0.00185149921005916,AX,-0.174266250541743,L1,-0.0278198704651864,L2,0.0...
GetData ===>> H2,-0.279553194745764,H1,-0.0626438263879645,AX,-0.0443508732056911,L1,-0.0186088601498148,L2,0.0...
GetData ===>> H2,-0.212076284112076,H1,0.00831198175246257,AX,-0.0240450426765693,L1,-0.0178042191978592,L2,-0....
GetData ===>> H2,-0.131968205988358,H1,0.0462194139543961,AX,-0.0784820251647187,L1,-0.00572553253365116,L2,-0....
GetData ===>> H2,-0.124394700855743,H1,-0.00812562135445989,AX,-0.0759202856498774,L1,-0.00244682595079725,L2,-...
GetData ===>> H2,-0.207309961004682,H1,-0.06750752492215,AX,-0.0700315065330459,L1,-0.0162571131726163,L2,0.014...
GetData ===>> H2,-0.198310712120222,H1,-0.0352214948377004,AX,-0.0713762197773195,L1,-0.0167800376368871,L2,-0....
GetData ===>> H2,-0.196174428702396,H1,-0.103787070949956,AX,0.0101748209331251,L1,-0.00671745178884333,L2,0.03...
GetData ===>> H2,-0.191113523567064,H1,-0.0608794851564064,AX,-0.186482438436026,L1,-0.0191784255013595,L2,-0.0...
measurement finished
estimated time: 62.915 actual time: :63.172
flush and close file /Users/jan/PychronDev/data/isotopes/dc/99186a-172e-4385-8609-ad2b0b937e08.h5
activate_detectors ('H1', 'AX', 'CDD') {'peak_center': True}
peak_center () {'detector': 'H1', 'integration_time': 0.262144, 'isotope': 'Ar40'}
peak center: mean=1319.5796144 threshold=3
peak center started
setup peak center. detector=['H1', 'AX', 'CDD'], isotope=Ar40
VersionedUnpickler [<apptools.sweet_pickle.versioned_unpickler.VersionedUnpickler object at 0x1f59e2b90>] using Updater [<apptools.sweet_pickle.updater.Updater object at 0x1373f1ad0>]
VersionedUnpickler [<apptools.sweet_pickle.versioned_unpickler.VersionedUnpickler object at 0x1f59e2b90>] using Updater [<apptools.sweet_pickle.updater.Updater object at 0x1373f1ad0>]
VersionedUnpickler [<apptools.sweet_pickle.versioned_unpickler.VersionedUnpickler object at 0x1e37a9fb0>] using Updater [<apptools.sweet_pickle.updater.Updater object at 0x1373f1ad0>]
setting integration time = 0.524288
SetIntegrationTime 0.524288 ===>> OK
Mapping mass to dac mass func: "parabolic"
H1 map mass coeffs = [-0.00063987  0.15840543  0.57103999]
H1 map mass to dac 39.9624 >> 5.87943
GetDeflection H1 ===>> 0
GetHighVoltage ===>> 4500
do peak center. <pychron.spectrometer.jobs.peak_center.PeakCenter object at 0x1376ecfb0>
doing pc
starting peak center. center dac= 5.87943 step_width=0.001
width = 0.001
get scan parameters. half-width=0.015,window=0.015, i=0, scalar=1
Scan parameters center=5.87943 width=0.03000 (5.86443 - 5.89443)
GetData ===>> H2,-0.316050568038576,H1,-0.028233560417079,AX,-0.120677266762184,L1,-0.00608177113118794,L2,-0.1...
Moving to starting dac 5.86443
setting magnet DAC
current  : 5.240086
requested: 5.864430
Delta Dac: 0.624344
Checking detector protection. dv=0.62434
Checking detector "CDD". Protection Threshold: 0.1 (V)
ProtectDetector CDD,On ===>> OK
GetDeflection CDD ===>> 2000
Protected = 2000
SetMagnetDAC 5.86443 ===>> OK
Magnet settling time: 0.500
GetMagnetMoving ===>> True
GetMagnetMoving ===>> True
GetMagnetMoving ===>> True
GetMagnetMoving ===>> True
GetMagnetMoving ===>> True
GetMagnetMoving ===>> True
GetMagnetMoving ===>> True
GetMagnetMoving ===>> True
GetMagnetMoving ===>> False
ProtectDetector CDD,Off ===>> OK
GetDeflection CDD ===>> 50
Wait until signal near baseline. tol= -0.0211751703128. timeout= 10
GetData ===>> H2,5.18438662890158,H1,2.30815985607047,AX,-0.106703061407112,L1,0.0435624592936804,L2,-0.0352697...
set states for children of B. state=False
handle state [('B', False)]
update switch state B False args=() kw={'refresh': False} ncanvase=2
refresh_canvas_needed fired
GetData ===>> H2,72.5641028367268,H1,39.3401154002625,AX,2.96173006137299,L1,0.0566073713836655,L2,0.1650000782...
GetData ===>> H2,87.4259444247111,H1,48.1981036785873,AX,7.67785850201676,L1,0.0777786679598797,L2,0.0281522766...
GetData ===>> H2,47.6603216089982,H1,23.087218426149,AX,3.57855257675736,L1,0.0773473862839044,L2,-0.0854082909...
GetData ===>> H2,19.9004171765564,H1,11.7067234053906,AX,1.58655166921543,L1,0.0450295991848292,L2,-0.193543408...
set states for children of C. state=False
handle state [('C', False)]
update switch state C False args=() kw={'refresh': False} ncanvase=2
refresh_canvas_needed fired
GetData ===>> H2,6.8445651036596,H1,6.28614605823261,AX,0.640611856232696,L1,0.0035663099605925,L2,-0.200283353...
GetData ===>> H2,2.10184469198753,H1,3.62464080371676,AX,0.315886342543194,L1,0.0032085419515275,L2,-0.16707997...
GetData ===>> H2,0.688256694824979,H1,2.32739697944313,AX,0.325017239390886,L1,-0.00452718291472473,L2,-0.07685...
GetData ===>> H2,0.355249361010908,H1,1.66263509531881,AX,0.224647592861323,L1,-0.0184762978585352,L2,0.0675930...
GetData ===>> H2,0.384527851397289,H1,1.41071814409524,AX,0.125888389562064,L1,0.0111097010013513,L2,0.04093286...
GetData ===>> H2,0.397172174764314,H1,1.20662789446035,AX,0.0818421123860734,L1,0.0155330750231018,L2,-0.100674...
GetData ===>> H2,0.362579927621511,H1,1.0675232051472,AX,0.00868977715723501,L1,0.0179758781919746,L2,-0.096602...
GetData ===>> H2,0.311375785632012,H1,1.06728345273452,AX,0.219332416478897,L1,0.0132491817728862,L2,-0.0981265...
GetData ===>> H2,0.345292965694143,H1,1.10428400679401,AX,0.171416077786664,L1,-0.00732910660249091,L2,-0.10033...
GetData ===>> H2,0.311248967619039,H1,1.16366198697169,AX,0.224577959855645,L1,-0.0413583316947737,L2,-0.033061...
GetData ===>> H2,0.303785695422898,H1,1.13822712968263,AX,0.173619944382703,L1,-0.0261187688780077,L2,-0.150496...
GetData ===>> H2,0.247073335234885,H1,0.960386833709826,AX,0.17429271359145,L1,-0.018193575545715,L2,-0.1122851...
GetData ===>> H2,0.0736894627683285,H1,1.00084610100126,AX,-0.024856893333189,L1,-0.00699090206368819,L2,0.0112...
GetData ===>> H2,0.035867406846122,H1,1.03532956811108,AX,0.210118583612063,L1,-0.00200526467837272,L2,0.042915...
GetData ===>> H2,-0.0875668687492328,H1,0.979644277810832,AX,0.0842293736325396,L1,-0.0176281070852221,L2,0.022...
GetData ===>> H2,-0.147356316257987,H1,0.959141454308221,AX,0.0505813448708351,L1,0.0122681302725058,L2,-0.1121...
Peak center failed to move to a baseline position
_do_sweep sm= 5.86443, em= 5.89443, stm= 0.001
calculated step values: start=5.86443, end=5.89443, width=0.001, nsteps=31.0
setting magnet DAC
current  : 5.864430
requested: 5.864430
Delta Dac: 0.000000
Checking detector protection. dv=0.00000
Checking detector "CDD". Protection Threshold: 0.1 (V)
SetMagnetDAC 5.86443 ===>> OK
GetData ===>> H2,-0.147356316257987,H1,0.959141454308221,AX,0.0505813448708351,L1,0.0122681302725058,L2,-0.1121...
setting magnet DAC
current  : 5.864430
requested: 5.865464
Delta Dac: 0.001034
Checking detector protection. dv=0.00103
Checking detector "CDD". Protection Threshold: 0.1 (V)
SetMagnetDAC 5.86546448276 ===>> OK
Magnet settling time: 1.049
GetData ===>> H2,-0.121046135343604,H1,2.04105271990531,AX,0.429120130327843,L1,0.0252502022855269,L2,0.0191544...
setting magnet DAC
current  : 5.865464
requested: 5.866499
Delta Dac: 0.001034
Checking detector protection. dv=0.00103
Checking detector "CDD". Protection Threshold: 0.1 (V)
SetMagnetDAC 5.86649896552 ===>> OK
Magnet settling time: 1.049
GetData ===>> H2,-0.165441704297929,H1,6.61112738130056,AX,1.31131311825543,L1,0.0203160533097533,L2,0.11984124...
setting magnet DAC
current  : 5.866499
requested: 5.867533
Delta Dac: 0.001034
Checking detector protection. dv=0.00103
Checking detector "CDD". Protection Threshold: 0.1 (V)
SetMagnetDAC 5.86753344828 ===>> OK
Magnet settling time: 1.049
GetData ===>> H2,-0.0953985959337104,H1,24.4969298996754,AX,3.97860637584246,L1,-0.0249024932916775,L2,-0.11012...
setting magnet DAC
current  : 5.867533
requested: 5.868568
Delta Dac: 0.001034
Checking detector protection. dv=0.00103
Checking detector "CDD". Protection Threshold: 0.1 (V)
SetMagnetDAC 5.86856793103 ===>> OK
Magnet settling time: 1.049
GetData ===>> H2,-0.0135700062635101,H1,85.7165376269738,AX,13.1442489615543,L1,0.070136384851221,L2,0.02364188...
setting magnet DAC
current  : 5.868568
requested: 5.869602
Delta Dac: 0.001034
Checking detector protection. dv=0.00103
Checking detector "CDD". Protection Threshold: 0.1 (V)
SetMagnetDAC 5.86960241379 ===>> OK
Magnet settling time: 1.049
GetData ===>> H2,-0.102116098845697,H1,245.299231258751,AX,40.1227560030958,L1,0.205251233686431,L2,-0.07211947...
setting magnet DAC
current  : 5.869602
requested: 5.870637
Delta Dac: 0.001034
Checking detector protection. dv=0.00103
Checking detector "CDD". Protection Threshold: 0.1 (V)
SetMagnetDAC 5.87063689655 ===>> OK
Magnet settling time: 1.049
GetData ===>> H2,-0.199411064359082,H1,525.138819772776,AX,95.5361463256888,L1,0.609464194988071,L2,0.075615360...
setting magnet DAC
current  : 5.870637
requested: 5.871671
Delta Dac: 0.001034
Checking detector protection. dv=0.00103
Checking detector "CDD". Protection Threshold: 0.1 (V)
SetMagnetDAC 5.87167137931 ===>> OK
Magnet settling time: 1.049
GetData ===>> H2,-0.132788819255944,H1,840.064224061165,AX,167.806600426257,L1,1.17976251111382,L2,0.3094952817...
setting magnet DAC
current  : 5.871671
requested: 5.872706
Delta Dac: 0.001034
Checking detector protection. dv=0.00103
Checking detector "CDD". Protection Threshold: 0.1 (V)
SetMagnetDAC 5.87270586207 ===>> OK
Magnet settling time: 1.049
GetData ===>> H2,-0.0591190856798971,H1,1075.77623088971,AX,232.120697838655,L1,1.92499466344336,L2,0.584425166...
setting magnet DAC
current  : 5.872706
requested: 5.873740
Delta Dac: 0.001034
Checking detector protection. dv=0.00103
Checking detector "CDD". Protection Threshold: 0.1 (V)
SetMagnetDAC 5.87374034483 ===>> OK
Magnet settling time: 1.049
GetData ===>> H2,-0.0665708453463381,H1,1197.25486054414,AX,273.020491911779,L1,2.60017958475981,L2,0.963908910...
setting magnet DAC
current  : 5.873740
requested: 5.874775
Delta Dac: 0.001034
Checking detector protection. dv=0.00103
Checking detector "CDD". Protection Threshold: 0.1 (V)
SetMagnetDAC 5.87477482759 ===>> OK
Magnet settling time: 1.049
GetData ===>> H2,-0.136428395398196,H1,1250.35627741412,AX,295.43432933044,L1,3.24297799120032,L2,1.31268467926...
setting magnet DAC
current  : 5.874775
requested: 5.875809
Delta Dac: 0.001034
Checking detector protection. dv=0.00103
Checking detector "CDD". Protection Threshold: 0.1 (V)
SetMagnetDAC 5.87580931034 ===>> OK
Magnet settling time: 1.049
GetData ===>> H2,-0.105244888285881,H1,1256.50559821087,AX,298.252615985826,L1,3.49829004869724,L2,1.2633877889...
setting magnet DAC
current  : 5.875809
requested: 5.876844
Delta Dac: 0.001034
Checking detector protection. dv=0.00103
Checking detector "CDD". Protection Threshold: 0.1 (V)
SetMagnetDAC 5.8768437931 ===>> OK
Magnet settling time: 1.049
GetData ===>> H2,-0.0554034655669336,H1,1258.95876217495,AX,298.911410169123,L1,3.63503544732287,L2,1.439427965...
setting magnet DAC
current  : 5.876844
requested: 5.877878
Delta Dac: 0.001034
Checking detector protection. dv=0.00103
Checking detector "CDD". Protection Threshold: 0.1 (V)
SetMagnetDAC 5.87787827586 ===>> OK
Magnet settling time: 1.049
GetData ===>> H2,-0.075189704480458,H1,1258.3023842738,AX,299.058474793363,L1,3.70355419496541,L2,1.31913553426...
setting magnet DAC
current  : 5.877878
requested: 5.878913
Delta Dac: 0.001034
Checking detector protection. dv=0.00103
Checking detector "CDD". Protection Threshold: 0.1 (V)
SetMagnetDAC 5.87891275862 ===>> OK
Magnet settling time: 1.049
GetData ===>> H2,-0.0979042586966559,H1,1257.77677350875,AX,298.84608276415,L1,3.76088110009367,L2,1.3792678380...
setting magnet DAC
current  : 5.878913
requested: 5.879947
Delta Dac: 0.001034
Checking detector protection. dv=0.00103
Checking detector "CDD". Protection Threshold: 0.1 (V)
SetMagnetDAC 5.87994724138 ===>> OK
Magnet settling time: 1.049
GetData ===>> H2,-0.16324927755643,H1,1257.47128954638,AX,298.798393740177,L1,3.7693790969484,L2,1.354187368560...
setting magnet DAC
current  : 5.879947
requested: 5.880982
Delta Dac: 0.001034
Checking detector protection. dv=0.00103
Checking detector "CDD". Protection Threshold: 0.1 (V)
SetMagnetDAC 5.88098172414 ===>> OK
Magnet settling time: 1.049
GetData ===>> H2,-0.0897764332320604,H1,1257.68553195466,AX,298.789511249917,L1,3.81173478763822,L2,1.510967152...
setting magnet DAC
current  : 5.880982
requested: 5.882016
Delta Dac: 0.001034
Checking detector protection. dv=0.00103
Checking detector "CDD". Protection Threshold: 0.1 (V)
SetMagnetDAC 5.8820162069 ===>> OK
Magnet settling time: 1.049
GetData ===>> H2,-0.147995949778392,H1,1256.92038253224,AX,298.265304047769,L1,3.80302973625072,L2,1.2677931878...
setting magnet DAC
current  : 5.882016
requested: 5.883051
Delta Dac: 0.001034
Checking detector protection. dv=0.00103
Checking detector "CDD". Protection Threshold: 0.1 (V)
SetMagnetDAC 5.88305068966 ===>> OK
Magnet settling time: 1.049
GetData ===>> H2,-0.195092246468741,H1,1254.7778046759,AX,297.420704283177,L1,3.7823882310112,L2,1.437454906239...
setting magnet DAC
current  : 5.883051
requested: 5.884085
Delta Dac: 0.001034
Checking detector protection. dv=0.00103
Checking detector "CDD". Protection Threshold: 0.1 (V)
SetMagnetDAC 5.88408517241 ===>> OK
Magnet settling time: 1.049
GetData ===>> H2,-0.192611987621951,H1,1247.6697403544,AX,293.775691220075,L1,3.71116680559466,L2,1.24787871752...
setting magnet DAC
current  : 5.884085
requested: 5.885120
Delta Dac: 0.001034
Checking detector protection. dv=0.00103
Checking detector "CDD". Protection Threshold: 0.1 (V)
SetMagnetDAC 5.88511965517 ===>> OK
Magnet settling time: 1.049
GetData ===>> H2,-0.255497256507684,H1,1221.88710021234,AX,282.264595323634,L1,3.5895649597007,L2,1.22943626946...
setting magnet DAC
current  : 5.885120
requested: 5.886154
Delta Dac: 0.001034
Checking detector protection. dv=0.00103
Checking detector "CDD". Protection Threshold: 0.1 (V)
SetMagnetDAC 5.88615413793 ===>> OK
Magnet settling time: 1.049
GetData ===>> H2,-0.310347594599009,H1,1140.52224497551,AX,250.132152050195,L1,3.25939533976982,L2,0.8959630335...
setting magnet DAC
current  : 5.886154
requested: 5.887189
Delta Dac: 0.001034
Checking detector protection. dv=0.00103
Checking detector "CDD". Protection Threshold: 0.1 (V)
SetMagnetDAC 5.88718862069 ===>> OK
Magnet settling time: 1.049
GetData ===>> H2,-0.23329152769862,H1,951.006605801258,AX,188.92396852632,L1,2.73391833799814,L2,0.696960834461...
setting magnet DAC
current  : 5.887189
requested: 5.888223
Delta Dac: 0.001034
Checking detector protection. dv=0.00103
Checking detector "CDD". Protection Threshold: 0.1 (V)
SetMagnetDAC 5.88822310345 ===>> OK
Magnet settling time: 1.049
GetData ===>> H2,-0.270025044629019,H1,662.568918005962,AX,115.118627539136,L1,1.97914730558002,L2,0.2978660065...
setting magnet DAC
current  : 5.888223
requested: 5.889258
Delta Dac: 0.001034
Checking detector protection. dv=0.00103
Checking detector "CDD". Protection Threshold: 0.1 (V)
SetMagnetDAC 5.88925758621 ===>> OK
Magnet settling time: 1.049
GetData ===>> H2,-0.349502326536226,H1,363.499094143565,AX,53.8180406455174,L1,1.25548867488479,L2,0.0230496312...
setting magnet DAC
current  : 5.889258
requested: 5.890292
Delta Dac: 0.001034
Checking detector protection. dv=0.00103
Checking detector "CDD". Protection Threshold: 0.1 (V)
SetMagnetDAC 5.89029206897 ===>> OK
Magnet settling time: 1.049
GetData ===>> H2,-0.288608056062231,H1,151.695620820078,AX,18.7357916392802,L1,0.785319791118935,L2,-0.12399859...
setting magnet DAC
current  : 5.890292
requested: 5.891327
Delta Dac: 0.001034
Checking detector protection. dv=0.00103
Checking detector "CDD". Protection Threshold: 0.1 (V)
SetMagnetDAC 5.89132655172 ===>> OK
Magnet settling time: 1.049
GetData ===>> H2,-0.218499154183652,H1,25.2646250597313,AX,2.12439473307266,L1,0.383240216108788,L2,0.035054948...
setting magnet DAC
current  : 5.891327
requested: 5.892361
Delta Dac: 0.001034
Checking detector protection. dv=0.00103
Checking detector "CDD". Protection Threshold: 0.1 (V)
SetMagnetDAC 5.89236103448 ===>> OK
Magnet settling time: 1.049
GetData ===>> H2,-0.253814080717089,H1,6.31446940819867,AX,0.262140585297458,L1,0.255413037174105,L2,0.04530736...
setting magnet DAC
current  : 5.892361
requested: 5.893396
Delta Dac: 0.001034
Checking detector protection. dv=0.00103
Checking detector "CDD". Protection Threshold: 0.1 (V)
SetMagnetDAC 5.89339551724 ===>> OK
Magnet settling time: 1.049
GetData ===>> H2,-0.220787345605767,H1,1.33938084025778,AX,-0.159206010974415,L1,0.198741575498962,L2,-0.006900...
setting magnet DAC
current  : 5.893396
requested: 5.894430
Delta Dac: 0.001034
Checking detector protection. dv=0.00103
Checking detector "CDD". Protection Threshold: 0.1 (V)
SetMagnetDAC 5.89443 ===>> OK
Magnet settling time: 1.049
GetData ===>> H2,-0.169533819136932,H1,0.222921895192108,AX,-0.275741859855991,L1,0.0816441586147763,L2,0.12120...
result of _do_sweep=True
result of _calculate_peak_center=([5.8720953306613222, 5.8796704809619236, 5.887245631262525], [936.66363367324539, 1258.9390313763183, 935.11074124333209], 5.8768748897795584, 1258.9390313763183)
Failed to find a valid peak. No peak greater than 1.0. max = 0.0353966351343
new center pos Detector(H1) (Ar40) @ 5.87967048096
GetHighVoltage ===>> 4500
GetDeflection H1 ===>> 0
dac uncorrected for HV and deflection 5.87967048096
update mftable H1 Ar40 5.87967048096 message=automated run peakcenter
get initial guess parabolic
get initial guess parabolic
get initial guess parabolic
get initial guess parabolic
get initial guess parabolic
get initial guess parabolic
dump mftable to /Users/jan/PychronDev/setupfiles/spectrometer/mftables/mftable.csv
add to repo msg=modified - automated run peakcenter
sweep finished
locally archiving mftable
setting magnet DAC
current  : 5.894430
requested: 5.879670
Delta Dac: 0.014760
Checking detector protection. dv=0.01476
Checking detector "CDD". Protection Threshold: 0.1 (V)
SetMagnetDAC 5.87967048096 ===>> OK
Magnet settling time: 0.500
setting integration time = 1.048576
SetIntegrationTime 1.048576 ===>> OK
Failed to find a valid peak. No peak greater than 1.0. max = 0.0353966351343
flush and close file /Users/jan/PychronDev/data/isotopes/dc/99186a-172e-4385-8609-ad2b0b937e08.h5
finished measure script
executed snippet estimated_duration=226.132928, duration=273.650243998
jan_unknown120_60.py completed successfully
Measurement Finished
23:07:59 -- ******* Measurement Finished *******
Post Measurement Started jan_pump_ms.py
23:07:59 -- ******* Post Measurement Started jan_pump_ms.py *******
testing...
no interpolation path defined
executed snippet estimated_duration=0, duration=4.19616699219e-05
Pumping spectrometer
open () {'name': 'O'}
opening name=O desc=---
checking ownership. requestor=129.138.12.150
check software interlocks O
interlocks []
actuate state mode=None-script, software_lock=False
doing actuation None-script open_channel True
Open O ===>> OK
GetIndicatorState O ===>> OK
change switch state (True, True)
update switch state O True args=() kw={} ncanvase=2
23:07:59 -- OPEN   VALVE-O (Jan Ion Pump)
---------------------------------------- open O () result=[(True, True)], time=0.10 sec
action=open, ok=True, locked=[False]
executed snippet estimated_duration=0, duration=0.357953071594
jan_pump_ms.py completed successfully
setting _ms_pumptime
Post Measurement Finished
23:07:59 -- ******* Post Measurement Finished *******
$$$$$$$$$$$$$$$$$$$$ state at run end measurement
state changed from measurement to success
post measurement save measured=True aborted=False
Set filtering
setting fod for Ar40= {'filter_outliers': True, 'std_devs': 2, 'iterations': 1}
setting fod for H1= {'filter_outliers': True, 'std_devs': 2, 'iterations': 1}
setting fod for PM41= {'filter_outliers': False, 'std_devs': 2, 'iterations': 1}
setting fod for H2= {'filter_outliers': True, 'std_devs': 2, 'iterations': 1}
setting fod for Ar36= {'filter_outliers': True, 'std_devs': 2, 'iterations': 1}
setting fod for CDD= {'filter_outliers': True, 'std_devs': 10, 'iterations': 1}
setting fod for Ar37= {'filter_outliers': True, 'std_devs': 2, 'iterations': 1}
setting fod for L2= {'filter_outliers': True, 'std_devs': 2, 'iterations': 1}
setting fod for Ar38= {'filter_outliers': True, 'std_devs': 2, 'iterations': 1}
setting fod for L1= {'filter_outliers': True, 'std_devs': 2, 'iterations': 1}
setting fod for Ar39= {'filter_outliers': True, 'std_devs': 2, 'iterations': 1}
setting fod for AX= {'filter_outliers': True, 'std_devs': 2, 'iterations': 1}
persistence save...
persistence save - db
post measurement save
8429714032 connecting to database sqlite:////Users/jan/PychronDev/.appdata/local_lab.db
connected to db sqlite:////Users/jan/PychronDev/.appdata/local_lab.db
create new session 8429714032
close session 8429714032
No database instance. Not saving post measurement to isotopedb database
$$$$$$$$$$$$$$$ auto_save_detector_ic=False
massspec enabled True
create new session 4985911824
MassSpec Database Version: 16.0
close session 4985911824
saving post measurement to secondary database
saving to massspec database 129.138.12.160/massspecdata
setting labnumber to 65556
setting aliquot to 6
setting step to 
setting uuid to dc99186a-172e-4385-8609-ad2b0b937e08
setting irradpos to 65556
setting extract_device to Fusions CO2
setting tray to 
setting position to 211
setting power_requested to 5.0
setting extract_value to 5.0
setting duration to 30.0
setting duration_at_request to 30.0
setting first_stage_delay to 30.0
setting cleanup to 30.0
setting comment to N:15without inclusions
setting irradiation to NM-289
setting level to N
setting irradiation_level to N
setting sample to Bw-2014-7 WO
setting material to Sanidine
setting project to Bustos Wells
setting mass_spectrometer to Jan
no attribute chron_dosages
no attribute production_ratios
no attribute interference_corrections
no attribute production_name
no attribute j
Reference Isotope=Ar40
Reference Detector=H1
%%%%%%%%%%%%%%%%%%%% Comment: N:15without inclusions %%%%%%%%%%%%%%%%%%%
adding isotope PM41 H2
add baseline dbdet= PM41. original det= H2
get baseline data PM41 H2
Get data baseline <pychron.processing.isotope.Baseline object at 0x1f512e350> len t=60
baseline PM41. v=-0.213809221247, e=0.00806014149038
get signal data PM41 H2
Get data signal PM41 0.14+/-0.06 len t=120
adding isotope Ar40 H1
add baseline dbdet= Ar40. original det= H1
get baseline data Ar40 H1
Get data baseline <pychron.processing.isotope.Baseline object at 0x1f512e550> len t=60
baseline Ar40. v=-0.0184876723213, e=0.00623613612255
get signal data Ar40 H1
Get data signal Ar40 1387.25+/-0.07 len t=120
adding isotope Ar39 AX
add baseline dbdet= Ar39. original det= AX
get baseline data Ar39 AX
Get data baseline <pychron.processing.isotope.Baseline object at 0x1f512e710> len t=60
baseline Ar39. v=-0.0752479675903, e=0.00708765060605
get signal data Ar39 AX
Get data signal Ar39 329.374+/-0.033 len t=120
adding isotope Ar38 L1
add baseline dbdet= Ar38. original det= L1
get baseline data Ar38 L1
Get data baseline <pychron.processing.isotope.Baseline object at 0x1f512e8d0> len t=60
baseline Ar38. v=-0.0246417110666, e=0.00321167238861
get signal data Ar38 L1
Get data signal Ar38 4.215+/-0.007 len t=120
adding isotope Ar37 L2
add baseline dbdet= Ar37. original det= L2
get baseline data Ar37 L2
Get data baseline <pychron.processing.isotope.Baseline object at 0x1f512ea90> len t=60
baseline Ar37. v=-0.016391944957, e=0.00524303963941
get signal data Ar37 L2
Get data signal Ar37 1.516+/-0.010 len t=120
adding isotope Ar36 CDD
add baseline dbdet= Ar36. original det= CDD
get baseline data Ar36 CDD
Get data baseline <pychron.processing.isotope.Baseline object at 0x1f512ec50> len t=60
baseline Ar36. v=0.000322541730564, e=2.67533775451e-05
get signal data Ar36 CDD
Get data signal Ar36 0.0260+/-0.0004 len t=120
65556-06 added analysis time 0.507613182068s
analysis added to mass spec database
mass spec save time= 0.515
persistence save - dvc
================= post measurement started
create new session 4991427888
close session 4991427888
---------------- Experiment Queue saving disabled
DVC saving peakcenter
Failed to find a valid peak. No peak greater than 1.0. max = 0.0353966351343
Smart pull ahead: 0 behind: 0
Up-to-date with origin
add to repo msg=modified - ad8224ebc6dbfeb9f5997218dfa5fe690569839d.json
add to repo msg=modified - 56-06.json
add to repo msg=modified - 56-06.dat.json
add to repo msg=modified - 56-06.blan.json
add to repo msg=modified - 56-06.inte.json
add to repo msg=modified - 56-06.icfa.json
add to repo msg=modified - 56-06.base.json
not at valid file /Users/jan/PychronDev/data/.dvc/repositories/Load1786/655/tags/56-06.tags.json
add to repo msg=modified - 56-06.peak.json
add to repo msg=modified - 56-06.extr.json
not at valid file /Users/jan/PychronDev/data/.dvc/repositories/Load1786/655/monitor/56-06.moni.json
commit message=<COLLECTION>
add to repo msg=modified - 56-06.inte.json
add to repo msg=modified - 56-06.base.json
commit message=<ISOEVO> default collection fits
add to repo msg=modified - 56-06.blan.json
commit message=<BLANKS> preceding bc-02-J-329
add to repo msg=modified - 56-06.icfa.json
commit message=<ICFactor> default
push repository <pychron.git_archive.repo_manager.GitRepoManager object at 0x1e2ff4d70>
pushing to remote=origin, url=https://github.com
no changes to meta repo
create new session 4991427888
add association Load1786
get identifier "65556"
setting analysis irradiation position=<pychron.dvc.dvc_orm.IrradiationPositionTbl object at 0x1f69a35d0>
close session 4991427888
================= post measurement finished
23:08:14 -- ******* Post Run Check *******
loading queue conditionals post_run_actions
loading system conditionals post_run_actions
loading conditionals from /Users/jan/PychronDev/setupfiles/spectrometer/default_conditionals.yaml
loading queue conditionals post_run_terminations
loading system conditionals post_run_terminations
loading conditionals from /Users/jan/PychronDev/setupfiles/spectrometer/default_conditionals.yaml
Checking default post run terminations n=1
GetDeflection CDD ===>> 50
testing CDD==2000
evaluate ot="CDD.deflection==2000" t="CDD==2000", ctx="{'CDD': 50.0}"
23:08:14 -- ******* Post Run Check Passed *******
23:08:14 -- Automated run 65556-06 success duration: 367.126 s
----------------- finish -----------------
----------------- stop -----------------
retroactive repository identifiers disabled
finish run. runs completed=247
update duration runid=65556-06, duration=367.125754833, md5=301e91d8
loading script "jan_unknown120_60.py"
loading script "jan_pump_ms.py"
loading script "jan_co2.py"
loading script "jan_pump_extraction_line.py"
testing...
no interpolation path defined
executed snippet estimated_duration=213.652928, duration=0.000196933746338
script duration name:unknown120_60 seconds:214.0
loading script "jan_unknown120_60.py"
loading script "jan_pump_ms.py"
loading script "jan_co2.py"
loading script "jan_pump_extraction_line.py"
testing...
no interpolation path defined
executed snippet estimated_duration=0, duration=2.8133392334e-05
loading script "jan_unknown120_60.py"
loading script "jan_pump_ms.py"
loading script "jan_co2.py"
loading script "jan_pump_extraction_line.py"
testing...
no interpolation path defined
calculate duration
testing...
no interpolation path defined
executed snippet estimated_duration=0, duration=5.79357147217e-05
calculate duration
testing...
no interpolation path defined
executed snippet estimated_duration=0, duration=9.08374786377e-05
executed snippet estimated_duration=0.0, duration=0.00300192832947
script duration name:co2 seconds:0.0
loading script "jan_unknown120_60.py"
loading script "jan_pump_ms.py"
loading script "jan_co2.py"
loading script "jan_pump_extraction_line.py"
testing...
no interpolation path defined
calculate duration
testing...
no interpolation path defined
executed snippet estimated_duration=4.0, duration=0.000233888626099
executed snippet estimated_duration=4.0, duration=0.00169610977173
Script duration 214.0
Run total estimated duration= 215.000
unknown120_60 in script context. using previous estimated duration
script duration name:unknown120_60 seconds:214.0
pump_ms in script context. using previous estimated duration
co2 in script context. using previous estimated duration
script duration name:co2 seconds:0.0
pump_extraction_line in script context. using previous estimated duration
Script duration 214.0
Run total estimated duration= 215.000
script duration name:unknown120_60 seconds:214.0
script duration name:co2 seconds:0.0
Script duration 214.0
Run total estimated duration= 215.000
script duration name:unknown120_60 seconds:214.0
script duration name:co2 seconds:0.0
Script duration 214.0
Run total estimated duration= 215.000
script duration name:unknown120_60 seconds:214.0
script duration name:co2 seconds:0.0
Script duration 214.0
Run total estimated duration= 215.000
loading script "jan_unknown400_120.py"
loading script "jan_pump_ms.py"
loading script "jan_cocktail_x1.py"
loading script "jan_pump_extraction_line.py"
testing...
no interpolation path defined
executed snippet estimated_duration=556.052928, duration=0.000228881835938
script duration name:unknown400_120 seconds:556.0
loading script "jan_unknown400_120.py"
loading script "jan_pump_ms.py"
loading script "jan_cocktail_x1.py"
loading script "jan_pump_extraction_line.py"
testing...
no interpolation path defined
calculate duration
testing...
no interpolation path defined
executed snippet estimated_duration=0, duration=4.50611114502e-05
calculate duration
testing...
no interpolation path defined
executed snippet estimated_duration=0, duration=0.00014591217041
calculate duration
testing...
no interpolation path defined
executed snippet estimated_duration=32.0, duration=9.98973846436e-05
calculate duration
testing...
no interpolation path defined
executed snippet estimated_duration=34.0, duration=0.000149011611938
calculate duration
testing...
no interpolation path defined
executed snippet estimated_duration=4.0, duration=9.3936920166e-05
calculate duration
testing...
no interpolation path defined
executed snippet estimated_duration=38.0, duration=9.67979431152e-05
executed snippet estimated_duration=108.0, duration=0.00960087776184
script duration name:cocktail_x1 seconds:108.0
Script duration 664.0
Run total estimated duration= 665.000
unknown400_120 in script context. using previous estimated duration
script duration name:unknown400_120 seconds:556.0
cocktail_x1 in script context. using previous estimated duration
script duration name:cocktail_x1 seconds:108.0
Script duration 664.0
Run total estimated duration= 665.000
script duration name:unknown120_60 seconds:214.0
script duration name:co2 seconds:0.0
Script duration 214.0
Run total estimated duration= 215.000
script duration name:unknown120_60 seconds:214.0
script duration name:co2 seconds:0.0
Script duration 214.0
Run total estimated duration= 215.000
script duration name:unknown120_60 seconds:214.0
script duration name:co2 seconds:0.0
Script duration 214.0
Run total estimated duration= 215.000
script duration name:unknown120_60 seconds:214.0
script duration name:co2 seconds:0.0
Script duration 214.0
Run total estimated duration= 215.000
loading script "jan_ic_peak_hop3.py"
loading script "jan_pump_ms.py"
loading script "jan_air_x1.py"
loading script "jan_pump_extraction_line.py"
testing...
no interpolation path defined
executed snippet estimated_duration=133.8, duration=0.00799894332886
script duration name:ic_peak_hop3 seconds:134.0
loading script "jan_ic_peak_hop3.py"
loading script "jan_pump_ms.py"
loading script "jan_air_x1.py"
loading script "jan_pump_extraction_line.py"
testing...
no interpolation path defined
calculate duration
testing...
no interpolation path defined
executed snippet estimated_duration=0, duration=4.48226928711e-05
calculate duration
testing...
no interpolation path defined
executed snippet estimated_duration=0, duration=9.70363616943e-05
calculate duration
testing...
no interpolation path defined
executed snippet estimated_duration=32.0, duration=0.000130891799927
calculate duration
testing...
no interpolation path defined
executed snippet estimated_duration=34.0, duration=9.79900360107e-05
calculate duration
testing...
no interpolation path defined
executed snippet estimated_duration=4.0, duration=6.91413879395e-05
calculate duration
testing...
no interpolation path defined
executed snippet estimated_duration=36.0, duration=9.48905944824e-05
executed snippet estimated_duration=106.0, duration=0.00761389732361
script duration name:air_x1 seconds:106.0
Script duration 240.0
Run total estimated duration= 241.000
script duration name:unknown120_60 seconds:214.0
script duration name:co2 seconds:0.0
Script duration 214.0
Run total estimated duration= 215.000
nruns=13 before=5.0, run_dur=3721.0, btw=360.0
write rem/ex queues
/Users/jan/PychronDev/experiments/rem/Load1786.rem.txt
/Users/jan/PychronDev/experiments/rem/Load1786.ex.txt
doing event level: 3
