do run
loading script "jan_unknown120_60.py"
loading script "jan_pump_ms.py"
loading script "jan_co2.py"
loading script "jan_pump_extraction_line.py"
testing...
no interpolation path defined
executed snippet estimated_duration=213.652928, duration=0.000216007232666
script duration name:unknown120_60 seconds:214.0
loading script "jan_unknown120_60.py"
loading script "jan_pump_ms.py"
loading script "jan_co2.py"
loading script "jan_pump_extraction_line.py"
testing...
no interpolation path defined
executed snippet estimated_duration=0, duration=2.69412994385e-05
loading script "jan_unknown120_60.py"
loading script "jan_pump_ms.py"
loading script "jan_co2.py"
loading script "jan_pump_extraction_line.py"
testing...
no interpolation path defined
calculate duration
testing...
no interpolation path defined
executed snippet estimated_duration=0, duration=7.41481781006e-05
calculate duration
testing...
no interpolation path defined
executed snippet estimated_duration=0, duration=9.89437103271e-05
executed snippet estimated_duration=0.0, duration=0.00266885757446
script duration name:co2 seconds:0.0
loading script "jan_unknown120_60.py"
loading script "jan_pump_ms.py"
loading script "jan_co2.py"
loading script "jan_pump_extraction_line.py"
testing...
no interpolation path defined
calculate duration
testing...
no interpolation path defined
executed snippet estimated_duration=4.0, duration=0.000269174575806
executed snippet estimated_duration=4.0, duration=0.00180697441101
Script duration 214.0
Run total estimated duration= 215.000
run duration: 0:03:35
doing event level: 2
00:25:50 -- Setting default integration. t=1.048576
setting integration time = 1.048576
SetIntegrationTime 1.048576 ===>> OK
----------------- start -----------------
**************** Experiment Type: Ar/Ar, Ar/Ar
$$$$$ Clearing conditionals
adding conditionals 
Add queue conditionals
add default conditionals
adding default conditionals from /Users/jan/PychronDev/setupfiles/spectrometer/default_conditionals.yaml
Start automated run 65556-14
loading script "jan_unknown120_60.py"
loading script "jan_pump_ms.py"
loading script "jan_co2.py"
loading script "jan_pump_extraction_line.py"
%%%%%%%%%%%%%%%%%% setting automated run 65556-14
No value "sensitivity_multiplier" in metadata
$$$$$$$$$$$$$$$ auto_save_detector_ic=False
============================= Pre Extraction Check =============================
loading queue conditionals pre_run_terminations
loading system conditionals pre_run_terminations
loading conditionals from /Users/jan/PychronDev/setupfiles/spectrometer/default_conditionals.yaml
00:25:51 -- ******* Pre Extraction Check *******
Get a measurement from the spectrometer
GetData ===>> H2,-0.122922048773033,H1,-0.0644915828425184,AX,-0.119761936637633,L1,-0.0123564601871255,L2,-0.0...
Pre Extraction Termination data. keys=H2,H1,AX,L1,L2,CDD, signals=-0.12292,-0.06449,-0.11976,-0.01236,-0.01113,0.00432
00:25:51 -- testing system defined conditionals
Checking default pre extraction terminations n=2
testing CDD
evaluate ot="CDD.inactive" t="CDD", ctx="{'CDD': False}"
GetDeflection CDD ===>> 50
testing CDD==2000
evaluate ot="CDD.deflection==2000" t="CDD==2000", ctx="{'CDD': 50.0}"
00:25:51 -- ******* Pre Extraction Check Passed *******
=================================================================================
00:25:51 -- stopping status monitor
stop 4984189200
Alive clients [4991693744]
00:25:51 -- starting status monitor
start 4984189200
Monitor already running
start extraction
do extraction
Analysis started at 00:25:51.036280
Extraction Started jan_co2.py
00:25:51 -- ******* Extraction Started jan_co2.py *******
state changed from not run to extraction
DO EXTRACTION <pychron.extraction_line.pyscript_runner.RemotePyScriptRunner object at 0x12c301530>
testing...
no interpolation path defined
calculate duration
testing...
no interpolation path defined
executed snippet estimated_duration=0, duration=4.41074371338e-05
calculate duration
testing...
no interpolation path defined
executed snippet estimated_duration=0, duration=0.000108003616333
executed snippet estimated_duration=100.0, duration=0.00239491462708
Jan CO2 laser analysis
doing GOSUB
testing...
no interpolation path defined
executed snippet estimated_duration=0, duration=5.00679016113e-05
Waiting for CO2 access
wait ('FelixCO2Flag', 0) {}
waiting for FelixCO2Flag = 0
Read FelixCO2Flag ===>> 0
finished waiting
CO2 free
wait ('CO2PumpTimeFlag', 0) {}
waiting for CO2PumpTimeFlag = 0
Read CO2PumpTimeFlag ===>> 0
finished waiting
acquire ('JanCO2Flag',) {'clear': True}
acquire JanCO2Flag
Set JanCO2Flag 1 ===>> OK
JanCO2Flag acquired
set extraction state False (0.75, 'red', 1.5)
CO2 acquired
executed snippet estimated_duration=0, duration=0.0193400382996
WaitForCO2Access.py completed successfully
gosub finished
doing GOSUB
testing...
no interpolation path defined
executed snippet estimated_duration=0, duration=0.000103950500488
Prepare for CO2 analysis
close () {'description': 'Jan Inlet'}
closing name=--- desc=Jan Inlet
checking ownership. requestor=129.138.12.150
check software interlocks R
interlocks []
actuate state mode=None-script, software_lock=False
doing actuation None-script close_channel False
Close R ===>> OK
GetIndicatorState R ===>> False
change switch state (True, True)
update switch state R False args=() kw={} ncanvase=2
00:25:51 -- CLOSE  VALVE-R (Jan Inlet)
---------------------------------------- close None (Jan Inlet) result=[(True, True)]
action=close, ok=True, locked=[False]
open () {'description': 'Jan Ion Pump'}
opening name=--- desc=Jan Ion Pump
checking ownership. requestor=129.138.12.150
check software interlocks O
interlocks []
actuate state mode=None-script, software_lock=False
doing actuation None-script open_channel False
Open O ===>> OK
GetIndicatorState O ===>> OK
change switch state (True, True)
update switch state O True args=() kw={} ncanvase=2
00:25:51 -- OPEN   VALVE-O (Jan Ion Pump)
---------------------------------------- open None (Jan Ion Pump) result=[(True, True)], time=0.10 sec
action=open, ok=True, locked=[False]
close () {'description': 'Microbone to Minibone'}
closing name=--- desc=Microbone to Minibone
checking ownership. requestor=129.138.12.150
check software interlocks L
interlocks []
actuate state mode=None-script, software_lock=False
doing actuation None-script close_channel False
Close L ===>> OK
GetIndicatorState L ===>> False
change switch state (True, True)
update switch state L False args=() kw={} ncanvase=2
00:25:52 -- CLOSE  VALVE-L (Microbone to Minibone)
---------------------------------------- close None (Microbone to Minibone) result=[(True, True)]
action=close, ok=True, locked=[False]
open () {'description': 'Microbone to Turbo'}
opening name=--- desc=Microbone to Turbo
checking ownership. requestor=129.138.12.150
check software interlocks U
interlocks []
actuate state mode=None-script, software_lock=False
doing actuation None-script open_channel False
Open U ===>> OK
GetIndicatorState U ===>> OK
change switch state (True, True)
update switch state U True args=() kw={} ncanvase=2
00:25:52 -- OPEN   VALVE-U (Microbone to Turbo)
---------------------------------------- open None (Microbone to Turbo) result=[(True, True)], time=0.12 sec
action=open, ok=True, locked=[False]
open () {'description': 'Microbone to Inlet Pipette'}
opening name=--- desc=Microbone to Inlet Pipette
checking ownership. requestor=129.138.12.150
check software interlocks S
interlocks []
actuate state mode=None-script, software_lock=False
doing actuation None-script open_channel False
Open S ===>> OK
GetIndicatorState S ===>> OK
change switch state (True, True)
update switch state S True args=() kw={} ncanvase=2
00:25:53 -- OPEN   VALVE-S (Microbone to Inlet Pipette)
---------------------------------------- open None (Microbone to Inlet Pipette) result=[(True, True)], time=0.40 sec
action=open, ok=True, locked=[False]
open () {'description': 'Microbone to Getter D-50'}
opening name=--- desc=Microbone to Getter D-50
checking ownership. requestor=129.138.12.150
check software interlocks K
interlocks []
actuate state mode=None-script, software_lock=False
doing actuation None-script open_channel False
Open K ===>> OK
GetIndicatorState K ===>> OK
change switch state (True, True)
update switch state K True args=() kw={} ncanvase=2
00:25:54 -- OPEN   VALVE-K (Microbone to Getter D-50)
---------------------------------------- open None (Microbone to Getter D-50) result=[(True, True)], time=0.39 sec
action=open, ok=True, locked=[False]
open () {'description': 'Microbone to Getter NP-10'}
opening name=--- desc=Microbone to Getter NP-10
checking ownership. requestor=129.138.12.150
check software interlocks M
interlocks []
actuate state mode=None-script, software_lock=False
doing actuation None-script open_channel False
Open M ===>> OK
GetIndicatorState M ===>> OK
change switch state (True, True)
update switch state M True args=() kw={} ncanvase=2
00:25:54 -- OPEN   VALVE-M (Microbone to Getter NP-10)
---------------------------------------- open None (Microbone to Getter NP-10) result=[(True, True)], time=0.14 sec
action=open, ok=True, locked=[False]
close () {'description': 'CO2 Laser to Felix'}
closing name=--- desc=CO2 Laser to Felix
checking ownership. requestor=129.138.12.150
check software interlocks F
interlocks []
actuate state mode=None-script, software_lock=True
VALVE-F(CO2 Laser to Felix) software locked
change switch state (True, False)
---------------------------------------- close None (CO2 Laser to Felix) result=[(True, False)]
action=close, ok=True, locked=[True]
open () {'description': 'CO2 Laser to Jan'}
opening name=--- desc=CO2 Laser to Jan
checking ownership. requestor=129.138.12.150
check software interlocks A
interlocks []
actuate state mode=None-script, software_lock=False
doing actuation None-script open_channel False
Open A ===>> OK
GetIndicatorState A ===>> OK
change switch state (True, True)
update switch state A True args=() kw={} ncanvase=2
00:25:54 -- OPEN   VALVE-A (CO2 Laser to Jan)
---------------------------------------- open None (CO2 Laser to Jan) result=[(True, True)], time=0.13 sec
action=open, ok=True, locked=[False]
open () {'description': 'Microbone to CO2 Laser'}
opening name=--- desc=Microbone to CO2 Laser
checking ownership. requestor=129.138.12.150
check software interlocks T
interlocks []
actuate state mode=None-script, software_lock=False
doing actuation None-script open_channel False
Open T ===>> OK
GetIndicatorState T ===>> OK
change switch state (True, True)
update switch state T True args=() kw={} ncanvase=2
00:25:55 -- OPEN   VALVE-T (Microbone to CO2 Laser)
---------------------------------------- open None (Microbone to CO2 Laser) result=[(True, True)], time=0.45 sec
action=open, ok=True, locked=[False]
executed snippet estimated_duration=0, duration=4.88308787346
PrepareForCO2Analysis.py completed successfully
gosub finished
set_motor ('beam', '1.25') {}
setting motor "beam" to 1.25
set motor beam to 1.25
SetMotor beam,1.25 ===>> OK
GetMotorMoving beam ===>> False
GetMotorMoving beam ===>> False
Block completed
move_to_position ('219',) {'autocenter': True}
FusionsCO2 move to position 219
sending GoToHole 219,True
GoToHole 219,True ===>> OK
GetDriveMoving ===>> OK
GetDriveMoving ===>> OK
GetDriveMoving ===>> OK
GetDriveMoving ===>> OK
GetDriveMoving ===>> OK
GetDriveMoving ===>> OK
GetDriveMoving ===>> OK
GetDriveMoving ===>> False
GetDriveMoving ===>> OK
GetDriveMoving ===>> OK
GetDriveMoving ===>> OK
GetDriveMoving ===>> OK
GetDriveMoving ===>> OK
GetDriveMoving ===>> OK
GetDriveMoving ===>> OK
GetDriveMoving ===>> False
Block completed
GetAutoCorrecting ===>> False
GetAutoCorrecting ===>> False
Block completed
update position
GetPosition ===>> 0.00000,-15.95120,1.00000
got position (0.0, -15.9512, 1.0)
move to position succeeded
sleep (5,) {}
SLEEP 5.0
block started
WaitControl setup for 5.0  
Join finished
block finished. duration 5.03109502792
close () {'description': 'Microbone to Turbo'}
closing name=--- desc=Microbone to Turbo
checking ownership. requestor=129.138.12.150
check software interlocks U
interlocks []
actuate state mode=None-script, software_lock=False
doing actuation None-script close_channel True
Close U ===>> OK
GetIndicatorState U ===>> False
change switch state (True, True)
update switch state U False args=() kw={} ncanvase=2
00:26:07 -- CLOSE  VALVE-U (Microbone to Turbo)
---------------------------------------- close None (Microbone to Turbo) result=[(True, True)]
action=close, ok=True, locked=[False]
enable laser
enable () {}
set extraction state FusionsCO2 Enabled (False, 'red', 1.5)
enabling laser
Enable ===>> OK
begin interval
BEGIN INTERVAL Interval 1 waiting for 30.0
block started
set extract to 5.0
WaitControl setup for 30.0  
extract (5.0,) {}
GetPosition ===>> 0.00000,-15.95120,1.00000
set extraction state FusionsCO2 ON! 5.0(watts) (0.75, 'red', 1.5)
extract sample to 5.0 (watts)
set laser output
SetLaserOutput 5.0,watts ===>> OK
executing pattern triangle.lp
execute_pattern ('triangle.lp',) {}
executing pattern triangle.lp
IsPatterning ===>> OK
IsPatterning ===>> OK
IsPatterning ===>> OK
IsPatterning ===>> OK
IsPatterning ===>> OK
IsPatterning ===>> OK
IsPatterning ===>> OK
IsPatterning ===>> OK
IsPatterning ===>> OK
IsPatterning ===>> OK
IsPatterning ===>> OK
IsPatterning ===>> OK
IsPatterning ===>> OK
IsPatterning ===>> OK
IsPatterning ===>> OK
IsPatterning ===>> OK
IsPatterning ===>> OK
IsPatterning ===>> OK
IsPatterning ===>> OK
IsPatterning ===>> OK
IsPatterning ===>> OK
IsPatterning ===>> OK
IsPatterning ===>> OK
IsPatterning ===>> OK
IsPatterning ===>> OK
IsPatterning ===>> OK
IsPatterning ===>> False
IsPatterning ===>> False
Block completed
COMPLETE INTERVAL waiting for Interval 1 to complete
Join finished
block finished. duration 30.1065409184
Interval 1 finished
end_extract () {}
ending extraction. set laser power to 0
set laser power 0
SetLaserPower 0 ===>> OK
disable () {}
%%%%%%%%%%%%%%%%%%%%%%%%%%%%%%%%%%% disable
set extraction state False (0.75, 'red', 1.5)
disabling laser
Disable ===>> OK
sleep (30.0,) {}
SLEEP 30.0
block started
WaitControl setup for 30.0  
Join finished
block finished. duration 30.0987648964
executed snippet estimated_duration=166.5, duration=78.0276858807
jan_co2.py completed successfully
GetAchievedOutput ===>> No Response
Requested Output= 0.000
Achieved Output=  0.000
GetResponseBlob ===>> No Response
GetOutputBlob ===>> No Response
persistence save...
persistence save - db
AutomatedRunPersister post_extraction_save deprecated
persistence save - dvc
no extraction position for 219
create new session 4991427888
close session 4991427888
Extraction Finished
00:27:09 -- ******* Extraction Finished *******
no overlap. not waiting for min ms pumptime
00:27:09 -- Sending spectrometer configuration
======== Sending configuration ========
SetDeflection CDD,50.0 ===>> OK
SetDeflection H2,0.0 ===>> OK
SetDeflection H1,0.0 ===>> OK
SetDeflection L2,825.0 ===>> OK
SetDeflection L1,400.0 ===>> OK
SetDeflection AX,190.0 ===>> OK
SetZFocus 74.64 ===>> OK
SetZSymmetry -50.72 ===>> OK
SetExtractionLens 26.13 ===>> OK
SetIonRepeller -3.81 ===>> OK
SetElectronEnergy 75.08 ===>> OK
SetYSymmetry -2.81 ===>> OK
SetIonCounterVoltage 1590.0 ===>> OK
send trap current 200.0
GetParameter Trap Current Readback ===>> 198.258926936459
SetParameter Trap Current Set,200.0 ===>> OK
updating mftable name mftable
Using mftable located at /Users/jan/PychronDev/setupfiles/spectrometer/mftables/mftable.csv
============ MFtable ===========
Isotope  H2     H1     AX     L1     L2     CDD    
Ar40     5.7978 5.8797 5.9931 6.1377 6.2315 6.3659
Ar39     5.6970 5.7719 5.8855 6.0238 6.1166 6.2524
Ar36     5.3745 5.4409 5.5488 5.6826 5.7716 5.9035
================================
get initial guess parabolic
get initial guess parabolic
get initial guess parabolic
get initial guess parabolic
get initial guess parabolic
get initial guess parabolic
======== Configuration Finished ========
GetYSymmetry ===>> -2.81
GetZSymmetry ===>> -50.72
GetParameter Trap Current Readback ===>> 197.923274125618
GetHighVoltage ===>> 4500
start measurement
do measurement
L#=65556 analysis type=unknown
Measurement Started jan_unknown120_60.py
00:27:09 -- ******* Measurement Started jan_unknown120_60.py *******
state changed from extraction to measurement
setting spec, defl, and gains
GetExtractionLens ===>> 26.13
GetYSymmetry ===>> -2.81
GetZSymmetry ===>> -50.72
GetZFocus ===>> 74.64
GetDeflection H2 ===>> 0
GetDeflection H1 ===>> 0
GetDeflection AX ===>> 190
GetDeflection L1 ===>> 400
GetDeflection L2 ===>> 825
GetDeflection CDD ===>> 50
GetGain H2 ===>> 0.0113
GetGain H1 ===>> 0.1
GetGain AX ===>> 0.097049
GetGain L1 ===>> 0.010355
GetGain L2 ===>> 0.095649
GetGain CDD ===>> 0
pre measurement save
New frame /Users/jan/PychronDev/data/isotopes/d6/508c2f-6814-452b-82ed-d831a5394d57.h5
flush and close file /Users/jan/PychronDev/data/isotopes/d6/508c2f-6814-452b-82ed-d831a5394d57.h5
testing...
no interpolation path defined
executed snippet estimated_duration=226.132928, duration=0.000340938568115
unknown measurement script
activate_detectors ('H2', 'H1', 'AX', 'L1', 'L2', 'CDD') {}
activate detectors
*************** Set Analysis View Ar/Ar
create graphs
clearing graphs
clear isotope group
setting isotope det=H2, iso=PM41
setting isotope det=H1, iso=Ar40
setting isotope det=AX, iso=Ar39
setting isotope det=L1, iso=Ar38
setting isotope det=L2, iso=Ar37
setting isotope det=CDD, iso=Ar36
setting previous blanks
 - setting Ar40 blank 0.173+/-0.007
 - setting Ar36 blank 0.00444+/-0.00018
 - setting Ar37 blank 0.052+/-0.005
 - setting Ar38 blank 0.0133+/-0.0021
 - setting PM41 blank 0.03+/-0.07
 - setting Ar39 blank 0.043+/-0.010
load analysis view
position_magnet ('Ar40',) {'detector': 'H1'}
detector Detector(H1)
POSITION Ar40 H1
setting detector H2 to PM41 (40.9624)
setting detector H1 to Ar40 (39.9624)
setting detector AX to Ar39 (38.9624)
setting detector L1 to Ar38 (37.9624)
setting detector L2 to Ar37 (36.9624)
setting detector CDD to Ar36 (35.9624)
Mapping mass to dac mass func: "parabolic"
H1 map mass coeffs = [-0.00063987  0.15840543  0.57126999]
H1 map mass to dac 39.9624 >> 5.87966
GetDeflection H1 ===>> 0
GetHighVoltage ===>> 4500
positioning Ar40 (5.87966) on H1
setting magnet DAC
current  : 5.879660
requested: 5.879660
Delta Dac: 0.000000
Checking detector protection. dv=0.00000
Checking detector "CDD". Protection Threshold: 0.1 (V)
SetMagnetDAC 5.87966 ===>> OK
Magnet settling time: 0.500
equilibrate () {'delay': 3, 'inlet': 'R', 'outlet': 'O', 'eqtime': 12.0}
Equilibration Started
00:27:10 -- ******* Equilibration Started *******
checking ownership. requestor=129.138.12.150
check software interlocks O
interlocks []
actuate state mode=None-script, software_lock=False
doing actuation None-script close_channel True
Close O ===>> OK
update labels <pychron.experiment.plot_panel.PlotPanel object at 0x1d6511ef0>
update labels "<pychron.graph.stacked_regression_graph.StackedRegressionGraph object at 0x1f0c24770>"
setting label 0 H2 PM41
setting label 1 H1 Ar40
setting label 2 AX Ar39
setting label 3 L1 Ar38
setting label 4 L2 Ar37
setting label 5 CDD Ar36
update labels "<pychron.graph.stacked_graph.StackedGraph object at 0x1ecc8c0b0>"
setting label 0 H2 PM41
setting label 1 H1 Ar40
setting label 2 AX Ar39
setting label 3 L1 Ar38
setting label 4 L2 Ar37
setting label 5 CDD Ar36
GetIndicatorState O ===>> False
change switch state (True, True)
update switch state O False args=() kw={} ncanvase=2
00:27:11 -- CLOSE  VALVE-O (Jan Ion Pump)
waiting 3s before opening inlet value ('R',)
checking ownership. requestor=129.138.12.150
check software interlocks R
interlocks []
actuate state mode=None-script, software_lock=False
doing actuation None-script open_channel True
Open R ===>> OK
GetIndicatorState R ===>> OK
change switch state (True, True)
update switch state R True args=() kw={} ncanvase=2
00:27:14 -- OPEN   VALVE-R (Jan Inlet)
set_time_zero () {}
equilibrating for 12.0sec
sniff (12.0,) {}
py_sniff
build tables- sniff [Detector(H2), Detector(H1), Detector(AX), Detector(L1), Detector(L2), Detector(CDD)]
add group /sniff/PM41 (Group) '' table H2
add group /sniff/Ar40 (Group) '' table H1
add group /sniff/Ar39 (Group) '' table AX
add group /sniff/Ar38 (Group) '' table L1
add group /sniff/Ar37 (Group) '' table L2
add group /sniff/Ar36 (Group) '' table CDD
flush and close file /Users/jan/PychronDev/data/isotopes/d6/508c2f-6814-452b-82ed-d831a5394d57.h5
measuring sniff. ncounts=12.0
"sniff" increment series count="1" fit count="0" regressing="False"
starting measurement
GetData ===>> H2,-0.156219582151312,H1,-0.0452732478374738,AX,0.0107897285039635,L1,-0.0308013035164009,L2,-0.0...
GetData ===>> H2,0.221238941227554,H1,285.211518283665,AX,73.813709842541,L1,0.192819867174688,L2,0.63735799345...
GetData ===>> H2,0.968838714825739,H1,1233.73128352097,AX,308.726055938704,L1,1.78639080827664,L2,2.05025532323...
GetData ===>> H2,0.490908744603612,H1,1621.95663509425,AX,394.195625076021,L1,3.31948446577976,L2,2.35945948385...
GetData ===>> H2,0.209123297522611,H1,1749.55966835204,AX,419.534813513474,L1,4.22073399558643,L2,2.52349708924...
GetData ===>> H2,0.0230936149885176,H1,1797.42681686218,AX,428.352491305323,L1,4.75497506255665,L2,2.4473000515...
GetData ===>> H2,0.0783594524202196,H1,1817.76703530208,AX,432.127877671242,L1,5.03669406248173,L2,2.4454985776...
GetData ===>> H2,-0.0887941632859268,H1,1830.18968985051,AX,434.400440453758,L1,5.33442329067546,L2,2.510635442...
GetData ===>> H2,-0.0887941632859268,H1,1830.18968985051,AX,434.400440453758,L1,5.33442329067546,L2,2.510635442...
GetData ===>> H2,-0.0178188107885555,H1,1832.37517853218,AX,434.850245932911,L1,5.48614384837617,L2,2.565361214...
GetData ===>> H2,0.0450009016917748,H1,1831.55753559044,AX,434.863604046907,L1,5.49864601516559,L2,2.4208009768...
Equilibration Finished
00:27:26 -- ******* Equilibration Finished *******
checking ownership. requestor=129.138.12.150
check software interlocks R
interlocks []
actuate state mode=None-script, software_lock=False
doing actuation None-script close_channel True
GetData ===>> H2,0.10504814989424,H1,1831.93679875755,AX,434.634311832168,L1,5.50757715931185,L2,2.381083263575...
Close R ===>> OK
State checksums do not match. Local:-1449001502 Remote:-598318598
State checksum failed
GetIndicatorState R ===>> False
change switch state (True, True)
update switch state R False args=() kw={} ncanvase=2
00:27:27 -- CLOSE  VALVE-R (Jan Inlet)
Post Equilibration Started jan_pump_extraction_line.py
00:27:27 -- ******* Post Equilibration Started jan_pump_extraction_line.py *******
testing...
no interpolation path defined
calculate duration
testing...
no interpolation path defined
executed snippet estimated_duration=4.0, duration=0.0001380443573
executed snippet estimated_duration=4.0, duration=0.00165200233459
Pump after analysis
doing GOSUB
testing...
no interpolation path defined
executed snippet estimated_duration=4.0, duration=0.000257968902588
Pump Microbone
close () {'description': 'Jan Inlet'}
closing name=--- desc=Jan Inlet
checking ownership. requestor=129.138.12.150
check software interlocks R
interlocks []
actuate state mode=None-script, software_lock=False
doing actuation None-script close_channel False
Close R ===>> OK
measurement finished
estimated time: 12.583 actual time: :12.683
flush and close file /Users/jan/PychronDev/data/isotopes/d6/508c2f-6814-452b-82ed-d831a5394d57.h5
set_fits () {}
using default fits file=/Users/jan/PychronDev/scripts/measurement/fits/nominal_linear.yaml
GetIndicatorState R ===>> False
change switch state (True, True)
set "Ar40" to "('Linear', 'SEM')"
update switch state R False args=() kw={} ncanvase=2
No fit for "PM41". defaulting to linear. check the measurement script "jan_unknown120_60.py"
set "PM41" to "linear"
set "Ar36" to "('Linear', 'SEM')"
set "Ar37" to "('linear', 'SEM')"
00:27:27 -- CLOSE  VALVE-R (Jan Inlet)
set "Ar38" to "('linear', 'SEM')"
---------------------------------------- close None (Jan Inlet) result=[(True, True)]
set "Ar39" to "('Linear', 'SEM')"
set_baseline_fits () {}
using default fits file=/Users/jan/PychronDev/scripts/measurement/fits/nominal_linear.yaml
set "H1" to "('average', 'SEM')"
set "H2" to "('average', 'SEM')"
set "CDD" to "('average', 'SEM')"
set "L2" to "('average', 'SEM')"
set "L1" to "('average', 'SEM')"
set "AX" to "('average', 'SEM')"
multicollect () {'integration_time': 1, 'ncounts': 120}
build tables- signal [Detector(H2), Detector(H1), Detector(AX), Detector(L1), Detector(L2), Detector(CDD)]
add group /signal/PM41 (Group) '' table H2
add group /signal/Ar40 (Group) '' table H1
add group /signal/Ar39 (Group) '' table AX
add group /signal/Ar38 (Group) '' table L1
add group /signal/Ar37 (Group) '' table L2
add group /signal/Ar36 (Group) '' table CDD
flush and close file /Users/jan/PychronDev/data/isotopes/d6/508c2f-6814-452b-82ed-d831a5394d57.h5
measuring signal. ncounts=120
action=close, ok=True, locked=[False]
is_closed ('F',) {}
is F () closed?
is closed True
open () {'description': 'CO2 Laser to Jan'}
opening name=--- desc=CO2 Laser to Jan
checking ownership. requestor=129.138.12.150
check software interlocks A
interlocks []
actuate state mode=None-script, software_lock=False
doing actuation None-script open_channel False
Open A ===>> OK
GetIndicatorState A ===>> OK
change switch state (True, True)
update switch state A True args=() kw={} ncanvase=2
00:27:28 -- OPEN   VALVE-A (CO2 Laser to Jan)
---------------------------------------- open None (CO2 Laser to Jan) result=[(True, True)], time=0.11 sec
"signal" increment series count="2" fit count="1" regressing="True"
starting measurement
GetData ===>> H2,0.0624821618234914,H1,1831.98548866027,AX,434.571380896634,L1,5.54599162613391,L2,2.4183073195...
action=open, ok=True, locked=[False]
sleep (1,) {}
SLEEP 1.0
close () {'description': 'CO2 Laser to Roughing'}
closing name=--- desc=CO2 Laser to Roughing
checking ownership. requestor=129.138.12.150
check software interlocks G
interlocks []
actuate state mode=None-script, software_lock=True
VALVE-G(CO2 Laser to Roughing) software locked
change switch state (True, False)
---------------------------------------- close None (CO2 Laser to Roughing) result=[(True, False)]
action=close, ok=True, locked=[True]
open () {'description': 'Microbone to Turbo'}
opening name=--- desc=Microbone to Turbo
checking ownership. requestor=129.138.12.150
check software interlocks U
interlocks []
actuate state mode=None-script, software_lock=False
doing actuation None-script open_channel True
GetData ===>> H2,0.12509792239594,H1,1831.78943380752,AX,434.888852676849,L1,5.57561727825278,L2,2.466163928381...
Open U ===>> OK
GetIndicatorState U ===>> OK
change switch state (True, True)
update switch state U True args=() kw={} ncanvase=2
00:27:29 -- OPEN   VALVE-U (Microbone to Turbo)
---------------------------------------- open None (Microbone to Turbo) result=[(True, True)], time=0.18 sec
action=open, ok=True, locked=[False]
open () {'description': 'Microbone to Getter NP-10'}
opening name=--- desc=Microbone to Getter NP-10
checking ownership. requestor=129.138.12.150
check software interlocks M
interlocks []
actuate state mode=None-script, software_lock=False
doing actuation None-script open_channel False
Open M ===>> OK
GetIndicatorState M ===>> OK
change switch state (True, True)
update switch state M True args=() kw={} ncanvase=2
00:27:29 -- OPEN   VALVE-M (Microbone to Getter NP-10)
---------------------------------------- open None (Microbone to Getter NP-10) result=[(True, True)], time=0.15 sec
action=open, ok=True, locked=[False]
open () {'description': 'Microbone to Getter D-50'}
opening name=--- desc=Microbone to Getter D-50
checking ownership. requestor=129.138.12.150
check software interlocks K
interlocks []
actuate state mode=None-script, software_lock=False
doing actuation None-script open_channel False
GetData ===>> H2,0.0345845389001529,H1,1831.27961335179,AX,434.62354742465,L1,5.57804826971302,L2,2.44683813199...
Open K ===>> OK
GetIndicatorState K ===>> OK
change switch state (True, True)
update switch state K True args=() kw={} ncanvase=2
00:27:30 -- OPEN   VALVE-K (Microbone to Getter D-50)
---------------------------------------- open None (Microbone to Getter D-50) result=[(True, True)], time=0.42 sec
action=open, ok=True, locked=[False]
open () {'description': 'Microbone to CO2 Laser'}
opening name=--- desc=Microbone to CO2 Laser
checking ownership. requestor=129.138.12.150
check software interlocks T
interlocks []
actuate state mode=None-script, software_lock=False
doing actuation None-script open_channel False
Open T ===>> OK
GetIndicatorState T ===>> OK
change switch state (True, True)
update switch state T True args=() kw={} ncanvase=2
00:27:31 -- OPEN   VALVE-T (Microbone to CO2 Laser)
---------------------------------------- open None (Microbone to CO2 Laser) result=[(True, True)], time=0.41 sec
GetData ===>> H2,-0.145607647739513,H1,1829.89754550521,AX,434.384319976728,L1,5.53547073653892,L2,2.4740918207...
action=open, ok=True, locked=[False]
open () {'description': 'Microbone to Inlet Pipette'}
opening name=--- desc=Microbone to Inlet Pipette
checking ownership. requestor=129.138.12.150
check software interlocks S
interlocks []
actuate state mode=None-script, software_lock=False
doing actuation None-script open_channel False
Open S ===>> OK
GetIndicatorState S ===>> OK
change switch state (True, True)
update switch state S True args=() kw={} ncanvase=2
00:27:31 -- OPEN   VALVE-S (Microbone to Inlet Pipette)
---------------------------------------- open None (Microbone to Inlet Pipette) result=[(True, True)], time=0.42 sec
action=open, ok=True, locked=[False]
sleep (1,) {}
SLEEP 1.0
GetData ===>> H2,-0.138864324404553,H1,1829.64560106647,AX,434.08574219095,L1,5.54475657764098,L2,2.39652518188...
set_resource () {'name': 'CO2PumpTimeFlag', 'value': 30}
Set CO2PumpTimeFlag 30 ===>> OK
release ('JanCO2Flag',) {}
release JanCO2Flag
Set JanCO2Flag 0 ===>> OK
executed snippet estimated_duration=6.0, duration=5.93791508675
PumpMicrobone.py completed successfully
gosub finished
get_resource_value () {'name': 'JanMiniboneFlag'}
Read JanMiniboneFlag ===>> 0
Get Resource Value JanMiniboneFlag=0.0
get resource value 0.0
get_resource_value () {'name': 'JanMiniboneFlag'}
Read JanMiniboneFlag ===>> 0
Get Resource Value JanMiniboneFlag=0.0
executed snippet estimated_duration=4.0, duration=5.95251393318
jan_pump_extraction_line.py completed successfully
Post Equilibration Finished
00:27:33 -- ******* Post Equilibration Finished *******
GetData ===>> H2,-0.145646825678106,H1,1828.70614318421,AX,434.226343933141,L1,5.54837635565949,L2,2.4836361558...
GetData ===>> H2,-0.0206984491644079,H1,1827.7252148937,AX,434.058274221164,L1,5.56158816752692,L2,2.4310071695...
GetData ===>> H2,-0.110161887442743,H1,1826.73936006728,AX,433.8901579511,L1,5.57485299720215,L2,2.490411242384...
GetData ===>> H2,-0.163789323519636,H1,1826.19921375711,AX,433.388847904221,L1,5.53652136709571,L2,2.4540598535...
GetData ===>> H2,-0.1339333506718,H1,1825.88225678442,AX,433.333049654409,L1,5.57681203703924,L2,2.458455915593...
GetData ===>> H2,-0.193282425575839,H1,1824.623567327,AX,433.357641731739,L1,5.53988488060611,L2,2.373074747993...
GetData ===>> H2,0.0140480974839895,H1,1823.76846799407,AX,432.850852927705,L1,5.53163996669737,L2,2.4060015989...
GetData ===>> H2,-0.0185415053690666,H1,1823.30375234633,AX,432.441383406711,L1,5.50443848080764,L2,2.529004797...
GetData ===>> H2,0.00549194307376404,H1,1821.82735801871,AX,432.446317376995,L1,5.52353833007326,L2,2.425649938...
GetData ===>> H2,-0.114042872628175,H1,1821.14181630618,AX,432.585433489787,L1,5.52974448714624,L2,2.4984103785...
GetData ===>> H2,-0.0930743347743392,H1,1820.36878563106,AX,432.301545114022,L1,5.53052161520525,L2,2.558684839...
GetData ===>> H2,-0.134275491798309,H1,1820.36986950824,AX,432.217834029541,L1,5.51886504731129,L2,2.3890693593...
GetData ===>> H2,-0.118382536138269,H1,1819.85307026168,AX,432.015563257055,L1,5.51377884213356,L2,2.3314272998...
GetData ===>> H2,-0.099811762742088,H1,1818.52227101487,AX,431.877230178319,L1,5.44968104813214,L2,2.5181397865...
GetData ===>> H2,-0.0734775717452981,H1,1818.2285550042,AX,431.831823024206,L1,5.45145005205331,L2,2.4345980654...
GetData ===>> H2,-0.0887629943671851,H1,1817.37269963596,AX,431.646327599683,L1,5.47953106628549,L2,2.480335348...
GetData ===>> H2,-0.126574253904106,H1,1817.07206960514,AX,431.688659986157,L1,5.50583963621529,L2,2.4350945663...
GetData ===>> H2,-0.0816956271028496,H1,1816.44088710076,AX,431.502555094934,L1,5.50170536963894,L2,2.528300440...
GetData ===>> H2,-0.00922855185266919,H1,1815.58942066974,AX,431.41187694013,L1,5.50955641920972,L2,2.379398419...
00:27:53 -- collecting point 25
GetData ===>> H2,-0.100687673498173,H1,1814.64623541888,AX,430.825914093285,L1,5.49131035976401,L2,2.4294369160...
GetData ===>> H2,-0.189391855465591,H1,1813.86351797986,AX,430.956661185995,L1,5.46965239994059,L2,2.4249456697...
GetData ===>> H2,-0.240087908788282,H1,1812.90437012798,AX,430.911096684863,L1,5.48309806420631,L2,2.4338359992...
GetData ===>> H2,-0.118475887662084,H1,1811.9460670233,AX,430.273933799934,L1,5.4777639615693,L2,2.458028992689...
GetData ===>> H2,-0.104254247953564,H1,1811.54435393388,AX,430.390110869677,L1,5.51895981075268,L2,2.4280167822...
GetData ===>> H2,-0.119279490775549,H1,1810.85230018637,AX,430.123646811547,L1,5.50102867469135,L2,2.3791560818...
GetData ===>> H2,-0.0535056263750911,H1,1810.54771641124,AX,429.971109450869,L1,5.46407876442548,L2,2.360913225...
GetData ===>> H2,0.0590966948302205,H1,1810.17730215176,AX,429.808209191224,L1,5.45850907918179,L2,2.4140359260...
GetData ===>> H2,-0.098701546988335,H1,1808.81268857961,AX,429.50441319349,L1,5.45257868233777,L2,2.40268878745...
GetData ===>> H2,-0.0836571080035788,H1,1808.00308714257,AX,429.656311845128,L1,5.44447153252285,L2,2.387961422...
GetData ===>> H2,-0.17081162732624,H1,1807.92229586845,AX,429.529408330844,L1,5.46536782384882,L2,2.41903462964...
GetData ===>> H2,-0.144318753188042,H1,1806.83705087811,AX,429.070197320369,L1,5.4955055779284,L2,2.45694438620...
GetData ===>> H2,-0.0574451097621275,H1,1805.5197630796,AX,428.895997383829,L1,5.47383307431294,L2,2.4195310507...
GetData ===>> H2,-0.0544350006452347,H1,1804.20997851515,AX,428.578515448531,L1,5.42650307398394,L2,2.464525347...
GetData ===>> H2,-0.0701176265515357,H1,1804.49621210329,AX,428.784484394033,L1,5.40912737455631,L2,2.410838276...
GetData ===>> H2,-0.0643440600399366,H1,1803.57245066785,AX,428.564778232479,L1,5.42446352153198,L2,2.359621009...
GetData ===>> H2,-0.0651126110439066,H1,1802.51771521205,AX,428.65807615438,L1,5.4032506703637,L2,2.41124230570...
GetData ===>> H2,-0.0593628083748029,H1,1801.70169694237,AX,428.072598889938,L1,5.40703878769649,L2,2.432219515...
GetData ===>> H2,-0.0336817360855052,H1,1800.94390588787,AX,427.992431118376,L1,5.44252975079476,L2,2.520876130...
GetData ===>> H2,-0.0404175689926344,H1,1800.68996785936,AX,428.014328386661,L1,5.42399290179164,L2,2.324310954...
GetData ===>> H2,-0.0784017997935218,H1,1799.75208011061,AX,427.538642220906,L1,5.410127642395,L2,2.45561749053...
GetData ===>> H2,-0.0591743077646309,H1,1799.13867148303,AX,427.419633311114,L1,5.41978094136841,L2,2.342050888...
GetData ===>> H2,-0.137611165149318,H1,1798.42057225987,AX,427.369211963033,L1,5.40199075016055,L2,2.4309609852...
GetData ===>> H2,-0.045230173205068,H1,1797.74102402345,AX,427.296708529903,L1,5.37925373525098,L2,2.3851108509...
GetData ===>> H2,-0.0174397853602934,H1,1796.94749412741,AX,426.875725057996,L1,5.38584478750492,L2,2.380852461...
00:28:19 -- collecting point 50
GetData ===>> H2,-0.0272109365688514,H1,1795.96159448795,AX,426.560033845251,L1,5.34944682055821,L2,2.415490487...
GetData ===>> H2,-0.0194896329333319,H1,1795.26976107835,AX,426.868130764579,L1,5.39262792573628,L2,2.410618946...
GetData ===>> H2,-0.142959445729653,H1,1794.88559967456,AX,426.610346997074,L1,5.42616947294377,L2,2.3340571350...
GetData ===>> H2,-0.20026187611395,H1,1793.6727369576,AX,426.435045715195,L1,5.4203579862071,L2,2.3708938692982...
GetData ===>> H2,-0.18322837531767,H1,1792.83831240673,AX,426.350563587678,L1,5.42900612111651,L2,2.52606038624...
GetData ===>> H2,-0.0863414043077432,H1,1793.05707033432,AX,426.26958252436,L1,5.41366498617699,L2,2.5012616011...
GetData ===>> H2,-0.0908484131527125,H1,1792.26187324101,AX,426.290899074232,L1,5.42739119590289,L2,2.409776264...
GetData ===>> H2,-0.0356681483421267,H1,1791.75002053591,AX,425.852525774823,L1,5.43853280320673,L2,2.376490402...
GetData ===>> H2,-0.0696782383245178,H1,1790.48944513907,AX,425.701026545087,L1,5.39007032472949,L2,2.348937811...
GetData ===>> H2,-0.152598364512869,H1,1789.74668312718,AX,425.340403844546,L1,5.40463094300159,L2,2.3954864105...
GetData ===>> H2,-0.117194604794947,H1,1789.37829157814,AX,425.308405905741,L1,5.42781776009577,L2,2.3926009932...
GetData ===>> H2,-0.13175043673184,H1,1787.71596749444,AX,425.140214948367,L1,5.40067314050151,L2,2.30355313141...
GetData ===>> H2,-0.098493030955242,H1,1787.72390583753,AX,425.217462344484,L1,5.32315699929183,L2,2.3877536855...
GetData ===>> H2,-0.096421202770364,H1,1787.44599621404,AX,425.070668127641,L1,5.35374736874836,L2,2.4521214959...
GetData ===>> H2,-0.125741421999129,H1,1785.70890629934,AX,424.795461704398,L1,5.31258347499412,L2,2.3865188149...
GetData ===>> H2,-0.0473508475471228,H1,1785.48266722519,AX,424.580114630097,L1,5.33766814319267,L2,2.448720468...
GetData ===>> H2,-0.046105915655467,H1,1785.35165970322,AX,424.484962306478,L1,5.35812418168315,L2,2.3877421446...
GetData ===>> H2,0.0594990246437681,H1,1784.91462049768,AX,423.875018972183,L1,5.37893909194848,L2,2.3590902830...
GetData ===>> H2,-0.034074158022428,H1,1783.5173207586,AX,423.864475874627,L1,5.39391985355411,L2,2.39354740063...
GetData ===>> H2,-0.076162916052563,H1,1782.74579834512,AX,423.834359984746,L1,5.36462432650405,L2,2.3481302742...
GetData ===>> H2,-0.0439861364031016,H1,1782.55814799213,AX,423.598660768762,L1,5.29605366385533,L2,2.406855791...
GetData ===>> H2,-0.188458782592182,H1,1781.80978524353,AX,423.60761367367,L1,5.34520693775318,L2,2.34974535549...
GetData ===>> H2,-0.169698444542437,H1,1780.55274803218,AX,423.377630582507,L1,5.3892594850525,L2,2.36955536489...
GetData ===>> H2,-0.157908187372963,H1,1779.34947917086,AX,423.243457382724,L1,5.36496317227988,L2,2.3206088168...
GetData ===>> H2,-0.153561883493971,H1,1779.05024953416,AX,423.208735792769,L1,5.33975881602849,L2,2.3238496214...
00:28:46 -- collecting point 75
GetData ===>> H2,-0.150459278604593,H1,1778.32108338286,AX,423.033584982523,L1,5.3562287052688,L2,2.33073524978...
GetData ===>> H2,-0.136363275716311,H1,1777.84889751275,AX,422.884446254102,L1,5.37021263301927,L2,2.4290559025...
GetData ===>> H2,-0.057378649068027,H1,1777.25702802589,AX,422.598220297975,L1,5.36860899297191,L2,2.4391359474...
GetData ===>> H2,-0.0934739519662978,H1,1776.49494492906,AX,422.447813458628,L1,5.30097164020367,L2,2.352883304...
GetData ===>> H2,0.0168589188140976,H1,1775.37448570728,AX,422.280828255857,L1,5.27120087153474,L2,2.4276242286...
GetData ===>> H2,-0.0452967048398147,H1,1774.55660186758,AX,422.344544823,L1,5.29022597208783,L2,2.443189044686...
GetData ===>> H2,-0.159520908191221,H1,1773.99007766126,AX,422.119482754869,L1,5.27681834220111,L2,2.3347030704...
GetData ===>> H2,-0.133511407486304,H1,1773.19201188193,AX,421.921086676676,L1,5.27515359144625,L2,2.3573712101...
GetData ===>> H2,-0.0540849678545234,H1,1772.54011895472,AX,421.568603889311,L1,5.3095032367054,L2,2.3870958553...
GetData ===>> H2,0.029338669615096,H1,1772.18628210681,AX,421.494100914898,L1,5.34706550928995,L2,2.53679925928...
GetData ===>> H2,-0.102506969392424,H1,1771.72970744814,AX,421.568163224907,L1,5.33980434653953,L2,2.3286245277...
GetData ===>> H2,-0.168806470063364,H1,1771.64226787608,AX,421.498544576295,L1,5.37265876237704,L2,2.4250033965...
GetData ===>> H2,-0.0717556898929013,H1,1770.50793827758,AX,421.157315800975,L1,5.3481801748608,L2,2.3715977454...
GetData ===>> H2,-0.0714248418008653,H1,1769.65624524405,AX,421.375210868618,L1,5.31469351205194,L2,2.444967380...
GetData ===>> H2,-0.0315333599228061,H1,1768.42844104992,AX,421.13723820366,L1,5.31196463759016,L2,2.2866733835...
GetData ===>> H2,-0.109754354440194,H1,1768.12113960454,AX,420.669926580655,L1,5.33602055979262,L2,2.3244954887...
GetData ===>> H2,-0.126167309585504,H1,1767.71305650258,AX,420.896850323552,L1,5.33553164056016,L2,2.3761442160...
GetData ===>> H2,-0.154575314387554,H1,1766.64524898011,AX,420.853893884444,L1,5.34690302531188,L2,2.2301797090...
GetData ===>> H2,-0.156823456274238,H1,1766.52521037232,AX,420.396337194185,L1,5.31020839532295,L2,2.3142774510...
GetData ===>> H2,-0.163526054327876,H1,1764.77275854352,AX,420.056810716694,L1,5.31930470980379,L2,2.4383161107...
GetData ===>> H2,0.00063918627452833,H1,1764.38640381908,AX,419.904641112359,L1,5.2940693721964,L2,2.3276902884...
GetData ===>> H2,-0.109277752446005,H1,1763.72126720318,AX,419.963060347889,L1,5.27650779434979,L2,2.4584328386...
GetData ===>> H2,-0.0459524958738442,H1,1763.06225948237,AX,419.415805187226,L1,5.29617494458422,L2,2.304406420...
GetData ===>> H2,-0.122504154017087,H1,1762.79687941287,AX,419.352277938935,L1,5.31248943403789,L2,2.4034390658...
GetData ===>> H2,-0.11356374357022,H1,1762.2274955375,AX,419.514207854016,L1,5.32622601513057,L2,2.388480766228...
00:29:12 -- collecting point 100
GetData ===>> H2,-0.0812309449742182,H1,1760.78882413264,AX,419.196847487867,L1,5.35391601747521,L2,2.409926330...
GetData ===>> H2,0.0252819901931766,H1,1760.13495015748,AX,418.818115873557,L1,5.31240297764284,L2,2.4133086534...
GetData ===>> H2,-0.0389328242390598,H1,1759.50166760599,AX,418.893474615886,L1,5.32237279705894,L2,2.343758153...
GetData ===>> H2,0.0237182390443566,H1,1759.29190578957,AX,418.615286352974,L1,5.31325543301605,L2,2.3002784146...
GetData ===>> H2,0.00635284639254266,H1,1758.83135855647,AX,418.592920693574,L1,5.31783722104133,L2,2.314058340...
GetData ===>> H2,0.0107508582787602,H1,1757.73029355246,AX,418.273104780081,L1,5.35377775574155,L2,2.2840909495...
GetData ===>> H2,-0.0444392509061736,H1,1757.16874988937,AX,418.330495330475,L1,5.30691040878802,L2,2.344277260...
GetData ===>> H2,-0.228834070202704,H1,1756.57162957679,AX,417.939070148087,L1,5.3183797272369,L2,2.30130463441...
GetData ===>> H2,-0.139095474580869,H1,1755.7386902387,AX,417.971602328307,L1,5.29109124200049,L2,2.31905188522...
GetData ===>> H2,-0.194800005383252,H1,1754.46906637625,AX,417.831376464346,L1,5.2867594215683,L2,2.38057549940...
GetData ===>> H2,-0.0496882909351961,H1,1753.37563895183,AX,417.937500220048,L1,5.32703928418224,L2,2.302930465...
GetData ===>> H2,-0.0525137578928743,H1,1752.90846916422,AX,417.597916714813,L1,5.32814092173395,L2,2.285105468...
GetData ===>> H2,-0.0312970409823755,H1,1751.97402498577,AX,416.918057004547,L1,5.29376773846557,L2,2.261416138...
GetData ===>> H2,-0.023123366969074,H1,1751.37864821898,AX,417.085451369514,L1,5.30843116718082,L2,2.4377503120...
GetData ===>> H2,-0.229120803501993,H1,1751.08207848446,AX,417.094567368851,L1,5.251649650234,L2,2.465079230821...
GetData ===>> H2,-0.0832778425022654,H1,1750.69005246212,AX,417.154113593439,L1,5.25448998730606,L2,2.385745586...
GetData ===>> H2,-0.106520843321183,H1,1749.38033278351,AX,416.899509865015,L1,5.26737199490146,L2,2.3304930334...
GetData ===>> H2,-0.221729376659522,H1,1749.71552618927,AX,416.520051027748,L1,5.27643659664347,L2,2.2511143845...
GetData ===>> H2,-0.240249442697144,H1,1748.79468604997,AX,416.336189202423,L1,5.29734081458355,L2,2.2370190249...
GetData ===>> H2,-0.15392267527785,H1,1747.55830235374,AX,416.402189022334,L1,5.28717147947431,L2,2.36940536124...
GetData ===>> H2,-0.0936825601053332,H1,1747.42619647349,AX,415.98112956016,L1,5.32462542273002,L2,2.4293099113...
measurement finished
estimated time: 125.829 actual time: :126.252
flush and close file /Users/jan/PychronDev/data/isotopes/d6/508c2f-6814-452b-82ed-d831a5394d57.h5
baselines () {'settling_time': 15.0, 'detector': 'H1', 'mass': 34.2, 'ncounts': 60}
%%%%%%%%%%%%%%%%%%%%%%%%%%%%%%%% Baseline
build tables- baseline [Detector(H2), Detector(H1), Detector(AX), Detector(L1), Detector(L2), Detector(CDD)]
add group baseline table H2
add group baseline table H1
add group baseline table AX
add group baseline table L1
add group baseline table L2
add group baseline table CDD
flush and close file /Users/jan/PychronDev/data/isotopes/d6/508c2f-6814-452b-82ed-d831a5394d57.h5
detector Detector(H1)
POSITION 34.2 H1
Mapping mass to dac mass func: "parabolic"
H1 map mass coeffs = [-0.00063987  0.15840543  0.57126999]
H1 map mass to dac 34.2 >> 5.24031599104
GetDeflection H1 ===>> 0
GetHighVoltage ===>> 4500
positioning 34.2 (5.24031599104) on H1
setting magnet DAC
current  : 5.879660
requested: 5.240316
Delta Dac: 0.639344
Checking detector protection. dv=0.63934
Checking detector "CDD". Protection Threshold: 0.1 (V)
ProtectDetector CDD,On ===>> OK
GetDeflection CDD ===>> 2000
Protected = 2000
SetMagnetDAC 5.24031599104 ===>> OK
Magnet settling time: 0.500
GetMagnetMoving ===>> True
GetMagnetMoving ===>> True
GetMagnetMoving ===>> True
GetMagnetMoving ===>> True
GetMagnetMoving ===>> True
GetMagnetMoving ===>> True
GetMagnetMoving ===>> True
GetMagnetMoving ===>> True
GetMagnetMoving ===>> False
ProtectDetector CDD,Off ===>> OK
GetDeflection CDD ===>> 50
Delaying 15.0s for detectors to settle
Join finished
measuring baseline. ncounts=60
"baseline" increment series count="2" fit count="1" regressing="True"
starting measurement
GetData ===>> H2,-0.120732325760311,H1,-0.0800948234817021,AX,-0.102392204900048,L1,-0.0714588050452379,L2,-0.0...
GetData ===>> H2,-0.0204797851602111,H1,-0.048921677130198,AX,-0.12965631449609,L1,-0.0658446979480867,L2,-0.02...
GetData ===>> H2,-0.151858194074652,H1,-0.167165725784923,AX,-0.0656610601442254,L1,-0.0611535066376016,L2,0.03...
GetData ===>> H2,-0.097948704838643,H1,-0.0487547584320456,AX,-0.120781544331153,L1,-0.0869157292533438,L2,-0.0...
GetData ===>> H2,-0.169429914985568,H1,-0.0260035196069317,AX,-0.131579460821329,L1,-0.084520454206969,L2,-0.01...
GetData ===>> H2,-0.243050342477587,H1,-0.0241789038038174,AX,-0.0918923842359428,L1,-0.0815939777495694,L2,0.0...
GetData ===>> H2,-0.204709056404752,H1,-0.0206488337050502,AX,-0.0338447873807365,L1,-0.03197015775449,L2,-0.08...
GetData ===>> H2,-0.192287666935876,H1,-0.0903327555762388,AX,-0.146687258691445,L1,-0.0403894393171313,L2,-0.1...
GetData ===>> H2,-0.128560095066559,H1,-0.0342794638727771,AX,-0.186957610184311,L1,-0.0458422842254853,L2,-0.0...
GetData ===>> H2,-0.137574663290335,H1,0.0206121280417861,AX,-0.1413073425073,L1,-0.0658662230946353,L2,-0.0153...
GetData ===>> H2,-0.151397759294469,H1,-0.0999499749874787,AX,-0.0975944141971351,L1,-0.0755351670889485,L2,0.0...
GetData ===>> H2,-0.12365772254751,H1,0.0325438787868616,AX,-0.00874619062409491,L1,-0.0825177801949264,L2,-0.0...
GetData ===>> H2,-0.216312825697579,H1,0.0507544715367516,AX,-0.117734275944017,L1,-0.045315568425963,L2,-0.076...
GetData ===>> H2,-0.213151056189427,H1,0.0623675422384064,AX,-0.145446657865476,L1,-0.0252150347931695,L2,-0.03...
GetData ===>> H2,-0.160506796998906,H1,-0.0701419295937143,AX,-0.131185566477402,L1,-0.00333109017063312,L2,-0....
GetData ===>> H2,-0.194260923963476,H1,-0.00897247844056077,AX,-0.0920430519275652,L1,-0.0517467933930439,L2,-0...
GetData ===>> H2,-0.203993365808179,H1,-0.0444624677092385,AX,-0.0900959437830248,L1,-0.0338716507200118,L2,-0....
GetData ===>> H2,-0.29567760674177,H1,0.0205524728609021,AX,-0.0822723485965281,L1,-0.0402133759142332,L2,0.041...
GetData ===>> H2,-0.401156392817218,H1,0.0886056853212082,AX,-0.115868790778423,L1,-0.0436562331616466,L2,-0.13...
GetData ===>> H2,-0.306955426508575,H1,0.0836080682279362,AX,-0.112195650208566,L1,-0.0634981802068147,L2,-0.09...
GetData ===>> H2,-0.217629622645082,H1,0.038832483649265,AX,-0.0300989659651142,L1,-0.0583355851542387,L2,-0.04...
GetData ===>> H2,-0.29201182113082,H1,0.00932600066680958,AX,-0.0571050822342115,L1,-0.0685565029444635,L2,-0.0...
GetData ===>> H2,-0.145572522576049,H1,-0.0118111865517132,AX,-0.0705995342221922,L1,-0.0680268737447016,L2,-0....
GetData ===>> H2,-0.165173073826552,H1,-0.0191103520389422,AX,-0.167763460219192,L1,-0.0189302188806598,L2,-0.0...
00:30:18 -- collecting point 25
GetData ===>> H2,-0.13915089585291,H1,-0.00255527013515149,AX,-0.0511224068753698,L1,-0.0359977127452717,L2,0.0...
GetData ===>> H2,-0.177494810543942,H1,0.0430330621510545,AX,-0.0161813387137487,L1,-0.0123960168090107,L2,0.01...
GetData ===>> H2,-0.286706333729729,H1,0.0710812134997465,AX,-0.0234419492335062,L1,-0.0344902349746971,L2,0.00...
GetData ===>> H2,-0.309305037898366,H1,0.0393933461522391,AX,-0.0630410167404223,L1,0.00240060927801702,L2,-0.0...
GetData ===>> H2,-0.264791218751567,H1,0.0292744376402922,AX,-0.167207051549406,L1,-0.0199565795117343,L2,0.002...
GetData ===>> H2,-0.166132824781249,H1,-0.0590555051000362,AX,-0.0490121506886531,L1,0.0137995031972837,L2,-0.0...
GetData ===>> H2,-0.113121140292283,H1,0.0128333923544278,AX,0.0320470346558543,L1,0.0233478176988235,L2,-0.073...
GetData ===>> H2,-0.0687465164112233,H1,-0.00237634579274266,AX,-0.0852627748078749,L1,-0.0102549409649965,L2,0...
GetData ===>> H2,-0.171580671535898,H1,0.0330331109157591,AX,-0.0938858148165605,L1,-0.0293675949044392,L2,0.02...
GetData ===>> H2,-0.172510200892598,H1,0.0306466353385162,AX,-0.0783081535754742,L1,0.00491105505024702,L2,-0.0...
GetData ===>> H2,-0.215647688691746,H1,-0.0664346705670614,AX,-0.0988460345821025,L1,-0.012571023028144,L2,-0.1...
GetData ===>> H2,-0.0431327670401711,H1,0.0637879382909158,AX,-0.0362800738145885,L1,0.00566133130460072,L2,-0....
GetData ===>> H2,-0.13541543698311,H1,0.0496922948924673,AX,-0.0900379935387864,L1,0.00290841080684761,L2,-0.03...
GetData ===>> H2,-0.18139082015338,H1,0.0911821199623521,AX,0.0234600093993659,L1,-0.0103904200679409,L2,-0.046...
GetData ===>> H2,-0.237371027537433,H1,0.121245422532668,AX,-0.0227576656091288,L1,-0.0205680296468705,L2,-0.08...
GetData ===>> H2,-0.2969726284721,H1,0.074078697256197,AX,-0.116911612982206,L1,-0.0332610089320534,L2,-0.00477...
GetData ===>> H2,-0.159643811338371,H1,-0.0220799582104857,AX,-0.0586006936054304,L1,-0.0194014465171853,L2,-0....
GetData ===>> H2,-0.155346812365507,H1,-0.0103799152137317,AX,-0.0948013884305139,L1,0.00604522940881799,L2,0.0...
GetData ===>> H2,-0.230448028105047,H1,-0.0351022509019082,AX,-0.118452651995407,L1,-0.033153244766273,L2,0.018...
GetData ===>> H2,-0.219296379652139,H1,-0.00646766913179313,AX,0.013736697946462,L1,-0.0495428811596518,L2,0.01...
GetData ===>> H2,-0.199442077638628,H1,-0.0411238920893229,AX,-0.0623686048453241,L1,-0.0297616755382966,L2,0.0...
GetData ===>> H2,-0.146687017990261,H1,0.0387608844069522,AX,-0.0568963904479257,L1,0.0138871494320783,L2,-0.01...
GetData ===>> H2,-0.307323130784507,H1,0.00213265321813445,AX,-0.0175267962435351,L1,0.0342074683546676,L2,-0.0...
GetData ===>> H2,-0.238136400973307,H1,0.0143008069709129,AX,-0.054681911144543,L1,-0.00187087262148329,L2,0.02...
GetData ===>> H2,-0.166567453179835,H1,0.00339711797676685,AX,-0.0542413280999962,L1,0.0235689450721762,L2,0.02...
00:30:44 -- collecting point 50
GetData ===>> H2,-0.204547322377382,H1,-0.02770884940253,AX,-0.0201944587629354,L1,0.0493989153150625,L2,0.1483...
GetData ===>> H2,-0.253592237708949,H1,0.0507783408042918,AX,0.0278230519052277,L1,0.04811350567429,L2,0.142931...
GetData ===>> H2,-0.234100455878009,H1,-0.00249562872320903,AX,-0.0900148134314025,L1,-0.0186520283373399,L2,-0...
GetData ===>> H2,-0.123346689820856,H1,0.0137162245866797,AX,-0.130814840932008,L1,-0.00502021489305177,L2,-0.0...
GetData ===>> H2,0.0456738119206233,H1,0.043462676704409,AX,-0.0614990998161537,L1,0.0140828554200985,L2,-0.046...
GetData ===>> H2,-0.151735323279273,H1,0.0343456967314861,AX,-0.0289856290210672,L1,0.0218985920411904,L2,-0.04...
GetData ===>> H2,-0.235724424513399,H1,-0.0103083511095779,AX,-0.0198813021680013,L1,-0.00163928210047807,L2,0....
GetData ===>> H2,-0.24836758287889,H1,0.0159949221410162,AX,-0.0832691675458702,L1,0.017783974908365,L2,-0.0794...
GetData ===>> H2,-0.241062461622832,H1,-0.0251568066059303,AX,-0.12871789796838,L1,0.0175305453817722,L2,-0.112...
GetData ===>> H2,-0.112185796499989,H1,0.0369231880436029,AX,-0.0041177851127392,L1,0.0197756002753307,L2,0.024...
GetData ===>> H2,-0.155579197262882,H1,0.031469962985198,AX,-0.139846365617446,L1,0.0207355168406034,L2,0.04173...
measurement finished
estimated time: 62.915 actual time: :63.172
flush and close file /Users/jan/PychronDev/data/isotopes/d6/508c2f-6814-452b-82ed-d831a5394d57.h5
activate_detectors ('H1', 'AX', 'CDD') {'peak_center': True}
peak_center () {'detector': 'H1', 'integration_time': 0.262144, 'isotope': 'Ar40'}
peak center: mean=1750.09083172 threshold=3
peak center started
setup peak center. detector=['H1', 'AX', 'CDD'], isotope=Ar40
VersionedUnpickler [<apptools.sweet_pickle.versioned_unpickler.VersionedUnpickler object at 0x1e5672bf0>] using Updater [<apptools.sweet_pickle.updater.Updater object at 0x1373f1ad0>]
VersionedUnpickler [<apptools.sweet_pickle.versioned_unpickler.VersionedUnpickler object at 0x1e5672bf0>] using Updater [<apptools.sweet_pickle.updater.Updater object at 0x1373f1ad0>]
VersionedUnpickler [<apptools.sweet_pickle.versioned_unpickler.VersionedUnpickler object at 0x1e6ea4dd0>] using Updater [<apptools.sweet_pickle.updater.Updater object at 0x1373f1ad0>]
setting integration time = 0.524288
SetIntegrationTime 0.524288 ===>> OK
Mapping mass to dac mass func: "parabolic"
H1 map mass coeffs = [-0.00063987  0.15840543  0.57126999]
H1 map mass to dac 39.9624 >> 5.87966
GetDeflection H1 ===>> 0
GetHighVoltage ===>> 4500
do peak center. <pychron.spectrometer.jobs.peak_center.PeakCenter object at 0x1376ecfb0>
doing pc
starting peak center. center dac= 5.87966 step_width=0.001
width = 0.001
get scan parameters. half-width=0.015,window=0.015, i=0, scalar=1
Scan parameters center=5.87966 width=0.03000 (5.86466 - 5.89466)
GetData ===>> H2,-0.353070090261443,H1,0.0119386379010102,AX,-0.121604174567348,L1,0.0469220326341655,L2,0.0148...
Moving to starting dac 5.86466
setting magnet DAC
current  : 5.240316
requested: 5.864660
Delta Dac: 0.624344
Checking detector protection. dv=0.62434
Checking detector "CDD". Protection Threshold: 0.1 (V)
ProtectDetector CDD,On ===>> OK
GetDeflection CDD ===>> 2000
Protected = 2000
SetMagnetDAC 5.86466 ===>> OK
Magnet settling time: 0.500
GetMagnetMoving ===>> True
GetMagnetMoving ===>> True
GetMagnetMoving ===>> True
GetMagnetMoving ===>> True
GetMagnetMoving ===>> True
GetMagnetMoving ===>> True
GetMagnetMoving ===>> True
GetMagnetMoving ===>> True
GetMagnetMoving ===>> True
GetMagnetMoving ===>> False
ProtectDetector CDD,Off ===>> OK
GetDeflection CDD ===>> 50
Wait until signal near baseline. tol= 0.00895397842576. timeout= 10
GetData ===>> H2,91.9461013942152,H1,41.9436769994013,AX,1.7712397703962,L1,0.0583002128531144,L2,0.02951910294...
GetData ===>> H2,130.024179092553,H1,73.3446510210302,AX,11.9370933467282,L1,0.089602879543767,L2,-0.1389915691...
GetData ===>> H2,74.1915373592657,H1,34.9898809267844,AX,5.32300202449784,L1,0.082323905136855,L2,-0.0398682129...
GetData ===>> H2,31.9074000528941,H1,17.6163316711407,AX,2.17912654422,L1,0.07812081511513,L2,0.085689768716688...
GetData ===>> H2,11.078045491451,H1,9.30123825944944,AX,1.12141684577733,L1,0.0827602204232653,L2,0.05355565563...
GetData ===>> H2,3.25516896410212,H1,5.34573058827455,AX,0.529997976155848,L1,0.0398218271190828,L2,0.057429409...
GetData ===>> H2,1.08501567843849,H1,3.37652794084276,AX,0.430048762108387,L1,0.0472873998993794,L2,-0.13587012...
GetData ===>> H2,0.648480947889137,H1,2.43137503551465,AX,0.441007284732544,L1,0.047729411490845,L2,-0.10504232...
GetData ===>> H2,0.641106909109617,H1,1.91676795743729,AX,0.418629187639242,L1,0.0241407087186771,L2,-0.0452859...
GetData ===>> H2,0.68172765395656,H1,1.74755555343868,AX,0.155735266457617,L1,0.0289085534525451,L2,-0.06256130...
GetData ===>> H2,0.68172765395656,H1,1.74755555343868,AX,0.155735266457617,L1,0.0289085534525451,L2,-0.06256130...
GetData ===>> H2,0.60075393931541,H1,1.66607090783792,AX,0.0817494043919817,L1,0.0358133127638233,L2,-0.0148244...
GetData ===>> H2,0.552931756677597,H1,1.55630965207527,AX,0.0625375770435309,L1,0.0264006502948043,L2,0.0871258...
GetData ===>> H2,0.522245020572227,H1,1.48287488644321,AX,0.222117625590906,L1,0.0144390447615936,L2,0.08678388...
GetData ===>> H2,0.501532809461127,H1,1.47141379190392,AX,0.233328897332714,L1,-0.00467113635291334,L2,-0.15038...
GetData ===>> H2,0.416725935236895,H1,1.55034634127273,AX,0.295466897017408,L1,0.00946702241799973,L2,-0.052455...
GetData ===>> H2,0.366602733694727,H1,1.49907160996208,AX,0.198213837783472,L1,0.0396558762093939,L2,-0.0312402...
GetData ===>> H2,0.324113721163772,H1,1.4616836963653,AX,0.242127050989303,L1,0.0504924225253288,L2,-0.04555906...
GetData ===>> H2,0.196829322165614,H1,1.44176995923571,AX,0.234396704767498,L1,0.0224863011564215,L2,0.04961370...
GetData ===>> H2,0.161237011120147,H1,1.50827654528822,AX,0.0924345818163182,L1,0.0109298326251832,L2,0.0627389...
GetData ===>> H2,0.198136330079587,H1,1.49090083081924,AX,0.063070544052952,L1,0.0207889546758743,L2,-0.0488368...
Peak center failed to move to a baseline position
_do_sweep sm= 5.86466, em= 5.89466, stm= 0.001
calculated step values: start=5.86466, end=5.89466, width=0.001, nsteps=31.0
setting magnet DAC
current  : 5.864660
requested: 5.864660
Delta Dac: 0.000000
Checking detector protection. dv=0.00000
Checking detector "CDD". Protection Threshold: 0.1 (V)
SetMagnetDAC 5.86466 ===>> OK
GetData ===>> H2,0.198136330079587,H1,1.49090083081924,AX,0.063070544052952,L1,0.0207889546758743,L2,-0.0488368...
setting magnet DAC
current  : 5.864660
requested: 5.865694
Delta Dac: 0.001034
Checking detector protection. dv=0.00103
Checking detector "CDD". Protection Threshold: 0.1 (V)
SetMagnetDAC 5.86569448276 ===>> OK
Magnet settling time: 1.049
GetData ===>> H2,0.0546324653268531,H1,2.78739945244817,AX,0.473588297830207,L1,-0.0124415666658559,L2,-0.03670...
setting magnet DAC
current  : 5.865694
requested: 5.866729
Delta Dac: 0.001034
Checking detector protection. dv=0.00103
Checking detector "CDD". Protection Threshold: 0.1 (V)
SetMagnetDAC 5.86672896552 ===>> OK
Magnet settling time: 1.049
GetData ===>> H2,-0.0196265249281059,H1,8.5062249226129,AX,1.61164267784745,L1,-0.0178413595169655,L2,-0.017146...
setting magnet DAC
current  : 5.866729
requested: 5.867763
Delta Dac: 0.001034
Checking detector protection. dv=0.00103
Checking detector "CDD". Protection Threshold: 0.1 (V)
SetMagnetDAC 5.86776344828 ===>> OK
Magnet settling time: 1.049
GetData ===>> H2,0.0398096545101289,H1,30.5243839921134,AX,5.12539604292527,L1,0.00727080791141138,L2,-0.044352...
setting magnet DAC
current  : 5.867763
requested: 5.868798
Delta Dac: 0.001034
Checking detector protection. dv=0.00103
Checking detector "CDD". Protection Threshold: 0.1 (V)
SetMagnetDAC 5.86879793103 ===>> OK
Magnet settling time: 1.049
GetData ===>> H2,-0.00167564992540041,H1,100.388684628875,AX,15.7440861830038,L1,0.0897569647501932,L2,0.081655...
setting magnet DAC
current  : 5.868798
requested: 5.869832
Delta Dac: 0.001034
Checking detector protection. dv=0.00103
Checking detector "CDD". Protection Threshold: 0.1 (V)
SetMagnetDAC 5.86983241379 ===>> OK
Magnet settling time: 1.049
GetData ===>> H2,0.131751109336535,H1,416.208931635729,AX,68.8551248626319,L1,0.411039686884398,L2,0.0585915658...
setting magnet DAC
current  : 5.869832
requested: 5.870867
Delta Dac: 0.001034
Checking detector protection. dv=0.00103
Checking detector "CDD". Protection Threshold: 0.1 (V)
SetMagnetDAC 5.87086689655 ===>> OK
Magnet settling time: 1.049
GetData ===>> H2,0.00884888093179137,H1,842.798171654713,AX,156.915256834177,L1,1.04369840085018,L2,0.259195128...
setting magnet DAC
current  : 5.870867
requested: 5.871901
Delta Dac: 0.001034
Checking detector protection. dv=0.00103
Checking detector "CDD". Protection Threshold: 0.1 (V)
SetMagnetDAC 5.87190137931 ===>> OK
Magnet settling time: 1.049
GetData ===>> H2,-0.0282543365277058,H1,1257.26100071233,AX,258.995650593627,L1,1.99539461181336,L2,0.529714363...
setting magnet DAC
current  : 5.871901
requested: 5.872936
Delta Dac: 0.001034
Checking detector protection. dv=0.00103
Checking detector "CDD". Protection Threshold: 0.1 (V)
SetMagnetDAC 5.87293586207 ===>> OK
Magnet settling time: 1.049
GetData ===>> H2,-0.122939629768575,H1,1511.72940007731,AX,335.833601553011,L1,2.99763467573728,L2,1.2445294532...
setting magnet DAC
current  : 5.872936
requested: 5.873970
Delta Dac: 0.001034
Checking detector protection. dv=0.00103
Checking detector "CDD". Protection Threshold: 0.1 (V)
SetMagnetDAC 5.87397034483 ===>> OK
Magnet settling time: 1.049
GetData ===>> H2,-0.172780006450511,H1,1621.18680009517,AX,376.467532227912,L1,3.77745864769042,L2,1.6369380638...
setting magnet DAC
current  : 5.873970
requested: 5.875005
Delta Dac: 0.001034
Checking detector protection. dv=0.00103
Checking detector "CDD". Protection Threshold: 0.1 (V)
SetMagnetDAC 5.87500482759 ===>> OK
Magnet settling time: 1.049
GetData ===>> H2,-0.0393589956392548,H1,1656.46329563218,AX,391.271113448585,L1,4.29058164354764,L2,1.967087615...
setting magnet DAC
current  : 5.875005
requested: 5.876039
Delta Dac: 0.001034
Checking detector protection. dv=0.00103
Checking detector "CDD". Protection Threshold: 0.1 (V)
SetMagnetDAC 5.87603931034 ===>> OK
Magnet settling time: 1.049
GetData ===>> H2,-0.147690981334503,H1,1666.35771421053,AX,395.466262682833,L1,4.60747703134001,L2,2.3237342884...
setting magnet DAC
current  : 5.876039
requested: 5.877074
Delta Dac: 0.001034
Checking detector protection. dv=0.00103
Checking detector "CDD". Protection Threshold: 0.1 (V)
SetMagnetDAC 5.8770737931 ===>> OK
Magnet settling time: 1.049
GetData ===>> H2,-0.207231807821487,H1,1668.79712808566,AX,396.3007480091,L1,4.77076519250533,L2,2.317414250843...
setting magnet DAC
current  : 5.877074
requested: 5.878108
Delta Dac: 0.001034
Checking detector protection. dv=0.00103
Checking detector "CDD". Protection Threshold: 0.1 (V)
SetMagnetDAC 5.87810827586 ===>> OK
Magnet settling time: 1.049
GetData ===>> H2,-0.104347173413905,H1,1668.83745167233,AX,396.351807521926,L1,4.86086654430761,L2,2.1153216138...
setting magnet DAC
current  : 5.878108
requested: 5.879143
Delta Dac: 0.001034
Checking detector protection. dv=0.00103
Checking detector "CDD". Protection Threshold: 0.1 (V)
SetMagnetDAC 5.87914275862 ===>> OK
Magnet settling time: 1.049
GetData ===>> H2,-0.0309357623262646,H1,1667.6214522698,AX,396.409709118971,L1,4.95367466663575,L2,2.2322723754...
setting magnet DAC
current  : 5.879143
requested: 5.880177
Delta Dac: 0.001034
Checking detector protection. dv=0.00103
Checking detector "CDD". Protection Threshold: 0.1 (V)
SetMagnetDAC 5.88017724138 ===>> OK
Magnet settling time: 1.049
GetData ===>> H2,-0.0869575382997107,H1,1667.36201694123,AX,396.719218384455,L1,4.96703237785218,L2,2.333630358...
setting magnet DAC
current  : 5.880177
requested: 5.881212
Delta Dac: 0.001034
Checking detector protection. dv=0.00103
Checking detector "CDD". Protection Threshold: 0.1 (V)
SetMagnetDAC 5.88121172414 ===>> OK
Magnet settling time: 1.049
GetData ===>> H2,-0.220876171932301,H1,1667.2852171724,AX,396.299480436879,L1,5.05892919997063,L2,2.25004154511...
setting magnet DAC
current  : 5.881212
requested: 5.882246
Delta Dac: 0.001034
Checking detector protection. dv=0.00103
Checking detector "CDD". Protection Threshold: 0.1 (V)
SetMagnetDAC 5.8822462069 ===>> OK
Magnet settling time: 1.049
GetData ===>> H2,-0.139885856809643,H1,1666.20299385459,AX,395.870243573426,L1,5.0560910020569,L2,2.28266141746...
setting magnet DAC
current  : 5.882246
requested: 5.883281
Delta Dac: 0.001034
Checking detector protection. dv=0.00103
Checking detector "CDD". Protection Threshold: 0.1 (V)
SetMagnetDAC 5.88328068966 ===>> OK
Magnet settling time: 1.049
GetData ===>> H2,-0.125352025077982,H1,1663.79035107512,AX,394.581275262781,L1,5.05040451701997,L2,2.1588334418...
setting magnet DAC
current  : 5.883281
requested: 5.884315
Delta Dac: 0.001034
Checking detector protection. dv=0.00103
Checking detector "CDD". Protection Threshold: 0.1 (V)
SetMagnetDAC 5.88431517241 ===>> OK
Magnet settling time: 1.049
GetData ===>> H2,-0.028754265163806,H1,1655.95026196284,AX,390.83347657339,L1,5.00329536385486,L2,2.00156225977...
setting magnet DAC
current  : 5.884315
requested: 5.885350
Delta Dac: 0.001034
Checking detector protection. dv=0.00103
Checking detector "CDD". Protection Threshold: 0.1 (V)
SetMagnetDAC 5.88534965517 ===>> OK
Magnet settling time: 1.049
GetData ===>> H2,-0.185680000457087,H1,1605.1386798008,AX,368.39977854907,L1,4.74823486096292,L2,1.923372940168...
setting magnet DAC
current  : 5.885350
requested: 5.886384
Delta Dac: 0.001034
Checking detector protection. dv=0.00103
Checking detector "CDD". Protection Threshold: 0.1 (V)
SetMagnetDAC 5.88638413793 ===>> OK
Magnet settling time: 1.049
GetData ===>> H2,-0.244134982962749,H1,1464.15195475663,AX,314.373600107308,L1,4.08798640755955,L2,1.3682169544...
setting magnet DAC
current  : 5.886384
requested: 5.887419
Delta Dac: 0.001034
Checking detector protection. dv=0.00103
Checking detector "CDD". Protection Threshold: 0.1 (V)
SetMagnetDAC 5.88741862069 ===>> OK
Magnet settling time: 1.049
GetData ===>> H2,-0.277629421516599,H1,1152.57816876523,AX,219.612992629443,L1,3.1764071677676,L2,0.91133026740...
setting magnet DAC
current  : 5.887419
requested: 5.888453
Delta Dac: 0.001034
Checking detector protection. dv=0.00103
Checking detector "CDD". Protection Threshold: 0.1 (V)
SetMagnetDAC 5.88845310345 ===>> OK
Magnet settling time: 1.049
GetData ===>> H2,-0.287114640154743,H1,734.01305062267,AX,120.581078943519,L1,2.23748734073901,L2,0.40961101012...
setting magnet DAC
current  : 5.888453
requested: 5.889488
Delta Dac: 0.001034
Checking detector protection. dv=0.00103
Checking detector "CDD". Protection Threshold: 0.1 (V)
SetMagnetDAC 5.88948758621 ===>> OK
Magnet settling time: 1.049
GetData ===>> H2,-0.17477906539848,H1,363.432118974808,AX,50.5925948249332,L1,1.41703676072406,L2,0.15405052494...
setting magnet DAC
current  : 5.889488
requested: 5.890522
Delta Dac: 0.001034
Checking detector protection. dv=0.00103
Checking detector "CDD". Protection Threshold: 0.1 (V)
SetMagnetDAC 5.89052206897 ===>> OK
Magnet settling time: 1.049
GetData ===>> H2,-0.132610458123443,H1,140.93708231552,AX,16.2675338319885,L1,0.846008108051799,L2,0.0006604358...
setting magnet DAC
current  : 5.890522
requested: 5.891557
Delta Dac: 0.001034
Checking detector protection. dv=0.00103
Checking detector "CDD". Protection Threshold: 0.1 (V)
SetMagnetDAC 5.89155655172 ===>> OK
Magnet settling time: 1.049
GetData ===>> H2,-0.0683287764304542,H1,43.182966096591,AX,3.83858653584352,L1,0.526834581663261,L2,0.098113293...
setting magnet DAC
current  : 5.891557
requested: 5.892591
Delta Dac: 0.001034
Checking detector protection. dv=0.00103
Checking detector "CDD". Protection Threshold: 0.1 (V)
SetMagnetDAC 5.89259103448 ===>> OK
Magnet settling time: 1.049
GetData ===>> H2,-0.219010672466233,H1,5.32429966176908,AX,-0.0816232516975827,L1,0.27154941868016,L2,-0.036499...
setting magnet DAC
current  : 5.892591
requested: 5.893626
Delta Dac: 0.001034
Checking detector protection. dv=0.00103
Checking detector "CDD". Protection Threshold: 0.1 (V)
SetMagnetDAC 5.89362551724 ===>> OK
Magnet settling time: 1.049
GetData ===>> H2,-0.197528533937523,H1,1.05002277998751,AX,-0.289206010991848,L1,0.181089636535406,L2,0.1329305...
setting magnet DAC
current  : 5.893626
requested: 5.894660
Delta Dac: 0.001034
Checking detector protection. dv=0.00103
Checking detector "CDD". Protection Threshold: 0.1 (V)
SetMagnetDAC 5.89466 ===>> OK
Magnet settling time: 1.049
GetData ===>> H2,-0.209721664426558,H1,-0.015114959744955,AX,-0.120908994541439,L1,0.14411588898507,L2,0.048975...
result of _do_sweep=True
result of _calculate_peak_center=([5.8718443687374755, 5.8795096993987981, 5.8871750300601207], [1234.4198628383142, 1668.8358354965114, 1225.9447416190401], 5.8780668136272549, 1668.8358354965114)
Failed to find a valid peak. No peak greater than 1.0. max = 0.0451639270693
new center pos Detector(H1) (Ar40) @ 5.8795096994
GetHighVoltage ===>> 4500
GetDeflection H1 ===>> 0
dac uncorrected for HV and deflection 5.8795096994
update mftable H1 Ar40 5.8795096994 message=automated run peakcenter
get initial guess parabolic
get initial guess parabolic
get initial guess parabolic
get initial guess parabolic
get initial guess parabolic
get initial guess parabolic
dump mftable to /Users/jan/PychronDev/setupfiles/spectrometer/mftables/mftable.csv
add to repo msg=modified - automated run peakcenter
sweep finished
locally archiving mftable
setting magnet DAC
current  : 5.894660
requested: 5.879510
Delta Dac: 0.015150
Checking detector protection. dv=0.01515
Checking detector "CDD". Protection Threshold: 0.1 (V)
SetMagnetDAC 5.8795096994 ===>> OK
Magnet settling time: 0.500
setting integration time = 1.048576
SetIntegrationTime 1.048576 ===>> OK
Failed to find a valid peak. No peak greater than 1.0. max = 0.0451639270693
flush and close file /Users/jan/PychronDev/data/isotopes/d6/508c2f-6814-452b-82ed-d831a5394d57.h5
finished measure script
executed snippet estimated_duration=226.132928, duration=273.28798008
jan_unknown120_60.py completed successfully
Measurement Finished
00:31:42 -- ******* Measurement Finished *******
Post Measurement Started jan_pump_ms.py
00:31:42 -- ******* Post Measurement Started jan_pump_ms.py *******
testing...
no interpolation path defined
executed snippet estimated_duration=0, duration=2.69412994385e-05
Pumping spectrometer
open () {'name': 'O'}
opening name=O desc=---
checking ownership. requestor=129.138.12.150
check software interlocks O
interlocks []
actuate state mode=None-script, software_lock=False
doing actuation None-script open_channel True
Open O ===>> OK
GetIndicatorState O ===>> OK
change switch state (True, True)
update switch state O True args=() kw={} ncanvase=2
00:31:42 -- OPEN   VALVE-O (Jan Ion Pump)
---------------------------------------- open O () result=[(True, True)], time=0.09 sec
action=open, ok=True, locked=[False]
executed snippet estimated_duration=0, duration=0.348641872406
jan_pump_ms.py completed successfully
setting _ms_pumptime
Post Measurement Finished
00:31:43 -- ******* Post Measurement Finished *******
$$$$$$$$$$$$$$$$$$$$ state at run end measurement
state changed from measurement to success
post measurement save measured=True aborted=False
Set filtering
setting fod for Ar40= {'filter_outliers': True, 'std_devs': 2, 'iterations': 1}
setting fod for H1= {'filter_outliers': True, 'std_devs': 2, 'iterations': 1}
setting fod for PM41= {'filter_outliers': False, 'std_devs': 2, 'iterations': 1}
setting fod for H2= {'filter_outliers': True, 'std_devs': 2, 'iterations': 1}
setting fod for Ar36= {'filter_outliers': True, 'std_devs': 2, 'iterations': 1}
setting fod for CDD= {'filter_outliers': True, 'std_devs': 10, 'iterations': 1}
setting fod for Ar37= {'filter_outliers': True, 'std_devs': 2, 'iterations': 1}
setting fod for L2= {'filter_outliers': True, 'std_devs': 2, 'iterations': 1}
setting fod for Ar38= {'filter_outliers': True, 'std_devs': 2, 'iterations': 1}
setting fod for L1= {'filter_outliers': True, 'std_devs': 2, 'iterations': 1}
setting fod for Ar39= {'filter_outliers': True, 'std_devs': 2, 'iterations': 1}
setting fod for AX= {'filter_outliers': True, 'std_devs': 2, 'iterations': 1}
persistence save...
persistence save - db
post measurement save
8443758160 connecting to database sqlite:////Users/jan/PychronDev/.appdata/local_lab.db
connected to db sqlite:////Users/jan/PychronDev/.appdata/local_lab.db
create new session 8443758160
close session 8443758160
No database instance. Not saving post measurement to isotopedb database
$$$$$$$$$$$$$$$ auto_save_detector_ic=False
massspec enabled True
create new session 4985911824
MassSpec Database Version: 16.0
close session 4985911824
saving post measurement to secondary database
saving to massspec database 129.138.12.160/massspecdata
setting labnumber to 65556
setting aliquot to 14
setting step to 
setting uuid to d6508c2f-6814-452b-82ed-d831a5394d57
setting irradpos to 65556
setting extract_device to Fusions CO2
setting tray to 
setting position to 219
setting power_requested to 5.0
setting extract_value to 5.0
setting duration to 30.0
setting duration_at_request to 30.0
setting first_stage_delay to 30.0
setting cleanup to 30.0
setting comment to N:15without inclusions
setting irradiation to NM-289
setting level to N
setting irradiation_level to N
setting sample to Bw-2014-7 WO
setting material to Sanidine
setting project to Bustos Wells
setting mass_spectrometer to Jan
no attribute chron_dosages
no attribute production_ratios
no attribute interference_corrections
no attribute production_name
no attribute j
Reference Isotope=Ar40
Reference Detector=H1
%%%%%%%%%%%%%%%%%%%% Comment: N:15without inclusions %%%%%%%%%%%%%%%%%%%
adding isotope PM41 H2
add baseline dbdet= PM41. original det= H2
get baseline data PM41 H2
Get data baseline <pychron.processing.isotope.Baseline object at 0x1c69a9e10> len t=60
baseline PM41. v=-0.191141300196, e=0.0082037540997
get signal data PM41 H2
Get data signal PM41 0.12+/-0.07 len t=120
adding isotope Ar40 H1
add baseline dbdet= Ar40. original det= H1
get baseline data Ar40 H1
Get data baseline <pychron.processing.isotope.Baseline object at 0x1f52b5610> len t=60
baseline Ar40. v=0.00502781407654, e=0.00597496585325
get signal data Ar40 H1
Get data signal Ar40 1841.02+/-0.09 len t=120
adding isotope Ar39 AX
add baseline dbdet= Ar39. original det= AX
get baseline data Ar39 AX
Get data baseline <pychron.processing.isotope.Baseline object at 0x1d9d40a90> len t=60
baseline Ar39. v=-0.0782905744899, e=0.00616527699278
get signal data Ar39 AX
Get data signal Ar39 436.88+/-0.04 len t=120
adding isotope Ar38 L1
add baseline dbdet= Ar38. original det= L1
get baseline data Ar38 L1
Get data baseline <pychron.processing.isotope.Baseline object at 0x1d9d40c50> len t=60
baseline Ar38. v=-0.0250009643633, e=0.00436329666174
get signal data Ar38 L1
Get data signal Ar38 5.599+/-0.006 len t=120
adding isotope Ar37 L2
add baseline dbdet= Ar37. original det= L2
get baseline data Ar37 L2
Get data baseline <pychron.processing.isotope.Baseline object at 0x1d9d40e10> len t=60
baseline Ar37. v=-0.0298824038131, e=0.00647753130802
get signal data Ar37 L2
Get data signal Ar37 2.497+/-0.011 len t=120
adding isotope Ar36 CDD
add baseline dbdet= Ar36. original det= CDD
get baseline data Ar36 CDD
Get data baseline <pychron.processing.isotope.Baseline object at 0x1d9d40fd0> len t=60
baseline Ar36. v=0.000384568987598, e=2.74748817908e-05
get signal data Ar36 CDD
Get data signal Ar36 0.0350+/-0.0004 len t=120
65556-14 added analysis time 0.542115926743s
analysis added to mass spec database
mass spec save time= 0.567
persistence save - dvc
================= post measurement started
create new session 4991427888
close session 4991427888
---------------- Experiment Queue saving disabled
DVC saving peakcenter
Failed to find a valid peak. No peak greater than 1.0. max = 0.0451639270693
Smart pull ahead: 0 behind: 0
Up-to-date with origin
add to repo msg=modified - ad8224ebc6dbfeb9f5997218dfa5fe690569839d.json
add to repo msg=modified - 56-14.json
add to repo msg=modified - 56-14.dat.json
add to repo msg=modified - 56-14.blan.json
add to repo msg=modified - 56-14.inte.json
add to repo msg=modified - 56-14.icfa.json
add to repo msg=modified - 56-14.base.json
not at valid file /Users/jan/PychronDev/data/.dvc/repositories/Load1786/655/tags/56-14.tags.json
add to repo msg=modified - 56-14.peak.json
add to repo msg=modified - 56-14.extr.json
not at valid file /Users/jan/PychronDev/data/.dvc/repositories/Load1786/655/monitor/56-14.moni.json
commit message=<COLLECTION>
add to repo msg=modified - 56-14.inte.json
add to repo msg=modified - 56-14.base.json
commit message=<ISOEVO> default collection fits
add to repo msg=modified - 56-14.blan.json
commit message=<BLANKS> preceding bc-02-J-330
add to repo msg=modified - 56-14.icfa.json
commit message=<ICFactor> default
push repository <pychron.git_archive.repo_manager.GitRepoManager object at 0x1d6511fb0>
pushing to remote=origin, url=https://github.com
no changes to meta repo
create new session 4991427888
add association Load1786
get identifier "65556"
setting analysis irradiation position=<pychron.dvc.dvc_orm.IrradiationPositionTbl object at 0x1f6916dd0>
close session 4991427888
================= post measurement finished
00:31:57 -- ******* Post Run Check *******
loading queue conditionals post_run_actions
loading system conditionals post_run_actions
loading conditionals from /Users/jan/PychronDev/setupfiles/spectrometer/default_conditionals.yaml
loading queue conditionals post_run_terminations
loading system conditionals post_run_terminations
loading conditionals from /Users/jan/PychronDev/setupfiles/spectrometer/default_conditionals.yaml
Checking default post run terminations n=1
GetDeflection CDD ===>> 50
testing CDD==2000
evaluate ot="CDD.deflection==2000" t="CDD==2000", ctx="{'CDD': 50.0}"
00:31:57 -- ******* Post Run Check Passed *******
00:31:57 -- Automated run 65556-14 success duration: 366.529 s
----------------- finish -----------------
----------------- stop -----------------
retroactive repository identifiers disabled
finish run. runs completed=257
update duration runid=65556-14, duration=366.528748035, md5=301e91d8
loading script "jan_unknown120_60.py"
loading script "jan_pump_ms.py"
loading script "jan_co2.py"
loading script "jan_pump_extraction_line.py"
testing...
no interpolation path defined
executed snippet estimated_duration=213.652928, duration=0.000319957733154
script duration name:unknown120_60 seconds:214.0
loading script "jan_unknown120_60.py"
loading script "jan_pump_ms.py"
loading script "jan_co2.py"
loading script "jan_pump_extraction_line.py"
testing...
no interpolation path defined
executed snippet estimated_duration=0, duration=2.71797180176e-05
loading script "jan_unknown120_60.py"
loading script "jan_pump_ms.py"
loading script "jan_co2.py"
loading script "jan_pump_extraction_line.py"
testing...
no interpolation path defined
calculate duration
testing...
no interpolation path defined
executed snippet estimated_duration=0, duration=5.88893890381e-05
calculate duration
testing...
no interpolation path defined
executed snippet estimated_duration=0, duration=9.89437103271e-05
executed snippet estimated_duration=0.0, duration=0.00221395492554
script duration name:co2 seconds:0.0
loading script "jan_unknown120_60.py"
loading script "jan_pump_ms.py"
loading script "jan_co2.py"
loading script "jan_pump_extraction_line.py"
testing...
no interpolation path defined
calculate duration
testing...
no interpolation path defined
executed snippet estimated_duration=4.0, duration=0.00015115737915
executed snippet estimated_duration=4.0, duration=0.00114679336548
Script duration 214.0
Run total estimated duration= 215.000
loading script "jan_ic_peak_hop3.py"
loading script "jan_pump_ms.py"
loading script "jan_air_x1.py"
loading script "jan_pump_extraction_line.py"
testing...
no interpolation path defined
executed snippet estimated_duration=133.8, duration=0.00835180282593
script duration name:ic_peak_hop3 seconds:134.0
pump_ms in script context. using previous estimated duration
loading script "jan_ic_peak_hop3.py"
loading script "jan_pump_ms.py"
loading script "jan_air_x1.py"
loading script "jan_pump_extraction_line.py"
testing...
no interpolation path defined
calculate duration
testing...
no interpolation path defined
executed snippet estimated_duration=0, duration=4.41074371338e-05
calculate duration
testing...
no interpolation path defined
executed snippet estimated_duration=0, duration=0.000102043151855
calculate duration
testing...
no interpolation path defined
executed snippet estimated_duration=32.0, duration=0.000164985656738
calculate duration
testing...
no interpolation path defined
executed snippet estimated_duration=34.0, duration=0.000102043151855
calculate duration
testing...
no interpolation path defined
executed snippet estimated_duration=4.0, duration=0.000137805938721
calculate duration
testing...
no interpolation path defined
executed snippet estimated_duration=36.0, duration=8.20159912109e-05
executed snippet estimated_duration=106.0, duration=0.0188670158386
script duration name:air_x1 seconds:106.0
pump_extraction_line in script context. using previous estimated duration
Script duration 240.0
Run total estimated duration= 241.000
unknown120_60 in script context. using previous estimated duration
script duration name:unknown120_60 seconds:214.0
co2 in script context. using previous estimated duration
script duration name:co2 seconds:0.0
Script duration 214.0
Run total estimated duration= 215.000
nruns=3 before=5.0, run_dur=671.0, btw=60.0
write rem/ex queues
/Users/jan/PychronDev/experiments/rem/Load1786.rem.txt
/Users/jan/PychronDev/experiments/rem/Load1786.ex.txt
doing event level: 3
